
     Program PHONON    v.4.1a   starts ...
     Today is 10Jul2009 at 17:18:47 

     Parallel version (MPI)

     Number of processors in use:       1

     Ultrasoft (Vanderbilt) Pseudopotentials

     Planes per process (thick) : nr3 = 45 npp =  45 ncplane = 2025
     Planes per process (smooth): nr3s= 18 npps=  18 ncplanes=  324
 
     Proc/  planes cols     G    planes cols    G      columns  G
     Pool       (dense grid)       (smooth grid)      (wavefct grid)
       1     45   1159    25821   18    199     1837     73      411
 

                                                                                

     bravais-lattice index     =            2
     lattice parameter (a_0)   =       6.9000  a.u.
     unit-cell volume          =      82.1273 (a.u.)^3
     number of atoms/cell      =            1
     number of atomic types    =            1
     kinetic-energy cut-off    =      30.0000  Ry
     charge density cut-off    =     700.0000  Ry
     convergence threshold     =      1.0E-14
     beta                      =       0.7000
     number of iterations used =            4
     Exchange-correlation      =  SLA  PW   PBX  PBC (1434)


     celldm(1)=    6.90000  celldm(2)=    0.00000  celldm(3)=    0.00000
     celldm(4)=    0.00000  celldm(5)=    0.00000  celldm(6)=    0.00000

     crystal axes: (cart. coord. in units of a_0)
               a(1) = ( -0.5000  0.0000  0.5000 )  
               a(2) = (  0.0000  0.5000  0.5000 )  
               a(3) = ( -0.5000  0.5000  0.0000 )  

     reciprocal axes: (cart. coord. in units 2 pi/a_0)
               b(1) = ( -1.0000 -1.0000  1.0000 )  
               b(2) = (  1.0000  1.0000  1.0000 )  
               b(3) = ( -1.0000  1.0000 -1.0000 )  


     Atoms inside the unit cell: 

   Cartesian axes

     site n.  atom      mass           positions (a_0 units)
        1        Cu  63.5460   tau( 1) = (    0.00000    0.00000    0.00000  )

     Computing dynamical matrix for 
                    q = (   0.0000000   0.0000000   0.0000000 )
 
     49 Sym.Ops. (with q -> -q+G )


     G cutoff =  844.1828  (  25821 G-vectors)     FFT grid: ( 45, 45, 45)
     G cutoff =  144.7170  (   1837 G-vectors)  smooth grid: ( 18, 18, 18)
     number of k points=   10  gaussian broad. (Ry)=  0.0100     ngauss =   1
                       cart. coord. in units 2pi/a_0
        k(    1) = (  -0.1250000   0.1250000   0.1250000), wk =   0.0625000
        k(    2) = (  -0.3750000   0.3750000  -0.1250000), wk =   0.1875000
        k(    3) = (   0.3750000  -0.3750000   0.6250000), wk =   0.1875000
        k(    4) = (   0.1250000  -0.1250000   0.3750000), wk =   0.1875000
        k(    5) = (  -0.1250000   0.6250000   0.1250000), wk =   0.1875000
        k(    6) = (   0.6250000  -0.1250000   0.8750000), wk =   0.3750000
        k(    7) = (   0.3750000   0.1250000   0.6250000), wk =   0.3750000
        k(    8) = (  -0.1250000  -0.8750000   0.1250000), wk =   0.1875000
        k(    9) = (  -0.3750000   0.3750000   0.3750000), wk =   0.0625000
        k(   10) = (   0.3750000  -0.3750000   1.1250000), wk =   0.1875000

     PseudoPot. # 1 for Cu read from file Cu.pbe-paw_kj.UPF
     Pseudo is Projector augmented-wave + core cor, Zval = 11.0
     Generated using "atomic" code by A. Dal Corso (espresso distribution)
     Shape of augmentation charge: BESSEL
     Using radial grid of 1199 points,  6 beta functions with: 
                l(1) =   2
                l(2) =   2
                l(3) =   0
                l(4) =   0
                l(5) =   1
                l(6) =   1
     Q(r) pseudized with 0 coefficients 



     Atomic displacements:
     There are   1 irreducible representations

     Representation     1      3 modes -T_1u G_15  G_4- To be done
     PHONON       :     6.51s CPU time,    6.59s wall time


     Alpha used in Ewald sum =   2.8000


     Representation #  1 modes #   1  2  3

     Self-consistent Calculation
 
     Pert. #  1: Fermi energy shift (Ry) =     0.8616E-26     0.3135E-37
     Pert. #  2: Fermi energy shift (Ry) =     0.3662E-25    -0.7562E-36
     Pert. #  3: Fermi energy shift (Ry) =    -0.1723E-25     0.3135E-37

      iter #   1 total cpu time :    18.1 secs   av.it.:   5.4
      thresh= 0.100E-01 alpha_mix =  0.700 |ddv_scf|^2 =  0.939E-06
 
     Pert. #  1: Fermi energy shift (Ry) =     0.5170E-25    -0.4898E-39
     Pert. #  2: Fermi energy shift (Ry) =     0.5816E-25     0.6122E-40
     Pert. #  3: Fermi energy shift (Ry) =     0.2585E-25    -0.1469E-38

      iter #   2 total cpu time :    27.4 secs   av.it.:  10.1
      thresh= 0.969E-04 alpha_mix =  0.700 |ddv_scf|^2 =  0.295E-07
 
     Pert. #  1: Fermi energy shift (Ry) =     0.2585E-25     0.7653E-41
     Pert. #  2: Fermi energy shift (Ry) =    -0.4954E-25    -0.1234E-39
     Pert. #  3: Fermi energy shift (Ry) =     0.2585E-25     0.6888E-40

      iter #   3 total cpu time :    36.8 secs   av.it.:   9.9
      thresh= 0.172E-04 alpha_mix =  0.700 |ddv_scf|^2 =  0.249E-08
 
     Pert. #  1: Fermi energy shift (Ry) =    -0.1723E-25    -0.3061E-40
     Pert. #  2: Fermi energy shift (Ry) =     0.6678E-25     0.2296E-40
     Pert. #  3: Fermi energy shift (Ry) =     0.0000E+00     0.0000E+00

      iter #   4 total cpu time :    46.0 secs   av.it.:   7.9
      thresh= 0.499E-05 alpha_mix =  0.700 |ddv_scf|^2 =  0.442E-12
 
     Pert. #  1: Fermi energy shift (Ry) =     0.0000E+00     0.6122E-40
     Pert. #  2: Fermi energy shift (Ry) =     0.2585E-25    -0.3214E-39
     Pert. #  3: Fermi energy shift (Ry) =     0.0000E+00     0.1224E-39

      iter #   5 total cpu time :    55.2 secs   av.it.:   9.1
      thresh= 0.665E-07 alpha_mix =  0.700 |ddv_scf|^2 =  0.583E-14

     End of self-consistent calculation

     Convergence has been achieved 
 
     Number of q in the star =    1
     List of q in the star:
          1   0.000000000   0.000000000   0.000000000

     Diagonalizing the dynamical matrix

     q = (    0.000000000   0.000000000   0.000000000 ) 

 **************************************************************************
     omega( 1) =       0.410606 [THz] =      13.696423 [cm-1]
     omega( 2) =       0.410606 [THz] =      13.696423 [cm-1]
     omega( 3) =       0.410606 [THz] =      13.696423 [cm-1]
 **************************************************************************

     Mode symmetry, O_h (m-3m)  point group:

     omega(  1 -  3) =         13.7  [cm-1]   --> T_1u G_15  G_4- I  

 **************************************************************************
 
     PWSCF        :    52.28s CPU

     Called by init_run:

     Called by electrons:
     v_of_rho     :     0.14s CPU
     newd         :     0.14s CPU

     Called by c_bands:
     init_us_2    :     0.02s CPU (     100 calls,   0.000 s avg)

     Called by *egterg:
     s_psi        :     0.15s CPU (    3352 calls,   0.000 s avg)

     Called by h_psi:
     add_vuspsi   :     0.08s CPU (    1601 calls,   0.000 s avg)

     General routines
     calbec       :     0.21s CPU (    3762 calls,   0.000 s avg)
     cft3s        :     6.25s CPU (   19635 calls,   0.000 s avg)
     interpolate  :     0.01s CPU
     davcio       :     0.00s CPU (     657 calls,   0.000 s avg)
 
     Parallel routines
 
     PAW routines
     PAW_pot      :     0.38s CPU
 
     PHONON       :    55.58s CPU time,   56.56s wall time

     INITIALIZATION: 
     phq_setup    :     0.36s CPU
     phq_init     :     2.84s CPU
 
     phq_init     :     2.84s CPU
     set_drhoc    :     3.49s CPU (       3 calls,   1.164 s avg)
     init_vloc    :     0.01s CPU
     init_us_1    :     1.48s CPU
     newd         :     0.14s CPU
     dvanqq       :     0.75s CPU
     drho         :     0.43s CPU
 
     DYNAMICAL MATRIX:
     dynmat0      :     2.50s CPU
     phqscf       :    46.57s CPU
     dynmatrix    :     0.00s CPU
 
     phqscf       :    46.57s CPU
     solve_linter :    46.55s CPU
     drhodv       :     0.02s CPU
 
     dynmat0      :     2.50s CPU
     dynmat_us    :     0.02s CPU
     d2ionq       :     0.01s CPU
     dynmatcc     :     2.47s CPU
 
     dynmat_us    :     0.02s CPU
     addusdynmat  :     0.00s CPU
 
     phqscf       :    46.57s CPU
     solve_linter :    46.55s CPU
 
     solve_linter :    46.55s CPU
     dvqpsi_us    :     0.18s CPU (      30 calls,   0.006 s avg)
     ortho        :     0.03s CPU (     150 calls,   0.000 s avg)
     cgsolve      :     5.34s CPU (     150 calls,   0.036 s avg)
     incdrhoscf   :     0.41s CPU (     150 calls,   0.003 s avg)
     addusddens   :     1.30s CPU (       6 calls,   0.217 s avg)
     vpsifft      :     0.33s CPU (     120 calls,   0.003 s avg)
     dv_of_drho   :     1.67s CPU (      15 calls,   0.112 s avg)
     mix_pot      :     0.18s CPU (       5 calls,   0.035 s avg)
     ef_shift     :     0.19s CPU (       6 calls,   0.032 s avg)
     localdos     :     0.17s CPU
     psymdvscf    :     2.75s CPU (       5 calls,   0.551 s avg)
     newdq        :     2.10s CPU (       5 calls,   0.420 s avg)
     adddvscf     :     0.01s CPU (     120 calls,   0.000 s avg)
     drhodvus     :     0.01s CPU
 
     dvqpsi_us    :     0.18s CPU (      30 calls,   0.006 s avg)
     dvqpsi_us_on :     0.03s CPU (      30 calls,   0.001 s avg)
 
     cgsolve      :     5.34s CPU (     150 calls,   0.036 s avg)
     ch_psi       :     5.30s CPU (    1601 calls,   0.003 s avg)
 
     ch_psi       :     5.30s CPU (    1601 calls,   0.003 s avg)
     h_psiq       :     5.06s CPU (    1601 calls,   0.003 s avg)
     last         :     0.22s CPU (    1601 calls,   0.000 s avg)
 
     h_psiq       :     5.06s CPU (    1601 calls,   0.003 s avg)
     firstfft     :     2.80s CPU (    7609 calls,   0.000 s avg)
     secondfft    :     1.86s CPU (    7609 calls,   0.000 s avg)
     add_vuspsi   :     0.08s CPU (    1601 calls,   0.000 s avg)
 
     incdrhoscf   :     0.41s CPU (     150 calls,   0.003 s avg)
     addusdbec    :     0.02s CPU (     180 calls,   0.000 s avg)
 
     drhodvus     :     0.01s CPU
 
      General routines
     calbec       :     0.21s CPU (    3762 calls,   0.000 s avg)
     cft3s        :     6.25s CPU (   19635 calls,   0.000 s avg)
     cinterpolate :     0.23s CPU (      34 calls,   0.007 s avg)
     davcio       :     0.00s CPU (     657 calls,   0.000 s avg)
     write_rec    :     0.02s CPU (       6 calls,   0.004 s avg)
 
