=------------------------------------------------------------------------------=

     Ab-initio DFT calculation of normal modes for
     molecules and clusters in vacuum. The CP code is used as
     the undelying DFT egine.

     Version: 3.1.1 - Sat Jun 10 02:34:07 CEST 2006                       
     Authors of the normal-modes code: Silviu Zilberman

     Authors of the CP code: Alfredo Pasquarello, Kari Laasonen, Andrea Trave, Roberto Car,
       Paolo Giannozzi, Nicola Marzari, Carlo Cavazzoni, Guido Chiarotti,
       Sandro Scandolo, Paolo Focher, Gerardo Ballabio, and others

=------------------------------------------------------------------------------=

   This run was started on:   6:49:38  29Jun2006               

   Serial Build
Warning: card  &IONS ignored
Warning: card     ION_DYNAMICS = 'NONE', ignored
Warning: card     ION_RADIUS(1) = 0.8D0, ignored
Warning: card     ION_RADIUS(2) = 0.8D0, ignored
Warning: card  / ignored

   Job Title:  Water Molecule


   Atomic Pseudopotentials Parameters
   ----------------------------------

   Reading pseudopotential for specie #  1 from file :
   /scr/giannozz/espresso/pseudo/O.BLYP.UPF
   file type is 20: UPF

   Reading pseudopotential for specie #  2 from file :
   /scr/giannozz/espresso/pseudo/H.fpmd.UPF
   file type is 20: UPF


   Main Simulation Parameters (from input)
   ---------------------------------------
Warning: electron_velocities keyword has no effect
   Restart Mode       =      -1   from_scratch   
   Number of MD Steps =     100
   Print out every           10 MD Steps
   Reads from unit    =      51
   Writes to unit     =      51
   MD Simulation time step            =       1.00
   Electronic fictitious mass (emass) =     400.00
   emass cut-off                      =       2.50

   Simulation Cell Parameters (from input)
   external pressure       =            0.00 [GPa]
   wmass (calculated)      =         2493.41 [AU]
   ibrav =    1
   alat  =    12.00000000
   a1    =    12.00000000    0.00000000    0.00000000
   a2    =     0.00000000   12.00000000    0.00000000
   a3    =     0.00000000    0.00000000   12.00000000
 
   b1    =     0.08333333    0.00000000    0.00000000
   b2    =     0.00000000    0.08333333    0.00000000
   b3    =     0.00000000    0.00000000    0.08333333
   omega =  1728.00000000

    ========================================
    |  CONJUGATE GRADIENT                  |
    ========================================
    | iterations   =            40         |
    | conv_thr     = 0.00000100000 a.u.    |
    | passop       =       0.30000 a.u.    |
    ========================================

   Energy Cut-offs
   ---------------
   Ecutwfc =   80.0 Ryd.,    Ecutrho =  320.0 Ryd.,    Ecuts =  320.0 Ryd.
   Gcutwfc =   17.1     ,    Gcutrho =   34.2          Gcuts =   34.2
   NOTA BENE: refg, mmx =   0.050000  7680
   Eigenvalues calculated without the kinetic term contribution
   Orthog. with lagrange multipliers : eps =   0.10E-07,  max =  20
   Electron dynamics : the temperature is not controlled
   initial random displacement of el. coordinates with  amplitude=  0.020000

   Electronic states
   -----------------
   Number of Electron =     8, of States =     4
   Occupation numbers :
   2.00 2.00 2.00 2.00


   Exchange and correlations functionals
   -------------------------------------
   Using Local Density Approximation with
     Exchange functional: SLATER                                                      
     Correlation functional: LEE, YANG, AND PARR                                         
   Using Generalized Gradient Corrections with
     Exchange functional: BECKE                                                       
     Correlation functional: PERDEW AND WANG                                             
     Exchange-correlation      =     BLYP (1313)


   Ions Simulation Parameters
   --------------------------
   Ions are not allowed to move
   Ionic position (from input)
   sorted by specie, and converted to real a.u. coordinates
   Species   1 atoms =    1 mass =     29166.24 (a.u.),        16.00 (amu) rcmax =   0.50 (a.u.)
        0.009570     0.009570     0.000000
   Species   2 atoms =    2 mass =      1822.89 (a.u.),         1.00 (amu) rcmax =   0.50 (a.u.)
        1.833180    -0.217650    -0.000150
       -0.217650     1.833180     0.000280
   Ionic position read from input file


   Cell Dynamics Parameters (from STDIN)
   -------------------------------------
   Starting cell generated from CELLDM
   Constant VOLUME Molecular dynamics
   cell parameters are not allowed to move

   Verbosity: iprsta =  1



   Simulation dimensions initialization
   ------------------------------------

   unit vectors of full simulation cell
   in real space:                         in reciprocal space (units 2pi/alat):
   1    12.0000    0.0000    0.0000              1.0000    0.0000    0.0000
   2     0.0000   12.0000    0.0000              0.0000    1.0000    0.0000
   3     0.0000    0.0000   12.0000              0.0000    0.0000    1.0000
 
   Stick Mesh
   ----------
   nst =  1837,  nstw =   459, nsts =  1837
        PEs    n.st   n.stw   n.sts    n.g    n.gw   n.gs
          1    3673     917    3673  167037   20815  167037
          0    3673     917    3673  167037   20815  167037
 
 
   Real Mesh
   ---------
   Global Dimensions   Local  Dimensions   Processor Grid
   .X.   .Y.   .Z.     .X.   .Y.   .Z.     .X.   .Y.   .Z.
    72    72    72      72    72    72       1     1     1
   Array leading dimensions ( nr1x, nr2x, nr3x )   =     72    72    72
   Local number of cell to store the grid ( nnrx ) =     373248
   Number of x-y planes for each processors: 
   nr3l =    72
 
   Smooth Real Mesh
   ----------------
   Global Dimensions   Local  Dimensions   Processor Grid
   .X.   .Y.   .Z.     .X.   .Y.   .Z.     .X.   .Y.   .Z.
    72    72    72      72    72    72       1     1     1
   Array leading dimensions ( nr1x, nr2x, nr3x )   =     72    72    72
   Local number of cell to store the grid ( nnrx ) =     373248
   Number of x-y planes for each processors: 
   nr3sl =    72
 
   Small Box Real Mesh
   -------------------
   Global Dimensions   Local  Dimensions   Processor Grid
   .X.   .Y.   .Z.     .X.   .Y.   .Z.     .X.   .Y.   .Z.
    10    10    10      10    10    10       1     1     1
   Array leading dimensions ( nr1x, nr2x, nr3x )   =     10    10    10
   Local number of cell to store the grid ( nnrx ) =       1000
 
   unit vectors of box grid cell
   in real space:                         in reciprocal space:
       1.6667    0.0000    0.0000              1.0000    0.0000    0.0000
       0.0000    1.6667    0.0000              0.0000    1.0000    0.0000
       0.0000    0.0000    1.6667              0.0000    0.0000    1.0000
 
   Reciprocal Space Mesh
   ---------------------
                Large Mesh
   PE   Global(ngmt)     Local(ngm) MaxLocal(ngmx)
    1          83519          83519          83519
                Smooth Mesh
   PE   Global(ngst)     Local(ngs) MaxLocal(ngsx)
    1          83519          83519          83519
                Wave function Mesh
   PE   Global(ngwt)     Local(ngw) MaxLocal(ngwx)
    1          10408          10408          10408

                Small box Mesh
   ngb =          231 not distributed to processors


   System geometry initialization
   ------------------------------

   Scaled atomic positions                                from standard input
   Species   1 atoms =    1
    O       0.000798     0.000798     0.000000
   Species   2 atoms =    2
    H       0.152765    -0.018138    -0.000012
    H      -0.018138     0.152765     0.000023


   Pseudopotentials initialization
   -------------------------------


   Common initialization

   Specie:     1
   1  indv=  1   ang. mom=  0
 
                        dion 
   3.2390

   Specie:     2
 
                        dion 
 
   Short Legend and Physical Units in the Output
   ---------------------------------------------
   NFI    [int]          - step index
   EKINC  [HARTREE A.U.] - kinetic energy of the fictitious electronic dynamics
   TEMPH  [K]            - Temperature of the fictitious cell dynamics
   TEMP   [K]            - Ionic temperature
   ETOT   [HARTREE A.U.] - Scf total energy (Kohn-Sham hamiltonian)
   ENTHAL [HARTREE A.U.] - Enthalpy ( ETOT + P * V )
   ECONS  [HARTREE A.U.] - Enthalpy + kinetic energy of ions and cell
   ECONT  [HARTREE A.U.] - Constant of motion for the CP lagrangian
 


   Wave Initialization: random initial wave-functions
   Occupation number from init
   nbnd =     4
    2.00 2.00 2.00 2.00

   formf: eself=  30.31961
   formf:     vps(g=0)=  -0.0023656     rhops(g=0)=  -0.0034722
   formf: sum_g vps(g)=  -3.7395698 sum_g rhops(g)=  -4.3118270
   formf:     vps(g=0)=  -0.0004805     rhops(g=0)=  -0.0005787
   formf: sum_g vps(g)=  -2.1004248 sum_g rhops(g)=  -0.7186378
 Using program CP90 as a DFT engine.
 reading vib input...
 Input information is read from:
 /scr/giannozz/tmp//./h2o.vib.inp                                               
                                                                                
                                                                                
                    
 ------------------------------------------------------
  SUMMERY OF VIBRATIONAL INPUT VARIABLES: 
 
   displacement           =        0.0200
   save_freq              =             1
   trans_inv_flag         =             T
   trans_inv_max_iter     =            50
   trans_inv_conv_thr     =    0.1000D-14
   trans_rot_inv_flag     =             T
   restart_label          =    auto      
   animate                =             T
 
   001       O   16.0000
   002       H    1.0000
   003       H    1.0000
 ------------------------------------------------------
 Done...
 starting start_vibrations...
 ---------------------------------------
 STARTING A NEW NORMAL MODES CALCULATION 
 ---------------------------------------
 
 Restart information is saved to 
 /scr/giannozz/tmp//h2o.vib.restart                                             
                                                                                
                                                                                
                    
 
 ... Initial relaxation of wavefunction...

   from rhoofr: total integrated electronic density
   in g-space =    8.000000   in r-space =   8.000000

   from rhoofr: total integrated electronic density
   in g-space =    8.000000   in r-space =   8.000000

   from rhoofr: total integrated electronic density
   in g-space =    8.000000   in r-space =   8.000000

   from rhoofr: total integrated electronic density
   in g-space =    8.000000   in r-space =   8.000000

   from rhoofr: total integrated electronic density
   in g-space =    8.000000   in r-space =   8.000000

   from rhoofr: total integrated electronic density
   in g-space =    8.000000   in r-space =   8.000000

   from rhoofr: total integrated electronic density
   in g-space =    8.000000   in r-space =   8.000000

   from rhoofr: total integrated electronic density
   in g-space =    8.000000   in r-space =   8.000000

   from rhoofr: total integrated electronic density
   in g-space =    8.000000   in r-space =   8.000000

   from rhoofr: total integrated electronic density
   in g-space =    8.000000   in r-space =   8.000000

   from rhoofr: total integrated electronic density
   in g-space =    8.000000   in r-space =   8.000000

   from rhoofr: total integrated electronic density
   in g-space =    8.000000   in r-space =   8.000000

   from rhoofr: total integrated electronic density
   in g-space =    8.000000   in r-space =   8.000000

   from rhoofr: total integrated electronic density
   in g-space =    8.000000   in r-space =   8.000000

   from rhoofr: total integrated electronic density
   in g-space =    8.000000   in r-space =   8.000000

   from rhoofr: total integrated electronic density
   in g-space =    8.000000   in r-space =   8.000000

   from rhoofr: total integrated electronic density
   in g-space =    8.000000   in r-space =   8.000000

   from rhoofr: total integrated electronic density
   in g-space =    8.000000   in r-space =   8.000000

   from rhoofr: total integrated electronic density
   in g-space =    8.000000   in r-space =   8.000000

   from rhoofr: total integrated electronic density
   in g-space =    8.000000   in r-space =   8.000000

   from rhoofr: total integrated electronic density
   in g-space =    8.000000   in r-space =   8.000000

   from rhoofr: total integrated electronic density
   in g-space =    8.000000   in r-space =   8.000000

   from rhoofr: total integrated electronic density
   in g-space =    8.000000   in r-space =   8.000000

   from rhoofr: total integrated electronic density
   in g-space =    8.000000   in r-space =   8.000000

   from rhoofr: total integrated electronic density
   in g-space =    8.000000   in r-space =   8.000000

   from rhoofr: total integrated electronic density
   in g-space =    8.000000   in r-space =   8.000000

   from rhoofr: total integrated electronic density
   in g-space =    8.000000   in r-space =   8.000000

   from rhoofr: total integrated electronic density
   in g-space =    8.000000   in r-space =   8.000000

   from rhoofr: total integrated electronic density
   in g-space =    8.000000   in r-space =   8.000000

   from rhoofr: total integrated electronic density
   in g-space =    8.000000   in r-space =   8.000000

   from rhoofr: total integrated electronic density
   in g-space =    8.000000   in r-space =   8.000000

   from rhoofr: total integrated electronic density
   in g-space =    8.000000   in r-space =   8.000000

   from rhoofr: total integrated electronic density
   in g-space =    8.000000   in r-space =   8.000000

   from rhoofr: total integrated electronic density
   in g-space =    8.000000   in r-space =   8.000000

   from rhoofr: total integrated electronic density
   in g-space =    8.000000   in r-space =   8.000000

   from rhoofr: total integrated electronic density
   in g-space =    8.000000   in r-space =   8.000000

   from rhoofr: total integrated electronic density
   in g-space =    8.000000   in r-space =   8.000000

   from rhoofr: total integrated electronic density
   in g-space =    8.000000   in r-space =   8.000000

   from rhoofr: total integrated electronic density
   in g-space =    8.000000   in r-space =   8.000000

   from rhoofr: total integrated electronic density
   in g-space =    8.000000   in r-space =   8.000000

   from rhoofr: total integrated electronic density
   in g-space =    8.000000   in r-space =   8.000000

   from rhoofr: total integrated electronic density
   in g-space =    8.000000   in r-space =   8.000000

   from rhoofr: total integrated electronic density
   in g-space =    8.000000   in r-space =   8.000000
 cg_sub: missed minimum, case 1, iteration          21

   from rhoofr: total integrated electronic density
   in g-space =    8.000000   in r-space =   8.000000

   from rhoofr: total integrated electronic density
   in g-space =    8.000000   in r-space =   8.000000

   from rhoofr: total integrated electronic density
   in g-space =    8.000000   in r-space =   8.000000
 cg_sub: missed minimum, case 1, iteration          22
     atom   1 type  1   force =     0.00099171    0.00099675    0.00000090
     atom   2 type  2   force =     0.00001187   -0.00000119    0.00000854
     atom   3 type  2   force =     0.00000002    0.00000279   -0.00000087

   writing restart file: .//h2o_51.save
   restart file written in    0.087 sec.

 Done
 
           1          72
           1          72
           1          72
DIPOLE XYZ-COMPONENTS (HARTREE A.U.)   -0.5171     -0.5171      0.0002
DIPOLE MOMENT         (HARTREE A.U.)    0.7313
  
QUADRUPOLE XX-YY-ZZ COMPONENTS (HARTREE A.U.) 443.0384   443.0401   469.9325
QUADRUPOLE XY-XZ-YZ COMPONENTS (HARTREE A.U.) 217.5466   229.9116   229.9191
QUADRUPOLE MOMENT              (HARTREE A.U.)1356.0109   0.0000
 
   ATOMIC_POSITIONS
  0.957000E-02  0.957000E-02  0.000000E+00
  0.183318E+01 -0.217650E+00 -0.150000E-03
 -0.217650E+00  0.183318E+01  0.280000E-03
 
   Ground-state (reference) energy   :        -17.181116 hartree
   Ground-state dipole vector [debye]:       -1.314       -1.314        0.000
   Dipole moment [debye]             :        1.859
 
 Done...
 
 Moving now atom #           1   Symbol:  O
 Displacement in direction: -X
 
   Perturbed geometry:
   ATOMIC_POSITIONS
 -0.104300E-01  0.957000E-02  0.000000E+00
  0.183318E+01 -0.217650E+00 -0.150000E-03
 -0.217650E+00  0.183318E+01  0.280000E-03
 

   from rhoofr: total integrated electronic density
   in g-space =    8.000000   in r-space =   8.000000

   from rhoofr: total integrated electronic density
   in g-space =    8.000000   in r-space =   8.000000

   from rhoofr: total integrated electronic density
   in g-space =    8.000000   in r-space =   8.000000

   from rhoofr: total integrated electronic density
   in g-space =    8.000000   in r-space =   8.000000

   from rhoofr: total integrated electronic density
   in g-space =    8.000000   in r-space =   8.000000

   from rhoofr: total integrated electronic density
   in g-space =    8.000000   in r-space =   8.000000

   from rhoofr: total integrated electronic density
   in g-space =    8.000000   in r-space =   8.000000

   from rhoofr: total integrated electronic density
   in g-space =    8.000000   in r-space =   8.000000

   from rhoofr: total integrated electronic density
   in g-space =    8.000000   in r-space =   8.000000

   from rhoofr: total integrated electronic density
   in g-space =    8.000000   in r-space =   8.000000

   from rhoofr: total integrated electronic density
   in g-space =    8.000000   in r-space =   8.000000

   from rhoofr: total integrated electronic density
   in g-space =    8.000000   in r-space =   8.000000

   from rhoofr: total integrated electronic density
   in g-space =    8.000000   in r-space =   8.000000

   from rhoofr: total integrated electronic density
   in g-space =    8.000000   in r-space =   8.000000

   from rhoofr: total integrated electronic density
   in g-space =    8.000000   in r-space =   8.000000

   from rhoofr: total integrated electronic density
   in g-space =    8.000000   in r-space =   8.000000

   from rhoofr: total integrated electronic density
   in g-space =    8.000000   in r-space =   8.000000

   from rhoofr: total integrated electronic density
   in g-space =    8.000000   in r-space =   8.000000

   from rhoofr: total integrated electronic density
   in g-space =    8.000000   in r-space =   8.000000

   from rhoofr: total integrated electronic density
   in g-space =    8.000000   in r-space =   8.000000

   from rhoofr: total integrated electronic density
   in g-space =    8.000000   in r-space =   8.000000
     atom   1 type  1   force =     0.01046057   -0.00024565   -0.00000029
     atom   2 type  2   force =    -0.00906514    0.00038459    0.00000113
     atom   3 type  2   force =    -0.00092227    0.00153683    0.00000076
           1          72
           1          72
           1          72
DIPOLE XYZ-COMPONENTS (HARTREE A.U.)   -0.5250     -0.5157      0.0000
DIPOLE MOMENT         (HARTREE A.U.)    0.7359
  
QUADRUPOLE XX-YY-ZZ COMPONENTS (HARTREE A.U.) 451.7872   442.9696   469.9587
QUADRUPOLE XY-XZ-YZ COMPONENTS (HARTREE A.U.) 221.4820   234.0002   229.9355
QUADRUPOLE MOMENT              (HARTREE A.U.)1364.7156   0.0000
 
 Done scf relaxation for displacement.
   displacement total energy         :        -17.180998 hartree
   Ground-state dipole vector [debye]:       -1.334       -1.311        0.000
   Dipole moment [debye]             :        1.871
 
 
 Saving restart information...
 Done.
 
 
 Moving now atom #           1   Symbol:  O
 Displacement in direction: +X
 
   Perturbed geometry:
   ATOMIC_POSITIONS
  0.295700E-01  0.957000E-02  0.000000E+00
  0.183318E+01 -0.217650E+00 -0.150000E-03
 -0.217650E+00  0.183318E+01  0.280000E-03
 

   from rhoofr: total integrated electronic density
   in g-space =    8.000000   in r-space =   8.000000

   from rhoofr: total integrated electronic density
   in g-space =    8.000000   in r-space =   8.000000

   from rhoofr: total integrated electronic density
   in g-space =    8.000000   in r-space =   8.000000

   from rhoofr: total integrated electronic density
   in g-space =    8.000000   in r-space =   8.000000

   from rhoofr: total integrated electronic density
   in g-space =    8.000000   in r-space =   8.000000

   from rhoofr: total integrated electronic density
   in g-space =    8.000000   in r-space =   8.000000

   from rhoofr: total integrated electronic density
   in g-space =    8.000000   in r-space =   8.000000

   from rhoofr: total integrated electronic density
   in g-space =    8.000000   in r-space =   8.000000

   from rhoofr: total integrated electronic density
   in g-space =    8.000000   in r-space =   8.000000

   from rhoofr: total integrated electronic density
   in g-space =    8.000000   in r-space =   8.000000

   from rhoofr: total integrated electronic density
   in g-space =    8.000000   in r-space =   8.000000

   from rhoofr: total integrated electronic density
   in g-space =    8.000000   in r-space =   8.000000

   from rhoofr: total integrated electronic density
   in g-space =    8.000000   in r-space =   8.000000

   from rhoofr: total integrated electronic density
   in g-space =    8.000000   in r-space =   8.000000

   from rhoofr: total integrated electronic density
   in g-space =    8.000000   in r-space =   8.000000
     atom   1 type  1   force =    -0.01006735    0.00251076    0.00000271
     atom   2 type  2   force =     0.00971581   -0.00047226    0.00000024
     atom   3 type  2   force =     0.00096491   -0.00162422    0.00000067
           1          72
           1          72
           1          72
DIPOLE XYZ-COMPONENTS (HARTREE A.U.)   -0.5092     -0.5186      0.0000
DIPOLE MOMENT         (HARTREE A.U.)    0.7268
  
QUADRUPOLE XX-YY-ZZ COMPONENTS (HARTREE A.U.) 434.2587   443.1136   469.9092
QUADRUPOLE XY-XZ-YZ COMPONENTS (HARTREE A.U.) 213.6052   225.8315   229.9052
QUADRUPOLE MOMENT              (HARTREE A.U.)1347.2815   0.0000
 
 Done scf relaxation for displacement.
   displacement total energy         :        -17.181027 hartree
   Ground-state dipole vector [debye]:       -1.294       -1.318        0.000
   Dipole moment [debye]             :        1.847
 
 
 Saving restart information...
 Done.
 
 
 Moving now atom #           1   Symbol:  O
 Displacement in direction: -Y
 
   Perturbed geometry:
   ATOMIC_POSITIONS
  0.957000E-02 -0.104300E-01  0.000000E+00
  0.183318E+01 -0.217650E+00 -0.150000E-03
 -0.217650E+00  0.183318E+01  0.280000E-03
 

   from rhoofr: total integrated electronic density
   in g-space =    8.000000   in r-space =   8.000000

   from rhoofr: total integrated electronic density
   in g-space =    8.000000   in r-space =   8.000000

   from rhoofr: total integrated electronic density
   in g-space =    8.000000   in r-space =   8.000000

   from rhoofr: total integrated electronic density
   in g-space =    8.000000   in r-space =   8.000000

   from rhoofr: total integrated electronic density
   in g-space =    8.000000   in r-space =   8.000000

   from rhoofr: total integrated electronic density
   in g-space =    8.000000   in r-space =   8.000000

   from rhoofr: total integrated electronic density
   in g-space =    8.000000   in r-space =   8.000000

   from rhoofr: total integrated electronic density
   in g-space =    8.000000   in r-space =   8.000000

   from rhoofr: total integrated electronic density
   in g-space =    8.000000   in r-space =   8.000000

   from rhoofr: total integrated electronic density
   in g-space =    8.000000   in r-space =   8.000000

   from rhoofr: total integrated electronic density
   in g-space =    8.000000   in r-space =   8.000000

   from rhoofr: total integrated electronic density
   in g-space =    8.000000   in r-space =   8.000000

   from rhoofr: total integrated electronic density
   in g-space =    8.000000   in r-space =   8.000000

   from rhoofr: total integrated electronic density
   in g-space =    8.000000   in r-space =   8.000000

   from rhoofr: total integrated electronic density
   in g-space =    8.000000   in r-space =   8.000000

   from rhoofr: total integrated electronic density
   in g-space =    8.000000   in r-space =   8.000000

   from rhoofr: total integrated electronic density
   in g-space =    8.000000   in r-space =   8.000000

   from rhoofr: total integrated electronic density
   in g-space =    8.000000   in r-space =   8.000000

   from rhoofr: total integrated electronic density
   in g-space =    8.000000   in r-space =   8.000000

   from rhoofr: total integrated electronic density
   in g-space =    8.000000   in r-space =   8.000000

   from rhoofr: total integrated electronic density
   in g-space =    8.000000   in r-space =   8.000000
 cg_sub: missed minimum, case 3, iteration          10

   from rhoofr: total integrated electronic density
   in g-space =    8.000000   in r-space =   8.000000

   from rhoofr: total integrated electronic density
   in g-space =    8.000000   in r-space =   8.000000

   from rhoofr: total integrated electronic density
   in g-space =    8.000000   in r-space =   8.000000

   from rhoofr: total integrated electronic density
   in g-space =    8.000000   in r-space =   8.000000

   from rhoofr: total integrated electronic density
   in g-space =    8.000000   in r-space =   8.000000
     atom   1 type  1   force =    -0.00023514    0.01045839    0.00000245
     atom   2 type  2   force =     0.00153729   -0.00092249    0.00000026
     atom   3 type  2   force =     0.00038435   -0.00906347   -0.00000081
           1          72
           1          72
           1          72
DIPOLE XYZ-COMPONENTS (HARTREE A.U.)   -0.5158     -0.5250      0.0000
DIPOLE MOMENT         (HARTREE A.U.)    0.7359
  
QUADRUPOLE XX-YY-ZZ COMPONENTS (HARTREE A.U.) 442.9698   451.7873   469.9588
QUADRUPOLE XY-XZ-YZ COMPONENTS (HARTREE A.U.) 221.4821   229.9298   234.0061
QUADRUPOLE MOMENT              (HARTREE A.U.)1364.7159   0.0000
 
 Done scf relaxation for displacement.
   displacement total energy         :        -17.180998 hartree
   Ground-state dipole vector [debye]:       -1.311       -1.334        0.000
   Dipole moment [debye]             :        1.871
 
 
 Saving restart information...
 Done.
 
 
 Moving now atom #           1   Symbol:  O
 Displacement in direction: +Y
 
   Perturbed geometry:
   ATOMIC_POSITIONS
  0.957000E-02  0.295700E-01  0.000000E+00
  0.183318E+01 -0.217650E+00 -0.150000E-03
 -0.217650E+00  0.183318E+01  0.280000E-03
 

   from rhoofr: total integrated electronic density
   in g-space =    8.000000   in r-space =   8.000000

   from rhoofr: total integrated electronic density
   in g-space =    8.000000   in r-space =   8.000000

   from rhoofr: total integrated electronic density
   in g-space =    8.000000   in r-space =   8.000000

   from rhoofr: total integrated electronic density
   in g-space =    8.000000   in r-space =   8.000000

   from rhoofr: total integrated electronic density
   in g-space =    8.000000   in r-space =   8.000000

   from rhoofr: total integrated electronic density
   in g-space =    8.000000   in r-space =   8.000000

   from rhoofr: total integrated electronic density
   in g-space =    8.000000   in r-space =   8.000000

   from rhoofr: total integrated electronic density
   in g-space =    8.000000   in r-space =   8.000000

   from rhoofr: total integrated electronic density
   in g-space =    8.000000   in r-space =   8.000000

   from rhoofr: total integrated electronic density
   in g-space =    8.000000   in r-space =   8.000000

   from rhoofr: total integrated electronic density
   in g-space =    8.000000   in r-space =   8.000000

   from rhoofr: total integrated electronic density
   in g-space =    8.000000   in r-space =   8.000000

   from rhoofr: total integrated electronic density
   in g-space =    8.000000   in r-space =   8.000000

   from rhoofr: total integrated electronic density
   in g-space =    8.000000   in r-space =   8.000000

   from rhoofr: total integrated electronic density
   in g-space =    8.000000   in r-space =   8.000000
     atom   1 type  1   force =     0.00251253   -0.01009571    0.00000025
     atom   2 type  2   force =    -0.00162561    0.00096526    0.00000152
     atom   3 type  2   force =    -0.00047328    0.00972190    0.00000247
           1          72
           1          72
           1          72
DIPOLE XYZ-COMPONENTS (HARTREE A.U.)   -0.5186     -0.5092      0.0001
DIPOLE MOMENT         (HARTREE A.U.)    0.7268
  
QUADRUPOLE XX-YY-ZZ COMPONENTS (HARTREE A.U.) 443.1136   434.2589   469.9089
QUADRUPOLE XY-XZ-YZ COMPONENTS (HARTREE A.U.) 213.6053   229.8992   225.8373
QUADRUPOLE MOMENT              (HARTREE A.U.)1347.2814   0.0000
 
 Done scf relaxation for displacement.
   displacement total energy         :        -17.181027 hartree
   Ground-state dipole vector [debye]:       -1.318       -1.294        0.000
   Dipole moment [debye]             :        1.847
 
 
 Saving restart information...
 Done.
 
 
 Moving now atom #           1   Symbol:  O
 Displacement in direction: -Z
 
   Perturbed geometry:
   ATOMIC_POSITIONS
  0.957000E-02  0.957000E-02 -0.200000E-01
  0.183318E+01 -0.217650E+00 -0.150000E-03
 -0.217650E+00  0.183318E+01  0.280000E-03
 

   from rhoofr: total integrated electronic density
   in g-space =    8.000000   in r-space =   8.000000

   from rhoofr: total integrated electronic density
   in g-space =    8.000000   in r-space =   8.000000

   from rhoofr: total integrated electronic density
   in g-space =    8.000000   in r-space =   8.000000

   from rhoofr: total integrated electronic density
   in g-space =    8.000000   in r-space =   8.000000

   from rhoofr: total integrated electronic density
   in g-space =    8.000000   in r-space =   8.000000

   from rhoofr: total integrated electronic density
   in g-space =    8.000000   in r-space =   8.000000

   from rhoofr: total integrated electronic density
   in g-space =    8.000000   in r-space =   8.000000

   from rhoofr: total integrated electronic density
   in g-space =    8.000000   in r-space =   8.000000

   from rhoofr: total integrated electronic density
   in g-space =    8.000000   in r-space =   8.000000

   from rhoofr: total integrated electronic density
   in g-space =    8.000000   in r-space =   8.000000

   from rhoofr: total integrated electronic density
   in g-space =    8.000000   in r-space =   8.000000

   from rhoofr: total integrated electronic density
   in g-space =    8.000000   in r-space =   8.000000

   from rhoofr: total integrated electronic density
   in g-space =    8.000000   in r-space =   8.000000

   from rhoofr: total integrated electronic density
   in g-space =    8.000000   in r-space =   8.000000

   from rhoofr: total integrated electronic density
   in g-space =    8.000000   in r-space =   8.000000

   from rhoofr: total integrated electronic density
   in g-space =    8.000000   in r-space =   8.000000

   from rhoofr: total integrated electronic density
   in g-space =    8.000000   in r-space =   8.000000

   from rhoofr: total integrated electronic density
   in g-space =    8.000000   in r-space =   8.000000

   from rhoofr: total integrated electronic density
   in g-space =    8.000000   in r-space =   8.000000

   from rhoofr: total integrated electronic density
   in g-space =    8.000000   in r-space =   8.000000

   from rhoofr: total integrated electronic density
   in g-space =    8.000000   in r-space =   8.000000
 cg_sub: missed minimum, case 2, iteration          10
     atom   1 type  1   force =     0.00064801    0.00064986   -0.00107488
     atom   2 type  2   force =    -0.00004447   -0.00000297    0.00000613
     atom   3 type  2   force =    -0.00000271   -0.00004685    0.00000609
           1          72
           1          72
           1          72
DIPOLE XYZ-COMPONENTS (HARTREE A.U.)   -0.5171     -0.5171     -0.0129
DIPOLE MOMENT         (HARTREE A.U.)    0.7314
  
QUADRUPOLE XX-YY-ZZ COMPONENTS (HARTREE A.U.) 443.0369   443.0368   477.9852
QUADRUPOLE XY-XZ-YZ COMPONENTS (HARTREE A.U.) 217.5458   233.5461   233.5519
QUADRUPOLE MOMENT              (HARTREE A.U.)1364.0590   0.0000
 
 Done scf relaxation for displacement.
   displacement total energy         :        -17.181129 hartree
   Ground-state dipole vector [debye]:       -1.314       -1.314       -0.033
   Dipole moment [debye]             :        1.859
 
     from calc_hessian : info #        -1
     Warning: Reference structure is not converged!!!
       reference energy:  -17.1811155740882       hartree
       current   energy:  -17.1811285446668       hartree
 
 Saving restart information...
 Done.
 
 
 Moving now atom #           1   Symbol:  O
 Displacement in direction: +Z
 
   Perturbed geometry:
   ATOMIC_POSITIONS
  0.957000E-02  0.957000E-02  0.200000E-01
  0.183318E+01 -0.217650E+00 -0.150000E-03
 -0.217650E+00  0.183318E+01  0.280000E-03
 

   from rhoofr: total integrated electronic density
   in g-space =    8.000000   in r-space =   8.000000

   from rhoofr: total integrated electronic density
   in g-space =    8.000000   in r-space =   8.000000

   from rhoofr: total integrated electronic density
   in g-space =    8.000000   in r-space =   8.000000

   from rhoofr: total integrated electronic density
   in g-space =    8.000000   in r-space =   8.000000

   from rhoofr: total integrated electronic density
   in g-space =    8.000000   in r-space =   8.000000

   from rhoofr: total integrated electronic density
   in g-space =    8.000000   in r-space =   8.000000

   from rhoofr: total integrated electronic density
   in g-space =    8.000000   in r-space =   8.000000

   from rhoofr: total integrated electronic density
   in g-space =    8.000000   in r-space =   8.000000

   from rhoofr: total integrated electronic density
   in g-space =    8.000000   in r-space =   8.000000

   from rhoofr: total integrated electronic density
   in g-space =    8.000000   in r-space =   8.000000

   from rhoofr: total integrated electronic density
   in g-space =    8.000000   in r-space =   8.000000

   from rhoofr: total integrated electronic density
   in g-space =    8.000000   in r-space =   8.000000

   from rhoofr: total integrated electronic density
   in g-space =    8.000000   in r-space =   8.000000
 cg_sub: missed minimum, case 1, iteration           6

   from rhoofr: total integrated electronic density
   in g-space =    8.000000   in r-space =   8.000000

   from rhoofr: total integrated electronic density
   in g-space =    8.000000   in r-space =   8.000000

   from rhoofr: total integrated electronic density
   in g-space =    8.000000   in r-space =   8.000000
     atom   1 type  1   force =     0.00063031    0.00062436    0.00099845
     atom   2 type  2   force =    -0.00006557   -0.00000530   -0.00000304
     atom   3 type  2   force =    -0.00000497   -0.00006084   -0.00000076
           1          72
           1          72
           1          72
DIPOLE XYZ-COMPONENTS (HARTREE A.U.)   -0.5171     -0.5171      0.0130
DIPOLE MOMENT         (HARTREE A.U.)    0.7314
  
QUADRUPOLE XX-YY-ZZ COMPONENTS (HARTREE A.U.) 443.0378   443.0373   461.8397
QUADRUPOLE XY-XZ-YZ COMPONENTS (HARTREE A.U.) 217.5458   226.2765   226.2820
QUADRUPOLE MOMENT              (HARTREE A.U.)1347.9148   0.0000
 
 Done scf relaxation for displacement.
   displacement total energy         :        -17.181129 hartree
   Ground-state dipole vector [debye]:       -1.314       -1.314        0.033
   Dipole moment [debye]             :        1.859
 
     from calc_hessian : info #        -1
     Warning: Reference structure is not converged!!!
       reference energy:  -17.1811155740882       hartree
       current   energy:  -17.1811285807203       hartree
 
 Saving restart information...
 Done.
 
 
 Moving now atom #           2   Symbol:  H
 Displacement in direction: -X
 
   Perturbed geometry:
   ATOMIC_POSITIONS
  0.957000E-02  0.957000E-02  0.000000E+00
  0.181318E+01 -0.217650E+00 -0.150000E-03
 -0.217650E+00  0.183318E+01  0.280000E-03
 

   from rhoofr: total integrated electronic density
   in g-space =    8.000000   in r-space =   8.000000

   from rhoofr: total integrated electronic density
   in g-space =    8.000000   in r-space =   8.000000

   from rhoofr: total integrated electronic density
   in g-space =    8.000000   in r-space =   8.000000

   from rhoofr: total integrated electronic density
   in g-space =    8.000000   in r-space =   8.000000

   from rhoofr: total integrated electronic density
   in g-space =    8.000000   in r-space =   8.000000

   from rhoofr: total integrated electronic density
   in g-space =    8.000000   in r-space =   8.000000

   from rhoofr: total integrated electronic density
   in g-space =    8.000000   in r-space =   8.000000

   from rhoofr: total integrated electronic density
   in g-space =    8.000000   in r-space =   8.000000

   from rhoofr: total integrated electronic density
   in g-space =    8.000000   in r-space =   8.000000

   from rhoofr: total integrated electronic density
   in g-space =    8.000000   in r-space =   8.000000

   from rhoofr: total integrated electronic density
   in g-space =    8.000000   in r-space =   8.000000

   from rhoofr: total integrated electronic density
   in g-space =    8.000000   in r-space =   8.000000

   from rhoofr: total integrated electronic density
   in g-space =    8.000000   in r-space =   8.000000

   from rhoofr: total integrated electronic density
   in g-space =    8.000000   in r-space =   8.000000

   from rhoofr: total integrated electronic density
   in g-space =    8.000000   in r-space =   8.000000

   from rhoofr: total integrated electronic density
   in g-space =    8.000000   in r-space =   8.000000

   from rhoofr: total integrated electronic density
   in g-space =    8.000000   in r-space =   8.000000

   from rhoofr: total integrated electronic density
   in g-space =    8.000000   in r-space =   8.000000

   from rhoofr: total integrated electronic density
   in g-space =    8.000000   in r-space =   8.000000
     atom   1 type  1   force =    -0.00867436    0.00262460    0.00000103
     atom   2 type  2   force =     0.00989596   -0.00146832   -0.00000080
     atom   3 type  2   force =    -0.00020453   -0.00016218    0.00000031
           1          72
           1          72
           1          72
DIPOLE XYZ-COMPONENTS (HARTREE A.U.)   -0.5148     -0.5180      0.0000
DIPOLE MOMENT         (HARTREE A.U.)    0.7303
  
QUADRUPOLE XX-YY-ZZ COMPONENTS (HARTREE A.U.) 443.1036   443.0897   469.9104
QUADRUPOLE XY-XZ-YZ COMPONENTS (HARTREE A.U.) 217.5125   229.8704   229.8900
QUADRUPOLE MOMENT              (HARTREE A.U.)1356.1038   0.0000
 
 Done scf relaxation for displacement.
   displacement total energy         :        -17.181017 hartree
   Ground-state dipole vector [debye]:       -1.308       -1.317        0.000
   Dipole moment [debye]             :        1.856
 
 
 Saving restart information...
 Done.
 
 
 Moving now atom #           2   Symbol:  H
 Displacement in direction: +X
 
   Perturbed geometry:
   ATOMIC_POSITIONS
  0.957000E-02  0.957000E-02  0.000000E+00
  0.185318E+01 -0.217650E+00 -0.150000E-03
 -0.217650E+00  0.183318E+01  0.280000E-03
 

   from rhoofr: total integrated electronic density
   in g-space =    8.000000   in r-space =   8.000000

   from rhoofr: total integrated electronic density
   in g-space =    8.000000   in r-space =   8.000000

   from rhoofr: total integrated electronic density
   in g-space =    8.000000   in r-space =   8.000000

   from rhoofr: total integrated electronic density
   in g-space =    8.000000   in r-space =   8.000000

   from rhoofr: total integrated electronic density
   in g-space =    8.000000   in r-space =   8.000000

   from rhoofr: total integrated electronic density
   in g-space =    8.000000   in r-space =   8.000000

   from rhoofr: total integrated electronic density
   in g-space =    8.000000   in r-space =   8.000000
 cg_sub: missed minimum, case 1, iteration           3

   from rhoofr: total integrated electronic density
   in g-space =    8.000000   in r-space =   8.000000

   from rhoofr: total integrated electronic density
   in g-space =    8.000000   in r-space =   8.000000

   from rhoofr: total integrated electronic density
   in g-space =    8.000000   in r-space =   8.000000

   from rhoofr: total integrated electronic density
   in g-space =    8.000000   in r-space =   8.000000

   from rhoofr: total integrated electronic density
   in g-space =    8.000000   in r-space =   8.000000
     atom   1 type  1   force =     0.01015114   -0.00054546    0.00000089
     atom   2 type  2   force =    -0.00928738    0.00135732    0.00000291
     atom   3 type  2   force =     0.00020516    0.00016811    0.00000129
           1          72
           1          72
           1          72
DIPOLE XYZ-COMPONENTS (HARTREE A.U.)   -0.5195     -0.5163      0.0001
DIPOLE MOMENT         (HARTREE A.U.)    0.7324
  
QUADRUPOLE XX-YY-ZZ COMPONENTS (HARTREE A.U.) 442.9747   442.9921   469.9566
QUADRUPOLE XY-XZ-YZ COMPONENTS (HARTREE A.U.) 217.5804   229.9561   229.9492
QUADRUPOLE MOMENT              (HARTREE A.U.)1355.9234   0.0000
 
 Done scf relaxation for displacement.
   displacement total energy         :        -17.181022 hartree
   Ground-state dipole vector [debye]:       -1.320       -1.312        0.000
   Dipole moment [debye]             :        1.861
 
 
 Saving restart information...
 Done.
 
 
 Moving now atom #           2   Symbol:  H
 Displacement in direction: -Y
 
   Perturbed geometry:
   ATOMIC_POSITIONS
  0.957000E-02  0.957000E-02  0.000000E+00
  0.183318E+01 -0.237650E+00 -0.150000E-03
 -0.217650E+00  0.183318E+01  0.280000E-03
 

   from rhoofr: total integrated electronic density
   in g-space =    8.000000   in r-space =   8.000000

   from rhoofr: total integrated electronic density
   in g-space =    8.000000   in r-space =   8.000000

   from rhoofr: total integrated electronic density
   in g-space =    8.000000   in r-space =   8.000000

   from rhoofr: total integrated electronic density
   in g-space =    8.000000   in r-space =   8.000000

   from rhoofr: total integrated electronic density
   in g-space =    8.000000   in r-space =   8.000000

   from rhoofr: total integrated electronic density
   in g-space =    8.000000   in r-space =   8.000000

   from rhoofr: total integrated electronic density
   in g-space =    8.000000   in r-space =   8.000000

   from rhoofr: total integrated electronic density
   in g-space =    8.000000   in r-space =   8.000000

   from rhoofr: total integrated electronic density
   in g-space =    8.000000   in r-space =   8.000000

   from rhoofr: total integrated electronic density
   in g-space =    8.000000   in r-space =   8.000000

   from rhoofr: total integrated electronic density
   in g-space =    8.000000   in r-space =   8.000000

   from rhoofr: total integrated electronic density
   in g-space =    8.000000   in r-space =   8.000000

   from rhoofr: total integrated electronic density
   in g-space =    8.000000   in r-space =   8.000000

   from rhoofr: total integrated electronic density
   in g-space =    8.000000   in r-space =   8.000000

   from rhoofr: total integrated electronic density
   in g-space =    8.000000   in r-space =   8.000000
 cg_sub: missed minimum, case 1, iteration           7

   from rhoofr: total integrated electronic density
   in g-space =    8.000000   in r-space =   8.000000

   from rhoofr: total integrated electronic density
   in g-space =    8.000000   in r-space =   8.000000

   from rhoofr: total integrated electronic density
   in g-space =    8.000000   in r-space =   8.000000
 cg_sub: missed minimum, case 1, iteration           8
     atom   1 type  1   force =     0.00147079    0.00004342   -0.00000032
     atom   2 type  2   force =    -0.00143919    0.00116134    0.00000086
     atom   3 type  2   force =     0.00098111   -0.00019689    0.00000046
           1          72
           1          72
           1          72
DIPOLE XYZ-COMPONENTS (HARTREE A.U.)   -0.5176     -0.5116      0.0000
DIPOLE MOMENT         (HARTREE A.U.)    0.7278
  
QUADRUPOLE XX-YY-ZZ COMPONENTS (HARTREE A.U.) 443.0632   444.0871   469.9330
QUADRUPOLE XY-XZ-YZ COMPONENTS (HARTREE A.U.) 217.7996   229.9291   230.3938
QUADRUPOLE MOMENT              (HARTREE A.U.)1357.0833   0.0000
 
 Done scf relaxation for displacement.
   displacement total energy         :        -17.181104 hartree
   Ground-state dipole vector [debye]:       -1.316       -1.300        0.000
   Dipole moment [debye]             :        1.850
 
 
 Saving restart information...
 Done.
 
 
 Moving now atom #           2   Symbol:  H
 Displacement in direction: +Y
 
   Perturbed geometry:
   ATOMIC_POSITIONS
  0.957000E-02  0.957000E-02  0.000000E+00
  0.183318E+01 -0.197650E+00 -0.150000E-03
 -0.217650E+00  0.183318E+01  0.280000E-03
 

   from rhoofr: total integrated electronic density
   in g-space =    8.000000   in r-space =   8.000000

   from rhoofr: total integrated electronic density
   in g-space =    8.000000   in r-space =   8.000000

   from rhoofr: total integrated electronic density
   in g-space =    8.000000   in r-space =   8.000000

   from rhoofr: total integrated electronic density
   in g-space =    8.000000   in r-space =   8.000000

   from rhoofr: total integrated electronic density
   in g-space =    8.000000   in r-space =   8.000000

   from rhoofr: total integrated electronic density
   in g-space =    8.000000   in r-space =   8.000000

   from rhoofr: total integrated electronic density
   in g-space =    8.000000   in r-space =   8.000000
 cg_sub: missed minimum, case 1, iteration           3

   from rhoofr: total integrated electronic density
   in g-space =    8.000000   in r-space =   8.000000

   from rhoofr: total integrated electronic density
   in g-space =    8.000000   in r-space =   8.000000

   from rhoofr: total integrated electronic density
   in g-space =    8.000000   in r-space =   8.000000

   from rhoofr: total integrated electronic density
   in g-space =    8.000000   in r-space =   8.000000

   from rhoofr: total integrated electronic density
   in g-space =    8.000000   in r-space =   8.000000
 cg_sub: missed minimum, case 1, iteration           5
     atom   1 type  1   force =     0.00060209    0.00193934    0.00000454
     atom   2 type  2   force =     0.00138470   -0.00113069    0.00000327
     atom   3 type  2   force =    -0.00099582    0.00020734    0.00000121
           1          72
           1          72
           1          72
DIPOLE XYZ-COMPONENTS (HARTREE A.U.)   -0.5165     -0.5226      0.0001
DIPOLE MOMENT         (HARTREE A.U.)    0.7348
  
QUADRUPOLE XX-YY-ZZ COMPONENTS (HARTREE A.U.) 443.0153   441.9750   469.9347
QUADRUPOLE XY-XZ-YZ COMPONENTS (HARTREE A.U.) 217.2908   229.8978   229.4396
QUADRUPOLE MOMENT              (HARTREE A.U.)1354.9249   0.0000
 
 Done scf relaxation for displacement.
   displacement total energy         :        -17.181104 hartree
   Ground-state dipole vector [debye]:       -1.313       -1.328        0.000
   Dipole moment [debye]             :        1.868
 
 
 Saving restart information...
 Done.
 
 
 Moving now atom #           2   Symbol:  H
 Displacement in direction: -Z
 
   Perturbed geometry:
   ATOMIC_POSITIONS
  0.957000E-02  0.957000E-02  0.000000E+00
  0.183318E+01 -0.217650E+00 -0.201500E-01
 -0.217650E+00  0.183318E+01  0.280000E-03
 

   from rhoofr: total integrated electronic density
   in g-space =    8.000000   in r-space =   8.000000

   from rhoofr: total integrated electronic density
   in g-space =    8.000000   in r-space =   8.000000

   from rhoofr: total integrated electronic density
   in g-space =    8.000000   in r-space =   8.000000

   from rhoofr: total integrated electronic density
   in g-space =    8.000000   in r-space =   8.000000

   from rhoofr: total integrated electronic density
   in g-space =    8.000000   in r-space =   8.000000

   from rhoofr: total integrated electronic density
   in g-space =    8.000000   in r-space =   8.000000

   from rhoofr: total integrated electronic density
   in g-space =    8.000000   in r-space =   8.000000

   from rhoofr: total integrated electronic density
   in g-space =    8.000000   in r-space =   8.000000

   from rhoofr: total integrated electronic density
   in g-space =    8.000000   in r-space =   8.000000

   from rhoofr: total integrated electronic density
   in g-space =    8.000000   in r-space =   8.000000

   from rhoofr: total integrated electronic density
   in g-space =    8.000000   in r-space =   8.000000

   from rhoofr: total integrated electronic density
   in g-space =    8.000000   in r-space =   8.000000

   from rhoofr: total integrated electronic density
   in g-space =    8.000000   in r-space =   8.000000

   from rhoofr: total integrated electronic density
   in g-space =    8.000000   in r-space =   8.000000

   from rhoofr: total integrated electronic density
   in g-space =    8.000000   in r-space =   8.000000

   from rhoofr: total integrated electronic density
   in g-space =    8.000000   in r-space =   8.000000

   from rhoofr: total integrated electronic density
   in g-space =    8.000000   in r-space =   8.000000
     atom   1 type  1   force =     0.00105688    0.00099644    0.00001965
     atom   2 type  2   force =    -0.00005100    0.00000759   -0.00000763
     atom   3 type  2   force =     0.00000071    0.00000301    0.00000468
           1          72
           1          72
           1          72
DIPOLE XYZ-COMPONENTS (HARTREE A.U.)   -0.5171     -0.5171      0.0065
DIPOLE MOMENT         (HARTREE A.U.)    0.7313
  
QUADRUPOLE XX-YY-ZZ COMPONENTS (HARTREE A.U.) 443.0387   443.0394   470.9820
QUADRUPOLE XY-XZ-YZ COMPONENTS (HARTREE A.U.) 217.5465   230.2121   230.4894
QUADRUPOLE MOMENT              (HARTREE A.U.)1357.0600   0.0000
 
 Done scf relaxation for displacement.
   displacement total energy         :        -17.181116 hartree
   Ground-state dipole vector [debye]:       -1.314       -1.314        0.016
   Dipole moment [debye]             :        1.859
 
     from calc_hessian : info #        -1
     Warning: Reference structure is not converged!!!
       reference energy:  -17.1811155740882       hartree
       current   energy:  -17.1811156393248       hartree
 
 Saving restart information...
 Done.
 
 
 Moving now atom #           2   Symbol:  H
 Displacement in direction: +Z
 
   Perturbed geometry:
   ATOMIC_POSITIONS
  0.957000E-02  0.957000E-02  0.000000E+00
  0.183318E+01 -0.217650E+00  0.198500E-01
 -0.217650E+00  0.183318E+01  0.280000E-03
 

   from rhoofr: total integrated electronic density
   in g-space =    8.000000   in r-space =   8.000000

   from rhoofr: total integrated electronic density
   in g-space =    8.000000   in r-space =   8.000000

   from rhoofr: total integrated electronic density
   in g-space =    8.000000   in r-space =   8.000000

   from rhoofr: total integrated electronic density
   in g-space =    8.000000   in r-space =   8.000000

   from rhoofr: total integrated electronic density
   in g-space =    8.000000   in r-space =   8.000000

   from rhoofr: total integrated electronic density
   in g-space =    8.000000   in r-space =   8.000000

   from rhoofr: total integrated electronic density
   in g-space =    8.000000   in r-space =   8.000000

   from rhoofr: total integrated electronic density
   in g-space =    8.000000   in r-space =   8.000000

   from rhoofr: total integrated electronic density
   in g-space =    8.000000   in r-space =   8.000000

   from rhoofr: total integrated electronic density
   in g-space =    8.000000   in r-space =   8.000000

   from rhoofr: total integrated electronic density
   in g-space =    8.000000   in r-space =   8.000000
 cg_sub: missed minimum, case 3, iteration           5

   from rhoofr: total integrated electronic density
   in g-space =    8.000000   in r-space =   8.000000

   from rhoofr: total integrated electronic density
   in g-space =    8.000000   in r-space =   8.000000

   from rhoofr: total integrated electronic density
   in g-space =    8.000000   in r-space =   8.000000

   from rhoofr: total integrated electronic density
   in g-space =    8.000000   in r-space =   8.000000
     atom   1 type  1   force =     0.00103966    0.00099870    0.00000615
     atom   2 type  2   force =    -0.00004497    0.00000811    0.00001109
     atom   3 type  2   force =    -0.00000342    0.00000505   -0.00000120
           1          72
           1          72
           1          72
DIPOLE XYZ-COMPONENTS (HARTREE A.U.)   -0.5171     -0.5171     -0.0063
DIPOLE MOMENT         (HARTREE A.U.)    0.7313
  
QUADRUPOLE XX-YY-ZZ COMPONENTS (HARTREE A.U.) 443.0386   443.0394   468.8889
QUADRUPOLE XY-XZ-YZ COMPONENTS (HARTREE A.U.) 217.5465   229.6145   229.3535
QUADRUPOLE MOMENT              (HARTREE A.U.)1354.9669   0.0000
 
 Done scf relaxation for displacement.
   displacement total energy         :        -17.181116 hartree
   Ground-state dipole vector [debye]:       -1.314       -1.314       -0.016
   Dipole moment [debye]             :        1.859
 
     from calc_hessian : info #        -1
     Warning: Reference structure is not converged!!!
       reference energy:  -17.1811155740882       hartree
       current   energy:  -17.1811156360661       hartree
 
 Saving restart information...
 Done.
 
 
 Moving now atom #           3   Symbol:  H
 Displacement in direction: -X
 
   Perturbed geometry:
   ATOMIC_POSITIONS
  0.957000E-02  0.957000E-02  0.000000E+00
  0.183318E+01 -0.217650E+00 -0.150000E-03
 -0.237650E+00  0.183318E+01  0.280000E-03
 

   from rhoofr: total integrated electronic density
   in g-space =    8.000000   in r-space =   8.000000

   from rhoofr: total integrated electronic density
   in g-space =    8.000000   in r-space =   8.000000

   from rhoofr: total integrated electronic density
   in g-space =    8.000000   in r-space =   8.000000

   from rhoofr: total integrated electronic density
   in g-space =    8.000000   in r-space =   8.000000

   from rhoofr: total integrated electronic density
   in g-space =    8.000000   in r-space =   8.000000

   from rhoofr: total integrated electronic density
   in g-space =    8.000000   in r-space =   8.000000

   from rhoofr: total integrated electronic density
   in g-space =    8.000000   in r-space =   8.000000

   from rhoofr: total integrated electronic density
   in g-space =    8.000000   in r-space =   8.000000

   from rhoofr: total integrated electronic density
   in g-space =    8.000000   in r-space =   8.000000

   from rhoofr: total integrated electronic density
   in g-space =    8.000000   in r-space =   8.000000

   from rhoofr: total integrated electronic density
   in g-space =    8.000000   in r-space =   8.000000

   from rhoofr: total integrated electronic density
   in g-space =    8.000000   in r-space =   8.000000

   from rhoofr: total integrated electronic density
   in g-space =    8.000000   in r-space =   8.000000

   from rhoofr: total integrated electronic density
   in g-space =    8.000000   in r-space =   8.000000

   from rhoofr: total integrated electronic density
   in g-space =    8.000000   in r-space =   8.000000
 cg_sub: missed minimum, case 2, iteration           7

   from rhoofr: total integrated electronic density
   in g-space =    8.000000   in r-space =   8.000000

   from rhoofr: total integrated electronic density
   in g-space =    8.000000   in r-space =   8.000000

   from rhoofr: total integrated electronic density
   in g-space =    8.000000   in r-space =   8.000000
 cg_sub: missed minimum, case 1, iteration           8
     atom   1 type  1   force =     0.00004351    0.00147064   -0.00000001
     atom   2 type  2   force =    -0.00019691    0.00098122    0.00000079
     atom   3 type  2   force =     0.00116146   -0.00143929    0.00000026
           1          72
           1          72
           1          72
DIPOLE XYZ-COMPONENTS (HARTREE A.U.)   -0.5116     -0.5176      0.0000
DIPOLE MOMENT         (HARTREE A.U.)    0.7278
  
QUADRUPOLE XX-YY-ZZ COMPONENTS (HARTREE A.U.) 444.0871   443.0632   469.9330
QUADRUPOLE XY-XZ-YZ COMPONENTS (HARTREE A.U.) 217.7996   230.3877   229.9349
QUADRUPOLE MOMENT              (HARTREE A.U.)1357.0833   0.0000
 
 Done scf relaxation for displacement.
   displacement total energy         :        -17.181104 hartree
   Ground-state dipole vector [debye]:       -1.300       -1.316        0.000
   Dipole moment [debye]             :        1.850
 
 
 Saving restart information...
 Done.
 
 
 Moving now atom #           3   Symbol:  H
 Displacement in direction: +X
 
   Perturbed geometry:
   ATOMIC_POSITIONS
  0.957000E-02  0.957000E-02  0.000000E+00
  0.183318E+01 -0.217650E+00 -0.150000E-03
 -0.197650E+00  0.183318E+01  0.280000E-03
 

   from rhoofr: total integrated electronic density
   in g-space =    8.000000   in r-space =   8.000000

   from rhoofr: total integrated electronic density
   in g-space =    8.000000   in r-space =   8.000000

   from rhoofr: total integrated electronic density
   in g-space =    8.000000   in r-space =   8.000000

   from rhoofr: total integrated electronic density
   in g-space =    8.000000   in r-space =   8.000000

   from rhoofr: total integrated electronic density
   in g-space =    8.000000   in r-space =   8.000000

   from rhoofr: total integrated electronic density
   in g-space =    8.000000   in r-space =   8.000000

   from rhoofr: total integrated electronic density
   in g-space =    8.000000   in r-space =   8.000000

   from rhoofr: total integrated electronic density
   in g-space =    8.000000   in r-space =   8.000000

   from rhoofr: total integrated electronic density
   in g-space =    8.000000   in r-space =   8.000000
 cg_sub: missed minimum, case 1, iteration           4

   from rhoofr: total integrated electronic density
   in g-space =    8.000000   in r-space =   8.000000

   from rhoofr: total integrated electronic density
   in g-space =    8.000000   in r-space =   8.000000

   from rhoofr: total integrated electronic density
   in g-space =    8.000000   in r-space =   8.000000
     atom   1 type  1   force =     0.00194858    0.00058905    0.00000216
     atom   2 type  2   force =     0.00020447   -0.00099422   -0.00000062
     atom   3 type  2   force =    -0.00113177    0.00137874    0.00000243
           1          72
           1          72
           1          72
DIPOLE XYZ-COMPONENTS (HARTREE A.U.)   -0.5226     -0.5166      0.0000
DIPOLE MOMENT         (HARTREE A.U.)    0.7348
  
QUADRUPOLE XX-YY-ZZ COMPONENTS (HARTREE A.U.) 441.9745   443.0150   469.9355
QUADRUPOLE XY-XZ-YZ COMPONENTS (HARTREE A.U.) 217.2903   229.4345   229.9043
QUADRUPOLE MOMENT              (HARTREE A.U.)1354.9250   0.0000
 
 Done scf relaxation for displacement.
   displacement total energy         :        -17.181104 hartree
   Ground-state dipole vector [debye]:       -1.328       -1.313        0.000
   Dipole moment [debye]             :        1.868
 
 
 Saving restart information...
 Done.
 
 
 Moving now atom #           3   Symbol:  H
 Displacement in direction: -Y
 
   Perturbed geometry:
   ATOMIC_POSITIONS
  0.957000E-02  0.957000E-02  0.000000E+00
  0.183318E+01 -0.217650E+00 -0.150000E-03
 -0.217650E+00  0.181318E+01  0.280000E-03
 

   from rhoofr: total integrated electronic density
   in g-space =    8.000000   in r-space =   8.000000

   from rhoofr: total integrated electronic density
   in g-space =    8.000000   in r-space =   8.000000

   from rhoofr: total integrated electronic density
   in g-space =    8.000000   in r-space =   8.000000

   from rhoofr: total integrated electronic density
   in g-space =    8.000000   in r-space =   8.000000

   from rhoofr: total integrated electronic density
   in g-space =    8.000000   in r-space =   8.000000

   from rhoofr: total integrated electronic density
   in g-space =    8.000000   in r-space =   8.000000

   from rhoofr: total integrated electronic density
   in g-space =    8.000000   in r-space =   8.000000

   from rhoofr: total integrated electronic density
   in g-space =    8.000000   in r-space =   8.000000

   from rhoofr: total integrated electronic density
   in g-space =    8.000000   in r-space =   8.000000

   from rhoofr: total integrated electronic density
   in g-space =    8.000000   in r-space =   8.000000

   from rhoofr: total integrated electronic density
   in g-space =    8.000000   in r-space =   8.000000

   from rhoofr: total integrated electronic density
   in g-space =    8.000000   in r-space =   8.000000

   from rhoofr: total integrated electronic density
   in g-space =    8.000000   in r-space =   8.000000

   from rhoofr: total integrated electronic density
   in g-space =    8.000000   in r-space =   8.000000

   from rhoofr: total integrated electronic density
   in g-space =    8.000000   in r-space =   8.000000

   from rhoofr: total integrated electronic density
   in g-space =    8.000000   in r-space =   8.000000

   from rhoofr: total integrated electronic density
   in g-space =    8.000000   in r-space =   8.000000

   from rhoofr: total integrated electronic density
   in g-space =    8.000000   in r-space =   8.000000

   from rhoofr: total integrated electronic density
   in g-space =    8.000000   in r-space =   8.000000
     atom   1 type  1   force =     0.00262456   -0.00867468   -0.00000133
     atom   2 type  2   force =    -0.00016164   -0.00020473    0.00000007
     atom   3 type  2   force =    -0.00146821    0.00989647    0.00000187
           1          72
           1          72
           1          72
DIPOLE XYZ-COMPONENTS (HARTREE A.U.)   -0.5180     -0.5148      0.0000
DIPOLE MOMENT         (HARTREE A.U.)    0.7303
  
QUADRUPOLE XX-YY-ZZ COMPONENTS (HARTREE A.U.) 443.0897   443.1036   469.9103
QUADRUPOLE XY-XZ-YZ COMPONENTS (HARTREE A.U.) 217.5124   229.8842   229.8762
QUADRUPOLE MOMENT              (HARTREE A.U.)1356.1036   0.0000
 
 Done scf relaxation for displacement.
   displacement total energy         :        -17.181017 hartree
   Ground-state dipole vector [debye]:       -1.317       -1.308        0.000
   Dipole moment [debye]             :        1.856
 
 
 Saving restart information...
 Done.
 
 
 Moving now atom #           3   Symbol:  H
 Displacement in direction: +Y
 
   Perturbed geometry:
   ATOMIC_POSITIONS
  0.957000E-02  0.957000E-02  0.000000E+00
  0.183318E+01 -0.217650E+00 -0.150000E-03
 -0.217650E+00  0.185318E+01  0.280000E-03
 

   from rhoofr: total integrated electronic density
   in g-space =    8.000000   in r-space =   8.000000

   from rhoofr: total integrated electronic density
   in g-space =    8.000000   in r-space =   8.000000

   from rhoofr: total integrated electronic density
   in g-space =    8.000000   in r-space =   8.000000

   from rhoofr: total integrated electronic density
   in g-space =    8.000000   in r-space =   8.000000

   from rhoofr: total integrated electronic density
   in g-space =    8.000000   in r-space =   8.000000

   from rhoofr: total integrated electronic density
   in g-space =    8.000000   in r-space =   8.000000

   from rhoofr: total integrated electronic density
   in g-space =    8.000000   in r-space =   8.000000
 cg_sub: missed minimum, case 1, iteration           3

   from rhoofr: total integrated electronic density
   in g-space =    8.000000   in r-space =   8.000000

   from rhoofr: total integrated electronic density
   in g-space =    8.000000   in r-space =   8.000000

   from rhoofr: total integrated electronic density
   in g-space =    8.000000   in r-space =   8.000000
 cg_sub: missed minimum, case 1, iteration           4

   from rhoofr: total integrated electronic density
   in g-space =    8.000000   in r-space =   8.000000

   from rhoofr: total integrated electronic density
   in g-space =    8.000000   in r-space =   8.000000

   from rhoofr: total integrated electronic density
   in g-space =    8.000000   in r-space =   8.000000
 cg_sub: missed minimum, case 1, iteration           5
     atom   1 type  1   force =    -0.00052229    0.01007197    0.00000680
     atom   2 type  2   force =     0.00017105    0.00020432    0.00000436
     atom   3 type  2   force =     0.00135893   -0.00927654   -0.00000015
           1          72
           1          72
           1          72
DIPOLE XYZ-COMPONENTS (HARTREE A.U.)   -0.5163     -0.5195      0.0002
DIPOLE MOMENT         (HARTREE A.U.)    0.7324
  
QUADRUPOLE XX-YY-ZZ COMPONENTS (HARTREE A.U.) 442.9908   442.9755   469.9562
QUADRUPOLE XY-XZ-YZ COMPONENTS (HARTREE A.U.) 217.5806   229.9422   229.9620
QUADRUPOLE MOMENT              (HARTREE A.U.)1355.9225   0.0000
 
 Done scf relaxation for displacement.
   displacement total energy         :        -17.181022 hartree
   Ground-state dipole vector [debye]:       -1.312       -1.320        0.000
   Dipole moment [debye]             :        1.861
 
 
 Saving restart information...
 Done.
 
 
 Moving now atom #           3   Symbol:  H
 Displacement in direction: -Z
 
   Perturbed geometry:
   ATOMIC_POSITIONS
  0.957000E-02  0.957000E-02  0.000000E+00
  0.183318E+01 -0.217650E+00 -0.150000E-03
 -0.217650E+00  0.183318E+01 -0.197200E-01
 

   from rhoofr: total integrated electronic density
   in g-space =    8.000000   in r-space =   8.000000

   from rhoofr: total integrated electronic density
   in g-space =    8.000000   in r-space =   8.000000

   from rhoofr: total integrated electronic density
   in g-space =    8.000000   in r-space =   8.000000

   from rhoofr: total integrated electronic density
   in g-space =    8.000000   in r-space =   8.000000

   from rhoofr: total integrated electronic density
   in g-space =    8.000000   in r-space =   8.000000

   from rhoofr: total integrated electronic density
   in g-space =    8.000000   in r-space =   8.000000

   from rhoofr: total integrated electronic density
   in g-space =    8.000000   in r-space =   8.000000

   from rhoofr: total integrated electronic density
   in g-space =    8.000000   in r-space =   8.000000

   from rhoofr: total integrated electronic density
   in g-space =    8.000000   in r-space =   8.000000

   from rhoofr: total integrated electronic density
   in g-space =    8.000000   in r-space =   8.000000

   from rhoofr: total integrated electronic density
   in g-space =    8.000000   in r-space =   8.000000

   from rhoofr: total integrated electronic density
   in g-space =    8.000000   in r-space =   8.000000

   from rhoofr: total integrated electronic density
   in g-space =    8.000000   in r-space =   8.000000

   from rhoofr: total integrated electronic density
   in g-space =    8.000000   in r-space =   8.000000

   from rhoofr: total integrated electronic density
   in g-space =    8.000000   in r-space =   8.000000

   from rhoofr: total integrated electronic density
   in g-space =    8.000000   in r-space =   8.000000

   from rhoofr: total integrated electronic density
   in g-space =    8.000000   in r-space =   8.000000
     atom   1 type  1   force =     0.00099722    0.00105458    0.00002032
     atom   2 type  2   force =     0.00000281    0.00000039    0.00000449
     atom   3 type  2   force =     0.00000712   -0.00004850   -0.00000779
           1          72
           1          72
           1          72
DIPOLE XYZ-COMPONENTS (HARTREE A.U.)   -0.5171     -0.5171      0.0065
DIPOLE MOMENT         (HARTREE A.U.)    0.7313
  
QUADRUPOLE XX-YY-ZZ COMPONENTS (HARTREE A.U.) 443.0394   443.0386   470.9819
QUADRUPOLE XY-XZ-YZ COMPONENTS (HARTREE A.U.) 217.5465   230.4835   230.2179
QUADRUPOLE MOMENT              (HARTREE A.U.)1357.0599   0.0000
 
 Done scf relaxation for displacement.
   displacement total energy         :        -17.181116 hartree
   Ground-state dipole vector [debye]:       -1.314       -1.314        0.016
   Dipole moment [debye]             :        1.859
 
     from calc_hessian : info #        -1
     Warning: Reference structure is not converged!!!
       reference energy:  -17.1811155740882       hartree
       current   energy:  -17.1811156353599       hartree
 
 Saving restart information...
 Done.
 
 
 Moving now atom #           3   Symbol:  H
 Displacement in direction: +Z
 
   Perturbed geometry:
   ATOMIC_POSITIONS
  0.957000E-02  0.957000E-02  0.000000E+00
  0.183318E+01 -0.217650E+00 -0.150000E-03
 -0.217650E+00  0.183318E+01  0.202800E-01
 

   from rhoofr: total integrated electronic density
   in g-space =    8.000000   in r-space =   8.000000

   from rhoofr: total integrated electronic density
   in g-space =    8.000000   in r-space =   8.000000

   from rhoofr: total integrated electronic density
   in g-space =    8.000000   in r-space =   8.000000

   from rhoofr: total integrated electronic density
   in g-space =    8.000000   in r-space =   8.000000

   from rhoofr: total integrated electronic density
   in g-space =    8.000000   in r-space =   8.000000

   from rhoofr: total integrated electronic density
   in g-space =    8.000000   in r-space =   8.000000

   from rhoofr: total integrated electronic density
   in g-space =    8.000000   in r-space =   8.000000

   from rhoofr: total integrated electronic density
   in g-space =    8.000000   in r-space =   8.000000

   from rhoofr: total integrated electronic density
   in g-space =    8.000000   in r-space =   8.000000

   from rhoofr: total integrated electronic density
   in g-space =    8.000000   in r-space =   8.000000

   from rhoofr: total integrated electronic density
   in g-space =    8.000000   in r-space =   8.000000
     atom   1 type  1   force =     0.00100119    0.00104452    0.00000435
     atom   2 type  2   force =     0.00000052    0.00000103   -0.00000115
     atom   3 type  2   force =     0.00000746   -0.00005436    0.00000778
           1          72
           1          72
           1          72
DIPOLE XYZ-COMPONENTS (HARTREE A.U.)   -0.5171     -0.5171     -0.0064
DIPOLE MOMENT         (HARTREE A.U.)    0.7313
  
QUADRUPOLE XX-YY-ZZ COMPONENTS (HARTREE A.U.) 443.0394   443.0381   468.8898
QUADRUPOLE XY-XZ-YZ COMPONENTS (HARTREE A.U.) 217.5462   229.3482   229.6210
QUADRUPOLE MOMENT              (HARTREE A.U.)1354.9674   0.0000
 
 Done scf relaxation for displacement.
   displacement total energy         :        -17.181116 hartree
   Ground-state dipole vector [debye]:       -1.314       -1.314       -0.016
   Dipole moment [debye]             :        1.859
 
     from calc_hessian : info #        -1
     Warning: Reference structure is not converged!!!
       reference energy:  -17.1811155740882       hartree
       current   energy:  -17.1811156365377       hartree
 
 Saving restart information...
 Done.
 
 Results are written to file: 
 /scr/giannozz/tmp//h2o.vib.analysis                                            
                                                                                
                                                                                
                    


   Averaged Physical Quantities
                      accomulated      this run
   ekinc         :        0.00000       0.00000 (AU)
   ekin          :        0.00000       0.00000 (AU)
   epot          :        0.00000       0.00000 (AU)
   totel energy  :        0.00000       0.00000 (AU)
   temperature   :        0.00000       0.00000 (K )
   enthalpy      :        0.00000       0.00000 (AU)
   econs         :        0.00000       0.00000 (AU)
   pressure      :        0.00000       0.00000 (Gpa)
   volume        :        0.00000       0.00000 (AU)


     initialize   :     1.26s CPU
     formf        :     0.70s CPU
     rhoofr       :   135.41s CPU (     362 calls,   0.374 s avg)
     vofrho       :   416.59s CPU (     343 calls,   1.215 s avg)
     dforce       :    39.80s CPU (     344 calls,   0.116 s avg)
     calphi       :     0.37s CPU (     172 calls,   0.002 s avg)
     gram         :     0.81s CPU (     350 calls,   0.002 s avg)
     newd         :     0.01s CPU (     172 calls,   0.000 s avg)
     calbec       :     1.13s CPU (    1168 calls,   0.001 s avg)
     prefor       :     0.05s CPU (     192 calls,   0.000 s avg)
     strucf       :     0.16s CPU (      20 calls,   0.008 s avg)
     nlfl         :     0.00s CPU (      19 calls,   0.000 s avg)
     nlfq         :     0.06s CPU (      19 calls,   0.003 s avg)
     nlsm1        :     1.13s CPU (    1168 calls,   0.001 s avg)
     nlsm2        :     0.06s CPU (      19 calls,   0.003 s avg)
     fft          :   231.06s CPU (    2763 calls,   0.084 s avg)
     ffts         :    56.60s CPU (     705 calls,   0.080 s avg)
     fftw         :    64.89s CPU (    1412 calls,   0.046 s avg)
     runcg_uspp   :   592.98s CPU (      19 calls,  31.209 s avg)
     pc2          :     2.27s CPU (     459 calls,   0.005 s avg)
     pcdaga2      :     0.72s CPU (     153 calls,   0.005 s avg)
     xminus1      :     0.12s CPU (     306 calls,   0.000 s avg)
     emass_p_tpa  :     0.00s CPU (      19 calls,   0.000 s avg)
 
 
 
     CP           : 10m 4.83s CPU time

 
   This run was terminated on:   6:59:43  29Jun2006            

=------------------------------------------------------------------------------=
   ELAPSED SECONDS:   605.0
   JOB DONE.
=------------------------------------------------------------------------------=
