
     Program PHONON    v.2.1cvs starts ...
     Today is 28Jul2005 at 16:42:27 

     Ultrasoft (Vanderbilt) Pseudopotentials

     Reading file C.save ...      only dimensions
     read complete

     Reading file C.save ...      all except wavefuctions
     read complete

     nbndx  =     4  nbnd   =     4  natomwfc =     8  npwx   =     186
     nelec  =   8.00  nkb   =    16  ngl    =     118

     phonons of C at Gamma                                                      

     crystal is                     

     bravais-lattice index     =            2
     lattice parameter (a_0)   =       6.7400  a.u.
     unit-cell volume          =      76.5455 (a.u.)^3
     number of atoms/cell      =            2
     number of atomic types    =            1
     kinetic-energy cut-off    =      27.0000  Ry
     charge density cut-off    =     300.0000  Ry
     convergence threshold     =      1.0E-14
     beta                      =       0.7000
     number of iterations used =            4

     celldm(1)=    6.74000  celldm(2)=    0.00000  celldm(3)=    0.00000
     celldm(4)=    0.00000  celldm(5)=    0.00000  celldm(6)=    0.00000

     crystal axes: (cart. coord. in units of a_0)
               a(1) = ( -0.5000  0.0000  0.5000 )  
               a(2) = (  0.0000  0.5000  0.5000 )  
               a(3) = ( -0.5000  0.5000  0.0000 )  

     reciprocal axes: (cart. coord. in units 2 pi/a_0)
               b(1) = ( -1.0000 -1.0000  1.0000 )  
               b(2) = (  1.0000  1.0000  1.0000 )  
               b(3) = ( -1.0000  1.0000 -1.0000 )  


     Atoms inside the unit cell: 

   Cartesian axes

     site n.  atom      mass           positions (a_0 units)
        1        C   12.0107   tau( 1) = (    0.00000    0.00000    0.00000  )
        2        C   12.0107   tau( 2) = (    0.25000    0.25000    0.25000  )

     Computing dynamical matrix for 
                    q = (    0.00000    0.00000    0.00000 )
 
     49 Sym.Ops. (with q -> -q+G )


     G cutoff =  345.2084  (   6735 G-vectors)     FFT grid: ( 32, 32, 32)
     G cutoff =  124.2750  (   1459 G-vectors)  smooth grid: ( 15, 15, 15)
     number of k points=   10
                       cart. coord. in units 2pi/a_0
        k(    1) = (  -0.1250000   0.1250000   0.1250000), wk =   0.0625000
        k(    2) = (  -0.3750000   0.3750000  -0.1250000), wk =   0.1875000
        k(    3) = (   0.3750000  -0.3750000   0.6250000), wk =   0.1875000
        k(    4) = (   0.1250000  -0.1250000   0.3750000), wk =   0.1875000
        k(    5) = (  -0.1250000   0.6250000   0.1250000), wk =   0.1875000
        k(    6) = (   0.6250000  -0.1250000   0.8750000), wk =   0.3750000
        k(    7) = (   0.3750000   0.1250000   0.6250000), wk =   0.3750000
        k(    8) = (  -0.1250000  -0.8750000   0.1250000), wk =   0.1875000
        k(    9) = (  -0.3750000   0.3750000   0.3750000), wk =   0.0625000
        k(   10) = (   0.3750000  -0.3750000   1.1250000), wk =   0.1875000

     pseudo 1 is C  (US)    zval =  4.0   lmax= 2   lloc= 0
     Version   0  0  0 of US pseudo code

     Using log mesh of  1425 points

     The pseudopotential has  4 beta functions with: 

                l(1) =   0
                l(2) =   0
                l(3) =   1
                l(4) =   1

     Q(r) pseudized with  0 coefficients,  rinner =    0.000   0.000   0.000



     Atomic displacements:
     There are   2 irreducible representations

     Representation     1      3 modes - To be done

     Representation     2      3 modes - To be done
     PHONON       :     1.80s CPU time


     Alpha used in Ewald sum =   2.8000

     Electric Fields Calculation

      iter #   1 total cpu time :     5.4 secs   av.it.:   6.1
      thresh= 0.100E-01 alpha_mix =  0.700 |ddv_scf|^2 =  0.128E-07

      iter #   2 total cpu time :     7.7 secs   av.it.:  11.2
      thresh= 0.113E-04 alpha_mix =  0.700 |ddv_scf|^2 =  0.163E-09

      iter #   3 total cpu time :     9.9 secs   av.it.:  11.4
      thresh= 0.128E-05 alpha_mix =  0.700 |ddv_scf|^2 =  0.753E-11

      iter #   4 total cpu time :    12.3 secs   av.it.:  11.5
      thresh= 0.274E-06 alpha_mix =  0.700 |ddv_scf|^2 =  0.118E-13

      iter #   5 total cpu time :    14.5 secs   av.it.:  10.9
      thresh= 0.109E-07 alpha_mix =  0.700 |ddv_scf|^2 =  0.203E-17

     End of electric fields calculation

          Dielectric constant in cartesian axis 

          (       5.756506175       0.000000000       0.000000000 )
          (       0.000000000       5.756506175       0.000000000 )
          (       0.000000000       0.000000000       5.756506175 )

          Effective charges E-U in cartesian axis 

           atom      1
          (        0.04174        0.00000        0.00000 )
          (        0.00000        0.04174        0.00000 )
          (        0.00000        0.00000        0.04174 )
           atom      2
          (        0.04174        0.00000        0.00000 )
          (        0.00000        0.04174        0.00000 )
          (        0.00000        0.00000        0.04174 )


     Representation #  1 modes #   1  2  3

     Self-consistent Calculation

      iter #   1 total cpu time :    18.3 secs   av.it.:   6.7
      thresh= 0.100E-01 alpha_mix =  0.700 |ddv_scf|^2 =  0.240E-06

      iter #   2 total cpu time :    20.8 secs   av.it.:  11.2
      thresh= 0.489E-04 alpha_mix =  0.700 |ddv_scf|^2 =  0.816E-09

      iter #   3 total cpu time :    23.2 secs   av.it.:  11.2
      thresh= 0.286E-05 alpha_mix =  0.700 |ddv_scf|^2 =  0.156E-10

      iter #   4 total cpu time :    25.6 secs   av.it.:  10.2
      thresh= 0.395E-06 alpha_mix =  0.700 |ddv_scf|^2 =  0.104E-13

      iter #   5 total cpu time :    28.0 secs   av.it.:  11.2
      thresh= 0.102E-07 alpha_mix =  0.700 |ddv_scf|^2 =  0.183E-16

     End of self-consistent calculation

     Convergence has been achieved 


     Representation #  2 modes #   4  5  6

     Self-consistent Calculation

      iter #   1 total cpu time :    30.1 secs   av.it.:   6.7
      thresh= 0.100E-01 alpha_mix =  0.700 |ddv_scf|^2 =  0.158E-06

      iter #   2 total cpu time :    32.5 secs   av.it.:  11.3
      thresh= 0.398E-04 alpha_mix =  0.700 |ddv_scf|^2 =  0.248E-09

      iter #   3 total cpu time :    34.9 secs   av.it.:  10.2
      thresh= 0.157E-05 alpha_mix =  0.700 |ddv_scf|^2 =  0.211E-10

      iter #   4 total cpu time :    37.2 secs   av.it.:  10.6
      thresh= 0.459E-06 alpha_mix =  0.700 |ddv_scf|^2 =  0.934E-14

     End of self-consistent calculation

     Convergence has been achieved 
 
     Number of q in the star =    1
     List of q in the star:
          1   0.000000000   0.000000000   0.000000000

          Dielectric constant in cartesian axis 

          (        5.75651        0.00000        0.00000 )
          (        0.00000        5.75651        0.00000 )
          (        0.00000        0.00000        5.75651 )

          Effective charges E-U in cartesian axis 

           atom     1
          (        0.04174        0.00000        0.00000 )
          (        0.00000        0.04174        0.00000 )
          (        0.00000        0.00000        0.04174 )
           atom     2
          (        0.04174        0.00000        0.00000 )
          (        0.00000        0.04174        0.00000 )
          (        0.00000        0.00000        0.04174 )

     Diagonalizing the dynamical matrix

     q = (    0.000000000   0.000000000   0.000000000 ) 

 **************************************************************************
     omega( 1) =       0.603845 [THz] =      20.142245 [cm-1]
     omega( 2) =       0.603845 [THz] =      20.142245 [cm-1]
     omega( 3) =       0.603845 [THz] =      20.142245 [cm-1]
     omega( 4) =      38.444764 [THz] =    1282.387799 [cm-1]
     omega( 5) =      38.444764 [THz] =    1282.387799 [cm-1]
     omega( 6) =      38.444764 [THz] =    1282.387799 [cm-1]
 **************************************************************************
 
     PHONON       :    37.26s CPU time

     INITIALIZATION: 
     phq_setup    :     0.02s CPU
     phq_init     :     1.73s CPU
 
     phq_init     :     1.73s CPU
     init_vloc    :     0.02s CPU (       2 calls,   0.010 s avg)
     init_us_1    :     0.67s CPU
     newd         :     0.03s CPU
     dvanqq       :     0.39s CPU
     drho         :     0.22s CPU
     cmpt_qdipol  :     0.00s CPU
 
     DIELECTRIC CONSTANT AND EFFECTIVE CHARGES:
     solve_e      :    12.64s CPU
     dielec       :     0.01s CPU
     zstar_eu     :     1.83s CPU
 
     DYNAMICAL MATRIX:
     dynmat0      :     0.03s CPU
     phqscf       :    20.92s CPU
     dynmatrix    :     0.02s CPU
 
     phqscf       :    20.92s CPU
     solve_linter :    20.90s CPU (       2 calls,  10.450 s avg)
     drhodv       :     0.02s CPU (       2 calls,   0.010 s avg)
 
     dynmat0      :     0.03s CPU
     dynmat_us    :     0.02s CPU
     d2ionq       :     0.01s CPU
 
     dynmat_us    :     0.02s CPU
     addusdynmat  :     0.00s CPU
 
     phqscf       :    20.92s CPU
     solve_linter :    20.90s CPU (       2 calls,  10.450 s avg)
 
     solve_linter :    20.90s CPU (       2 calls,  10.450 s avg)
     dvqpsi_us    :     0.27s CPU (     120 calls,   0.002 s avg)
     ortho        :     0.05s CPU (     270 calls,   0.000 s avg)
     cgsolve      :    16.38s CPU (     450 calls,   0.036 s avg)
     incdrhoscf   :     0.52s CPU (     450 calls,   0.001 s avg)
     addusddens   :     0.83s CPU (      13 calls,   0.064 s avg)
     vpsifft      :     0.26s CPU (     210 calls,   0.001 s avg)
     dv_of_drho   :     0.65s CPU (      45 calls,   0.014 s avg)
     mix_pot      :     0.72s CPU (      14 calls,   0.051 s avg)
     symdvscf     :     7.99s CPU (       9 calls,   0.888 s avg)
     newdq        :     1.20s CPU (      14 calls,   0.086 s avg)
     adddvscf     :     0.02s CPU (     330 calls,   0.000 s avg)
     drhodvus     :     0.04s CPU (       2 calls,   0.020 s avg)
 
     dvqpsi_us    :     0.27s CPU (     120 calls,   0.002 s avg)
     dvqpsi_us_on :     0.08s CPU (     120 calls,   0.001 s avg)
 
     cgsolve      :    16.38s CPU (     450 calls,   0.036 s avg)
     ch_psi       :    15.87s CPU (    5697 calls,   0.003 s avg)
 
     ch_psi       :    15.87s CPU (    5697 calls,   0.003 s avg)
     h_psiq       :    14.40s CPU (    5697 calls,   0.003 s avg)
     last         :     1.38s CPU (    5697 calls,   0.000 s avg)
 
     h_psiq       :    14.40s CPU (    5697 calls,   0.003 s avg)
     firstfft     :     9.20s CPU (   19963 calls,   0.000 s avg)
     secondfft    :     2.55s CPU (   19963 calls,   0.000 s avg)
     add_vuspsi   :     1.02s CPU (    5697 calls,   0.000 s avg)
 
     incdrhoscf   :     0.52s CPU (     450 calls,   0.001 s avg)
     addusdbec    :     0.04s CPU (     510 calls,   0.000 s avg)
 
     drhodvus     :     0.04s CPU (       2 calls,   0.020 s avg)
 
      General routines
     ccalbec      :     0.85s CPU (   14914 calls,   0.000 s avg)
     cft3         :     1.05s CPU (     335 calls,   0.003 s avg)
     cft3s        :     5.92s CPU (   47641 calls,   0.000 s avg)
     cinterpolate :     0.45s CPU (      96 calls,   0.005 s avg)
     davcio       :     0.58s CPU (    2279 calls,   0.000 s avg)
     write_rec    :     0.14s CPU (       9 calls,   0.016 s avg)
 
