
     Program PHONON    v.2.1cvs starts ...
     Today is 26Jul2005 at 16: 9: 0 

     Ultrasoft (Vanderbilt) Pseudopotentials

     Reading file ni.save ...      only dimensions
     read complete

     Reading file ni.save ...      all except wavefuctions
     read complete

     nbndx  =     9  nbnd   =     9  natomwfc =     6  npwx   =     179
     nelec  =  10.00  nkb   =    18  ngl    =     115

     warning: negative or imaginary core charge    -0.000020    0.000000

     phonons of Ni at X                                                         

     crystal is                     

     bravais-lattice index     =            2
     lattice parameter (a_0)   =       6.6500  a.u.
     unit-cell volume          =      73.5199 (a.u.)^3
     number of atoms/cell      =            1
     number of atomic types    =            1
     kinetic-energy cut-off    =      27.0000  Ry
     charge density cut-off    =     300.0000  Ry
     convergence threshold     =      1.0E-14
     beta                      =       0.7000
     number of iterations used =            4

     celldm(1)=    6.65000  celldm(2)=    0.00000  celldm(3)=    0.00000
     celldm(4)=    0.00000  celldm(5)=    0.00000  celldm(6)=    0.00000

     crystal axes: (cart. coord. in units of a_0)
               a(1) = ( -0.5000  0.0000  0.5000 )  
               a(2) = (  0.0000  0.5000  0.5000 )  
               a(3) = ( -0.5000  0.5000  0.0000 )  

     reciprocal axes: (cart. coord. in units 2 pi/a_0)
               b(1) = ( -1.0000 -1.0000  1.0000 )  
               b(2) = (  1.0000  1.0000  1.0000 )  
               b(3) = ( -1.0000  1.0000 -1.0000 )  


     Atoms inside the unit cell: 

   Cartesian axes

     site n.  atom      mass           positions (a_0 units)
        1        Ni  58.6934   tau( 1) = (    0.00000    0.00000    0.00000  )

     Computing dynamical matrix for 
                    q = (    0.00000    0.00000    1.00000 )

     17 Sym.Ops. (with q -> -q+G )


     G cutoff =  336.0507  (   6423 G-vectors)     FFT grid: ( 27, 27, 27)
     G cutoff =  120.9783  (   1411 G-vectors)  smooth grid: ( 15, 15, 15)
     number of k points=   80  gaussian broad. (ryd)=  0.0200     ngauss =   1
                       cart. coord. in units 2pi/a_0
        k(    1) = (  -0.1250000   0.1250000   0.1250000), wk =   0.0312500
        k(    2) = (  -0.1250000   0.1250000   1.1250000), wk =   0.0000000
        k(    3) = (  -0.3750000   0.3750000  -0.1250000), wk =   0.0312500
        k(    4) = (  -0.3750000   0.3750000   0.8750000), wk =   0.0000000
        k(    5) = (   0.3750000  -0.3750000   0.6250000), wk =   0.0312500
        k(    6) = (   0.3750000  -0.3750000   1.6250000), wk =   0.0000000
        k(    7) = (   0.1250000  -0.1250000   0.3750000), wk =   0.0312500
        k(    8) = (   0.1250000  -0.1250000   1.3750000), wk =   0.0000000
        k(    9) = (  -0.1250000   0.6250000   0.1250000), wk =   0.0625000
        k(   10) = (  -0.1250000   0.6250000   1.1250000), wk =   0.0000000
        k(   11) = (   0.6250000  -0.1250000   0.8750000), wk =   0.0625000
        k(   12) = (   0.6250000  -0.1250000   1.8750000), wk =   0.0000000
        k(   13) = (   0.3750000   0.1250000   0.6250000), wk =   0.0625000
        k(   14) = (   0.3750000   0.1250000   1.6250000), wk =   0.0000000
        k(   15) = (  -0.1250000  -0.8750000   0.1250000), wk =   0.0625000
        k(   16) = (  -0.1250000  -0.8750000   1.1250000), wk =   0.0000000
        k(   17) = (  -0.3750000   0.3750000   0.3750000), wk =   0.0312500
        k(   18) = (  -0.3750000   0.3750000   1.3750000), wk =   0.0000000
        k(   19) = (   0.3750000  -0.3750000   1.1250000), wk =   0.0312500
        k(   20) = (   0.3750000  -0.3750000   2.1250000), wk =   0.0000000
        k(   21) = (  -0.1250000  -0.3750000  -0.3750000), wk =   0.0625000
        k(   22) = (  -0.1250000  -0.3750000   0.6250000), wk =   0.0000000
        k(   23) = (   0.6250000   0.3750000   0.3750000), wk =   0.0625000
        k(   24) = (   0.6250000   0.3750000   1.3750000), wk =   0.0000000
        k(   25) = (   0.3750000   0.1250000   0.1250000), wk =   0.0625000
        k(   26) = (   0.3750000   0.1250000   1.1250000), wk =   0.0000000
        k(   27) = (   0.1250000   0.1250000   0.6250000), wk =   0.0312500
        k(   28) = (   0.1250000   0.1250000   1.6250000), wk =   0.0000000
        k(   29) = (   0.8750000   0.1250000   0.6250000), wk =   0.0625000
        k(   30) = (   0.8750000   0.1250000   1.6250000), wk =   0.0000000
        k(   31) = (  -0.6250000   0.8750000  -0.1250000), wk =   0.0625000
        k(   32) = (  -0.6250000   0.8750000   0.8750000), wk =   0.0000000
        k(   33) = (   0.6250000  -0.1250000   0.3750000), wk =   0.0625000
        k(   34) = (   0.6250000  -0.1250000   1.3750000), wk =   0.0000000
        k(   35) = (  -0.3750000   0.6250000   0.1250000), wk =   0.0625000
        k(   36) = (  -0.3750000   0.6250000   1.1250000), wk =   0.0000000
        k(   37) = (   0.1250000   0.1250000  -0.8750000), wk =   0.0312500
        k(   38) = (   0.1250000   0.1250000   0.1250000), wk =   0.0000000
        k(   39) = (   1.1250000   0.3750000   0.3750000), wk =   0.0625000
        k(   40) = (   1.1250000   0.3750000   1.3750000), wk =   0.0000000
        k(   41) = (  -0.1250000   0.1250000   0.1250000), wk =   0.0312500
        k(   42) = (  -0.1250000   0.1250000   1.1250000), wk =   0.0000000
        k(   43) = (  -0.3750000   0.3750000  -0.1250000), wk =   0.0312500
        k(   44) = (  -0.3750000   0.3750000   0.8750000), wk =   0.0000000
        k(   45) = (   0.3750000  -0.3750000   0.6250000), wk =   0.0312500
        k(   46) = (   0.3750000  -0.3750000   1.6250000), wk =   0.0000000
        k(   47) = (   0.1250000  -0.1250000   0.3750000), wk =   0.0312500
        k(   48) = (   0.1250000  -0.1250000   1.3750000), wk =   0.0000000
        k(   49) = (  -0.1250000   0.6250000   0.1250000), wk =   0.0625000
        k(   50) = (  -0.1250000   0.6250000   1.1250000), wk =   0.0000000
        k(   51) = (   0.6250000  -0.1250000   0.8750000), wk =   0.0625000
        k(   52) = (   0.6250000  -0.1250000   1.8750000), wk =   0.0000000
        k(   53) = (   0.3750000   0.1250000   0.6250000), wk =   0.0625000
        k(   54) = (   0.3750000   0.1250000   1.6250000), wk =   0.0000000
        k(   55) = (  -0.1250000  -0.8750000   0.1250000), wk =   0.0625000
        k(   56) = (  -0.1250000  -0.8750000   1.1250000), wk =   0.0000000
        k(   57) = (  -0.3750000   0.3750000   0.3750000), wk =   0.0312500
        k(   58) = (  -0.3750000   0.3750000   1.3750000), wk =   0.0000000
        k(   59) = (   0.3750000  -0.3750000   1.1250000), wk =   0.0312500
        k(   60) = (   0.3750000  -0.3750000   2.1250000), wk =   0.0000000
        k(   61) = (  -0.1250000  -0.3750000  -0.3750000), wk =   0.0625000
        k(   62) = (  -0.1250000  -0.3750000   0.6250000), wk =   0.0000000
        k(   63) = (   0.6250000   0.3750000   0.3750000), wk =   0.0625000
        k(   64) = (   0.6250000   0.3750000   1.3750000), wk =   0.0000000
        k(   65) = (   0.3750000   0.1250000   0.1250000), wk =   0.0625000
        k(   66) = (   0.3750000   0.1250000   1.1250000), wk =   0.0000000
        k(   67) = (   0.1250000   0.1250000   0.6250000), wk =   0.0312500
        k(   68) = (   0.1250000   0.1250000   1.6250000), wk =   0.0000000
        k(   69) = (   0.8750000   0.1250000   0.6250000), wk =   0.0625000
        k(   70) = (   0.8750000   0.1250000   1.6250000), wk =   0.0000000
        k(   71) = (  -0.6250000   0.8750000  -0.1250000), wk =   0.0625000
        k(   72) = (  -0.6250000   0.8750000   0.8750000), wk =   0.0000000
        k(   73) = (   0.6250000  -0.1250000   0.3750000), wk =   0.0625000
        k(   74) = (   0.6250000  -0.1250000   1.3750000), wk =   0.0000000
        k(   75) = (  -0.3750000   0.6250000   0.1250000), wk =   0.0625000
        k(   76) = (  -0.3750000   0.6250000   1.1250000), wk =   0.0000000
        k(   77) = (   0.1250000   0.1250000  -0.8750000), wk =   0.0312500
        k(   78) = (   0.1250000   0.1250000   0.1250000), wk =   0.0000000
        k(   79) = (   1.1250000   0.3750000   0.3750000), wk =   0.0625000
        k(   80) = (   1.1250000   0.3750000   1.3750000), wk =   0.0000000

     pseudo 1 is Ni (US)    zval = 10.0   lmax= 2   lloc= 0
     Version   0  0  0 of US pseudo code

     Using log mesh of  1203 points

     The pseudopotential has  6 beta functions with: 

                l(1) =   0
                l(2) =   0
                l(3) =   1
                l(4) =   1
                l(5) =   2
                l(6) =   2

     Q(r) pseudized with  0 coefficients,  rinner =    0.000   0.000   0.000
                                                             0.000   0.000


     Atomic displacements:
     There are   2 irreducible representations

     Representation     1      1 modes - To be done

     Representation     2      2 modes - To be done
     PHONON       :     8.24s CPU time


     Alpha used in Ewald sum =   2.8000


     Representation #  1 mode #   1

     Self-consistent Calculation

      iter #   1 total cpu time :    12.0 secs   av.it.:   5.0
      thresh= 0.100E-01 alpha_mix =  0.700 |ddv_scf|^2 =  0.467E-03

      iter #   2 total cpu time :    14.2 secs   av.it.:   6.8
      thresh= 0.216E-02 alpha_mix =  0.700 |ddv_scf|^2 =  0.266E-03

      iter #   3 total cpu time :    16.2 secs   av.it.:   6.2
      thresh= 0.163E-02 alpha_mix =  0.700 |ddv_scf|^2 =  0.374E-07

      iter #   4 total cpu time :    18.4 secs   av.it.:   6.5
      thresh= 0.193E-04 alpha_mix =  0.700 |ddv_scf|^2 =  0.301E-09

      iter #   5 total cpu time :    20.4 secs   av.it.:   5.7
      thresh= 0.173E-05 alpha_mix =  0.700 |ddv_scf|^2 =  0.942E-11

      iter #   6 total cpu time :    22.5 secs   av.it.:   6.1
      thresh= 0.307E-06 alpha_mix =  0.700 |ddv_scf|^2 =  0.384E-13

      iter #   7 total cpu time :    24.5 secs   av.it.:   6.4
      thresh= 0.196E-07 alpha_mix =  0.700 |ddv_scf|^2 =  0.554E-15

     End of self-consistent calculation

     Convergence has been achieved 


     Representation #  2 modes #   2  3

     Self-consistent Calculation

      iter #   1 total cpu time :    28.4 secs   av.it.:   4.4
      thresh= 0.100E-01 alpha_mix =  0.700 |ddv_scf|^2 =  0.141E-04

      iter #   2 total cpu time :    32.5 secs   av.it.:   7.6
      thresh= 0.376E-03 alpha_mix =  0.700 |ddv_scf|^2 =  0.521E-06

      iter #   3 total cpu time :    36.7 secs   av.it.:   7.5
      thresh= 0.722E-04 alpha_mix =  0.700 |ddv_scf|^2 =  0.318E-08

      iter #   4 total cpu time :    40.8 secs   av.it.:   6.8
      thresh= 0.564E-05 alpha_mix =  0.700 |ddv_scf|^2 =  0.522E-11

      iter #   5 total cpu time :    45.0 secs   av.it.:   6.9
      thresh= 0.228E-06 alpha_mix =  0.700 |ddv_scf|^2 =  0.103E-12

      iter #   6 total cpu time :    48.8 secs   av.it.:   7.1
      thresh= 0.321E-07 alpha_mix =  0.700 |ddv_scf|^2 =  0.208E-14

     End of self-consistent calculation

     Convergence has been achieved 

     Number of q in the star =    3
     List of q in the star:
          1   0.000000000   0.000000000   1.000000000
          2   1.000000000   0.000000000   0.000000000
          3   0.000000000   1.000000000   0.000000000

     Diagonalizing the dynamical matrix

     q = (    0.000000000   0.000000000   1.000000000 ) 


     omega( 1) =       6.728967 [THz] =     224.455679 [cm-1]
     omega( 2) =       6.728967 [THz] =     224.455679 [cm-1]
     omega( 3) =       9.116920 [THz] =     304.109753 [cm-1]
 **************************************************************************

     PHONON       :    49.34s CPU time

     INITIALIZATION: 
     phq_setup    :     1.11s CPU
     phq_init     :     7.05s CPU

     phq_init     :     7.05s CPU
     set_drhoc    :     2.00s CPU (       3 calls,   0.667 s avg)
     init_vloc    :     0.02s CPU (       2 calls,   0.010 s avg)
     init_us_1    :     2.74s CPU
     newd         :     0.13s CPU
     dvanqq       :     1.24s CPU
     drho         :     1.52s CPU

     DYNAMICAL MATRIX:
     dynmat0      :     1.78s CPU
     phqscf       :    39.30s CPU
     dynmatrix    :     0.01s CPU

     phqscf       :    39.30s CPU
     solve_linter :    39.04s CPU (       2 calls,  19.520 s avg)
     drhodv       :     0.26s CPU (       2 calls,   0.130 s avg)

     dynmat0      :     1.78s CPU
     dynmat_us    :     0.18s CPU
     d2ionq       :     0.01s CPU
     dynmatcc     :     1.59s CPU

     dynmat_us    :     0.18s CPU
     addusdynmat  :     0.00s CPU

     phqscf       :    39.30s CPU
     solve_linter :    39.04s CPU (       2 calls,  19.520 s avg)

     solve_linter :    39.04s CPU (       2 calls,  19.520 s avg)
     dvqpsi_us    :     0.73s CPU (     120 calls,   0.006 s avg)
     ortho        :     0.36s CPU (     760 calls,   0.000 s avg)
     cgsolve      :    17.42s CPU (     760 calls,   0.023 s avg)
     incdrhoscf   :     1.94s CPU (     760 calls,   0.003 s avg)
     addusddens   :     4.69s CPU (      15 calls,   0.313 s avg)
     vpsifft      :     1.04s CPU (     640 calls,   0.002 s avg)
     dv_of_drho   :     2.70s CPU (      19 calls,   0.142 s avg)
     mix_pot      :     1.80s CPU (      13 calls,   0.138 s avg)
     symdvscf     :     1.47s CPU (      13 calls,   0.113 s avg)
     newdq        :     4.67s CPU (      13 calls,   0.359 s avg)
     adddvscf     :     0.20s CPU (     640 calls,   0.000 s avg)
     drhodvus     :     0.07s CPU (       2 calls,   0.035 s avg)

     dvqpsi_us    :     0.73s CPU (     120 calls,   0.006 s avg)
     dvqpsi_us_on :     0.31s CPU (     120 calls,   0.003 s avg)

     cgsolve      :    17.42s CPU (     760 calls,   0.023 s avg)
     ch_psi       :    17.06s CPU (    5914 calls,   0.003 s avg)

     ch_psi       :    17.06s CPU (    5914 calls,   0.003 s avg)
     h_psiq       :    14.34s CPU (    5914 calls,   0.002 s avg)
     last         :     2.63s CPU (    5914 calls,   0.000 s avg)

     h_psiq       :    14.34s CPU (    5914 calls,   0.002 s avg)
     firstfft     :     6.77s CPU (   28276 calls,   0.000 s avg)
     secondfft    :     4.39s CPU (   28276 calls,   0.000 s avg)
     add_vuspsi   :     0.86s CPU (    5914 calls,   0.000 s avg)

     incdrhoscf   :     1.94s CPU (     760 calls,   0.003 s avg)
     addusdbec    :     0.33s CPU (     880 calls,   0.000 s avg)

     drhodvus     :     0.07s CPU (       2 calls,   0.035 s avg)

      General routines
     ccalbec      :     2.85s CPU (   14508 calls,   0.000 s avg)
     cft3         :     1.59s CPU (     676 calls,   0.002 s avg)
     cft3s        :    10.80s CPU (   75053 calls,   0.000 s avg)
     cinterpolate :     0.24s CPU (      82 calls,   0.003 s avg)
     davcio       :     3.23s CPU (    3636 calls,   0.001 s avg)
     write_rec    :     0.35s CPU (      13 calls,   0.027 s avg)

