
     Program PHONON    v.2.1    starts ...
     Today is 24Aug2004 at 12:37:21 

     Ultrasoft (Vanderbilt) Pseudopotentials

     Reading file si.save ...      only dimensions
     read complete

     Reading file si.save ...      all except wavefuctions
     read complete

     nbndx  =     4  nbnd   =     4  natomwfc =     8  npwx   =     350
     nelec  =    8.00 nkb   =     8  ngl    =      65

     starting from an old run
     Doing now the calculation for q point nr   1

     phonons of si at X                                                         

     crystal is                     

     bravais-lattice index     =            2
     lattice parameter (a_0)   =      10.2000  a.u.
     unit-cell volume          =     265.3020 (a.u.)^3
     number of atoms/cell      =            2
     number of atomic types    =            1
     kinetic-energy cut-off    =      18.0000  Ry
     charge density cut-off    =      72.0000  Ry
     convergence threshold     =      1.0E-14
     beta                      =       0.7000
     number of iterations used =            4

     celldm(1)=   10.20000  celldm(2)=    0.00000  celldm(3)=    0.00000
     celldm(4)=    0.00000  celldm(5)=    0.00000  celldm(6)=    0.00000

     crystal axes: (cart. coord. in units of a_0)
               a(1) = ( -0.5000  0.0000  0.5000 )  
               a(2) = (  0.0000  0.5000  0.5000 )  
               a(3) = ( -0.5000  0.5000  0.0000 )  

     reciprocal axes: (cart. coord. in units 2 pi/a_0)
               b(1) = ( -1.0000 -1.0000  1.0000 )  
               b(2) = (  1.0000  1.0000  1.0000 )  
               b(3) = ( -1.0000  1.0000 -1.0000 )  


     Atoms inside the unit cell: 

   Cartesian axes

     site n.  atom      mass           positions (a_0 units)
        1        Si  28.0800   tau( 1) = (    0.00000    0.00000    0.00000  )
        2        Si  28.0800   tau( 2) = (    0.25000    0.25000    0.25000  )

     Computing dynamical matrix for 
                    q = (    1.00000    0.00000    0.00000 )
 
     17 Sym.Ops. (with q -> -q+G )


     G cutoff =  189.7462  (   2733 G-vectors)     FFT grid: ( 20, 20, 20)
     number of k points=   40
                       cart. coord. in units 2pi/a_0
        k(    1) = (   0.1250000   0.1250000   0.1250000), wk =   0.0625000
        k(    2) = (   1.1250000   0.1250000   0.1250000), wk =   0.0000000
        k(    3) = (   0.1250000   0.1250000   0.3750000), wk =   0.1250000
        k(    4) = (   1.1250000   0.1250000   0.3750000), wk =   0.0000000
        k(    5) = (   0.1250000   0.1250000   0.6250000), wk =   0.1250000
        k(    6) = (   1.1250000   0.1250000   0.6250000), wk =   0.0000000
        k(    7) = (   0.1250000   0.1250000   0.8750000), wk =   0.1250000
        k(    8) = (   1.1250000   0.1250000   0.8750000), wk =   0.0000000
        k(    9) = (   0.1250000   0.3750000   0.3750000), wk =   0.0625000
        k(   10) = (   1.1250000   0.3750000   0.3750000), wk =   0.0000000
        k(   11) = (   0.1250000   0.3750000   0.6250000), wk =   0.1250000
        k(   12) = (   1.1250000   0.3750000   0.6250000), wk =   0.0000000
        k(   13) = (   0.1250000   0.3750000   0.8750000), wk =   0.1250000
        k(   14) = (   1.1250000   0.3750000   0.8750000), wk =   0.0000000
        k(   15) = (   0.1250000   0.6250000   0.6250000), wk =   0.0625000
        k(   16) = (   1.1250000   0.6250000   0.6250000), wk =   0.0000000
        k(   17) = (   0.3750000   0.3750000   0.3750000), wk =   0.0625000
        k(   18) = (   1.3750000   0.3750000   0.3750000), wk =   0.0000000
        k(   19) = (   0.3750000   0.3750000   0.6250000), wk =   0.1250000
        k(   20) = (   1.3750000   0.3750000   0.6250000), wk =   0.0000000
        k(   21) = (   0.3750000  -0.1250000   0.1250000), wk =   0.0625000
        k(   22) = (   1.3750000  -0.1250000   0.1250000), wk =   0.0000000
        k(   23) = (   0.6250000  -0.1250000   0.1250000), wk =   0.0625000
        k(   24) = (   1.6250000  -0.1250000   0.1250000), wk =   0.0000000
        k(   25) = (   0.8750000  -0.1250000   0.1250000), wk =   0.0625000
        k(   26) = (   1.8750000  -0.1250000   0.1250000), wk =   0.0000000
        k(   27) = (   0.3750000   0.1250000  -0.3750000), wk =   0.1250000
        k(   28) = (   1.3750000   0.1250000  -0.3750000), wk =   0.0000000
        k(   29) = (   0.3750000   0.1250000  -0.6250000), wk =   0.1250000
        k(   30) = (   1.3750000   0.1250000  -0.6250000), wk =   0.0000000
        k(   31) = (   0.6250000  -0.3750000   0.1250000), wk =   0.1250000
        k(   32) = (   1.6250000  -0.3750000   0.1250000), wk =   0.0000000
        k(   33) = (   0.3750000   0.1250000  -0.8750000), wk =   0.1250000
        k(   34) = (   1.3750000   0.1250000  -0.8750000), wk =   0.0000000
        k(   35) = (   0.8750000  -0.3750000   0.1250000), wk =   0.1250000
        k(   36) = (   1.8750000  -0.3750000   0.1250000), wk =   0.0000000
        k(   37) = (   0.6250000   0.1250000  -0.6250000), wk =   0.1250000
        k(   38) = (   1.6250000   0.1250000  -0.6250000), wk =   0.0000000
        k(   39) = (   0.6250000  -0.3750000   0.3750000), wk =   0.0625000
        k(   40) = (   1.6250000  -0.3750000   0.3750000), wk =   0.0000000

     pseudo 1 is Si         zval =  4.0   lmax= 1   lloc= 0
     (in numerical form: 431 grid points, xmin =  0.00, dx = 0.0000)


     Atomic displacements:
     There are   3 irreducible representations

     Representation     1      2 modes - To be done

     Representation     2      2 modes - To be done

     Representation     3      2 modes - To be done
     PHONON       :     0.23s CPU time


     Alpha used in Ewald sum =   0.7000


     Representation #  1 modes #   1  2

     Self-consistent Calculation

      iter #   1 total cpu time :     4.2 secs   av.it.:   5.5
      thresh= 0.100E-01 alpha_mix =  0.700 |ddv_scf|^2 =  0.186E-04

      iter #   2 total cpu time :     9.6 secs   av.it.:   9.0
      thresh= 0.432E-03 alpha_mix =  0.700 |ddv_scf|^2 =  0.254E-04

      iter #   3 total cpu time :    14.7 secs   av.it.:   8.4
      thresh= 0.504E-03 alpha_mix =  0.700 |ddv_scf|^2 =  0.519E-08

      iter #   4 total cpu time :    20.1 secs   av.it.:   8.9
      thresh= 0.720E-05 alpha_mix =  0.700 |ddv_scf|^2 =  0.750E-10

      iter #   5 total cpu time :    25.3 secs   av.it.:   8.6
      thresh= 0.866E-06 alpha_mix =  0.700 |ddv_scf|^2 =  0.223E-11

      iter #   6 total cpu time :    30.5 secs   av.it.:   8.6
      thresh= 0.149E-06 alpha_mix =  0.700 |ddv_scf|^2 =  0.700E-14

     End of self-consistent calculation

     Convergence has been achieved 


     Representation #  2 modes #   3  4

     Self-consistent Calculation

      iter #   1 total cpu time :    33.9 secs   av.it.:   4.5
      thresh= 0.100E-01 alpha_mix =  0.700 |ddv_scf|^2 =  0.121E-07

      iter #   2 total cpu time :    39.4 secs   av.it.:   9.3
      thresh= 0.110E-04 alpha_mix =  0.700 |ddv_scf|^2 =  0.550E-09

      iter #   3 total cpu time :    44.7 secs   av.it.:   8.7
      thresh= 0.235E-05 alpha_mix =  0.700 |ddv_scf|^2 =  0.201E-10

      iter #   4 total cpu time :    49.9 secs   av.it.:   8.6
      thresh= 0.449E-06 alpha_mix =  0.700 |ddv_scf|^2 =  0.241E-13

      iter #   5 total cpu time :    55.5 secs   av.it.:   9.5
      thresh= 0.155E-07 alpha_mix =  0.700 |ddv_scf|^2 =  0.714E-16

     End of self-consistent calculation

     Convergence has been achieved 


     Representation #  3 modes #   5  6

     Self-consistent Calculation

      iter #   1 total cpu time :    59.4 secs   av.it.:   5.5
      thresh= 0.100E-01 alpha_mix =  0.700 |ddv_scf|^2 =  0.390E-05

      iter #   2 total cpu time :    64.9 secs   av.it.:   9.3
      thresh= 0.198E-03 alpha_mix =  0.700 |ddv_scf|^2 =  0.108E-05

      iter #   3 total cpu time :    70.2 secs   av.it.:   8.8
      thresh= 0.104E-03 alpha_mix =  0.700 |ddv_scf|^2 =  0.178E-09

      iter #   4 total cpu time :    75.5 secs   av.it.:   8.6
      thresh= 0.133E-05 alpha_mix =  0.700 |ddv_scf|^2 =  0.169E-11

      iter #   5 total cpu time :    80.7 secs   av.it.:   8.7
      thresh= 0.130E-06 alpha_mix =  0.700 |ddv_scf|^2 =  0.457E-14

     End of self-consistent calculation

     Convergence has been achieved 
 
     Number of q in the star =    3
     List of q in the star:
          1   1.000000000   0.000000000   0.000000000
          2   0.000000000   1.000000000   0.000000000
          3   0.000000000   0.000000000   1.000000000

     Diagonalizing the dynamical matrix

     q = (    1.000000000   0.000000000   0.000000000 ) 

 **************************************************************************
     omega( 1) =       4.209369 [THz] =     140.410373 [cm-1]
     omega( 2) =       4.209369 [THz] =     140.410373 [cm-1]
     omega( 3) =      12.239011 [THz] =     408.252167 [cm-1]
     omega( 4) =      12.239011 [THz] =     408.252167 [cm-1]
     omega( 5) =      13.743346 [THz] =     458.431723 [cm-1]
     omega( 6) =      13.743346 [THz] =     458.431723 [cm-1]
 **************************************************************************
 
     PHONON       :  1m20.77s CPU time

     INITIALIZATION: 
     phq_setup    :     0.00s CPU
     phq_init     :     0.21s CPU
 
     phq_init     :     0.21s CPU
     init_vloc    :     0.02s CPU (       2 calls,   0.010 s avg)
     init_us_1    :     0.06s CPU
 
     DYNAMICAL MATRIX:
     dynmat0      :     0.05s CPU
     phqscf       :    80.48s CPU
     dynmatrix    :     0.01s CPU
 
     phqscf       :    80.48s CPU
     solve_linter :    80.35s CPU (       3 calls,  26.783 s avg)
     drhodv       :     0.13s CPU (       3 calls,   0.043 s avg)
 
     dynmat0      :     0.05s CPU
     dynmat_us    :     0.04s CPU
     d2ionq       :     0.01s CPU
 
     dynmat_us    :     0.04s CPU
 
     phqscf       :    80.48s CPU
     solve_linter :    80.35s CPU (       3 calls,  26.783 s avg)
 
     solve_linter :    80.35s CPU (       3 calls,  26.783 s avg)
     dvqpsi_us    :     1.55s CPU (     120 calls,   0.013 s avg)
     ortho        :     0.29s CPU (     640 calls,   0.000 s avg)
     cgsolve      :    63.84s CPU (     640 calls,   0.100 s avg)
     incdrhoscf   :     7.86s CPU (     640 calls,   0.012 s avg)
     vpsifft      :     5.15s CPU (     520 calls,   0.010 s avg)
     dv_of_drho   :     0.13s CPU (      32 calls,   0.004 s avg)
     mix_pot      :     0.16s CPU (      16 calls,   0.010 s avg)
     symdvscf     :     0.86s CPU (      16 calls,   0.054 s avg)
 
     dvqpsi_us    :     1.55s CPU (     120 calls,   0.013 s avg)
     dvqpsi_us_on :     0.07s CPU (     120 calls,   0.001 s avg)
 
     cgsolve      :    63.84s CPU (     640 calls,   0.100 s avg)
     ch_psi       :    62.97s CPU (    5963 calls,   0.011 s avg)
 
     ch_psi       :    62.97s CPU (    5963 calls,   0.011 s avg)
     h_psiq       :    60.08s CPU (    5963 calls,   0.010 s avg)
     last         :     2.66s CPU (    5963 calls,   0.000 s avg)
 
     h_psiq       :    60.08s CPU (    5963 calls,   0.010 s avg)
     firstfft     :    28.28s CPU (   21868 calls,   0.001 s avg)
     secondfft    :    27.44s CPU (   21868 calls,   0.001 s avg)
     add_vuspsi   :     0.85s CPU (    5963 calls,   0.000 s avg)
 
     incdrhoscf   :     7.86s CPU (     640 calls,   0.012 s avg)
 
 
      General routines
     ccalbec      :     1.87s CPU (   15166 calls,   0.000 s avg)
     cft3         :     0.11s CPU (      98 calls,   0.001 s avg)
     cft3s        :    64.98s CPU (   54114 calls,   0.001 s avg)
     davcio       :     0.30s CPU (    2690 calls,   0.000 s avg)
     write_rec    :     0.00s CPU (      16 calls,   0.000 s avg)
 
