
     Program PHONON    v.4.0    starts ...
     Today is 28Aug2008 at 17:18:35 

     Parallel version (MPI)

     Number of processors in use:       1

     Ultrasoft (Vanderbilt) Pseudopotentials

     WARNING: Pseudopotential #  1 file : Ni.pbe-nd-rrkjus.UPF
     WARNING: WFC # 1(4S) IS NOT CORRECTLY NORMALIZED: norm=  0.943897
     WARNING: WFC HAS BEEN NOW RENORMALIZED !

     Planes per process (thick) : nr3 = 27 npp =  27 ncplane =  729
     Planes per process (smooth): nr3s= 15 npps=  15 ncplanes=  225
 
     Proc/  planes cols     G    planes cols    G      columns  G
     Pool       (dense grid)       (smooth grid)      (wavefct grid)
       1     27    451     6423   15    163     1411     61      331
 

     Check: negative/imaginary core charge=   -0.000020    0.000000
     it, count:    1    0    0
         1.000000    2.000000    3.000000

     Fixed quantization axis for GGA:     0.000000    1.000000    0.000000
     it, count:    1    0    0
         1.000000    2.000000    3.000000

                                                                                

     bravais-lattice index     =            2
     lattice parameter (a_0)   =       6.6500  a.u.
     unit-cell volume          =      73.5199 (a.u.)^3
     number of atoms/cell      =            1
     number of atomic types    =            1
     kinetic-energy cut-off    =      27.0000  Ry
     charge density cut-off    =     300.0000  Ry
     convergence threshold     =      1.0E-16
     beta                      =       0.7000
     number of iterations used =            4
     Exchange-correlation      =  SLA  PW   PBE  PBE (1434)
     Noncollinear calculation without spin-orbit

     celldm(1)=    6.65000  celldm(2)=    0.00000  celldm(3)=    0.00000
     celldm(4)=    0.00000  celldm(5)=    0.00000  celldm(6)=    0.00000

     crystal axes: (cart. coord. in units of a_0)
               a(1) = ( -0.5000  0.0000  0.5000 )  
               a(2) = (  0.0000  0.5000  0.5000 )  
               a(3) = ( -0.5000  0.5000  0.0000 )  

     reciprocal axes: (cart. coord. in units 2 pi/a_0)
               b(1) = ( -1.0000 -1.0000  1.0000 )  
               b(2) = (  1.0000  1.0000  1.0000 )  
               b(3) = ( -1.0000  1.0000 -1.0000 )  


     Atoms inside the unit cell: 

   Cartesian axes

     site n.  atom      mass           positions (a_0 units)
        1        Ni  58.6934   tau( 1) = (    0.00000    0.00000    0.00000  )

     Computing dynamical matrix for 
                    q = (   0.0000000   0.0000000   0.0000000 )
 
     17 Sym.Ops. (with q -> -q+G )


     G cutoff =  336.0507  (   6423 G-vectors)     FFT grid: ( 27, 27, 27)
     G cutoff =  120.9783  (   1411 G-vectors)  smooth grid: ( 15, 15, 15)
     number of k points=   20  gaussian broad. (Ry)=  0.0200     ngauss =   1
                       cart. coord. in units 2pi/a_0
        k(    1) = (  -0.1250000   0.1250000   0.1250000), wk =   0.0312500
        k(    2) = (  -0.3750000   0.3750000  -0.1250000), wk =   0.0625000
        k(    3) = (   0.3750000  -0.3750000   0.6250000), wk =   0.0625000
        k(    4) = (   0.1250000  -0.1250000   0.3750000), wk =   0.0625000
        k(    5) = (  -0.1250000   0.6250000   0.1250000), wk =   0.0312500
        k(    6) = (   0.6250000  -0.1250000   0.8750000), wk =   0.0625000
        k(    7) = (   0.3750000   0.1250000   0.6250000), wk =   0.0625000
        k(    8) = (  -0.1250000  -0.8750000   0.1250000), wk =   0.0312500
        k(    9) = (  -0.3750000   0.3750000   0.3750000), wk =   0.0312500
        k(   10) = (   0.3750000  -0.3750000   1.1250000), wk =   0.0625000
        k(   11) = (   0.3750000  -0.1250000  -0.3750000), wk =   0.0312500
        k(   12) = (  -0.3750000   0.6250000   0.3750000), wk =   0.0312500
        k(   13) = (  -0.1250000   0.3750000   0.1250000), wk =   0.0312500
        k(   14) = (   0.6250000   0.1250000  -0.1250000), wk =   0.0625000
        k(   15) = (  -0.1250000   0.8750000   0.6250000), wk =   0.0625000
        k(   16) = (   0.8750000   0.6250000  -0.1250000), wk =   0.0625000
        k(   17) = (   0.1250000   0.6250000   0.3750000), wk =   0.0625000
        k(   18) = (   0.6250000   0.3750000   0.1250000), wk =   0.0625000
        k(   19) = (  -0.8750000   0.1250000  -0.1250000), wk =   0.0625000
        k(   20) = (  -0.3750000   1.1250000   0.3750000), wk =   0.0312500

     PseudoPot. # 1 for Ni read from file Ni.pbe-nd-rrkjus.UPF
     Pseudo is Ultrasoft + core correction, Zval = 10.0
     Generated by new atomic code, or converted to UPF format
     Using radial grid of 1203 points,  6 beta functions with: 
                l(1) =   0
                l(2) =   0
                l(3) =   1
                l(4) =   1
                l(5) =   2
                l(6) =   2
     Q(r) pseudized with 0 coefficients 



     Atomic displacements:
     There are   2 irreducible representations

     Representation     1      2 modes - To be done

     Representation     2      1 modes - To be done
     PHONON       :     5.25s CPU time,    5.60s wall time


     Alpha used in Ewald sum =   2.8000
     it, count:    1    0    0
         1.000000    2.000000    3.000000


     Representation #  1 modes #   1  2

     Self-consistent Calculation
 
     Pert. #  1: Fermi energy shift (Ry) =    0.0000    0.0000
     Pert. #  2: Fermi energy shift (Ry) =    0.0000    0.0000

      iter #   1 total cpu time :     8.8 secs   av.it.:   3.8
      thresh= 0.100E-01 alpha_mix =  0.700 |ddv_scf|^2 =  0.714E-06
 
     Pert. #  1: Fermi energy shift (Ry) =    0.0000    0.0000
     Pert. #  2: Fermi energy shift (Ry) =    0.0000    0.0000

      iter #   2 total cpu time :    12.6 secs   av.it.:   8.3
      thresh= 0.845E-04 alpha_mix =  0.700 |ddv_scf|^2 =  0.318E-08
 
     Pert. #  1: Fermi energy shift (Ry) =    0.0000    0.0000
     Pert. #  2: Fermi energy shift (Ry) =    0.0000    0.0000

      iter #   3 total cpu time :    16.0 secs   av.it.:   7.5
      thresh= 0.564E-05 alpha_mix =  0.700 |ddv_scf|^2 =  0.295E-09
 
     Pert. #  1: Fermi energy shift (Ry) =    0.0000    0.0000
     Pert. #  2: Fermi energy shift (Ry) =    0.0000    0.0000

      iter #   4 total cpu time :    19.4 secs   av.it.:   7.5
      thresh= 0.172E-05 alpha_mix =  0.700 |ddv_scf|^2 =  0.447E-12
 
     Pert. #  1: Fermi energy shift (Ry) =    0.0000    0.0000
     Pert. #  2: Fermi energy shift (Ry) =    0.0000    0.0000

      iter #   5 total cpu time :    22.9 secs   av.it.:   8.0
      thresh= 0.669E-07 alpha_mix =  0.700 |ddv_scf|^2 =  0.566E-14
 
     Pert. #  1: Fermi energy shift (Ry) =    0.0000    0.0000
     Pert. #  2: Fermi energy shift (Ry) =    0.0000    0.0000

      iter #   6 total cpu time :    26.5 secs   av.it.:   8.3
      thresh= 0.752E-08 alpha_mix =  0.700 |ddv_scf|^2 =  0.353E-15
 
     Pert. #  1: Fermi energy shift (Ry) =    0.0000    0.0000
     Pert. #  2: Fermi energy shift (Ry) =    0.0000    0.0000

      iter #   7 total cpu time :    30.2 secs   av.it.:   8.3
      thresh= 0.188E-08 alpha_mix =  0.700 |ddv_scf|^2 =  0.343E-17

     End of self-consistent calculation

     Convergence has been achieved 


     Representation #  2 mode #   3

     Self-consistent Calculation
 
     Pert. #  1: Fermi energy shift (Ry) =    0.0000    0.0000

      iter #   1 total cpu time :    32.0 secs   av.it.:   3.8
      thresh= 0.100E-01 alpha_mix =  0.700 |ddv_scf|^2 =  0.286E-05
 
     Pert. #  1: Fermi energy shift (Ry) =    0.0000    0.0000

      iter #   2 total cpu time :    33.7 secs   av.it.:   7.3
      thresh= 0.169E-03 alpha_mix =  0.700 |ddv_scf|^2 =  0.127E-07
 
     Pert. #  1: Fermi energy shift (Ry) =    0.0000    0.0000

      iter #   3 total cpu time :    35.3 secs   av.it.:   6.7
      thresh= 0.113E-04 alpha_mix =  0.700 |ddv_scf|^2 =  0.118E-08
 
     Pert. #  1: Fermi energy shift (Ry) =    0.0000    0.0000

      iter #   4 total cpu time :    36.9 secs   av.it.:   6.5
      thresh= 0.343E-05 alpha_mix =  0.700 |ddv_scf|^2 =  0.180E-11
 
     Pert. #  1: Fermi energy shift (Ry) =    0.0000    0.0000

      iter #   5 total cpu time :    38.6 secs   av.it.:   7.0
      thresh= 0.134E-06 alpha_mix =  0.700 |ddv_scf|^2 =  0.228E-13
 
     Pert. #  1: Fermi energy shift (Ry) =    0.0000    0.0000

      iter #   6 total cpu time :    40.3 secs   av.it.:   7.2
      thresh= 0.151E-07 alpha_mix =  0.700 |ddv_scf|^2 =  0.141E-14
 
     Pert. #  1: Fermi energy shift (Ry) =    0.0000    0.0000

      iter #   7 total cpu time :    42.0 secs   av.it.:   7.5
      thresh= 0.376E-08 alpha_mix =  0.700 |ddv_scf|^2 =  0.138E-16

     End of self-consistent calculation

     Convergence has been achieved 
 
     Number of q in the star =    1
     List of q in the star:
          1   0.000000000   0.000000000   0.000000000

     Diagonalizing the dynamical matrix

     q = (    0.000000000   0.000000000   0.000000000 ) 

 **************************************************************************
     omega( 1) =      -0.391717 [THz] =     -13.066343 [cm-1]
     omega( 2) =      -0.391717 [THz] =     -13.066343 [cm-1]
     omega( 3) =      -0.391709 [THz] =     -13.066077 [cm-1]
 **************************************************************************

     Mode symmetry, D_4h(4/mmm) [C_4h (4/m) ] magnetic point group:

     omega(  1 -  3) =        -13.1  [cm-1]   --> A_2u X_4' M_4'  I  
     omega(  1 -  3) =        -13.1  [cm-1]   --> E_u  X_5' M_5'  I  

 **************************************************************************
 
     PHONON       :    42.20s CPU time,   47.69s wall time

     INITIALIZATION: 
     phq_setup    :     0.38s CPU
     phq_init     :     2.94s CPU
 
     phq_init     :     2.94s CPU
     set_drhoc    :     0.83s CPU (       3 calls,   0.277 s avg)
     init_vloc    :     0.01s CPU (       2 calls,   0.005 s avg)
     init_us_1    :     0.92s CPU
     newd         :     0.06s CPU
     dvanqq       :     0.65s CPU
     drho         :     1.72s CPU
 
     DYNAMICAL MATRIX:
     dynmat0      :     0.79s CPU
     phqscf       :    36.16s CPU
     dynmatrix    :     0.00s CPU
 
     phqscf       :    36.16s CPU
     solve_linter :    36.01s CPU (       2 calls,  18.007 s avg)
     drhodv       :     0.13s CPU (       2 calls,   0.067 s avg)
 
     dynmat0      :     0.79s CPU
     dynmat_us    :     0.16s CPU
     d2ionq       :     0.00s CPU
     dynmatcc     :     0.63s CPU
 
     dynmat_us    :     0.16s CPU
     addusdynmat  :     0.00s CPU
 
     phqscf       :    36.16s CPU
     solve_linter :    36.01s CPU (       2 calls,  18.007 s avg)
 
     solve_linter :    36.01s CPU (       2 calls,  18.007 s avg)
     dvqpsi_us    :     0.57s CPU (      60 calls,   0.010 s avg)
     ortho        :     0.52s CPU (     420 calls,   0.001 s avg)
     cgsolve      :    21.76s CPU (     420 calls,   0.052 s avg)
     incdrhoscf   :     2.42s CPU (     420 calls,   0.006 s avg)
     addusddens   :     1.94s CPU (      16 calls,   0.121 s avg)
     vpsifft      :     1.49s CPU (     360 calls,   0.004 s avg)
     dv_of_drho   :     2.08s CPU (      21 calls,   0.099 s avg)
     mix_pot      :     0.27s CPU (      14 calls,   0.020 s avg)
     ef_shift     :     0.05s CPU (      16 calls,   0.003 s avg)
     localdos     :     0.38s CPU (       2 calls,   0.191 s avg)
     psymdvscf    :     0.54s CPU (      14 calls,   0.038 s avg)
     newdq        :     1.43s CPU (      14 calls,   0.102 s avg)
     adddvscf     :     0.25s CPU (     360 calls,   0.001 s avg)
     drhodvus     :     0.01s CPU (       2 calls,   0.003 s avg)
 
     dvqpsi_us    :     0.57s CPU (      60 calls,   0.010 s avg)
     dvqpsi_us_on :     0.22s CPU (      60 calls,   0.004 s avg)
 
     cgsolve      :    21.76s CPU (     420 calls,   0.052 s avg)
     ch_psi       :    20.95s CPU (    3641 calls,   0.006 s avg)
 
     ch_psi       :    20.95s CPU (    3641 calls,   0.006 s avg)
     h_psiq       :    18.23s CPU (    3641 calls,   0.005 s avg)
     last         :     2.60s CPU (    3641 calls,   0.001 s avg)
 
     h_psiq       :    18.23s CPU (    3641 calls,   0.005 s avg)
     firstfft     :     8.11s CPU (   34148 calls,   0.000 s avg)
     secondfft    :     4.89s CPU (   34148 calls,   0.000 s avg)
     add_vuspsi   :     0.94s CPU (    3641 calls,   0.000 s avg)
 
     incdrhoscf   :     2.42s CPU (     420 calls,   0.006 s avg)
 
     drhodvus     :     0.01s CPU (       2 calls,   0.003 s avg)
 
      General routines
     calbec       :     1.56s CPU (    8662 calls,   0.000 s avg)
     cft3s        :    13.66s CPU (  178908 calls,   0.000 s avg)
     cinterpolate :     0.29s CPU (     188 calls,   0.002 s avg)
     davcio       :     0.01s CPU (    1930 calls,   0.000 s avg)
     write_rec    :     0.06s CPU (      16 calls,   0.004 s avg)
 
