
     Program PHONON    v.4.0 starts ...
     Today is 28Apr2008 at 16:15:53 

     Ultrasoft (Vanderbilt) Pseudopotentials

     Check: negative/imaginary core charge=   -0.000003    0.000000
     it, count:    1    0    0
         1.000000    2.000000    3.000000

     Fixed quantization axis for GGA:     1.000000    0.000000    0.000000
     it, count:    1    0    0
         1.000000    2.000000    3.000000

                                                                                

     bravais-lattice index     =            2
     lattice parameter (a_0)   =       6.6500  a.u.
     unit-cell volume          =      73.5199 (a.u.)^3
     number of atoms/cell      =            1
     number of atomic types    =            1
     kinetic-energy cut-off    =      27.0000  Ry
     charge density cut-off    =     300.0000  Ry
     convergence threshold     =      1.0E-16
     beta                      =       0.7000
     number of iterations used =            4
     Exchange-correlation      =  SLA  PW   PBX  PBC (1434)
     Noncollinear calculation with spin-orbit

     celldm(1)=    6.65000  celldm(2)=    0.00000  celldm(3)=    0.00000
     celldm(4)=    0.00000  celldm(5)=    0.00000  celldm(6)=    0.00000

     crystal axes: (cart. coord. in units of a_0)
               a(1) = ( -0.5000  0.0000  0.5000 )  
               a(2) = (  0.0000  0.5000  0.5000 )  
               a(3) = ( -0.5000  0.5000  0.0000 )  

     reciprocal axes: (cart. coord. in units 2 pi/a_0)
               b(1) = ( -1.0000 -1.0000  1.0000 )  
               b(2) = (  1.0000  1.0000  1.0000 )  
               b(3) = ( -1.0000  1.0000 -1.0000 )  


     Atoms inside the unit cell: 

   Cartesian axes

     site n.  atom      mass           positions (a_0 units)
        1        Ni  58.6934   tau( 1) = (    0.00000    0.00000    0.00000  )

     Computing dynamical matrix for 
                    q = (    0.00000    0.00000    0.00000 )
 
     17 Sym.Ops. (with q -> -q+G )


     G cutoff =  336.0507  (   6423 G-vectors)     FFT grid: ( 27, 27, 27)
     G cutoff =  120.9783  (   1411 G-vectors)  smooth grid: ( 15, 15, 15)
     number of k points=   20  gaussian broad. (Ry)=  0.0200     ngauss =   1
                       cart. coord. in units 2pi/a_0
        k(    1) = (  -0.1250000   0.1250000   0.1250000), wk =   0.0312500
        k(    2) = (  -0.3750000   0.3750000  -0.1250000), wk =   0.0625000
        k(    3) = (   0.3750000  -0.3750000   0.6250000), wk =   0.0625000
        k(    4) = (   0.1250000  -0.1250000   0.3750000), wk =   0.0625000
        k(    5) = (  -0.1250000   0.6250000   0.1250000), wk =   0.0625000
        k(    6) = (   0.6250000  -0.1250000   0.8750000), wk =   0.0625000
        k(    7) = (   0.3750000   0.1250000   0.6250000), wk =   0.0625000
        k(    8) = (  -0.1250000  -0.8750000   0.1250000), wk =   0.0625000
        k(    9) = (  -0.3750000   0.3750000   0.3750000), wk =   0.0312500
        k(   10) = (   0.3750000  -0.3750000   1.1250000), wk =   0.0625000
        k(   11) = (  -0.1250000  -0.3750000  -0.3750000), wk =   0.0312500
        k(   12) = (   0.6250000   0.3750000   0.3750000), wk =   0.0312500
        k(   13) = (   0.3750000   0.1250000   0.1250000), wk =   0.0312500
        k(   14) = (   0.6250000  -0.1250000  -0.1250000), wk =   0.0312500
        k(   15) = (  -0.1250000   0.6250000  -0.8750000), wk =   0.0625000
        k(   16) = (   0.8750000   0.1250000   0.6250000), wk =   0.0625000
        k(   17) = (   0.1250000   0.3750000  -0.6250000), wk =   0.0625000
        k(   18) = (   0.6250000  -0.1250000   0.3750000), wk =   0.0625000
        k(   19) = (  -0.8750000  -0.1250000  -0.1250000), wk =   0.0312500
        k(   20) = (   1.1250000   0.3750000   0.3750000), wk =   0.0312500

     PseudoPot. # 1 for Ni read from file NirelPBE.RRKJ3.UPF
     Pseudo is Ultrasoft + core correction, Zval = 10.0
     Generated by new atomic code, or converted to UPF format
     Using radial grid of 1195 points, 10 beta functions with: 
                l(1) =   0
                l(2) =   0
                l(3) =   1
                l(4) =   1
                l(5) =   1
                l(6) =   1
                l(7) =   2
                l(8) =   2
                l(9) =   2
               l(10) =   2
     Q(r) pseudized with 0 coefficients 



     Atomic displacements:
     There are   2 irreducible representations

     Representation     1      2 modes - To be done

     Representation     2      1 modes - To be done
     PHONON       :     8.06s CPU time,    9.06s wall time


     Alpha used in Ewald sum =   2.8000
     it, count:    1    0    0
         1.000000    2.000000    3.000000


     Representation #  1 modes #   1  2

     Self-consistent Calculation
 
     Pert. #  1: Fermi energy shift (Ry) =    0.0000    0.0000
     Pert. #  2: Fermi energy shift (Ry) =    0.0000    0.0000

      iter #   1 total cpu time :    11.2 secs   av.it.:   4.2
      thresh= 0.100E-01 alpha_mix =  0.700 |ddv_scf|^2 =  0.674E-06
 
     Pert. #  1: Fermi energy shift (Ry) =    0.0000    0.0000
     Pert. #  2: Fermi energy shift (Ry) =    0.0000    0.0000

      iter #   2 total cpu time :    13.8 secs   av.it.:   8.9
      thresh= 0.821E-04 alpha_mix =  0.700 |ddv_scf|^2 =  0.222E-08
 
     Pert. #  1: Fermi energy shift (Ry) =    0.0000    0.0000
     Pert. #  2: Fermi energy shift (Ry) =    0.0000    0.0000

      iter #   3 total cpu time :    16.6 secs   av.it.:   8.4
      thresh= 0.471E-05 alpha_mix =  0.700 |ddv_scf|^2 =  0.216E-09
 
     Pert. #  1: Fermi energy shift (Ry) =    0.0000    0.0000
     Pert. #  2: Fermi energy shift (Ry) =    0.0000    0.0000

      iter #   4 total cpu time :    19.1 secs   av.it.:   8.4
      thresh= 0.147E-05 alpha_mix =  0.700 |ddv_scf|^2 =  0.121E-11
 
     Pert. #  1: Fermi energy shift (Ry) =    0.0000    0.0000
     Pert. #  2: Fermi energy shift (Ry) =    0.0000    0.0000

      iter #   5 total cpu time :    21.5 secs   av.it.:   8.6
      thresh= 0.110E-06 alpha_mix =  0.700 |ddv_scf|^2 =  0.192E-13
 
     Pert. #  1: Fermi energy shift (Ry) =    0.0000    0.0000
     Pert. #  2: Fermi energy shift (Ry) =    0.0000    0.0000

      iter #   6 total cpu time :    24.0 secs   av.it.:   8.5
      thresh= 0.138E-07 alpha_mix =  0.700 |ddv_scf|^2 =  0.223E-15
 
     Pert. #  1: Fermi energy shift (Ry) =    0.0000    0.0000
     Pert. #  2: Fermi energy shift (Ry) =    0.0000    0.0000

      iter #   7 total cpu time :    26.4 secs   av.it.:   8.6
      thresh= 0.149E-08 alpha_mix =  0.700 |ddv_scf|^2 =  0.686E-17

     End of self-consistent calculation

     Convergence has been achieved 


     Representation #  2 mode #   3

     Self-consistent Calculation
 
     Pert. #  1: Fermi energy shift (Ry) =    0.0000    0.0000

      iter #   1 total cpu time :    27.9 secs   av.it.:   4.1
      thresh= 0.100E-01 alpha_mix =  0.700 |ddv_scf|^2 =  0.270E-05
 
     Pert. #  1: Fermi energy shift (Ry) =    0.0000    0.0000

      iter #   2 total cpu time :    29.1 secs   av.it.:   8.3
      thresh= 0.164E-03 alpha_mix =  0.700 |ddv_scf|^2 =  0.893E-08
 
     Pert. #  1: Fermi energy shift (Ry) =    0.0000    0.0000

      iter #   3 total cpu time :    30.3 secs   av.it.:   7.5
      thresh= 0.945E-05 alpha_mix =  0.700 |ddv_scf|^2 =  0.877E-09
 
     Pert. #  1: Fermi energy shift (Ry) =    0.0000    0.0000

      iter #   4 total cpu time :    31.5 secs   av.it.:   7.6
      thresh= 0.296E-05 alpha_mix =  0.700 |ddv_scf|^2 =  0.578E-11
 
     Pert. #  1: Fermi energy shift (Ry) =    0.0000    0.0000

      iter #   5 total cpu time :    32.9 secs   av.it.:   7.7
      thresh= 0.240E-06 alpha_mix =  0.700 |ddv_scf|^2 =  0.915E-13
 
     Pert. #  1: Fermi energy shift (Ry) =    0.0000    0.0000

      iter #   6 total cpu time :    34.2 secs   av.it.:   7.8
      thresh= 0.303E-07 alpha_mix =  0.700 |ddv_scf|^2 =  0.948E-15
 
     Pert. #  1: Fermi energy shift (Ry) =    0.0000    0.0000

      iter #   7 total cpu time :    35.4 secs   av.it.:   7.8
      thresh= 0.308E-08 alpha_mix =  0.700 |ddv_scf|^2 =  0.372E-16

     End of self-consistent calculation

     Convergence has been achieved 
 
     Number of q in the star =    1
     List of q in the star:
          1   0.000000000   0.000000000   0.000000000

     Diagonalizing the dynamical matrix

     q = (    0.000000000   0.000000000   0.000000000 ) 

 **************************************************************************
     omega( 1) =      -0.130526 [THz] =      -4.353899 [cm-1]
     omega( 2) =      -0.130526 [THz] =      -4.353899 [cm-1]
     omega( 3) =      -0.129965 [THz] =      -4.335188 [cm-1]
 **************************************************************************

     Mode symmetry, D_4h(4/mmm) [C_4h (4/m) ] magnetic point group:

     omega(  1 -  3) =         -4.4  [cm-1]   --> A_2u X_4' M_4'  I  
     omega(  1 -  3) =         -4.4  [cm-1]   --> E_u  X_5' M_5'  I  

 **************************************************************************
 
     PHONON       :    35.55s CPU time,   40.12s wall time

     INITIALIZATION: 
     phq_setup    :     0.24s CPU
     phq_init     :     6.12s CPU
 
     phq_init     :     6.12s CPU
     set_drhoc    :     0.61s CPU (       3 calls,   0.202 s avg)
     init_vloc    :     0.00s CPU (       2 calls,   0.002 s avg)
     init_us_1    :     1.13s CPU
     newd         :     0.17s CPU
     dvanqq       :     0.98s CPU
     drho         :     4.77s CPU
 
     DYNAMICAL MATRIX:
     dynmat0      :     0.76s CPU
     phqscf       :    26.73s CPU
     dynmatrix    :     0.00s CPU
 
     phqscf       :    26.73s CPU
     solve_linter :    26.55s CPU (       2 calls,  13.273 s avg)
     drhodv       :     0.19s CPU (       2 calls,   0.093 s avg)
 
     dynmat0      :     0.76s CPU
     dynmat_us    :     0.30s CPU
     d2ionq       :     0.00s CPU
     dynmatcc     :     0.45s CPU
 
     dynmat_us    :     0.30s CPU
     addusdynmat  :     0.03s CPU
 
     phqscf       :    26.73s CPU
     solve_linter :    26.55s CPU (       2 calls,  13.273 s avg)
 
     solve_linter :    26.55s CPU (       2 calls,  13.273 s avg)
     dvqpsi_us    :     0.61s CPU (      60 calls,   0.010 s avg)
     ortho        :     0.44s CPU (     420 calls,   0.001 s avg)
     cgsolve      :    15.19s CPU (     420 calls,   0.036 s avg)
     incdrhoscf   :     1.38s CPU (     420 calls,   0.003 s avg)
     addusddens   :     2.46s CPU (      16 calls,   0.154 s avg)
     vpsifft      :     0.80s CPU (     360 calls,   0.002 s avg)
     dv_of_drho   :     1.29s CPU (      21 calls,   0.061 s avg)
     mix_pot      :     0.24s CPU (      14 calls,   0.017 s avg)
     ef_shift     :     0.03s CPU (      16 calls,   0.002 s avg)
     localdos     :     0.50s CPU (       2 calls,   0.249 s avg)
     symdvscf     :     0.21s CPU (      14 calls,   0.015 s avg)
     newdq        :     2.25s CPU (      14 calls,   0.161 s avg)
     adddvscf     :     0.23s CPU (     360 calls,   0.001 s avg)
     drhodvus     :     0.01s CPU (       2 calls,   0.004 s avg)
 
     dvqpsi_us    :     0.61s CPU (      60 calls,   0.010 s avg)
     dvqpsi_us_on :     0.40s CPU (      60 calls,   0.007 s avg)
 
     cgsolve      :    15.19s CPU (     420 calls,   0.036 s avg)
     ch_psi       :    14.78s CPU (    3906 calls,   0.004 s avg)
 
     ch_psi       :    14.78s CPU (    3906 calls,   0.004 s avg)
     h_psiq       :    12.57s CPU (    3906 calls,   0.003 s avg)
     last         :     2.15s CPU (    3906 calls,   0.001 s avg)
 
     h_psiq       :    12.57s CPU (    3906 calls,   0.003 s avg)
     firstfft     :     5.79s CPU (   36716 calls,   0.000 s avg)
     secondfft    :     3.04s CPU (   36716 calls,   0.000 s avg)
     add_vuspsi   :     1.04s CPU (    3906 calls,   0.000 s avg)
 
     incdrhoscf   :     1.38s CPU (     420 calls,   0.003 s avg)
 
     drhodvus     :     0.01s CPU (       2 calls,   0.004 s avg)
 
      General routines
     calbec       :     1.36s CPU (    9192 calls,   0.000 s avg)
     cft3         :     0.78s CPU (    1159 calls,   0.001 s avg)
     cft3s        :     7.29s CPU (  188021 calls,   0.000 s avg)
     cinterpolate :     0.17s CPU (     188 calls,   0.001 s avg)
     davcio       :     0.02s CPU (    1930 calls,   0.000 s avg)
     write_rec    :     0.00s CPU (      14 calls,   0.000 s avg)
 
