
     Program PHONON    v.4.0cvs starts ...
     Today is 21Dec2007 at  5:26:52 

     Ultrasoft (Vanderbilt) Pseudopotentials

                                                                                

     bravais-lattice index     =            2
     lattice parameter (a_0)   =       7.5500  a.u.
     unit-cell volume          =     107.5922 (a.u.)^3
     number of atoms/cell      =            1
     number of atomic types    =            1
     kinetic-energy cut-off    =      30.0000  Ry
     charge density cut-off    =     300.0000  Ry
     convergence threshold     =      1.0E-16
     beta                      =       0.7000
     number of iterations used =            4
     Exchange-correlation      =  SLA  PW   PBX  PBC (1434)
     Non magnetic calculation with spin-orbit

     celldm(1)=    7.55000  celldm(2)=    0.00000  celldm(3)=    0.00000
     celldm(4)=    0.00000  celldm(5)=    0.00000  celldm(6)=    0.00000

     crystal axes: (cart. coord. in units of a_0)
               a(1) = ( -0.5000  0.0000  0.5000 )  
               a(2) = (  0.0000  0.5000  0.5000 )  
               a(3) = ( -0.5000  0.5000  0.0000 )  

     reciprocal axes: (cart. coord. in units 2 pi/a_0)
               b(1) = ( -1.0000 -1.0000  1.0000 )  
               b(2) = (  1.0000  1.0000  1.0000 )  
               b(3) = ( -1.0000  1.0000 -1.0000 )  


     Atoms inside the unit cell: 

   Cartesian axes

     site n.  atom      mass           positions (a_0 units)
        1        Pt 195.0780   tau( 1) = (    0.00000    0.00000    0.00000  )

     Computing dynamical matrix for 
                    q = (    0.00000    0.00000    0.00000 )
 
     49 Sym.Ops. (with q -> -q+G )


     G cutoff =  433.1671  (   9409 G-vectors)     FFT grid: ( 30, 30, 30)
     G cutoff =  173.2668  (   2421 G-vectors)  smooth grid: ( 20, 20, 20)
     number of k points=    2  gaussian broad. (Ry)=  0.0200     ngauss =   1
                       cart. coord. in units 2pi/a_0
        k(    1) = (  -0.2500000   0.2500000   0.2500000), wk =   0.2500000
        k(    2) = (   0.2500000  -0.2500000   0.7500000), wk =   0.7500000

     PseudoPot. # 1 for Pt read from file PtrelPBE.RRKJ3.UPF
     Pseudo is Ultrasoft + core correction, Zval = 10.0
     Generated by new atomic code, or converted to UPF format
     Using radial grid of 1277 points,  6 beta functions with: 
                l(1) =   2
                l(2) =   2
                l(3) =   2
                l(4) =   2
                l(5) =   1
                l(6) =   1
     Q(r) pseudized with 0 coefficients 



     Atomic displacements:
     There are   1 irreducible representations

     Representation     1      3 modes - To be done
     PHONON       :    10.34s CPU time,   10.98s wall time


     Alpha used in Ewald sum =   2.8000


     Representation #  1 modes #   1  2  3

     Self-consistent Calculation
 
     Pert. #  1: Fermi energy shift (Ry) =    0.0000    0.0000
     Pert. #  2: Fermi energy shift (Ry) =    0.0000    0.0000
     Pert. #  3: Fermi energy shift (Ry) =    0.0000    0.0000

      iter #   1 total cpu time :    17.8 secs   av.it.:   6.3
      thresh= 0.100E-01 alpha_mix =  0.700 |ddv_scf|^2 =  0.277E-07
 
     Pert. #  1: Fermi energy shift (Ry) =    0.0000    0.0000
     Pert. #  2: Fermi energy shift (Ry) =    0.0000    0.0000
     Pert. #  3: Fermi energy shift (Ry) =    0.0000    0.0000

      iter #   2 total cpu time :    24.9 secs   av.it.:  14.5
      thresh= 0.166E-04 alpha_mix =  0.700 |ddv_scf|^2 =  0.139E-08
 
     Pert. #  1: Fermi energy shift (Ry) =    0.0000    0.0000
     Pert. #  2: Fermi energy shift (Ry) =    0.0000    0.0000
     Pert. #  3: Fermi energy shift (Ry) =    0.0000    0.0000

      iter #   3 total cpu time :    31.6 secs   av.it.:  13.2
      thresh= 0.372E-05 alpha_mix =  0.700 |ddv_scf|^2 =  0.901E-10
 
     Pert. #  1: Fermi energy shift (Ry) =    0.0000    0.0000
     Pert. #  2: Fermi energy shift (Ry) =    0.0000    0.0000
     Pert. #  3: Fermi energy shift (Ry) =    0.0000    0.0000

      iter #   4 total cpu time :    38.5 secs   av.it.:  13.5
      thresh= 0.949E-06 alpha_mix =  0.700 |ddv_scf|^2 =  0.109E-12
 
     Pert. #  1: Fermi energy shift (Ry) =    0.0000    0.0000
     Pert. #  2: Fermi energy shift (Ry) =    0.0000    0.0000
     Pert. #  3: Fermi energy shift (Ry) =    0.0000    0.0000

      iter #   5 total cpu time :    45.4 secs   av.it.:  13.5
      thresh= 0.330E-07 alpha_mix =  0.700 |ddv_scf|^2 =  0.518E-15
 
     Pert. #  1: Fermi energy shift (Ry) =    0.0000    0.0000
     Pert. #  2: Fermi energy shift (Ry) =    0.0000    0.0000
     Pert. #  3: Fermi energy shift (Ry) =    0.0000    0.0000

      iter #   6 total cpu time :    52.2 secs   av.it.:  13.7
      thresh= 0.228E-08 alpha_mix =  0.700 |ddv_scf|^2 =  0.644E-17

     End of self-consistent calculation

     Convergence has been achieved 
 
     Number of q in the star =    1
     List of q in the star:
          1   0.000000000   0.000000000   0.000000000

     Diagonalizing the dynamical matrix

     q = (    0.000000000   0.000000000   0.000000000 ) 

 **************************************************************************
     omega( 1) =       0.034535 [THz] =       1.151966 [cm-1]
     omega( 2) =       0.034535 [THz] =       1.151966 [cm-1]
     omega( 3) =       0.034535 [THz] =       1.151966 [cm-1]
 **************************************************************************

     Mode symmetry, O_h (m-3m)  point group:

     omega(  1 -  3) =          1.2  [cm-1]   --> T_1u G_15  G_4- I  

 **************************************************************************
 
     PHONON       :  0m52.55s CPU time,     1m10.54s wall time

     INITIALIZATION: 
     phq_setup    :     0.18s CPU
     phq_init     :     9.47s CPU
 
     phq_init     :     9.47s CPU
     set_drhoc    :     2.50s CPU (       3 calls,   0.833 s avg)
     init_vloc    :     0.02s CPU (       2 calls,   0.010 s avg)
     init_us_1    :     2.41s CPU
     newd         :     0.29s CPU
     dvanqq       :     2.73s CPU
     drho         :     2.02s CPU
 
     DYNAMICAL MATRIX:
     dynmat0      :     1.86s CPU
     phqscf       :    40.34s CPU
     dynmatrix    :     0.01s CPU
 
     phqscf       :    40.34s CPU
     solve_linter :    40.29s CPU
     drhodv       :     0.05s CPU
 
     dynmat0      :     1.86s CPU
     dynmat_us    :     0.15s CPU
     d2ionq       :     0.00s CPU
     dynmatcc     :     1.71s CPU
 
     dynmat_us    :     0.15s CPU
     addusdynmat  :     0.06s CPU
 
     phqscf       :    40.34s CPU
     solve_linter :    40.29s CPU
 
     solve_linter :    40.29s CPU
     dvqpsi_us    :     0.48s CPU (       6 calls,   0.080 s avg)
     ortho        :     0.18s CPU (      36 calls,   0.005 s avg)
     cgsolve      :    21.69s CPU (      36 calls,   0.603 s avg)
     incdrhoscf   :     1.34s CPU (      36 calls,   0.037 s avg)
     addusddens   :     3.39s CPU (       7 calls,   0.484 s avg)
     vpsifft      :     0.95s CPU (      30 calls,   0.032 s avg)
     dv_of_drho   :     1.81s CPU (      18 calls,   0.101 s avg)
     mix_pot      :     0.43s CPU (       6 calls,   0.072 s avg)
     ef_shift     :     0.19s CPU (       7 calls,   0.027 s avg)
     localdos     :     0.64s CPU
     symdvscf     :     3.37s CPU (       6 calls,   0.562 s avg)
     newdq        :     4.90s CPU (       6 calls,   0.817 s avg)
     adddvscf     :     0.07s CPU (      30 calls,   0.002 s avg)
     drhodvus     :     0.00s CPU
 
     dvqpsi_us    :     0.48s CPU (       6 calls,   0.080 s avg)
     dvqpsi_us_on :     0.14s CPU (       6 calls,   0.023 s avg)
 
     cgsolve      :    21.69s CPU (      36 calls,   0.603 s avg)
     ch_psi       :    21.29s CPU (     613 calls,   0.035 s avg)
 
     ch_psi       :    21.29s CPU (     613 calls,   0.035 s avg)
     h_psiq       :    19.99s CPU (     613 calls,   0.033 s avg)
     last         :     1.29s CPU (     613 calls,   0.002 s avg)
 
     h_psiq       :    19.99s CPU (     613 calls,   0.033 s avg)
     firstfft     :    11.07s CPU (    5120 calls,   0.002 s avg)
     secondfft    :     7.00s CPU (    5120 calls,   0.001 s avg)
     add_vuspsi   :     0.59s CPU (     613 calls,   0.001 s avg)
 
     incdrhoscf   :     1.34s CPU (      36 calls,   0.037 s avg)
 
     drhodvus     :     0.00s CPU
 
      General routines
     calbec       :     0.56s CPU (    1350 calls,   0.000 s avg)
     cft3         :     2.43s CPU (     517 calls,   0.005 s avg)
     cft3s        :    16.90s CPU (   24231 calls,   0.001 s avg)
     cinterpolate :     1.02s CPU (     151 calls,   0.007 s avg)
     davcio       :     0.00s CPU (     204 calls,   0.000 s avg)
     write_rec    :     0.00s CPU (       6 calls,   0.000 s avg)
 
