
     Program MOLECULARPDOS v.5.3.0 (svn rev. 11974) starts on 21Apr2016 at  9:31:38 

     This program is part of the open-source Quantum ESPRESSO suite
     for quantum simulation of materials; please cite
         "P. Giannozzi et al., J. Phys.:Condens. Matter 21 395502 (2009);
          URL http://www.quantum-espresso.org", 
     in publications or presentations arising from this work. More details at
     http://www.quantum-espresso.org/quote

     Parallel version (MPI), running on     1 processors

     Molecular orbitals used for projection
     (data for the full system from file chainH2.atomic_proj.xml)
     Atomic wavefunctions used:    11 -    12

     Projecting onto eigenvectors number:     1 -     2
     (of the subsytem described in file H2.atomic_proj.xml)
     Atomic wavefunctions used:     1 -     2


 k =   0.0000000000  0.0000000000  0.0312500000
==== e(   1) =   -15.19281 eV ==== 
     psi = 0.009*[#   1]+
    |psi|^2 = 0.009
==== e(   2) =   -12.84926 eV ==== 
     psi = 0.023*[#   1]+
    |psi|^2 = 0.023
==== e(   3) =   -12.16715 eV ==== 
     psi = 0.019*[#   1]+
    |psi|^2 = 0.020
==== e(   4) =    -7.26318 eV ==== 
     psi = 0.853*[#   1]+0.010*[#   2]+
    |psi|^2 = 0.864
==== e(   5) =    -4.87129 eV ==== 
     psi = 0.024*[#   1]+0.003*[#   2]+
    |psi|^2 = 0.027
==== e(   6) =    -3.53533 eV ==== 
     psi = 0.010*[#   1]+
    |psi|^2 = 0.010
==== e(   7) =     2.30225 eV ==== 
     psi = 0.024*[#   2]+0.001*[#   1]+
    |psi|^2 = 0.025
==== e(   8) =     2.82138 eV ==== 
     psi = 0.103*[#   2]+
    |psi|^2 = 0.104
==== e(   9) =     5.13687 eV ==== 
     psi = 0.004*[#   1]+0.002*[#   2]+
    |psi|^2 = 0.006
==== e(  10) =     6.00427 eV ==== 
     psi = 
    |psi|^2 = 0.000
==== e(  11) =     7.14255 eV ==== 
     psi = 0.016*[#   2]+0.001*[#   1]+
    |psi|^2 = 0.017
==== e(  12) =     7.79276 eV ==== 
     psi = 0.020*[#   2]+
    |psi|^2 = 0.021
==== e(  13) =     7.99207 eV ==== 
     psi = 
    |psi|^2 = 0.000
==== e(  14) =     8.49547 eV ==== 
     psi = 
    |psi|^2 = 0.000
==== e(  15) =     8.51596 eV ==== 
     psi = 
    |psi|^2 = 0.000
==== e(  16) =     9.13890 eV ==== 
     psi = 
    |psi|^2 = 0.000
==== e(  17) =     9.75218 eV ==== 
     psi = 0.012*[#   2]+
    |psi|^2 = 0.013
==== e(  18) =    10.43809 eV ==== 
     psi = 0.002*[#   2]+
    |psi|^2 = 0.003
==== e(  19) =    10.63551 eV ==== 
     psi = 
    |psi|^2 = 0.000
==== e(  20) =    10.89165 eV ==== 
     psi = 0.008*[#   2]+
    |psi|^2 = 0.009

 k =   0.0000000000  0.0000000000  0.0937500000
==== e(   1) =   -15.10902 eV ==== 
     psi = 0.010*[#   1]+
    |psi|^2 = 0.010
==== e(   2) =   -13.43157 eV ==== 
     psi = 0.017*[#   1]+
    |psi|^2 = 0.017
==== e(   3) =   -11.42024 eV ==== 
     psi = 0.028*[#   1]+
    |psi|^2 = 0.028
==== e(   4) =    -7.35935 eV ==== 
     psi = 0.759*[#   1]+0.003*[#   2]+
    |psi|^2 = 0.761
==== e(   5) =    -6.02729 eV ==== 
     psi = 0.121*[#   1]+0.004*[#   2]+
    |psi|^2 = 0.125
==== e(   6) =    -2.10712 eV ==== 
     psi = 0.004*[#   1]+0.003*[#   2]+
    |psi|^2 = 0.006
==== e(   7) =     2.04819 eV ==== 
     psi = 0.087*[#   2]+
    |psi|^2 = 0.087
==== e(   8) =     3.20448 eV ==== 
     psi = 0.106*[#   2]+0.002*[#   1]+
    |psi|^2 = 0.108
==== e(   9) =     5.16354 eV ==== 
     psi = 0.025*[#   2]+0.004*[#   1]+
    |psi|^2 = 0.029
==== e(  10) =     6.08726 eV ==== 
     psi = 
    |psi|^2 = 0.000
==== e(  11) =     6.36863 eV ==== 
     psi = 0.008*[#   2]+
    |psi|^2 = 0.009
==== e(  12) =     6.83418 eV ==== 
     psi = 0.017*[#   2]+
    |psi|^2 = 0.017
==== e(  13) =     7.75187 eV ==== 
     psi = 
    |psi|^2 = 0.000
==== e(  14) =     8.21830 eV ==== 
     psi = 
    |psi|^2 = 0.000
==== e(  15) =     8.46951 eV ==== 
     psi = 0.040*[#   2]+
    |psi|^2 = 0.040
==== e(  16) =     8.83942 eV ==== 
     psi = 0.003*[#   2]+
    |psi|^2 = 0.004
==== e(  17) =     9.87953 eV ==== 
     psi = 
    |psi|^2 = 0.000
==== e(  18) =    10.13484 eV ==== 
     psi = 
    |psi|^2 = 0.000
==== e(  19) =    11.66279 eV ==== 
     psi = 0.012*[#   2]+
    |psi|^2 = 0.013
==== e(  20) =    12.14919 eV ==== 
     psi = 
    |psi|^2 = 0.000

 k =   0.0000000000  0.0000000000  0.1562500000
==== e(   1) =   -14.94412 eV ==== 
     psi = 0.011*[#   1]+
    |psi|^2 = 0.011
==== e(   2) =   -13.93420 eV ==== 
     psi = 0.014*[#   1]+
    |psi|^2 = 0.014
==== e(   3) =   -10.58848 eV ==== 
     psi = 0.039*[#   1]+
    |psi|^2 = 0.040
==== e(   4) =    -7.80977 eV ==== 
     psi = 0.337*[#   1]+
    |psi|^2 = 0.337
==== e(   5) =    -6.74580 eV ==== 
     psi = 0.535*[#   1]+0.003*[#   2]+
    |psi|^2 = 0.538
==== e(   6) =    -0.58475 eV ==== 
     psi = 0.006*[#   2]+0.002*[#   1]+
    |psi|^2 = 0.007
==== e(   7) =     1.85343 eV ==== 
     psi = 0.117*[#   2]+
    |psi|^2 = 0.117
==== e(   8) =     3.62395 eV ==== 
     psi = 0.070*[#   2]+0.004*[#   1]+
    |psi|^2 = 0.074
==== e(   9) =     4.49747 eV ==== 
     psi = 0.013*[#   2]+0.001*[#   1]+
    |psi|^2 = 0.014
==== e(  10) =     5.28068 eV ==== 
     psi = 0.073*[#   2]+0.002*[#   1]+
    |psi|^2 = 0.075
==== e(  11) =     6.25083 eV ==== 
     psi = 
    |psi|^2 = 0.000
==== e(  12) =     6.48026 eV ==== 
     psi = 0.015*[#   2]+
    |psi|^2 = 0.015
==== e(  13) =     7.29364 eV ==== 
     psi = 
    |psi|^2 = 0.000
==== e(  14) =     7.84863 eV ==== 
     psi = 0.021*[#   2]+
    |psi|^2 = 0.021
==== e(  15) =     8.29055 eV ==== 
     psi = 
    |psi|^2 = 0.000
==== e(  16) =     9.38198 eV ==== 
     psi = 0.015*[#   2]+0.002*[#   1]+
    |psi|^2 = 0.016
==== e(  17) =     9.67611 eV ==== 
     psi = 
    |psi|^2 = 0.000
==== e(  18) =    10.74808 eV ==== 
     psi = 
    |psi|^2 = 0.000
==== e(  19) =    12.04210 eV ==== 
     psi = 0.002*[#   2]+0.001*[#   1]+
    |psi|^2 = 0.004
==== e(  20) =    12.69065 eV ==== 
     psi = 0.022*[#   2]+
    |psi|^2 = 0.022

 k =   0.0000000000  0.0000000000  0.2187500000
==== e(   1) =   -14.69603 eV ==== 
     psi = 0.014*[#   1]+
    |psi|^2 = 0.014
==== e(   2) =   -14.35011 eV ==== 
     psi = 0.009*[#   1]+
    |psi|^2 = 0.010
==== e(   3) =    -9.68882 eV ==== 
     psi = 0.069*[#   1]+
    |psi|^2 = 0.069
==== e(   4) =    -8.70211 eV ==== 
     psi = 0.089*[#   1]+
    |psi|^2 = 0.090
==== e(   5) =    -6.92231 eV ==== 
     psi = 0.756*[#   1]+
    |psi|^2 = 0.756
==== e(   6) =     1.00638 eV ==== 
     psi = 0.021*[#   2]+
    |psi|^2 = 0.022
==== e(   7) =     1.76317 eV ==== 
     psi = 0.119*[#   2]+
    |psi|^2 = 0.120
==== e(   8) =     2.77094 eV ==== 
     psi = 
    |psi|^2 = 0.001
==== e(   9) =     3.94305 eV ==== 
     psi = 0.014*[#   2]+0.006*[#   1]+
    |psi|^2 = 0.019
==== e(  10) =     5.13481 eV ==== 
     psi = 0.169*[#   2]+
    |psi|^2 = 0.170
==== e(  11) =     6.47607 eV ==== 
     psi = 
    |psi|^2 = 0.000
==== e(  12) =     6.62906 eV ==== 
     psi = 
    |psi|^2 = 0.000
==== e(  13) =     6.90695 eV ==== 
     psi = 
    |psi|^2 = 0.000
==== e(  14) =     7.13408 eV ==== 
     psi = 0.008*[#   2]+
    |psi|^2 = 0.008
==== e(  15) =     8.39430 eV ==== 
     psi = 
    |psi|^2 = 0.000
==== e(  16) =     9.40269 eV ==== 
     psi = 
    |psi|^2 = 0.000
==== e(  17) =    10.22977 eV ==== 
     psi = 0.010*[#   2]+0.002*[#   1]+
    |psi|^2 = 0.012
==== e(  18) =    11.22406 eV ==== 
     psi = 0.017*[#   2]+
    |psi|^2 = 0.018
==== e(  19) =    11.68037 eV ==== 
     psi = 
    |psi|^2 = 0.000
==== e(  20) =    12.69945 eV ==== 
     psi = 
    |psi|^2 = 0.000
 
     MOLECULARPDO :     0.02s CPU         0.04s WALL

 
   This run was terminated on:   9:31:38  21Apr2016            

=------------------------------------------------------------------------------=
   JOB DONE.
=------------------------------------------------------------------------------=
