
     Program MOLECULARPDOS v.5.1.1 (svn rev. 11314) starts on 27Jan2015 at 11:17: 1 

     This program is part of the open-source Quantum ESPRESSO suite
     for quantum simulation of materials; please cite
         "P. Giannozzi et al., J. Phys.:Condens. Matter 21 395502 (2009);
          URL http://www.quantum-espresso.org", 
     in publications or presentations arising from this work. More details at
     http://www.quantum-espresso.org/quote

     Parallel version (MPI), running on     1 processors

     Molecular orbitals used for projection
     (data for the full system from file H2AB.atomic_proj.xml)
     Atomic wavefunctions used:     3 -     4

     Projecting onto eigenvectors number:     1 -     2
     (of the subsytem described in file H2B.atomic_proj.xml)
     Atomic wavefunctions used:     1 -     2


 k =   0.0000000000  0.0000000000  0.0000000000
==== e(   1) =    -9.01141 eV ==== 
     psi = 0.966*[#   1]+
    |psi|^2 = 0.966
==== e(   2) =    -8.71503 eV ==== 
     psi = 
    |psi|^2 = 0.000
==== e(   3) =    -1.46925 eV ==== 
     psi = 
    |psi|^2 = 0.000
==== e(   4) =    -0.87638 eV ==== 
     psi = 0.673*[#   2]+
    |psi|^2 = 0.673
==== e(   5) =    -0.75307 eV ==== 
     psi = 0.002*[#   1]+
    |psi|^2 = 0.002
==== e(   6) =    -0.38630 eV ==== 
     psi = 
    |psi|^2 = 0.000
==== e(   7) =    -0.12192 eV ==== 
     psi = 0.003*[#   1]+
    |psi|^2 = 0.003
==== e(   8) =     1.00619 eV ==== 
     psi = 
    |psi|^2 = 0.000
 
     MOLECULARPDO :     0.01s CPU         0.02s WALL

 
   This run was terminated on:  11:17: 1  27Jan2015            

=------------------------------------------------------------------------------=
   JOB DONE.
=------------------------------------------------------------------------------=
