
     Program PWCOND v.5.0.2 (svn rev. 9398) starts on 24Oct2012 at 11: 7: 7 

     This program is part of the open-source Quantum ESPRESSO suite
     for quantum simulation of materials; please cite
         "P. Giannozzi et al., J. Phys.:Condens. Matter 21 395502 (2009);
          URL http://www.quantum-espresso.org", 
     in publications or presentations arising from this work. More details at
     http://www.quantum-espresso.org/quote.php

     Serial version

   Info: using nr1, nr2, nr3 values from input

   Info: using nr1s, nr2s, nr3s values from input

     IMPORTANT: XC functional enforced from input :
     Exchange-correlation      = LDA ( 1 1 0 0 0)
     EXX-fraction              =        0.00
     Any further DFT definition will be discarded
     Please, verify this is what you really want

 
     G-vector sticks info
     --------------------
     sticks:   dense  smooth     PW     G-vecs:    dense   smooth      PW
     Sum        2701    1789    577                33063    17971    3265
 

     negative rho (up, down):  0.172E-04 0.000E+00
 
===== INPUT FILE containing the left lead =====

     GEOMETRY:

     lattice parameter (alat)  =      15.0000  a.u.
     the volume                =    1066.5000 (a.u.)^3
     the cross section         =     225.0000 (a.u.)^2
     l of the unit cell        =       0.3160 (alat)
     number of atoms/cell      =            1
     number of atomic types    =            1

     crystal axes: (cart. coord. in units of alat)
               a(1) = (  1.0000  0.0000  0.0000 )  
               a(2) = (  0.0000  1.0000  0.0000 )  
               a(3) = (  0.0000  0.0000  0.3160 )  


   Cartesian axes

     site n.     atom                  positions (alat units)
          1           Au  tau(  1)=(  0.0000  0.0000  0.3160  )

     nr1s                      =           48
     nr2s                      =           48
     nr3s                      =           15
     nr1sx                     =           48
     nr2sx                     =           48
     nr3sx                     =           15
     nr1                       =           60
     nr2                       =           60
     nr3                       =           20
     nr1x                      =           60
     nr2x                      =           60
     nr3x                      =           20

 _______________________________
  Radii of nonlocal spheres: 

     type       ibeta     ang. mom.          radius (alat units)
          Au      1         1                    0.2254
          Au      2         2                    0.2254
          Au      3         2                    0.2254

   Info: using nr1, nr2, nr3 values from input

   Info: using nr1s, nr2s, nr3s values from input

     IMPORTANT: XC functional enforced from input :
     Exchange-correlation      = LDA ( 1 1 0 0 0)
     EXX-fraction              =        0.00
     Any further DFT definition will be discarded
     Please, verify this is what you really want

               file C.pz-rrkjus.UPF: wavefunction(s)  2S renormalized
               file O.pz-rrkjus.UPF: wavefunction(s)  2S renormalized
 
     G-vector sticks info
     --------------------
     sticks:   dense  smooth     PW     G-vecs:    dense   smooth      PW
     Sum        2701    1789    481               198643   107943   14943
 

     negative rho (up, down):  0.349E-02 0.000E+00
 
===== INPUT FILE containing the scat. region =====

     GEOMETRY:

     lattice parameter (alat)  =      15.0000  a.u.
     the volume                =    6399.0000 (a.u.)^3
     the cross section         =     225.0000 (a.u.)^2
     l of the unit cell        =       1.8960 (alat)
     number of atoms/cell      =            8
     number of atomic types    =            3

     crystal axes: (cart. coord. in units of alat)
               a(1) = (  1.0000  0.0000  0.0000 )  
               a(2) = (  0.0000  1.0000  0.0000 )  
               a(3) = (  0.0000  0.0000  1.8960 )  


   Cartesian axes

     site n.     atom                  positions (alat units)
          1           C   tau(  1)=(  0.2384  0.0000  0.9480  )
          2           O   tau(  2)=(  0.3813  0.0000  0.9480  )
          3           Au  tau(  3)=(  0.0000  0.0000  1.8960  )
          4           Au  tau(  4)=(  0.0000  0.0000  0.3160  )
          5           Au  tau(  5)=(  0.0000  0.0000  0.6320  )
          6           Au  tau(  6)=(  0.0000  0.0000  0.9480  )
          7           Au  tau(  7)=(  0.0000  0.0000  1.2640  )
          8           Au  tau(  8)=(  0.0000  0.0000  1.5800  )

     nr1s                      =           48
     nr2s                      =           48
     nr3s                      =           96
     nr1sx                     =           48
     nr2sx                     =           48
     nr3sx                     =           96
     nr1                       =           60
     nr2                       =           60
     nr3                       =          120
     nr1x                      =           60
     nr2x                      =           60
     nr3x                      =          120

 _______________________________
  Radii of nonlocal spheres: 

     type       ibeta     ang. mom.          radius (alat units)
          Au      1         1                    0.2254
          Au      2         2                    0.2254
          Au      3         2                    0.2254
          C       1         0                    0.1078
          C       2         0                    0.1078
          C       3         1                    0.1078
          C       4         1                    0.1078
          O       1         0                    0.1067
          O       2         0                    0.1067
          O       3         1                    0.1067
          O       4         1                    0.1067


     Simplified LDA+U calculation (l_max = 2) with parameters (eV):
     atomic species    L          U    alpha       J0     beta
        Au             2     3.0000   0.0000   0.0000   0.0000


----- General information -----
 
--- T calc. with identical leads (ikind=1) --- 

     nrx                       =           48
     nry                       =           48
     nz1                       =            2


     energy0               =         1.0E+00
     denergy               =         0.0E+00
     nenergy               =         16
     ecut2d                =         2.5E+01
     ewind                 =         4.0E+00
     epsproj               =         1.0E-04


     number of k_|| points=    1
                       cryst. coord. 
        k(    1) = (   0.0000000   0.0000000), wk =   1.0000000
----- Information about left/right lead -----

     nocros                   =           13
     noins                    =            0
     norb                     =           26
     norbf                    =          107
     nrz                      =           15

      iorb      type   ibeta   ang. mom.   m       position (alat)
        1        1       1        1        1   taunew(   1)=(  0.0000  0.0000  0.0000)
        2        1       1        1        2   taunew(   2)=(  0.0000  0.0000  0.0000)
        3        1       1        1        3   taunew(   3)=(  0.0000  0.0000  0.0000)
        4        1       2        2        1   taunew(   4)=(  0.0000  0.0000  0.0000)
        5        1       2        2        2   taunew(   5)=(  0.0000  0.0000  0.0000)
        6        1       2        2        3   taunew(   6)=(  0.0000  0.0000  0.0000)
        7        1       2        2        4   taunew(   7)=(  0.0000  0.0000  0.0000)
        8        1       2        2        5   taunew(   8)=(  0.0000  0.0000  0.0000)
        9        1       3        2        1   taunew(   9)=(  0.0000  0.0000  0.0000)
       10        1       3        2        2   taunew(  10)=(  0.0000  0.0000  0.0000)
       11        1       3        2        3   taunew(  11)=(  0.0000  0.0000  0.0000)
       12        1       3        2        4   taunew(  12)=(  0.0000  0.0000  0.0000)
       13        1       3        2        5   taunew(  13)=(  0.0000  0.0000  0.0000)
       14        1       1        1        1   taunew(  14)=(  0.0000  0.0000  0.3160)
       15        1       1        1        2   taunew(  15)=(  0.0000  0.0000  0.3160)
       16        1       1        1        3   taunew(  16)=(  0.0000  0.0000  0.3160)
       17        1       2        2        1   taunew(  17)=(  0.0000  0.0000  0.3160)
       18        1       2        2        2   taunew(  18)=(  0.0000  0.0000  0.3160)
       19        1       2        2        3   taunew(  19)=(  0.0000  0.0000  0.3160)
       20        1       2        2        4   taunew(  20)=(  0.0000  0.0000  0.3160)
       21        1       2        2        5   taunew(  21)=(  0.0000  0.0000  0.3160)
       22        1       3        2        1   taunew(  22)=(  0.0000  0.0000  0.3160)
       23        1       3        2        2   taunew(  23)=(  0.0000  0.0000  0.3160)
       24        1       3        2        3   taunew(  24)=(  0.0000  0.0000  0.3160)
       25        1       3        2        4   taunew(  25)=(  0.0000  0.0000  0.3160)
       26        1       3        2        5   taunew(  26)=(  0.0000  0.0000  0.3160)
    k slab    z(k)  z(k+1)     crossing(iorb=1,norb)
    1   0.0000 0.0211 0.0211   11111111111110000000000000
    2   0.0211 0.0421 0.0211   11111111111110000000000000
    3   0.0421 0.0632 0.0211   11111111111110000000000000
    4   0.0632 0.0843 0.0211   11111111111110000000000000
    5   0.0843 0.1053 0.0211   11111111111111111111111111
    6   0.1053 0.1264 0.0211   11111111111111111111111111
    7   0.1264 0.1475 0.0211   11111111111111111111111111
    8   0.1475 0.1685 0.0211   11111111111111111111111111
    9   0.1685 0.1896 0.0211   11111111111111111111111111
   10   0.1896 0.2107 0.0211   11111111111111111111111111
   11   0.2107 0.2317 0.0211   11111111111111111111111111
   12   0.2317 0.2528 0.0211   00000000000001111111111111
   13   0.2528 0.2739 0.0211   00000000000001111111111111
   14   0.2739 0.2949 0.0211   00000000000001111111111111
   15   0.2949 0.3160 0.0211   00000000000001111111111111
----- Information about scattering region -----

     noins                    =           81
     norb                     =          107
     norbf                    =          107
     nrz                      =           96

      iorb      type   ibeta   ang. mom.   m       position (alat)
        1        1       1        1        1   taunew(   1)=(  0.0000  0.0000  0.0000)
        2        1       1        1        2   taunew(   2)=(  0.0000  0.0000  0.0000)
        3        1       1        1        3   taunew(   3)=(  0.0000  0.0000  0.0000)
        4        1       2        2        1   taunew(   4)=(  0.0000  0.0000  0.0000)
        5        1       2        2        2   taunew(   5)=(  0.0000  0.0000  0.0000)
        6        1       2        2        3   taunew(   6)=(  0.0000  0.0000  0.0000)
        7        1       2        2        4   taunew(   7)=(  0.0000  0.0000  0.0000)
        8        1       2        2        5   taunew(   8)=(  0.0000  0.0000  0.0000)
        9        1       3        2        1   taunew(   9)=(  0.0000  0.0000  0.0000)
       10        1       3        2        2   taunew(  10)=(  0.0000  0.0000  0.0000)
       11        1       3        2        3   taunew(  11)=(  0.0000  0.0000  0.0000)
       12        1       3        2        4   taunew(  12)=(  0.0000  0.0000  0.0000)
       13        1       3        2        5   taunew(  13)=(  0.0000  0.0000  0.0000)
       14        1       1        1        1   taunew(  14)=(  0.0000  0.0000  0.3160)
       15        1       1        1        2   taunew(  15)=(  0.0000  0.0000  0.3160)
       16        1       1        1        3   taunew(  16)=(  0.0000  0.0000  0.3160)
       17        1       2        2        1   taunew(  17)=(  0.0000  0.0000  0.3160)
       18        1       2        2        2   taunew(  18)=(  0.0000  0.0000  0.3160)
       19        1       2        2        3   taunew(  19)=(  0.0000  0.0000  0.3160)
       20        1       2        2        4   taunew(  20)=(  0.0000  0.0000  0.3160)
       21        1       2        2        5   taunew(  21)=(  0.0000  0.0000  0.3160)
       22        1       3        2        1   taunew(  22)=(  0.0000  0.0000  0.3160)
       23        1       3        2        2   taunew(  23)=(  0.0000  0.0000  0.3160)
       24        1       3        2        3   taunew(  24)=(  0.0000  0.0000  0.3160)
       25        1       3        2        4   taunew(  25)=(  0.0000  0.0000  0.3160)
       26        1       3        2        5   taunew(  26)=(  0.0000  0.0000  0.3160)
       27        1       1        1        1   taunew(  27)=(  0.0000  0.0000  0.6320)
       28        1       1        1        2   taunew(  28)=(  0.0000  0.0000  0.6320)
       29        1       1        1        3   taunew(  29)=(  0.0000  0.0000  0.6320)
       30        1       2        2        1   taunew(  30)=(  0.0000  0.0000  0.6320)
       31        1       2        2        2   taunew(  31)=(  0.0000  0.0000  0.6320)
       32        1       2        2        3   taunew(  32)=(  0.0000  0.0000  0.6320)
       33        1       2        2        4   taunew(  33)=(  0.0000  0.0000  0.6320)
       34        1       2        2        5   taunew(  34)=(  0.0000  0.0000  0.6320)
       35        1       3        2        1   taunew(  35)=(  0.0000  0.0000  0.6320)
       36        1       3        2        2   taunew(  36)=(  0.0000  0.0000  0.6320)
       37        1       3        2        3   taunew(  37)=(  0.0000  0.0000  0.6320)
       38        1       3        2        4   taunew(  38)=(  0.0000  0.0000  0.6320)
       39        1       3        2        5   taunew(  39)=(  0.0000  0.0000  0.6320)
       40        2       1        0        1   taunew(  40)=(  0.2384  0.0000  0.9480)
       41        2       2        0        1   taunew(  41)=(  0.2384  0.0000  0.9480)
       42        2       3        1        1   taunew(  42)=(  0.2384  0.0000  0.9480)
       43        2       3        1        2   taunew(  43)=(  0.2384  0.0000  0.9480)
       44        2       3        1        3   taunew(  44)=(  0.2384  0.0000  0.9480)
       45        2       4        1        1   taunew(  45)=(  0.2384  0.0000  0.9480)
       46        2       4        1        2   taunew(  46)=(  0.2384  0.0000  0.9480)
       47        2       4        1        3   taunew(  47)=(  0.2384  0.0000  0.9480)
       48        3       1        0        1   taunew(  48)=(  0.3813  0.0000  0.9480)
       49        3       2        0        1   taunew(  49)=(  0.3813  0.0000  0.9480)
       50        3       3        1        1   taunew(  50)=(  0.3813  0.0000  0.9480)
       51        3       3        1        2   taunew(  51)=(  0.3813  0.0000  0.9480)
       52        3       3        1        3   taunew(  52)=(  0.3813  0.0000  0.9480)
       53        3       4        1        1   taunew(  53)=(  0.3813  0.0000  0.9480)
       54        3       4        1        2   taunew(  54)=(  0.3813  0.0000  0.9480)
       55        3       4        1        3   taunew(  55)=(  0.3813  0.0000  0.9480)
       56        1       1        1        1   taunew(  56)=(  0.0000  0.0000  0.9480)
       57        1       1        1        2   taunew(  57)=(  0.0000  0.0000  0.9480)
       58        1       1        1        3   taunew(  58)=(  0.0000  0.0000  0.9480)
       59        1       2        2        1   taunew(  59)=(  0.0000  0.0000  0.9480)
       60        1       2        2        2   taunew(  60)=(  0.0000  0.0000  0.9480)
       61        1       2        2        3   taunew(  61)=(  0.0000  0.0000  0.9480)
       62        1       2        2        4   taunew(  62)=(  0.0000  0.0000  0.9480)
       63        1       2        2        5   taunew(  63)=(  0.0000  0.0000  0.9480)
       64        1       3        2        1   taunew(  64)=(  0.0000  0.0000  0.9480)
       65        1       3        2        2   taunew(  65)=(  0.0000  0.0000  0.9480)
       66        1       3        2        3   taunew(  66)=(  0.0000  0.0000  0.9480)
       67        1       3        2        4   taunew(  67)=(  0.0000  0.0000  0.9480)
       68        1       3        2        5   taunew(  68)=(  0.0000  0.0000  0.9480)
       69        1       1        1        1   taunew(  69)=(  0.0000  0.0000  1.2640)
       70        1       1        1        2   taunew(  70)=(  0.0000  0.0000  1.2640)
       71        1       1        1        3   taunew(  71)=(  0.0000  0.0000  1.2640)
       72        1       2        2        1   taunew(  72)=(  0.0000  0.0000  1.2640)
       73        1       2        2        2   taunew(  73)=(  0.0000  0.0000  1.2640)
       74        1       2        2        3   taunew(  74)=(  0.0000  0.0000  1.2640)
       75        1       2        2        4   taunew(  75)=(  0.0000  0.0000  1.2640)
       76        1       2        2        5   taunew(  76)=(  0.0000  0.0000  1.2640)
       77        1       3        2        1   taunew(  77)=(  0.0000  0.0000  1.2640)
       78        1       3        2        2   taunew(  78)=(  0.0000  0.0000  1.2640)
       79        1       3        2        3   taunew(  79)=(  0.0000  0.0000  1.2640)
       80        1       3        2        4   taunew(  80)=(  0.0000  0.0000  1.2640)
       81        1       3        2        5   taunew(  81)=(  0.0000  0.0000  1.2640)
       82        1       1        1        1   taunew(  82)=(  0.0000  0.0000  1.5800)
       83        1       1        1        2   taunew(  83)=(  0.0000  0.0000  1.5800)
       84        1       1        1        3   taunew(  84)=(  0.0000  0.0000  1.5800)
       85        1       2        2        1   taunew(  85)=(  0.0000  0.0000  1.5800)
       86        1       2        2        2   taunew(  86)=(  0.0000  0.0000  1.5800)
       87        1       2        2        3   taunew(  87)=(  0.0000  0.0000  1.5800)
       88        1       2        2        4   taunew(  88)=(  0.0000  0.0000  1.5800)
       89        1       2        2        5   taunew(  89)=(  0.0000  0.0000  1.5800)
       90        1       3        2        1   taunew(  90)=(  0.0000  0.0000  1.5800)
       91        1       3        2        2   taunew(  91)=(  0.0000  0.0000  1.5800)
       92        1       3        2        3   taunew(  92)=(  0.0000  0.0000  1.5800)
       93        1       3        2        4   taunew(  93)=(  0.0000  0.0000  1.5800)
       94        1       3        2        5   taunew(  94)=(  0.0000  0.0000  1.5800)
       95        1       1        1        1   taunew(  95)=(  0.0000  0.0000  1.8960)
       96        1       1        1        2   taunew(  96)=(  0.0000  0.0000  1.8960)
       97        1       1        1        3   taunew(  97)=(  0.0000  0.0000  1.8960)
       98        1       2        2        1   taunew(  98)=(  0.0000  0.0000  1.8960)
       99        1       2        2        2   taunew(  99)=(  0.0000  0.0000  1.8960)
      100        1       2        2        3   taunew( 100)=(  0.0000  0.0000  1.8960)
      101        1       2        2        4   taunew( 101)=(  0.0000  0.0000  1.8960)
      102        1       2        2        5   taunew( 102)=(  0.0000  0.0000  1.8960)
      103        1       3        2        1   taunew( 103)=(  0.0000  0.0000  1.8960)
      104        1       3        2        2   taunew( 104)=(  0.0000  0.0000  1.8960)
      105        1       3        2        3   taunew( 105)=(  0.0000  0.0000  1.8960)
      106        1       3        2        4   taunew( 106)=(  0.0000  0.0000  1.8960)
      107        1       3        2        5   taunew( 107)=(  0.0000  0.0000  1.8960)
 ngper, shell number =          437          58
 ngper, n2d =          437         162
---  E-Ef =    1.0000000  k =    0.0000000   0.0000000
---  ie =          1  ik =          1
 Nchannels of the left tip =            1
 Right moving states:
   k1(2pi/a)   k2(2pi/a)   E-Ef (eV)
   0.3275438   0.0000000   1.0000000
 Left moving states:
   k1(2pi/a)   k2(2pi/a)   E-Ef (eV)
  -0.3275438   0.0000000   1.0000000
 
 to transmit
 Band j to band i transmissions and reflections:
    j         i     |T_ij|^2    |R_ij|^2
 
    1 -->     1     0.57603     0.42397
   Total T_j, R_j =    0.57603  0.42397
 
E-Ef(ev), T(x2 spins) =    1.0000000   1.1520655
 Eigenchannel decomposition:
#    1  1.00000  0.57603
                      1.00000
---  E-Ef =    0.7000000  k =    0.0000000   0.0000000
---  ie =          2  ik =          1
 Nchannels of the left tip =            1
 Right moving states:
   k1(2pi/a)   k2(2pi/a)   E-Ef (eV)
   0.3114925   0.0000000   0.7000000
 Left moving states:
   k1(2pi/a)   k2(2pi/a)   E-Ef (eV)
  -0.3114925   0.0000000   0.7000000
 
 to transmit
 Band j to band i transmissions and reflections:
    j         i     |T_ij|^2    |R_ij|^2
 
    1 -->     1     0.50553     0.49447
   Total T_j, R_j =    0.50553  0.49447
 
E-Ef(ev), T(x2 spins) =    0.7000000   1.0110514
 Eigenchannel decomposition:
#    1  0.70000  0.50553
                      1.00000
---  E-Ef =    0.5000000  k =    0.0000000   0.0000000
---  ie =          3  ik =          1
 Nchannels of the left tip =            1
 Right moving states:
   k1(2pi/a)   k2(2pi/a)   E-Ef (eV)
   0.2992815   0.0000000   0.5000000
 Left moving states:
   k1(2pi/a)   k2(2pi/a)   E-Ef (eV)
  -0.2992815   0.0000000   0.5000000
 
 to transmit
 Band j to band i transmissions and reflections:
    j         i     |T_ij|^2    |R_ij|^2
 
    1 -->     1     0.37844     0.62156
   Total T_j, R_j =    0.37844  0.62156
 
E-Ef(ev), T(x2 spins) =    0.5000000   0.7568842
 Eigenchannel decomposition:
#    1  0.50000  0.37844
                      1.00000
---  E-Ef =    0.3000000  k =    0.0000000   0.0000000
---  ie =          4  ik =          1
 Nchannels of the left tip =            1
 Right moving states:
   k1(2pi/a)   k2(2pi/a)   E-Ef (eV)
   0.2853978   0.0000000   0.3000000
 Left moving states:
   k1(2pi/a)   k2(2pi/a)   E-Ef (eV)
  -0.2853978   0.0000000   0.3000000
 
 to transmit
 Band j to band i transmissions and reflections:
    j         i     |T_ij|^2    |R_ij|^2
 
    1 -->     1     0.16884     0.83116
   Total T_j, R_j =    0.16884  0.83116
 
E-Ef(ev), T(x2 spins) =    0.3000000   0.3376881
 Eigenchannel decomposition:
#    1  0.30000  0.16884
                      1.00000
---  E-Ef =    0.2000000  k =    0.0000000   0.0000000
---  ie =          5  ik =          1
 Nchannels of the left tip =            1
 Right moving states:
   k1(2pi/a)   k2(2pi/a)   E-Ef (eV)
   0.2776670   0.0000000   0.2000000
 Left moving states:
   k1(2pi/a)   k2(2pi/a)   E-Ef (eV)
  -0.2776670   0.0000000   0.2000000
 
 to transmit
 Band j to band i transmissions and reflections:
    j         i     |T_ij|^2    |R_ij|^2
 
    1 -->     1     0.05699     0.94301
   Total T_j, R_j =    0.05699  0.94301
 
E-Ef(ev), T(x2 spins) =    0.2000000   0.1139844
 Eigenchannel decomposition:
#    1  0.20000  0.05699
                      1.00000
---  E-Ef =    0.1500000  k =    0.0000000   0.0000000
---  ie =          6  ik =          1
 Nchannels of the left tip =            1
 Right moving states:
   k1(2pi/a)   k2(2pi/a)   E-Ef (eV)
   0.2735713   0.0000000   0.1500000
 Left moving states:
   k1(2pi/a)   k2(2pi/a)   E-Ef (eV)
  -0.2735713   0.0000000   0.1500000
 
 to transmit
 Band j to band i transmissions and reflections:
    j         i     |T_ij|^2    |R_ij|^2
 
    1 -->     1     0.01708     0.98292
   Total T_j, R_j =    0.01708  0.98292
 
E-Ef(ev), T(x2 spins) =    0.1500000   0.0341683
 Eigenchannel decomposition:
#    1  0.15000  0.01708
                      1.00000
---  E-Ef =    0.1000000  k =    0.0000000   0.0000000
---  ie =          7  ik =          1
 Nchannels of the left tip =            1
 Right moving states:
   k1(2pi/a)   k2(2pi/a)   E-Ef (eV)
   0.2693082   0.0000000   0.1000000
 Left moving states:
   k1(2pi/a)   k2(2pi/a)   E-Ef (eV)
  -0.2693082   0.0000000   0.1000000
 
 to transmit
 Band j to band i transmissions and reflections:
    j         i     |T_ij|^2    |R_ij|^2
 
    1 -->     1     0.00008     0.99992
   Total T_j, R_j =    0.00008  0.99992
 
E-Ef(ev), T(x2 spins) =    0.1000000   0.0001699
 Eigenchannel decomposition:
#    1  0.10000  0.00008
                      1.00000
---  E-Ef =    0.0500000  k =    0.0000000   0.0000000
---  ie =          8  ik =          1
 Nchannels of the left tip =            1
 Right moving states:
   k1(2pi/a)   k2(2pi/a)   E-Ef (eV)
   0.2648667   0.0000000   0.0500000
 Left moving states:
   k1(2pi/a)   k2(2pi/a)   E-Ef (eV)
  -0.2648667   0.0000000   0.0500000
 
 to transmit
 Band j to band i transmissions and reflections:
    j         i     |T_ij|^2    |R_ij|^2
 
    1 -->     1     0.01486     0.98514
   Total T_j, R_j =    0.01486  0.98514
 
E-Ef(ev), T(x2 spins) =    0.0500000   0.0297152
 Eigenchannel decomposition:
#    1  0.05000  0.01486
                      1.00000
---  E-Ef =    0.0000000  k =    0.0000000   0.0000000
---  ie =          9  ik =          1
 Nchannels of the left tip =            1
 Right moving states:
   k1(2pi/a)   k2(2pi/a)   E-Ef (eV)
   0.2602354   0.0000000   0.0000000
 Left moving states:
   k1(2pi/a)   k2(2pi/a)   E-Ef (eV)
  -0.2602354   0.0000000   0.0000000
 
 to transmit
 Band j to band i transmissions and reflections:
    j         i     |T_ij|^2    |R_ij|^2
 
    1 -->     1     0.06564     0.93436
   Total T_j, R_j =    0.06564  0.93436
 
E-Ef(ev), T(x2 spins) =    0.0000000   0.1312750
 Eigenchannel decomposition:
#    1  0.00000  0.06564
                      1.00000
---  E-Ef =   -0.2000000  k =    0.0000000   0.0000000
---  ie =         10  ik =          1
 Nchannels of the left tip =            1
 Right moving states:
   k1(2pi/a)   k2(2pi/a)   E-Ef (eV)
   0.2395662   0.0000000  -0.2000000
 Left moving states:
   k1(2pi/a)   k2(2pi/a)   E-Ef (eV)
  -0.2395662   0.0000000  -0.2000000
 
 to transmit
 Band j to band i transmissions and reflections:
    j         i     |T_ij|^2    |R_ij|^2
 
    1 -->     1     0.47470     0.52530
   Total T_j, R_j =    0.47470  0.52530
 
E-Ef(ev), T(x2 spins) =   -0.2000000   0.9494067
 Eigenchannel decomposition:
#    1 -0.20000  0.47470
                      1.00000
---  E-Ef =   -0.3000000  k =    0.0000000   0.0000000
---  ie =         11  ik =          1
 Nchannels of the left tip =            4
 Right moving states:
   k1(2pi/a)   k2(2pi/a)   E-Ef (eV)
  -0.0313265   0.0000000  -0.3000000
  -0.0313437   0.0000000  -0.3000000
   0.2277558   0.0000000  -0.3000000
   0.4451581   0.0000000  -0.3000000
 Left moving states:
   k1(2pi/a)   k2(2pi/a)   E-Ef (eV)
   0.0313265   0.0000000  -0.3000000
   0.0313437   0.0000000  -0.3000000
  -0.2277558   0.0000000  -0.3000000
  -0.4451581   0.0000000  -0.3000000
 
 to transmit
    2    3   0.0003094
    2    4   0.0003972
    3    2   0.0003094
    3    3   1.0005691
    3    4   0.0015960
    4    2   0.0003972
    4    3   0.0015960
    4    4   0.9993650
 Band j to band i transmissions and reflections:
    j         i     |T_ij|^2    |R_ij|^2
 
    1 -->     1     0.00204     0.99776
    1 -->     2     0.00000     0.00019
    1 -->     3     0.00000     0.00000
    1 -->     4     0.00000     0.00000
   Total T_j, R_j =    0.00205  0.99795
 
    2 -->     1     0.00000     0.00019
    2 -->     2     0.00575     0.93344
    2 -->     3     0.03164     0.02551
    2 -->     4     0.00176     0.00177
   Total T_j, R_j =    0.03916  0.96091
 
    3 -->     1     0.00000     0.00000
    3 -->     2     0.03163     0.02544
    3 -->     3     0.53156     0.29895
    3 -->     4     0.02018     0.09281
   Total T_j, R_j =    0.58337  0.41720
 
    4 -->     1     0.00000     0.00000
    4 -->     2     0.00174     0.00174
    4 -->     3     0.01997     0.09180
    4 -->     4     0.00039     0.88373
   Total T_j, R_j =    0.02210  0.97726
 
E-Ef(ev), T(x2 spins) =   -0.3000000   1.2933599
 Eigenchannel decomposition:
#    1 -0.30000  0.00008
                      0.00000
                      0.01453
                      0.03290
                      0.95257
#    2 -0.30000  0.00204
                      0.99990
                      0.00010
                      0.00000
                      0.00000
#    3 -0.30000  0.00993
                      0.00010
                      0.93834
                      0.04863
                      0.01293
#    4 -0.30000  0.63462
                      0.00000
                      0.04702
                      0.91847
                      0.03450
---  E-Ef =   -0.5000000  k =    0.0000000   0.0000000
---  ie =         12  ik =          1
 Nchannels of the left tip =            4
 Right moving states:
   k1(2pi/a)   k2(2pi/a)   E-Ef (eV)
  -0.0712366   0.0000000  -0.5000000
  -0.0712366   0.0000000  -0.5000000
   0.2005122   0.0000000  -0.5000000
   0.4031293   0.0000000  -0.5000000
 Left moving states:
   k1(2pi/a)   k2(2pi/a)   E-Ef (eV)
   0.0712366   0.0000000  -0.5000000
   0.0712366   0.0000000  -0.5000000
  -0.2005122   0.0000000  -0.5000000
  -0.4031293   0.0000000  -0.5000000
 
 to transmit
    2    2   1.0001259
    2    3   0.0004632
    2    4   0.0007129
    3    2   0.0004632
    3    3   1.0004420
    3    4   0.0010993
    4    2   0.0007129
    4    3   0.0010993
    4    4   0.9994354
 Band j to band i transmissions and reflections:
    j         i     |T_ij|^2    |R_ij|^2
 
    1 -->     1     0.01382     0.02231
    1 -->     2     0.00001     0.96368
    1 -->     3     0.00009     0.00007
    1 -->     4     0.00001     0.00001
   Total T_j, R_j =    0.01393  0.98607
 
    2 -->     1     0.00001     0.87053
    2 -->     2     0.02645     0.02146
    2 -->     3     0.04069     0.03132
    2 -->     4     0.00483     0.00484
   Total T_j, R_j =    0.07198  0.92815
 
    3 -->     1     0.00009     0.03091
    3 -->     2     0.04069     0.00035
    3 -->     3     0.55964     0.18768
    3 -->     4     0.03849     0.14259
   Total T_j, R_j =    0.63891  0.36153
 
    4 -->     1     0.00001     0.00471
    4 -->     2     0.00479     0.00005
    4 -->     3     0.03828     0.14179
    4 -->     4     0.00077     0.80901
   Total T_j, R_j =    0.04386  0.95557
 
E-Ef(ev), T(x2 spins) =   -0.5000000   1.5373530
 Eigenchannel decomposition:
#    1 -0.50000  0.00065
                      0.00003
                      0.01382
                      0.05891
                      0.92723
#    2 -0.50000  0.01380
                      0.99779
                      0.00221
                      0.00000
                      0.00000
#    3 -0.50000  0.03740
                      0.00207
                      0.93224
                      0.05259
                      0.01310
#    4 -0.50000  0.71683
                      0.00011
                      0.05172
                      0.88850
                      0.05967
---  E-Ef =   -0.7000000  k =    0.0000000   0.0000000
---  ie =         13  ik =          1
 Nchannels of the left tip =            4
 Right moving states:
   k1(2pi/a)   k2(2pi/a)   E-Ef (eV)
  -0.0979365   0.0000000  -0.7000000
  -0.0979365   0.0000000  -0.7000000
   0.1669784   0.0000000  -0.7000000
   0.3762760   0.0000000  -0.7000000
 Left moving states:
   k1(2pi/a)   k2(2pi/a)   E-Ef (eV)
   0.0979365   0.0000000  -0.7000000
   0.0979365   0.0000000  -0.7000000
  -0.1669784   0.0000000  -0.7000000
  -0.3762760   0.0000000  -0.7000000
 
 to transmit
    2    2   1.0001124
    2    3   0.0005062
    2    4   0.0008107
    3    2   0.0005062
    3    4   0.0004350
    4    2   0.0008107
    4    3   0.0004350
    4    4   0.9998756
 Band j to band i transmissions and reflections:
    j         i     |T_ij|^2    |R_ij|^2
 
    1 -->     1     0.03521     0.11196
    1 -->     2     0.00002     0.85240
    1 -->     3     0.00020     0.00015
    1 -->     4     0.00003     0.00003
   Total T_j, R_j =    0.03546  0.96454
 
    2 -->     1     0.00002     0.76884
    2 -->     2     0.05049     0.10560
    2 -->     3     0.03642     0.02759
    2 -->     4     0.00550     0.00566
   Total T_j, R_j =    0.09243  0.90769
 
    3 -->     1     0.00020     0.02553
    3 -->     2     0.03645     0.00208
    3 -->     3     0.53159     0.20074
    3 -->     4     0.04302     0.16041
   Total T_j, R_j =    0.61125  0.38876
 
    4 -->     1     0.00003     0.00517
    4 -->     2     0.00547     0.00042
    4 -->     3     0.04304     0.16028
    4 -->     4     0.00008     0.78540
   Total T_j, R_j =    0.04862  0.95126
 
E-Ef(ev), T(x2 spins) =   -0.7000000   1.5755035
 Eigenchannel decomposition:
#    1 -0.70000  0.00295
                      0.00008
                      0.01431
                      0.06366
                      0.92196
#    2 -0.70000  0.03515
                      0.99464
                      0.00536
                      0.00000
                      0.00000
#    3 -0.70000  0.06566
                      0.00504
                      0.93533
                      0.04753
                      0.01210
#    4 -0.70000  0.68399
                      0.00024
                      0.04500
                      0.88882
                      0.06594
---  E-Ef =   -0.8000000  k =    0.0000000   0.0000000
---  ie =         14  ik =          1
 Nchannels of the left tip =            4
 Right moving states:
   k1(2pi/a)   k2(2pi/a)   E-Ef (eV)
  -0.1096334   0.0000000  -0.8000000
  -0.1096334   0.0000000  -0.8000000
   0.1468142   0.0000000  -0.8000000
   0.3654606   0.0000000  -0.8000000
 Left moving states:
   k1(2pi/a)   k2(2pi/a)   E-Ef (eV)
   0.1096334   0.0000000  -0.8000000
   0.1096334   0.0000000  -0.8000000
  -0.1468142   0.0000000  -0.8000000
  -0.3654606   0.0000000  -0.8000000
 
 to transmit
    2    3   0.0004923
    2    4   0.0007797
    3    2   0.0004923
    3    3   0.9998496
    3    4   0.0002284
    4    2   0.0007797
    4    3   0.0002284
 Band j to band i transmissions and reflections:
    j         i     |T_ij|^2    |R_ij|^2
 
    1 -->     1     0.05159     0.17153
    1 -->     2     0.00002     0.77645
    1 -->     3     0.00019     0.00015
    1 -->     4     0.00003     0.00003
   Total T_j, R_j =    0.05184  0.94816
 
    2 -->     1     0.00002     0.70196
    2 -->     2     0.06545     0.16087
    2 -->     3     0.03446     0.02680
    2 -->     4     0.00510     0.00542
   Total T_j, R_j =    0.10504  0.89506
 
    3 -->     1     0.00019     0.02336
    3 -->     2     0.03451     0.00347
    3 -->     3     0.49375     0.23876
    3 -->     4     0.04350     0.16231
   Total T_j, R_j =    0.57195  0.42790
 
    4 -->     1     0.00003     0.00467
    4 -->     2     0.00508     0.00069
    4 -->     3     0.04359     0.16245
    4 -->     4     0.00136     0.78219
   Total T_j, R_j =    0.05006  0.95000
 
E-Ef(ev), T(x2 spins) =   -0.8000000   1.5577721
 Eigenchannel decomposition:
#    1 -0.80000  0.00588
                      0.00008
                      0.01454
                      0.06405
                      0.92133
#    2 -0.80000  0.05154
                      0.99438
                      0.00562
                      0.00000
                      0.00000
#    3 -0.80000  0.08278
                      0.00529
                      0.93749
                      0.04715
                      0.01007
#    4 -0.80000  0.63869
                      0.00024
                      0.04236
                      0.88880
                      0.06860
---  E-Ef =   -0.9000000  k =    0.0000000   0.0000000
---  ie =         15  ik =          1
 Nchannels of the left tip =            4
 Right moving states:
   k1(2pi/a)   k2(2pi/a)   E-Ef (eV)
  -0.1206939   0.0000000  -0.9000000
  -0.1206939   0.0000000  -0.9000000
   0.1231209   0.0000000  -0.9000000
   0.3558094   0.0000000  -0.9000000
 Left moving states:
   k1(2pi/a)   k2(2pi/a)   E-Ef (eV)
   0.1206939   0.0000000  -0.9000000
   0.1206939   0.0000000  -0.9000000
  -0.1231209   0.0000000  -0.9000000
  -0.3558094   0.0000000  -0.9000000
 
 to transmit
    2    3   0.0004398
    2    4   0.0006739
    3    2   0.0004398
    3    3   0.9998437
    3    4   0.0002583
    4    2   0.0006739
    4    3   0.0002583
 Band j to band i transmissions and reflections:
    j         i     |T_ij|^2    |R_ij|^2
 
    1 -->     1     0.07324     0.20798
    1 -->     2     0.00002     0.71848
    1 -->     3     0.00013     0.00011
    1 -->     4     0.00002     0.00002
   Total T_j, R_j =    0.07341  0.92659
 
    2 -->     1     0.00002     0.65296
    2 -->     2     0.08283     0.19418
    2 -->     3     0.03320     0.02743
    2 -->     4     0.00454     0.00492
   Total T_j, R_j =    0.12058  0.87949
 
    3 -->     1     0.00013     0.02259
    3 -->     2     0.03324     0.00484
    3 -->     3     0.43497     0.29183
    3 -->     4     0.05040     0.16183
   Total T_j, R_j =    0.51875  0.48110
 
    4 -->     1     0.00002     0.00401
    4 -->     2     0.00453     0.00086
    4 -->     3     0.05044     0.16205
    4 -->     4     0.00887     0.76930
   Total T_j, R_j =    0.06386  0.93623
 
E-Ef(ev), T(x2 spins) =   -0.9000000   1.5531855
 Eigenchannel decomposition:
#    1 -0.90000  0.01086
                      0.00006
                      0.01521
                      0.08200
                      0.90273
#    2 -0.90000  0.07322
                      0.99608
                      0.00392
                      0.00000
                      0.00000
#    3 -0.90000  0.10241
                      0.00370
                      0.94053
                      0.04892
                      0.00685
#    4 -0.90000  0.59010
                      0.00016
                      0.04034
                      0.86908
                      0.09042
---  E-Ef =   -1.0000000  k =    0.0000000   0.0000000
---  ie =         16  ik =          1
 Nchannels of the left tip =            4
 Right moving states:
   k1(2pi/a)   k2(2pi/a)   E-Ef (eV)
   0.0933968   0.0000000  -1.0000000
  -0.1313004   0.0000000  -1.0000000
  -0.1313004   0.0000000  -1.0000000
   0.3470676   0.0000000  -1.0000000
 Left moving states:
   k1(2pi/a)   k2(2pi/a)   E-Ef (eV)
  -0.0933968   0.0000000  -1.0000000
   0.1313004   0.0000000  -1.0000000
   0.1313004   0.0000000  -1.0000000
  -0.3470676   0.0000000  -1.0000000
 
 to transmit
    1    3   0.0003350
    1    4   0.0002272
    3    1   0.0003350
    3    4   0.0004713
    4    1   0.0002272
    4    3   0.0004713
    4    4   0.9998694
 Band j to band i transmissions and reflections:
    j         i     |T_ij|^2    |R_ij|^2
 
    1 -->     1     0.34801     0.35392
    1 -->     2     0.00006     0.02248
    1 -->     3     0.03281     0.00720
    1 -->     4     0.07295     0.16265
   Total T_j, R_j =    0.45384  0.54625
 
    2 -->     1     0.00006     0.00006
    2 -->     2     0.10145     0.25102
    2 -->     3     0.00001     0.64738
    2 -->     4     0.00001     0.00001
   Total T_j, R_j =    0.10153  0.89847
 
    3 -->     1     0.03277     0.02971
    3 -->     2     0.00001     0.59244
    3 -->     3     0.10197     0.23351
    3 -->     4     0.00485     0.00479
   Total T_j, R_j =    0.13960  0.86045
 
    4 -->     1     0.07273     0.16266
    4 -->     2     0.00001     0.00361
    4 -->     3     0.00484     0.00116
    4 -->     4     0.03568     0.71919
   Total T_j, R_j =    0.11326  0.88661
 
E-Ef(ev), T(x2 spins) =   -1.0000000   1.6164438
 Eigenchannel decomposition:
#    1 -1.00000  0.01691
                      0.16083
                      0.00003
                      0.01704
                      0.82209
#    2 -1.00000  0.10145
                      0.00000
                      0.99804
                      0.00196
                      0.00000
#    3 -1.00000  0.12414
                      0.05347
                      0.00185
                      0.94176
                      0.00291
#    4 -1.00000  0.56571
                      0.78570
                      0.00008
                      0.03923
                      0.17499
   T_tot     1.00000      0.23041E+01
   T_tot     0.70000      0.20221E+01
   T_tot     0.50000      0.15138E+01
   T_tot     0.30000      0.67538E+00
   T_tot     0.20000      0.22797E+00
   T_tot     0.15000      0.68337E-01
   T_tot     0.10000      0.33989E-03
   T_tot     0.05000      0.59430E-01
   T_tot     0.00000      0.26255E+00
   T_tot    -0.20000      0.18988E+01
   T_tot    -0.30000      0.25867E+01
   T_tot    -0.50000      0.30747E+01
   T_tot    -0.70000      0.31510E+01
   T_tot    -0.80000      0.31155E+01
   T_tot    -0.90000      0.31064E+01
   T_tot    -1.00000      0.32329E+01
 
     PWCOND       :  3m31.42s CPU     3m32.20s WALL

     init         :      4.31s CPU      4.39s WALL (       1 calls)
     poten        :      0.04s CPU      0.04s WALL (       2 calls)
     local        :     14.97s CPU     15.03s WALL (       1 calls)
 
     scatter_forw :    180.88s CPU    181.47s WALL (      32 calls)
 
     compbs       :      9.39s CPU      9.43s WALL (      16 calls)
     compbs_2     :      7.38s CPU      7.41s WALL (      16 calls)
 
