
     Program PWCOND v.5.0.2 (svn rev. 9398) starts on 24Oct2012 at 11: 1:34 

     This program is part of the open-source Quantum ESPRESSO suite
     for quantum simulation of materials; please cite
         "P. Giannozzi et al., J. Phys.:Condens. Matter 21 395502 (2009);
          URL http://www.quantum-espresso.org", 
     in publications or presentations arising from this work. More details at
     http://www.quantum-espresso.org/quote.php

     Serial version

   Info: using nr1, nr2, nr3 values from input

   Info: using nr1s, nr2s, nr3s values from input

     IMPORTANT: XC functional enforced from input :
     Exchange-correlation      = LDA ( 1 1 0 0 0)
     EXX-fraction              =        0.00
     Any further DFT definition will be discarded
     Please, verify this is what you really want

 
     G-vector sticks info
     --------------------
     sticks:   dense  smooth     PW     G-vecs:    dense   smooth      PW
     Sum        2701    1789    577                33063    17971    3265
 

     negative rho (up, down):  0.206E-04 0.000E+00
 
===== INPUT FILE containing the left lead =====

     GEOMETRY:

     lattice parameter (alat)  =      15.0000  a.u.
     the volume                =    1066.5000 (a.u.)^3
     the cross section         =     225.0000 (a.u.)^2
     l of the unit cell        =       0.3160 (alat)
     number of atoms/cell      =            1
     number of atomic types    =            1

     crystal axes: (cart. coord. in units of alat)
               a(1) = (  1.0000  0.0000  0.0000 )  
               a(2) = (  0.0000  1.0000  0.0000 )  
               a(3) = (  0.0000  0.0000  0.3160 )  


   Cartesian axes

     site n.     atom                  positions (alat units)
          1           Au  tau(  1)=(  0.0000  0.0000  0.3160  )

     nr1s                      =           48
     nr2s                      =           48
     nr3s                      =           15
     nr1sx                     =           48
     nr2sx                     =           48
     nr3sx                     =           15
     nr1                       =           60
     nr2                       =           60
     nr3                       =           20
     nr1x                      =           60
     nr2x                      =           60
     nr3x                      =           20

 _______________________________
  Radii of nonlocal spheres: 

     type       ibeta     ang. mom.          radius (alat units)
          Au      1         1                    0.2254
          Au      2         2                    0.2254
          Au      3         2                    0.2254

   Info: using nr1, nr2, nr3 values from input

   Info: using nr1s, nr2s, nr3s values from input

     IMPORTANT: XC functional enforced from input :
     Exchange-correlation      = LDA ( 1 1 0 0 0)
     EXX-fraction              =        0.00
     Any further DFT definition will be discarded
     Please, verify this is what you really want

               file C.pz-rrkjus.UPF: wavefunction(s)  2S renormalized
               file O.pz-rrkjus.UPF: wavefunction(s)  2S renormalized
 
     G-vector sticks info
     --------------------
     sticks:   dense  smooth     PW     G-vecs:    dense   smooth      PW
     Sum        2701    1789    481               198643   107943   14943
 

     negative rho (up, down):  0.343E-02 0.000E+00
 
===== INPUT FILE containing the scat. region =====

     GEOMETRY:

     lattice parameter (alat)  =      15.0000  a.u.
     the volume                =    6399.0000 (a.u.)^3
     the cross section         =     225.0000 (a.u.)^2
     l of the unit cell        =       1.8960 (alat)
     number of atoms/cell      =            8
     number of atomic types    =            3

     crystal axes: (cart. coord. in units of alat)
               a(1) = (  1.0000  0.0000  0.0000 )  
               a(2) = (  0.0000  1.0000  0.0000 )  
               a(3) = (  0.0000  0.0000  1.8960 )  


   Cartesian axes

     site n.     atom                  positions (alat units)
          1           C   tau(  1)=(  0.2384  0.0000  0.9480  )
          2           O   tau(  2)=(  0.3813  0.0000  0.9480  )
          3           Au  tau(  3)=(  0.0000  0.0000  1.8960  )
          4           Au  tau(  4)=(  0.0000  0.0000  0.3160  )
          5           Au  tau(  5)=(  0.0000  0.0000  0.6320  )
          6           Au  tau(  6)=(  0.0000  0.0000  0.9480  )
          7           Au  tau(  7)=(  0.0000  0.0000  1.2640  )
          8           Au  tau(  8)=(  0.0000  0.0000  1.5800  )

     nr1s                      =           48
     nr2s                      =           48
     nr3s                      =           96
     nr1sx                     =           48
     nr2sx                     =           48
     nr3sx                     =           96
     nr1                       =           60
     nr2                       =           60
     nr3                       =          120
     nr1x                      =           60
     nr2x                      =           60
     nr3x                      =          120

 _______________________________
  Radii of nonlocal spheres: 

     type       ibeta     ang. mom.          radius (alat units)
          Au      1         1                    0.2254
          Au      2         2                    0.2254
          Au      3         2                    0.2254
          C       1         0                    0.1078
          C       2         0                    0.1078
          C       3         1                    0.1078
          C       4         1                    0.1078
          O       1         0                    0.1067
          O       2         0                    0.1067
          O       3         1                    0.1067
          O       4         1                    0.1067
----- General information -----
 
--- T calc. with identical leads (ikind=1) --- 

     nrx                       =           48
     nry                       =           48
     nz1                       =            2


     energy0               =         1.0E+00
     denergy               =         0.0E+00
     nenergy               =         16
     ecut2d                =         2.5E+01
     ewind                 =         4.0E+00
     epsproj               =         1.0E-04


     number of k_|| points=    1
                       cryst. coord. 
        k(    1) = (   0.0000000   0.0000000), wk =   1.0000000
----- Information about left/right lead -----

     nocros                   =           13
     noins                    =            0
     norb                     =           26
     norbf                    =          107
     nrz                      =           15

      iorb      type   ibeta   ang. mom.   m       position (alat)
        1        1       1        1        1   taunew(   1)=(  0.0000  0.0000  0.0000)
        2        1       1        1        2   taunew(   2)=(  0.0000  0.0000  0.0000)
        3        1       1        1        3   taunew(   3)=(  0.0000  0.0000  0.0000)
        4        1       2        2        1   taunew(   4)=(  0.0000  0.0000  0.0000)
        5        1       2        2        2   taunew(   5)=(  0.0000  0.0000  0.0000)
        6        1       2        2        3   taunew(   6)=(  0.0000  0.0000  0.0000)
        7        1       2        2        4   taunew(   7)=(  0.0000  0.0000  0.0000)
        8        1       2        2        5   taunew(   8)=(  0.0000  0.0000  0.0000)
        9        1       3        2        1   taunew(   9)=(  0.0000  0.0000  0.0000)
       10        1       3        2        2   taunew(  10)=(  0.0000  0.0000  0.0000)
       11        1       3        2        3   taunew(  11)=(  0.0000  0.0000  0.0000)
       12        1       3        2        4   taunew(  12)=(  0.0000  0.0000  0.0000)
       13        1       3        2        5   taunew(  13)=(  0.0000  0.0000  0.0000)
       14        1       1        1        1   taunew(  14)=(  0.0000  0.0000  0.3160)
       15        1       1        1        2   taunew(  15)=(  0.0000  0.0000  0.3160)
       16        1       1        1        3   taunew(  16)=(  0.0000  0.0000  0.3160)
       17        1       2        2        1   taunew(  17)=(  0.0000  0.0000  0.3160)
       18        1       2        2        2   taunew(  18)=(  0.0000  0.0000  0.3160)
       19        1       2        2        3   taunew(  19)=(  0.0000  0.0000  0.3160)
       20        1       2        2        4   taunew(  20)=(  0.0000  0.0000  0.3160)
       21        1       2        2        5   taunew(  21)=(  0.0000  0.0000  0.3160)
       22        1       3        2        1   taunew(  22)=(  0.0000  0.0000  0.3160)
       23        1       3        2        2   taunew(  23)=(  0.0000  0.0000  0.3160)
       24        1       3        2        3   taunew(  24)=(  0.0000  0.0000  0.3160)
       25        1       3        2        4   taunew(  25)=(  0.0000  0.0000  0.3160)
       26        1       3        2        5   taunew(  26)=(  0.0000  0.0000  0.3160)
    k slab    z(k)  z(k+1)     crossing(iorb=1,norb)
    1   0.0000 0.0211 0.0211   11111111111110000000000000
    2   0.0211 0.0421 0.0211   11111111111110000000000000
    3   0.0421 0.0632 0.0211   11111111111110000000000000
    4   0.0632 0.0843 0.0211   11111111111110000000000000
    5   0.0843 0.1053 0.0211   11111111111111111111111111
    6   0.1053 0.1264 0.0211   11111111111111111111111111
    7   0.1264 0.1475 0.0211   11111111111111111111111111
    8   0.1475 0.1685 0.0211   11111111111111111111111111
    9   0.1685 0.1896 0.0211   11111111111111111111111111
   10   0.1896 0.2107 0.0211   11111111111111111111111111
   11   0.2107 0.2317 0.0211   11111111111111111111111111
   12   0.2317 0.2528 0.0211   00000000000001111111111111
   13   0.2528 0.2739 0.0211   00000000000001111111111111
   14   0.2739 0.2949 0.0211   00000000000001111111111111
   15   0.2949 0.3160 0.0211   00000000000001111111111111
----- Information about scattering region -----

     noins                    =           81
     norb                     =          107
     norbf                    =          107
     nrz                      =           96

      iorb      type   ibeta   ang. mom.   m       position (alat)
        1        1       1        1        1   taunew(   1)=(  0.0000  0.0000  0.0000)
        2        1       1        1        2   taunew(   2)=(  0.0000  0.0000  0.0000)
        3        1       1        1        3   taunew(   3)=(  0.0000  0.0000  0.0000)
        4        1       2        2        1   taunew(   4)=(  0.0000  0.0000  0.0000)
        5        1       2        2        2   taunew(   5)=(  0.0000  0.0000  0.0000)
        6        1       2        2        3   taunew(   6)=(  0.0000  0.0000  0.0000)
        7        1       2        2        4   taunew(   7)=(  0.0000  0.0000  0.0000)
        8        1       2        2        5   taunew(   8)=(  0.0000  0.0000  0.0000)
        9        1       3        2        1   taunew(   9)=(  0.0000  0.0000  0.0000)
       10        1       3        2        2   taunew(  10)=(  0.0000  0.0000  0.0000)
       11        1       3        2        3   taunew(  11)=(  0.0000  0.0000  0.0000)
       12        1       3        2        4   taunew(  12)=(  0.0000  0.0000  0.0000)
       13        1       3        2        5   taunew(  13)=(  0.0000  0.0000  0.0000)
       14        1       1        1        1   taunew(  14)=(  0.0000  0.0000  0.3160)
       15        1       1        1        2   taunew(  15)=(  0.0000  0.0000  0.3160)
       16        1       1        1        3   taunew(  16)=(  0.0000  0.0000  0.3160)
       17        1       2        2        1   taunew(  17)=(  0.0000  0.0000  0.3160)
       18        1       2        2        2   taunew(  18)=(  0.0000  0.0000  0.3160)
       19        1       2        2        3   taunew(  19)=(  0.0000  0.0000  0.3160)
       20        1       2        2        4   taunew(  20)=(  0.0000  0.0000  0.3160)
       21        1       2        2        5   taunew(  21)=(  0.0000  0.0000  0.3160)
       22        1       3        2        1   taunew(  22)=(  0.0000  0.0000  0.3160)
       23        1       3        2        2   taunew(  23)=(  0.0000  0.0000  0.3160)
       24        1       3        2        3   taunew(  24)=(  0.0000  0.0000  0.3160)
       25        1       3        2        4   taunew(  25)=(  0.0000  0.0000  0.3160)
       26        1       3        2        5   taunew(  26)=(  0.0000  0.0000  0.3160)
       27        1       1        1        1   taunew(  27)=(  0.0000  0.0000  0.6320)
       28        1       1        1        2   taunew(  28)=(  0.0000  0.0000  0.6320)
       29        1       1        1        3   taunew(  29)=(  0.0000  0.0000  0.6320)
       30        1       2        2        1   taunew(  30)=(  0.0000  0.0000  0.6320)
       31        1       2        2        2   taunew(  31)=(  0.0000  0.0000  0.6320)
       32        1       2        2        3   taunew(  32)=(  0.0000  0.0000  0.6320)
       33        1       2        2        4   taunew(  33)=(  0.0000  0.0000  0.6320)
       34        1       2        2        5   taunew(  34)=(  0.0000  0.0000  0.6320)
       35        1       3        2        1   taunew(  35)=(  0.0000  0.0000  0.6320)
       36        1       3        2        2   taunew(  36)=(  0.0000  0.0000  0.6320)
       37        1       3        2        3   taunew(  37)=(  0.0000  0.0000  0.6320)
       38        1       3        2        4   taunew(  38)=(  0.0000  0.0000  0.6320)
       39        1       3        2        5   taunew(  39)=(  0.0000  0.0000  0.6320)
       40        2       1        0        1   taunew(  40)=(  0.2384  0.0000  0.9480)
       41        2       2        0        1   taunew(  41)=(  0.2384  0.0000  0.9480)
       42        2       3        1        1   taunew(  42)=(  0.2384  0.0000  0.9480)
       43        2       3        1        2   taunew(  43)=(  0.2384  0.0000  0.9480)
       44        2       3        1        3   taunew(  44)=(  0.2384  0.0000  0.9480)
       45        2       4        1        1   taunew(  45)=(  0.2384  0.0000  0.9480)
       46        2       4        1        2   taunew(  46)=(  0.2384  0.0000  0.9480)
       47        2       4        1        3   taunew(  47)=(  0.2384  0.0000  0.9480)
       48        3       1        0        1   taunew(  48)=(  0.3813  0.0000  0.9480)
       49        3       2        0        1   taunew(  49)=(  0.3813  0.0000  0.9480)
       50        3       3        1        1   taunew(  50)=(  0.3813  0.0000  0.9480)
       51        3       3        1        2   taunew(  51)=(  0.3813  0.0000  0.9480)
       52        3       3        1        3   taunew(  52)=(  0.3813  0.0000  0.9480)
       53        3       4        1        1   taunew(  53)=(  0.3813  0.0000  0.9480)
       54        3       4        1        2   taunew(  54)=(  0.3813  0.0000  0.9480)
       55        3       4        1        3   taunew(  55)=(  0.3813  0.0000  0.9480)
       56        1       1        1        1   taunew(  56)=(  0.0000  0.0000  0.9480)
       57        1       1        1        2   taunew(  57)=(  0.0000  0.0000  0.9480)
       58        1       1        1        3   taunew(  58)=(  0.0000  0.0000  0.9480)
       59        1       2        2        1   taunew(  59)=(  0.0000  0.0000  0.9480)
       60        1       2        2        2   taunew(  60)=(  0.0000  0.0000  0.9480)
       61        1       2        2        3   taunew(  61)=(  0.0000  0.0000  0.9480)
       62        1       2        2        4   taunew(  62)=(  0.0000  0.0000  0.9480)
       63        1       2        2        5   taunew(  63)=(  0.0000  0.0000  0.9480)
       64        1       3        2        1   taunew(  64)=(  0.0000  0.0000  0.9480)
       65        1       3        2        2   taunew(  65)=(  0.0000  0.0000  0.9480)
       66        1       3        2        3   taunew(  66)=(  0.0000  0.0000  0.9480)
       67        1       3        2        4   taunew(  67)=(  0.0000  0.0000  0.9480)
       68        1       3        2        5   taunew(  68)=(  0.0000  0.0000  0.9480)
       69        1       1        1        1   taunew(  69)=(  0.0000  0.0000  1.2640)
       70        1       1        1        2   taunew(  70)=(  0.0000  0.0000  1.2640)
       71        1       1        1        3   taunew(  71)=(  0.0000  0.0000  1.2640)
       72        1       2        2        1   taunew(  72)=(  0.0000  0.0000  1.2640)
       73        1       2        2        2   taunew(  73)=(  0.0000  0.0000  1.2640)
       74        1       2        2        3   taunew(  74)=(  0.0000  0.0000  1.2640)
       75        1       2        2        4   taunew(  75)=(  0.0000  0.0000  1.2640)
       76        1       2        2        5   taunew(  76)=(  0.0000  0.0000  1.2640)
       77        1       3        2        1   taunew(  77)=(  0.0000  0.0000  1.2640)
       78        1       3        2        2   taunew(  78)=(  0.0000  0.0000  1.2640)
       79        1       3        2        3   taunew(  79)=(  0.0000  0.0000  1.2640)
       80        1       3        2        4   taunew(  80)=(  0.0000  0.0000  1.2640)
       81        1       3        2        5   taunew(  81)=(  0.0000  0.0000  1.2640)
       82        1       1        1        1   taunew(  82)=(  0.0000  0.0000  1.5800)
       83        1       1        1        2   taunew(  83)=(  0.0000  0.0000  1.5800)
       84        1       1        1        3   taunew(  84)=(  0.0000  0.0000  1.5800)
       85        1       2        2        1   taunew(  85)=(  0.0000  0.0000  1.5800)
       86        1       2        2        2   taunew(  86)=(  0.0000  0.0000  1.5800)
       87        1       2        2        3   taunew(  87)=(  0.0000  0.0000  1.5800)
       88        1       2        2        4   taunew(  88)=(  0.0000  0.0000  1.5800)
       89        1       2        2        5   taunew(  89)=(  0.0000  0.0000  1.5800)
       90        1       3        2        1   taunew(  90)=(  0.0000  0.0000  1.5800)
       91        1       3        2        2   taunew(  91)=(  0.0000  0.0000  1.5800)
       92        1       3        2        3   taunew(  92)=(  0.0000  0.0000  1.5800)
       93        1       3        2        4   taunew(  93)=(  0.0000  0.0000  1.5800)
       94        1       3        2        5   taunew(  94)=(  0.0000  0.0000  1.5800)
       95        1       1        1        1   taunew(  95)=(  0.0000  0.0000  1.8960)
       96        1       1        1        2   taunew(  96)=(  0.0000  0.0000  1.8960)
       97        1       1        1        3   taunew(  97)=(  0.0000  0.0000  1.8960)
       98        1       2        2        1   taunew(  98)=(  0.0000  0.0000  1.8960)
       99        1       2        2        2   taunew(  99)=(  0.0000  0.0000  1.8960)
      100        1       2        2        3   taunew( 100)=(  0.0000  0.0000  1.8960)
      101        1       2        2        4   taunew( 101)=(  0.0000  0.0000  1.8960)
      102        1       2        2        5   taunew( 102)=(  0.0000  0.0000  1.8960)
      103        1       3        2        1   taunew( 103)=(  0.0000  0.0000  1.8960)
      104        1       3        2        2   taunew( 104)=(  0.0000  0.0000  1.8960)
      105        1       3        2        3   taunew( 105)=(  0.0000  0.0000  1.8960)
      106        1       3        2        4   taunew( 106)=(  0.0000  0.0000  1.8960)
      107        1       3        2        5   taunew( 107)=(  0.0000  0.0000  1.8960)
 ngper, shell number =          437          58
 ngper, n2d =          437         163
---  E-Ef =    1.0000000  k =    0.0000000   0.0000000
---  ie =          1  ik =          1
 Nchannels of the left tip =            1
 Right moving states:
   k1(2pi/a)   k2(2pi/a)   E-Ef (eV)
   0.3420839   0.0000000   1.0000000
 Left moving states:
   k1(2pi/a)   k2(2pi/a)   E-Ef (eV)
  -0.3420839   0.0000000   1.0000000
 
 to transmit
 Band j to band i transmissions and reflections:
    j         i     |T_ij|^2    |R_ij|^2
 
    1 -->     1     0.59581     0.40419
   Total T_j, R_j =    0.59581  0.40419
 
E-Ef(ev), T(x2 spins) =    1.0000000   1.1916295
 Eigenchannel decomposition:
#    1  1.00000  0.59581
                      1.00000
---  E-Ef =    0.7000000  k =    0.0000000   0.0000000
---  ie =          2  ik =          1
 Nchannels of the left tip =            1
 Right moving states:
   k1(2pi/a)   k2(2pi/a)   E-Ef (eV)
   0.3273835   0.0000000   0.7000000
 Left moving states:
   k1(2pi/a)   k2(2pi/a)   E-Ef (eV)
  -0.3273835   0.0000000   0.7000000
 
 to transmit
 Band j to band i transmissions and reflections:
    j         i     |T_ij|^2    |R_ij|^2
 
    1 -->     1     0.47879     0.52121
   Total T_j, R_j =    0.47879  0.52121
 
E-Ef(ev), T(x2 spins) =    0.7000000   0.9575720
 Eigenchannel decomposition:
#    1  0.70000  0.47879
                      1.00000
---  E-Ef =    0.5000000  k =    0.0000000   0.0000000
---  ie =          3  ik =          1
 Nchannels of the left tip =            1
 Right moving states:
   k1(2pi/a)   k2(2pi/a)   E-Ef (eV)
   0.3161317   0.0000000   0.5000000
 Left moving states:
   k1(2pi/a)   k2(2pi/a)   E-Ef (eV)
  -0.3161317   0.0000000   0.5000000
 
 to transmit
 Band j to band i transmissions and reflections:
    j         i     |T_ij|^2    |R_ij|^2
 
    1 -->     1     0.26103     0.73897
   Total T_j, R_j =    0.26103  0.73897
 
E-Ef(ev), T(x2 spins) =    0.5000000   0.5220594
 Eigenchannel decomposition:
#    1  0.50000  0.26103
                      1.00000
---  E-Ef =    0.3000000  k =    0.0000000   0.0000000
---  ie =          4  ik =          1
 Nchannels of the left tip =            1
 Right moving states:
   k1(2pi/a)   k2(2pi/a)   E-Ef (eV)
   0.3031308   0.0000000   0.3000000
 Left moving states:
   k1(2pi/a)   k2(2pi/a)   E-Ef (eV)
  -0.3031308   0.0000000   0.3000000
 
 to transmit
 Band j to band i transmissions and reflections:
    j         i     |T_ij|^2    |R_ij|^2
 
    1 -->     1     0.00006     0.99994
   Total T_j, R_j =    0.00006  0.99994
 
E-Ef(ev), T(x2 spins) =    0.3000000   0.0001120
 Eigenchannel decomposition:
#    1  0.30000  0.00006
                      1.00000
---  E-Ef =    0.2000000  k =    0.0000000   0.0000000
---  ie =          5  ik =          1
 Nchannels of the left tip =            1
 Right moving states:
   k1(2pi/a)   k2(2pi/a)   E-Ef (eV)
   0.2957541   0.0000000   0.2000000
 Left moving states:
   k1(2pi/a)   k2(2pi/a)   E-Ef (eV)
  -0.2957541   0.0000000   0.2000000
 
 to transmit
 Band j to band i transmissions and reflections:
    j         i     |T_ij|^2    |R_ij|^2
 
    1 -->     1     0.26847     0.73153
   Total T_j, R_j =    0.26847  0.73153
 
E-Ef(ev), T(x2 spins) =    0.2000000   0.5369370
 Eigenchannel decomposition:
#    1  0.20000  0.26847
                      1.00000
---  E-Ef =    0.1500000  k =    0.0000000   0.0000000
---  ie =          6  ik =          1
 Nchannels of the left tip =            3
 Right moving states:
   k1(2pi/a)   k2(2pi/a)   E-Ef (eV)
  -0.0233490   0.0000000   0.1500000
  -0.0234222   0.0000000   0.1500000
   0.2918005   0.0000000   0.1500000
 Left moving states:
   k1(2pi/a)   k2(2pi/a)   E-Ef (eV)
   0.0233490   0.0000000   0.1500000
   0.0234222   0.0000000   0.1500000
  -0.2918005   0.0000000   0.1500000
 
 to transmit
    2    2   1.0026790
    2    3   0.0018603
    3    2   0.0018603
    3    3   0.9973428
 Band j to band i transmissions and reflections:
    j         i     |T_ij|^2    |R_ij|^2
 
    1 -->     1     0.09196     0.90803
    1 -->     2     0.00000     0.00000
    1 -->     3     0.00001     0.00000
   Total T_j, R_j =    0.09197  0.90803
 
    2 -->     1     0.00000     0.00000
    2 -->     2     0.10624     0.56802
    2 -->     3     0.19198     0.13644
   Total T_j, R_j =    0.29822  0.70446
 
    3 -->     1     0.00001     0.00001
    3 -->     2     0.18884     0.13423
    3 -->     3     0.37957     0.29468
   Total T_j, R_j =    0.56842  0.42892
 
E-Ef(ev), T(x2 spins) =    0.1500000   1.9172165
 Eigenchannel decomposition:
#    1  0.15000  0.09196
                      0.99997
                      0.00003
                      0.00000
#    2  0.15000  0.18899
                      0.00002
                      0.77644
                      0.22353
#    3  0.15000  0.67765
                      0.00001
                      0.22353
                      0.77647
---  E-Ef =    0.1000000  k =    0.0000000   0.0000000
---  ie =          7  ik =          1
 Nchannels of the left tip =            3
 Right moving states:
   k1(2pi/a)   k2(2pi/a)   E-Ef (eV)
  -0.0383434   0.0000000   0.1000000
  -0.0383887   0.0000000   0.1000000
   0.2876509   0.0000000   0.1000000
 Left moving states:
   k1(2pi/a)   k2(2pi/a)   E-Ef (eV)
   0.0383434   0.0000000   0.1000000
   0.0383887   0.0000000   0.1000000
  -0.2876509   0.0000000   0.1000000
 
 to transmit
    2    2   1.0035260
    2    3   0.0019551
    3    2   0.0019551
    3    3   0.9965062
 Band j to band i transmissions and reflections:
    j         i     |T_ij|^2    |R_ij|^2
 
    1 -->     1     0.13745     0.86252
    1 -->     2     0.00000     0.00002
    1 -->     3     0.00001     0.00000
   Total T_j, R_j =    0.13746  0.86254
 
    2 -->     1     0.00000     0.00001
    2 -->     2     0.17805     0.43868
    2 -->     3     0.22802     0.15876
   Total T_j, R_j =    0.40608  0.59745
 
    3 -->     1     0.00001     0.00001
    3 -->     2     0.22395     0.15581
    3 -->     3     0.39212     0.22461
   Total T_j, R_j =    0.61608  0.38043
 
E-Ef(ev), T(x2 spins) =    0.1000000   2.3192230
 Eigenchannel decomposition:
#    1  0.10000  0.13745
                      0.99997
                      0.00003
                      0.00000
#    2  0.10000  0.29110
                      0.00002
                      0.73863
                      0.26135
#    3  0.10000  0.73106
                      0.00001
                      0.26135
                      0.73865
---  E-Ef =    0.0500000  k =    0.0000000   0.0000000
---  ie =          8  ik =          1
 Nchannels of the left tip =            3
 Right moving states:
   k1(2pi/a)   k2(2pi/a)   E-Ef (eV)
  -0.0492036   0.0000000   0.0500000
  -0.0492396   0.0000000   0.0500000
   0.2832904   0.0000000   0.0500000
 Left moving states:
   k1(2pi/a)   k2(2pi/a)   E-Ef (eV)
   0.0492036   0.0000000   0.0500000
   0.0492396   0.0000000   0.0500000
  -0.2832904   0.0000000   0.0500000
 
 to transmit
    2    2   1.0041392
    2    3   0.0023253
    3    2   0.0023253
    3    3   0.9959046
 Band j to band i transmissions and reflections:
    j         i     |T_ij|^2    |R_ij|^2
 
    1 -->     1     0.14983     0.85006
    1 -->     2     0.00001     0.00009
    1 -->     3     0.00001     0.00001
   Total T_j, R_j =    0.14984  0.85016
 
    2 -->     1     0.00001     0.00006
    2 -->     2     0.22411     0.38909
    2 -->     3     0.23021     0.16067
   Total T_j, R_j =    0.45433  0.54981
 
    3 -->     1     0.00001     0.00002
    3 -->     2     0.22551     0.15713
    3 -->     3     0.45255     0.16069
   Total T_j, R_j =    0.67807  0.31784
 
E-Ef(ev), T(x2 spins) =    0.0500000   2.5644691
 Eigenchannel decomposition:
#    1  0.05000  0.14983
                      0.99996
                      0.00004
                      0.00000
#    2  0.05000  0.32942
                      0.00003
                      0.73619
                      0.26379
#    3  0.05000  0.80299
                      0.00001
                      0.26378
                      0.73621
---  E-Ef =    0.0000000  k =    0.0000000   0.0000000
---  ie =          9  ik =          1
 Nchannels of the left tip =            4
 Right moving states:
   k1(2pi/a)   k2(2pi/a)   E-Ef (eV)
  -0.0582918   0.0000000   0.0000000
  -0.0582918   0.0000000   0.0000000
   0.2787042   0.0000000   0.0000000
   0.4757622   0.0000000   0.0000000
 Left moving states:
   k1(2pi/a)   k2(2pi/a)   E-Ef (eV)
   0.0582918   0.0000000   0.0000000
   0.0582918   0.0000000   0.0000000
  -0.2787042   0.0000000   0.0000000
  -0.4757622   0.0000000   0.0000000
 
 to transmit
    2    2   1.0026305
    2    3   0.0026515
    2    4   0.0036414
    3    2   0.0026515
    3    3   0.9905689
    3    4   0.0099330
    4    2   0.0036414
    4    3   0.0099330
    4    4   1.0070856
 Band j to band i transmissions and reflections:
    j         i     |T_ij|^2    |R_ij|^2
 
    1 -->     1     0.15388     0.00025
    1 -->     2     0.00001     0.84582
    1 -->     3     0.00001     0.00001
    1 -->     4     0.00000     0.00000
   Total T_j, R_j =    0.15391  0.84609
 
    2 -->     1     0.00001     0.43218
    2 -->     2     0.25135     0.00020
    2 -->     3     0.14656     0.09382
    2 -->     4     0.04367     0.03484
   Total T_j, R_j =    0.44158  0.56105
 
    3 -->     1     0.00001     0.09126
    3 -->     2     0.14298     0.00002
    3 -->     3     0.37112     0.10187
    3 -->     4     0.09390     0.18940
   Total T_j, R_j =    0.60802  0.38255
 
    4 -->     1     0.00000     0.03524
    4 -->     2     0.04420     0.00001
    4 -->     3     0.09669     0.19961
    4 -->     4     0.02305     0.60829
   Total T_j, R_j =    0.16394  0.84314
 
E-Ef(ev), T(x2 spins) =    0.0000000   2.7349150
 Eigenchannel decomposition:
#    1  0.00000  0.00143
                      0.00000
                      0.01895
                      0.17667
                      0.80437
#    2  0.00000  0.15389
                      0.99991
                      0.00009
                      0.00000
                      0.00000
#    3  0.00000  0.34765
                      0.00007
                      0.78649
                      0.20121
                      0.01224
#    4  0.00000  0.86448
                      0.00002
                      0.19447
                      0.62212
                      0.18339
---  E-Ef =   -0.2000000  k =    0.0000000   0.0000000
---  ie =         10  ik =          1
 Nchannels of the left tip =            4
 Right moving states:
   k1(2pi/a)   k2(2pi/a)   E-Ef (eV)
  -0.0870407   0.0000000  -0.2000000
  -0.0870407   0.0000000  -0.2000000
   0.2578188   0.0000000  -0.2000000
   0.4116817   0.0000000  -0.2000000
 Left moving states:
   k1(2pi/a)   k2(2pi/a)   E-Ef (eV)
   0.0870407   0.0000000  -0.2000000
   0.0870407   0.0000000  -0.2000000
  -0.2578188   0.0000000  -0.2000000
  -0.4116817   0.0000000  -0.2000000
 
 to transmit
    2    2   1.0016158
    2    3   0.0011551
    2    4   0.0019600
    3    2   0.0011551
    3    3   0.9943368
    3    4   0.0059896
    4    2   0.0019600
    4    3   0.0059896
    4    4   1.0041498
 Band j to band i transmissions and reflections:
    j         i     |T_ij|^2    |R_ij|^2
 
    1 -->     1     0.16491     0.00302
    1 -->     2     0.00013     0.83163
    1 -->     3     0.00013     0.00009
    1 -->     4     0.00005     0.00004
   Total T_j, R_j =    0.16523  0.83477
 
    2 -->     1     0.00013     0.50829
    2 -->     2     0.22668     0.00299
    2 -->     3     0.11077     0.07178
    2 -->     4     0.04471     0.03626
   Total T_j, R_j =    0.38229  0.61933
 
    3 -->     1     0.00013     0.07037
    3 -->     2     0.10928     0.00009
    3 -->     3     0.27719     0.14043
    3 -->     4     0.11712     0.27972
   Total T_j, R_j =    0.50372  0.49062
 
    4 -->     1     0.00005     0.03608
    4 -->     2     0.04456     0.00005
    4 -->     3     0.11839     0.28699
    4 -->     4     0.04266     0.47537
   Total T_j, R_j =    0.20567  0.79848
 
E-Ef(ev), T(x2 spins) =   -0.2000000   2.5138087
 Eigenchannel decomposition:
#    1 -0.20000  0.00383
                      0.00003
                      0.02135
                      0.25179
                      0.72683
#    2 -0.20000  0.16497
                      0.99880
                      0.00120
                      0.00000
                      0.00000
#    3 -0.20000  0.32391
                      0.00099
                      0.82891
                      0.15677
                      0.01333
#    4 -0.20000  0.76421
                      0.00018
                      0.14855
                      0.59144
                      0.25983
---  E-Ef =   -0.3000000  k =    0.0000000   0.0000000
---  ie =         11  ik =          1
 Nchannels of the left tip =            4
 Right moving states:
   k1(2pi/a)   k2(2pi/a)   E-Ef (eV)
  -0.0991682   0.0000000  -0.3000000
  -0.0991682   0.0000000  -0.3000000
   0.2456703   0.0000000  -0.3000000
   0.3942791   0.0000000  -0.3000000
 Left moving states:
   k1(2pi/a)   k2(2pi/a)   E-Ef (eV)
   0.0991682   0.0000000  -0.3000000
   0.0991682   0.0000000  -0.3000000
  -0.2456703   0.0000000  -0.3000000
  -0.3942791   0.0000000  -0.3000000
 
 to transmit
    2    2   1.0014908
    2    3   0.0011246
    2    4   0.0015248
    3    2   0.0011246
    3    3   0.9961616
    3    4   0.0037968
    4    2   0.0015248
    4    3   0.0037968
    4    4   1.0023944
 Band j to band i transmissions and reflections:
    j         i     |T_ij|^2    |R_ij|^2
 
    1 -->     1     0.17734     0.00667
    1 -->     2     0.00026     0.81508
    1 -->     3     0.00026     0.00017
    1 -->     4     0.00011     0.00009
   Total T_j, R_j =    0.17798  0.82202
 
    2 -->     1     0.00026     0.53636
    2 -->     2     0.22754     0.00675
    2 -->     3     0.09368     0.06176
    2 -->     4     0.04108     0.03406
   Total T_j, R_j =    0.36256  0.63893
 
    3 -->     1     0.00026     0.06061
    3 -->     2     0.09257     0.00015
    3 -->     3     0.27043     0.14186
    3 -->     4     0.13145     0.29883
   Total T_j, R_j =    0.49471  0.50145
 
    4 -->     1     0.00011     0.03372
    4 -->     2     0.04074     0.00008
    4 -->     3     0.13224     0.30348
    4 -->     4     0.05160     0.44041
   Total T_j, R_j =    0.22469  0.77770
 
E-Ef(ev), T(x2 spins) =   -0.3000000   2.5198919
 Eigenchannel decomposition:
#    1 -0.30000  0.00572
                      0.00006
                      0.02141
                      0.27420
                      0.70433
#    2 -0.30000  0.17747
                      0.99724
                      0.00276
                      0.00000
                      0.00000
#    3 -0.30000  0.31272
                      0.00236
                      0.84999
                      0.13604
                      0.01161
#    4 -0.30000  0.76404
                      0.00035
                      0.12584
                      0.58976
                      0.28406
---  E-Ef =   -0.5000000  k =    0.0000000   0.0000000
---  ie =         12  ik =          1
 Nchannels of the left tip =            4
 Right moving states:
   k1(2pi/a)   k2(2pi/a)   E-Ef (eV)
  -0.1212938   0.0000000  -0.5000000
  -0.1212938   0.0000000  -0.5000000
   0.2174766   0.0000000  -0.5000000
   0.3681689   0.0000000  -0.5000000
 Left moving states:
   k1(2pi/a)   k2(2pi/a)   E-Ef (eV)
   0.1212938   0.0000000  -0.5000000
   0.1212938   0.0000000  -0.5000000
  -0.2174766   0.0000000  -0.5000000
  -0.3681689   0.0000000  -0.5000000
 
 to transmit
    1    2   0.0001168
    1    3   0.0001340
    1    4   0.0001361
    2    1   0.0001168
    2    2   1.0011708
    2    3   0.0013435
    2    4   0.0013640
    3    1   0.0001340
    3    2   0.0013435
    3    3   0.9989129
    3    4   0.0003125
    4    1   0.0001361
    4    2   0.0013640
    4    3   0.0003125
 Band j to band i transmissions and reflections:
    j         i     |T_ij|^2    |R_ij|^2
 
    1 -->     1     0.22281     0.02195
    1 -->     2     0.00077     0.75268
    1 -->     3     0.00065     0.00047
    1 -->     4     0.00036     0.00032
   Total T_j, R_j =    0.22459  0.77542
 
    2 -->     1     0.00077     0.55580
    2 -->     2     0.24141     0.02243
    2 -->     3     0.06567     0.04741
    2 -->     4     0.03582     0.03186
   Total T_j, R_j =    0.34367  0.65750
 
    3 -->     1     0.00065     0.04671
    3 -->     2     0.06500     0.00035
    3 -->     3     0.22286     0.19155
    3 -->     4     0.16300     0.30879
   Total T_j, R_j =    0.45151  0.54740
 
    4 -->     1     0.00035     0.03153
    4 -->     2     0.03537     0.00024
    4 -->     3     0.16324     0.30925
    4 -->     4     0.09423     0.36570
   Total T_j, R_j =    0.29319  0.70672
 
E-Ef(ev), T(x2 spins) =   -0.5000000   2.6259371
 Eigenchannel decomposition:
#    1 -0.50000  0.01483
                      0.00022
                      0.02249
                      0.35365
                      0.62363
#    2 -0.50000  0.22340
                      0.99014
                      0.00986
                      0.00000
                      0.00000
#    3 -0.50000  0.30886
                      0.00871
                      0.87516
                      0.10669
                      0.00944
#    4 -0.50000  0.76589
                      0.00092
                      0.09249
                      0.53966
                      0.36693
---  E-Ef =   -0.7000000  k =    0.0000000   0.0000000
---  ie =         13  ik =          1
 Nchannels of the left tip =            4
 Right moving states:
   k1(2pi/a)   k2(2pi/a)   E-Ef (eV)
  -0.1418060   0.0000000  -0.7000000
  -0.1418060   0.0000000  -0.7000000
   0.1831361   0.0000000  -0.7000000
   0.3487609   0.0000000  -0.7000000
 Left moving states:
   k1(2pi/a)   k2(2pi/a)   E-Ef (eV)
   0.1418060   0.0000000  -0.7000000
   0.1418060   0.0000000  -0.7000000
  -0.1831361   0.0000000  -0.7000000
  -0.3487609   0.0000000  -0.7000000
 
 to transmit
    1    2   0.0001288
    1    3   0.0002616
    1    4   0.0002451
    2    1   0.0001288
    2    2   1.0007855
    2    3   0.0015953
    2    4   0.0014944
    3    1   0.0002616
    3    2   0.0015953
    3    3   0.9989987
    3    4   0.0026163
    4    1   0.0002451
    4    2   0.0014944
    4    3   0.0026163
    4    4   1.0002201
 Band j to band i transmissions and reflections:
    j         i     |T_ij|^2    |R_ij|^2
 
    1 -->     1     0.30102     0.05137
    1 -->     2     0.00220     0.64120
    1 -->     3     0.00116     0.00105
    1 -->     4     0.00103     0.00099
   Total T_j, R_j =    0.30542  0.69460
 
    2 -->     1     0.00220     0.51075
    2 -->     2     0.27793     0.05251
    2 -->     3     0.04328     0.03903
    2 -->     4     0.03835     0.03673
   Total T_j, R_j =    0.36177  0.63902
 
    3 -->     1     0.00115     0.03867
    3 -->     2     0.04269     0.00070
    3 -->     3     0.13102     0.34946
    3 -->     4     0.18706     0.24825
   Total T_j, R_j =    0.36192  0.63708
 
    4 -->     1     0.00103     0.03691
    4 -->     2     0.03820     0.00067
    4 -->     3     0.18793     0.24810
    4 -->     4     0.24478     0.24259
   Total T_j, R_j =    0.47194  0.52828
 
E-Ef(ev), T(x2 spins) =   -0.7000000   3.0021060
 Eigenchannel decomposition:
#    1 -0.70000  0.02971
                      0.00065
                      0.02429
                      0.53206
                      0.44299
#    2 -0.70000  0.30386
                      0.97381
                      0.02619
                      0.00000
                      0.00000
#    3 -0.70000  0.33106
                      0.02348
                      0.87285
                      0.08960
                      0.01407
#    4 -0.70000  0.83642
                      0.00206
                      0.07666
                      0.37834
                      0.54294
---  E-Ef =   -0.8000000  k =    0.0000000   0.0000000
---  ie =         14  ik =          1
 Nchannels of the left tip =            4
 Right moving states:
   k1(2pi/a)   k2(2pi/a)   E-Ef (eV)
  -0.1517179   0.0000000  -0.8000000
  -0.1517179   0.0000000  -0.8000000
   0.1629252   0.0000000  -0.8000000
   0.3406350   0.0000000  -0.8000000
 Left moving states:
   k1(2pi/a)   k2(2pi/a)   E-Ef (eV)
   0.1517179   0.0000000  -0.8000000
   0.1517179   0.0000000  -0.8000000
  -0.1629252   0.0000000  -0.8000000
  -0.3406350   0.0000000  -0.8000000
 
 to transmit
    1    3   0.0003892
    1    4   0.0004519
    2    3   0.0019014
    2    4   0.0022276
    3    1   0.0003892
    3    2   0.0019014
    3    3   0.9979397
    3    4   0.0027481
    4    1   0.0004519
    4    2   0.0022276
    4    3   0.0027481
    4    4   1.0020990
 Band j to band i transmissions and reflections:
    j         i     |T_ij|^2    |R_ij|^2
 
    1 -->     1     0.34794     0.07380
    1 -->     2     0.00221     0.56878
    1 -->     3     0.00179     0.00173
    1 -->     4     0.00226     0.00150
   Total T_j, R_j =    0.35419  0.64581
 
    2 -->     1     0.00222     0.46846
    2 -->     2     0.27892     0.07526
    2 -->     3     0.04303     0.04171
    2 -->     4     0.05462     0.03580
   Total T_j, R_j =    0.37879  0.62122
 
    3 -->     1     0.00177     0.04165
    3 -->     2     0.04268     0.00113
    3 -->     3     0.09442     0.44390
    3 -->     4     0.17429     0.19810
   Total T_j, R_j =    0.31316  0.68478
 
    4 -->     1     0.00228     0.03677
    4 -->     2     0.05507     0.00100
    4 -->     3     0.17626     0.19923
    4 -->     4     0.34776     0.18372
   Total T_j, R_j =    0.58138  0.42072
 
E-Ef(ev), T(x2 spins) =   -0.8000000   3.2550516
 Eigenchannel decomposition:
#    1 -0.80000  0.03371
                      0.00126
                      0.03025
                      0.61987
                      0.34862
#    2 -0.80000  0.34702
                      0.03570
                      0.85467
                      0.08679
                      0.02284
#    3 -0.80000  0.35313
                      0.95993
                      0.04007
                      0.00000
                      0.00000
#    4 -0.80000  0.89366
                      0.00311
                      0.07501
                      0.29335
                      0.62854
---  E-Ef =   -0.9000000  k =    0.0000000   0.0000000
---  ie =         15  ik =          1
 Nchannels of the left tip =            6
 Right moving states:
   k1(2pi/a)   k2(2pi/a)   E-Ef (eV)
   0.1397707   0.0000000  -0.9000000
  -0.1614890   0.0000000  -0.9000000
  -0.1614890   0.0000000  -0.9000000
   0.3332583   0.0000000  -0.9000000
   0.3820458   0.0000000  -0.9000000
   0.3864532   0.0000000  -0.9000000
 Left moving states:
   k1(2pi/a)   k2(2pi/a)   E-Ef (eV)
  -0.1397707   0.0000000  -0.9000000
   0.1614890   0.0000000  -0.9000000
   0.1614890   0.0000000  -0.9000000
  -0.3332583   0.0000000  -0.9000000
  -0.3820458   0.0000000  -0.9000000
  -0.3864532   0.0000000  -0.9000000
 
 to transmit
    1    1   0.9971653
    1    2   0.0003708
    1    3   0.0014845
    1    4   0.0030607
    1    6   0.0004992
    2    1   0.0003708
    2    3   0.0001016
    2    4   0.0003394
    2    5   0.0004617
    2    6   0.0001441
    3    1   0.0014845
    3    2   0.0001016
    3    3   1.0004318
    3    4   0.0013586
    3    5   0.0001141
    3    6   0.0005809
    4    1   0.0030607
    4    2   0.0003394
    4    3   0.0013586
    4    4   1.0023166
    4    6   0.0011999
    5    2   0.0004617
    5    3   0.0001141
    6    1   0.0004992
    6    2   0.0001441
    6    3   0.0005809
    6    4   0.0011999
    6    6   1.0001131
 Band j to band i transmissions and reflections:
    j         i     |T_ij|^2    |R_ij|^2
 
    1 -->     1     0.06837     0.53216
    1 -->     2     0.00164     0.03415
    1 -->     3     0.02622     0.00135
    1 -->     4     0.17106     0.16124
    1 -->     5     0.00000     0.00000
    1 -->     6     0.00016     0.00082
   Total T_j, R_j =    0.26745  0.72971
 
    2 -->     1     0.00167     0.00213
    2 -->     2     0.40363     0.09336
    2 -->     3     0.00647     0.48046
    2 -->     4     0.00281     0.00279
    2 -->     5     0.00073     0.00556
    2 -->     6     0.00004     0.00040
   Total T_j, R_j =    0.41536  0.58470
 
    3 -->     1     0.02682     0.03407
    3 -->     2     0.00647     0.40010
    3 -->     3     0.34049     0.09520
    3 -->     4     0.04504     0.04473
    3 -->     5     0.00005     0.00034
    3 -->     6     0.00064     0.00649
   Total T_j, R_j =    0.41950  0.58093
 
    4 -->     1     0.17321     0.16346
    4 -->     2     0.00282     0.04586
    4 -->     3     0.04521     0.00181
    4 -->     4     0.45954     0.10731
    4 -->     5     0.00000     0.00000
    4 -->     6     0.00003     0.00305
   Total T_j, R_j =    0.68082  0.32150
 
    5 -->     1     0.00000     0.00000
    5 -->     2     0.00073     0.00023
    5 -->     3     0.00005     0.00563
    5 -->     4     0.00000     0.00000
    5 -->     5     0.00003     0.99331
    5 -->     6     0.00000     0.00000
   Total T_j, R_j =    0.00081  0.99917
 
    6 -->     1     0.00016     0.00084
    6 -->     2     0.00004     0.00669
    6 -->     3     0.00066     0.00027
    6 -->     4     0.00004     0.00315
    6 -->     5     0.00000     0.00000
    6 -->     6     0.00003     0.98823
   Total T_j, R_j =    0.00093  0.99918
 
E-Ef(ev), T(x2 spins) =   -0.9000000   3.5697307
 Eigenchannel decomposition:
#    1 -0.90000  0.00002
                      0.00000
                      0.00178
                      0.00011
                      0.00000
                      0.99809
                      0.00001
#    2 -0.90000  0.00002
                      0.00019
                      0.00012
                      0.00196
                      0.00102
                      0.00001
                      0.99669
#    3 -0.90000  0.03530
                      0.69480
                      0.00150
                      0.02405
                      0.27856
                      0.00000
                      0.00109
#    4 -0.90000  0.37611
                      0.08452
                      0.05174
                      0.82921
                      0.03242
                      0.00000
                      0.00212
#    5 -0.90000  0.41587
                      0.00000
                      0.93949
                      0.05862
                      0.00000
                      0.00189
                      0.00000
#    6 -0.90000  0.95755
                      0.22049
                      0.00537
                      0.08606
                      0.68800
                      0.00000
                      0.00008
---  E-Ef =   -1.0000000  k =    0.0000000   0.0000000
---  ie =         16  ik =          1
 Nchannels of the left tip =            6
 Right moving states:
   k1(2pi/a)   k2(2pi/a)   E-Ef (eV)
   0.1120129   0.0000000  -1.0000000
  -0.1711697   0.0000000  -1.0000000
  -0.1711697   0.0000000  -1.0000000
   0.3242673   0.0000000  -1.0000000
   0.3264703   0.0000000  -1.0000000
   0.3276392   0.0000000  -1.0000000
 Left moving states:
   k1(2pi/a)   k2(2pi/a)   E-Ef (eV)
  -0.1120129   0.0000000  -1.0000000
   0.1711697   0.0000000  -1.0000000
   0.1711697   0.0000000  -1.0000000
  -0.3242673   0.0000000  -1.0000000
  -0.3264703   0.0000000  -1.0000000
  -0.3276392   0.0000000  -1.0000000
 
 to transmit
    1    1   0.9963713
    1    2   0.0003879
    1    3   0.0012815
    1    5   0.0027965
    1    6   0.0003497
    2    1   0.0003879
    2    4   0.0006671
    2    5   0.0003863
    3    1   0.0012815
    3    3   1.0003545
    3    4   0.0002014
    3    5   0.0012758
    3    6   0.0003149
    4    2   0.0006671
    4    3   0.0002014
    5    1   0.0027965
    5    2   0.0003863
    5    3   0.0012758
    5    5   1.0032579
    5    6   0.0008929
    6    1   0.0003497
    6    3   0.0003149
    6    5   0.0008929
 Band j to band i transmissions and reflections:
    j         i     |T_ij|^2    |R_ij|^2
 
    1 -->     1     0.06284     0.55800
    1 -->     2     0.00212     0.03544
    1 -->     3     0.02308     0.00202
    1 -->     4     0.00000     0.00000
    1 -->     5     0.16606     0.14324
    1 -->     6     0.00025     0.00332
   Total T_j, R_j =    0.25435  0.74202
 
    2 -->     1     0.00216     0.00320
    2 -->     2     0.45617     0.11667
    2 -->     3     0.01078     0.39349
    2 -->     4     0.00120     0.00701
    2 -->     5     0.00429     0.00431
    2 -->     6     0.00008     0.00072
   Total T_j, R_j =    0.47468  0.52540
 
    3 -->     1     0.02362     0.03494
    3 -->     2     0.01078     0.33003
    3 -->     3     0.37865     0.11887
    3 -->     4     0.00011     0.00064
    3 -->     5     0.04684     0.04703
    3 -->     6     0.00087     0.00796
   Total T_j, R_j =    0.46088  0.53948
 
    4 -->     1     0.00000     0.00000
    4 -->     2     0.00120     0.00041
    4 -->     3     0.00011     0.00712
    4 -->     4     0.00010     0.99100
    4 -->     5     0.00000     0.00000
    4 -->     6     0.00000     0.00000
   Total T_j, R_j =    0.00141  0.99853
 
    5 -->     1     0.16886     0.14644
    5 -->     2     0.00431     0.04882
    5 -->     3     0.04709     0.00278
    5 -->     4     0.00000     0.00000
    5 -->     5     0.49819     0.08359
    5 -->     6     0.00011     0.00307
   Total T_j, R_j =    0.71856  0.28470
 
    6 -->     1     0.00025     0.00336
    6 -->     2     0.00008     0.00819
    6 -->     3     0.00089     0.00047
    6 -->     4     0.00000     0.00000
    6 -->     5     0.00010     0.00312
    6 -->     6     0.00008     0.98349
   Total T_j, R_j =    0.00141  0.99863
 
E-Ef(ev), T(x2 spins) =   -1.0000000   3.8225769
 Eigenchannel decomposition:
#    1 -1.00000  0.00007
                      0.00128
                      0.00026
                      0.00292
                      0.00001
                      0.00059
                      0.99494
#    2 -1.00000  0.00007
                      0.00000
                      0.00257
                      0.00023
                      0.99719
                      0.00000
                      0.00001
#    3 -1.00000  0.03901
                      0.71477
                      0.00224
                      0.02443
                      0.00000
                      0.25646
                      0.00211
#    4 -1.00000  0.40449
                      0.09341
                      0.07198
                      0.78546
                      0.00000
                      0.04633
                      0.00282
#    5 -1.00000  0.47741
                      0.00000
                      0.91349
                      0.08371
                      0.00280
                      0.00000
                      0.00000
#    6 -1.00000  0.99023
                      0.19054
                      0.00946
                      0.10326
                      0.00000
                      0.69662
                      0.00012
   T_tot     1.00000      0.23833E+01
   T_tot     0.70000      0.19151E+01
   T_tot     0.50000      0.10441E+01
   T_tot     0.30000      0.22410E-03
   T_tot     0.20000      0.10739E+01
   T_tot     0.15000      0.38344E+01
   T_tot     0.10000      0.46384E+01
   T_tot     0.05000      0.51289E+01
   T_tot     0.00000      0.54698E+01
   T_tot    -0.20000      0.50276E+01
   T_tot    -0.30000      0.50398E+01
   T_tot    -0.50000      0.52519E+01
   T_tot    -0.70000      0.60042E+01
   T_tot    -0.80000      0.65101E+01
   T_tot    -0.90000      0.71395E+01
   T_tot    -1.00000      0.76452E+01
 
     PWCOND       :  3m34.51s CPU     3m35.36s WALL

     init         :      4.22s CPU      4.31s WALL (       1 calls)
     poten        :      0.04s CPU      0.04s WALL (       2 calls)
     local        :     15.09s CPU     15.15s WALL (       1 calls)
 
     scatter_forw :    183.12s CPU    183.77s WALL (      32 calls)
 
     compbs       :     10.17s CPU     10.21s WALL (      16 calls)
     compbs_2     :      8.12s CPU      8.15s WALL (      16 calls)
 
