
     Program GIPAW     v.4.0    starts ...
     Today is 29Apr2008 at 13:25:24 
 ZZZ:    1.75000000000000        1.16666666666667              749         716
 ZZZ:    1.75000000000000        1.16666666666667              749         716
 ZZZ:    1.75000000000000        1.16666666666667              749         716
 ZZZ:    1.75000000000000        1.16666666666667              749         716

     init_gipaw_1: projectors nearly linearly dependent:
     ntyp =  1, l/n1/n2 =  1 2 1 -0.99430547
 ZZZ:    1.20000000000000       0.800000000000000              575         543
 ZZZ:    1.20000000000000       0.800000000000000              575         543
     init_gipaw_1: projectors nearly linearly dependent:
     ntyp =  2, l/n1/n2 =  0 2 1 -0.99707079


NMR: species C, contribution to shift due to core =  200.333
NMR: species H, no information on the core

     GIPAW        :     0.53s CPU time,    0.55s wall time

     Computing the magnetic susceptibility     isolve=0    ethr=0.1000E-13
     k-point #    1 of     1
     End of magnetic susceptibility calculation
 
     f-sum rule:
            -7.9915          0.0119          0.0119
             0.0119         -7.9915          0.0119
             0.0119          0.0119         -7.9915

     f-sum rule (symmetrized):
            -7.9915          0.0000          0.0000
             0.0000         -7.9915          0.0000
             0.0000          0.0000         -7.9915

     chi_bare pGv (HH) in paratec units:
        -3.970526     -0.006017     -0.005995
        -0.006020     -3.970540     -0.005998
        -0.006004     -0.006001     -3.970523

        -3.970530      0.000000      0.000000
         0.000000     -3.970530      0.000000
         0.000000      0.000000     -3.970530

     chi_bare vGv (VV) in paratec units:
        -4.052737     -0.004916     -0.004906
        -0.004911     -4.052741     -0.004899
        -0.004900     -0.004903     -4.052729

        -4.052736      0.000000      0.000000
         0.000000     -4.052736      0.000000
         0.000000      0.000000     -4.052736

     chi_bare pGv (HH) in 10^{-6} cm^3/mol:
           -18.8683          0.0000          0.0000
             0.0000        -18.8683          0.0000
             0.0000          0.0000        -18.8683

     chi_bare vGv (VV) in 10^{-6} cm^3/mol:
           -19.2590          0.0000          0.0000
             0.0000        -19.2590          0.0000
             0.0000          0.0000        -19.2590

     NMR chemical bare shifts in ppm:
 
     Atom  1  C   pos: (  0.000000  0.000000  0.000000)  sigma:        15.4224
            15.4224          0.0000          0.0000
             0.0000         15.4224          0.0000
             0.0000          0.0000         15.4224

     Atom  2  H   pos: (  0.115287  0.115287  0.115287)  sigma:        30.2831
            30.2831          2.7584          2.7584
             2.7584         30.2831          2.7584
             2.7584          2.7584         30.2831

     Atom  3  H   pos: (  0.115287 -0.115287 -0.115287)  sigma:        30.2831
            30.2831         -2.7584         -2.7584
            -2.7584         30.2831          2.7584
            -2.7584          2.7584         30.2831

     Atom  4  H   pos: ( -0.115287 -0.115287  0.115287)  sigma:        30.2831
            30.2831          2.7584         -2.7584
             2.7584         30.2831         -2.7584
            -2.7584         -2.7584         30.2831

     Atom  5  H   pos: ( -0.115287  0.115287 -0.115287)  sigma:        30.2831
            30.2831         -2.7584          2.7584
            -2.7584         30.2831         -2.7584
             2.7584         -2.7584         30.2831

     NMR chemical diamagnetic shifts in ppm:
 
     Atom  1  C   pos: (  0.000000  0.000000  0.000000)  sigma:         2.6161
             2.6161          0.0000          0.0000
             0.0000          2.6161          0.0000
             0.0000          0.0000          2.6161

     Atom  2  H   pos: (  0.115287  0.115287  0.115287)  sigma:         0.3623
             0.3623          0.0000          0.0000
             0.0000          0.3623          0.0000
             0.0000          0.0000          0.3623

     Atom  3  H   pos: (  0.115287 -0.115287 -0.115287)  sigma:         0.3623
             0.3623          0.0000          0.0000
             0.0000          0.3623          0.0000
             0.0000          0.0000          0.3623

     Atom  4  H   pos: ( -0.115287 -0.115287  0.115287)  sigma:         0.3623
             0.3623          0.0000          0.0000
             0.0000          0.3623          0.0000
             0.0000          0.0000          0.3623

     Atom  5  H   pos: ( -0.115287  0.115287 -0.115287)  sigma:         0.3623
             0.3623          0.0000          0.0000
             0.0000          0.3623          0.0000
             0.0000          0.0000          0.3623

     NMR chemical paramagnetic shifts in ppm:
 
     Atom  1  C   pos: (  0.000000  0.000000  0.000000)  sigma:       -33.6891
           -33.6891          0.0000          0.0000
             0.0000        -33.6891          0.0000
             0.0000          0.0000        -33.6891

     Atom  2  H   pos: (  0.115287  0.115287  0.115287)  sigma:         0.0000
             0.0000          0.0000          0.0000
             0.0000          0.0000          0.0000
             0.0000          0.0000          0.0000

     Atom  3  H   pos: (  0.115287 -0.115287 -0.115287)  sigma:         0.0000
             0.0000          0.0000          0.0000
             0.0000          0.0000          0.0000
             0.0000          0.0000          0.0000

     Atom  4  H   pos: ( -0.115287 -0.115287  0.115287)  sigma:         0.0000
             0.0000          0.0000          0.0000
             0.0000          0.0000          0.0000
             0.0000          0.0000          0.0000

     Atom  5  H   pos: ( -0.115287  0.115287 -0.115287)  sigma:         0.0000
             0.0000          0.0000          0.0000
             0.0000          0.0000          0.0000
             0.0000          0.0000          0.0000

 
     Total NMR chemical shifts in ppm:
 
     Atom  1  C   pos: (  0.000000  0.000000  0.000000)  sigma:       184.6821
           184.6821          0.0000          0.0000
             0.0000        184.6821          0.0000
             0.0000          0.0000        184.6821

     Symmetric tensor
           184.6821          0.0000          0.0000
             0.0000        184.6821          0.0000
             0.0000          0.0000        184.6821

     eigenvalue:        184.6821
     eigenvector:         0.0000        0.0000        1.0000

     eigenvalue:        184.6821
     eigenvector:        -0.9916        0.1296        0.0000

     eigenvalue:        184.6821
     eigenvector:         0.1296        0.9916        0.0000

     Anti-symmetric tensor
             0.0000          0.0000          0.0000
             0.0000          0.0000          0.0000
             0.0000          0.0000          0.0000



     Atom  2  H   pos: (  0.115287  0.115287  0.115287)  sigma:        30.6454
            30.6454          2.7584          2.7584
             2.7584         30.6454          2.7584
             2.7584          2.7584         30.6454

     Symmetric tensor
            30.6454          2.7584          2.7584
             2.7584         30.6454          2.7584
             2.7584          2.7584         30.6454

     eigenvalue:         36.1622
     eigenvector:         0.5774        0.5774        0.5774

     eigenvalue:         27.8871
     eigenvector:         0.6777        0.0555       -0.7332

     eigenvalue:         27.8871
     eigenvector:        -0.4554        0.8146       -0.3592

     Anti-symmetric tensor
             0.0000          0.0000          0.0000
             0.0000          0.0000          0.0000
             0.0000          0.0000          0.0000



     Atom  3  H   pos: (  0.115287 -0.115287 -0.115287)  sigma:        30.6454
            30.6454         -2.7584         -2.7584
            -2.7584         30.6454          2.7584
            -2.7584          2.7584         30.6454

     Symmetric tensor
            30.6454         -2.7584         -2.7584
            -2.7584         30.6454          2.7584
            -2.7584          2.7584         30.6454

     eigenvalue:         36.1622
     eigenvector:        -0.5774        0.5774        0.5774

     eigenvalue:         27.8871
     eigenvector:         0.7939        0.2317        0.5622

     eigenvalue:         27.8871
     eigenvector:        -0.1908       -0.7829        0.5921

     Anti-symmetric tensor
             0.0000          0.0000          0.0000
             0.0000          0.0000          0.0000
             0.0000          0.0000          0.0000



     Atom  4  H   pos: ( -0.115287 -0.115287  0.115287)  sigma:        30.6454
            30.6454          2.7584         -2.7584
             2.7584         30.6454         -2.7584
            -2.7584         -2.7584         30.6454

     Symmetric tensor
            30.6454          2.7584         -2.7584
             2.7584         30.6454         -2.7584
            -2.7584         -2.7584         30.6454

     eigenvalue:         36.1622
     eigenvector:        -0.5774       -0.5774        0.5774

     eigenvalue:         27.8871
     eigenvector:         0.0645        0.6726        0.7372

     eigenvalue:         27.8871
     eigenvector:         0.8139       -0.4628        0.3511

     Anti-symmetric tensor
             0.0000          0.0000          0.0000
             0.0000          0.0000          0.0000
             0.0000          0.0000          0.0000



     Atom  5  H   pos: ( -0.115287  0.115287 -0.115287)  sigma:        30.6454
            30.6454         -2.7584          2.7584
            -2.7584         30.6454         -2.7584
             2.7584         -2.7584         30.6454

     Symmetric tensor
            30.6454         -2.7584          2.7584
            -2.7584         30.6454         -2.7584
             2.7584         -2.7584         30.6454

     eigenvalue:         36.1622
     eigenvector:        -0.5774        0.5774       -0.5774

     eigenvalue:         27.8871
     eigenvector:         0.7071        0.7071        0.0000

     eigenvalue:         27.8871
     eigenvector:         0.4082       -0.4082       -0.8165

     Anti-symmetric tensor
             0.0000          0.0000          0.0000
             0.0000          0.0000          0.0000
             0.0000          0.0000          0.0000



 
 
 
     GIPAW        :    15.85s CPU time,   16.04s wall time

     INITIALIZATION: 
     gipaw_setup  :     0.15s CPU
 
     greenf       :    10.02s CPU (      21 calls,   0.477 s avg)
     cgsolve      :     9.97s CPU (      21 calls,   0.475 s avg)
     ch_psi       :     9.64s CPU (     378 calls,   0.025 s avg)
     h_psiq       :     9.15s CPU (     378 calls,   0.024 s avg)
 
     h_psi        :     2.14s CPU (      97 calls,   0.022 s avg)
 
     apply_p      :     0.01s CPU (      42 calls,   0.000 s avg)
     apply_vel    :     0.10s CPU (      21 calls,   0.005 s avg)
 
     j_para       :     1.96s CPU (      12 calls,   0.164 s avg)
     biot_savart  :     0.10s CPU (       3 calls,   0.032 s avg)
 
      General routines
     calbec       :     0.09s CPU (     929 calls,   0.000 s avg)
     cft3         :     0.04s CPU (      11 calls,   0.004 s avg)
     cft3s        :    10.74s CPU (    4258 calls,   0.003 s avg)
     davcio       :     0.00s CPU (      16 calls,   0.000 s avg)
 
