  0.900000E+01 -0.890306E-03 -0.214953E-06 -0.214953E-06 -0.214953E-06 -0.890306E-03  0.214953E-06 -0.214953E-06  0.214953E-06 -0.890306E-03
  0.901010E+01 -0.857440E-03 -0.214958E-06 -0.214958E-06 -0.214958E-06 -0.857440E-03  0.214958E-06 -0.214958E-06  0.214958E-06 -0.857440E-03
  0.902020E+01 -0.824574E-03 -0.214966E-06 -0.214966E-06 -0.214966E-06 -0.824574E-03  0.214966E-06 -0.214966E-06  0.214966E-06 -0.824574E-03
  0.903030E+01 -0.791708E-03 -0.214977E-06 -0.214977E-06 -0.214977E-06 -0.791708E-03  0.214977E-06 -0.214977E-06  0.214977E-06 -0.791708E-03
  0.904040E+01 -0.758843E-03 -0.214994E-06 -0.214994E-06 -0.214994E-06 -0.758843E-03  0.214994E-06 -0.214994E-06  0.214994E-06 -0.758843E-03
  0.905051E+01 -0.725978E-03 -0.215019E-06 -0.215019E-06 -0.215019E-06 -0.725978E-03  0.215019E-06 -0.215019E-06  0.215019E-06 -0.725978E-03
  0.906061E+01 -0.693113E-03 -0.215056E-06 -0.215056E-06 -0.215056E-06 -0.693113E-03  0.215056E-06 -0.215056E-06  0.215056E-06 -0.693113E-03
  0.907071E+01 -0.660249E-03 -0.215110E-06 -0.215110E-06 -0.215110E-06 -0.660249E-03  0.215110E-06 -0.215110E-06  0.215110E-06 -0.660249E-03
  0.908081E+01 -0.627387E-03 -0.215190E-06 -0.215190E-06 -0.215190E-06 -0.627387E-03  0.215190E-06 -0.215190E-06  0.215190E-06 -0.627387E-03
  0.909091E+01 -0.594526E-03 -0.215309E-06 -0.215309E-06 -0.215309E-06 -0.594526E-03  0.215309E-06 -0.215309E-06  0.215309E-06 -0.594526E-03
  0.910101E+01 -0.561668E-03 -0.215485E-06 -0.215485E-06 -0.215485E-06 -0.561668E-03  0.215485E-06 -0.215485E-06  0.215485E-06 -0.561668E-03
  0.911111E+01 -0.528813E-03 -0.215744E-06 -0.215744E-06 -0.215744E-06 -0.528813E-03  0.215744E-06 -0.215744E-06  0.215744E-06 -0.528813E-03
  0.912121E+01 -0.495965E-03 -0.216128E-06 -0.216128E-06 -0.216128E-06 -0.495965E-03  0.216128E-06 -0.216128E-06  0.216128E-06 -0.495965E-03
  0.913131E+01 -0.463124E-03 -0.216696E-06 -0.216696E-06 -0.216696E-06 -0.463124E-03  0.216696E-06 -0.216696E-06  0.216696E-06 -0.463124E-03
  0.914141E+01 -0.430297E-03 -0.217536E-06 -0.217536E-06 -0.217536E-06 -0.430297E-03  0.217536E-06 -0.217536E-06  0.217536E-06 -0.430297E-03
  0.915152E+01 -0.397487E-03 -0.218779E-06 -0.218779E-06 -0.218779E-06 -0.397487E-03  0.218779E-06 -0.218779E-06  0.218779E-06 -0.397487E-03
  0.916162E+01 -0.364705E-03 -0.220622E-06 -0.220622E-06 -0.220622E-06 -0.364705E-03  0.220622E-06 -0.220622E-06  0.220622E-06 -0.364705E-03
  0.917172E+01 -0.331963E-03 -0.223355E-06 -0.223355E-06 -0.223355E-06 -0.331963E-03  0.223355E-06 -0.223355E-06  0.223355E-06 -0.331963E-03
  0.918182E+01 -0.299282E-03 -0.227416E-06 -0.227416E-06 -0.227416E-06 -0.299282E-03  0.227416E-06 -0.227416E-06  0.227416E-06 -0.299282E-03
  0.919192E+01 -0.266690E-03 -0.233464E-06 -0.233464E-06 -0.233464E-06 -0.266690E-03  0.233464E-06 -0.233464E-06  0.233464E-06 -0.266690E-03
  0.920202E+01 -0.234234E-03 -0.242499E-06 -0.242499E-06 -0.242499E-06 -0.234234E-03  0.242499E-06 -0.242499E-06  0.242499E-06 -0.234234E-03
  0.921212E+01 -0.201984E-03 -0.256058E-06 -0.256058E-06 -0.256058E-06 -0.201984E-03  0.256058E-06 -0.256058E-06  0.256058E-06 -0.201984E-03
  0.922222E+01 -0.170051E-03 -0.276522E-06 -0.276522E-06 -0.276522E-06 -0.170051E-03  0.276522E-06 -0.276522E-06  0.276522E-06 -0.170051E-03
  0.923232E+01 -0.138611E-03 -0.307620E-06 -0.307620E-06 -0.307620E-06 -0.138611E-03  0.307620E-06 -0.307620E-06  0.307620E-06 -0.138611E-03
  0.924242E+01 -0.107953E-03 -0.355216E-06 -0.355216E-06 -0.355216E-06 -0.107953E-03  0.355216E-06 -0.355216E-06  0.355216E-06 -0.107953E-03
  0.925253E+01 -0.785515E-04 -0.428404E-06 -0.428404E-06 -0.428404E-06 -0.785515E-04  0.428404E-06 -0.428404E-06  0.428404E-06 -0.785515E-04
  0.926263E+01 -0.511808E-04 -0.540579E-06 -0.540579E-06 -0.540579E-06 -0.511808E-04  0.540579E-06 -0.540579E-06  0.540579E-06 -0.511808E-04
  0.927273E+01 -0.270601E-04 -0.708805E-06 -0.708805E-06 -0.708805E-06 -0.270601E-04  0.708805E-06 -0.708805E-06  0.708805E-06 -0.270601E-04
  0.928283E+01 -0.791857E-05 -0.946696E-06 -0.946696E-06 -0.946696E-06 -0.791857E-05  0.946696E-06 -0.946696E-06  0.946696E-06 -0.791857E-05
  0.929293E+01  0.432616E-05 -0.124315E-05 -0.124315E-05 -0.124315E-05  0.432616E-05  0.124315E-05 -0.124315E-05  0.124315E-05  0.432616E-05
  0.930303E+01  0.873710E-05 -0.153057E-05 -0.153057E-05 -0.153057E-05  0.873710E-05  0.153057E-05 -0.153057E-05  0.153057E-05  0.873710E-05
  0.931313E+01  0.714948E-05 -0.168814E-05 -0.168814E-05 -0.168814E-05  0.714948E-05  0.168814E-05 -0.168814E-05  0.168814E-05  0.714948E-05
  0.932323E+01  0.457025E-05 -0.163164E-05 -0.163164E-05 -0.163164E-05  0.457025E-05  0.163164E-05 -0.163164E-05  0.163164E-05  0.457025E-05
  0.933333E+01  0.646705E-05 -0.140241E-05 -0.140241E-05 -0.140241E-05  0.646705E-05  0.140241E-05 -0.140241E-05  0.140241E-05  0.646705E-05
  0.934343E+01  0.154557E-04 -0.111850E-05 -0.111850E-05 -0.111850E-05  0.154557E-04  0.111850E-05 -0.111850E-05  0.111850E-05  0.154557E-04
  0.935354E+01  0.308023E-04 -0.869107E-06 -0.869107E-06 -0.869107E-06  0.308023E-04  0.869107E-06 -0.869107E-06  0.869107E-06  0.308023E-04
  0.936364E+01  0.498889E-04 -0.683849E-06 -0.683849E-06 -0.683849E-06  0.498889E-04  0.683849E-06 -0.683849E-06  0.683849E-06  0.498889E-04
  0.937374E+01  0.692372E-04 -0.557792E-06 -0.557792E-06 -0.557792E-06  0.692372E-04  0.557792E-06 -0.557792E-06  0.557792E-06  0.692372E-04
  0.938384E+01  0.843299E-04 -0.476434E-06 -0.476434E-06 -0.476434E-06  0.843299E-04  0.476434E-06 -0.476434E-06  0.476434E-06  0.843299E-04
  0.939394E+01  0.886337E-04 -0.425954E-06 -0.425954E-06 -0.425954E-06  0.886337E-04  0.425954E-06 -0.425954E-06  0.425954E-06  0.886337E-04
  0.940404E+01  0.729933E-04 -0.393378E-06 -0.393378E-06 -0.393378E-06  0.729933E-04  0.393378E-06 -0.393378E-06  0.393378E-06  0.729933E-04
  0.941414E+01  0.283961E-04 -0.361683E-06 -0.361683E-06 -0.361683E-06  0.283961E-04  0.361683E-06 -0.361683E-06  0.361683E-06  0.283961E-04
  0.942424E+01 -0.444259E-04 -0.308915E-06 -0.308915E-06 -0.308915E-06 -0.444259E-04  0.308915E-06 -0.308915E-06  0.308915E-06 -0.444259E-04
  0.943434E+01 -0.125991E-03 -0.225994E-06 -0.225994E-06 -0.225994E-06 -0.125991E-03  0.225994E-06 -0.225994E-06  0.225994E-06 -0.125991E-03
  0.944444E+01 -0.189136E-03 -0.133705E-06 -0.133705E-06 -0.133705E-06 -0.189136E-03  0.133705E-06 -0.133705E-06  0.133705E-06 -0.189136E-03
  0.945455E+01 -0.221243E-03 -0.595185E-07 -0.595185E-07 -0.595185E-07 -0.221243E-03  0.595185E-07 -0.595185E-07  0.595185E-07 -0.221243E-03
  0.946465E+01 -0.226925E-03 -0.112969E-07 -0.112969E-07 -0.112969E-07 -0.226925E-03  0.112969E-07 -0.112969E-07  0.112969E-07 -0.226925E-03
  0.947475E+01 -0.216347E-03  0.174513E-07  0.174513E-07  0.174513E-07 -0.216347E-03 -0.174513E-07  0.174513E-07 -0.174513E-07 -0.216347E-03
  0.948485E+01 -0.197828E-03  0.351946E-07  0.351946E-07  0.351946E-07 -0.197828E-03 -0.351946E-07  0.351946E-07 -0.351946E-07 -0.197828E-03
  0.949495E+01 -0.176714E-03  0.478508E-07  0.478508E-07  0.478508E-07 -0.176714E-03 -0.478508E-07  0.478508E-07 -0.478508E-07 -0.176714E-03
  0.950505E+01 -0.156330E-03  0.588348E-07  0.588348E-07  0.588348E-07 -0.156330E-03 -0.588348E-07  0.588348E-07 -0.588348E-07 -0.156330E-03
  0.951515E+01 -0.138839E-03  0.698643E-07  0.698643E-07  0.698643E-07 -0.138839E-03 -0.698643E-07  0.698643E-07 -0.698643E-07 -0.138839E-03
  0.952525E+01 -0.125480E-03  0.813968E-07  0.813968E-07  0.813968E-07 -0.125480E-03 -0.813968E-07  0.813968E-07 -0.813968E-07 -0.125480E-03
  0.953535E+01 -0.116259E-03  0.928331E-07  0.928331E-07  0.928331E-07 -0.116259E-03 -0.928331E-07  0.928331E-07 -0.928331E-07 -0.116259E-03
  0.954545E+01 -0.109639E-03  0.103046E-06  0.103046E-06  0.103046E-06 -0.109639E-03 -0.103046E-06  0.103046E-06 -0.103046E-06 -0.109639E-03
  0.955556E+01 -0.103083E-03  0.111359E-06  0.111359E-06  0.111359E-06 -0.103083E-03 -0.111359E-06  0.111359E-06 -0.111359E-06 -0.103083E-03
  0.956566E+01 -0.945178E-04  0.118035E-06  0.118035E-06  0.118035E-06 -0.945178E-04 -0.118035E-06  0.118035E-06 -0.118035E-06 -0.945178E-04
  0.957576E+01 -0.834762E-04  0.123481E-06  0.123481E-06  0.123481E-06 -0.834762E-04 -0.123481E-06  0.123481E-06 -0.123481E-06 -0.834762E-04
  0.958586E+01 -0.709041E-04  0.126921E-06  0.126921E-06  0.126921E-06 -0.709041E-04 -0.126921E-06  0.126921E-06 -0.126921E-06 -0.709041E-04
  0.959596E+01 -0.581845E-04  0.125682E-06  0.125682E-06  0.125682E-06 -0.581845E-04 -0.125682E-06  0.125682E-06 -0.125682E-06 -0.581845E-04
  0.960606E+01 -0.462778E-04  0.115718E-06  0.115718E-06  0.115718E-06 -0.462778E-04 -0.115718E-06  0.115718E-06 -0.115718E-06 -0.462778E-04
  0.961616E+01 -0.353612E-04  0.936597E-07  0.936597E-07  0.936597E-07 -0.353612E-04 -0.936597E-07  0.936597E-07 -0.936597E-07 -0.353612E-04
  0.962626E+01 -0.249868E-04  0.594713E-07  0.594713E-07  0.594713E-07 -0.249868E-04 -0.594713E-07  0.594713E-07 -0.594713E-07 -0.249868E-04
  0.963636E+01 -0.145953E-04  0.172876E-07  0.172876E-07  0.172876E-07 -0.145953E-04 -0.172876E-07  0.172876E-07 -0.172876E-07 -0.145953E-04
  0.964646E+01 -0.405644E-05 -0.268037E-07 -0.268037E-07 -0.268037E-07 -0.405644E-05  0.268037E-07 -0.268037E-07  0.268037E-07 -0.405644E-05
  0.965657E+01  0.599554E-05 -0.680551E-07 -0.680551E-07 -0.680551E-07  0.599554E-05  0.680551E-07 -0.680551E-07  0.680551E-07  0.599554E-05
  0.966667E+01  0.140254E-04 -0.104560E-06 -0.104560E-06 -0.104560E-06  0.140254E-04  0.104560E-06 -0.104560E-06  0.104560E-06  0.140254E-04
  0.967677E+01  0.176324E-04 -0.136128E-06 -0.136128E-06 -0.136128E-06  0.176324E-04  0.136128E-06 -0.136128E-06  0.136128E-06  0.176324E-04
  0.968687E+01  0.139705E-04 -0.161619E-06 -0.161619E-06 -0.161619E-06  0.139705E-04  0.161619E-06 -0.161619E-06  0.161619E-06  0.139705E-04
  0.969697E+01  0.982801E-06 -0.176705E-06 -0.176705E-06 -0.176705E-06  0.982801E-06  0.176705E-06 -0.176705E-06  0.176705E-06  0.982801E-06
  0.970707E+01 -0.206037E-04 -0.175003E-06 -0.175003E-06 -0.175003E-06 -0.206037E-04  0.175003E-06 -0.175003E-06  0.175003E-06 -0.206037E-04
  0.971717E+01 -0.462277E-04 -0.154016E-06 -0.154016E-06 -0.154016E-06 -0.462277E-04  0.154016E-06 -0.154016E-06  0.154016E-06 -0.462277E-04
  0.972727E+01 -0.694717E-04 -0.119759E-06 -0.119759E-06 -0.119759E-06 -0.694717E-04  0.119759E-06 -0.119759E-06  0.119759E-06 -0.694717E-04
  0.973737E+01 -0.856180E-04 -0.827803E-07 -0.827803E-07 -0.827803E-07 -0.856180E-04  0.827803E-07 -0.827803E-07  0.827803E-07 -0.856180E-04
  0.974747E+01 -0.931869E-04 -0.508639E-07 -0.508639E-07 -0.508639E-07 -0.931869E-04  0.508639E-07 -0.508639E-07  0.508639E-07 -0.931869E-04
  0.975758E+01 -0.930908E-04 -0.267203E-07 -0.267203E-07 -0.267203E-07 -0.930908E-04  0.267203E-07 -0.267203E-07  0.267203E-07 -0.930908E-04
  0.976768E+01 -0.873713E-04 -0.983281E-08 -0.983281E-08 -0.983281E-08 -0.873713E-04  0.983281E-08 -0.983281E-08  0.983281E-08 -0.873713E-04
  0.977778E+01 -0.784120E-04  0.134888E-08  0.134888E-08  0.134888E-08 -0.784120E-04 -0.134888E-08  0.134888E-08 -0.134888E-08 -0.784120E-04
  0.978788E+01 -0.684549E-04  0.818840E-08  0.818840E-08  0.818840E-08 -0.684549E-04 -0.818840E-08  0.818840E-08 -0.818840E-08 -0.684549E-04
  0.979798E+01 -0.592491E-04  0.114710E-07  0.114710E-07  0.114710E-07 -0.592491E-04 -0.114710E-07  0.114710E-07 -0.114710E-07 -0.592491E-04
  0.980808E+01 -0.518238E-04  0.115873E-07  0.115873E-07  0.115873E-07 -0.518238E-04 -0.115873E-07  0.115873E-07 -0.115873E-07 -0.518238E-04
  0.981818E+01 -0.463900E-04  0.910011E-08  0.910011E-08  0.910011E-08 -0.463900E-04 -0.910011E-08  0.910011E-08 -0.910011E-08 -0.463900E-04
  0.982828E+01 -0.424046E-04  0.529462E-08  0.529462E-08  0.529462E-08 -0.424046E-04 -0.529462E-08  0.529462E-08 -0.529462E-08 -0.424046E-04
  0.983838E+01 -0.388716E-04  0.208585E-08  0.208585E-08  0.208585E-08 -0.388716E-04 -0.208585E-08  0.208585E-08 -0.208585E-08 -0.388716E-04
  0.984848E+01 -0.348125E-04  0.113281E-08  0.113281E-08  0.113281E-08 -0.348125E-04 -0.113281E-08  0.113281E-08 -0.113281E-08 -0.348125E-04
  0.985859E+01 -0.296459E-04  0.296276E-08  0.296276E-08  0.296276E-08 -0.296459E-04 -0.296276E-08  0.296276E-08 -0.296276E-08 -0.296459E-04
  0.986869E+01 -0.232880E-04  0.690337E-08  0.690337E-08  0.690337E-08 -0.232880E-04 -0.690337E-08  0.690337E-08 -0.690337E-08 -0.232880E-04
  0.987879E+01 -0.160423E-04  0.116452E-07  0.116452E-07  0.116452E-07 -0.160423E-04 -0.116452E-07  0.116452E-07 -0.116452E-07 -0.160423E-04
  0.988889E+01 -0.844175E-05  0.158035E-07  0.158035E-07  0.158035E-07 -0.844175E-05 -0.158035E-07  0.158035E-07 -0.158035E-07 -0.844175E-05
  0.989899E+01 -0.112494E-05  0.182127E-07  0.182127E-07  0.182127E-07 -0.112494E-05 -0.182127E-07  0.182127E-07 -0.182127E-07 -0.112494E-05
  0.990909E+01  0.526940E-05  0.180789E-07  0.180789E-07  0.180789E-07  0.526940E-05 -0.180789E-07  0.180789E-07 -0.180789E-07  0.526940E-05
  0.991919E+01  0.102189E-04  0.151389E-07  0.151389E-07  0.151389E-07  0.102189E-04 -0.151389E-07  0.151389E-07 -0.151389E-07  0.102189E-04
  0.992929E+01  0.134152E-04  0.981788E-08  0.981788E-08  0.981788E-08  0.134152E-04 -0.981788E-08  0.981788E-08 -0.981788E-08  0.134152E-04
  0.993939E+01  0.147936E-04  0.327314E-08  0.327314E-08  0.327314E-08  0.147936E-04 -0.327314E-08  0.327314E-08 -0.327314E-08  0.147936E-04
  0.994949E+01  0.144514E-04 -0.281142E-08 -0.281142E-08 -0.281142E-08  0.144514E-04  0.281142E-08 -0.281142E-08  0.281142E-08  0.144514E-04
  0.995960E+01  0.123995E-04 -0.678457E-08 -0.678457E-08 -0.678457E-08  0.123995E-04  0.678457E-08 -0.678457E-08  0.678457E-08  0.123995E-04
  0.996970E+01  0.821891E-05 -0.775566E-08 -0.775566E-08 -0.775566E-08  0.821891E-05  0.775566E-08 -0.775566E-08  0.775566E-08  0.821891E-05
  0.997980E+01  0.959491E-06 -0.601830E-08 -0.601830E-08 -0.601830E-08  0.959491E-06  0.601830E-08 -0.601830E-08  0.601830E-08  0.959491E-06
  0.998990E+01 -0.103422E-04 -0.293864E-08 -0.293864E-08 -0.293864E-08 -0.103422E-04  0.293864E-08 -0.293864E-08  0.293864E-08 -0.103422E-04
  0.100000E+02 -0.255932E-04 -0.392970E-09 -0.392970E-09 -0.392970E-09 -0.255932E-04  0.392970E-09 -0.392970E-09  0.392970E-09 -0.255932E-04
