  0.900000E+01  0.166836E+00 -0.398234E-02 -0.398234E-02 -0.398234E-02  0.166836E+00  0.398234E-02 -0.398234E-02  0.398234E-02  0.166836E+00
  0.901010E+01  0.246585E+00 -0.588594E-02 -0.588594E-02 -0.588594E-02  0.246585E+00  0.588594E-02 -0.588594E-02  0.588594E-02  0.246585E+00
  0.902020E+01  0.364452E+00 -0.869937E-02 -0.869937E-02 -0.869937E-02  0.364452E+00  0.869937E-02 -0.869937E-02  0.869937E-02  0.364452E+00
  0.903030E+01  0.538647E+00 -0.128573E-01 -0.128573E-01 -0.128573E-01  0.538647E+00  0.128573E-01 -0.128573E-01  0.128573E-01  0.538647E+00
  0.904040E+01  0.796080E+00 -0.190021E-01 -0.190021E-01 -0.190021E-01  0.796080E+00  0.190021E-01 -0.190021E-01  0.190021E-01  0.796080E+00
  0.905051E+01  0.117650E+01 -0.280825E-01 -0.280825E-01 -0.280825E-01  0.117650E+01  0.280825E-01 -0.280825E-01  0.280825E-01  0.117650E+01
  0.906061E+01  0.173860E+01 -0.414994E-01 -0.414994E-01 -0.414994E-01  0.173860E+01  0.414994E-01 -0.414994E-01  0.414994E-01  0.173860E+01
  0.907071E+01  0.256904E+01 -0.613210E-01 -0.613210E-01 -0.613210E-01  0.256904E+01  0.613210E-01 -0.613210E-01  0.613210E-01  0.256904E+01
  0.908081E+01  0.379565E+01 -0.905978E-01 -0.905978E-01 -0.905978E-01  0.379565E+01  0.905978E-01 -0.905978E-01  0.905978E-01  0.379565E+01
  0.909091E+01  0.560682E+01 -0.133826E+00 -0.133826E+00 -0.133826E+00  0.560682E+01  0.133826E+00 -0.133826E+00  0.133826E+00  0.560682E+01
  0.910101E+01  0.827989E+01 -0.197622E+00 -0.197622E+00 -0.197622E+00  0.827989E+01  0.197622E+00 -0.197622E+00  0.197622E+00  0.827989E+01
  0.911111E+01  0.122222E+02 -0.291703E+00 -0.291703E+00 -0.291703E+00  0.122222E+02  0.291703E+00 -0.291703E+00  0.291703E+00  0.122222E+02
  0.912121E+01  0.180305E+02 -0.430298E+00 -0.430298E+00 -0.430298E+00  0.180305E+02  0.430298E+00 -0.430298E+00  0.430298E+00  0.180305E+02
  0.913131E+01  0.265746E+02 -0.634145E+00 -0.634145E+00 -0.634145E+00  0.265746E+02  0.634145E+00 -0.634145E+00  0.634145E+00  0.265746E+02
  0.914141E+01  0.391150E+02 -0.933263E+00 -0.933263E+00 -0.933263E+00  0.391150E+02  0.933263E+00 -0.933263E+00  0.933263E+00  0.391150E+02
  0.915152E+01  0.574594E+02 -0.137066E+01 -0.137066E+01 -0.137066E+01  0.574594E+02  0.137066E+01 -0.137066E+01  0.137066E+01  0.574594E+02
  0.916162E+01  0.841623E+02 -0.200703E+01 -0.200703E+01 -0.200703E+01  0.841623E+02  0.200703E+01 -0.200703E+01  0.200703E+01  0.841623E+02
  0.917172E+01  0.122752E+03 -0.292594E+01 -0.292594E+01 -0.292594E+01  0.122752E+03  0.292594E+01 -0.292594E+01  0.292594E+01  0.122752E+03
  0.918182E+01  0.177933E+03 -0.423834E+01 -0.423834E+01 -0.423834E+01  0.177933E+03  0.423834E+01 -0.423834E+01  0.423834E+01  0.177933E+03
  0.919192E+01  0.255625E+03 -0.608272E+01 -0.608272E+01 -0.608272E+01  0.255625E+03  0.608272E+01 -0.608272E+01  0.608272E+01  0.255625E+03
  0.920202E+01  0.362574E+03 -0.861442E+01 -0.861442E+01 -0.861442E+01  0.362574E+03  0.861442E+01 -0.861442E+01  0.861442E+01  0.362574E+03
  0.921212E+01  0.505083E+03 -0.119726E+02 -0.119726E+02 -0.119726E+02  0.505083E+03  0.119726E+02 -0.119726E+02  0.119726E+02  0.505083E+03
  0.922222E+01  0.686315E+03 -0.162113E+02 -0.162113E+02 -0.162113E+02  0.686315E+03  0.162113E+02 -0.162113E+02  0.162113E+02  0.686315E+03
  0.923232E+01  0.901996E+03 -0.211907E+02 -0.211907E+02 -0.211907E+02  0.901996E+03  0.211907E+02 -0.211907E+02  0.211907E+02  0.901996E+03
  0.924242E+01  0.113569E+04 -0.264557E+02 -0.264557E+02 -0.264557E+02  0.113569E+04  0.264557E+02 -0.264557E+02  0.264557E+02  0.113569E+04
  0.925253E+01  0.135719E+04 -0.311926E+02 -0.311926E+02 -0.311926E+02  0.135719E+04  0.311926E+02 -0.311926E+02  0.311926E+02  0.135719E+04
  0.926263E+01  0.152905E+04 -0.343852E+02 -0.343852E+02 -0.343852E+02  0.152905E+04  0.343852E+02 -0.343852E+02  0.343852E+02  0.152905E+04
  0.927273E+01  0.162222E+04 -0.351999E+02 -0.351999E+02 -0.351999E+02  0.162222E+04  0.351999E+02 -0.351999E+02  0.351999E+02  0.162222E+04
  0.928283E+01  0.163279E+04 -0.334054E+02 -0.334054E+02 -0.334054E+02  0.163279E+04  0.334054E+02 -0.334054E+02  0.334054E+02  0.163279E+04
  0.929293E+01  0.158628E+04 -0.295014E+02 -0.295014E+02 -0.295014E+02  0.158628E+04  0.295014E+02 -0.295014E+02  0.295014E+02  0.158628E+04
  0.930303E+01  0.152459E+04 -0.244466E+02 -0.244466E+02 -0.244466E+02  0.152459E+04  0.244466E+02 -0.244466E+02  0.244466E+02  0.152459E+04
  0.931313E+01  0.148448E+04 -0.192141E+02 -0.192141E+02 -0.192141E+02  0.148448E+04  0.192141E+02 -0.192141E+02  0.192141E+02  0.148448E+04
  0.932323E+01  0.148078E+04 -0.144851E+02 -0.144851E+02 -0.144851E+02  0.148078E+04  0.144851E+02 -0.144851E+02  0.144851E+02  0.148078E+04
  0.933333E+01  0.150108E+04 -0.105818E+02 -0.105818E+02 -0.105818E+02  0.150108E+04  0.105818E+02 -0.105818E+02  0.105818E+02  0.150108E+04
  0.934343E+01  0.151265E+04 -0.755490E+01 -0.755490E+01 -0.755490E+01  0.151265E+04  0.755490E+01 -0.755490E+01  0.755490E+01  0.151265E+04
  0.935354E+01  0.147938E+04 -0.530689E+01 -0.530689E+01 -0.530689E+01  0.147938E+04  0.530689E+01 -0.530689E+01  0.530689E+01  0.147938E+04
  0.936364E+01  0.138129E+04 -0.368675E+01 -0.368675E+01 -0.368675E+01  0.138129E+04  0.368675E+01 -0.368675E+01  0.368675E+01  0.138129E+04
  0.937374E+01  0.122499E+04 -0.254357E+01 -0.254357E+01 -0.254357E+01  0.122499E+04  0.254357E+01 -0.254357E+01  0.254357E+01  0.122499E+04
  0.938384E+01  0.103832E+04 -0.174942E+01 -0.174942E+01 -0.174942E+01  0.103832E+04  0.174942E+01 -0.174942E+01  0.174942E+01  0.103832E+04
  0.939394E+01  0.855558E+03 -0.120493E+01 -0.120493E+01 -0.120493E+01  0.855558E+03  0.120493E+01 -0.120493E+01  0.120493E+01  0.855558E+03
  0.940404E+01  0.704815E+03 -0.836891E+00 -0.836891E+00 -0.836891E+00  0.704815E+03  0.836891E+00 -0.836891E+00  0.836891E+00  0.704815E+03
  0.941414E+01  0.603882E+03 -0.593398E+00 -0.593398E+00 -0.593398E+00  0.603882E+03  0.593398E+00 -0.593398E+00  0.593398E+00  0.603882E+03
  0.942424E+01  0.562730E+03 -0.438822E+00 -0.438822E+00 -0.438822E+00  0.562730E+03  0.438822E+00 -0.438822E+00  0.438822E+00  0.562730E+03
  0.943434E+01  0.588315E+03 -0.349644E+00 -0.349644E+00 -0.349644E+00  0.588315E+03  0.349644E+00 -0.349644E+00  0.349644E+00  0.588315E+03
  0.944444E+01  0.688696E+03 -0.311266E+00 -0.311266E+00 -0.311266E+00  0.688696E+03  0.311266E+00 -0.311266E+00  0.311266E+00  0.688696E+03
  0.945455E+01  0.875251E+03 -0.315769E+00 -0.315769E+00 -0.315769E+00  0.875251E+03  0.315769E+00 -0.315769E+00  0.315769E+00  0.875251E+03
  0.946465E+01  0.116259E+04 -0.360533E+00 -0.360533E+00 -0.360533E+00  0.116259E+04  0.360533E+00 -0.360533E+00  0.360533E+00  0.116259E+04
  0.947475E+01  0.156567E+04 -0.447706E+00 -0.447706E+00 -0.447706E+00  0.156567E+04  0.447706E+00 -0.447706E+00  0.447706E+00  0.156567E+04
  0.948485E+01  0.209388E+04 -0.584632E+00 -0.584632E+00 -0.584632E+00  0.209388E+04  0.584632E+00 -0.584632E+00  0.584632E+00  0.209388E+04
  0.949495E+01  0.274321E+04 -0.785289E+00 -0.785289E+00 -0.785289E+00  0.274321E+04  0.785289E+00 -0.785289E+00  0.785289E+00  0.274321E+04
  0.950505E+01  0.349152E+04 -0.107267E+01 -0.107267E+01 -0.107267E+01  0.349152E+04  0.107267E+01 -0.107267E+01  0.107267E+01  0.349152E+04
  0.951515E+01  0.430487E+04 -0.148198E+01 -0.148198E+01 -0.148198E+01  0.430487E+04  0.148198E+01 -0.148198E+01  0.148198E+01  0.430487E+04
  0.952525E+01  0.515936E+04 -0.206450E+01 -0.206450E+01 -0.206450E+01  0.515936E+04  0.206450E+01 -0.206450E+01  0.206450E+01  0.515936E+04
  0.953535E+01  0.606717E+04 -0.289262E+01 -0.289262E+01 -0.289262E+01  0.606717E+04  0.289262E+01 -0.289262E+01  0.289262E+01  0.606717E+04
  0.954545E+01  0.708131E+04 -0.406532E+01 -0.406532E+01 -0.406532E+01  0.708131E+04  0.406532E+01 -0.406532E+01  0.406532E+01  0.708131E+04
  0.955556E+01  0.826313E+04 -0.571139E+01 -0.571139E+01 -0.571139E+01  0.826313E+04  0.571139E+01 -0.571139E+01  0.571139E+01  0.826313E+04
  0.956566E+01  0.962984E+04 -0.798466E+01 -0.798466E+01 -0.798466E+01  0.962984E+04  0.798466E+01 -0.798466E+01  0.798466E+01  0.962984E+04
  0.957576E+01  0.111223E+05 -0.110431E+02 -0.110431E+02 -0.110431E+02  0.111223E+05  0.110431E+02 -0.110431E+02  0.110431E+02  0.111223E+05
  0.958586E+01  0.126221E+05 -0.150023E+02 -0.150023E+02 -0.150023E+02  0.126221E+05  0.150023E+02 -0.150023E+02  0.150023E+02  0.126221E+05
  0.959596E+01  0.140079E+05 -0.198533E+02 -0.198533E+02 -0.198533E+02  0.140079E+05  0.198533E+02 -0.198533E+02  0.198533E+02  0.140079E+05
  0.960606E+01  0.152072E+05 -0.253515E+02 -0.253515E+02 -0.253515E+02  0.152072E+05  0.253515E+02 -0.253515E+02  0.253515E+02  0.152072E+05
  0.961616E+01  0.162001E+05 -0.309217E+02 -0.309217E+02 -0.309217E+02  0.162001E+05  0.309217E+02 -0.309217E+02  0.309217E+02  0.162001E+05
  0.962626E+01  0.169778E+05 -0.356802E+02 -0.356802E+02 -0.356802E+02  0.169778E+05  0.356802E+02 -0.356802E+02  0.356802E+02  0.169778E+05
  0.963636E+01  0.174999E+05 -0.386590E+02 -0.386590E+02 -0.386590E+02  0.174999E+05  0.386590E+02 -0.386590E+02  0.386590E+02  0.174999E+05
  0.964646E+01  0.176922E+05 -0.391813E+02 -0.391813E+02 -0.391813E+02  0.176922E+05  0.391813E+02 -0.391813E+02  0.391813E+02  0.176922E+05
  0.965657E+01  0.174881E+05 -0.371627E+02 -0.371627E+02 -0.371627E+02  0.174881E+05  0.371627E+02 -0.371627E+02  0.371627E+02  0.174881E+05
  0.966667E+01  0.168892E+05 -0.331320E+02 -0.331320E+02 -0.331320E+02  0.168892E+05  0.331320E+02 -0.331320E+02  0.331320E+02  0.168892E+05
  0.967677E+01  0.160077E+05 -0.279791E+02 -0.279791E+02 -0.279791E+02  0.160077E+05  0.279791E+02 -0.279791E+02  0.279791E+02  0.160077E+05
  0.968687E+01  0.150625E+05 -0.226167E+02 -0.226167E+02 -0.226167E+02  0.150625E+05  0.226167E+02 -0.226167E+02  0.226167E+02  0.150625E+05
  0.969697E+01  0.143264E+05 -0.177327E+02 -0.177327E+02 -0.177327E+02  0.143264E+05  0.177327E+02 -0.177327E+02  0.177327E+02  0.143264E+05
  0.970707E+01  0.140537E+05 -0.137029E+02 -0.137029E+02 -0.137029E+02  0.140537E+05  0.137029E+02 -0.137029E+02  0.137029E+02  0.140537E+05
  0.971717E+01  0.144265E+05 -0.106324E+02 -0.106324E+02 -0.106324E+02  0.144265E+05  0.106324E+02 -0.106324E+02  0.106324E+02  0.144265E+05
  0.972727E+01  0.155382E+05 -0.845784E+01 -0.845784E+01 -0.845784E+01  0.155382E+05  0.845784E+01 -0.845784E+01  0.845784E+01  0.155382E+05
  0.973737E+01  0.174115E+05 -0.705038E+01 -0.705038E+01 -0.705038E+01  0.174115E+05  0.705038E+01 -0.705038E+01  0.705038E+01  0.174115E+05
  0.974747E+01  0.200164E+05 -0.629114E+01 -0.629114E+01 -0.629114E+01  0.200164E+05  0.629114E+01 -0.629114E+01  0.629114E+01  0.200164E+05
  0.975758E+01  0.232601E+05 -0.610810E+01 -0.610810E+01 -0.610810E+01  0.232601E+05  0.610810E+01 -0.610810E+01  0.610810E+01  0.232601E+05
  0.976768E+01  0.269574E+05 -0.647631E+01 -0.647631E+01 -0.647631E+01  0.269574E+05  0.647631E+01 -0.647631E+01  0.647631E+01  0.269574E+05
  0.977778E+01  0.308307E+05 -0.739054E+01 -0.739054E+01 -0.739054E+01  0.308307E+05  0.739054E+01 -0.739054E+01  0.739054E+01  0.308307E+05
  0.978788E+01  0.345813E+05 -0.882290E+01 -0.882290E+01 -0.882290E+01  0.345813E+05  0.882290E+01 -0.882290E+01  0.882290E+01  0.345813E+05
  0.979798E+01  0.380033E+05 -0.106771E+02 -0.106771E+02 -0.106771E+02  0.380033E+05  0.106771E+02 -0.106771E+02  0.106771E+02  0.380033E+05
  0.980808E+01  0.410618E+05 -0.127553E+02 -0.127553E+02 -0.127553E+02  0.410618E+05  0.127553E+02 -0.127553E+02  0.127553E+02  0.410618E+05
  0.981818E+01  0.438799E+05 -0.147673E+02 -0.147673E+02 -0.147673E+02  0.438799E+05  0.147673E+02 -0.147673E+02  0.147673E+02  0.438799E+05
  0.982828E+01  0.466449E+05 -0.164129E+02 -0.164129E+02 -0.164129E+02  0.466449E+05  0.164129E+02 -0.164129E+02  0.164129E+02  0.466449E+05
  0.983838E+01  0.494891E+05 -0.175269E+02 -0.175269E+02 -0.175269E+02  0.494891E+05  0.175269E+02 -0.175269E+02  0.175269E+02  0.494891E+05
  0.984848E+01  0.524074E+05 -0.181960E+02 -0.181960E+02 -0.181960E+02  0.524074E+05  0.181960E+02 -0.181960E+02  0.181960E+02  0.524074E+05
  0.985859E+01  0.552474E+05 -0.187412E+02 -0.187412E+02 -0.187412E+02  0.552474E+05  0.187412E+02 -0.187412E+02  0.187412E+02  0.552474E+05
  0.986869E+01  0.577615E+05 -0.195604E+02 -0.195604E+02 -0.195604E+02  0.577615E+05  0.195604E+02 -0.195604E+02  0.195604E+02  0.577615E+05
  0.987879E+01  0.596852E+05 -0.209313E+02 -0.209313E+02 -0.209313E+02  0.596852E+05  0.209313E+02 -0.209313E+02  0.209313E+02  0.596852E+05
  0.988889E+01  0.608143E+05 -0.228803E+02 -0.228803E+02 -0.228803E+02  0.608143E+05  0.228803E+02 -0.228803E+02  0.228803E+02  0.608143E+05
  0.989899E+01  0.610646E+05 -0.251593E+02 -0.251593E+02 -0.251593E+02  0.610646E+05  0.251593E+02 -0.251593E+02  0.251593E+02  0.610646E+05
  0.990909E+01  0.604981E+05 -0.273297E+02 -0.273297E+02 -0.273297E+02  0.604981E+05  0.273297E+02 -0.273297E+02  0.273297E+02  0.604981E+05
  0.991919E+01  0.593023E+05 -0.289193E+02 -0.289193E+02 -0.289193E+02  0.593023E+05  0.289193E+02 -0.289193E+02  0.289193E+02  0.593023E+05
  0.992929E+01  0.577255E+05 -0.295863E+02 -0.295863E+02 -0.295863E+02  0.577255E+05  0.295863E+02 -0.295863E+02  0.295863E+02  0.577255E+05
  0.993939E+01  0.560011E+05 -0.292200E+02 -0.292200E+02 -0.292200E+02  0.560011E+05  0.292200E+02 -0.292200E+02  0.292200E+02  0.560011E+05
  0.994949E+01  0.542914E+05 -0.279630E+02 -0.279630E+02 -0.279630E+02  0.542914E+05  0.279630E+02 -0.279630E+02  0.279630E+02  0.542914E+05
  0.995960E+01  0.526748E+05 -0.261729E+02 -0.261729E+02 -0.261729E+02  0.526748E+05  0.261729E+02 -0.261729E+02  0.261729E+02  0.526748E+05
  0.996970E+01  0.511987E+05 -0.243279E+02 -0.243279E+02 -0.243279E+02  0.511987E+05  0.243279E+02 -0.243279E+02  0.243279E+02  0.511987E+05
  0.997980E+01  0.499878E+05 -0.228969E+02 -0.228969E+02 -0.228969E+02  0.499878E+05  0.228969E+02 -0.228969E+02  0.228969E+02  0.499878E+05
  0.998990E+01  0.493299E+05 -0.222293E+02 -0.222293E+02 -0.222293E+02  0.493299E+05  0.222293E+02 -0.222293E+02  0.222293E+02  0.493299E+05
  0.100000E+02  0.496594E+05 -0.225095E+02 -0.225095E+02 -0.225095E+02  0.496594E+05  0.225095E+02 -0.225095E+02  0.225095E+02  0.496594E+05
