
     Program PHONON    v.4.1a   starts ...
     Today is 10Jul2009 at 17:17:43 

     Parallel version (MPI)

     Number of processors in use:       1

     Ultrasoft (Vanderbilt) Pseudopotentials

     Planes per process (thick) : nr3 = 32 npp =  32 ncplane = 1024
     Planes per process (smooth): nr3s= 15 npps=  15 ncplanes=  225
 
     Proc/  planes cols     G    planes cols    G      columns  G
     Pool       (dense grid)       (smooth grid)      (wavefct grid)
       1     32    463     6567   15    163     1411     61      331
 

     Check: negative/imaginary core charge=   -0.000005    0.000000

                                                                                

     bravais-lattice index     =            2
     lattice parameter (a_0)   =       6.6800  a.u.
     unit-cell volume          =      74.5194 (a.u.)^3
     number of atoms/cell      =            2
     number of atomic types    =            1
     kinetic-energy cut-off    =      27.0000  Ry
     charge density cut-off    =     300.0000  Ry
     convergence threshold     =      1.0E-14
     beta                      =       0.7000
     number of iterations used =            4
     Exchange-correlation      =  SLA  PZ   NOGX NOGC (1100)


     celldm(1)=    6.68000  celldm(2)=    0.00000  celldm(3)=    0.00000
     celldm(4)=    0.00000  celldm(5)=    0.00000  celldm(6)=    0.00000

     crystal axes: (cart. coord. in units of a_0)
               a(1) = ( -0.5000  0.0000  0.5000 )  
               a(2) = (  0.0000  0.5000  0.5000 )  
               a(3) = ( -0.5000  0.5000  0.0000 )  

     reciprocal axes: (cart. coord. in units 2 pi/a_0)
               b(1) = ( -1.0000 -1.0000  1.0000 )  
               b(2) = (  1.0000  1.0000  1.0000 )  
               b(3) = ( -1.0000  1.0000 -1.0000 )  


     Atoms inside the unit cell: 

   Cartesian axes

     site n.  atom      mass           positions (a_0 units)
        1        C   12.0107   tau( 1) = (    0.00000    0.00000    0.00000  )
        2        C   12.0107   tau( 2) = (    0.25000    0.25000    0.25000  )

     Computing dynamical matrix for 
                    q = (   0.0000000   0.0000000   0.0000000 )
 
     49 Sym.Ops. (with q -> -q+G )


     G cutoff =  339.0896  (   6567 G-vectors)     FFT grid: ( 32, 32, 32)
     G cutoff =  122.0722  (   1411 G-vectors)  smooth grid: ( 15, 15, 15)
     number of k points=   10
                       cart. coord. in units 2pi/a_0
        k(    1) = (  -0.1250000   0.1250000   0.1250000), wk =   0.0625000
        k(    2) = (  -0.3750000   0.3750000  -0.1250000), wk =   0.1875000
        k(    3) = (   0.3750000  -0.3750000   0.6250000), wk =   0.1875000
        k(    4) = (   0.1250000  -0.1250000   0.3750000), wk =   0.1875000
        k(    5) = (  -0.1250000   0.6250000   0.1250000), wk =   0.1875000
        k(    6) = (   0.6250000  -0.1250000   0.8750000), wk =   0.3750000
        k(    7) = (   0.3750000   0.1250000   0.6250000), wk =   0.3750000
        k(    8) = (  -0.1250000  -0.8750000   0.1250000), wk =   0.1875000
        k(    9) = (  -0.3750000   0.3750000   0.3750000), wk =   0.0625000
        k(   10) = (   0.3750000  -0.3750000   1.1250000), wk =   0.1875000

     PseudoPot. # 1 for  C read from file C.lda-paw_kj.UPF
     Pseudo is Projector augmented-wave + core cor, Zval =  4.0
     Generated using "atomic" code by A. Dal Corso (espresso distribution)
     Shape of augmentation charge: BESSEL
     Using radial grid of 1073 points,  4 beta functions with: 
                l(1) =   0
                l(2) =   0
                l(3) =   1
                l(4) =   1
     Q(r) pseudized with 0 coefficients 



     Electric field:
     Dielectric constant
     Born effective charges in two ways 


     Atomic displacements:
     There are   2 irreducible representations

     Representation     1      3 modes -T_1u G_15  G_4- To be done

     Representation     2      3 modes -T_2g G_25' G_5+ To be done
     PHONON       :     1.84s CPU time,    1.88s wall time


     Alpha used in Ewald sum =   2.8000

     Electric Fields Calculation

      iter #   1 total cpu time :     3.8 secs   av.it.:   6.4
      thresh= 0.100E-01 alpha_mix =  0.700 |ddv_scf|^2 =  0.134E-07

      iter #   2 total cpu time :     4.7 secs   av.it.:  11.4
      thresh= 0.116E-04 alpha_mix =  0.700 |ddv_scf|^2 =  0.152E-09

      iter #   3 total cpu time :     5.6 secs   av.it.:  11.7
      thresh= 0.123E-05 alpha_mix =  0.700 |ddv_scf|^2 =  0.689E-11

      iter #   4 total cpu time :     6.5 secs   av.it.:  12.0
      thresh= 0.263E-06 alpha_mix =  0.700 |ddv_scf|^2 =  0.107E-13

      iter #   5 total cpu time :     7.3 secs   av.it.:  11.0
      thresh= 0.104E-07 alpha_mix =  0.700 |ddv_scf|^2 =  0.328E-16

     End of electric fields calculation

          Dielectric constant in cartesian axis 

          (       5.783081537       0.000000000       0.000000000 )
          (       0.000000000       5.783081537       0.000000000 )
          (       0.000000000       0.000000000       5.783081537 )

          Effective charges (d Force / dE) in cartesian axis

           atom      1   C  
      Ex  (        0.09281        0.00000        0.00000 )
      Ey  (        0.00000        0.09281        0.00000 )
      Ez  (        0.00000        0.00000        0.09281 )
           atom      2   C  
      Ex  (        0.09281        0.00000        0.00000 )
      Ey  (        0.00000        0.09281        0.00000 )
      Ez  (        0.00000        0.00000        0.09281 )


     Representation #  1 modes #   1  2  3

     Self-consistent Calculation

      iter #   1 total cpu time :     8.6 secs   av.it.:   7.1
      thresh= 0.100E-01 alpha_mix =  0.700 |ddv_scf|^2 =  0.138E-06

      iter #   2 total cpu time :     9.5 secs   av.it.:  11.2
      thresh= 0.371E-04 alpha_mix =  0.700 |ddv_scf|^2 =  0.166E-08

      iter #   3 total cpu time :    10.4 secs   av.it.:  11.0
      thresh= 0.408E-05 alpha_mix =  0.700 |ddv_scf|^2 =  0.250E-09

      iter #   4 total cpu time :    11.3 secs   av.it.:  10.8
      thresh= 0.158E-05 alpha_mix =  0.700 |ddv_scf|^2 =  0.597E-11

      iter #   5 total cpu time :    12.1 secs   av.it.:  10.3
      thresh= 0.244E-06 alpha_mix =  0.700 |ddv_scf|^2 =  0.581E-15

     End of self-consistent calculation

     Convergence has been achieved 


     Representation #  2 modes #   4  5  6

     Self-consistent Calculation

      iter #   1 total cpu time :    13.0 secs   av.it.:   6.9
      thresh= 0.100E-01 alpha_mix =  0.700 |ddv_scf|^2 =  0.235E-06

      iter #   2 total cpu time :    13.9 secs   av.it.:  11.3
      thresh= 0.485E-04 alpha_mix =  0.700 |ddv_scf|^2 =  0.197E-08

      iter #   3 total cpu time :    14.8 secs   av.it.:  11.2
      thresh= 0.444E-05 alpha_mix =  0.700 |ddv_scf|^2 =  0.208E-09

      iter #   4 total cpu time :    15.6 secs   av.it.:  10.9
      thresh= 0.144E-05 alpha_mix =  0.700 |ddv_scf|^2 =  0.493E-11

      iter #   5 total cpu time :    16.5 secs   av.it.:  10.3
      thresh= 0.222E-06 alpha_mix =  0.700 |ddv_scf|^2 =  0.125E-14

     End of self-consistent calculation

     Convergence has been achieved 
 
     Number of q in the star =    1
     List of q in the star:
          1   0.000000000   0.000000000   0.000000000

          Dielectric constant in cartesian axis 

          (        5.78308        0.00000        0.00000 )
          (        0.00000        5.78308        0.00000 )
          (        0.00000        0.00000        5.78308 )

          Effective charges (d Force / dE) in cartesian axis

           atom      1   C  
      Ex  (        0.09281        0.00000        0.00000 )
      Ey  (        0.00000        0.09281        0.00000 )
      Ez  (        0.00000        0.00000        0.09281 )
           atom      2   C  
      Ex  (        0.09281        0.00000        0.00000 )
      Ey  (        0.00000        0.09281        0.00000 )
      Ez  (        0.00000        0.00000        0.09281 )

          Effective charges (d P / du) in cartesian axis 

           atom      1   C  
      Px  (        0.09275        0.00000        0.00000 )
      Py  (        0.00000        0.09275        0.00000 )
      Pz  (        0.00000        0.00000        0.09275 )
           atom      2   C  
      Px  (        0.09275        0.00000        0.00000 )
      Py  (        0.00000        0.09275        0.00000 )
      Pz  (        0.00000        0.00000        0.09275 )

     Diagonalizing the dynamical matrix

     q = (    0.000000000   0.000000000   0.000000000 ) 

 **************************************************************************
     omega( 1) =       0.238607 [THz] =       7.959135 [cm-1]
     omega( 2) =       0.238607 [THz] =       7.959135 [cm-1]
     omega( 3) =       0.238607 [THz] =       7.959135 [cm-1]
     omega( 4) =      39.216397 [THz] =    1308.126884 [cm-1]
     omega( 5) =      39.216397 [THz] =    1308.126884 [cm-1]
     omega( 6) =      39.216397 [THz] =    1308.126884 [cm-1]
 **************************************************************************

     Mode symmetry, O_h (m-3m)  point group:

     omega(  1 -  3) =          8.0  [cm-1]   --> T_1u G_15  G_4- I  
     omega(  4 -  6) =       1308.1  [cm-1]   --> T_2g G_25' G_5+ R  

 **************************************************************************
 
     PWSCF        :    15.39s CPU

     Called by init_run:

     Called by electrons:
     v_of_rho     :     0.01s CPU
     newd         :     0.01s CPU

     Called by c_bands:
     init_us_2    :     0.02s CPU (     270 calls,   0.000 s avg)

     Called by *egterg:
     s_psi        :     0.33s CPU (   12800 calls,   0.000 s avg)

     Called by h_psi:
     add_vuspsi   :     0.15s CPU (    6145 calls,   0.000 s avg)

     General routines
     calbec       :     0.50s CPU (   16590 calls,   0.000 s avg)
     cft3s        :     4.43s CPU (   51841 calls,   0.000 s avg)
     interpolate  :     0.00s CPU
     davcio       :     0.01s CPU (    3052 calls,   0.000 s avg)
 
     Parallel routines
 
     PAW routines
     PAW_pot      :     0.02s CPU
 
     PHONON       :    16.63s CPU time,   19.01s wall time

     INITIALIZATION: 
     phq_setup    :     0.01s CPU
     phq_init     :     0.59s CPU
 
     phq_init     :     0.59s CPU
     set_drhoc    :     0.71s CPU (       3 calls,   0.237 s avg)
     init_vloc    :     0.00s CPU
     init_us_1    :     0.43s CPU
     newd         :     0.01s CPU
     dvanqq       :     0.09s CPU
     drho         :     0.10s CPU
     cmpt_qdipol  :     0.00s CPU
 
     DIELECTRIC CONSTANT AND EFFECTIVE CHARGES:
     solve_e      :     5.01s CPU
     dielec       :     0.00s CPU
     zstar_eu     :     0.52s CPU
 
     DYNAMICAL MATRIX:
     dynmat0      :     0.50s CPU
     phqscf       :     8.75s CPU
     dynmatrix    :     0.00s CPU
 
     phqscf       :     8.75s CPU
     solve_linter :     8.57s CPU (       2 calls,   4.283 s avg)
     drhodv       :     0.01s CPU (       2 calls,   0.007 s avg)
     add_zstar_ue :     0.00s CPU (       2 calls,   0.002 s avg)
     add_zstar_us :     0.16s CPU (       2 calls,   0.079 s avg)
 
     dynmat0      :     0.50s CPU
     dynmat_us    :     0.01s CPU
     d2ionq       :     0.00s CPU
     dynmatcc     :     0.48s CPU
 
     dynmat_us    :     0.01s CPU
     addusdynmat  :     0.00s CPU
 
     phqscf       :     8.75s CPU
     solve_linter :     8.57s CPU (       2 calls,   4.283 s avg)
 
     solve_linter :     8.57s CPU (       2 calls,   4.283 s avg)
     dvqpsi_us    :     0.14s CPU (     120 calls,   0.001 s avg)
     ortho        :     0.05s CPU (     480 calls,   0.000 s avg)
     cgsolve      :     6.04s CPU (     480 calls,   0.013 s avg)
     incdrhoscf   :     0.34s CPU (     480 calls,   0.001 s avg)
     addusddens   :     0.24s CPU (      12 calls,   0.020 s avg)
     vpsifft      :     0.17s CPU (     240 calls,   0.001 s avg)
     dv_of_drho   :     0.21s CPU (      48 calls,   0.004 s avg)
     mix_pot      :     0.16s CPU (      15 calls,   0.011 s avg)
     psymdvscf    :     1.90s CPU (      10 calls,   0.190 s avg)
     newdq        :     0.51s CPU (      15 calls,   0.034 s avg)
     adddvscf     :     0.01s CPU (     360 calls,   0.000 s avg)
     drhodvus     :     0.00s CPU (       2 calls,   0.002 s avg)
 
     dvqpsi_us    :     0.14s CPU (     120 calls,   0.001 s avg)
     dvqpsi_us_on :     0.04s CPU (     120 calls,   0.000 s avg)
 
     cgsolve      :     6.04s CPU (     480 calls,   0.013 s avg)
     ch_psi       :     5.95s CPU (    6145 calls,   0.001 s avg)
 
     ch_psi       :     5.95s CPU (    6145 calls,   0.001 s avg)
     h_psiq       :     5.42s CPU (    6145 calls,   0.001 s avg)
     last         :     0.50s CPU (    6145 calls,   0.000 s avg)
 
     h_psiq       :     5.42s CPU (    6145 calls,   0.001 s avg)
     firstfft     :     2.62s CPU (   21601 calls,   0.000 s avg)
     secondfft    :     2.04s CPU (   21601 calls,   0.000 s avg)
     add_vuspsi   :     0.15s CPU (    6145 calls,   0.000 s avg)
 
     incdrhoscf   :     0.34s CPU (     480 calls,   0.001 s avg)
     addusdbec    :     0.02s CPU (     540 calls,   0.000 s avg)
 
     drhodvus     :     0.00s CPU (       2 calls,   0.002 s avg)
 
      General routines
     calbec       :     0.50s CPU (   16590 calls,   0.000 s avg)
     cft3s        :     4.43s CPU (   51841 calls,   0.000 s avg)
     cinterpolate :     0.12s CPU (      99 calls,   0.001 s avg)
     davcio       :     0.01s CPU (    3052 calls,   0.000 s avg)
     write_rec    :     0.09s CPU (      17 calls,   0.005 s avg)
 
