
     Program PHONON v.6.beta (svn rev. 13007) starts on 23Sep2016 at 10:43:34 

     This program is part of the open-source Quantum ESPRESSO suite
     for quantum simulation of materials; please cite
         "P. Giannozzi et al., J. Phys.:Condens. Matter 21 395502 (2009);
          URL http://www.quantum-espresso.org", 
     in publications or presentations arising from this work. More details at
     http://www.quantum-espresso.org/quote

           HOST :    @host@
           ARCH :    x86_64
             CC :    cc
            CPP :    cpp
            F90 :    mpif90
            F77 :    gfortran
         DFLAGS :    -D__GFORTRAN -D__STD_F95 -D__FFTW -D__MPI
      BLAS LIBS :    
    LAPACK LIBS :    $(TOPDIR)/LAPACK/liblapack.a $(TOPDIR)/LAPACK/libblas.a
       FFT LIBS :    
      MASS LIBS :    

     Parallel version (MPI), running on     2 processors
     R & G space division:  proc/nbgrp/npool/nimage =       2

     Reading data from directory:
     /home/pietro/trunk/espresso/tempdir/aluminum.save

   Info: using nr1, nr2, nr3 values from input

   Info: using nr1, nr2, nr3 values from input

     IMPORTANT: XC functional enforced from input :
     Exchange-correlation      =  SLA  PZ   NOGX NOGC ( 1  1  0  0 0 0)
     Any further DFT definition will be discarded
     Please, verify this is what you really want


     Parallelization info
     --------------------
     sticks:   dense  smooth     PW     G-vecs:    dense   smooth      PW
     Min          60      60     21                  434      434      90
     Max          61      61     22                  435      435      91
     Sum         121     121     43                  869      869     181



     Dynamical matrices for ( 4, 4, 4)  uniform grid of q-points
     (   8q-points):
       N         xq(1)         xq(2)         xq(3) 
       1   0.000000000   0.000000000   0.000000000
       2  -0.250000000   0.250000000  -0.250000000
       3   0.500000000  -0.500000000   0.500000000
       4   0.000000000   0.500000000   0.000000000
       5   0.750000000  -0.250000000   0.750000000
       6   0.500000000   0.000000000   0.500000000
       7   0.000000000  -1.000000000   0.000000000
       8  -0.500000000  -1.000000000   0.000000000

     Calculation of q =    0.0000000   0.0000000   0.0000000

                                                                                

     bravais-lattice index     =            2
     lattice parameter (alat)  =       7.5000  a.u.
     unit-cell volume          =     105.4688 (a.u.)^3
     number of atoms/cell      =            1
     number of atomic types    =            1
     kinetic-energy cut-off    =      15.0000  Ry
     charge density cut-off    =      60.0000  Ry
     convergence threshold     =      1.0E-10
     beta                      =       0.7000
     number of iterations used =            4
     Exchange-correlation      =  SLA  PZ   NOGX NOGC ( 1  1  0  0 0 0)


     celldm(1)=    7.50000  celldm(2)=    0.00000  celldm(3)=    0.00000
     celldm(4)=    0.00000  celldm(5)=    0.00000  celldm(6)=    0.00000

     crystal axes: (cart. coord. in units of alat)
               a(1) = ( -0.5000  0.0000  0.5000 )  
               a(2) = (  0.0000  0.5000  0.5000 )  
               a(3) = ( -0.5000  0.5000  0.0000 )  

     reciprocal axes: (cart. coord. in units 2 pi/alat)
               b(1) = ( -1.0000 -1.0000  1.0000 )  
               b(2) = (  1.0000  1.0000  1.0000 )  
               b(3) = ( -1.0000  1.0000 -1.0000 )  


     Atoms inside the unit cell: 

     Cartesian axes

     site n.  atom      mass           positions (alat units)
        1     Al  26.9800   tau(    1) = (    0.00000    0.00000    0.00000  )

     Computing dynamical matrix for 
                    q = (   0.0000000   0.0000000   0.0000000 )

     49 Sym.Ops. (with q -> -q+G )


     G cutoff =   85.4897  (    435 G-vectors)     FFT grid: ( 15, 15, 15)

     number of k points=    29  Marzari-Vanderbilt smearing, width (Ry)=  0.0500

     PseudoPot. # 1 for Al read from file:
     /home/pietro/trunk/espresso/pseudo/Al.pz-vbc.UPF
     MD5 check sum: 614279c88ff8d45c90147292d03ed420
     Pseudo is Norm-conserving, Zval =  3.0
     Generated by new atomic code, or converted to UPF format
     Using radial grid of  171 points,  2 beta functions with: 
                l(1) =   0
                l(2) =   1

     Mode symmetry, O_h (m-3m)  point group:


     Atomic displacements:
     There are   1 irreducible representations

     Representation     1      3 modes -T_1u G_15  G_4-  To be done



     Alpha used in Ewald sum =   0.7000
     PHONON       :     0.18s CPU         0.19s WALL



     Representation #  1 modes #   1  2  3

     Self-consistent Calculation

     Pert. #  1: Fermi energy shift (Ry) =     1.3786E-23    -2.5077E-37
     Pert. #  2: Fermi energy shift (Ry) =     9.3747E-24     3.6048E-37
     Pert. #  3: Fermi energy shift (Ry) =     1.0340E-23     3.1347E-38

      iter #   1 total cpu time :     0.3 secs   av.it.:   3.3
      thresh= 1.000E-02 alpha_mix =  0.700 |ddv_scf|^2 =  1.257E-08

     Pert. #  1: Fermi energy shift (Ry) =     9.9262E-24    -1.2245E-40
     Pert. #  2: Fermi energy shift (Ry) =     5.5145E-24     1.0408E-39
     Pert. #  3: Fermi energy shift (Ry) =     3.3087E-24     0.0000E+00

      iter #   2 total cpu time :     0.3 secs   av.it.:   5.5
      thresh= 1.121E-05 alpha_mix =  0.700 |ddv_scf|^2 =  1.314E-09

     Pert. #  1: Fermi energy shift (Ry) =     1.4889E-23    -1.6224E-39
     Pert. #  2: Fermi energy shift (Ry) =     2.1782E-23     1.1020E-39
     Pert. #  3: Fermi energy shift (Ry) =     3.0330E-24    -4.2857E-40

      iter #   3 total cpu time :     0.4 secs   av.it.:   5.3
      thresh= 3.625E-06 alpha_mix =  0.700 |ddv_scf|^2 =  1.570E-13

     End of self-consistent calculation

     Convergence has been achieved 

     Number of q in the star =    1
     List of q in the star:
          1   0.000000000   0.000000000   0.000000000

     Diagonalizing the dynamical matrix

     q = (    0.000000000   0.000000000   0.000000000 ) 

 **************************************************************************
     freq (    1) =       0.171792 [THz] =       5.730349 [cm-1]
     freq (    2) =       0.171792 [THz] =       5.730349 [cm-1]
     freq (    3) =       0.171792 [THz] =       5.730349 [cm-1]
 **************************************************************************

     Mode symmetry, O_h (m-3m)  point group:

     freq (  1 -  3) =          5.7  [cm-1]   --> T_1u G_15  G_4- I  
     electron-phonon interaction  ...

     Gaussian Broadening:   0.005 Ry, ngauss=   0
     DOS =  1.339210 states/spin/Ry/Unit Cell at Ef=  8.321793 eV
     lambda(    1)=  0.0000   gamma=    0.00 GHz
     lambda(    2)=  0.0000   gamma=    0.00 GHz
     lambda(    3)=  0.0000   gamma=    0.00 GHz
     Gaussian Broadening:   0.010 Ry, ngauss=   0
     DOS =  1.881761 states/spin/Ry/Unit Cell at Ef=  8.327153 eV
     lambda(    1)=  0.0000   gamma=    0.00 GHz
     lambda(    2)=  0.0000   gamma=    0.00 GHz
     lambda(    3)=  0.0000   gamma=    0.00 GHz
     Gaussian Broadening:   0.015 Ry, ngauss=   0
     DOS =  2.123229 states/spin/Ry/Unit Cell at Ef=  8.328621 eV
     lambda(    1)=  0.0000   gamma=    0.00 GHz
     lambda(    2)=  0.0000   gamma=    0.00 GHz
     lambda(    3)=  0.0000   gamma=    0.00 GHz
     Gaussian Broadening:   0.020 Ry, ngauss=   0
     DOS =  2.249739 states/spin/Ry/Unit Cell at Ef=  8.324319 eV
     lambda(    1)=  0.0000   gamma=    0.02 GHz
     lambda(    2)=  0.0000   gamma=    0.03 GHz
     lambda(    3)=  0.0000   gamma=    0.02 GHz
     Gaussian Broadening:   0.025 Ry, ngauss=   0
     DOS =  2.329803 states/spin/Ry/Unit Cell at Ef=  8.317861 eV
     lambda(    1)=  0.0000   gamma=    0.08 GHz
     lambda(    2)=  0.0000   gamma=    0.10 GHz
     lambda(    3)=  0.0000   gamma=    0.09 GHz
     Gaussian Broadening:   0.030 Ry, ngauss=   0
     DOS =  2.396029 states/spin/Ry/Unit Cell at Ef=  8.311296 eV
     lambda(    1)=  0.0000   gamma=    0.16 GHz
     lambda(    2)=  0.0000   gamma=    0.19 GHz
     lambda(    3)=  0.0000   gamma=    0.16 GHz
     Gaussian Broadening:   0.035 Ry, ngauss=   0
     DOS =  2.455226 states/spin/Ry/Unit Cell at Ef=  8.305262 eV
     lambda(    1)=  0.0000   gamma=    0.25 GHz
     lambda(    2)=  0.0000   gamma=    0.29 GHz
     lambda(    3)=  0.0000   gamma=    0.25 GHz
     Gaussian Broadening:   0.040 Ry, ngauss=   0
     DOS =  2.507873 states/spin/Ry/Unit Cell at Ef=  8.299956 eV
     lambda(    1)=  0.0000   gamma=    0.35 GHz
     lambda(    2)=  0.0000   gamma=    0.41 GHz
     lambda(    3)=  0.0000   gamma=    0.35 GHz
     Gaussian Broadening:   0.045 Ry, ngauss=   0
     DOS =  2.552966 states/spin/Ry/Unit Cell at Ef=  8.295411 eV
     lambda(    1)=  0.0000   gamma=    0.47 GHz
     lambda(    2)=  0.0000   gamma=    0.54 GHz
     lambda(    3)=  0.0000   gamma=    0.47 GHz
     Gaussian Broadening:   0.050 Ry, ngauss=   0
     DOS =  2.589582 states/spin/Ry/Unit Cell at Ef=  8.291553 eV
     lambda(    1)=  0.0000   gamma=    0.60 GHz
     lambda(    2)=  0.0000   gamma=    0.68 GHz
     lambda(    3)=  0.0000   gamma=    0.61 GHz


     Number of q in the star =    1
     List of q in the star:
          1   0.000000000   0.000000000   0.000000000

     Calculation of q =   -0.2500000   0.2500000  -0.2500000

     Parallelization info
     --------------------
     sticks:   dense  smooth     PW     G-vecs:    dense   smooth      PW
     Min          60      60     27                  434      434     129
     Max          61      61     28                  435      435     130
     Sum         121     121     55                  869      869     259



     bravais-lattice index     =            2
     lattice parameter (alat)  =       7.5000  a.u.
     unit-cell volume          =     105.4688 (a.u.)^3
     number of atoms/cell      =            1
     number of atomic types    =            1
     number of electrons       =         3.00
     number of Kohn-Sham states=            6
     kinetic-energy cutoff     =      15.0000  Ry
     charge density cutoff     =      60.0000  Ry
     Exchange-correlation      =  SLA  PZ   NOGX NOGC ( 1  1  0  0 0 0)

     celldm(1)=   7.500000  celldm(2)=   0.000000  celldm(3)=   0.000000
     celldm(4)=   0.000000  celldm(5)=   0.000000  celldm(6)=   0.000000

     crystal axes: (cart. coord. in units of alat)
               a(1) = (  -0.500000   0.000000   0.500000 )  
               a(2) = (   0.000000   0.500000   0.500000 )  
               a(3) = (  -0.500000   0.500000   0.000000 )  

     reciprocal axes: (cart. coord. in units 2 pi/alat)
               b(1) = ( -1.000000 -1.000000  1.000000 )  
               b(2) = (  1.000000  1.000000  1.000000 )  
               b(3) = ( -1.000000  1.000000 -1.000000 )  


     PseudoPot. # 1 for Al read from file:
     /home/pietro/trunk/espresso/pseudo/Al.pz-vbc.UPF
     MD5 check sum: 614279c88ff8d45c90147292d03ed420
     Pseudo is Norm-conserving, Zval =  3.0
     Generated by new atomic code, or converted to UPF format
     Using radial grid of  171 points,  2 beta functions with: 
                l(1) =   0
                l(2) =   1

     atomic species   valence    mass     pseudopotential
        Al             3.00    26.98000     Al( 1.00)

     48 Sym. Ops., with inversion, found



   Cartesian axes

     site n.     atom                  positions (alat units)
         1           Al  tau(   1) = (   0.0000000   0.0000000   0.0000000  )

     number of k points=   240  Marzari-Vanderbilt smearing, width (Ry)=  0.0500

     Number of k-points >= 100: set verbosity='high' to print them.

     Dense  grid:      869 G-vectors     FFT dimensions: (  15,  15,  15)

     Estimated max dynamical RAM per process >       0.22Mb

     Estimated total allocated dynamical RAM >       0.43Mb

     The potential is recalculated from file :
     /home/pietro/trunk/espresso/tempdir/_ph0/aluminum.q_2/aluminum.save/charge-density.dat

     Starting wfc are    4 atomic +    2 random wfc

     Band Structure Calculation
     Davidson diagonalization with overlap

     ethr =  3.33E-10,  avg # of iterations = 13.7

     total cpu time spent up to now is        1.1 secs

     End of band structure calculation

     Number of k-points >= 100: set verbosity='high' to print the bands.

     the Fermi energy is     8.1776 ev

     Writing output data file aluminum.save

                                                                                

     bravais-lattice index     =            2
     lattice parameter (alat)  =       7.5000  a.u.
     unit-cell volume          =     105.4688 (a.u.)^3
     number of atoms/cell      =            1
     number of atomic types    =            1
     kinetic-energy cut-off    =      15.0000  Ry
     charge density cut-off    =      60.0000  Ry
     convergence threshold     =      1.0E-10
     beta                      =       0.7000
     number of iterations used =            4
     Exchange-correlation      =  SLA  PZ   NOGX NOGC ( 1  1  0  0 0 0)


     celldm(1)=    7.50000  celldm(2)=    0.00000  celldm(3)=    0.00000
     celldm(4)=    0.00000  celldm(5)=    0.00000  celldm(6)=    0.00000

     crystal axes: (cart. coord. in units of alat)
               a(1) = ( -0.5000  0.0000  0.5000 )  
               a(2) = (  0.0000  0.5000  0.5000 )  
               a(3) = ( -0.5000  0.5000  0.0000 )  

     reciprocal axes: (cart. coord. in units 2 pi/alat)
               b(1) = ( -1.0000 -1.0000  1.0000 )  
               b(2) = (  1.0000  1.0000  1.0000 )  
               b(3) = ( -1.0000  1.0000 -1.0000 )  


     Atoms inside the unit cell: 

     Cartesian axes

     site n.  atom      mass           positions (alat units)
        1     Al  26.9800   tau(    1) = (    0.00000    0.00000    0.00000  )

     Computing dynamical matrix for 
                    q = (  -0.2500000   0.2500000  -0.2500000 )

      6 Sym.Ops. (no q -> -q+G )


     G cutoff =   85.4897  (    435 G-vectors)     FFT grid: ( 15, 15, 15)

     number of k points=   240  Marzari-Vanderbilt smearing, width (Ry)=  0.0500

     PseudoPot. # 1 for Al read from file:
     /home/pietro/trunk/espresso/pseudo/Al.pz-vbc.UPF
     MD5 check sum: 614279c88ff8d45c90147292d03ed420
     Pseudo is Norm-conserving, Zval =  3.0
     Generated by new atomic code, or converted to UPF format
     Using radial grid of  171 points,  2 beta functions with: 
                l(1) =   0
                l(2) =   1

     Mode symmetry, C_3v (3m)   point group:


     Atomic displacements:
     There are   2 irreducible representations

     Representation     1      1 modes -A_1  L_1  To be done

     Representation     2      2 modes -E    L_3  To be done



     Alpha used in Ewald sum =   0.7000
     PHONON       :     3.04s CPU         3.15s WALL



     Representation #  1 mode #   1

     Self-consistent Calculation

      iter #   1 total cpu time :     3.2 secs   av.it.:   4.2
      thresh= 1.000E-02 alpha_mix =  0.700 |ddv_scf|^2 =  2.094E-02

      iter #   2 total cpu time :     3.3 secs   av.it.:   4.9
      thresh= 1.000E-02 alpha_mix =  0.700 |ddv_scf|^2 =  9.107E-01

      iter #   3 total cpu time :     3.4 secs   av.it.:   4.8
      thresh= 1.000E-02 alpha_mix =  0.700 |ddv_scf|^2 =  5.174E-07

      iter #   4 total cpu time :     3.5 secs   av.it.:   5.2
      thresh= 7.193E-05 alpha_mix =  0.700 |ddv_scf|^2 =  2.406E-09

      iter #   5 total cpu time :     3.6 secs   av.it.:   5.5
      thresh= 4.905E-06 alpha_mix =  0.700 |ddv_scf|^2 =  4.301E-09

      iter #   6 total cpu time :     3.7 secs   av.it.:   4.0
      thresh= 6.558E-06 alpha_mix =  0.700 |ddv_scf|^2 =  6.210E-09

      iter #   7 total cpu time :     3.7 secs   av.it.:   4.1
      thresh= 7.880E-06 alpha_mix =  0.700 |ddv_scf|^2 =  6.977E-13

     End of self-consistent calculation

     Convergence has been achieved 


     Representation #  2 modes #   2  3

     Self-consistent Calculation

      iter #   1 total cpu time :     4.0 secs   av.it.:   3.5
      thresh= 1.000E-02 alpha_mix =  0.700 |ddv_scf|^2 =  3.275E-08

      iter #   2 total cpu time :     4.2 secs   av.it.:   6.0
      thresh= 1.810E-05 alpha_mix =  0.700 |ddv_scf|^2 =  3.070E-09

      iter #   3 total cpu time :     4.3 secs   av.it.:   5.7
      thresh= 5.541E-06 alpha_mix =  0.700 |ddv_scf|^2 =  1.011E-11

     End of self-consistent calculation

     Convergence has been achieved 

     Number of q in the star =    8
     List of q in the star:
          1  -0.250000000   0.250000000  -0.250000000
          2   0.250000000  -0.250000000  -0.250000000
          3   0.250000000  -0.250000000   0.250000000
          4   0.250000000   0.250000000   0.250000000
          5  -0.250000000  -0.250000000  -0.250000000
          6  -0.250000000  -0.250000000   0.250000000
          7  -0.250000000   0.250000000   0.250000000
          8   0.250000000   0.250000000  -0.250000000

     Diagonalizing the dynamical matrix

     q = (   -0.250000000   0.250000000  -0.250000000 ) 

 **************************************************************************
     freq (    1) =       3.512798 [THz] =     117.174316 [cm-1]
     freq (    2) =       3.512798 [THz] =     117.174316 [cm-1]
     freq (    3) =       6.337293 [THz] =     211.389351 [cm-1]
 **************************************************************************

     Mode symmetry, C_3v (3m)   point group:

     freq (  1 -  2) =        117.2  [cm-1]   --> E    L_3           
     freq (  3 -  3) =        211.4  [cm-1]   --> A_1  L_1           
     electron-phonon interaction  ...

     Gaussian Broadening:   0.005 Ry, ngauss=   0
     DOS =  1.339210 states/spin/Ry/Unit Cell at Ef=  8.321793 eV
     lambda(    1)=  0.0023   gamma=    0.04 GHz
     lambda(    2)=  0.0023   gamma=    0.04 GHz
     lambda(    3)=  0.0285   gamma=    1.47 GHz
     Gaussian Broadening:   0.010 Ry, ngauss=   0
     DOS =  1.881761 states/spin/Ry/Unit Cell at Ef=  8.327153 eV
     lambda(    1)=  0.0203   gamma=    0.45 GHz
     lambda(    2)=  0.0208   gamma=    0.46 GHz
     lambda(    3)=  0.2321   gamma=   16.75 GHz
     Gaussian Broadening:   0.015 Ry, ngauss=   0
     DOS =  2.123229 states/spin/Ry/Unit Cell at Ef=  8.328621 eV
     lambda(    1)=  0.0249   gamma=    0.62 GHz
     lambda(    2)=  0.0252   gamma=    0.63 GHz
     lambda(    3)=  0.2281   gamma=   18.57 GHz
     Gaussian Broadening:   0.020 Ry, ngauss=   0
     DOS =  2.249739 states/spin/Ry/Unit Cell at Ef=  8.324319 eV
     lambda(    1)=  0.0284   gamma=    0.75 GHz
     lambda(    2)=  0.0282   gamma=    0.75 GHz
     lambda(    3)=  0.2028   gamma=   17.49 GHz
     Gaussian Broadening:   0.025 Ry, ngauss=   0
     DOS =  2.329803 states/spin/Ry/Unit Cell at Ef=  8.317861 eV
     lambda(    1)=  0.0324   gamma=    0.89 GHz
     lambda(    2)=  0.0322   gamma=    0.88 GHz
     lambda(    3)=  0.1880   gamma=   16.80 GHz
     Gaussian Broadening:   0.030 Ry, ngauss=   0
     DOS =  2.396029 states/spin/Ry/Unit Cell at Ef=  8.311296 eV
     lambda(    1)=  0.0369   gamma=    1.04 GHz
     lambda(    2)=  0.0366   gamma=    1.03 GHz
     lambda(    3)=  0.1840   gamma=   16.91 GHz
     Gaussian Broadening:   0.035 Ry, ngauss=   0
     DOS =  2.455226 states/spin/Ry/Unit Cell at Ef=  8.305262 eV
     lambda(    1)=  0.0413   gamma=    1.19 GHz
     lambda(    2)=  0.0411   gamma=    1.19 GHz
     lambda(    3)=  0.1870   gamma=   17.61 GHz
     Gaussian Broadening:   0.040 Ry, ngauss=   0
     DOS =  2.507873 states/spin/Ry/Unit Cell at Ef=  8.299956 eV
     lambda(    1)=  0.0455   gamma=    1.34 GHz
     lambda(    2)=  0.0452   gamma=    1.34 GHz
     lambda(    3)=  0.1942   gamma=   18.68 GHz
     Gaussian Broadening:   0.045 Ry, ngauss=   0
     DOS =  2.552966 states/spin/Ry/Unit Cell at Ef=  8.295411 eV
     lambda(    1)=  0.0492   gamma=    1.48 GHz
     lambda(    2)=  0.0489   gamma=    1.47 GHz
     lambda(    3)=  0.2034   gamma=   19.92 GHz
     Gaussian Broadening:   0.050 Ry, ngauss=   0
     DOS =  2.589582 states/spin/Ry/Unit Cell at Ef=  8.291553 eV
     lambda(    1)=  0.0526   gamma=    1.60 GHz
     lambda(    2)=  0.0521   gamma=    1.59 GHz
     lambda(    3)=  0.2131   gamma=   21.17 GHz


     Number of q in the star =    8
     List of q in the star:
          1  -0.250000000   0.250000000  -0.250000000
          2   0.250000000  -0.250000000  -0.250000000
          3   0.250000000  -0.250000000   0.250000000
          4   0.250000000   0.250000000   0.250000000
          5  -0.250000000  -0.250000000  -0.250000000
          6  -0.250000000  -0.250000000   0.250000000
          7  -0.250000000   0.250000000   0.250000000
          8   0.250000000   0.250000000  -0.250000000

     Calculation of q =    0.5000000  -0.5000000   0.5000000

     Parallelization info
     --------------------
     sticks:   dense  smooth     PW     G-vecs:    dense   smooth      PW
     Min          60      60     30                  434      434     165
     Max          61      61     31                  435      435     166
     Sum         121     121     61                  869      869     331



     bravais-lattice index     =            2
     lattice parameter (alat)  =       7.5000  a.u.
     unit-cell volume          =     105.4688 (a.u.)^3
     number of atoms/cell      =            1
     number of atomic types    =            1
     number of electrons       =         3.00
     number of Kohn-Sham states=            6
     kinetic-energy cutoff     =      15.0000  Ry
     charge density cutoff     =      60.0000  Ry
     Exchange-correlation      =  SLA  PZ   NOGX NOGC ( 1  1  0  0 0 0)

     celldm(1)=   7.500000  celldm(2)=   0.000000  celldm(3)=   0.000000
     celldm(4)=   0.000000  celldm(5)=   0.000000  celldm(6)=   0.000000

     crystal axes: (cart. coord. in units of alat)
               a(1) = (  -0.500000   0.000000   0.500000 )  
               a(2) = (   0.000000   0.500000   0.500000 )  
               a(3) = (  -0.500000   0.500000   0.000000 )  

     reciprocal axes: (cart. coord. in units 2 pi/alat)
               b(1) = ( -1.000000 -1.000000  1.000000 )  
               b(2) = (  1.000000  1.000000  1.000000 )  
               b(3) = ( -1.000000  1.000000 -1.000000 )  


     PseudoPot. # 1 for Al read from file:
     /home/pietro/trunk/espresso/pseudo/Al.pz-vbc.UPF
     MD5 check sum: 614279c88ff8d45c90147292d03ed420
     Pseudo is Norm-conserving, Zval =  3.0
     Generated by new atomic code, or converted to UPF format
     Using radial grid of  171 points,  2 beta functions with: 
                l(1) =   0
                l(2) =   1

     atomic species   valence    mass     pseudopotential
        Al             3.00    26.98000     Al( 1.00)

     48 Sym. Ops., with inversion, found



   Cartesian axes

     site n.     atom                  positions (alat units)
         1           Al  tau(   1) = (   0.0000000   0.0000000   0.0000000  )

     number of k points=   130  Marzari-Vanderbilt smearing, width (Ry)=  0.0500

     Number of k-points >= 100: set verbosity='high' to print them.

     Dense  grid:      869 G-vectors     FFT dimensions: (  15,  15,  15)

     Estimated max dynamical RAM per process >       0.22Mb

     Estimated total allocated dynamical RAM >       0.43Mb

     The potential is recalculated from file :
     /home/pietro/trunk/espresso/tempdir/_ph0/aluminum.q_3/aluminum.save/charge-density.dat

     Starting wfc are    4 atomic +    2 random wfc

     Band Structure Calculation
     Davidson diagonalization with overlap

     ethr =  3.33E-10,  avg # of iterations = 13.8

     total cpu time spent up to now is        1.9 secs

     End of band structure calculation

     Number of k-points >= 100: set verbosity='high' to print the bands.

     the Fermi energy is     8.1776 ev

     Writing output data file aluminum.save

                                                                                

     bravais-lattice index     =            2
     lattice parameter (alat)  =       7.5000  a.u.
     unit-cell volume          =     105.4688 (a.u.)^3
     number of atoms/cell      =            1
     number of atomic types    =            1
     kinetic-energy cut-off    =      15.0000  Ry
     charge density cut-off    =      60.0000  Ry
     convergence threshold     =      1.0E-10
     beta                      =       0.7000
     number of iterations used =            4
     Exchange-correlation      =  SLA  PZ   NOGX NOGC ( 1  1  0  0 0 0)


     celldm(1)=    7.50000  celldm(2)=    0.00000  celldm(3)=    0.00000
     celldm(4)=    0.00000  celldm(5)=    0.00000  celldm(6)=    0.00000

     crystal axes: (cart. coord. in units of alat)
               a(1) = ( -0.5000  0.0000  0.5000 )  
               a(2) = (  0.0000  0.5000  0.5000 )  
               a(3) = ( -0.5000  0.5000  0.0000 )  

     reciprocal axes: (cart. coord. in units 2 pi/alat)
               b(1) = ( -1.0000 -1.0000  1.0000 )  
               b(2) = (  1.0000  1.0000  1.0000 )  
               b(3) = ( -1.0000  1.0000 -1.0000 )  


     Atoms inside the unit cell: 

     Cartesian axes

     site n.  atom      mass           positions (alat units)
        1     Al  26.9800   tau(    1) = (    0.00000    0.00000    0.00000  )

     Computing dynamical matrix for 
                    q = (   0.5000000  -0.5000000   0.5000000 )

     13 Sym.Ops. (with q -> -q+G )


     G cutoff =   85.4897  (    435 G-vectors)     FFT grid: ( 15, 15, 15)

     number of k points=   130  Marzari-Vanderbilt smearing, width (Ry)=  0.0500

     PseudoPot. # 1 for Al read from file:
     /home/pietro/trunk/espresso/pseudo/Al.pz-vbc.UPF
     MD5 check sum: 614279c88ff8d45c90147292d03ed420
     Pseudo is Norm-conserving, Zval =  3.0
     Generated by new atomic code, or converted to UPF format
     Using radial grid of  171 points,  2 beta functions with: 
                l(1) =   0
                l(2) =   1

     Mode symmetry, D_3d (-3m)  point group:


     Atomic displacements:
     There are   2 irreducible representations

     Representation     1      1 modes -A_2u L_2'  To be done

     Representation     2      2 modes -E_u  L_3'  To be done



     Alpha used in Ewald sum =   0.7000
     PHONON       :     5.85s CPU         6.13s WALL



     Representation #  1 mode #   1

     Self-consistent Calculation

      iter #   1 total cpu time :     6.2 secs   av.it.:   4.4
      thresh= 1.000E-02 alpha_mix =  0.700 |ddv_scf|^2 =  2.394E-04

      iter #   2 total cpu time :     6.2 secs   av.it.:   5.5
      thresh= 1.547E-03 alpha_mix =  0.700 |ddv_scf|^2 =  2.812E-04

      iter #   3 total cpu time :     6.3 secs   av.it.:   5.0
      thresh= 1.677E-03 alpha_mix =  0.700 |ddv_scf|^2 =  6.328E-09

      iter #   4 total cpu time :     6.3 secs   av.it.:   5.5
      thresh= 7.955E-06 alpha_mix =  0.700 |ddv_scf|^2 =  2.941E-10

      iter #   5 total cpu time :     6.4 secs   av.it.:   5.1
      thresh= 1.715E-06 alpha_mix =  0.700 |ddv_scf|^2 =  7.496E-14

     End of self-consistent calculation

     Convergence has been achieved 


     Representation #  2 modes #   2  3

     Self-consistent Calculation

      iter #   1 total cpu time :     6.5 secs   av.it.:   3.3
      thresh= 1.000E-02 alpha_mix =  0.700 |ddv_scf|^2 =  3.601E-08

      iter #   2 total cpu time :     6.6 secs   av.it.:   5.8
      thresh= 1.898E-05 alpha_mix =  0.700 |ddv_scf|^2 =  3.165E-09

      iter #   3 total cpu time :     6.7 secs   av.it.:   5.5
      thresh= 5.626E-06 alpha_mix =  0.700 |ddv_scf|^2 =  1.781E-11

     End of self-consistent calculation

     Convergence has been achieved 

     Number of q in the star =    4
     List of q in the star:
          1   0.500000000  -0.500000000   0.500000000
          2   0.500000000   0.500000000   0.500000000
          3  -0.500000000   0.500000000   0.500000000
          4   0.500000000   0.500000000  -0.500000000

     Diagonalizing the dynamical matrix

     q = (    0.500000000  -0.500000000   0.500000000 ) 

 **************************************************************************
     freq (    1) =       4.438899 [THz] =     148.065743 [cm-1]
     freq (    2) =       4.438899 [THz] =     148.065743 [cm-1]
     freq (    3) =       9.422585 [THz] =     314.303588 [cm-1]
 **************************************************************************

     Mode symmetry, D_3d (-3m)  point group:

     freq (  1 -  2) =        148.1  [cm-1]   --> E_u  L_3'          
     freq (  3 -  3) =        314.3  [cm-1]   --> A_2u L_2'          
     electron-phonon interaction  ...

     Gaussian Broadening:   0.005 Ry, ngauss=   0
     DOS =  1.339210 states/spin/Ry/Unit Cell at Ef=  8.321793 eV
     lambda(    1)=  0.0000   gamma=    0.00 GHz
     lambda(    2)=  0.0000   gamma=    0.00 GHz
     lambda(    3)=  0.0000   gamma=    0.00 GHz
     Gaussian Broadening:   0.010 Ry, ngauss=   0
     DOS =  1.881761 states/spin/Ry/Unit Cell at Ef=  8.327153 eV
     lambda(    1)=  0.0292   gamma=    1.03 GHz
     lambda(    2)=  0.0265   gamma=    0.94 GHz
     lambda(    3)=  0.0389   gamma=    6.21 GHz
     Gaussian Broadening:   0.015 Ry, ngauss=   0
     DOS =  2.123229 states/spin/Ry/Unit Cell at Ef=  8.328621 eV
     lambda(    1)=  0.0673   gamma=    2.69 GHz
     lambda(    2)=  0.0616   gamma=    2.46 GHz
     lambda(    3)=  0.0983   gamma=   17.70 GHz
     Gaussian Broadening:   0.020 Ry, ngauss=   0
     DOS =  2.249739 states/spin/Ry/Unit Cell at Ef=  8.324319 eV
     lambda(    1)=  0.0785   gamma=    3.32 GHz
     lambda(    2)=  0.0730   gamma=    3.09 GHz
     lambda(    3)=  0.1236   gamma=   23.57 GHz
     Gaussian Broadening:   0.025 Ry, ngauss=   0
     DOS =  2.329803 states/spin/Ry/Unit Cell at Ef=  8.317861 eV
     lambda(    1)=  0.0833   gamma=    3.65 GHz
     lambda(    2)=  0.0793   gamma=    3.48 GHz
     lambda(    3)=  0.1379   gamma=   27.23 GHz
     Gaussian Broadening:   0.030 Ry, ngauss=   0
     DOS =  2.396029 states/spin/Ry/Unit Cell at Ef=  8.311296 eV
     lambda(    1)=  0.0861   gamma=    3.88 GHz
     lambda(    2)=  0.0838   gamma=    3.78 GHz
     lambda(    3)=  0.1461   gamma=   29.67 GHz
     Gaussian Broadening:   0.035 Ry, ngauss=   0
     DOS =  2.455226 states/spin/Ry/Unit Cell at Ef=  8.305262 eV
     lambda(    1)=  0.0878   gamma=    4.05 GHz
     lambda(    2)=  0.0869   gamma=    4.02 GHz
     lambda(    3)=  0.1505   gamma=   31.33 GHz
     Gaussian Broadening:   0.040 Ry, ngauss=   0
     DOS =  2.507873 states/spin/Ry/Unit Cell at Ef=  8.299956 eV
     lambda(    1)=  0.0891   gamma=    4.20 GHz
     lambda(    2)=  0.0894   gamma=    4.22 GHz
     lambda(    3)=  0.1534   gamma=   32.62 GHz
     Gaussian Broadening:   0.045 Ry, ngauss=   0
     DOS =  2.552966 states/spin/Ry/Unit Cell at Ef=  8.295411 eV
     lambda(    1)=  0.0901   gamma=    4.33 GHz
     lambda(    2)=  0.0913   gamma=    4.38 GHz
     lambda(    3)=  0.1556   gamma=   33.69 GHz
     Gaussian Broadening:   0.050 Ry, ngauss=   0
     DOS =  2.589582 states/spin/Ry/Unit Cell at Ef=  8.291553 eV
     lambda(    1)=  0.0908   gamma=    4.42 GHz
     lambda(    2)=  0.0926   gamma=    4.51 GHz
     lambda(    3)=  0.1574   gamma=   34.56 GHz


     Number of q in the star =    4
     List of q in the star:
          1   0.500000000  -0.500000000   0.500000000
          2   0.500000000   0.500000000   0.500000000
          3  -0.500000000   0.500000000   0.500000000
          4   0.500000000   0.500000000  -0.500000000

     Calculation of q =    0.0000000   0.5000000   0.0000000

     Parallelization info
     --------------------
     sticks:   dense  smooth     PW     G-vecs:    dense   smooth      PW
     Min          60      60     27                  434      434     129
     Max          61      61     28                  435      435     130
     Sum         121     121     55                  869      869     259



     bravais-lattice index     =            2
     lattice parameter (alat)  =       7.5000  a.u.
     unit-cell volume          =     105.4688 (a.u.)^3
     number of atoms/cell      =            1
     number of atomic types    =            1
     number of electrons       =         3.00
     number of Kohn-Sham states=            6
     kinetic-energy cutoff     =      15.0000  Ry
     charge density cutoff     =      60.0000  Ry
     Exchange-correlation      =  SLA  PZ   NOGX NOGC ( 1  1  0  0 0 0)

     celldm(1)=   7.500000  celldm(2)=   0.000000  celldm(3)=   0.000000
     celldm(4)=   0.000000  celldm(5)=   0.000000  celldm(6)=   0.000000

     crystal axes: (cart. coord. in units of alat)
               a(1) = (  -0.500000   0.000000   0.500000 )  
               a(2) = (   0.000000   0.500000   0.500000 )  
               a(3) = (  -0.500000   0.500000   0.000000 )  

     reciprocal axes: (cart. coord. in units 2 pi/alat)
               b(1) = ( -1.000000 -1.000000  1.000000 )  
               b(2) = (  1.000000  1.000000  1.000000 )  
               b(3) = ( -1.000000  1.000000 -1.000000 )  


     PseudoPot. # 1 for Al read from file:
     /home/pietro/trunk/espresso/pseudo/Al.pz-vbc.UPF
     MD5 check sum: 614279c88ff8d45c90147292d03ed420
     Pseudo is Norm-conserving, Zval =  3.0
     Generated by new atomic code, or converted to UPF format
     Using radial grid of  171 points,  2 beta functions with: 
                l(1) =   0
                l(2) =   1

     atomic species   valence    mass     pseudopotential
        Al             3.00    26.98000     Al( 1.00)

     48 Sym. Ops., with inversion, found



   Cartesian axes

     site n.     atom                  positions (alat units)
         1           Al  tau(   1) = (   0.0000000   0.0000000   0.0000000  )

     number of k points=   200  Marzari-Vanderbilt smearing, width (Ry)=  0.0500

     Number of k-points >= 100: set verbosity='high' to print them.

     Dense  grid:      869 G-vectors     FFT dimensions: (  15,  15,  15)

     Estimated max dynamical RAM per process >       0.22Mb

     Estimated total allocated dynamical RAM >       0.43Mb

     The potential is recalculated from file :
     /home/pietro/trunk/espresso/tempdir/_ph0/aluminum.q_4/aluminum.save/charge-density.dat

     Starting wfc are    4 atomic +    2 random wfc

     Band Structure Calculation
     Davidson diagonalization with overlap

     ethr =  3.33E-10,  avg # of iterations = 13.3

     total cpu time spent up to now is        3.0 secs

     End of band structure calculation

     Number of k-points >= 100: set verbosity='high' to print the bands.

     the Fermi energy is     8.1776 ev

     Writing output data file aluminum.save

                                                                                

     bravais-lattice index     =            2
     lattice parameter (alat)  =       7.5000  a.u.
     unit-cell volume          =     105.4688 (a.u.)^3
     number of atoms/cell      =            1
     number of atomic types    =            1
     kinetic-energy cut-off    =      15.0000  Ry
     charge density cut-off    =      60.0000  Ry
     convergence threshold     =      1.0E-10
     beta                      =       0.7000
     number of iterations used =            4
     Exchange-correlation      =  SLA  PZ   NOGX NOGC ( 1  1  0  0 0 0)


     celldm(1)=    7.50000  celldm(2)=    0.00000  celldm(3)=    0.00000
     celldm(4)=    0.00000  celldm(5)=    0.00000  celldm(6)=    0.00000

     crystal axes: (cart. coord. in units of alat)
               a(1) = ( -0.5000  0.0000  0.5000 )  
               a(2) = (  0.0000  0.5000  0.5000 )  
               a(3) = ( -0.5000  0.5000  0.0000 )  

     reciprocal axes: (cart. coord. in units 2 pi/alat)
               b(1) = ( -1.0000 -1.0000  1.0000 )  
               b(2) = (  1.0000  1.0000  1.0000 )  
               b(3) = ( -1.0000  1.0000 -1.0000 )  


     Atoms inside the unit cell: 

     Cartesian axes

     site n.  atom      mass           positions (alat units)
        1     Al  26.9800   tau(    1) = (    0.00000    0.00000    0.00000  )

     Computing dynamical matrix for 
                    q = (   0.0000000   0.5000000   0.0000000 )

      8 Sym.Ops. (no q -> -q+G )


     G cutoff =   85.4897  (    435 G-vectors)     FFT grid: ( 15, 15, 15)

     number of k points=   200  Marzari-Vanderbilt smearing, width (Ry)=  0.0500

     PseudoPot. # 1 for Al read from file:
     /home/pietro/trunk/espresso/pseudo/Al.pz-vbc.UPF
     MD5 check sum: 614279c88ff8d45c90147292d03ed420
     Pseudo is Norm-conserving, Zval =  3.0
     Generated by new atomic code, or converted to UPF format
     Using radial grid of  171 points,  2 beta functions with: 
                l(1) =   0
                l(2) =   1

     Mode symmetry, C_4v (4mm)  point group:


     Atomic displacements:
     There are   2 irreducible representations

     Representation     1      1 modes -A_1  G_1 D_1  To be done

     Representation     2      2 modes -E    G_5 D_5  To be done



     Alpha used in Ewald sum =   0.7000
     PHONON       :     8.42s CPU         8.82s WALL



     Representation #  1 mode #   1

     Self-consistent Calculation

      iter #   1 total cpu time :     8.9 secs   av.it.:   3.9
      thresh= 1.000E-02 alpha_mix =  0.700 |ddv_scf|^2 =  8.373E-03

      iter #   2 total cpu time :     9.0 secs   av.it.:   4.5
      thresh= 9.151E-03 alpha_mix =  0.700 |ddv_scf|^2 =  1.998E-01

      iter #   3 total cpu time :     9.0 secs   av.it.:   4.4
      thresh= 1.000E-02 alpha_mix =  0.700 |ddv_scf|^2 =  5.924E-08

      iter #   4 total cpu time :     9.1 secs   av.it.:   5.5
      thresh= 2.434E-05 alpha_mix =  0.700 |ddv_scf|^2 =  2.216E-09

      iter #   5 total cpu time :     9.2 secs   av.it.:   5.0
      thresh= 4.708E-06 alpha_mix =  0.700 |ddv_scf|^2 =  1.719E-10

      iter #   6 total cpu time :     9.2 secs   av.it.:   4.3
      thresh= 1.311E-06 alpha_mix =  0.700 |ddv_scf|^2 =  5.990E-12

     End of self-consistent calculation

     Convergence has been achieved 


     Representation #  2 modes #   2  3

     Self-consistent Calculation

      iter #   1 total cpu time :     9.5 secs   av.it.:   3.4
      thresh= 1.000E-02 alpha_mix =  0.700 |ddv_scf|^2 =  8.930E-08

      iter #   2 total cpu time :     9.6 secs   av.it.:   6.1
      thresh= 2.988E-05 alpha_mix =  0.700 |ddv_scf|^2 =  3.127E-09

      iter #   3 total cpu time :     9.8 secs   av.it.:   5.6
      thresh= 5.592E-06 alpha_mix =  0.700 |ddv_scf|^2 =  1.752E-10

      iter #   4 total cpu time :     9.9 secs   av.it.:   5.4
      thresh= 1.324E-06 alpha_mix =  0.700 |ddv_scf|^2 =  1.766E-14

     End of self-consistent calculation

     Convergence has been achieved 

     Number of q in the star =    6
     List of q in the star:
          1   0.000000000   0.500000000   0.000000000
          2   0.000000000  -0.500000000   0.000000000
          3   0.500000000   0.000000000   0.000000000
          4   0.000000000   0.000000000   0.500000000
          5   0.000000000   0.000000000  -0.500000000
          6  -0.500000000   0.000000000   0.000000000

     Diagonalizing the dynamical matrix

     q = (    0.000000000   0.500000000   0.000000000 ) 

 **************************************************************************
     freq (    1) =       4.200462 [THz] =     140.112335 [cm-1]
     freq (    2) =       4.200462 [THz] =     140.112335 [cm-1]
     freq (    3) =       6.478678 [THz] =     216.105438 [cm-1]
 **************************************************************************

     Mode symmetry, C_4v (4mm)  point group:

     freq (  1 -  2) =        140.1  [cm-1]   --> E    G_5 D_5       
     freq (  3 -  3) =        216.1  [cm-1]   --> A_1  G_1 D_1       
     electron-phonon interaction  ...

     Gaussian Broadening:   0.005 Ry, ngauss=   0
     DOS =  1.339210 states/spin/Ry/Unit Cell at Ef=  8.321793 eV
     lambda(    1)=  0.0004   gamma=    0.01 GHz
     lambda(    2)=  0.0003   gamma=    0.01 GHz
     lambda(    3)=  0.0021   gamma=    0.11 GHz
     Gaussian Broadening:   0.010 Ry, ngauss=   0
     DOS =  1.881761 states/spin/Ry/Unit Cell at Ef=  8.327153 eV
     lambda(    1)=  0.0604   gamma=    1.91 GHz
     lambda(    2)=  0.0570   gamma=    1.81 GHz
     lambda(    3)=  0.0629   gamma=    4.75 GHz
     Gaussian Broadening:   0.015 Ry, ngauss=   0
     DOS =  2.123229 states/spin/Ry/Unit Cell at Ef=  8.328621 eV
     lambda(    1)=  0.1044   gamma=    3.73 GHz
     lambda(    2)=  0.0992   gamma=    3.55 GHz
     lambda(    3)=  0.0925   gamma=    7.87 GHz
     Gaussian Broadening:   0.020 Ry, ngauss=   0
     DOS =  2.249739 states/spin/Ry/Unit Cell at Ef=  8.324319 eV
     lambda(    1)=  0.1129   gamma=    4.28 GHz
     lambda(    2)=  0.1077   gamma=    4.08 GHz
     lambda(    3)=  0.1144   gamma=   10.31 GHz
     Gaussian Broadening:   0.025 Ry, ngauss=   0
     DOS =  2.329803 states/spin/Ry/Unit Cell at Ef=  8.317861 eV
     lambda(    1)=  0.1166   gamma=    4.58 GHz
     lambda(    2)=  0.1117   gamma=    4.38 GHz
     lambda(    3)=  0.1459   gamma=   13.62 GHz
     Gaussian Broadening:   0.030 Ry, ngauss=   0
     DOS =  2.396029 states/spin/Ry/Unit Cell at Ef=  8.311296 eV
     lambda(    1)=  0.1222   gamma=    4.93 GHz
     lambda(    2)=  0.1177   gamma=    4.75 GHz
     lambda(    3)=  0.1767   gamma=   16.97 GHz
     Gaussian Broadening:   0.035 Ry, ngauss=   0
     DOS =  2.455226 states/spin/Ry/Unit Cell at Ef=  8.305262 eV
     lambda(    1)=  0.1294   gamma=    5.35 GHz
     lambda(    2)=  0.1254   gamma=    5.19 GHz
     lambda(    3)=  0.2014   gamma=   19.82 GHz
     Gaussian Broadening:   0.040 Ry, ngauss=   0
     DOS =  2.507873 states/spin/Ry/Unit Cell at Ef=  8.299956 eV
     lambda(    1)=  0.1368   gamma=    5.78 GHz
     lambda(    2)=  0.1334   gamma=    5.64 GHz
     lambda(    3)=  0.2203   gamma=   22.14 GHz
     Gaussian Broadening:   0.045 Ry, ngauss=   0
     DOS =  2.552966 states/spin/Ry/Unit Cell at Ef=  8.295411 eV
     lambda(    1)=  0.1437   gamma=    6.18 GHz
     lambda(    2)=  0.1407   gamma=    6.05 GHz
     lambda(    3)=  0.2347   gamma=   24.01 GHz
     Gaussian Broadening:   0.050 Ry, ngauss=   0
     DOS =  2.589582 states/spin/Ry/Unit Cell at Ef=  8.291553 eV
     lambda(    1)=  0.1493   gamma=    6.52 GHz
     lambda(    2)=  0.1468   gamma=    6.40 GHz
     lambda(    3)=  0.2457   gamma=   25.51 GHz


     Number of q in the star =    6
     List of q in the star:
          1   0.000000000   0.500000000   0.000000000
          2   0.000000000  -0.500000000   0.000000000
          3   0.500000000   0.000000000   0.000000000
          4   0.000000000   0.000000000   0.500000000
          5   0.000000000   0.000000000  -0.500000000
          6  -0.500000000   0.000000000   0.000000000

     Calculation of q =    0.7500000  -0.2500000   0.7500000

     Parallelization info
     --------------------
     sticks:   dense  smooth     PW     G-vecs:    dense   smooth      PW
     Min          60      60     30                  434      434     168
     Max          61      61     31                  435      435     171
     Sum         121     121     61                  869      869     339



     bravais-lattice index     =            2
     lattice parameter (alat)  =       7.5000  a.u.
     unit-cell volume          =     105.4688 (a.u.)^3
     number of atoms/cell      =            1
     number of atomic types    =            1
     number of electrons       =         3.00
     number of Kohn-Sham states=            6
     kinetic-energy cutoff     =      15.0000  Ry
     charge density cutoff     =      60.0000  Ry
     Exchange-correlation      =  SLA  PZ   NOGX NOGC ( 1  1  0  0 0 0)

     celldm(1)=   7.500000  celldm(2)=   0.000000  celldm(3)=   0.000000
     celldm(4)=   0.000000  celldm(5)=   0.000000  celldm(6)=   0.000000

     crystal axes: (cart. coord. in units of alat)
               a(1) = (  -0.500000   0.000000   0.500000 )  
               a(2) = (   0.000000   0.500000   0.500000 )  
               a(3) = (  -0.500000   0.500000   0.000000 )  

     reciprocal axes: (cart. coord. in units 2 pi/alat)
               b(1) = ( -1.000000 -1.000000  1.000000 )  
               b(2) = (  1.000000  1.000000  1.000000 )  
               b(3) = ( -1.000000  1.000000 -1.000000 )  


     PseudoPot. # 1 for Al read from file:
     /home/pietro/trunk/espresso/pseudo/Al.pz-vbc.UPF
     MD5 check sum: 614279c88ff8d45c90147292d03ed420
     Pseudo is Norm-conserving, Zval =  3.0
     Generated by new atomic code, or converted to UPF format
     Using radial grid of  171 points,  2 beta functions with: 
                l(1) =   0
                l(2) =   1

     atomic species   valence    mass     pseudopotential
        Al             3.00    26.98000     Al( 1.00)

     48 Sym. Ops., with inversion, found



   Cartesian axes

     site n.     atom                  positions (alat units)
         1           Al  tau(   1) = (   0.0000000   0.0000000   0.0000000  )

     number of k points=   576  Marzari-Vanderbilt smearing, width (Ry)=  0.0500

     Number of k-points >= 100: set verbosity='high' to print them.

     Dense  grid:      869 G-vectors     FFT dimensions: (  15,  15,  15)

     Estimated max dynamical RAM per process >       0.22Mb

     Estimated total allocated dynamical RAM >       0.43Mb

     The potential is recalculated from file :
     /home/pietro/trunk/espresso/tempdir/_ph0/aluminum.q_5/aluminum.save/charge-density.dat

     Starting wfc are    4 atomic +    2 random wfc

     Band Structure Calculation
     Davidson diagonalization with overlap

     ethr =  3.33E-10,  avg # of iterations = 13.5

     total cpu time spent up to now is        5.8 secs

     End of band structure calculation

     Number of k-points >= 100: set verbosity='high' to print the bands.

     the Fermi energy is     8.1776 ev

     Writing output data file aluminum.save

                                                                                

     bravais-lattice index     =            2
     lattice parameter (alat)  =       7.5000  a.u.
     unit-cell volume          =     105.4688 (a.u.)^3
     number of atoms/cell      =            1
     number of atomic types    =            1
     kinetic-energy cut-off    =      15.0000  Ry
     charge density cut-off    =      60.0000  Ry
     convergence threshold     =      1.0E-10
     beta                      =       0.7000
     number of iterations used =            4
     Exchange-correlation      =  SLA  PZ   NOGX NOGC ( 1  1  0  0 0 0)


     celldm(1)=    7.50000  celldm(2)=    0.00000  celldm(3)=    0.00000
     celldm(4)=    0.00000  celldm(5)=    0.00000  celldm(6)=    0.00000

     crystal axes: (cart. coord. in units of alat)
               a(1) = ( -0.5000  0.0000  0.5000 )  
               a(2) = (  0.0000  0.5000  0.5000 )  
               a(3) = ( -0.5000  0.5000  0.0000 )  

     reciprocal axes: (cart. coord. in units 2 pi/alat)
               b(1) = ( -1.0000 -1.0000  1.0000 )  
               b(2) = (  1.0000  1.0000  1.0000 )  
               b(3) = ( -1.0000  1.0000 -1.0000 )  


     Atoms inside the unit cell: 

     Cartesian axes

     site n.  atom      mass           positions (alat units)
        1     Al  26.9800   tau(    1) = (    0.00000    0.00000    0.00000  )

     Computing dynamical matrix for 
                    q = (   0.7500000  -0.2500000   0.7500000 )

      2 Sym.Ops. (no q -> -q+G )


     G cutoff =   85.4897  (    435 G-vectors)     FFT grid: ( 15, 15, 15)

     number of k points=   576  Marzari-Vanderbilt smearing, width (Ry)=  0.0500

     PseudoPot. # 1 for Al read from file:
     /home/pietro/trunk/espresso/pseudo/Al.pz-vbc.UPF
     MD5 check sum: 614279c88ff8d45c90147292d03ed420
     Pseudo is Norm-conserving, Zval =  3.0
     Generated by new atomic code, or converted to UPF format
     Using radial grid of  171 points,  2 beta functions with: 
                l(1) =   0
                l(2) =   1

     Mode symmetry, C_s (m)     point group:


     Atomic displacements:
     There are   3 irreducible representations

     Representation     1      1 modes -A'  To be done

     Representation     2      1 modes -A'  To be done

     Representation     3      1 modes -A''  To be done



     Alpha used in Ewald sum =   0.7000
     PHONON       :    13.38s CPU        14.06s WALL



     Representation #  1 mode #   1

     Self-consistent Calculation

      iter #   1 total cpu time :    14.3 secs   av.it.:   4.1
      thresh= 1.000E-02 alpha_mix =  0.700 |ddv_scf|^2 =  1.561E-04

      iter #   2 total cpu time :    14.5 secs   av.it.:   5.4
      thresh= 1.250E-03 alpha_mix =  0.700 |ddv_scf|^2 =  2.316E-04

      iter #   3 total cpu time :    14.7 secs   av.it.:   4.7
      thresh= 1.522E-03 alpha_mix =  0.700 |ddv_scf|^2 =  1.117E-07

      iter #   4 total cpu time :    14.9 secs   av.it.:   5.7
      thresh= 3.342E-05 alpha_mix =  0.700 |ddv_scf|^2 =  2.666E-09

      iter #   5 total cpu time :    15.1 secs   av.it.:   5.6
      thresh= 5.164E-06 alpha_mix =  0.700 |ddv_scf|^2 =  1.506E-10

      iter #   6 total cpu time :    15.3 secs   av.it.:   5.6
      thresh= 1.227E-06 alpha_mix =  0.700 |ddv_scf|^2 =  2.697E-12

     End of self-consistent calculation

     Convergence has been achieved 


     Representation #  2 mode #   2

     Self-consistent Calculation

      iter #   1 total cpu time :    15.8 secs   av.it.:   4.0
      thresh= 1.000E-02 alpha_mix =  0.700 |ddv_scf|^2 =  3.261E-05

      iter #   2 total cpu time :    16.0 secs   av.it.:   5.7
      thresh= 5.711E-04 alpha_mix =  0.700 |ddv_scf|^2 =  3.557E-05

      iter #   3 total cpu time :    16.2 secs   av.it.:   5.0
      thresh= 5.964E-04 alpha_mix =  0.700 |ddv_scf|^2 =  4.598E-07

      iter #   4 total cpu time :    16.4 secs   av.it.:   5.4
      thresh= 6.781E-05 alpha_mix =  0.700 |ddv_scf|^2 =  1.986E-09

      iter #   5 total cpu time :    16.6 secs   av.it.:   5.6
      thresh= 4.456E-06 alpha_mix =  0.700 |ddv_scf|^2 =  8.533E-11

     End of self-consistent calculation

     Convergence has been achieved 


     Representation #  3 mode #   3

     Self-consistent Calculation

      iter #   1 total cpu time :    17.0 secs   av.it.:   3.3
      thresh= 1.000E-02 alpha_mix =  0.700 |ddv_scf|^2 =  4.876E-07

      iter #   2 total cpu time :    17.2 secs   av.it.:   5.4
      thresh= 6.982E-05 alpha_mix =  0.700 |ddv_scf|^2 =  1.225E-08

      iter #   3 total cpu time :    17.4 secs   av.it.:   4.8
      thresh= 1.107E-05 alpha_mix =  0.700 |ddv_scf|^2 =  9.339E-10

      iter #   4 total cpu time :    17.6 secs   av.it.:   4.9
      thresh= 3.056E-06 alpha_mix =  0.700 |ddv_scf|^2 =  8.369E-14

     End of self-consistent calculation

     Convergence has been achieved 

     Number of q in the star =   24
     List of q in the star:
          1   0.750000000  -0.250000000   0.750000000
          2   0.750000000  -0.250000000  -0.750000000
          3  -0.750000000  -0.250000000  -0.750000000
          4  -0.750000000  -0.250000000   0.750000000
          5  -0.750000000   0.250000000  -0.750000000
          6  -0.250000000   0.750000000  -0.750000000
          7  -0.750000000   0.750000000  -0.250000000
          8   0.750000000   0.250000000   0.750000000
          9  -0.750000000   0.250000000   0.750000000
         10   0.750000000   0.250000000  -0.750000000
         11  -0.750000000   0.750000000   0.250000000
         12  -0.250000000   0.750000000   0.750000000
         13   0.250000000   0.750000000  -0.750000000
         14  -0.250000000  -0.750000000  -0.750000000
         15   0.750000000   0.750000000  -0.250000000
         16   0.750000000  -0.750000000   0.250000000
         17  -0.750000000  -0.750000000  -0.250000000
         18   0.250000000  -0.750000000   0.750000000
         19  -0.750000000  -0.750000000   0.250000000
         20   0.250000000   0.750000000   0.750000000
         21  -0.250000000  -0.750000000   0.750000000
         22   0.750000000   0.750000000   0.250000000
         23   0.250000000  -0.750000000  -0.750000000
         24   0.750000000  -0.750000000  -0.250000000

     Diagonalizing the dynamical matrix

     q = (    0.750000000  -0.250000000   0.750000000 ) 

 **************************************************************************
     freq (    1) =       5.392356 [THz] =     179.869621 [cm-1]
     freq (    2) =       6.727283 [THz] =     224.397994 [cm-1]
     freq (    3) =       8.791250 [THz] =     293.244521 [cm-1]
 **************************************************************************

     Mode symmetry, C_s (m)     point group:

     freq (  1 -  1) =        179.9  [cm-1]   --> A''                
     freq (  2 -  2) =        224.4  [cm-1]   --> A'                 
     freq (  3 -  3) =        293.2  [cm-1]   --> A'                 
     electron-phonon interaction  ...

     Gaussian Broadening:   0.005 Ry, ngauss=   0
     DOS =  1.339210 states/spin/Ry/Unit Cell at Ef=  8.321793 eV
     lambda(    1)=  0.0085   gamma=    0.32 GHz
     lambda(    2)=  0.0210   gamma=    1.22 GHz
     lambda(    3)=  0.0282   gamma=    2.79 GHz
     Gaussian Broadening:   0.010 Ry, ngauss=   0
     DOS =  1.881761 states/spin/Ry/Unit Cell at Ef=  8.327153 eV
     lambda(    1)=  0.0619   gamma=    3.23 GHz
     lambda(    2)=  0.1351   gamma=   10.98 GHz
     lambda(    3)=  0.2006   gamma=   27.86 GHz
     Gaussian Broadening:   0.015 Ry, ngauss=   0
     DOS =  2.123229 states/spin/Ry/Unit Cell at Ef=  8.328621 eV
     lambda(    1)=  0.0788   gamma=    4.65 GHz
     lambda(    2)=  0.1336   gamma=   12.26 GHz
     lambda(    3)=  0.2247   gamma=   35.22 GHz
     Gaussian Broadening:   0.020 Ry, ngauss=   0
     DOS =  2.249739 states/spin/Ry/Unit Cell at Ef=  8.324319 eV
     lambda(    1)=  0.0853   gamma=    5.33 GHz
     lambda(    2)=  0.1173   gamma=   11.41 GHz
     lambda(    3)=  0.2239   gamma=   37.17 GHz
     Gaussian Broadening:   0.025 Ry, ngauss=   0
     DOS =  2.329803 states/spin/Ry/Unit Cell at Ef=  8.317861 eV
     lambda(    1)=  0.0862   gamma=    5.58 GHz
     lambda(    2)=  0.1052   gamma=   10.59 GHz
     lambda(    3)=  0.2153   gamma=   37.02 GHz
     Gaussian Broadening:   0.030 Ry, ngauss=   0
     DOS =  2.396029 states/spin/Ry/Unit Cell at Ef=  8.311296 eV
     lambda(    1)=  0.0865   gamma=    5.76 GHz
     lambda(    2)=  0.0985   gamma=   10.20 GHz
     lambda(    3)=  0.2073   gamma=   36.66 GHz
     Gaussian Broadening:   0.035 Ry, ngauss=   0
     DOS =  2.455226 states/spin/Ry/Unit Cell at Ef=  8.305262 eV
     lambda(    1)=  0.0874   gamma=    5.96 GHz
     lambda(    2)=  0.0958   gamma=   10.16 GHz
     lambda(    3)=  0.2023   gamma=   36.67 GHz
     Gaussian Broadening:   0.040 Ry, ngauss=   0
     DOS =  2.507873 states/spin/Ry/Unit Cell at Ef=  8.299956 eV
     lambda(    1)=  0.0888   gamma=    6.19 GHz
     lambda(    2)=  0.0954   gamma=   10.34 GHz
     lambda(    3)=  0.2001   gamma=   37.03 GHz
     Gaussian Broadening:   0.045 Ry, ngauss=   0
     DOS =  2.552966 states/spin/Ry/Unit Cell at Ef=  8.295411 eV
     lambda(    1)=  0.0904   gamma=    6.41 GHz
     lambda(    2)=  0.0964   gamma=   10.64 GHz
     lambda(    3)=  0.1997   gamma=   37.63 GHz
     Gaussian Broadening:   0.050 Ry, ngauss=   0
     DOS =  2.589582 states/spin/Ry/Unit Cell at Ef=  8.291553 eV
     lambda(    1)=  0.0918   gamma=    6.60 GHz
     lambda(    2)=  0.0979   gamma=   10.96 GHz
     lambda(    3)=  0.2004   gamma=   38.29 GHz


     Number of q in the star =   24
     List of q in the star:
          1   0.750000000  -0.250000000   0.750000000
          2   0.750000000  -0.250000000  -0.750000000
          3  -0.750000000  -0.250000000  -0.750000000
          4  -0.750000000  -0.250000000   0.750000000
          5  -0.750000000   0.250000000  -0.750000000
          6  -0.250000000   0.750000000  -0.750000000
          7  -0.750000000   0.750000000  -0.250000000
          8   0.750000000   0.250000000   0.750000000
          9  -0.750000000   0.250000000   0.750000000
         10   0.750000000   0.250000000  -0.750000000
         11  -0.750000000   0.750000000   0.250000000
         12  -0.250000000   0.750000000   0.750000000
         13   0.250000000   0.750000000  -0.750000000
         14  -0.250000000  -0.750000000  -0.750000000
         15   0.750000000   0.750000000  -0.250000000
         16   0.750000000  -0.750000000   0.250000000
         17  -0.750000000  -0.750000000  -0.250000000
         18   0.250000000  -0.750000000   0.750000000
         19  -0.750000000  -0.750000000   0.250000000
         20   0.250000000   0.750000000   0.750000000
         21  -0.250000000  -0.750000000   0.750000000
         22   0.750000000   0.750000000   0.250000000
         23   0.250000000  -0.750000000  -0.750000000
         24   0.750000000  -0.750000000  -0.250000000

     Calculation of q =    0.5000000   0.0000000   0.5000000

     Parallelization info
     --------------------
     sticks:   dense  smooth     PW     G-vecs:    dense   smooth      PW
     Min          60      60     30                  434      434     153
     Max          61      61     31                  435      435     154
     Sum         121     121     61                  869      869     307



     bravais-lattice index     =            2
     lattice parameter (alat)  =       7.5000  a.u.
     unit-cell volume          =     105.4688 (a.u.)^3
     number of atoms/cell      =            1
     number of atomic types    =            1
     number of electrons       =         3.00
     number of Kohn-Sham states=            6
     kinetic-energy cutoff     =      15.0000  Ry
     charge density cutoff     =      60.0000  Ry
     Exchange-correlation      =  SLA  PZ   NOGX NOGC ( 1  1  0  0 0 0)

     celldm(1)=   7.500000  celldm(2)=   0.000000  celldm(3)=   0.000000
     celldm(4)=   0.000000  celldm(5)=   0.000000  celldm(6)=   0.000000

     crystal axes: (cart. coord. in units of alat)
               a(1) = (  -0.500000   0.000000   0.500000 )  
               a(2) = (   0.000000   0.500000   0.500000 )  
               a(3) = (  -0.500000   0.500000   0.000000 )  

     reciprocal axes: (cart. coord. in units 2 pi/alat)
               b(1) = ( -1.000000 -1.000000  1.000000 )  
               b(2) = (  1.000000  1.000000  1.000000 )  
               b(3) = ( -1.000000  1.000000 -1.000000 )  


     PseudoPot. # 1 for Al read from file:
     /home/pietro/trunk/espresso/pseudo/Al.pz-vbc.UPF
     MD5 check sum: 614279c88ff8d45c90147292d03ed420
     Pseudo is Norm-conserving, Zval =  3.0
     Generated by new atomic code, or converted to UPF format
     Using radial grid of  171 points,  2 beta functions with: 
                l(1) =   0
                l(2) =   1

     atomic species   valence    mass     pseudopotential
        Al             3.00    26.98000     Al( 1.00)

     48 Sym. Ops., with inversion, found



   Cartesian axes

     site n.     atom                  positions (alat units)
         1           Al  tau(   1) = (   0.0000000   0.0000000   0.0000000  )

     number of k points=   328  Marzari-Vanderbilt smearing, width (Ry)=  0.0500

     Number of k-points >= 100: set verbosity='high' to print them.

     Dense  grid:      869 G-vectors     FFT dimensions: (  15,  15,  15)

     Estimated max dynamical RAM per process >       0.22Mb

     Estimated total allocated dynamical RAM >       0.43Mb

     The potential is recalculated from file :
     /home/pietro/trunk/espresso/tempdir/_ph0/aluminum.q_6/aluminum.save/charge-density.dat

     Starting wfc are    4 atomic +    2 random wfc

     Band Structure Calculation
     Davidson diagonalization with overlap

     ethr =  3.33E-10,  avg # of iterations = 13.5

     total cpu time spent up to now is        7.8 secs

     End of band structure calculation

     Number of k-points >= 100: set verbosity='high' to print the bands.

     the Fermi energy is     8.1776 ev

     Writing output data file aluminum.save

                                                                                

     bravais-lattice index     =            2
     lattice parameter (alat)  =       7.5000  a.u.
     unit-cell volume          =     105.4688 (a.u.)^3
     number of atoms/cell      =            1
     number of atomic types    =            1
     kinetic-energy cut-off    =      15.0000  Ry
     charge density cut-off    =      60.0000  Ry
     convergence threshold     =      1.0E-10
     beta                      =       0.7000
     number of iterations used =            4
     Exchange-correlation      =  SLA  PZ   NOGX NOGC ( 1  1  0  0 0 0)


     celldm(1)=    7.50000  celldm(2)=    0.00000  celldm(3)=    0.00000
     celldm(4)=    0.00000  celldm(5)=    0.00000  celldm(6)=    0.00000

     crystal axes: (cart. coord. in units of alat)
               a(1) = ( -0.5000  0.0000  0.5000 )  
               a(2) = (  0.0000  0.5000  0.5000 )  
               a(3) = ( -0.5000  0.5000  0.0000 )  

     reciprocal axes: (cart. coord. in units 2 pi/alat)
               b(1) = ( -1.0000 -1.0000  1.0000 )  
               b(2) = (  1.0000  1.0000  1.0000 )  
               b(3) = ( -1.0000  1.0000 -1.0000 )  


     Atoms inside the unit cell: 

     Cartesian axes

     site n.  atom      mass           positions (alat units)
        1     Al  26.9800   tau(    1) = (    0.00000    0.00000    0.00000  )

     Computing dynamical matrix for 
                    q = (   0.5000000   0.0000000   0.5000000 )

      4 Sym.Ops. (no q -> -q+G )


     G cutoff =   85.4897  (    435 G-vectors)     FFT grid: ( 15, 15, 15)

     number of k points=   328  Marzari-Vanderbilt smearing, width (Ry)=  0.0500

     PseudoPot. # 1 for Al read from file:
     /home/pietro/trunk/espresso/pseudo/Al.pz-vbc.UPF
     MD5 check sum: 614279c88ff8d45c90147292d03ed420
     Pseudo is Norm-conserving, Zval =  3.0
     Generated by new atomic code, or converted to UPF format
     Using radial grid of  171 points,  2 beta functions with: 
                l(1) =   0
                l(2) =   1

     Mode symmetry, C_2v (mm2)  point group:


     Atomic displacements:
     There are   3 irreducible representations

     Representation     1      1 modes -A_1  D_1  S_1  To be done

     Representation     2      1 modes -B_1  D_3  S_3  To be done

     Representation     3      1 modes -B_2  D_4  S_4  To be done



     Alpha used in Ewald sum =   0.7000
     PHONON       :    19.36s CPU        20.51s WALL



     Representation #  1 mode #   1

     Self-consistent Calculation

      iter #   1 total cpu time :    20.6 secs   av.it.:   4.0
      thresh= 1.000E-02 alpha_mix =  0.700 |ddv_scf|^2 =  5.825E-04

      iter #   2 total cpu time :    20.8 secs   av.it.:   4.9
      thresh= 2.414E-03 alpha_mix =  0.700 |ddv_scf|^2 =  2.048E-03

      iter #   3 total cpu time :    20.9 secs   av.it.:   4.1
      thresh= 4.525E-03 alpha_mix =  0.700 |ddv_scf|^2 =  4.210E-08

      iter #   4 total cpu time :    21.0 secs   av.it.:   5.9
      thresh= 2.052E-05 alpha_mix =  0.700 |ddv_scf|^2 =  1.527E-09

      iter #   5 total cpu time :    21.1 secs   av.it.:   5.4
      thresh= 3.908E-06 alpha_mix =  0.700 |ddv_scf|^2 =  6.516E-11

     End of self-consistent calculation

     Convergence has been achieved 


     Representation #  2 mode #   2

     Self-consistent Calculation

      iter #   1 total cpu time :    21.3 secs   av.it.:   3.2
      thresh= 1.000E-02 alpha_mix =  0.700 |ddv_scf|^2 =  1.784E-07

      iter #   2 total cpu time :    21.5 secs   av.it.:   5.3
      thresh= 4.224E-05 alpha_mix =  0.700 |ddv_scf|^2 =  1.286E-08

      iter #   3 total cpu time :    21.6 secs   av.it.:   5.0
      thresh= 1.134E-05 alpha_mix =  0.700 |ddv_scf|^2 =  1.929E-10

      iter #   4 total cpu time :    21.7 secs   av.it.:   5.2
      thresh= 1.389E-06 alpha_mix =  0.700 |ddv_scf|^2 =  1.411E-13

     End of self-consistent calculation

     Convergence has been achieved 


     Representation #  3 mode #   3

     Self-consistent Calculation

      iter #   1 total cpu time :    21.9 secs   av.it.:   3.6
      thresh= 1.000E-02 alpha_mix =  0.700 |ddv_scf|^2 =  5.011E-06

      iter #   2 total cpu time :    22.1 secs   av.it.:   5.4
      thresh= 2.239E-04 alpha_mix =  0.700 |ddv_scf|^2 =  3.309E-07

      iter #   3 total cpu time :    22.2 secs   av.it.:   5.3
      thresh= 5.752E-05 alpha_mix =  0.700 |ddv_scf|^2 =  2.653E-09

      iter #   4 total cpu time :    22.3 secs   av.it.:   5.2
      thresh= 5.151E-06 alpha_mix =  0.700 |ddv_scf|^2 =  1.753E-12

     End of self-consistent calculation

     Convergence has been achieved 

     Number of q in the star =   12
     List of q in the star:
          1   0.500000000   0.000000000   0.500000000
          2  -0.500000000   0.000000000   0.500000000
          3  -0.500000000   0.000000000  -0.500000000
          4   0.500000000   0.000000000  -0.500000000
          5   0.000000000   0.500000000  -0.500000000
          6  -0.500000000   0.500000000   0.000000000
          7   0.000000000   0.500000000   0.500000000
          8   0.000000000  -0.500000000  -0.500000000
          9   0.500000000   0.500000000   0.000000000
         10   0.500000000  -0.500000000   0.000000000
         11  -0.500000000  -0.500000000   0.000000000
         12   0.000000000  -0.500000000   0.500000000

     Diagonalizing the dynamical matrix

     q = (    0.500000000   0.000000000   0.500000000 ) 

 **************************************************************************
     freq (    1) =       4.864098 [THz] =     162.248847 [cm-1]
     freq (    2) =       6.528759 [THz] =     217.775962 [cm-1]
     freq (    3) =       8.467300 [THz] =     282.438728 [cm-1]
 **************************************************************************

     Mode symmetry, C_2v (mm2)  point group:

     freq (  1 -  1) =        162.2  [cm-1]   --> B_1  D_3  S_3      
     freq (  2 -  2) =        217.8  [cm-1]   --> B_2  D_4  S_4      
     freq (  3 -  3) =        282.4  [cm-1]   --> A_1  D_1  S_1      
     electron-phonon interaction  ...

     Gaussian Broadening:   0.005 Ry, ngauss=   0
     DOS =  1.339210 states/spin/Ry/Unit Cell at Ef=  8.321793 eV
     lambda(    1)=  0.0231   gamma=    0.70 GHz
     lambda(    2)=  0.0561   gamma=    3.06 GHz
     lambda(    3)=  1.3275   gamma=  121.72 GHz
     Gaussian Broadening:   0.010 Ry, ngauss=   0
     DOS =  1.881761 states/spin/Ry/Unit Cell at Ef=  8.327153 eV
     lambda(    1)=  0.0651   gamma=    2.77 GHz
     lambda(    2)=  0.0805   gamma=    6.17 GHz
     lambda(    3)=  0.8798   gamma=  113.35 GHz
     Gaussian Broadening:   0.015 Ry, ngauss=   0
     DOS =  2.123229 states/spin/Ry/Unit Cell at Ef=  8.328621 eV
     lambda(    1)=  0.0533   gamma=    2.56 GHz
     lambda(    2)=  0.1120   gamma=    9.68 GHz
     lambda(    3)=  0.5477   gamma=   79.62 GHz
     Gaussian Broadening:   0.020 Ry, ngauss=   0
     DOS =  2.249739 states/spin/Ry/Unit Cell at Ef=  8.324319 eV
     lambda(    1)=  0.0425   gamma=    2.16 GHz
     lambda(    2)=  0.1261   gamma=   11.54 GHz
     lambda(    3)=  0.3883   gamma=   59.81 GHz
     Gaussian Broadening:   0.025 Ry, ngauss=   0
     DOS =  2.329803 states/spin/Ry/Unit Cell at Ef=  8.317861 eV
     lambda(    1)=  0.0362   gamma=    1.91 GHz
     lambda(    2)=  0.1257   gamma=   11.92 GHz
     lambda(    3)=  0.3074   gamma=   49.03 GHz
     Gaussian Broadening:   0.030 Ry, ngauss=   0
     DOS =  2.396029 states/spin/Ry/Unit Cell at Ef=  8.311296 eV
     lambda(    1)=  0.0334   gamma=    1.81 GHz
     lambda(    2)=  0.1250   gamma=   12.19 GHz
     lambda(    3)=  0.2656   gamma=   43.56 GHz
     Gaussian Broadening:   0.035 Ry, ngauss=   0
     DOS =  2.455226 states/spin/Ry/Unit Cell at Ef=  8.305262 eV
     lambda(    1)=  0.0324   gamma=    1.79 GHz
     lambda(    2)=  0.1264   gamma=   12.63 GHz
     lambda(    3)=  0.2438   gamma=   40.98 GHz
     Gaussian Broadening:   0.040 Ry, ngauss=   0
     DOS =  2.507873 states/spin/Ry/Unit Cell at Ef=  8.299956 eV
     lambda(    1)=  0.0322   gamma=    1.82 GHz
     lambda(    2)=  0.1289   gamma=   13.16 GHz
     lambda(    3)=  0.2320   gamma=   39.83 GHz
     Gaussian Broadening:   0.045 Ry, ngauss=   0
     DOS =  2.552966 states/spin/Ry/Unit Cell at Ef=  8.295411 eV
     lambda(    1)=  0.0323   gamma=    1.87 GHz
     lambda(    2)=  0.1314   gamma=   13.66 GHz
     lambda(    3)=  0.2249   gamma=   39.31 GHz
     Gaussian Broadening:   0.050 Ry, ngauss=   0
     DOS =  2.589582 states/spin/Ry/Unit Cell at Ef=  8.291553 eV
     lambda(    1)=  0.0327   gamma=    1.91 GHz
     lambda(    2)=  0.1335   gamma=   14.08 GHz
     lambda(    3)=  0.2201   gamma=   39.01 GHz


     Number of q in the star =   12
     List of q in the star:
          1   0.500000000   0.000000000   0.500000000
          2  -0.500000000   0.000000000   0.500000000
          3  -0.500000000   0.000000000  -0.500000000
          4   0.500000000   0.000000000  -0.500000000
          5   0.000000000   0.500000000  -0.500000000
          6  -0.500000000   0.500000000   0.000000000
          7   0.000000000   0.500000000   0.500000000
          8   0.000000000  -0.500000000  -0.500000000
          9   0.500000000   0.500000000   0.000000000
         10   0.500000000  -0.500000000   0.000000000
         11  -0.500000000  -0.500000000   0.000000000
         12   0.000000000  -0.500000000   0.500000000

     Calculation of q =    0.0000000  -1.0000000   0.0000000

     Parallelization info
     --------------------
     sticks:   dense  smooth     PW     G-vecs:    dense   smooth      PW
     Min          60      60     30                  434      434     165
     Max          61      61     31                  435      435     166
     Sum         121     121     61                  869      869     331



     bravais-lattice index     =            2
     lattice parameter (alat)  =       7.5000  a.u.
     unit-cell volume          =     105.4688 (a.u.)^3
     number of atoms/cell      =            1
     number of atomic types    =            1
     number of electrons       =         3.00
     number of Kohn-Sham states=            6
     kinetic-energy cutoff     =      15.0000  Ry
     charge density cutoff     =      60.0000  Ry
     Exchange-correlation      =  SLA  PZ   NOGX NOGC ( 1  1  0  0 0 0)

     celldm(1)=   7.500000  celldm(2)=   0.000000  celldm(3)=   0.000000
     celldm(4)=   0.000000  celldm(5)=   0.000000  celldm(6)=   0.000000

     crystal axes: (cart. coord. in units of alat)
               a(1) = (  -0.500000   0.000000   0.500000 )  
               a(2) = (   0.000000   0.500000   0.500000 )  
               a(3) = (  -0.500000   0.500000   0.000000 )  

     reciprocal axes: (cart. coord. in units 2 pi/alat)
               b(1) = ( -1.000000 -1.000000  1.000000 )  
               b(2) = (  1.000000  1.000000  1.000000 )  
               b(3) = ( -1.000000  1.000000 -1.000000 )  


     PseudoPot. # 1 for Al read from file:
     /home/pietro/trunk/espresso/pseudo/Al.pz-vbc.UPF
     MD5 check sum: 614279c88ff8d45c90147292d03ed420
     Pseudo is Norm-conserving, Zval =  3.0
     Generated by new atomic code, or converted to UPF format
     Using radial grid of  171 points,  2 beta functions with: 
                l(1) =   0
                l(2) =   1

     atomic species   valence    mass     pseudopotential
        Al             3.00    26.98000     Al( 1.00)

     48 Sym. Ops., with inversion, found



   Cartesian axes

     site n.     atom                  positions (alat units)
         1           Al  tau(   1) = (   0.0000000   0.0000000   0.0000000  )

     number of k points=   118  Marzari-Vanderbilt smearing, width (Ry)=  0.0500

     Number of k-points >= 100: set verbosity='high' to print them.

     Dense  grid:      869 G-vectors     FFT dimensions: (  15,  15,  15)

     Estimated max dynamical RAM per process >       0.22Mb

     Estimated total allocated dynamical RAM >       0.43Mb

     The potential is recalculated from file :
     /home/pietro/trunk/espresso/tempdir/_ph0/aluminum.q_7/aluminum.save/charge-density.dat

     Starting wfc are    4 atomic +    2 random wfc

     Band Structure Calculation
     Davidson diagonalization with overlap

     ethr =  3.33E-10,  avg # of iterations = 13.2

     total cpu time spent up to now is        8.6 secs

     End of band structure calculation

     Number of k-points >= 100: set verbosity='high' to print the bands.

     the Fermi energy is     8.1776 ev

     Writing output data file aluminum.save

                                                                                

     bravais-lattice index     =            2
     lattice parameter (alat)  =       7.5000  a.u.
     unit-cell volume          =     105.4688 (a.u.)^3
     number of atoms/cell      =            1
     number of atomic types    =            1
     kinetic-energy cut-off    =      15.0000  Ry
     charge density cut-off    =      60.0000  Ry
     convergence threshold     =      1.0E-10
     beta                      =       0.7000
     number of iterations used =            4
     Exchange-correlation      =  SLA  PZ   NOGX NOGC ( 1  1  0  0 0 0)


     celldm(1)=    7.50000  celldm(2)=    0.00000  celldm(3)=    0.00000
     celldm(4)=    0.00000  celldm(5)=    0.00000  celldm(6)=    0.00000

     crystal axes: (cart. coord. in units of alat)
               a(1) = ( -0.5000  0.0000  0.5000 )  
               a(2) = (  0.0000  0.5000  0.5000 )  
               a(3) = ( -0.5000  0.5000  0.0000 )  

     reciprocal axes: (cart. coord. in units 2 pi/alat)
               b(1) = ( -1.0000 -1.0000  1.0000 )  
               b(2) = (  1.0000  1.0000  1.0000 )  
               b(3) = ( -1.0000  1.0000 -1.0000 )  


     Atoms inside the unit cell: 

     Cartesian axes

     site n.  atom      mass           positions (alat units)
        1     Al  26.9800   tau(    1) = (    0.00000    0.00000    0.00000  )

     Computing dynamical matrix for 
                    q = (   0.0000000  -1.0000000   0.0000000 )

     17 Sym.Ops. (with q -> -q+G )


     G cutoff =   85.4897  (    435 G-vectors)     FFT grid: ( 15, 15, 15)

     number of k points=   118  Marzari-Vanderbilt smearing, width (Ry)=  0.0500

     PseudoPot. # 1 for Al read from file:
     /home/pietro/trunk/espresso/pseudo/Al.pz-vbc.UPF
     MD5 check sum: 614279c88ff8d45c90147292d03ed420
     Pseudo is Norm-conserving, Zval =  3.0
     Generated by new atomic code, or converted to UPF format
     Using radial grid of  171 points,  2 beta functions with: 
                l(1) =   0
                l(2) =   1

     Mode symmetry, D_4h(4/mmm) point group:


     Atomic displacements:
     There are   2 irreducible representations

     Representation     1      1 modes -A_2u X_4' M_4'  To be done

     Representation     2      2 modes -E_u  X_5' M_5'  To be done



     Alpha used in Ewald sum =   0.7000
     PHONON       :    22.64s CPU        23.99s WALL



     Representation #  1 mode #   1

     Self-consistent Calculation

      iter #   1 total cpu time :    24.0 secs   av.it.:   3.8
      thresh= 1.000E-02 alpha_mix =  0.700 |ddv_scf|^2 =  6.091E-05

      iter #   2 total cpu time :    24.1 secs   av.it.:   5.1
      thresh= 7.804E-04 alpha_mix =  0.700 |ddv_scf|^2 =  2.345E-05

      iter #   3 total cpu time :    24.1 secs   av.it.:   4.9
      thresh= 4.843E-04 alpha_mix =  0.700 |ddv_scf|^2 =  4.559E-09

      iter #   4 total cpu time :    24.2 secs   av.it.:   5.1
      thresh= 6.752E-06 alpha_mix =  0.700 |ddv_scf|^2 =  2.523E-11

     End of self-consistent calculation

     Convergence has been achieved 


     Representation #  2 modes #   2  3

     Self-consistent Calculation

      iter #   1 total cpu time :    24.3 secs   av.it.:   3.5
      thresh= 1.000E-02 alpha_mix =  0.700 |ddv_scf|^2 =  2.779E-07

      iter #   2 total cpu time :    24.4 secs   av.it.:   5.8
      thresh= 5.271E-05 alpha_mix =  0.700 |ddv_scf|^2 =  3.927E-09

      iter #   3 total cpu time :    24.5 secs   av.it.:   5.6
      thresh= 6.267E-06 alpha_mix =  0.700 |ddv_scf|^2 =  3.700E-10

      iter #   4 total cpu time :    24.6 secs   av.it.:   5.3
      thresh= 1.924E-06 alpha_mix =  0.700 |ddv_scf|^2 =  1.516E-14

     End of self-consistent calculation

     Convergence has been achieved 

     Number of q in the star =    3
     List of q in the star:
          1   0.000000000  -1.000000000   0.000000000
          2  -1.000000000   0.000000000   0.000000000
          3   0.000000000   0.000000000  -1.000000000

     Diagonalizing the dynamical matrix

     q = (    0.000000000  -1.000000000   0.000000000 ) 

 **************************************************************************
     freq (    1) =       6.062712 [THz] =     202.230299 [cm-1]
     freq (    2) =       6.062712 [THz] =     202.230299 [cm-1]
     freq (    3) =       9.881078 [THz] =     329.597277 [cm-1]
 **************************************************************************

     Mode symmetry, D_4h(4/mmm) point group:

     freq (  1 -  2) =        202.2  [cm-1]   --> E_u  X_5' M_5'     
     freq (  3 -  3) =        329.6  [cm-1]   --> A_2u X_4' M_4'     
     electron-phonon interaction  ...

     Gaussian Broadening:   0.005 Ry, ngauss=   0
     DOS =  1.339210 states/spin/Ry/Unit Cell at Ef=  8.321793 eV
     lambda(    1)=  0.0244   gamma=    1.15 GHz
     lambda(    2)=  0.0244   gamma=    1.15 GHz
     lambda(    3)=  0.0002   gamma=    0.02 GHz
     Gaussian Broadening:   0.010 Ry, ngauss=   0
     DOS =  1.881761 states/spin/Ry/Unit Cell at Ef=  8.327153 eV
     lambda(    1)=  0.1832   gamma=   12.10 GHz
     lambda(    2)=  0.1850   gamma=   12.22 GHz
     lambda(    3)=  0.0907   gamma=   15.91 GHz
     Gaussian Broadening:   0.015 Ry, ngauss=   0
     DOS =  2.123229 states/spin/Ry/Unit Cell at Ef=  8.328621 eV
     lambda(    1)=  0.1676   gamma=   12.49 GHz
     lambda(    2)=  0.1783   gamma=   13.28 GHz
     lambda(    3)=  0.1868   gamma=   36.99 GHz
     Gaussian Broadening:   0.020 Ry, ngauss=   0
     DOS =  2.249739 states/spin/Ry/Unit Cell at Ef=  8.324319 eV
     lambda(    1)=  0.1442   gamma=   11.39 GHz
     lambda(    2)=  0.1600   gamma=   12.63 GHz
     lambda(    3)=  0.2016   gamma=   42.28 GHz
     Gaussian Broadening:   0.025 Ry, ngauss=   0
     DOS =  2.329803 states/spin/Ry/Unit Cell at Ef=  8.317861 eV
     lambda(    1)=  0.1315   gamma=   10.75 GHz
     lambda(    2)=  0.1479   gamma=   12.10 GHz
     lambda(    3)=  0.1855   gamma=   40.29 GHz
     Gaussian Broadening:   0.030 Ry, ngauss=   0
     DOS =  2.396029 states/spin/Ry/Unit Cell at Ef=  8.311296 eV
     lambda(    1)=  0.1235   gamma=   10.39 GHz
     lambda(    2)=  0.1390   gamma=   11.69 GHz
     lambda(    3)=  0.1664   gamma=   37.18 GHz
     Gaussian Broadening:   0.035 Ry, ngauss=   0
     DOS =  2.455226 states/spin/Ry/Unit Cell at Ef=  8.305262 eV
     lambda(    1)=  0.1178   gamma=   10.15 GHz
     lambda(    2)=  0.1318   gamma=   11.36 GHz
     lambda(    3)=  0.1534   gamma=   35.12 GHz
     Gaussian Broadening:   0.040 Ry, ngauss=   0
     DOS =  2.507873 states/spin/Ry/Unit Cell at Ef=  8.299956 eV
     lambda(    1)=  0.1135   gamma=    9.99 GHz
     lambda(    2)=  0.1262   gamma=   11.11 GHz
     lambda(    3)=  0.1467   gamma=   34.30 GHz
     Gaussian Broadening:   0.045 Ry, ngauss=   0
     DOS =  2.552966 states/spin/Ry/Unit Cell at Ef=  8.295411 eV
     lambda(    1)=  0.1105   gamma=    9.90 GHz
     lambda(    2)=  0.1221   gamma=   10.94 GHz
     lambda(    3)=  0.1440   gamma=   34.28 GHz
     Gaussian Broadening:   0.050 Ry, ngauss=   0
     DOS =  2.589582 states/spin/Ry/Unit Cell at Ef=  8.291553 eV
     lambda(    1)=  0.1086   gamma=    9.87 GHz
     lambda(    2)=  0.1192   gamma=   10.83 GHz
     lambda(    3)=  0.1435   gamma=   34.64 GHz


     Number of q in the star =    3
     List of q in the star:
          1   0.000000000  -1.000000000   0.000000000
          2  -1.000000000   0.000000000   0.000000000
          3   0.000000000   0.000000000  -1.000000000

     Calculation of q =   -0.5000000  -1.0000000   0.0000000

     Parallelization info
     --------------------
     sticks:   dense  smooth     PW     G-vecs:    dense   smooth      PW
     Min          60      60     30                  434      434     165
     Max          61      61     31                  435      435     166
     Sum         121     121     61                  869      869     331



     bravais-lattice index     =            2
     lattice parameter (alat)  =       7.5000  a.u.
     unit-cell volume          =     105.4688 (a.u.)^3
     number of atoms/cell      =            1
     number of atomic types    =            1
     number of electrons       =         3.00
     number of Kohn-Sham states=            6
     kinetic-energy cutoff     =      15.0000  Ry
     charge density cutoff     =      60.0000  Ry
     Exchange-correlation      =  SLA  PZ   NOGX NOGC ( 1  1  0  0 0 0)

     celldm(1)=   7.500000  celldm(2)=   0.000000  celldm(3)=   0.000000
     celldm(4)=   0.000000  celldm(5)=   0.000000  celldm(6)=   0.000000

     crystal axes: (cart. coord. in units of alat)
               a(1) = (  -0.500000   0.000000   0.500000 )  
               a(2) = (   0.000000   0.500000   0.500000 )  
               a(3) = (  -0.500000   0.500000   0.000000 )  

     reciprocal axes: (cart. coord. in units 2 pi/alat)
               b(1) = ( -1.000000 -1.000000  1.000000 )  
               b(2) = (  1.000000  1.000000  1.000000 )  
               b(3) = ( -1.000000  1.000000 -1.000000 )  


     PseudoPot. # 1 for Al read from file:
     /home/pietro/trunk/espresso/pseudo/Al.pz-vbc.UPF
     MD5 check sum: 614279c88ff8d45c90147292d03ed420
     Pseudo is Norm-conserving, Zval =  3.0
     Generated by new atomic code, or converted to UPF format
     Using radial grid of  171 points,  2 beta functions with: 
                l(1) =   0
                l(2) =   1

     atomic species   valence    mass     pseudopotential
        Al             3.00    26.98000     Al( 1.00)

     48 Sym. Ops., with inversion, found



   Cartesian axes

     site n.     atom                  positions (alat units)
         1           Al  tau(   1) = (   0.0000000   0.0000000   0.0000000  )

     number of k points=   174  Marzari-Vanderbilt smearing, width (Ry)=  0.0500

     Number of k-points >= 100: set verbosity='high' to print them.

     Dense  grid:      869 G-vectors     FFT dimensions: (  15,  15,  15)

     Estimated max dynamical RAM per process >       0.22Mb

     Estimated total allocated dynamical RAM >       0.43Mb

     The potential is recalculated from file :
     /home/pietro/trunk/espresso/tempdir/_ph0/aluminum.q_8/aluminum.save/charge-density.dat

     Starting wfc are    4 atomic +    2 random wfc

     Band Structure Calculation
     Davidson diagonalization with overlap

     ethr =  3.33E-10,  avg # of iterations = 13.2

     total cpu time spent up to now is        9.5 secs

     End of band structure calculation

     Number of k-points >= 100: set verbosity='high' to print the bands.

     the Fermi energy is     8.1776 ev

     Writing output data file aluminum.save

                                                                                

     bravais-lattice index     =            2
     lattice parameter (alat)  =       7.5000  a.u.
     unit-cell volume          =     105.4688 (a.u.)^3
     number of atoms/cell      =            1
     number of atomic types    =            1
     kinetic-energy cut-off    =      15.0000  Ry
     charge density cut-off    =      60.0000  Ry
     convergence threshold     =      1.0E-10
     beta                      =       0.7000
     number of iterations used =            4
     Exchange-correlation      =  SLA  PZ   NOGX NOGC ( 1  1  0  0 0 0)


     celldm(1)=    7.50000  celldm(2)=    0.00000  celldm(3)=    0.00000
     celldm(4)=    0.00000  celldm(5)=    0.00000  celldm(6)=    0.00000

     crystal axes: (cart. coord. in units of alat)
               a(1) = ( -0.5000  0.0000  0.5000 )  
               a(2) = (  0.0000  0.5000  0.5000 )  
               a(3) = ( -0.5000  0.5000  0.0000 )  

     reciprocal axes: (cart. coord. in units 2 pi/alat)
               b(1) = ( -1.0000 -1.0000  1.0000 )  
               b(2) = (  1.0000  1.0000  1.0000 )  
               b(3) = ( -1.0000  1.0000 -1.0000 )  


     Atoms inside the unit cell: 

     Cartesian axes

     site n.  atom      mass           positions (alat units)
        1     Al  26.9800   tau(    1) = (    0.00000    0.00000    0.00000  )

     Computing dynamical matrix for 
                    q = (  -0.5000000  -1.0000000   0.0000000 )

      8 Sym.Ops. (no q -> -q+G )


     G cutoff =   85.4897  (    435 G-vectors)     FFT grid: ( 15, 15, 15)

     number of k points=   174  Marzari-Vanderbilt smearing, width (Ry)=  0.0500

     PseudoPot. # 1 for Al read from file:
     /home/pietro/trunk/espresso/pseudo/Al.pz-vbc.UPF
     MD5 check sum: 614279c88ff8d45c90147292d03ed420
     Pseudo is Norm-conserving, Zval =  3.0
     Generated by new atomic code, or converted to UPF format
     Using radial grid of  171 points,  2 beta functions with: 
                l(1) =   0
                l(2) =   1

     Mode symmetry, D_2d (-42m) point group:


     Atomic displacements:
     There are   2 irreducible representations

     Representation     1      1 modes -B_2  X_3  W_2  To be done

     Representation     2      2 modes -E    X_5  W_3  To be done



     Alpha used in Ewald sum =   0.7000
     PHONON       :    25.04s CPU        26.52s WALL



     Representation #  1 mode #   1

     Self-consistent Calculation

      iter #   1 total cpu time :    26.6 secs   av.it.:   3.8
      thresh= 1.000E-02 alpha_mix =  0.700 |ddv_scf|^2 =  8.363E-06

      iter #   2 total cpu time :    26.7 secs   av.it.:   5.5
      thresh= 2.892E-04 alpha_mix =  0.700 |ddv_scf|^2 =  1.288E-06

      iter #   3 total cpu time :    26.7 secs   av.it.:   5.4
      thresh= 1.135E-04 alpha_mix =  0.700 |ddv_scf|^2 =  3.420E-09

      iter #   4 total cpu time :    26.8 secs   av.it.:   5.3
      thresh= 5.848E-06 alpha_mix =  0.700 |ddv_scf|^2 =  7.824E-12

     End of self-consistent calculation

     Convergence has been achieved 


     Representation #  2 modes #   2  3

     Self-consistent Calculation

      iter #   1 total cpu time :    27.0 secs   av.it.:   4.0
      thresh= 1.000E-02 alpha_mix =  0.700 |ddv_scf|^2 =  4.840E-06

      iter #   2 total cpu time :    27.1 secs   av.it.:   5.9
      thresh= 2.200E-04 alpha_mix =  0.700 |ddv_scf|^2 =  1.031E-06

      iter #   3 total cpu time :    27.3 secs   av.it.:   5.8
      thresh= 1.015E-04 alpha_mix =  0.700 |ddv_scf|^2 =  9.253E-10

      iter #   4 total cpu time :    27.4 secs   av.it.:   5.8
      thresh= 3.042E-06 alpha_mix =  0.700 |ddv_scf|^2 =  8.909E-13

     End of self-consistent calculation

     Convergence has been achieved 

     Number of q in the star =    6
     List of q in the star:
          1  -0.500000000  -1.000000000   0.000000000
          2   0.000000000   1.000000000   0.500000000
          3   0.000000000  -1.000000000  -0.500000000
          4   0.500000000   1.000000000   0.000000000
          5  -1.000000000  -0.500000000   0.000000000
          6   0.000000000  -0.500000000  -1.000000000

     Diagonalizing the dynamical matrix

     q = (   -0.500000000  -1.000000000   0.000000000 ) 

 **************************************************************************
     freq (    1) =       6.453905 [THz] =     215.279094 [cm-1]
     freq (    2) =       7.605782 [THz] =     253.701586 [cm-1]
     freq (    3) =       7.605782 [THz] =     253.701586 [cm-1]
 **************************************************************************

     Mode symmetry, D_2d (-42m) point group:

     freq (  1 -  1) =        215.3  [cm-1]   --> B_2  X_3  W_2      
     freq (  2 -  3) =        253.7  [cm-1]   --> E    X_5  W_3      
     electron-phonon interaction  ...

     Gaussian Broadening:   0.005 Ry, ngauss=   0
     DOS =  1.339210 states/spin/Ry/Unit Cell at Ef=  8.321793 eV
     lambda(    1)=  0.0002   gamma=    0.01 GHz
     lambda(    2)=  0.0004   gamma=    0.03 GHz
     lambda(    3)=  0.0004   gamma=    0.03 GHz
     Gaussian Broadening:   0.010 Ry, ngauss=   0
     DOS =  1.881761 states/spin/Ry/Unit Cell at Ef=  8.327153 eV
     lambda(    1)=  0.0332   gamma=    2.48 GHz
     lambda(    2)=  0.0633   gamma=    6.58 GHz
     lambda(    3)=  0.0633   gamma=    6.58 GHz
     Gaussian Broadening:   0.015 Ry, ngauss=   0
     DOS =  2.123229 states/spin/Ry/Unit Cell at Ef=  8.328621 eV
     lambda(    1)=  0.0687   gamma=    5.80 GHz
     lambda(    2)=  0.1079   gamma=   12.66 GHz
     lambda(    3)=  0.1078   gamma=   12.64 GHz
     Gaussian Broadening:   0.020 Ry, ngauss=   0
     DOS =  2.249739 states/spin/Ry/Unit Cell at Ef=  8.324319 eV
     lambda(    1)=  0.0742   gamma=    6.64 GHz
     lambda(    2)=  0.1146   gamma=   14.24 GHz
     lambda(    3)=  0.1140   gamma=   14.16 GHz
     Gaussian Broadening:   0.025 Ry, ngauss=   0
     DOS =  2.329803 states/spin/Ry/Unit Cell at Ef=  8.317861 eV
     lambda(    1)=  0.0720   gamma=    6.67 GHz
     lambda(    2)=  0.1164   gamma=   14.98 GHz
     lambda(    3)=  0.1153   gamma=   14.84 GHz
     Gaussian Broadening:   0.030 Ry, ngauss=   0
     DOS =  2.396029 states/spin/Ry/Unit Cell at Ef=  8.311296 eV
     lambda(    1)=  0.0698   gamma=    6.65 GHz
     lambda(    2)=  0.1207   gamma=   15.98 GHz
     lambda(    3)=  0.1194   gamma=   15.80 GHz
     Gaussian Broadening:   0.035 Ry, ngauss=   0
     DOS =  2.455226 states/spin/Ry/Unit Cell at Ef=  8.305262 eV
     lambda(    1)=  0.0690   gamma=    6.74 GHz
     lambda(    2)=  0.1279   gamma=   17.35 GHz
     lambda(    3)=  0.1265   gamma=   17.16 GHz
     Gaussian Broadening:   0.040 Ry, ngauss=   0
     DOS =  2.507873 states/spin/Ry/Unit Cell at Ef=  8.299956 eV
     lambda(    1)=  0.0698   gamma=    6.96 GHz
     lambda(    2)=  0.1370   gamma=   18.97 GHz
     lambda(    3)=  0.1356   gamma=   18.78 GHz
     Gaussian Broadening:   0.045 Ry, ngauss=   0
     DOS =  2.552966 states/spin/Ry/Unit Cell at Ef=  8.295411 eV
     lambda(    1)=  0.0717   gamma=    7.28 GHz
     lambda(    2)=  0.1464   gamma=   20.65 GHz
     lambda(    3)=  0.1450   gamma=   20.46 GHz
     Gaussian Broadening:   0.050 Ry, ngauss=   0
     DOS =  2.589582 states/spin/Ry/Unit Cell at Ef=  8.291553 eV
     lambda(    1)=  0.0740   gamma=    7.62 GHz
     lambda(    2)=  0.1551   gamma=   22.19 GHz
     lambda(    3)=  0.1537   gamma=   21.99 GHz


     Number of q in the star =    6
     List of q in the star:
          1  -0.500000000  -1.000000000   0.000000000
          2   0.000000000   1.000000000   0.500000000
          3   0.000000000  -1.000000000  -0.500000000
          4   0.500000000   1.000000000   0.000000000
          5  -1.000000000  -0.500000000   0.000000000
          6   0.000000000  -0.500000000  -1.000000000

     init_run     :      0.04s CPU      0.04s WALL (       7 calls)
     electrons    :      7.52s CPU      8.02s WALL (       7 calls)

     Called by init_run:
     wfcinit      :      0.00s CPU      0.00s WALL (       7 calls)
     potinit      :      0.00s CPU      0.01s WALL (       7 calls)

     Called by electrons:
     c_bands      :      7.52s CPU      8.01s WALL (       7 calls)
     v_of_rho     :      0.00s CPU      0.00s WALL (       8 calls)

     Called by c_bands:
     init_us_2    :      0.16s CPU      0.21s WALL (   18540 calls)
     cegterg      :      6.94s CPU      7.39s WALL (    1842 calls)

     Called by sum_band:

     Called by *egterg:
     h_psi        :      8.80s CPU      9.76s WALL (   96924 calls)
     g_psi        :      0.04s CPU      0.04s WALL (   23816 calls)
     cdiaghg      :      1.96s CPU      2.08s WALL (   25582 calls)

     Called by h_psi:
     h_psi:pot    :      8.70s CPU      9.64s WALL (   96924 calls)
     h_psi:calbec :      0.28s CPU      0.36s WALL (   96924 calls)
     vloc_psi     :      8.10s CPU      8.92s WALL (   96924 calls)
     add_vuspsi   :      0.15s CPU      0.17s WALL (   96924 calls)

     General routines
     calbec       :      0.39s CPU      0.49s WALL (  186517 calls)
     fft          :      0.00s CPU      0.01s WALL (     347 calls)
     ffts         :      0.07s CPU      0.07s WALL (    2839 calls)
     fftw         :      9.48s CPU     10.53s WALL (  608130 calls)
     davcio       :      0.18s CPU      0.24s WALL (   69473 calls)

     Parallel routines
     fft_scatter  :      1.73s CPU      1.88s WALL (  611316 calls)

     PHONON       :    26.82s CPU        28.41s WALL

     INITIALIZATION: 
     phq_setup    :      0.02s CPU      0.02s WALL (       8 calls)
     phq_init     :      0.10s CPU      0.10s WALL (       8 calls)

     phq_init     :      0.10s CPU      0.10s WALL (       8 calls)
     init_vloc    :      0.00s CPU      0.00s WALL (       8 calls)
     init_us_1    :      0.02s CPU      0.01s WALL (       8 calls)

     DYNAMICAL MATRIX:
     dynmat0      :      0.05s CPU      0.06s WALL (       8 calls)
     phqscf       :      9.60s CPU     10.67s WALL (       8 calls)
     dynmatrix    :      0.01s CPU      0.01s WALL (       8 calls)

     phqscf       :      9.60s CPU     10.67s WALL (       8 calls)
     solve_linter :      9.48s CPU     10.54s WALL (      17 calls)
     drhodv       :      0.10s CPU      0.10s WALL (      17 calls)

     dynmat0      :      0.05s CPU      0.06s WALL (       8 calls)
     dynmat_us    :      0.05s CPU      0.05s WALL (       8 calls)
     d2ionq       :      0.00s CPU      0.00s WALL (       8 calls)

     dynmat_us    :      0.05s CPU      0.05s WALL (       8 calls)

     phqscf       :      9.60s CPU     10.67s WALL (       8 calls)
     solve_linter :      9.48s CPU     10.54s WALL (      17 calls)

     solve_linter :      9.48s CPU     10.54s WALL (      17 calls)
     dvqpsi_us    :      0.71s CPU      0.77s WALL (    2736 calls)
     ortho        :      0.08s CPU      0.09s WALL (   12140 calls)
     cgsolve      :      5.41s CPU      5.98s WALL (   12140 calls)
     incdrhoscf   :      0.76s CPU      0.90s WALL (   12140 calls)
     vpsifft      :      0.59s CPU      0.70s WALL (    9404 calls)
     dv_of_drho   :      0.00s CPU      0.01s WALL (      99 calls)
     mix_pot      :      0.01s CPU      0.01s WALL (      75 calls)
     ef_shift     :      0.00s CPU      0.00s WALL (       4 calls)
     localdos     :      0.00s CPU      0.00s WALL (       1 calls)
     psymdvscf    :      0.12s CPU      0.12s WALL (      75 calls)

     dvqpsi_us    :      0.71s CPU      0.77s WALL (    2736 calls)
     dvqpsi_us_on :      0.02s CPU      0.05s WALL (    2736 calls)

     cgsolve      :      5.41s CPU      5.98s WALL (   12140 calls)
     ch_psi       :      5.15s CPU      5.70s WALL (   69500 calls)

     ch_psi       :      5.15s CPU      5.70s WALL (   69500 calls)
     last         :      0.41s CPU      0.45s WALL (   69500 calls)

     add_vuspsi   :      0.15s CPU      0.17s WALL (   96924 calls)

     incdrhoscf   :      0.76s CPU      0.90s WALL (   12140 calls)


      General routines
     calbec       :      0.39s CPU      0.49s WALL (  186517 calls)
     fft          :      0.00s CPU      0.01s WALL (     347 calls)
     ffts         :      0.07s CPU      0.07s WALL (    2839 calls)
     fftw         :      9.48s CPU     10.53s WALL (  608130 calls)
     davcio       :      0.18s CPU      0.24s WALL (   69473 calls)
     write_rec    :      0.05s CPU      0.08s WALL (      92 calls)


     PHONON       :    26.82s CPU        28.41s WALL


   This run was terminated on:  10:44: 2  23Sep2016            

=------------------------------------------------------------------------------=
   JOB DONE.
=------------------------------------------------------------------------------=
