
     Program PHONON v.5.0.2 (svn rev. 9400) starts on  7Dec2012 at 16: 7:58 

     This program is part of the open-source Quantum ESPRESSO suite
     for quantum simulation of materials; please cite
         "P. Giannozzi et al., J. Phys.:Condens. Matter 21 395502 (2009);
          URL http://www.quantum-espresso.org", 
     in publications or presentations arising from this work. More details at
     http://www.quantum-espresso.org/quote.php

     Serial version

     Ultrasoft (Vanderbilt) Pseudopotentials

   Info: using nr1, nr2, nr3 values from input

   Info: using nr1s, nr2s, nr3s values from input

     IMPORTANT: XC functional enforced from input :
     Exchange-correlation      =  SLA  PZ   NOGX NOGC ( 1 1 0 0 0)
     EXX-fraction              =        0.00
     Any further DFT definition will be discarded
     Please, verify this is what you really want

               file C.pz-rrkjus.UPF: wavefunction(s)  2S renormalized
 
     G-vector sticks info
     --------------------
     sticks:   dense  smooth     PW     G-vecs:    dense   smooth      PW
     Sum         475     163     61                 6735     1459     331
 

     Calculation of q =    0.0000000   0.0000000   0.0000000

                                                                                

     bravais-lattice index     =            2
     lattice parameter (alat)  =       6.7400  a.u.
     unit-cell volume          =      76.5455 (a.u.)^3
     number of atoms/cell      =            2
     number of atomic types    =            1
     kinetic-energy cut-off    =      27.0000  Ry
     charge density cut-off    =     300.0000  Ry
     convergence threshold     =      1.0E-14
     beta                      =       0.7000
     number of iterations used =            4
     Exchange-correlation      =  SLA  PZ   NOGX NOGC ( 1 1 0 0 0)
     EXX-fraction              =        0.00
     Noncollinear calculation without spin-orbit

     celldm(1)=    6.74000  celldm(2)=    0.00000  celldm(3)=    0.00000
     celldm(4)=    0.00000  celldm(5)=    0.00000  celldm(6)=    0.00000

     crystal axes: (cart. coord. in units of alat)
               a(1) = ( -0.5000  0.0000  0.5000 )  
               a(2) = (  0.0000  0.5000  0.5000 )  
               a(3) = ( -0.5000  0.5000  0.0000 )  

     reciprocal axes: (cart. coord. in units 2 pi/alat)
               b(1) = ( -1.0000 -1.0000  1.0000 )  
               b(2) = (  1.0000  1.0000  1.0000 )  
               b(3) = ( -1.0000  1.0000 -1.0000 )  


     Atoms inside the unit cell: 

   Cartesian axes

     site n.  atom      mass           positions (alat units)
           1        C   12.0107   tau(    1) = (    0.00000    0.00000    0.00000  )
           2        C   12.0107   tau(    2) = (    0.25000    0.25000    0.25000  )

     Computing dynamical matrix for 
                    q = (   0.0000000   0.0000000   0.0000000 )
 
     24 Sym.Ops. (no q -> -q+G )


     G cutoff =  345.2084  (   6735 G-vectors)     FFT grid: ( 27, 27, 27)
     G cutoff =  124.2750  (   1459 G-vectors)  smooth grid: ( 15, 15, 15)
     number of k points=    20
                       cart. coord. in units 2pi/alat
        k(    1) = (  -0.1250000   0.1250000   0.1250000), wk =   0.0156250
        k(    2) = (  -0.3750000   0.3750000  -0.1250000), wk =   0.0468750
        k(    3) = (   0.3750000  -0.3750000   0.6250000), wk =   0.0468750
        k(    4) = (   0.1250000  -0.1250000   0.3750000), wk =   0.0468750
        k(    5) = (  -0.1250000   0.6250000   0.1250000), wk =   0.0468750
        k(    6) = (   0.6250000  -0.1250000   0.8750000), wk =   0.0937500
        k(    7) = (   0.3750000   0.1250000   0.6250000), wk =   0.0937500
        k(    8) = (  -0.1250000  -0.8750000   0.1250000), wk =   0.0468750
        k(    9) = (  -0.3750000   0.3750000   0.3750000), wk =   0.0156250
        k(   10) = (   0.3750000  -0.3750000   1.1250000), wk =   0.0468750
        k(   11) = (   0.1250000  -0.1250000  -0.1250000), wk =   0.0156250
        k(   12) = (   0.3750000  -0.3750000   0.1250000), wk =   0.0468750
        k(   13) = (  -0.3750000   0.3750000  -0.6250000), wk =   0.0468750
        k(   14) = (  -0.1250000   0.1250000  -0.3750000), wk =   0.0468750
        k(   15) = (   0.1250000  -0.6250000  -0.1250000), wk =   0.0468750
        k(   16) = (  -0.6250000   0.1250000  -0.8750000), wk =   0.0937500
        k(   17) = (  -0.3750000  -0.1250000  -0.6250000), wk =   0.0937500
        k(   18) = (   0.1250000   0.8750000  -0.1250000), wk =   0.0468750
        k(   19) = (   0.3750000  -0.3750000  -0.3750000), wk =   0.0156250
        k(   20) = (  -0.3750000   0.3750000  -1.1250000), wk =   0.0468750

     PseudoPot. # 1 for C  read from file:
     /home/giannozz/trunk/espresso/pseudo/C.pz-rrkjus.UPF
     MD5 check sum: a648be5dbf3fafdfb4e35f5396849845
     Pseudo is Ultrasoft, Zval =  4.0
     Generated by new atomic code, or converted to UPF format
     Using radial grid of 1425 points,  4 beta functions with: 
                l(1) =   0
                l(2) =   0
                l(3) =   1
                l(4) =   1
     Q(r) pseudized with 0 coefficients 



     Electric field:
     Dielectric constant
     Born effective charges as d Force / d E


     Atomic displacements:
     There are   2 irreducible representations

     Representation     1      3 modes -T_2  G_15 P_4  To be done

     Representation     2      3 modes -T_2  G_15 P_4  To be done



     Alpha used in Ewald sum =   2.8000
     PHONON       :     1.42s CPU         1.62s WALL


     Electric Fields Calculation

      iter #   1 total cpu time :     6.5 secs   av.it.:   6.1
      thresh= 0.100E-01 alpha_mix =  0.700 |ddv_scf|^2 =  0.133E-08

      iter #   2 total cpu time :     8.6 secs   av.it.:  12.3
      thresh= 0.365E-05 alpha_mix =  0.700 |ddv_scf|^2 =  0.169E-10

      iter #   3 total cpu time :    11.5 secs   av.it.:  12.4
      thresh= 0.411E-06 alpha_mix =  0.700 |ddv_scf|^2 =  0.782E-12

      iter #   4 total cpu time :    13.6 secs   av.it.:  12.5
      thresh= 0.884E-07 alpha_mix =  0.700 |ddv_scf|^2 =  0.123E-14

     End of electric fields calculation

          Dielectric constant in cartesian axis 

          (       5.755962853       0.000000000       0.000000000 )
          (       0.000000000       5.755962853       0.000000000 )
          (       0.000000000       0.000000000       5.755962853 )

          Effective charges (d Force / dE) in cartesian axis

           atom      1   C  
      Ex  (        0.04194        0.00000        0.00000 )
      Ey  (        0.00000        0.04194        0.00000 )
      Ez  (        0.00000        0.00000        0.04194 )
           atom      2   C  
      Ex  (        0.04194        0.00000        0.00000 )
      Ey  (        0.00000        0.04194        0.00000 )
      Ez  (        0.00000        0.00000        0.04194 )


     Representation #  1 modes #   1  2  3

     Self-consistent Calculation

      iter #   1 total cpu time :    16.7 secs   av.it.:   6.9
      thresh= 0.100E-01 alpha_mix =  0.700 |ddv_scf|^2 =  0.207E-07

      iter #   2 total cpu time :    19.0 secs   av.it.:  12.8
      thresh= 0.144E-04 alpha_mix =  0.700 |ddv_scf|^2 =  0.558E-10

      iter #   3 total cpu time :    22.0 secs   av.it.:  12.4
      thresh= 0.747E-06 alpha_mix =  0.700 |ddv_scf|^2 =  0.192E-11

      iter #   4 total cpu time :    24.2 secs   av.it.:  11.8
      thresh= 0.139E-06 alpha_mix =  0.700 |ddv_scf|^2 =  0.427E-13

      iter #   5 total cpu time :    28.2 secs   av.it.:  11.7
      thresh= 0.207E-07 alpha_mix =  0.700 |ddv_scf|^2 =  0.456E-16

     End of self-consistent calculation

     Convergence has been achieved 


     Representation #  2 modes #   4  5  6

     Self-consistent Calculation

      iter #   1 total cpu time :    30.3 secs   av.it.:   7.0
      thresh= 0.100E-01 alpha_mix =  0.700 |ddv_scf|^2 =  0.207E-07

      iter #   2 total cpu time :    35.0 secs   av.it.:  12.9
      thresh= 0.144E-04 alpha_mix =  0.700 |ddv_scf|^2 =  0.549E-10

      iter #   3 total cpu time :    38.9 secs   av.it.:  12.7
      thresh= 0.741E-06 alpha_mix =  0.700 |ddv_scf|^2 =  0.184E-11

      iter #   4 total cpu time :    41.5 secs   av.it.:  12.0
      thresh= 0.136E-06 alpha_mix =  0.700 |ddv_scf|^2 =  0.423E-13

      iter #   5 total cpu time :    45.4 secs   av.it.:  11.8
      thresh= 0.206E-07 alpha_mix =  0.700 |ddv_scf|^2 =  0.456E-16

     End of self-consistent calculation

     Convergence has been achieved 
 
     Number of q in the star =    1
     List of q in the star:
          1   0.000000000   0.000000000   0.000000000

          Dielectric constant in cartesian axis 

          (       5.755962853       0.000000000       0.000000000 )
          (       0.000000000       5.755962853       0.000000000 )
          (       0.000000000       0.000000000       5.755962853 )

          Effective charges (d Force / dE) in cartesian axis

           atom      1   C  
      Ex  (        0.04194        0.00000        0.00000 )
      Ey  (        0.00000        0.04194        0.00000 )
      Ez  (        0.00000        0.00000        0.04194 )
           atom      2   C  
      Ex  (        0.04194        0.00000        0.00000 )
      Ey  (        0.00000        0.04194        0.00000 )
      Ez  (        0.00000        0.00000        0.04194 )

     Diagonalizing the dynamical matrix

     q = (    0.000000000   0.000000000   0.000000000 ) 

 **************************************************************************
     omega(    1) =       0.560005 [THz] =      18.679771 [cm-1]
     omega(    2) =       0.560005 [THz] =      18.679771 [cm-1]
     omega(    3) =       0.560005 [THz] =      18.679771 [cm-1]
     omega(    4) =      38.441968 [THz] =    1282.286020 [cm-1]
     omega(    5) =      38.441968 [THz] =    1282.286020 [cm-1]
     omega(    6) =      38.441968 [THz] =    1282.286020 [cm-1]
 **************************************************************************

     Mode symmetry, T_d (-43m)  [T_d (-43m) ] magnetic point group:

     omega(  1 -  3) =         18.7  [cm-1]   --> T_2  G_15 P_4   I+R
     omega(  4 -  6) =       1282.3  [cm-1]   --> T_2  G_15 P_4   I+R
 
     PHONON       :    31.75s CPU        45.47s WALL

     INITIALIZATION: 
     phq_setup    :      0.05s CPU      0.05s WALL (       1 calls)
     phq_init     :      0.58s CPU      0.64s WALL (       1 calls)
 
     phq_init     :      0.58s CPU      0.64s WALL (       1 calls)
     init_vloc    :      0.00s CPU      0.00s WALL (       1 calls)
     init_us_1    :      0.29s CPU      0.30s WALL (       1 calls)
     newd         :      0.01s CPU      0.01s WALL (       1 calls)
     dvanqq       :      0.12s CPU      0.13s WALL (       1 calls)
     drho         :      0.32s CPU      0.36s WALL (       1 calls)
     cmpt_qdipol  :      0.00s CPU      0.00s WALL (       1 calls)
 
     DIELECTRIC CONSTANT AND EFFECTIVE CHARGES:
     solve_e      :      9.94s CPU     11.99s WALL (       1 calls)
     dielec       :      0.00s CPU      0.00s WALL (       1 calls)
     zstar_eu     :      0.94s CPU      1.02s WALL (       1 calls)
 
     DYNAMICAL MATRIX:
     dynmat0      :      0.03s CPU      0.04s WALL (       1 calls)
     phqscf       :     19.43s CPU     30.81s WALL (       1 calls)
     dynmatrix    :      0.01s CPU      0.01s WALL (       1 calls)
 
     phqscf       :     19.43s CPU     30.81s WALL (       1 calls)
     solve_linter :     19.38s CPU     30.69s WALL (       2 calls)
     drhodv       :      0.05s CPU      0.08s WALL (       2 calls)
 
     dynmat0      :      0.03s CPU      0.04s WALL (       1 calls)
     dynmat_us    :      0.03s CPU      0.04s WALL (       1 calls)
     d2ionq       :      0.00s CPU      0.00s WALL (       1 calls)
 
     dynmat_us    :      0.03s CPU      0.04s WALL (       1 calls)
     addusdynmat  :      0.00s CPU      0.00s WALL (       1 calls)
 
     phqscf       :     19.43s CPU     30.81s WALL (       1 calls)
     solve_linter :     19.38s CPU     30.69s WALL (       2 calls)
 
     solve_linter :     19.38s CPU     30.69s WALL (       2 calls)
     dvqpsi_us    :      0.42s CPU      0.51s WALL (     240 calls)
     ortho        :      0.16s CPU      0.22s WALL (     900 calls)
     cgsolve      :     21.90s CPU     27.53s WALL (     900 calls)
     incdrhoscf   :      1.49s CPU      1.91s WALL (     900 calls)
     addusddens   :      0.33s CPU      0.43s WALL (      12 calls)
     vpsifft      :      0.62s CPU      0.92s WALL (     480 calls)
     dv_of_drho   :      0.13s CPU      0.17s WALL (      45 calls)
     mix_pot      :      0.27s CPU      0.67s WALL (      14 calls)
     symdvscf     :      0.56s CPU      0.79s WALL (      10 calls)
     newdq        :      0.41s CPU      0.51s WALL (      14 calls)
     adddvscf     :      0.09s CPU      0.07s WALL (     660 calls)
     drhodvus     :      0.01s CPU      0.03s WALL (       2 calls)
 
     dvqpsi_us    :      0.42s CPU      0.51s WALL (     240 calls)
     dvqpsi_us_on :      0.10s CPU      0.13s WALL (     240 calls)
 
     cgsolve      :     21.90s CPU     27.53s WALL (     900 calls)
     ch_psi       :     21.36s CPU     26.90s WALL (   12414 calls)
 
     ch_psi       :     21.36s CPU     26.90s WALL (   12414 calls)
     h_psiq       :     18.72s CPU     23.75s WALL (   12414 calls)
     last         :      2.53s CPU      3.01s WALL (   12414 calls)
 
     h_psiq       :     18.72s CPU     23.75s WALL (   12414 calls)
     firstfft     :      8.66s CPU     10.91s WALL (   87560 calls)
     secondfft    :      5.73s CPU      7.47s WALL (   87560 calls)
     add_vuspsi   :      0.72s CPU      0.89s WALL (   12414 calls)
 
     incdrhoscf   :      1.49s CPU      1.91s WALL (     900 calls)
 
     drhodvus     :      0.01s CPU      0.03s WALL (       2 calls)
 
      General routines
     calbec       :      1.63s CPU      1.94s WALL (   30428 calls)
     fft          :      0.28s CPU      0.41s WALL (     898 calls)
     ffts         :      0.03s CPU      0.04s WALL (     634 calls)
     fftw         :     12.28s CPU     15.87s WALL (  410080 calls)
     cinterpolate :      0.19s CPU      0.24s WALL (     372 calls)
     davcio       :      0.14s CPU      5.30s WALL (    4442 calls)
     write_rec    :      0.05s CPU      0.48s WALL (      16 calls)
 
 
     PHONON       :    31.75s CPU        45.47s WALL

 
   This run was terminated on:  16: 8:44   7Dec2012            

=------------------------------------------------------------------------------=
   JOB DONE.
=------------------------------------------------------------------------------=
