************************************************************************
****                                                                ****
****  CPV: variable-cell Car-Parrinello molecular dynamics          ****
****  using ultrasoft Vanderbilt pseudopotentials - v.2.0           ****
****                                                                ****
************************************************************************

     Parallel version (MPI)
     Number of processors in use:      1
reading ppot for species #  1 from file /home/ballabio/O-sesame/pseudo/O.LDA.US.RRKJ3.UPF
reading ppot for species #  2 from file /home/ballabio/O-sesame/pseudo/Si.vbc.UPF


 nbeg=  0 nomore=     50    iprint=  50
 reads from 91 writes on 92
 time step =   15.0000

 parameters for electron dynamics:
 emass=     700.00  emaec=       3.00ry
 orthog. with lagrange multipliers: eps=  0.10E-07 max= 20
 verlet algorithm for electron dynamics
 with friction frice =  0.2000 , grease =  1.0000


 ions are not allowed to move

 modified kinetic energy functional, with parameters:
 agg = 150.0000  sgg =  2.0000  e0gg =  16.00
 iprsta =  1

  UNIT8 = 
 /home/ballabio/tmp/intel//fort.8                                               
                                                                                
                                                                                
                    
 
 unit vectors of full simulation cell
 in real space:                         in reciprocal space:
    9.2899    0.0000    0.0000              1.0000    0.0000    0.0000
    0.0000   16.0907    0.0000              0.0000    0.5773    0.0000
    0.0000    0.0000   10.2147              0.0000    0.0000    0.9095
 
 ggen:  # of g vectors < gcut   ng=  23643
 ggen:  # of g vectors < gcuts ngs=   9216
 ggen:  # of g vectors < gcutw ngw=   1153
 ggen:  # of g shells  < gcut  ngl=   6537
 
 
 unit vectors of box grid cell
 in real space:                         in reciprocal space:
    3.7160    0.0000    0.0000              1.0000    0.0000    0.0000
    0.0000    4.0227    0.0000              0.0000    0.9238    0.0000
    0.0000    0.0000    4.0859              0.0000    0.0000    0.9095
 
 ggenb: # of gb vectors < gcutb ngb =    948
 ggenb: # of gb shells  < gcutb ngbl=    312
 initialization 

 ibrav=  8 alat=  9.290 omega= 1526.9015
 gcut=  327.91    gcuts=  174.88 gcutw=   43.72
 k-points: nkpt= 1


 meshes:
  dense grid: nr1 ,nr2, nr3  =   40  64  40  nr1x, nr2x, nr3x =   40  64  40
 smooth grid: nr1s,nr2s,nr3s =   27  45  30  nr1sx,nr2sx,nr3sx=   27  45  30
    box grid: nr1b,nr2b,nr3b =   16  16  16  nr1bx,nr2bx,nr3bx=   16  16  16

 exchange-correlation potential:  SLA  PZ   NOGX NOGC

 ecutw=   20.0 ryd    ecuts=   80.0 ryd    ecut=  150.0 ryd

 # of electrons=   96 # of states=   48


 nspin= 1
 occupation numbers:
 2.0 2.0 2.0 2.0 2.0 2.0 2.0 2.0 2.0 2.0 2.0 2.0 2.0 2.0 2.0 2.0 2.0 2.0 2.0 2.0
 2.0 2.0 2.0 2.0 2.0 2.0 2.0 2.0 2.0 2.0 2.0 2.0 2.0 2.0 2.0 2.0 2.0 2.0 2.0 2.0
 2.0 2.0 2.0 2.0 2.0 2.0 2.0 2.0

 # of atomic species    2
 is=  1
  na=  12  atomic mass= 16.00 gaussian rcmax=  1.00
 atomic coordinates:
       3.19  14.83   1.23       7.83   6.79   1.23       2.07   6.00   4.74
       6.72  14.04   4.74       3.96  11.27   7.88       8.61   3.22   7.88
       3.96   4.82   9.15       8.61  12.86   9.15       3.19   1.26   5.58
       7.83   9.30   5.58       2.08  10.09   2.07       6.72   2.05   2.07
 is=  2
  na=   6  atomic mass= 28.00 gaussian rcmax=  1.00
 atomic coordinates:
       0.29   8.05   3.40       4.93   0.00   3.40       2.13  12.28  -0.04
       6.78   4.23  -0.04       2.13   3.81   6.85       6.78  11.86   6.85
    NOTA BENE: refg, mmx =   3.000000000000000E-002        5001

   READING FROM RESTART FILE ...
 ### reading from file  91 only h  ##
 ibrav =    8       cell parameters 

       9.28990       0.00000       0.00000
       0.00000      16.09066       0.00000
       0.00000       0.00000      10.21471
 
 wmass (calculated) =        49868.29

  out from init
  nlinit  nh(is),ngb,is,kkbeta,lmaxq =            8         948           1
         865           5
 
                        qqq 
  -0.0987   0.4865   0.0000   0.0000
   0.4865  -2.1787   0.0000   0.0000
   0.0000   0.0000   0.2330   0.2950
   0.0000   0.0000   0.2950   0.3737
 
   betagx  
   1  indv=  1   ang. mom=  0
   2  indv=  2   ang. mom=  0
   3  indv=  3   ang. mom=  1
   4  indv=  3   ang. mom=  1
   5  indv=  3   ang. mom=  1
   6  indv=  4   ang. mom=  1
   7  indv=  4   ang. mom=  1
   8  indv=  4   ang. mom=  1
 
                        dion 
   0.4817  -1.2813   0.0000   0.0000
  -1.2813   2.3075   0.0000   0.0000
   0.0000   0.0000   0.6338   0.8752
   0.0000   0.0000   0.8752   1.2039
   betagx  
   1  indv=  1   ang. mom=  0
   2  indv=  2   ang. mom=  1
   3  indv=  2   ang. mom=  1
   4  indv=  2   ang. mom=  1
 
                        dion 
   0.7619   0.0000
   0.0000   1.8417
  out from nlinit

   READING FROM RESTART FILE ...
 ## reading from file  91
  formf: eself= 210.64152
  formf:     vps(g=0)=  -0.0099256     rhops(g=0)=  -0.0039295
  formf: sum_g vps(g)=  -2.2959144 sum_g rhops(g)=  -0.5407261
  formf:     vps(g=0)=  -0.0098400     rhops(g=0)=  -0.0026197
  formf: sum_g vps(g)=  -2.3753533 sum_g rhops(g)=  -0.3604841


 subroutine rhoofr: total integrated electronic density
 in g-space = 96.000000     in r-space = 96.000000


                total energy =     -207.11778 a.u.
              kinetic energy =       99.38922 a.u.
        electrostatic energy =     -198.78942 a.u.
                         esr =        0.42692 a.u.
                       eself =      210.64152 a.u.
      pseudopotential energy =      -97.43128 a.u.
  n-l pseudopotential energy =       37.99396 a.u.
 exchange-correlation energy =      -48.28027 a.u.
           average potential =       -0.53644 a.u.




 eigenvalues at k-point:  0.000 0.000 0.000
  -24.22  -23.68  -23.50  -23.05  -22.71  -22.48  -22.47  -22.06  -21.96  -21.91
  -21.75  -21.62  -11.59  -11.41  -11.28  -10.51   -9.37   -8.75   -8.70   -8.50
   -8.46   -8.12   -7.94   -7.61   -6.40   -6.13   -6.02   -5.78   -5.59   -5.47
   -4.91   -4.83   -4.73   -4.63   -4.37   -4.15   -4.03   -3.88   -3.70   -3.13
   -2.83   -1.66   -1.18   -0.51    0.50    2.61    4.40    7.34
 
 
 
  nfi    ekinc  temph tempp      enthal       econs       econt    vnhh   xnhh0    vnhp   xnhp0
    1  1.07305      0     0  -207.11778  -207.11778  -206.04474  0.0000  0.0000  0.0000  0.0000
    2  1.39291      0     0  -208.88898  -208.88898  -207.49607  0.0000  0.0000  0.0000  0.0000
    3  1.60555      0     0  -210.37002  -210.37002  -208.76448  0.0000  0.0000  0.0000  0.0000
    4  1.25395      0     0  -211.12662  -211.12662  -209.87267  0.0000  0.0000  0.0000  0.0000
    5  0.79361      0     0  -211.44007  -211.44007  -210.64646  0.0000  0.0000  0.0000  0.0000
    6  0.47160      0     0  -211.60384  -211.60384  -211.13224  0.0000  0.0000  0.0000  0.0000
    7  0.28851      0     0  -211.71798  -211.71798  -211.42947  0.0000  0.0000  0.0000  0.0000
    8  0.18501      0     0  -211.80052  -211.80052  -211.61552  0.0000  0.0000  0.0000  0.0000
    9  0.12247      0     0  -211.85902  -211.85902  -211.73656  0.0000  0.0000  0.0000  0.0000
   10  0.08197      0     0  -211.89879  -211.89879  -211.81682  0.0000  0.0000  0.0000  0.0000
   11  0.05495      0     0  -211.92533  -211.92533  -211.87038  0.0000  0.0000  0.0000  0.0000
   12  0.03724      0     0  -211.94371  -211.94371  -211.90647  0.0000  0.0000  0.0000  0.0000
   13  0.02581      0     0  -211.95712  -211.95712  -211.93130  0.0000  0.0000  0.0000  0.0000
   14  0.01799      0     0  -211.96670  -211.96670  -211.94871  0.0000  0.0000  0.0000  0.0000
   15  0.01204      0     0  -211.97255  -211.97255  -211.96051  0.0000  0.0000  0.0000  0.0000
   16  0.00758      0     0  -211.97567  -211.97567  -211.96808  0.0000  0.0000  0.0000  0.0000
   17  0.00471      0     0  -211.97754  -211.97754  -211.97283  0.0000  0.0000  0.0000  0.0000
   18  0.00308      0     0  -211.97896  -211.97896  -211.97588  0.0000  0.0000  0.0000  0.0000
   19  0.00214      0     0  -211.98009  -211.98009  -211.97795  0.0000  0.0000  0.0000  0.0000
   20  0.00152      0     0  -211.98092  -211.98092  -211.97940  0.0000  0.0000  0.0000  0.0000
   21  0.00105      0     0  -211.98146  -211.98146  -211.98041  0.0000  0.0000  0.0000  0.0000
   22  0.00070      0     0  -211.98179  -211.98179  -211.98109  0.0000  0.0000  0.0000  0.0000
   23  0.00045      0     0  -211.98199  -211.98199  -211.98154  0.0000  0.0000  0.0000  0.0000
   24  0.00028      0     0  -211.98210  -211.98210  -211.98182  0.0000  0.0000  0.0000  0.0000
   25  0.00018      0     0  -211.98218  -211.98218  -211.98200  0.0000  0.0000  0.0000  0.0000
   26  0.00012      0     0  -211.98224  -211.98224  -211.98212  0.0000  0.0000  0.0000  0.0000
   27  0.00009      0     0  -211.98229  -211.98229  -211.98221  0.0000  0.0000  0.0000  0.0000
   28  0.00006      0     0  -211.98233  -211.98233  -211.98227  0.0000  0.0000  0.0000  0.0000
   29  0.00004      0     0  -211.98235  -211.98235  -211.98231  0.0000  0.0000  0.0000  0.0000
   30  0.00003      0     0  -211.98236  -211.98236  -211.98233  0.0000  0.0000  0.0000  0.0000
   31  0.00002      0     0  -211.98236  -211.98236  -211.98235  0.0000  0.0000  0.0000  0.0000
   32  0.00001      0     0  -211.98237  -211.98237  -211.98236  0.0000  0.0000  0.0000  0.0000
   33  0.00001      0     0  -211.98237  -211.98237  -211.98237  0.0000  0.0000  0.0000  0.0000
   34  0.00001      0     0  -211.98238  -211.98238  -211.98237  0.0000  0.0000  0.0000  0.0000
   35  0.00000      0     0  -211.98238  -211.98238  -211.98237  0.0000  0.0000  0.0000  0.0000
   36  0.00000      0     0  -211.98238  -211.98238  -211.98238  0.0000  0.0000  0.0000  0.0000
   37  0.00000      0     0  -211.98238  -211.98238  -211.98238  0.0000  0.0000  0.0000  0.0000
   38  0.00000      0     0  -211.98238  -211.98238  -211.98238  0.0000  0.0000  0.0000  0.0000

   MAIN:          EKINC   (thr)          DETOT   (thr)       MAXFORCE   (thr)
   MAIN:   0.969701D-06  0.1D-05  0.540833D-06  0.1D-03  0.000000D+00  0.1D+12
   MAIN: convergence achieved for system relaxation


              averaged quantities :
         ekinc          ekin          epot          etot     tempp
       0.19576      94.86051    -343.06800    -211.66217       0.0
     initialize   :    20.25s CPU
     total_time   :   100.58s CPU (      38 calls,   2.647 s avg)
     formf        :     2.29s CPU
     rhoofr       :    25.99s CPU (      38 calls,   0.684 s avg)
     vofrho       :    10.55s CPU (      38 calls,   0.278 s avg)
     dforce       :    40.80s CPU (     912 calls,   0.045 s avg)
     calphi       :     1.76s CPU (      38 calls,   0.046 s avg)
     ortho        :     7.82s CPU (      38 calls,   0.206 s avg)
     updatc       :     1.23s CPU (      38 calls,   0.032 s avg)
     newd         :     9.81s CPU (      38 calls,   0.258 s avg)
     calbec       :     0.91s CPU (      39 calls,   0.023 s avg)
     prefor       :     0.49s CPU (      38 calls,   0.013 s avg)
     strucf       :     0.42s CPU (      39 calls,   0.011 s avg)
     rhov         :     4.60s CPU (      38 calls,   0.121 s avg)
     nlsm1        :     5.56s CPU (     115 calls,   0.048 s avg)
     fft          :     9.37s CPU (     152 calls,   0.062 s avg)
     ffts         :     0.83s CPU (      76 calls,   0.011 s avg)
     fftw         :    30.08s CPU (    2736 calls,   0.011 s avg)
     fftb         :     2.68s CPU (    8436 calls,   0.000 s avg)
     rsg          :     0.23s CPU (      38 calls,   0.006 s avg)


====================== end cprvan ======================


     CP           :  2m 1.04s CPU time


   MEMORY STATISTICS FROM PE(1) : 
