=------------------------------------------------------------------------------=

     CPV: variable-cell Car-Parrinello molecular dynamics
     using ultrasoft Vanderbilt pseudopotentials

     Version: 2.1cvs - Sun Jul 31 02:34:00 CEST 2005                      
     Authors: Alfredo Pasquarello, Kari Laasonen, Andrea Trave, Roberto Car,
       Paolo Giannozzi, Nicola Marzari, and others

=------------------------------------------------------------------------------=

   This run was started on:  16:16:44   1Aug2005               

   Serial Build

   Job Title: MD Simulation


   Atomic Pseudopotentials Parameters
   ----------------------------------

   Reading pseudopotential for specie #  1 from file :
   /tmp/giannozz/espresso/pseudo/O.LDA.US.RRKJ3.UPF
   file type is 20

   Reading pseudopotential for specie #  2 from file :
   /tmp/giannozz/espresso/pseudo/Si.vbc.UPF
   file type is 20


   Main Simulation Parameters (from input)
   ---------------------------------------
   Restart Mode       =       0   reset_counters 
   Number of MD Steps =      10
   Print out every           10 MD Steps
   Reads from unit    =      92
   Writes to unit     =      93
   MD Simulation time step            =      12.00
   Electronic fictitious mass (emass) =     700.00
   emass cut-off                      =       3.00

   Simulation Cell Parameters (from input)
   external pressure       =            1.00 [GPa]
   wmass (calculated)      =        49868.29 [AU]
   ibrav =    8
   alat  =     9.28990000
   a1    =     9.28990000    0.00000000    0.00000000
   a2    =     0.00000000   16.09066419    0.00000000
   a3    =     0.00000000    0.00000000   10.21470954
 
   b1    =     0.10764379    0.00000000    0.00000000
   b2    =     0.00000000    0.06214784    0.00000000
   b3    =     0.00000000    0.00000000    0.09789804
   omega =  1526.90153773

   Energy Cut-offs
   ---------------
   Ecutwfc =   20.0 Ryd.,    Ecutrho =  150.0 Ryd.,    Ecuts =   80.0 Ryd.
   Gcutwfc =    6.6     ,    Gcutrho =   18.1          Gcuts =   13.2
   modified kinetic energy functional, with parameters:
   ecutz = 150.0000  ecsig =  2.0000  ecfix =  16.00
   NOTA BENE: refg, mmx =   0.030000  5001
   Eigenvalues calculated without the kinetic term contribution
   Orthog. with lagrange multipliers : eps =   0.10E-07,  max =  30
   Electron dynamics with newton equations
   Electron dynamics : the temperature is not controlled

   Electronic states
   -----------------
   Number of Electron =    96, of States =    48
   Occupation numbers :
   2.00 2.00 2.00 2.00 2.00 2.00 2.00 2.00 2.00 2.00
   2.00 2.00 2.00 2.00 2.00 2.00 2.00 2.00 2.00 2.00
   2.00 2.00 2.00 2.00 2.00 2.00 2.00 2.00 2.00 2.00
   2.00 2.00 2.00 2.00 2.00 2.00 2.00 2.00 2.00 2.00
   2.00 2.00 2.00 2.00 2.00 2.00 2.00 2.00


   Exchange and correlations functionals
   -------------------------------------
   Using Local Density Approximation with
     Exchange functional: SLATER                                                      
     Correlation functional: PERDEW AND ZUNGER                                           
     Exchange-correlation      =  SLA  PZ   NOGX NOGC (1100)


   Ions Simulation Parameters
   --------------------------
   Ions are allowed to move
   Ions dynamics with newton equations
   the temperature is computed for    54 degrees of freedom
   ion dynamics with fricp =  0.0000 and greasp =  1.0000
   Ionic position (from input)
   sorted by specie, and converted to real a.u. coordinates
   Species   1 atoms =   12 mass =     29166.24 (a.u.),        16.00 (uma) rcmax =   1.00 (a.u.)
        3.188294    14.832370     1.228830
        7.832315     6.787040     1.228830
        2.074435     5.995380     4.737583
        6.720314    14.042319     4.737583
        3.963071    11.269898     7.878606
        8.608021     3.222959     7.878606
        3.963071     4.819153     9.146251
        8.608021    12.864483     9.146251
        3.187365     1.256681     5.580296
        7.833244     9.302011     5.580296
        2.075364    10.092062     2.073586
        6.719385     2.046732     2.073586
   Species   2 atoms =    6 mass =     51040.92 (a.u.),        28.00 (uma) rcmax =   1.00 (a.u.)
        0.288916     8.045330     3.404563
        4.933866     0.000000     3.404563
        2.133890    12.277174    -0.041880
        6.778840     4.231844    -0.041880
        2.133890     3.813486     6.852027
        6.778840    11.858816     6.852027
   Ionic position will be re-read from restart file

   All atoms are allowed to move
   Ionic temperature control via nose thermostat


   ion dynamics with nose` temperature control:
   temperature required      =  300.00000 (kelvin) 
   NH chain length           =   1
   active degrees of freedom =  54
   time steps per nose osc.  =   516


   nose` frequency(es)       =       6.667


   the requested type of NH chains is     0
   total number of thermostats used     1 0
   ionic degrees of freedom for each chain   54


   nose` mass(es) for chain    1 =  100013.420


   Cell Dynamics Parameters (from STDIN)
   -------------------------------------
   internal stress tensor calculated
   Starting cell generated from CELLDM
   Cell parameters will be re-read from restart file
   Volume dynamics with newton equations
   cell parameters dynamics with nose` temp. control
   Constant PRESSURE Molecular dynamics:
   External pressure (GPa) =        1.00
   Volume mass             =    49868.29


   cell dynamics with nose` temperature control:
   Kinetic energy required   =  300.00000 (Kelvin) 
   time steps per nose osc.  =   400
   nose` frequency           =      8.607 (THz) 
   nose` mass(es)            =   10000.049

   Verbosity: iprsta =  1



   Simulation dimensions initialization
   ------------------------------------

   unit vectors of full simulation cell
   in real space:                         in reciprocal space (units 2pi/alat):
   1     9.2899    0.0000    0.0000              1.0000    0.0000    0.0000
   2     0.0000   16.0907    0.0000              0.0000    0.5773    0.0000
   3     0.0000    0.0000   10.2147              0.0000    0.0000    0.9095
 
   Stick Mesh
   ----------
   nst =   892,  nstw =   120, nsts =   476
        PEs    n.st   n.stw   n.sts    n.g    n.gw   n.gs
          1    1783     239     951   47285    2305   18431
          0    1783     239     951   47285    2305   18431
 
 
   Real Mesh Report 
   ---------------- 
   Global Dimensions   Local  Dimensions   Processor Grid
   .X.   .Y.   .Z.     .X.   .Y.   .Z.     .X.   .Y.   .Z.
    40    64    40      40    64    40       1     1     1
   Array leading dimensions ( nr1x, nr2x, nr3x )   =     40    64    40
   Local number of cell to store the grid ( nnrx ) =     102400
   Number of x-y planes for each processors: 
   nr3l =    40
 
   Smooth Real Mesh Report 
   ----------------------- 
   Global Dimensions   Local  Dimensions   Processor Grid
   .X.   .Y.   .Z.     .X.   .Y.   .Z.     .X.   .Y.   .Z.
    27    45    30      27    45    30       1     1     1
   Array leading dimensions ( nr1x, nr2x, nr3x )   =     27    45    30
   Local number of cell to store the grid ( nnrx ) =      36450
   Number of x-y planes for each processors: 
   nr3sl =    30
 
   Small Box Real Mesh Report 
   -------------------------- 
   Global Dimensions   Local  Dimensions   Processor Grid
   .X.   .Y.   .Z.     .X.   .Y.   .Z.     .X.   .Y.   .Z.
    16    16    16      16    16    16       1     1     1
   Array leading dimensions ( nr1x, nr2x, nr3x )   =     16    16    16
   Local number of cell to store the grid ( nnrx ) =       4096
 
   Reciprocal Space Mesh
   ---------------------
                Large Mesh Number of G               Small Mesh Number of G
   PE       Global       Local   Max Local       Global       Local   Max Local
    1        23643       23643       23643         1153        1153        1153
 
   unit vectors of box grid cell
   in real space:                         in reciprocal space:
       3.7160    0.0000    0.0000              1.0000    0.0000    0.0000
       0.0000    4.0227    0.0000              0.0000    0.9238    0.0000
       0.0000    0.0000    4.0859              0.0000    0.0000    0.9095

                Small box Mesh Number of G
   PE       Global       Local   Max Local
    1          948         948         948

   Simulation dimensions initialization completed


 ibrav =    8       cell parameters 

       9.28990       0.00000       0.00000
       0.00000      16.09066       0.00000
       0.00000       0.00000      10.21471
 
  nlinit  nh(is), ngb, is, kkbeta, lmaxq =            8         948           1
         865           3
 
                        qqq 
  -0.0987   0.4865   0.0000   0.0000
   0.4865  -2.1787   0.0000   0.0000
   0.0000   0.0000   0.2330   0.2950
   0.0000   0.0000   0.2950   0.3737
 


   Common initialization

   Specie:     1
   1  indv=  1   ang. mom=  0
   2  indv=  2   ang. mom=  0
   3  indv=  3   ang. mom=  1
   4  indv=  3   ang. mom=  1
   5  indv=  3   ang. mom=  1
   6  indv=  4   ang. mom=  1
   7  indv=  4   ang. mom=  1
   8  indv=  4   ang. mom=  1
 
                        dion 
   0.4817  -1.2813   0.0000   0.0000
  -1.2813   2.3075   0.0000   0.0000
   0.0000   0.0000   0.6338   0.8752
   0.0000   0.0000   0.8752   1.2039

   Specie:     2
   1  indv=  1   ang. mom=  0
   2  indv=  2   ang. mom=  1
   3  indv=  2   ang. mom=  1
   4  indv=  2   ang. mom=  1
 
                        dion 
   0.7619   0.0000
   0.0000   1.8417
  formf: eself= 210.64152
  formf:     vps(g=0)=  -0.0099256     rhops(g=0)=  -0.0039295
  formf: sum_g vps(g)=  -2.2959144 sum_g rhops(g)=  -0.5407261
  formf:     vps(g=0)=  -0.0098400     rhops(g=0)=  -0.0026197
  formf: sum_g vps(g)=  -2.3753533 sum_g rhops(g)=  -0.3604841
  formf: eself= 210.64152
  formf:     vps(g=0)=  -0.0099256     rhops(g=0)=  -0.0039295
  formf: sum_g vps(g)=  -2.2959144 sum_g rhops(g)=  -0.5407261
  formf:     vps(g=0)=  -0.0098400     rhops(g=0)=  -0.0026197
  formf: sum_g vps(g)=  -2.3753533 sum_g rhops(g)=  -0.3604841


                total energy =     -211.98238 a.u.
              kinetic energy =       94.60094 a.u.
        electrostatic energy =     -198.25263 a.u.
                         esr =        0.42692 a.u.
                       eself =      210.64152 a.u.
      pseudopotential energy =      -96.26674 a.u.
  n-l pseudopotential energy =       36.46572 a.u.
 exchange-correlation energy =      -48.52967 a.u.
           average potential =       -0.53150 a.u.


 cell parameters h
      9.28990      0.00000      0.00000
      0.00000     16.09066      0.00000
      0.00000      0.00000     10.21471


 
 derivative of e(tot)
      0.08520     -0.00001      0.00003
     -0.00002      0.07371      0.00341
      0.00004      0.00217      0.15891


 


 eigenvalues at k-point:  0.000 0.000 0.000
  -23.66  -23.19  -22.79  -22.33  -22.27  -22.24  -21.79  -21.78  -21.76  -21.74
  -21.71  -21.71  -11.61  -11.55  -11.39  -10.72   -9.14   -8.68   -8.68   -8.65
   -8.63   -8.43   -8.39   -7.73   -6.23   -6.09   -6.06   -5.99   -5.94   -5.68
   -5.63   -5.23   -5.18   -4.79   -4.77   -4.40   -4.37   -4.34   -4.16   -4.02
   -3.99   -3.96   -3.67   -3.62   -3.25   -3.24   -3.16   -2.98
 
 
 
  nfi    ekinc  temph  tempp        etot      enthal       econs       econt    vnhh   xnhh0    vnhp   xnhp0
    1  0.00001  240.2    7.9  -211.98238  -211.93048  -211.92638  -211.92637  0.0000  0.0000  0.0000  0.0000
    2  0.00023  940.9   30.1  -211.98197  -211.93000  -211.91402  -211.91379  0.0000  0.0000  0.0000 -0.0001
    3  0.00121  898.1   26.8  -211.98162  -211.92957  -211.91448  -211.91327  0.0000  0.0002  0.0000 -0.0002
    4  0.00221  858.7   24.3  -211.98197  -211.92986  -211.91555  -211.91333  0.0000  0.0004  0.0000 -0.0004
    5  0.00198  838.0   24.3  -211.98217  -211.92998  -211.91596  -211.91396  0.0000  0.0008  0.0000 -0.0007
    6  0.00098  839.9   27.6  -211.98180  -211.92955  -211.91522  -211.91421  0.0000  0.0012  0.0000 -0.0010
    7  0.00035  853.7   33.0  -211.98168  -211.92937  -211.91438  -211.91398  0.0000  0.0018  0.0000 -0.0014
    8  0.00019  861.3   37.7  -211.98200  -211.92962  -211.91412  -211.91386  0.0001  0.0024  0.0000 -0.0019
    9  0.00024  849.0   39.3  -211.98197  -211.92952  -211.91406  -211.91374  0.0001  0.0031  0.0000 -0.0025

 * Step     10

   from rhoofr: total integrated electronic density
   in g-space =   96.000000   in r-space =  96.000000


                total energy =     -211.98163 a.u.
              kinetic energy =       94.30847 a.u.
        electrostatic energy =     -198.24958 a.u.
                         esr =        0.40273 a.u.
                       eself =      210.64152 a.u.
      pseudopotential energy =      -95.93813 a.u.
  n-l pseudopotential energy =       36.31662 a.u.
 exchange-correlation energy =      -48.41901 a.u.
           average potential =       -0.52782 a.u.


 cell parameters h
      9.34597      0.00010     -0.00012
      0.00017     16.12074     -0.00048
     -0.00013     -0.00030     10.25646


 
 derivative of e(tot)
      0.13441     -0.00003      0.00070
     -0.00004      0.08851      0.00304
      0.00077      0.00194      0.17763


 


 eigenvalues at k-point:  0.000 0.000 0.000
  -23.63  -23.15  -22.80  -22.34  -22.29  -22.22  -21.82  -21.77  -21.76  -21.75
  -21.75  -21.72  -11.63  -11.55  -11.38  -10.74   -9.17   -8.72   -8.68   -8.65
   -8.63   -8.43   -8.38   -7.73   -6.26   -6.13   -6.09   -6.00   -5.98   -5.69
   -5.66   -5.25   -5.23   -4.83   -4.81   -4.44   -4.40   -4.37   -4.24   -4.06
   -4.05   -4.03   -3.71   -3.70   -3.31   -3.30   -3.23   -3.05
 
 
   10  0.00079  816.6   37.8  -211.98163  -211.92911  -211.91424  -211.91334  0.0001  0.0039 -0.0001 -0.0031

   Cell Variables (AU)

   STEP:     10   0.019835
    9.34596622    0.00009983   -0.00012088
    0.00017292   16.12073543   -0.00047881
   -0.00013294   -0.00030418   10.25645888

   Total Stress (GPa)

   STEP:     10   0.019835
       -3.41517286        -0.00533499        -0.14156829
       -0.00533499        -6.65594711        -0.59632060
       -0.14156837        -0.59632059       -14.13117607

   Atomic Positions (AU)

   STEP:     10   0.019835
O      0.32076058E+01  0.14872047E+02  0.12270487E+01
O      0.78767416E+01  0.68073417E+01  0.12265588E+01
O      0.20953943E+01  0.60072600E+01  0.47501964E+01
O      0.67726352E+01  0.14067342E+02  0.47499393E+01
O      0.39832112E+01  0.11279381E+02  0.79049783E+01
O      0.86568268E+01  0.32212518E+01  0.79025262E+01
O      0.39786740E+01  0.48425114E+01  0.91907833E+01
O      0.86523243E+01  0.12898643E+02  0.92005202E+01
O      0.32053868E+01  0.12547537E+01  0.56034181E+01
O      0.78784999E+01  0.93093467E+01  0.56063273E+01
O      0.20966768E+01  0.10104559E+02  0.20849348E+01
O      0.67686297E+01  0.20443655E+01  0.20861651E+01
Si     0.28969980E+00  0.80602897E+01  0.34187494E+01
Si     0.49626569E+01  0.18744832E-05  0.34189137E+01
Si     0.21460622E+01  0.12300236E+02 -0.41814870E-01
Si     0.68189271E+01  0.42398708E+01 -0.41771172E-01
Si     0.21459184E+01  0.38205046E+01  0.68803078E+01
Si     0.68189897E+01  0.11880979E+02  0.68801058E+01

   Atomic Velocities (AU)

   STEP:     10   0.019835
O     -0.19697062E-05  0.12094807E-03 -0.64803366E-04
O     -0.28236324E-04  0.80347566E-04 -0.69075587E-04
O      0.86263192E-04  0.11484762E-04 -0.66455972E-04
O      0.11695268E-03 -0.77772170E-05 -0.65321805E-04
O     -0.38764615E-04 -0.11705126E-03 -0.65565059E-04
O     -0.32972208E-04 -0.83468595E-04 -0.88384410E-04
O     -0.79592774E-04  0.14976860E-03  0.81808955E-04
O     -0.74996681E-04  0.10980146E-03  0.17393938E-03
O     -0.11795815E-04 -0.48440114E-04  0.79406338E-05
O     -0.20375591E-04 -0.10114187E-03  0.37483474E-04
O      0.90015541E-04 -0.60321515E-04  0.32135750E-04
O      0.89753223E-04 -0.60014399E-04  0.41899177E-04
Si    -0.10833222E-04  0.31223367E-07  0.39445117E-05
Si    -0.10514967E-04  0.16074251E-06  0.51426980E-05
Si    -0.79489938E-05  0.17369849E-06  0.53071484E-05
Si    -0.90757520E-05 -0.12720769E-05  0.43753809E-05
Si    -0.80777265E-05  0.20538271E-05  0.31576714E-05
Si    -0.74241483E-05  0.22037348E-05  0.34433469E-05

   Atomic Forces (AU)

   STEP:     10   0.019835
O     -0.25487907E-03 -0.11942157E-01  0.77065775E-02
O      0.43659513E-02 -0.40610816E-02  0.92700483E-02
O     -0.76273577E-02  0.83577348E-03  0.64666953E-02
O     -0.12511711E-01  0.30557274E-02  0.80969434E-02
O      0.30287483E-02  0.10281498E-01 -0.13308968E-02
O      0.17131314E-02  0.36814248E-02  0.31007437E-02
O      0.11068579E-01 -0.15562247E-01 -0.16987998E-02
O      0.93784143E-02 -0.90904788E-02 -0.17745285E-01
O      0.22755208E-02 -0.17710895E-02  0.20082196E-02
O      0.28957945E-02  0.87992265E-02 -0.22270132E-02
O     -0.70064898E-02  0.90104144E-02 -0.23677067E-02
O     -0.68562714E-02  0.89906410E-02 -0.45770579E-02
Si    -0.30891562E-02 -0.98092110E-03 -0.22747988E-04
Si    -0.23793044E-02 -0.18266973E-02  0.17403288E-02
Si    -0.44309107E-03 -0.79375612E-03 -0.28979665E-03
Si    -0.21888105E-02 -0.29827431E-02 -0.10831139E-02
Si    -0.40018317E-03  0.76200917E-03  0.88285740E-03
Si     0.50808815E-03  0.13464306E-02  0.13604161E-02


              averaged quantities :
         ekinc          ekin          epot          etot     tempp
       0.00082      94.47551    -342.86881    -211.98192      28.9
     initialize   :    11.43s CPU
     total_time   :    34.32s CPU (      10 calls,   3.432 s avg)
     formf        :    17.65s CPU (      11 calls,   1.605 s avg)
     rhoofr       :     5.52s CPU (      10 calls,   0.552 s avg)
     vofrho       :     1.87s CPU (      10 calls,   0.187 s avg)
     dforce       :     2.70s CPU (     240 calls,   0.011 s avg)
     calphi       :     0.10s CPU (      10 calls,   0.010 s avg)
     ortho        :     0.96s CPU (      10 calls,   0.096 s avg)
     updatc       :     0.06s CPU (      10 calls,   0.006 s avg)
     newd         :     1.84s CPU (      10 calls,   0.184 s avg)
     calbec       :     0.13s CPU (      11 calls,   0.012 s avg)
     prefor       :     0.05s CPU (      20 calls,   0.002 s avg)
     strucf       :     0.06s CPU (      11 calls,   0.005 s avg)
     nlfl         :     0.00s CPU (      10 calls,   0.000 s avg)
     nlfq         :     0.92s CPU (      10 calls,   0.092 s avg)
     rhov         :     0.37s CPU (      10 calls,   0.037 s avg)
     nlsm1        :     0.53s CPU (      31 calls,   0.017 s avg)
     nlsm2        :     0.91s CPU (      10 calls,   0.091 s avg)
     fft          :     2.71s CPU (     130 calls,   0.021 s avg)
     ffts         :     0.11s CPU (      20 calls,   0.006 s avg)
     fftw         :     2.19s CPU (     720 calls,   0.003 s avg)
     fftb         :     1.20s CPU (    2940 calls,   0.000 s avg)
     rsg          :     0.35s CPU (      10 calls,   0.035 s avg)
 Opening file restart.xml


======================== end cp ========================


 
     CP90         :    46.01s CPU time

 
   This run was terminated on:  16:17:30   1Aug2005            

=------------------------------------------------------------------------------=
   ELAPSED SECONDS:    46.0
   JOB DONE.
=------------------------------------------------------------------------------=

   MEMORY STATISTICS FROM PE(1) : 
