=------------------------------------------------------------------------------=

     CP: variable-cell Car-Parrinello molecular dynamics
     using norm-conserving and ultrasoft Vanderbilt pseudopotentials

     Version: 3.0 - Mon Oct 24 02:34:10 CEST 2005                         
     Authors: Alfredo Pasquarello, Kari Laasonen, Andrea Trave, Roberto Car,
       Paolo Giannozzi, Nicola Marzari, Carlo Cavazzoni, Guido Chiarotti,
       Sandro Scandolo, Paolo Focher, Gerardo Ballabio, and others

=------------------------------------------------------------------------------=

   This run was started on:   3:33: 5  10Nov2005               

   Serial Build

   Job Title: MD Simulation


   Atomic Pseudopotentials Parameters
   ----------------------------------

   Reading pseudopotential for specie #  1 from file :
   /scr/giannozz/espresso/pseudo/O.LDA.US.RRKJ3.UPF
   file type is 20

   Reading pseudopotential for specie #  2 from file :
   /scr/giannozz/espresso/pseudo/Si.vbc.UPF
   file type is 20


   Main Simulation Parameters (from input)
   ---------------------------------------
   Restart Mode       =       0   reset_counters 
   Number of MD Steps =      10
   Print out every           10 MD Steps
   Reads from unit    =      92
   Writes to unit     =      93
   MD Simulation time step            =      12.00
   Electronic fictitious mass (emass) =     700.00
   emass cut-off                      =       3.00

   Simulation Cell Parameters (from input)
   external pressure       =            1.00 [GPa]
   wmass (calculated)      =        49868.29 [AU]
   ibrav =    8
   alat  =     9.28990000
   a1    =     9.28990000    0.00000000    0.00000000
   a2    =     0.00000000   16.09066419    0.00000000
   a3    =     0.00000000    0.00000000   10.21470954
 
   b1    =     0.10764379    0.00000000    0.00000000
   b2    =     0.00000000    0.06214784    0.00000000
   b3    =     0.00000000    0.00000000    0.09789804
   omega =  1526.90153773

   Energy Cut-offs
   ---------------
   Ecutwfc =   20.0 Ryd.,    Ecutrho =  150.0 Ryd.,    Ecuts =   80.0 Ryd.
   Gcutwfc =    6.6     ,    Gcutrho =   18.1          Gcuts =   13.2
   modified kinetic energy functional, with parameters:
   ecutz = 150.0000  ecsig =  2.0000  ecfix =  16.00
   NOTA BENE: refg, mmx =   0.050000  3600
   Eigenvalues calculated without the kinetic term contribution
   Orthog. with lagrange multipliers : eps =   0.10E-07,  max =  30
   Electron dynamics with newton equations
   Electron dynamics : the temperature is not controlled

   Electronic states
   -----------------
   Number of Electron =    96, of States =    48
   Occupation numbers :
   2.00 2.00 2.00 2.00 2.00 2.00 2.00 2.00 2.00 2.00
   2.00 2.00 2.00 2.00 2.00 2.00 2.00 2.00 2.00 2.00
   2.00 2.00 2.00 2.00 2.00 2.00 2.00 2.00 2.00 2.00
   2.00 2.00 2.00 2.00 2.00 2.00 2.00 2.00 2.00 2.00
   2.00 2.00 2.00 2.00 2.00 2.00 2.00 2.00


   Exchange and correlations functionals
   -------------------------------------
   Using Local Density Approximation with
     Exchange functional: SLATER                                                      
     Correlation functional: PERDEW AND ZUNGER                                           
     Exchange-correlation      =  SLA  PZ   NOGX NOGC (1100)


   Ions Simulation Parameters
   --------------------------
   Ions are allowed to move
   Ions dynamics with newton equations
   the temperature is computed for    54 degrees of freedom
   ion dynamics with fricp =  0.0000 and greasp =  1.0000
   Ionic position (from input)
   sorted by specie, and converted to real a.u. coordinates
   Species   1 atoms =   12 mass =     29166.24 (a.u.),        16.00 (amu) rcmax =   1.00 (a.u.)
        3.188294    14.832370     1.228830
        7.832315     6.787040     1.228830
        2.074435     5.995380     4.737583
        6.720314    14.042319     4.737583
        3.963071    11.269898     7.878606
        8.608021     3.222959     7.878606
        3.963071     4.819153     9.146251
        8.608021    12.864483     9.146251
        3.187365     1.256681     5.580296
        7.833244     9.302011     5.580296
        2.075364    10.092062     2.073586
        6.719385     2.046732     2.073586
   Species   2 atoms =    6 mass =     51040.92 (a.u.),        28.00 (amu) rcmax =   1.00 (a.u.)
        0.288916     8.045330     3.404563
        4.933866     0.000000     3.404563
        2.133890    12.277174    -0.041880
        6.778840     4.231844    -0.041880
        2.133890     3.813486     6.852027
        6.778840    11.858816     6.852027
   Ionic position will be re-read from restart file

   All atoms are allowed to move
   Ionic temperature control via nose thermostat


   ion dynamics with nose` temperature control:
   temperature required      =  300.00000 (kelvin) 
   NH chain length           =   1
   active degrees of freedom =  54
   time steps per nose osc.  =   516


   nose` frequency(es)       =       6.667


   the requested type of NH chains is     0
   total number of thermostats used     1 0
   ionic degrees of freedom for each chain   54


   nose` mass(es) for chain    1 =  100013.420


   Cell Dynamics Parameters (from STDIN)
   -------------------------------------
   internal stress tensor calculated
   Starting cell generated from CELLDM
   Cell parameters will be re-read from restart file
   Volume dynamics with newton equations
   cell parameters dynamics with nose` temp. control
   Constant PRESSURE Molecular dynamics:
   External pressure (GPa) =        1.00
   Volume mass             =    49868.29


   cell dynamics with nose` temperature control:
   Kinetic energy required   =  300.00000 (Kelvin) 
   time steps per nose osc.  =   400
   nose` frequency           =      8.607 (THz) 
   nose` mass(es)            =   10000.049

   Verbosity: iprsta =  1



   Simulation dimensions initialization
   ------------------------------------

   unit vectors of full simulation cell
   in real space:                         in reciprocal space (units 2pi/alat):
   1     9.2899    0.0000    0.0000              1.0000    0.0000    0.0000
   2     0.0000   16.0907    0.0000              0.0000    0.5773    0.0000
   3     0.0000    0.0000   10.2147              0.0000    0.0000    0.9095
 
   Stick Mesh
   ----------
   nst =   892,  nstw =   120, nsts =   476
        PEs    n.st   n.stw   n.sts    n.g    n.gw   n.gs
          1    1783     239     951   47285    2305   18431
          0    1783     239     951   47285    2305   18431
 
 
   Real Mesh
   ---------
   Global Dimensions   Local  Dimensions   Processor Grid
   .X.   .Y.   .Z.     .X.   .Y.   .Z.     .X.   .Y.   .Z.
    40    64    40      40    64    40       1     1     1
   Array leading dimensions ( nr1x, nr2x, nr3x )   =     40    64    40
   Local number of cell to store the grid ( nnrx ) =     102400
   Number of x-y planes for each processors: 
   nr3l =    40
 
   Smooth Real Mesh
   ----------------
   Global Dimensions   Local  Dimensions   Processor Grid
   .X.   .Y.   .Z.     .X.   .Y.   .Z.     .X.   .Y.   .Z.
    27    45    30      27    45    30       1     1     1
   Array leading dimensions ( nr1x, nr2x, nr3x )   =     27    45    30
   Local number of cell to store the grid ( nnrx ) =      36450
   Number of x-y planes for each processors: 
   nr3sl =    30
 
   Small Box Real Mesh
   -------------------
   Global Dimensions   Local  Dimensions   Processor Grid
   .X.   .Y.   .Z.     .X.   .Y.   .Z.     .X.   .Y.   .Z.
    16    16    16      16    16    16       1     1     1
   Array leading dimensions ( nr1x, nr2x, nr3x )   =     16    16    16
   Local number of cell to store the grid ( nnrx ) =       4096
 
   unit vectors of box grid cell
   in real space:                         in reciprocal space:
       3.7160    0.0000    0.0000              1.0000    0.0000    0.0000
       0.0000    4.0227    0.0000              0.0000    0.9238    0.0000
       0.0000    0.0000    4.0859              0.0000    0.0000    0.9095
 
   Reciprocal Space Mesh
   ---------------------
                Large Mesh
   PE   Global(ngmt)     Local(ngm) MaxLocal(ngmx)
    1          23643          23643          23643
                Smooth Mesh
   PE   Global(ngst)     Local(ngs) MaxLocal(ngsx)
    1           9216           9216           9216
                Wave function Mesh
   PE   Global(ngwt)     Local(ngw) MaxLocal(ngwx)
    1           1153           1153           1153

                Small box Mesh
   ngb =          948 not distributed to processors


   System geometry initialization
   ------------------------------

   Scaled atomic positions                                from standard input
   Species   1 atoms =   12
    O       0.343200     0.921800     0.120300
    O       0.843100     0.421800     0.120300
    O       0.223300     0.372600     0.463800
    O       0.723400     0.872700     0.463800
    O       0.426600     0.700400     0.771300
    O       0.926600     0.200300     0.771300
    O       0.426600     0.299500     0.895400
    O       0.926600     0.799500     0.895400
    O       0.343100     0.078100     0.546300
    O       0.843200     0.578100     0.546300
    O       0.223400     0.627200     0.203000
    O       0.723300     0.127200     0.203000
   Species   2 atoms =    6
    Si      0.031100     0.500000     0.333300
    Si      0.531100     0.000000     0.333300
    Si      0.229700     0.763000    -0.004100
    Si      0.729700     0.263000    -0.004100
    Si      0.229700     0.237000     0.670800
    Si      0.729700     0.737000     0.670800
   ibrav =    8       cell parameters 

       9.28990       0.00000       0.00000
       0.00000      16.09066       0.00000
       0.00000       0.00000      10.21471
 


   Pseudopotentials initialization
   -------------------------------
  nlinit  nh(is), ngb, is, kkbeta, lmaxq =            8         948           1
         865           3
 
                        qqq 
  -0.0987   0.4865   0.0000   0.0000
   0.4865  -2.1787   0.0000   0.0000
   0.0000   0.0000   0.2330   0.2950
   0.0000   0.0000   0.2950   0.3737
 


   Common initialization

   Specie:     1
   1  indv=  1   ang. mom=  0
   2  indv=  2   ang. mom=  0
   3  indv=  3   ang. mom=  1
   4  indv=  3   ang. mom=  1
   5  indv=  3   ang. mom=  1
   6  indv=  4   ang. mom=  1
   7  indv=  4   ang. mom=  1
   8  indv=  4   ang. mom=  1
 
                        dion 
   0.4817  -1.2813   0.0000   0.0000
  -1.2813   2.3075   0.0000   0.0000
   0.0000   0.0000   0.6338   0.8752
   0.0000   0.0000   0.8752   1.2039

   Specie:     2
   1  indv=  1   ang. mom=  0
   2  indv=  2   ang. mom=  1
   3  indv=  2   ang. mom=  1
   4  indv=  2   ang. mom=  1
 
                        dion 
   0.7619   0.0000
   0.0000   1.8417
 
   Short Legend and Physical Units in the Output
   ---------------------------------------------
   NFI    [int]  - step index
   EKINC  [HARTREE A.U.] - kinetic energy of the fictitious electronic dynamics
   TEMPH  [K]    - Temperature of the fictitious cell dynamics
   TEMP   [K]    - Ionic temperature
   ETOT   [HARTREE A.U.] - Scf total energy (Kohn-Sham hamiltonian)
   ENTHAL [HARTREE A.U.] - Enthalpy ( ETOT + P * V )
   ECONS  [HARTREE A.U.] - Enthalpy + kinetic energy of ions and cell
   ECONT  [HARTREE A.U.] - Constant of motion for the CP lagrangian
 

   reading restart file: .//cp_92.save
   restart file read in    0.061 sec.


   formf: eself= 210.64152
   formf:     vps(g=0)=  -0.0099256     rhops(g=0)=  -0.0039295
   formf: sum_g vps(g)=  -2.2959144 sum_g rhops(g)=  -0.5407261
   formf:     vps(g=0)=  -0.0098400     rhops(g=0)=  -0.0026197
   formf: sum_g vps(g)=  -2.3753533 sum_g rhops(g)=  -0.3604841

   formf: eself= 210.64152
   formf:     vps(g=0)=  -0.0099256     rhops(g=0)=  -0.0039295
   formf: sum_g vps(g)=  -2.2959144 sum_g rhops(g)=  -0.5407261
   formf:     vps(g=0)=  -0.0098400     rhops(g=0)=  -0.0026197
   formf: sum_g vps(g)=  -2.3753533 sum_g rhops(g)=  -0.3604841
 
  nfi    ekinc  temph  tempp        etot      enthal       econs       econt    vnhh   xnhh0    vnhp   xnhp0
    1  0.00001  230.0    9.9  -211.98210  -211.93020  -211.92608  -211.92607  0.0000  0.0000  0.0000  0.0000
    2  0.00025  901.0   37.4  -211.98163  -211.92966  -211.91363  -211.91338  0.0000  0.0000  0.0000 -0.0001
    3  0.00131  860.0   33.0  -211.98128  -211.92924  -211.91417  -211.91285  0.0000  0.0002  0.0000 -0.0002
    4  0.00240  822.0   29.5  -211.98167  -211.92956  -211.91533  -211.91292  0.0000  0.0004  0.0000 -0.0004
    5  0.00217  802.0   29.2  -211.98190  -211.92972  -211.91580  -211.91361  0.0000  0.0007  0.0000 -0.0007
    6  0.00108  803.6   32.8  -211.98150  -211.92926  -211.91500  -211.91389  0.0000  0.0012  0.0000 -0.0010
    7  0.00041  816.7   38.9  -211.98138  -211.92907  -211.91411  -211.91366  0.0000  0.0017  0.0000 -0.0014
    8  0.00023  823.9   44.3  -211.98173  -211.92935  -211.91382  -211.91353  0.0001  0.0023  0.0000 -0.0019
    9  0.00026  811.9   46.1  -211.98169  -211.92925  -211.91374  -211.91340  0.0001  0.0029  0.0000 -0.0024

 * Physical Quantities at step:    10

   from rhoofr: total integrated electronic density
   in g-space =   96.000000   in r-space =  96.000000
 


                total energy =     -211.98131 Hartree a.u.
              kinetic energy =       94.30807 Hartree a.u.
        electrostatic energy =     -198.25090 Hartree a.u.
                         esr =        0.40233 Hartree a.u.
                       eself =      210.64152 Hartree a.u.
      pseudopotential energy =      -95.93689 Hartree a.u.
  n-l pseudopotential energy =       36.31705 Hartree a.u.
 exchange-correlation energy =      -48.41864 Hartree a.u.
           average potential =        0.00000 Hartree a.u.



   Eigenvalues (eV), kp =   1 , spin =  1

  -23.63  -23.15  -22.79  -22.34  -22.29  -22.23  -21.81  -21.77  -21.76  -21.75
  -21.75  -21.71  -11.63  -11.55  -11.38  -10.73   -9.16   -8.71   -8.68   -8.65
   -8.63   -8.43   -8.38   -7.72   -6.26   -6.13   -6.09   -6.00   -5.98   -5.69
   -5.66   -5.24   -5.23   -4.83   -4.81   -4.43   -4.39   -4.37   -4.24   -4.06
   -4.05   -4.04   -3.70   -3.70   -3.31   -3.30   -3.22   -3.05
 
   CELL_PARAMETERS
    9.34488792   -0.00000489   -0.00022291
   -0.00000848   16.11988567   -0.00008069
   -0.00024517   -0.00005140   10.25549772

   System Density [g/cm^3] :     2.6113


   Center of mass square displacement (a.u.):  81.478579

   Total stress (GPa)
       -3.33521137        -0.04260591         0.00178987
       -0.04260591        -6.66671251        -0.60543192
        0.00178986        -0.60543191       -14.02874177
 
   ATOMIC_POSITIONS
   O    0.319746E+01  0.148725E+02  0.122914E+01
   O    0.787838E+01  0.681275E+01  0.122616E+01
   O    0.209658E+01  0.601008E+01  0.474674E+01
   O    0.677402E+01  0.140618E+02  0.475404E+01
   O    0.397545E+01  0.112778E+02  0.790672E+01
   O    0.865499E+01  0.321891E+01  0.790412E+01
   O    0.398387E+01  0.484108E+01  0.918567E+01
   O    0.865028E+01  0.128931E+02  0.919112E+01
   O    0.320292E+01  0.125216E+01  0.560610E+01
   O    0.787691E+01  0.930670E+01  0.560449E+01
   O    0.210404E+01  0.101084E+02  0.208518E+01
   O    0.677202E+01  0.205001E+01  0.208984E+01
   Si   0.289359E+00  0.806003E+01  0.341843E+01
   Si   0.496183E+01 -0.505980E-04  0.341842E+01
   Si   0.214539E+01  0.122995E+02 -0.417262E-01
   Si   0.681788E+01  0.423953E+01 -0.418254E-01
   Si   0.214526E+01  0.382052E+01  0.687958E+01
   Si   0.681764E+01  0.118803E+02  0.687950E+01
 
   ATOMIC_VELOCITIES
   O   -0.913339E-04  0.135232E-03 -0.448999E-04
   O   -0.401149E-05  0.134466E-03 -0.729899E-04
   O    0.100876E-03  0.376132E-04 -0.947357E-04
   O    0.136941E-03 -0.503919E-04 -0.267068E-04
   O   -0.103626E-03 -0.128152E-03 -0.443655E-04
   O   -0.390544E-04 -0.105316E-03 -0.659849E-04
   O   -0.261718E-04  0.135591E-03  0.413429E-04
   O   -0.833774E-04  0.632221E-04  0.947078E-04
   O   -0.302098E-04 -0.737292E-04  0.374219E-04
   O   -0.262333E-04 -0.122499E-03  0.247887E-04
   O    0.161559E-03 -0.207922E-04  0.361898E-04
   O    0.127863E-03 -0.726740E-05  0.800278E-04
   Si  -0.123957E-04  0.141774E-05  0.243211E-05
   Si  -0.122777E-04 -0.996791E-06  0.412648E-05
   Si  -0.116629E-04 -0.150918E-06  0.440525E-05
   Si  -0.106638E-04 -0.409581E-06  0.423694E-05
   Si  -0.111780E-04  0.216634E-05  0.169360E-05
   Si  -0.122342E-04 -0.869997E-06  0.322213E-05
 
   Forces acting on atoms (au):
   O    0.156799E-01 -0.116385E-01  0.533826E-02
   O    0.440930E-03 -0.140477E-01  0.808984E-02
   O   -0.942581E-02 -0.551312E-02  0.119764E-01
   O   -0.175273E-01  0.128795E-01 -0.154298E-02
   O    0.156255E-01  0.122531E-01 -0.573111E-02
   O    0.393255E-02  0.767758E-02 -0.164489E-03
   O    0.181681E-02 -0.132531E-01  0.467163E-02
   O    0.101033E-01 -0.960931E-03 -0.293514E-02
   O    0.599341E-02  0.258275E-02 -0.329307E-02
   O    0.331137E-02  0.118109E-01  0.426924E-04
   O   -0.191592E-01  0.196917E-02 -0.172183E-02
   O   -0.143564E-01 -0.113670E-02 -0.934953E-02
   Si  -0.154770E-02  0.134997E-02 -0.101033E-02
   Si  -0.782758E-03 -0.241079E-02  0.737162E-03
   Si  -0.181377E-02  0.242184E-03  0.500367E-04
   Si  -0.733144E-03 -0.130271E-02  0.217166E-03
   Si  -0.113254E-02  0.176844E-02 -0.112090E-03
   Si  -0.305858E-02 -0.191919E-02  0.211947E-02


   Partial temperatures (for each ionic specie) 
   Species  Temp (K)   Mean Square Displacement (a.u.)
        1      65.53     0.0006
        2       0.82     0.0005
 
  nfi    ekinc  temph  tempp        etot      enthal       econs       econt    vnhh   xnhh0    vnhp   xnhp0
   10  0.00085  780.7   44.0  -211.98131  -211.92880  -211.91392  -211.91298  0.0001  0.0037 -0.0001 -0.0030


              averaged quantities :
         ekinc          ekin          epot          etot     tempp
       0.00090      94.47543    -342.86826    -211.98162      34.5
     initialize   :     7.72s CPU
     total_time   :    15.88s CPU (      10 calls,   1.588 s avg)
     formf        :     0.74s CPU (      11 calls,   0.067 s avg)
     rhoofr       :     5.54s CPU (      10 calls,   0.554 s avg)
     vofrho       :     1.82s CPU (      10 calls,   0.182 s avg)
     dforce       :     2.53s CPU (     240 calls,   0.011 s avg)
     calphi       :     0.10s CPU (      10 calls,   0.010 s avg)
     ortho        :     0.41s CPU (      10 calls,   0.041 s avg)
     updatc       :     0.08s CPU (      10 calls,   0.008 s avg)
     newd         :     1.76s CPU (      10 calls,   0.176 s avg)
     calbec       :     0.09s CPU (      11 calls,   0.008 s avg)
     prefor       :     0.03s CPU (      20 calls,   0.002 s avg)
     strucf       :     0.08s CPU (      11 calls,   0.007 s avg)
     nlfl         :     0.00s CPU (      10 calls,   0.000 s avg)
     nlfq         :     0.51s CPU (      10 calls,   0.051 s avg)
     rhov         :     0.40s CPU (      10 calls,   0.040 s avg)
     nlsm1        :     0.36s CPU (      31 calls,   0.012 s avg)
     nlsm2        :     0.51s CPU (      10 calls,   0.051 s avg)
     fft          :     2.74s CPU (     130 calls,   0.021 s avg)
     ffts         :     0.13s CPU (      20 calls,   0.007 s avg)
     fftw         :     2.14s CPU (     720 calls,   0.003 s avg)
     fftb         :     1.31s CPU (    2940 calls,   0.000 s avg)
     rsg          :     0.01s CPU (      10 calls,   0.001 s avg)

   writing restart file: .//cp_93.save
   restart file written in    1.772 sec.



======================== end cp ========================


 
     CP           :    25.21s CPU time

 
   This run was terminated on:   3:33:31  10Nov2005            

=------------------------------------------------------------------------------=
   ELAPSED SECONDS:    26.0
   JOB DONE.
=------------------------------------------------------------------------------=

   MEMORY STATISTICS FROM PE(1) : 
