=------------------------------------------------------------------------------=

     CP: variable-cell Car-Parrinello molecular dynamics
     using norm-conserving and ultrasoft Vanderbilt pseudopotentials

     Version: 4.0cvs - Mon Mar 24 19:15:02 CET 2008                       
     Authors: Alfredo Pasquarello, Kari Laasonen, Andrea Trave, Roberto Car,
       Paolo Giannozzi, Nicola Marzari, Carlo Cavazzoni, Guido Chiarotti,
       Sandro Scandolo, Paolo Focher, Gerardo Ballabio, and others

=------------------------------------------------------------------------------=

   This run was started on:  20:34:51  24Mar2008               

   Serial Build

   Job Title: MD Simulation


   Atomic Pseudopotentials Parameters
   ----------------------------------

   Reading pseudopotential for specie #  1 from file :
   /scratch/usercin/acv0/espresso/pseudo/O.pz-rrkjus.UPF
   file type is 20: UPF

   Reading pseudopotential for specie #  2 from file :
   /scratch/usercin/acv0/espresso/pseudo/Si.vbc.UPF
   file type is 20: UPF


   Main Simulation Parameters (from input)
   ---------------------------------------
   Restart Mode       =       0   reset_counters 
   Number of MD Steps =      50
   Print out every           50 MD Steps
   Reads from unit    =      91
   Writes to unit     =      92
   MD Simulation time step            =      15.00
   Electronic fictitious mass (emass) =     700.00
   emass cut-off                      =       3.00

   Simulation Cell Parameters (from input)
   external pressure       =            0.00 [GPa]
   wmass (calculated)      =        49868.25 [AU]
   ibrav =    8
   alat  =     9.28990000
   a1    =     9.28990000    0.00000000    0.00000000
   a2    =     0.00000000   16.09066419    0.00000000
   a3    =     0.00000000    0.00000000   10.21470954
 
   b1    =     0.10764379    0.00000000    0.00000000
   b2    =     0.00000000    0.06214784    0.00000000
   b3    =     0.00000000    0.00000000    0.09789804
   omega =  1526.90153773

   Energy Cut-offs
   ---------------
   Ecutwfc =   20.0 Ry,      Ecutrho =  150.0 Ry,      Ecuts =   80.0 Ry
   Gcutwfc =    6.6     ,    Gcutrho =   18.1          Gcuts =   13.2
   modified kinetic energy functional, with parameters:
   ecutz = 150.0000  ecsig =  2.0000  ecfix =  16.00
   NOTA BENE: refg, mmx =   0.050000  3600
   Eigenvalues calculated without the kinetic term contribution
   Orthog. with lagrange multipliers : eps =   0.10E-07,  max =  20
   verlet algorithm for electron dynamics
   with friction frice =  0.2000 , grease =  1.0000
   Electron dynamics : the temperature is not controlled

   Electronic states
   -----------------
   Number of Electron =    96, of States =    48
   Occupation numbers :
   2.00 2.00 2.00 2.00 2.00 2.00 2.00 2.00 2.00 2.00
   2.00 2.00 2.00 2.00 2.00 2.00 2.00 2.00 2.00 2.00
   2.00 2.00 2.00 2.00 2.00 2.00 2.00 2.00 2.00 2.00
   2.00 2.00 2.00 2.00 2.00 2.00 2.00 2.00 2.00 2.00
   2.00 2.00 2.00 2.00 2.00 2.00 2.00 2.00


   Exchange and correlations functionals
   -------------------------------------
   Using Local Density Approximation with
     Exchange functional: SLATER                                                      
     Correlation functional: PERDEW AND ZUNGER                                           
     Exchange-correlation      =  SLA  PZ   NOGX NOGC (1100)


   Ions Simulation Parameters
   --------------------------
   Ions are not allowed to move
   Ionic position (from input)
   sorted by specie, and converted to real a.u. coordinates
   Species   1 atoms =   12 mass =     29166.22 (a.u.),        16.00 (amu) rcmax =   1.00 (a.u.)
        3.188294    14.832370     1.228830
        7.832315     6.787040     1.228830
        2.074435     5.995380     4.737583
        6.720314    14.042319     4.737583
        3.963071    11.269898     7.878606
        8.608021     3.222959     7.878606
        3.963071     4.819153     9.146251
        8.608021    12.864483     9.146251
        3.187365     1.256681     5.580296
        7.833244     9.302011     5.580296
        2.075364    10.092062     2.073586
        6.719385     2.046732     2.073586
   Species   2 atoms =    6 mass =     51040.88 (a.u.),        28.00 (amu) rcmax =   1.00 (a.u.)
        0.288916     8.045330     3.404563
        4.933866     0.000000     3.404563
        2.133890    12.277174    -0.041880
        6.778840     4.231844    -0.041880
        2.133890     3.813486     6.852027
        6.778840    11.858816     6.852027
   Ionic position will be re-read from restart file


   Cell Dynamics Parameters (from STDIN)
   -------------------------------------
   Starting cell generated from CELLDM
   Cell parameters will be re-read from restart file
   Constant VOLUME Molecular dynamics
   cell parameters are not allowed to move

   Verbosity: iprsta =  1



   Simulation dimensions initialization
   ------------------------------------

   unit vectors of full simulation cell
   in real space:                         in reciprocal space (units 2pi/alat):
   1     9.2899    0.0000    0.0000              1.0000    0.0000    0.0000
   2     0.0000   16.0907    0.0000              0.0000    0.5773    0.0000
   3     0.0000    0.0000   10.2147              0.0000    0.0000    0.9095
 
   Stick Mesh
   ----------
   nst =   892,  nstw =   120, nsts =   476
        PEs    n.st   n.stw   n.sts    n.g    n.gw   n.gs
          1    1783     239     951   47285    2305   18431
          0    1783     239     951   47285    2305   18431
 
 
   Real Mesh
   ---------
   Global Dimensions   Local  Dimensions   Processor Grid
   .X.   .Y.   .Z.     .X.   .Y.   .Z.     .X.   .Y.   .Z.
    40    64    40      40    64    40       1     1     1
   Array leading dimensions ( nr1x, nr2x, nr3x )   =     40    64    40
   Local number of cell to store the grid ( nnrx ) =     102400
   Number of x-y planes for each processors: 
   nr3l =    40
 
   Smooth Real Mesh
   ----------------
   Global Dimensions   Local  Dimensions   Processor Grid
   .X.   .Y.   .Z.     .X.   .Y.   .Z.     .X.   .Y.   .Z.
    27    45    30      27    45    30       1     1     1
   Array leading dimensions ( nr1x, nr2x, nr3x )   =     27    45    30
   Local number of cell to store the grid ( nnrx ) =      36450
   Number of x-y planes for each processors: 
   nr3sl =    30
 
   Small Box Real Mesh
   -------------------
   Global Dimensions   Local  Dimensions   Processor Grid
   .X.   .Y.   .Z.     .X.   .Y.   .Z.     .X.   .Y.   .Z.
    16    16    16      16    16    16       1     1     1
   Array leading dimensions ( nr1x, nr2x, nr3x )   =     16    16    16
   Local number of cell to store the grid ( nnrx ) =       4096
 
   unit vectors of box grid cell
   in real space:                         in reciprocal space:
       3.7160    0.0000    0.0000              1.0000    0.0000    0.0000
       0.0000    4.0227    0.0000              0.0000    0.9238    0.0000
       0.0000    0.0000    4.0859              0.0000    0.0000    0.9095
 
   Reciprocal Space Mesh
   ---------------------
                Large Mesh
   PE   Global(ngmt)     Local(ngm) MaxLocal(ngmx)
    1          23643          23643          23643
                Smooth Mesh
   PE   Global(ngst)     Local(ngs) MaxLocal(ngsx)
    1           9216           9216           9216
                Wave function Mesh
   PE   Global(ngwt)     Local(ngw) MaxLocal(ngwx)
    1           1153           1153           1153

                Small box Mesh
   ngb =          948 not distributed to processors


   System geometry initialization
   ------------------------------
 
   Scaled positions from standard input
   O    0.343200E+00  0.921800E+00  0.120300E+00
   O    0.843100E+00  0.421800E+00  0.120300E+00
   O    0.223300E+00  0.372600E+00  0.463800E+00
   O    0.723400E+00  0.872700E+00  0.463800E+00
   O    0.426600E+00  0.700400E+00  0.771300E+00
   O    0.926600E+00  0.200300E+00  0.771300E+00
   O    0.426600E+00  0.299500E+00  0.895400E+00
   O    0.926600E+00  0.799500E+00  0.895400E+00
   O    0.343100E+00  0.781000E-01  0.546300E+00
   O    0.843200E+00  0.578100E+00  0.546300E+00
   O    0.223400E+00  0.627200E+00  0.203000E+00
   O    0.723300E+00  0.127200E+00  0.203000E+00
   Si   0.311000E-01  0.500000E+00  0.333300E+00
   Si   0.531100E+00  0.000000E+00  0.333300E+00
   Si   0.229700E+00  0.763000E+00 -0.410000E-02
   Si   0.729700E+00  0.263000E+00 -0.410000E-02
   Si   0.229700E+00  0.237000E+00  0.670800E+00
   Si   0.729700E+00  0.737000E+00  0.670800E+00
   ibrav =    8       cell parameters 

       9.28990       0.00000       0.00000
       0.00000      16.09066       0.00000
       0.00000       0.00000      10.21471
 


   Pseudopotentials initialization
   -------------------------------
  nlinit  nh(is), ngb, is, kkbeta, lmaxq =            8         948           1
         865           3
 
                        qqq 
  -0.0987   0.4865   0.0000   0.0000
   0.4865  -2.1787   0.0000   0.0000
   0.0000   0.0000   0.2330   0.2950
   0.0000   0.0000   0.2950   0.3737
 


   Common initialization

   Specie:     1
   1  indv=  1   ang. mom=  0
   2  indv=  2   ang. mom=  0
   3  indv=  3   ang. mom=  1
   4  indv=  3   ang. mom=  1
   5  indv=  3   ang. mom=  1
   6  indv=  4   ang. mom=  1
   7  indv=  4   ang. mom=  1
   8  indv=  4   ang. mom=  1
 
                        dion 
   0.4817  -1.2813   0.0000   0.0000
  -1.2813   2.3075   0.0000   0.0000
   0.0000   0.0000   0.6338   0.8752
   0.0000   0.0000   0.8752   1.2039

   Specie:     2
   1  indv=  1   ang. mom=  0
   2  indv=  2   ang. mom=  1
   3  indv=  2   ang. mom=  1
   4  indv=  2   ang. mom=  1
 
                        dion 
   0.7619   0.0000
   0.0000   1.8417
 
   Short Legend and Physical Units in the Output
   ---------------------------------------------
   NFI    [int]          - step index
   EKINC  [HARTREE A.U.] - kinetic energy of the fictitious electronic dynamics
   TEMPH  [K]            - Temperature of the fictitious cell dynamics
   TEMP   [K]            - Ionic temperature
   ETOT   [HARTREE A.U.] - Scf total energy (Kohn-Sham hamiltonian)
   ENTHAL [HARTREE A.U.] - Enthalpy ( ETOT + P * V )
   ECONS  [HARTREE A.U.] - Enthalpy + kinetic energy of ions and cell
   ECONT  [HARTREE A.U.] - Constant of motion for the CP lagrangian
 

   reading restart file: /scratch/usercin/acv0/tmp///cp_91.save
   restart file read in    0.099 sec.


   formf: eself= 210.64152
   formf:     vps(g=0)=  -0.0099256     rhops(g=0)=  -0.0039295
   formf: sum_g vps(g)=  -2.2959144 sum_g rhops(g)=  -0.5407261
   formf:     vps(g=0)=  -0.0098400     rhops(g=0)=  -0.0026197
   formf: sum_g vps(g)=  -2.3753533 sum_g rhops(g)=  -0.3604841
   Delta V(G=0):   0.197519Ry,    5.374775eV
 
  nfi    ekinc  temph  tempp        etot      enthal       econs       econt    vnhh   xnhh0    vnhp   xnhp0
    1  1.14030    0.0    0.0  -205.37572  -205.37572  -205.37572  -204.23542  0.0000  0.0000  0.0000  0.0000
    2  1.78251    0.0    0.0  -207.22881  -207.22881  -207.22881  -205.44630  0.0000  0.0000  0.0000  0.0000
    3  1.59397    0.0    0.0  -208.78096  -208.78096  -208.78096  -207.18699  0.0000  0.0000  0.0000  0.0000
    4  1.07113    0.0    0.0  -209.59343  -209.59343  -209.59343  -208.52230  0.0000  0.0000  0.0000  0.0000
    5  0.69855    0.0    0.0  -209.97233  -209.97233  -209.97233  -209.27378  0.0000  0.0000  0.0000  0.0000
    6  0.57534    0.0    0.0  -210.30223  -210.30223  -210.30223  -209.72689  0.0000  0.0000  0.0000  0.0000
    7  0.57566    0.0    0.0  -210.72177  -210.72177  -210.72177  -210.14611  0.0000  0.0000  0.0000  0.0000
    8  0.56061    0.0    0.0  -211.18164  -211.18164  -211.18164  -210.62103  0.0000  0.0000  0.0000  0.0000
    9  0.46108    0.0    0.0  -211.56576  -211.56576  -211.56576  -211.10468  0.0000  0.0000  0.0000  0.0000
   10  0.30310    0.0    0.0  -211.79271  -211.79271  -211.79271  -211.48961  0.0000  0.0000  0.0000  0.0000
   11  0.16132    0.0    0.0  -211.87785  -211.87785  -211.87785  -211.71653  0.0000  0.0000  0.0000  0.0000
   12  0.07727    0.0    0.0  -211.89602  -211.89602  -211.89602  -211.81875  0.0000  0.0000  0.0000  0.0000
   13  0.04274    0.0    0.0  -211.90403  -211.90403  -211.90403  -211.86130  0.0000  0.0000  0.0000  0.0000
   14  0.03284    0.0    0.0  -211.92027  -211.92027  -211.92027  -211.88743  0.0000  0.0000  0.0000  0.0000
   15  0.02846    0.0    0.0  -211.94128  -211.94128  -211.94128  -211.91283  0.0000  0.0000  0.0000  0.0000
   16  0.02219    0.0    0.0  -211.95887  -211.95887  -211.95887  -211.93667  0.0000  0.0000  0.0000  0.0000
   17  0.01465    0.0    0.0  -211.96932  -211.96932  -211.96932  -211.95467  0.0000  0.0000  0.0000  0.0000
   18  0.00848    0.0    0.0  -211.97398  -211.97398  -211.97398  -211.96550  0.0000  0.0000  0.0000  0.0000
   19  0.00484    0.0    0.0  -211.97597  -211.97597  -211.97597  -211.97113  0.0000  0.0000  0.0000  0.0000
   20  0.00314    0.0    0.0  -211.97742  -211.97742  -211.97742  -211.97428  0.0000  0.0000  0.0000  0.0000
   21  0.00229    0.0    0.0  -211.97880  -211.97880  -211.97880  -211.97651  0.0000  0.0000  0.0000  0.0000
   22  0.00170    0.0    0.0  -211.97997  -211.97997  -211.97997  -211.97827  0.0000  0.0000  0.0000  0.0000
   23  0.00120    0.0    0.0  -211.98080  -211.98080  -211.98080  -211.97960  0.0000  0.0000  0.0000  0.0000
   24  0.00078    0.0    0.0  -211.98129  -211.98129  -211.98129  -211.98051  0.0000  0.0000  0.0000  0.0000
   25  0.00049    0.0    0.0  -211.98157  -211.98157  -211.98157  -211.98108  0.0000  0.0000  0.0000  0.0000
   26  0.00031    0.0    0.0  -211.98173  -211.98173  -211.98173  -211.98142  0.0000  0.0000  0.0000  0.0000
   27  0.00020    0.0    0.0  -211.98184  -211.98184  -211.98184  -211.98164  0.0000  0.0000  0.0000  0.0000
   28  0.00014    0.0    0.0  -211.98192  -211.98192  -211.98192  -211.98178  0.0000  0.0000  0.0000  0.0000
   29  0.00009    0.0    0.0  -211.98198  -211.98198  -211.98198  -211.98188  0.0000  0.0000  0.0000  0.0000
   30  0.00006    0.0    0.0  -211.98202  -211.98202  -211.98202  -211.98195  0.0000  0.0000  0.0000  0.0000
   31  0.00004    0.0    0.0  -211.98205  -211.98205  -211.98205  -211.98200  0.0000  0.0000  0.0000  0.0000
   32  0.00003    0.0    0.0  -211.98206  -211.98206  -211.98206  -211.98203  0.0000  0.0000  0.0000  0.0000
   33  0.00002    0.0    0.0  -211.98207  -211.98207  -211.98207  -211.98206  0.0000  0.0000  0.0000  0.0000
   34  0.00001    0.0    0.0  -211.98208  -211.98208  -211.98208  -211.98207  0.0000  0.0000  0.0000  0.0000
   35  0.00001    0.0    0.0  -211.98209  -211.98209  -211.98209  -211.98208  0.0000  0.0000  0.0000  0.0000
   36  0.00001    0.0    0.0  -211.98209  -211.98209  -211.98209  -211.98208  0.0000  0.0000  0.0000  0.0000
   37  0.00000    0.0    0.0  -211.98209  -211.98209  -211.98209  -211.98209  0.0000  0.0000  0.0000  0.0000
   38  0.00000    0.0    0.0  -211.98209  -211.98209  -211.98209  -211.98209  0.0000  0.0000  0.0000  0.0000
   39  0.00000    0.0    0.0  -211.98210  -211.98210  -211.98210  -211.98209  0.0000  0.0000  0.0000  0.0000
   40  0.00000    0.0    0.0  -211.98210  -211.98210  -211.98210  -211.98209  0.0000  0.0000  0.0000  0.0000
   41  0.00000    0.0    0.0  -211.98210  -211.98210  -211.98210  -211.98210  0.0000  0.0000  0.0000  0.0000

   MAIN:          EKINC   (thr)          DETOT   (thr)       MAXFORCE   (thr)
   MAIN:   0.728077D-06  0.1D-05  0.269140D-06  0.1D-03  0.000000D+00  0.1D+11
   MAIN: convergence achieved for system relaxation

 * Physical Quantities at step:    42
 


                total energy =     -211.98210 Hartree a.u.
              kinetic energy =       94.60103 Hartree a.u.
        electrostatic energy =     -198.25284 Hartree a.u.
                         esr =        0.42693 Hartree a.u.
                       eself =      210.64152 Hartree a.u.
      pseudopotential energy =      -96.26641 Hartree a.u.
  n-l pseudopotential energy =       36.46570 Hartree a.u.
 exchange-correlation energy =      -48.52957 Hartree a.u.
           average potential =        0.00000 Hartree a.u.



   Eigenvalues (eV), kp =   1 , spin =  1

  -23.66  -23.19  -22.79  -22.32  -22.26  -22.23  -21.79  -21.77  -21.75  -21.73
  -21.71  -21.70  -11.62  -11.56  -11.39  -10.73   -9.15   -8.69   -8.69   -8.66
   -8.64   -8.44   -8.40   -7.74   -6.24   -6.10   -6.08   -6.01   -5.95   -5.69
   -5.64   -5.25   -5.20   -4.81   -4.78   -4.41   -4.38   -4.35   -4.18   -4.03
   -4.01   -3.97   -3.68   -3.63   -3.26   -3.25   -3.18   -3.00
 
   Allocated memory (kb) =     18392
 
   CELL_PARAMETERS
    9.28990000    0.00000000    0.00000000
    0.00000000   16.09066419    0.00000000
    0.00000000    0.00000000   10.21470954

   System Density [g/cm^3] :     2.6421


   Center of mass square displacement (a.u.):   0.000000

   ATOMIC_POSITIONS
   O    0.318829E+01  0.148324E+02  0.122883E+01
   O    0.783231E+01  0.678704E+01  0.122883E+01
   O    0.207443E+01  0.599538E+01  0.473758E+01
   O    0.672031E+01  0.140423E+02  0.473758E+01
   O    0.396307E+01  0.112699E+02  0.787861E+01
   O    0.860802E+01  0.322296E+01  0.787861E+01
   O    0.396307E+01  0.481915E+01  0.914625E+01
   O    0.860802E+01  0.128645E+02  0.914625E+01
   O    0.318736E+01  0.125668E+01  0.558030E+01
   O    0.783324E+01  0.930201E+01  0.558030E+01
   O    0.207536E+01  0.100921E+02  0.207359E+01
   O    0.671938E+01  0.204673E+01  0.207359E+01
   Si   0.288916E+00  0.804533E+01  0.340456E+01
   Si   0.493387E+01  0.000000E+00  0.340456E+01
   Si   0.213389E+01  0.122772E+02 -0.418803E-01
   Si   0.677884E+01  0.423184E+01 -0.418803E-01
   Si   0.213389E+01  0.381349E+01  0.685203E+01
   Si   0.677884E+01  0.118588E+02  0.685203E+01
 
   ATOMIC_VELOCITIES
   O    0.000000E+00  0.000000E+00  0.000000E+00
   O    0.000000E+00  0.000000E+00  0.000000E+00
   O    0.000000E+00  0.000000E+00  0.000000E+00
   O    0.000000E+00  0.000000E+00  0.000000E+00
   O    0.000000E+00  0.000000E+00  0.000000E+00
   O    0.000000E+00  0.000000E+00  0.000000E+00
   O    0.000000E+00  0.000000E+00  0.000000E+00
   O    0.000000E+00  0.000000E+00  0.000000E+00
   O    0.000000E+00  0.000000E+00  0.000000E+00
   O    0.000000E+00  0.000000E+00  0.000000E+00
   O    0.000000E+00  0.000000E+00  0.000000E+00
   O    0.000000E+00  0.000000E+00  0.000000E+00
   Si   0.000000E+00  0.000000E+00  0.000000E+00
   Si   0.000000E+00  0.000000E+00  0.000000E+00
   Si   0.000000E+00  0.000000E+00  0.000000E+00
   Si   0.000000E+00  0.000000E+00  0.000000E+00
   Si   0.000000E+00  0.000000E+00  0.000000E+00
   Si   0.000000E+00  0.000000E+00  0.000000E+00
 


   Partial temperatures (for each ionic specie) 
   Species  Temp (K)   Mean Square Displacement (a.u.)
        1       0.00     0.0000
        2       0.00     0.0000
   42  0.00000    0.0    0.0  -211.98210  -211.98210  -211.98210  -211.98210  0.0000  0.0000  0.0000  0.0000

   MAIN:          EKINC   (thr)          DETOT   (thr)       MAXFORCE   (thr)
   MAIN:   0.480814D-06  0.1D-05  0.198279D-06  0.1D-03  0.000000D+00  0.1D+11
   MAIN: convergence achieved for system relaxation

   writing restart file: /scratch/usercin/acv0/tmp///cp_92.save
   restart file written in    0.236 sec.



   Averaged Physical Quantities
                      accomulated      this run
   ekinc         :        0.21823       0.21823 (AU)
   ekin          :       94.98043      94.98043 (AU)
   epot          :     -342.97703    -342.97703 (AU)
   total energy  :     -211.41684    -211.41684 (AU)
   temperature   :        0.00000       0.00000 (K )
   enthalpy      :     -211.41684    -211.41684 (AU)
   econs         :     -211.41684    -211.41684 (AU)
   pressure      :        0.00000       0.00000 (Gpa)
   volume        :     1526.90154    1526.90154 (AU)


     initialize   :     2.31s CPU
     total_time   :    13.77s CPU (      42 calls,   0.328 s avg)
     formf        :     0.11s CPU
     rhoofr       :     2.86s CPU (      42 calls,   0.068 s avg)
     vofrho       :     1.73s CPU (      42 calls,   0.041 s avg)
     dforce       :     4.72s CPU (    1008 calls,   0.005 s avg)
     calphi       :     0.26s CPU (      42 calls,   0.006 s avg)
     ortho        :     1.34s CPU (      42 calls,   0.032 s avg)
     ortho_iter   :     0.20s CPU (      42 calls,   0.005 s avg)
     rsg          :     0.04s CPU (      42 calls,   0.001 s avg)
     rhoset       :     0.15s CPU (      42 calls,   0.004 s avg)
     updatc       :     0.13s CPU (      42 calls,   0.003 s avg)
     newd         :     2.45s CPU (      42 calls,   0.058 s avg)
     calbec       :     0.11s CPU (      43 calls,   0.003 s avg)
     prefor       :     0.06s CPU (      43 calls,   0.001 s avg)
     strucf       :     0.00s CPU
     rhov         :     0.69s CPU (      42 calls,   0.016 s avg)
     nlsm1        :     0.79s CPU (     127 calls,   0.006 s avg)
     fft          :     1.70s CPU (     168 calls,   0.010 s avg)
     ffts         :     0.17s CPU (      84 calls,   0.002 s avg)
     fftw         :     3.94s CPU (    3024 calls,   0.001 s avg)
     fftb         :     0.76s CPU (    9324 calls,   0.000 s avg)
 
 
 
     CP           :    16.17s CPU time,   16.75s wall time

 
   This run was terminated on:  20:35: 8  24Mar2008            

=------------------------------------------------------------------------------=
   JOB DONE.
=------------------------------------------------------------------------------=
