
     Program LD1       v.3.2cvs starts ...
     Today is 17Sep2007 at 14:14: 5 
     --------------------------- All-electron run ----------------------------

     O                                                                          

     atomic number is  8.00
     dft = SLA  PW   PBX  PBC   lsd =0 sic =0 latt =0  beta=0.50 tr2=1.0E-14
     mesh =1095 r(mesh) =  99.04343 xmin = -7.00 dx = 0.01250
     1 Ry =  13.60569228 eV

     n l     nl                  e(Ry)          e(Ha)          e(eV)
     1 0     1S 1( 2.00)       -37.7973       -18.8987      -514.2587
     2 0     2S 1( 2.00)        -1.7577        -0.8788       -23.9147
     2 1     2P 1( 4.00)        -0.6643        -0.3321        -9.0378

     eps = 4.7E-15  iter = 14
 
     Etot =    -149.890997 Ry,     -74.945498 Ha,   -2039.370776 eV

     Ekin =     149.468653 Ry,      74.734327 Ha,    2033.624503 eV
     Encl =    -355.645040 Ry,    -177.822520 Ha,   -4838.796971 eV
     Eh   =      72.821009 Ry,      36.410504 Ha,     990.780235 eV
     Exc  =     -16.535619 Ry,      -8.267809 Ha,    -224.978543 eV


     normalization and overlap integrals

     s(1S/1S) =  1.000000  <r> =   0.1997  <r2> =    0.0539  r(max) =   0.1298
     s(1S/2S) =  0.000000
     s(2S/2S) =  1.000000  <r> =   1.1407  <r2> =    1.5839  r(max) =   0.8677
     s(2P/2P) =  1.000000  <r> =   1.2656  <r2> =    2.1371  r(max) =   0.8151

     ------------------------ End of All-electron run ------------------------


     ---------------------- Testing the pseudopotential ----------------------

     O                                                                          

     atomic number is  8.00   valence charge is  6.00
     dft = SLA  PW   PBX  PBC   lsd =0 sic =0 latt =0  beta=0.50 tr2=1.0E-14
     mesh =1095 r(mesh) =  99.04343 xmin = -7.00 dx = 0.01250

     n l     nl             e AE (Ry)        e PS (Ry)    De AE-PS (Ry) 
     1 0     2S   1( 2.00)       -1.75770       -1.75768       -0.00002
     2 1     2P   1( 4.00)       -0.66426       -0.66425       -0.00002

     eps = 5.1E-15  iter =  4
 
     Etot =    -149.890997 Ry,     -74.945498 Ha,   -2039.370776 eV
     Etotps =   -31.820086 Ry,     -15.910043 Ha,    -432.934292 eV

     Ekin =      20.635130 Ry,      10.317565 Ha,     280.755223 eV
     Encl =     -71.612532 Ry,     -35.806266 Ha,    -974.338079 eV
     Ehrt =      27.108086 Ry,      13.554043 Ha,     368.824278 eV
     Ecxc =      -7.039631 Ry,      -3.519815 Ha,     -95.779052 eV
     (Ecc =      -0.373154 Ry,      -0.186577 Ha,      -5.077024 eV)
     Evxt =       0.000000 Ry,       0.000000 Ha,       0.000000 eV
     Epseu=      -0.911138 Ry,      -0.455569 Ha,     -12.396662 eV

     ---------------------- End of pseudopotential test ----------------------

     --------------------------- All-electron run ----------------------------

     O                                                                          

     atomic number is  8.00
     dft = SLA  PW   PBX  PBC   lsd =0 sic =0 latt =0  beta=0.50 tr2=1.0E-14
     mesh =1095 r(mesh) =  99.04343 xmin = -7.00 dx = 0.01250
     1 Ry =  13.60569228 eV

     n l     nl                  e(Ry)          e(Ha)          e(eV)
     1 0     1S 1( 2.00)       -39.8303       -19.9152      -541.9190
     2 0     2S 1( 0.60)        -3.4353        -1.7176       -46.7391
     2 1     2P 1( 4.00)        -2.3172        -1.1586       -31.5268

     eps = 2.2E-15  iter = 18
 
     Etot =    -146.297293 Ry,     -73.148646 Ha,   -1990.475944 eV

     Ekin =     145.958088 Ry,      72.979044 Ha,    1985.860830 eV
     Encl =    -336.736984 Ry,    -168.368492 Ha,   -4581.539788 eV
     Eh   =      59.566014 Ry,      29.783007 Ha,     810.436857 eV
     Exc  =     -15.084410 Ry,      -7.542205 Ha,    -205.233843 eV


     normalization and overlap integrals

     s(1S/1S) =  1.000000  <r> =   0.1995  <r2> =    0.0538  r(max) =   0.1298
     s(1S/2S) =  0.000000
     s(2S/2S) =  1.000000  <r> =   1.0664  <r2> =    1.3598  r(max) =   0.8462
     s(2P/2P) =  1.000000  <r> =   1.0695  <r2> =    1.4460  r(max) =   0.7753

     ------------------------ End of All-electron run ------------------------


     ---------------------- Testing the pseudopotential ----------------------

     O                                                                          

     atomic number is  8.00   valence charge is  6.00
     dft = SLA  PW   PBX  PBC   lsd =0 sic =0 latt =0  beta=0.50 tr2=1.0E-14
     mesh =1095 r(mesh) =  99.04343 xmin = -7.00 dx = 0.01250

     n l     nl             e AE (Ry)        e PS (Ry)    De AE-PS (Ry) 
     1 0     2S   1( 0.60)       -3.43526       -3.44802        0.01276
     2 1     2P   1( 4.00)       -2.31718       -2.32395        0.00678

     eps = 8.9E-16  iter =  8
 
     Etot =    -146.297293 Ry,     -73.148646 Ha,   -1990.475944 eV
     Etotps =   -28.219610 Ry,     -14.109805 Ha,    -383.947324 eV
     dEtot_ae =       3.593704 Ry
     dEtot_ps =       3.600476 Ry,   Delta E=      -0.006772 Ry

     Ekin =      22.815923 Ry,      11.407962 Ha,     310.426432 eV
     Encl =     -59.676016 Ry,     -29.838008 Ha,    -811.933507 eV
     Ehrt =      17.917331 Ry,       8.958665 Ha,     243.777691 eV
     Ecxc =      -5.702624 Ry,      -2.851312 Ha,     -77.588153 eV
     (Ecc =      -0.373154 Ry,      -0.186577 Ha,      -5.077024 eV)
     Evxt =       0.000000 Ry,       0.000000 Ha,       0.000000 eV
     Epseu=      -3.574224 Ry,      -1.787112 Ha,     -48.629787 eV

     ---------------------- End of pseudopotential test ----------------------

