
     Program LD1       v.3.2cvs starts ...
     Today is 17Sep2007 at 14:14:12 
     --------------------------- All-electron run ----------------------------

     O                                                                          

     atomic number is  8.00
     dft = SLA  PW   PBX  PBC   lsd =0 sic =0 latt =0  beta=0.50 tr2=1.0E-14
     mesh =1095 r(mesh) =  99.04343 xmin = -7.00 dx = 0.01250
     1 Ry =  13.60569228 eV

     n l     nl                  e(Ry)          e(Ha)          e(eV)
     1 0     1S 1( 2.00)       -37.7973       -18.8987      -514.2587
     2 0     2S 1( 2.00)        -1.7577        -0.8788       -23.9147
     2 1     2P 1( 4.00)        -0.6643        -0.3321        -9.0378

     eps = 4.7E-15  iter = 14
 
     Etot =    -149.890997 Ry,     -74.945498 Ha,   -2039.370776 eV

     Ekin =     149.468653 Ry,      74.734327 Ha,    2033.624503 eV
     Encl =    -355.645040 Ry,    -177.822520 Ha,   -4838.796971 eV
     Eh   =      72.821009 Ry,      36.410504 Ha,     990.780235 eV
     Exc  =     -16.535619 Ry,      -8.267809 Ha,    -224.978543 eV


     normalization and overlap integrals

     s(1S/1S) =  1.000000  <r> =   0.1997  <r2> =    0.0539  r(max) =   0.1298
     s(1S/2S) =  0.000000
     s(2S/2S) =  1.000000  <r> =   1.1407  <r2> =    1.5839  r(max) =   0.8677
     s(2P/2P) =  1.000000  <r> =   1.2656  <r2> =    2.1371  r(max) =   0.8151

     ------------------------ End of All-electron run ------------------------


     ---------------------- Testing the pseudopotential ----------------------

     O                                                                          

     atomic number is  8.00   valence charge is  6.00
     dft = SLA  PW   PBX  PBC   lsd =0 sic =0 latt =0  beta=0.50 tr2=1.0E-14
     mesh =1095 r(mesh) =  99.04343 xmin = -7.00 dx = 0.01250

     n l     nl             e AE (Ry)        e PS (Ry)    De AE-PS (Ry) 
     1 0     2S   1( 2.00)       -1.75770       -1.75769       -0.00001
     2 1     2P   1( 4.00)       -0.66426       -0.66425       -0.00001

     eps = 1.2E-15  iter =  4
 
     Etot =    -149.890997 Ry,     -74.945498 Ha,   -2039.370776 eV
     Etotps =   -31.920953 Ry,     -15.960477 Ha,    -434.306670 eV

     Ekin =      11.635230 Ry,       5.817615 Ha,     158.305364 eV
     Encl =     -72.064476 Ry,     -36.032238 Ha,    -980.487084 eV
     Ehrt =      27.211230 Ry,      13.605615 Ha,     370.227621 eV
     Ecxc =      -7.066646 Ry,      -3.533323 Ha,     -96.146610 eV
     (Ecc =      -0.373154 Ry,      -0.186577 Ha,      -5.077024 eV)
     Evxt =       0.000000 Ry,       0.000000 Ha,       0.000000 eV
     Epseu=       8.363708 Ry,       4.181854 Ha,     113.794039 eV

     ---------------------- End of pseudopotential test ----------------------

     --------------------------- All-electron run ----------------------------

     O                                                                          

     atomic number is  8.00
     dft = SLA  PW   PBX  PBC   lsd =0 sic =0 latt =0  beta=0.50 tr2=1.0E-14
     mesh =1095 r(mesh) =  99.04343 xmin = -7.00 dx = 0.01250
     1 Ry =  13.60569228 eV

     n l     nl                  e(Ry)          e(Ha)          e(eV)
     1 0     1S 1( 2.00)       -40.1656       -20.0828      -546.4807
     2 0     2S 1( 0.40)        -3.7009        -1.8505       -50.3536
     2 1     2P 1( 4.00)        -2.5833        -1.2917       -35.1480

     eps = 3.2E-15  iter = 18
 
     Etot =    -145.583760 Ry,     -72.791880 Ha,   -1980.767840 eV

     Ekin =     145.257311 Ry,      72.628655 Ha,    1976.326270 eV
     Encl =    -333.615423 Ry,    -166.807711 Ha,   -4539.068782 eV
     Eh   =      57.628286 Ry,      28.814143 Ha,     784.072725 eV
     Exc  =     -14.853934 Ry,      -7.426967 Ha,    -202.098053 eV


     normalization and overlap integrals

     s(1S/1S) =  1.000000  <r> =   0.1995  <r2> =    0.0538  r(max) =   0.1298
     s(1S/2S) =  0.000000
     s(2S/2S) =  1.000000  <r> =   1.0563  <r2> =    1.3317  r(max) =   0.8462
     s(2P/2P) =  1.000000  <r> =   1.0501  <r2> =    1.3879  r(max) =   0.7657

     ------------------------ End of All-electron run ------------------------


     ---------------------- Testing the pseudopotential ----------------------

     O                                                                          

     atomic number is  8.00   valence charge is  6.00
     dft = SLA  PW   PBX  PBC   lsd =0 sic =0 latt =0  beta=0.50 tr2=1.0E-14
     mesh =1095 r(mesh) =  99.04343 xmin = -7.00 dx = 0.01250

     n l     nl             e AE (Ry)        e PS (Ry)    De AE-PS (Ry) 
     1 0     2S   1( 0.40)       -3.70093       -3.70535        0.00442
     2 1     2P   1( 4.00)       -2.58333       -2.58719        0.00386

     eps = 8.3E-16  iter =  7
 
     Etot =    -145.583760 Ry,     -72.791880 Ha,   -1980.767840 eV
     Etotps =   -27.611532 Ry,     -13.805766 Ha,    -375.674004 eV
     dEtot_ae =       4.307237 Ry
     dEtot_ps =       4.309422 Ry,   Delta E=      -0.002185 Ry

     Ekin =      10.556270 Ry,       5.278135 Ha,     143.625361 eV
     Encl =     -58.307197 Ry,     -29.153599 Ha,    -793.309787 eV
     Ehrt =      16.773591 Ry,       8.386795 Ha,     228.216313 eV
     Ecxc =      -5.530029 Ry,      -2.765015 Ha,     -75.239876 eV
     (Ecc =      -0.373154 Ry,      -0.186577 Ha,      -5.077024 eV)
     Evxt =       0.000000 Ry,       0.000000 Ha,       0.000000 eV
     Epseu=       8.895834 Ry,       4.447917 Ha,     121.033985 eV

     ---------------------- End of pseudopotential test ----------------------

