
     Program LD1       v.3.2cvs starts ...
     Today is 19Sep2007 at  0:21: 3 
     --------------------------- All-electron run ----------------------------

     O                                                                          

     atomic number is  8.00
     dft = SLA  PW   PBX  PBC   lsd =0 sic =0 latt =0  beta=0.50 tr2=1.0E-14
     mesh =1095 r(mesh) =  99.04343 xmin = -7.00 dx = 0.01250
     1 Ry =  13.60569228 eV

     n l     nl                  e(Ry)          e(Ha)          e(eV)
     1 0     1S 1( 2.00)       -37.7973       -18.8987      -514.2587
     2 0     2S 1( 2.00)        -1.7577        -0.8788       -23.9147
     2 1     2P 1( 4.00)        -0.6643        -0.3321        -9.0378

     eps = 2.4E-15  iter = 15
 
     Etot =    -149.890997 Ry,     -74.945499 Ha,   -2039.370781 eV

     Ekin =     149.468654 Ry,      74.734327 Ha,    2033.624506 eV
     Encl =    -355.645040 Ry,    -177.822520 Ha,   -4838.796981 eV
     Eh   =      72.821009 Ry,      36.410504 Ha,     990.780236 eV
     Exc  =     -16.535619 Ry,      -8.267809 Ha,    -224.978543 eV


     normalization and overlap integrals

     s(1S/1S) =  1.000000  <r> =   0.1997  <r2> =    0.0539  r(max) =   0.1298
     s(1S/2S) =  0.000000
     s(2S/2S) =  1.000000  <r> =   1.1407  <r2> =    1.5839  r(max) =   0.8677
     s(2P/2P) =  1.000000  <r> =   1.2656  <r2> =    2.1371  r(max) =   0.8151

     ------------------------ End of All-electron run ------------------------


     ---------------------- Testing the pseudopotential ----------------------

     O                                                                          

     atomic number is  8.00   valence charge is  6.00
     dft = SLA  PW   PBX  PBC   lsd =0 sic =0 latt =0  beta=0.50 tr2=1.0E-14
     mesh =1095 r(mesh) =  99.04343 xmin = -7.00 dx = 0.01250

     n l     nl             e AE (Ry)        e PS (Ry)    De AE-PS (Ry) 
     1 0     2S   1( 2.00)       -1.75770       -1.75767       -0.00003
     2 1     2P   1( 4.00)       -0.66426       -0.66424       -0.00003

     eps = 3.4E-15  iter =  5
 
     Etot =    -149.890997 Ry,     -74.945499 Ha,   -2039.370781 eV
     Etotps =   -31.920794 Ry,     -15.960397 Ha,    -434.304507 eV

     Ekin =      21.697706 Ry,      10.848853 Ha,     295.212316 eV
     Encl =     -72.064390 Ry,     -36.032195 Ha,    -980.485912 eV
     Ehrt =      27.211177 Ry,      13.605589 Ha,     370.226903 eV
     Ecxc =      -7.066636 Ry,      -3.533318 Ha,     -96.146474 eV
     (Ecc =      -0.373154 Ry,      -0.186577 Ha,      -5.077024 eV)
     Epseu=      -1.698652 Ry,      -0.849326 Ha,     -23.111340 eV

     ---------------------- End of pseudopotential test ----------------------

     --------------------------- All-electron run ----------------------------

     O                                                                          

     atomic number is  8.00
     dft = SLA  PW   PBX  PBC   lsd =0 sic =0 latt =0  beta=0.50 tr2=1.0E-14
     mesh =1095 r(mesh) =  99.04343 xmin = -7.00 dx = 0.01250
     1 Ry =  13.60569228 eV

     n l     nl                  e(Ry)          e(Ha)          e(eV)
     1 0     1S 1( 2.00)       -39.1911       -19.5955      -533.2219
     2 0     2S 1( 1.00)        -2.9212        -1.4606       -39.7451
     2 1     2P 1( 4.00)        -1.8052        -0.9026       -24.5609

     eps = 2.3E-15  iter = 15
 
     Etot =    -147.567797 Ry,     -73.783899 Ha,   -2007.762043 eV

     Ekin =     147.203572 Ry,      73.601786 Ha,    2002.806510 eV
     Encl =    -342.678155 Ry,    -171.339077 Ha,   -4662.373528 eV
     Eh   =      63.437998 Ry,      31.718999 Ha,     863.117883 eV
     Exc  =     -15.531213 Ry,      -7.765607 Ha,    -211.312908 eV


     normalization and overlap integrals

     s(1S/1S) =  1.000000  <r> =   0.1996  <r2> =    0.0538  r(max) =   0.1298
     s(1S/2S) =  0.000000
     s(2S/2S) =  1.000000  <r> =   1.0870  <r2> =    1.4192  r(max) =   0.8569
     s(2P/2P) =  1.000000  <r> =   1.1129  <r2> =    1.5817  r(max) =   0.7851

     ------------------------ End of All-electron run ------------------------


     ---------------------- Testing the pseudopotential ----------------------

     O                                                                          

     atomic number is  8.00   valence charge is  6.00
     dft = SLA  PW   PBX  PBC   lsd =0 sic =0 latt =0  beta=0.50 tr2=1.0E-14
     mesh =1095 r(mesh) =  99.04343 xmin = -7.00 dx = 0.01250

     n l     nl             e AE (Ry)        e PS (Ry)    De AE-PS (Ry) 
     1 0     2S   1( 1.00)       -2.92121       -2.92239        0.00118
     2 1     2P   1( 4.00)       -1.80519       -1.80647        0.00128

     eps = 6.6E-17  iter =  8
 
     Etot =    -147.567797 Ry,     -73.783899 Ha,   -2007.762043 eV
     Etotps =   -29.597215 Ry,     -14.798607 Ha,    -402.690595 eV
     dEtot_ae =       2.323200 Ry
     dEtot_ps =       2.323580 Ry,   Delta E=      -0.000380 Ry

     Ekin =      23.386343 Ry,      11.693172 Ha,     318.187392 eV
     Encl =     -63.953277 Ry,     -31.976638 Ha,    -870.128607 eV
     Ehrt =      20.630552 Ry,      10.315276 Ha,     280.692936 eV
     Ecxc =      -6.151056 Ry,      -3.075528 Ha,     -83.689371 eV
     (Ecc =      -0.373154 Ry,      -0.186577 Ha,      -5.077024 eV)
     Epseu=      -3.509777 Ry,      -1.754888 Ha,     -47.752945 eV

     ---------------------- End of pseudopotential test ----------------------

