
     Program LD1       v.3.2cvs starts ...
     Today is 19Sep2007 at  0:21:10 
Reading pseudopotential from file: /home/paulatto/espresso/examples/PAWexample/pseudo/PAW4.PAW
 reading pseudopotential for:  O
 dimensions (mesh, nwfc, lmax):  1095    4    1
     --------------------------- All-electron run ----------------------------

     O                                                                          

     atomic number is  8.00
     dft = SLA  PW   PBX  PBC   lsd =0 sic =0 latt =0  beta=0.50 tr2=1.0E-14
     mesh =1095 r(mesh) =  99.04343 xmin = -7.00 dx = 0.01250
     1 Ry =  13.60569228 eV

     n l     nl                  e(Ry)          e(Ha)          e(eV)
     1 0     1S 1( 2.00)       -37.7973       -18.8987      -514.2587
     2 0     2S 1( 2.00)        -1.7577        -0.8788       -23.9147
     2 1     2P 1( 4.00)        -0.6643        -0.3321        -9.0378

     eps = 2.8E-15  iter = 15
 
     Etot =    -149.890997 Ry,     -74.945498 Ha,   -2039.370780 eV

     Ekin =     149.468654 Ry,      74.734327 Ha,    2033.624506 eV
     Encl =    -355.645040 Ry,    -177.822520 Ha,   -4838.796979 eV
     Eh   =      72.821009 Ry,      36.410504 Ha,     990.780236 eV
     Exc  =     -16.535619 Ry,      -8.267809 Ha,    -224.978543 eV


     normalization and overlap integrals

     s(1S/1S) =  1.000000  <r> =   0.1997  <r2> =    0.0539  r(max) =   0.1298
     s(1S/2S) =  0.000000
     s(2S/2S) =  1.000000  <r> =   1.1407  <r2> =    1.5839  r(max) =   0.8677
     s(2P/2P) =  1.000000  <r> =   1.2656  <r2> =    2.1371  r(max) =   0.8151

     ------------------------ End of All-electron run ------------------------

     Message from routine elsdps_paw:
     energy report for PAW coming soon...

     ---------------------- Testing the pseudopotential ----------------------

     O                                                                          

     atomic number is  8.00   valence charge is  6.00
     dft = SLA  PW   PBX  PBC   lsd =0 sic =0 latt =0  beta=0.50 tr2=1.0E-14
     mesh =1095 r(mesh) =  99.04343 xmin = -7.00 dx = 0.01250

     n l     nl             e AE (Ry)        e PS (Ry)    De AE-PS (Ry) 
     1 0     2S   1( 2.00)       -1.75770       -1.75768       -0.00002
     2 1     2P   1( 4.00)       -0.66426       -0.66424       -0.00002

     eps = 5.5E-16  iter =  4
 
     Etot =    -149.890997 Ry,     -74.945498 Ha,   -2039.370780 eV
     Etotps =   -31.920832 Ry,     -15.960416 Ha,    -434.305011 eV

     Ekin =     149.468654 Ry,      74.734327 Ha,    2033.624506 eV
     Encl =    -355.645040 Ry,    -177.822520 Ha,   -4838.796979 eV
     Ehrt =      72.821009 Ry,      36.410504 Ha,     990.780236 eV
     Ecxc =     -16.535619 Ry,      -8.267809 Ha,    -224.978543 eV

     ---------------------- End of pseudopotential test ----------------------

     --------------------------- All-electron run ----------------------------

     O                                                                          

     atomic number is  8.00
     dft = SLA  PW   PBX  PBC   lsd =0 sic =0 latt =0  beta=0.50 tr2=1.0E-14
     mesh =1095 r(mesh) =  99.04343 xmin = -7.00 dx = 0.01250
     1 Ry =  13.60569228 eV

     n l     nl                  e(Ry)          e(Ha)          e(eV)
     1 0     1S 1( 2.00)       -39.8303       -19.9152      -541.9190
     2 0     2S 1( 0.60)        -3.4353        -1.7176       -46.7391
     2 1     2P 1( 4.00)        -2.3172        -1.1586       -31.5268

     eps = 2.9E-15  iter = 14
 
     Etot =    -146.297292 Ry,     -73.148646 Ha,   -1990.475942 eV

     Ekin =     145.958089 Ry,      72.979044 Ha,    1985.860840 eV
     Encl =    -336.736985 Ry,    -168.368492 Ha,   -4581.539796 eV
     Eh   =      59.566014 Ry,      29.783007 Ha,     810.436857 eV
     Exc  =     -15.084410 Ry,      -7.542205 Ha,    -205.233843 eV


     normalization and overlap integrals

     s(1S/1S) =  1.000000  <r> =   0.1995  <r2> =    0.0538  r(max) =   0.1298
     s(1S/2S) =  0.000000
     s(2S/2S) =  1.000000  <r> =   1.0664  <r2> =    1.3598  r(max) =   0.8462
     s(2P/2P) =  1.000000  <r> =   1.0695  <r2> =    1.4460  r(max) =   0.7753

     ------------------------ End of All-electron run ------------------------

     Message from routine elsdps_paw:
     energy report for PAW coming soon...

     ---------------------- Testing the pseudopotential ----------------------

     O                                                                          

     atomic number is  8.00   valence charge is  6.00
     dft = SLA  PW   PBX  PBC   lsd =0 sic =0 latt =0  beta=0.50 tr2=1.0E-14
     mesh =1095 r(mesh) =  99.04343 xmin = -7.00 dx = 0.01250

     n l     nl             e AE (Ry)        e PS (Ry)    De AE-PS (Ry) 
     1 0     2S   1( 0.60)       -3.43526       -3.43851        0.00325
     2 1     2P   1( 4.00)       -2.31718       -2.32024        0.00307

     eps = 4.6E-16  iter =  9
 
     Etot =    -146.297292 Ry,     -73.148646 Ha,   -1990.475942 eV
     Etotps =   -28.325716 Ry,     -14.162858 Ha,    -385.390969 eV
     dEtot_ae =       3.593705 Ry
     dEtot_ps =       3.595116 Ry,   Delta E=      -0.001411 Ry

     Ekin =     145.958089 Ry,      72.979044 Ha,    1985.860840 eV
     Encl =    -336.736985 Ry,    -168.368492 Ha,   -4581.539796 eV
     Ehrt =      59.566014 Ry,      29.783007 Ha,     810.436857 eV
     Ecxc =     -15.084410 Ry,      -7.542205 Ha,    -205.233843 eV

     ---------------------- End of pseudopotential test ----------------------

