
     Program LD1       v.3.2cvs starts ...
     Today is 17Sep2007 at 14:14:14 
Reading pseudopotential from file: /home/paulatto/espresso/examples/PAWexample/pseudo/PAW2.PAW
 reading pseudopotential for:  O
 dimensions (mesh, nwfc, lmax):  1095    4    1
     --------------------------- All-electron run ----------------------------

     O                                                                          

     atomic number is  8.00
     dft = SLA  PW   PBX  PBC   lsd =0 sic =0 latt =0  beta=0.50 tr2=1.0E-14
     mesh =1095 r(mesh) =  99.04343 xmin = -7.00 dx = 0.01250
     1 Ry =  13.60569228 eV

     n l     nl                  e(Ry)          e(Ha)          e(eV)
     1 0     1S 1( 2.00)       -37.7973       -18.8987      -514.2588
     2 0     2S 1( 2.00)        -1.7577        -0.8788       -23.9147
     2 1     2P 1( 4.00)        -0.6643        -0.3321        -9.0378

     eps = 3.6E-15  iter = 20
 
     Etot =    -149.890991 Ry,     -74.945496 Ha,   -2039.370700 eV

     Ekin =     149.468706 Ry,      74.734353 Ha,    2033.625223 eV
     Encl =    -355.645089 Ry,    -177.822544 Ha,   -4838.797640 eV
     Eh   =      72.821012 Ry,      36.410506 Ha,     990.780279 eV
     Exc  =     -16.535620 Ry,      -8.267810 Ha,    -224.978562 eV


     normalization and overlap integrals

     s(1S/1S) =  1.000000  <r> =   0.1997  <r2> =    0.0539  r(max) =   0.1298
     s(1S/2S) =  0.000000
     s(2S/2S) =  1.000000  <r> =   1.1407  <r2> =    1.5839  r(max) =   0.8677
     s(2P/2P) =  1.000000  <r> =   1.2656  <r2> =    2.1371  r(max) =   0.8151

     ------------------------ End of All-electron run ------------------------


     ---------------------- Testing the pseudopotential ----------------------

     O                                                                          

     atomic number is  8.00   valence charge is  6.00
     dft = SLA  PW   PBX  PBC   lsd =0 sic =0 latt =0  beta=0.50 tr2=1.0E-14
     mesh =1095 r(mesh) =  99.04343 xmin = -7.00 dx = 0.01250

     n l     nl             e AE (Ry)        e PS (Ry)    De AE-PS (Ry) 
     1 0     2S   1( 2.00)       -1.75770       -1.75768       -0.00002
     2 1     2P   1( 4.00)       -0.66426       -0.66424       -0.00002

     eps = 9.0E-16  iter =  4
 
     Etot =    -149.890991 Ry,     -74.945496 Ha,   -2039.370700 eV
     Etotps =   -31.920831 Ry,     -15.960416 Ha,    -434.305004 eV

     ---------------------- End of pseudopotential test ----------------------

     --------------------------- All-electron run ----------------------------

     O                                                                          

     atomic number is  8.00
     dft = SLA  PW   PBX  PBC   lsd =0 sic =0 latt =0  beta=0.50 tr2=1.0E-14
     mesh =1095 r(mesh) =  99.04343 xmin = -7.00 dx = 0.01250
     1 Ry =  13.60569228 eV

     n l     nl                  e(Ry)          e(Ha)          e(eV)
     1 0     1S 1( 2.00)       -40.1656       -20.0828      -546.4808
     2 0     2S 1( 0.40)        -3.7009        -1.8505       -50.3537
     2 1     2P 1( 4.00)        -2.5833        -1.2917       -35.1480

     eps = 6.3E-15  iter = 17
 
     Etot =    -145.583754 Ry,     -72.791877 Ha,   -1980.767761 eV

     Ekin =     145.257362 Ry,      72.628681 Ha,    1976.326972 eV
     Encl =    -333.615470 Ry,    -166.807735 Ha,   -4539.069423 eV
     Eh   =      57.628289 Ry,      28.814144 Ha,     784.072761 eV
     Exc  =     -14.853935 Ry,      -7.426968 Ha,    -202.098070 eV


     normalization and overlap integrals

     s(1S/1S) =  1.000000  <r> =   0.1995  <r2> =    0.0538  r(max) =   0.1298
     s(1S/2S) =  0.000000
     s(2S/2S) =  1.000000  <r> =   1.0563  <r2> =    1.3317  r(max) =   0.8462
     s(2P/2P) =  1.000000  <r> =   1.0501  <r2> =    1.3879  r(max) =   0.7657

     ------------------------ End of All-electron run ------------------------


     ---------------------- Testing the pseudopotential ----------------------

     O                                                                          

     atomic number is  8.00   valence charge is  6.00
     dft = SLA  PW   PBX  PBC   lsd =0 sic =0 latt =0  beta=0.50 tr2=1.0E-14
     mesh =1095 r(mesh) =  99.04343 xmin = -7.00 dx = 0.01250

     n l     nl             e AE (Ry)        e PS (Ry)    De AE-PS (Ry) 
     1 0     2S   1( 0.40)       -3.70093       -3.70525        0.00433
     2 1     2P   1( 4.00)       -2.58333       -2.58716        0.00383

     eps = 5.0E-17  iter =  9
 
     Etot =    -145.583754 Ry,     -72.791877 Ha,   -1980.767761 eV
     Etotps =   -27.611444 Ry,     -13.805722 Ha,    -375.672804 eV
     dEtot_ae =       4.307237 Ry
     dEtot_ps =       4.309387 Ry,   Delta E=      -0.002151 Ry

     ---------------------- End of pseudopotential test ----------------------

