
     Program LD1       v.3.2cvs starts ...
     Today is 19Sep2007 at  0:21:13 
     --------------------------- All-electron run ----------------------------

     O                                                                          

     atomic number is  8.00
     dft = SLA  PW   PBX  PBC   lsd =0 sic =0 latt =0  beta=0.50 tr2=1.0E-14
     mesh =1095 r(mesh) =  99.04343 xmin = -7.00 dx = 0.01250
     1 Ry =  13.60569228 eV

     n l     nl                  e(Ry)          e(Ha)          e(eV)
     1 0     1S 1( 2.00)       -37.7973       -18.8987      -514.2587
     2 0     2S 1( 2.00)        -1.7577        -0.8788       -23.9147
     2 1     2P 1( 4.00)        -0.6643        -0.3321        -9.0378

     eps = 2.4E-15  iter = 15
 
     Etot =    -149.890997 Ry,     -74.945499 Ha,   -2039.370781 eV

     Ekin =     149.468654 Ry,      74.734327 Ha,    2033.624506 eV
     Encl =    -355.645040 Ry,    -177.822520 Ha,   -4838.796981 eV
     Eh   =      72.821009 Ry,      36.410504 Ha,     990.780236 eV
     Exc  =     -16.535619 Ry,      -8.267809 Ha,    -224.978543 eV


     normalization and overlap integrals

     s(1S/1S) =  1.000000  <r> =   0.1997  <r2> =    0.0539  r(max) =   0.1298
     s(1S/2S) =  0.000000
     s(2S/2S) =  1.000000  <r> =   1.1407  <r2> =    1.5839  r(max) =   0.8677
     s(2P/2P) =  1.000000  <r> =   1.2656  <r2> =    2.1371  r(max) =   0.8151

     ------------------------ End of All-electron run ------------------------


     ---------------------- Testing the pseudopotential ----------------------

     O                                                                          

     atomic number is  8.00   valence charge is  6.00
     dft = SLA  PW   PBX  PBC   lsd =0 sic =0 latt =0  beta=0.50 tr2=1.0E-14
     mesh =1095 r(mesh) =  99.04343 xmin = -7.00 dx = 0.01250

     n l     nl             e AE (Ry)        e PS (Ry)    De AE-PS (Ry) 
     1 0     2S   1( 2.00)       -1.75770       -1.75767       -0.00003
     2 1     2P   1( 4.00)       -0.66426       -0.66424       -0.00003

     eps = 3.4E-15  iter =  5
 
     Etot =    -149.890997 Ry,     -74.945499 Ha,   -2039.370781 eV
     Etotps =   -31.920794 Ry,     -15.960397 Ha,    -434.304507 eV

     Ekin =      21.697706 Ry,      10.848853 Ha,     295.212316 eV
     Encl =     -72.064390 Ry,     -36.032195 Ha,    -980.485912 eV
     Ehrt =      27.211177 Ry,      13.605589 Ha,     370.226903 eV
     Ecxc =      -7.066636 Ry,      -3.533318 Ha,     -96.146474 eV
     (Ecc =      -0.373154 Ry,      -0.186577 Ha,      -5.077024 eV)
     Epseu=      -1.698652 Ry,      -0.849326 Ha,     -23.111340 eV

     ---------------------- End of pseudopotential test ----------------------

     --------------------------- All-electron run ----------------------------

     O                                                                          

     atomic number is  8.00
     dft = SLA  PW   PBX  PBC   lsd =0 sic =0 latt =0  beta=0.50 tr2=1.0E-14
     mesh =1095 r(mesh) =  99.04343 xmin = -7.00 dx = 0.01250
     1 Ry =  13.60569228 eV

     n l     nl                  e(Ry)          e(Ha)          e(eV)
     1 0     1S 1( 2.00)       -40.5109       -20.2555      -551.1789
     2 0     2S 1( 0.20)        -3.9719        -1.9860       -54.0408
     2 1     2P 1( 4.00)        -2.8558        -1.4279       -38.8557

     eps = 4.5E-15  iter = 14
 
     Etot =    -144.816556 Ry,     -72.408278 Ha,   -1970.329495 eV

     Ekin =     144.502991 Ry,      72.251495 Ha,    1966.063229 eV
     Encl =    -330.395426 Ry,    -165.197713 Ha,   -4495.258495 eV
     Eh   =      55.695343 Ry,      27.847671 Ha,     757.773696 eV
     Exc  =     -14.619464 Ry,      -7.309732 Ha,    -198.907925 eV


     normalization and overlap integrals

     s(1S/1S) =  1.000000  <r> =   0.1995  <r2> =    0.0537  r(max) =   0.1298
     s(1S/2S) =  0.000000
     s(2S/2S) =  1.000000  <r> =   1.0465  <r2> =    1.3047  r(max) =   0.8357
     s(2P/2P) =  1.000000  <r> =   1.0319  <r2> =    1.3349  r(max) =   0.7562

     ------------------------ End of All-electron run ------------------------


     ---------------------- Testing the pseudopotential ----------------------

     O                                                                          

     atomic number is  8.00   valence charge is  6.00
     dft = SLA  PW   PBX  PBC   lsd =0 sic =0 latt =0  beta=0.50 tr2=1.0E-14
     mesh =1095 r(mesh) =  99.04343 xmin = -7.00 dx = 0.01250

     n l     nl             e AE (Ry)        e PS (Ry)    De AE-PS (Ry) 
     1 0     2S   1( 0.20)       -3.97192       -3.97613        0.00421
     2 1     2P   1( 4.00)       -2.85584       -2.85939        0.00354

     eps = 4.0E-15  iter =  8
 
     Etot =    -144.816556 Ry,     -72.408278 Ha,   -1970.329495 eV
     Etotps =   -26.843970 Ry,     -13.421985 Ha,    -365.230790 eV
     dEtot_ae =       5.074441 Ry
     dEtot_ps =       5.076825 Ry,   Delta E=      -0.002384 Ry

     Ekin =      24.408690 Ry,      12.204345 Ha,     332.097119 eV
     Encl =     -56.343519 Ry,     -28.171759 Ha,    -766.592576 eV
     Ehrt =      15.538446 Ry,       7.769223 Ha,     211.411317 eV
     Ecxc =      -5.317469 Ry,      -2.658734 Ha,     -72.347843 eV
     (Ecc =      -0.373154 Ry,      -0.186577 Ha,      -5.077024 eV)
     Epseu=      -5.130118 Ry,      -2.565059 Ha,     -69.798806 eV

     ---------------------- End of pseudopotential test ----------------------

