
     Program LD1       v.3.2cvs starts ...
     Today is 17Sep2007 at 14:13:26 
     --------------------------- All-electron run ----------------------------

     O                                                                          

     atomic number is  8.00
     dft = SLA  PW   PBX  PBC   lsd =0 sic =0 latt =0  beta=0.50 tr2=1.0E-14
     mesh =1095 r(mesh) =  99.04343 xmin = -7.00 dx = 0.01250
     1 Ry =  13.60569228 eV

     n l     nl                  e(Ry)          e(Ha)          e(eV)
     1 0     1S 1( 2.00)       -37.7973       -18.8987      -514.2587
     2 0     2S 1( 2.00)        -1.7577        -0.8788       -23.9147
     2 1     2P 1( 4.00)        -0.6643        -0.3321        -9.0378

     eps = 4.7E-15  iter = 14
 
     Etot =    -149.890997 Ry,     -74.945498 Ha,   -2039.370776 eV

     Ekin =     149.468653 Ry,      74.734327 Ha,    2033.624503 eV
     Encl =    -355.645040 Ry,    -177.822520 Ha,   -4838.796971 eV
     Eh   =      72.821009 Ry,      36.410504 Ha,     990.780235 eV
     Exc  =     -16.535619 Ry,      -8.267809 Ha,    -224.978543 eV


     normalization and overlap integrals

     s(1S/1S) =  1.000000  <r> =   0.1997  <r2> =    0.0539  r(max) =   0.1298
     s(1S/2S) =  0.000000
     s(2S/2S) =  1.000000  <r> =   1.1407  <r2> =    1.5839  r(max) =   0.8677
     s(2P/2P) =  1.000000  <r> =   1.2656  <r2> =    2.1371  r(max) =   0.8151

     ------------------------ End of All-electron run ------------------------


     ---------------------- Testing the pseudopotential ----------------------

     O                                                                          

     atomic number is  8.00   valence charge is  6.00
     dft = SLA  PW   PBX  PBC   lsd =0 sic =0 latt =0  beta=0.50 tr2=1.0E-14
     mesh =1095 r(mesh) =  99.04343 xmin = -7.00 dx = 0.01250

     n l     nl             e AE (Ry)        e PS (Ry)    De AE-PS (Ry) 
     1 0     2S   1( 2.00)       -1.75770       -1.75767       -0.00003
     2 1     2P   1( 4.00)       -0.66426       -0.66424       -0.00003

     eps = 3.4E-15  iter =  5
 
     Etot =    -149.890997 Ry,     -74.945498 Ha,   -2039.370776 eV
     Etotps =   -31.920794 Ry,     -15.960397 Ha,    -434.304501 eV

     Ekin =      21.697706 Ry,      10.848853 Ha,     295.212316 eV
     Encl =     -72.064389 Ry,     -36.032195 Ha,    -980.485906 eV
     Ehrt =      27.211177 Ry,      13.605589 Ha,     370.226902 eV
     Ecxc =      -7.066636 Ry,      -3.533318 Ha,     -96.146474 eV
     (Ecc =      -0.373154 Ry,      -0.186577 Ha,      -5.077024 eV)
     Evxt =       0.000000 Ry,       0.000000 Ha,       0.000000 eV
     Epseu=      -1.698652 Ry,      -0.849326 Ha,     -23.111340 eV

     ---------------------- End of pseudopotential test ----------------------

     --------------------------- All-electron run ----------------------------

     O                                                                          

     atomic number is  8.00
     dft = SLA  PW   PBX  PBC   lsd =0 sic =0 latt =0  beta=0.50 tr2=1.0E-14
     mesh =1095 r(mesh) =  99.04343 xmin = -7.00 dx = 0.01250
     1 Ry =  13.60569228 eV

     n l     nl                  e(Ry)          e(Ha)          e(eV)
     1 0     1S 1( 2.00)       -38.0501       -19.0250      -517.6973
     2 0     2S 1( 1.80)        -1.9740        -0.9870       -26.8580
     2 1     2P 1( 4.00)        -0.8741        -0.4371       -11.8931

     eps = 3.3E-15  iter = 17
 
     Etot =    -149.517979 Ry,     -74.758990 Ha,   -2034.295619 eV

     Ekin =     149.106562 Ry,      74.553281 Ha,    2028.698006 eV
     Encl =    -353.283406 Ry,    -176.641703 Ha,   -4806.665309 eV
     Eh   =      71.009675 Ry,      35.504838 Ha,     966.135794 eV
     Exc  =     -16.350812 Ry,      -8.175406 Ha,    -222.464110 eV


     normalization and overlap integrals

     s(1S/1S) =  1.000000  <r> =   0.1997  <r2> =    0.0539  r(max) =   0.1298
     s(1S/2S) =  0.000000
     s(2S/2S) =  1.000000  <r> =   1.1299  <r2> =    1.5496  r(max) =   0.8677
     s(2P/2P) =  1.000000  <r> =   1.2274  <r2> =    1.9855  r(max) =   0.8151

     ------------------------ End of All-electron run ------------------------


     ---------------------- Testing the pseudopotential ----------------------

     O                                                                          

     atomic number is  8.00   valence charge is  6.00
     dft = SLA  PW   PBX  PBC   lsd =0 sic =0 latt =0  beta=0.50 tr2=1.0E-14
     mesh =1095 r(mesh) =  99.04343 xmin = -7.00 dx = 0.01250

     n l     nl             e AE (Ry)        e PS (Ry)    De AE-PS (Ry) 
     1 0     2S   1( 1.80)       -1.97402       -1.97405        0.00003
     2 1     2P   1( 4.00)       -0.87413       -0.87425        0.00013

     eps = 2.0E-17  iter =  6
 
     Etot =    -149.517979 Ry,     -74.758990 Ha,   -2034.295619 eV
     Etotps =   -31.547778 Ry,     -15.773889 Ha,    -429.229359 eV
     dEtot_ae =       0.373017 Ry
     dEtot_ps =       0.373016 Ry,   Delta E=       0.000001 Ry

     Ekin =      22.078445 Ry,      11.039223 Ha,     300.392535 eV
     Encl =     -70.587707 Ry,     -35.293854 Ha,    -960.394625 eV
     Ehrt =      25.908538 Ry,      12.954269 Ha,     352.503592 eV
     Ecxc =      -6.898962 Ry,      -3.449481 Ha,     -93.865160 eV
     (Ecc =      -0.373154 Ry,      -0.186577 Ha,      -5.077024 eV)
     Evxt =       0.000000 Ry,       0.000000 Ha,       0.000000 eV
     Epseu=      -2.048091 Ry,      -1.024046 Ha,     -27.865701 eV

     ---------------------- End of pseudopotential test ----------------------

