
     Program LD1       v.3.2cvs starts ...
     Today is 19Sep2007 at  0:20:55 
     --------------------------- All-electron run ----------------------------

     O                                                                          

     atomic number is  8.00
     dft = SLA  PW   PBX  PBC   lsd =0 sic =0 latt =0  beta=0.50 tr2=1.0E-14
     mesh =1095 r(mesh) =  99.04343 xmin = -7.00 dx = 0.01250
     1 Ry =  13.60569228 eV

     n l     nl                  e(Ry)          e(Ha)          e(eV)
     1 0     1S 1( 2.00)       -37.7973       -18.8987      -514.2587
     2 0     2S 1( 2.00)        -1.7577        -0.8788       -23.9147
     2 1     2P 1( 4.00)        -0.6643        -0.3321        -9.0378

     eps = 2.4E-15  iter = 15
 
     Etot =    -149.890997 Ry,     -74.945499 Ha,   -2039.370781 eV

     Ekin =     149.468654 Ry,      74.734327 Ha,    2033.624506 eV
     Encl =    -355.645040 Ry,    -177.822520 Ha,   -4838.796981 eV
     Eh   =      72.821009 Ry,      36.410504 Ha,     990.780236 eV
     Exc  =     -16.535619 Ry,      -8.267809 Ha,    -224.978543 eV


     normalization and overlap integrals

     s(1S/1S) =  1.000000  <r> =   0.1997  <r2> =    0.0539  r(max) =   0.1298
     s(1S/2S) =  0.000000
     s(2S/2S) =  1.000000  <r> =   1.1407  <r2> =    1.5839  r(max) =   0.8677
     s(2P/2P) =  1.000000  <r> =   1.2656  <r2> =    2.1371  r(max) =   0.8151

     ------------------------ End of All-electron run ------------------------


     ---------------------- Testing the pseudopotential ----------------------

     O                                                                          

     atomic number is  8.00   valence charge is  6.00
     dft = SLA  PW   PBX  PBC   lsd =0 sic =0 latt =0  beta=0.50 tr2=1.0E-14
     mesh =1095 r(mesh) =  99.04343 xmin = -7.00 dx = 0.01250

     n l     nl             e AE (Ry)        e PS (Ry)    De AE-PS (Ry) 
     1 0     2S   1( 2.00)       -1.75770       -1.75767       -0.00003
     2 1     2P   1( 4.00)       -0.66426       -0.66424       -0.00003

     eps = 3.4E-15  iter =  5
 
     Etot =    -149.890997 Ry,     -74.945499 Ha,   -2039.370781 eV
     Etotps =   -31.920794 Ry,     -15.960397 Ha,    -434.304507 eV

     Ekin =      21.697706 Ry,      10.848853 Ha,     295.212316 eV
     Encl =     -72.064390 Ry,     -36.032195 Ha,    -980.485912 eV
     Ehrt =      27.211177 Ry,      13.605589 Ha,     370.226903 eV
     Ecxc =      -7.066636 Ry,      -3.533318 Ha,     -96.146474 eV
     (Ecc =      -0.373154 Ry,      -0.186577 Ha,      -5.077024 eV)
     Epseu=      -1.698652 Ry,      -0.849326 Ha,     -23.111340 eV

     ---------------------- End of pseudopotential test ----------------------

     --------------------------- All-electron run ----------------------------

     O                                                                          

     atomic number is  8.00
     dft = SLA  PW   PBX  PBC   lsd =0 sic =0 latt =0  beta=0.50 tr2=1.0E-14
     mesh =1095 r(mesh) =  99.04343 xmin = -7.00 dx = 0.01250
     1 Ry =  13.60569228 eV

     n l     nl                  e(Ry)          e(Ha)          e(eV)
     1 0     1S 1( 2.00)       -38.3167       -19.1583      -521.3250
     2 0     2S 1( 1.60)        -2.1994        -1.0997       -29.9237
     2 1     2P 1( 4.00)        -1.0939        -0.5470       -14.8839

     eps = 1.1E-16  iter = 13
 
     Etot =    -149.100778 Ry,     -74.550389 Ha,   -2028.619311 eV

     Ekin =     148.700701 Ry,      74.350350 Ha,    2023.175975 eV
     Encl =    -350.800346 Ry,    -175.400173 Ha,   -4772.881558 eV
     Eh   =      69.155856 Ry,      34.577928 Ha,     940.913294 eV
     Exc  =     -16.156989 Ry,      -8.078495 Ha,    -219.827021 eV


     normalization and overlap integrals

     s(1S/1S) =  1.000000  <r> =   0.1997  <r2> =    0.0539  r(max) =   0.1298
     s(1S/2S) =  0.000000
     s(2S/2S) =  1.000000  <r> =   1.1191  <r2> =    1.5158  r(max) =   0.8677
     s(2P/2P) =  1.000000  <r> =   1.1940  <r2> =    1.8603  r(max) =   0.8050

     ------------------------ End of All-electron run ------------------------


     ---------------------- Testing the pseudopotential ----------------------

     O                                                                          

     atomic number is  8.00   valence charge is  6.00
     dft = SLA  PW   PBX  PBC   lsd =0 sic =0 latt =0  beta=0.50 tr2=1.0E-14
     mesh =1095 r(mesh) =  99.04343 xmin = -7.00 dx = 0.01250

     n l     nl             e AE (Ry)        e PS (Ry)    De AE-PS (Ry) 
     1 0     2S   1( 1.60)       -2.19935       -2.19953        0.00018
     2 1     2P   1( 4.00)       -1.09395       -1.09428        0.00033

     eps = 1.1E-15  iter =  6
 
     Etot =    -149.100778 Ry,     -74.550389 Ha,   -2028.619311 eV
     Etotps =   -31.130558 Ry,     -15.565279 Ha,    -423.552794 eV
     dEtot_ae =       0.790219 Ry
     dEtot_ps =       0.790236 Ry,   Delta E=      -0.000018 Ry

     Ekin =      22.435923 Ry,      11.217962 Ha,     305.256265 eV
     Encl =     -69.032576 Ry,     -34.516288 Ha,    -939.235983 eV
     Ehrt =      24.591043 Ry,      12.295522 Ha,     334.578168 eV
     Ecxc =      -6.722532 Ry,      -3.361266 Ha,     -91.464708 eV
     (Ecc =      -0.373154 Ry,      -0.186577 Ha,      -5.077024 eV)
     Epseu=      -2.402416 Ry,      -1.201208 Ha,     -32.686536 eV

     ---------------------- End of pseudopotential test ----------------------

