
     Program LD1       v.3.2cvs starts ...
     Today is 19Sep2007 at  0:20:53 
     --------------------------- All-electron run ----------------------------

     O                                                                          

     atomic number is  8.00
     dft = SLA  PW   PBX  PBC   lsd =0 sic =0 latt =0  beta=0.50 tr2=1.0E-14
     mesh =1095 r(mesh) =  99.04343 xmin = -7.00 dx = 0.01250
     1 Ry =  13.60569228 eV

     n l     nl                  e(Ry)          e(Ha)          e(eV)
     1 0     1S 1( 2.00)       -37.7973       -18.8987      -514.2587
     2 0     2S 1( 2.00)        -1.7577        -0.8788       -23.9147
     2 1     2P 1( 4.00)        -0.6643        -0.3321        -9.0378

     eps = 2.4E-15  iter = 15
 
     Etot =    -149.890997 Ry,     -74.945499 Ha,   -2039.370781 eV

     Ekin =     149.468654 Ry,      74.734327 Ha,    2033.624506 eV
     Encl =    -355.645040 Ry,    -177.822520 Ha,   -4838.796981 eV
     Eh   =      72.821009 Ry,      36.410504 Ha,     990.780236 eV
     Exc  =     -16.535619 Ry,      -8.267809 Ha,    -224.978543 eV


     normalization and overlap integrals

     s(1S/1S) =  1.000000  <r> =   0.1997  <r2> =    0.0539  r(max) =   0.1298
     s(1S/2S) =  0.000000
     s(2S/2S) =  1.000000  <r> =   1.1407  <r2> =    1.5839  r(max) =   0.8677
     s(2P/2P) =  1.000000  <r> =   1.2656  <r2> =    2.1371  r(max) =   0.8151

     ------------------------ End of All-electron run ------------------------


     ---------------------- Testing the pseudopotential ----------------------

     O                                                                          

     atomic number is  8.00   valence charge is  6.00
     dft = SLA  PW   PBX  PBC   lsd =0 sic =0 latt =0  beta=0.50 tr2=1.0E-14
     mesh =1095 r(mesh) =  99.04343 xmin = -7.00 dx = 0.01250

     n l     nl             e AE (Ry)        e PS (Ry)    De AE-PS (Ry) 
     1 0     2S   1( 2.00)       -1.75770       -1.75769       -0.00001
     2 1     2P   1( 4.00)       -0.66426       -0.66425       -0.00001

     eps = 1.1E-15  iter =  4
 
     Etot =    -149.890997 Ry,     -74.945499 Ha,   -2039.370781 eV
     Etotps =   -31.820172 Ry,     -15.910086 Ha,    -432.935468 eV

     Ekin =      11.635230 Ry,       5.817615 Ha,     158.305364 eV
     Encl =     -71.612612 Ry,     -35.806306 Ha,    -974.339164 eV
     Ehrt =      27.108126 Ry,      13.554063 Ha,     368.824821 eV
     Ecxc =      -7.039639 Ry,      -3.519820 Ha,     -95.779163 eV
     (Ecc =      -0.373154 Ry,      -0.186577 Ha,      -5.077024 eV)
     Epseu=       8.088723 Ry,       4.044361 Ha,     110.052674 eV

     ---------------------- End of pseudopotential test ----------------------

     --------------------------- All-electron run ----------------------------

     O                                                                          

     atomic number is  8.00
     dft = SLA  PW   PBX  PBC   lsd =0 sic =0 latt =0  beta=0.50 tr2=1.0E-14
     mesh =1095 r(mesh) =  99.04343 xmin = -7.00 dx = 0.01250
     1 Ry =  13.60569228 eV

     n l     nl                  e(Ry)          e(Ha)          e(eV)
     1 0     1S 1( 2.00)       -38.0501       -19.0250      -517.6973
     2 0     2S 1( 1.80)        -1.9740        -0.9870       -26.8580
     2 1     2P 1( 4.00)        -0.8741        -0.4371       -11.8931

     eps = 3.2E-15  iter = 13
 
     Etot =    -149.517979 Ry,     -74.758990 Ha,   -2034.295620 eV

     Ekin =     149.106563 Ry,      74.553281 Ha,    2028.698013 eV
     Encl =    -353.283406 Ry,    -176.641703 Ha,   -4806.665317 eV
     Eh   =      71.009676 Ry,      35.504838 Ha,     966.135794 eV
     Exc  =     -16.350812 Ry,      -8.175406 Ha,    -222.464111 eV


     normalization and overlap integrals

     s(1S/1S) =  1.000000  <r> =   0.1997  <r2> =    0.0539  r(max) =   0.1298
     s(1S/2S) =  0.000000
     s(2S/2S) =  1.000000  <r> =   1.1299  <r2> =    1.5496  r(max) =   0.8677
     s(2P/2P) =  1.000000  <r> =   1.2274  <r2> =    1.9855  r(max) =   0.8151

     ------------------------ End of All-electron run ------------------------


     ---------------------- Testing the pseudopotential ----------------------

     O                                                                          

     atomic number is  8.00   valence charge is  6.00
     dft = SLA  PW   PBX  PBC   lsd =0 sic =0 latt =0  beta=0.50 tr2=1.0E-14
     mesh =1095 r(mesh) =  99.04343 xmin = -7.00 dx = 0.01250

     n l     nl             e AE (Ry)        e PS (Ry)    De AE-PS (Ry) 
     1 0     2S   1( 1.80)       -1.97402       -1.97482        0.00079
     2 1     2P   1( 4.00)       -0.87413       -0.87453        0.00040

     eps = 6.1E-15  iter =  6
 
     Etot =    -149.517979 Ry,     -74.758990 Ha,   -2034.295620 eV
     Etotps =   -31.447083 Ry,     -15.723541 Ha,    -427.859333 eV
     dEtot_ae =       0.373018 Ry
     dEtot_ps =       0.373089 Ry,   Delta E=      -0.000071 Ry

     Ekin =      11.596311 Ry,       5.798156 Ha,     157.775840 eV
     Encl =     -70.119887 Ry,     -35.059943 Ha,    -954.029600 eV
     Ehrt =      25.804233 Ry,      12.902116 Ha,     351.084450 eV
     Ecxc =      -6.870918 Ry,      -3.435459 Ha,     -93.483595 eV
     (Ecc =      -0.373154 Ry,      -0.186577 Ha,      -5.077024 eV)
     Epseu=       8.143178 Ry,       4.071589 Ha,     110.793572 eV

     ---------------------- End of pseudopotential test ----------------------

