
     Program LD1       v.3.2cvs starts ...
     Today is 19Sep2007 at  0:21:11 
     --------------------------- All-electron run ----------------------------

     O                                                                          

     atomic number is  8.00
     dft = SLA  PW   PBX  PBC   lsd =0 sic =0 latt =0  beta=0.50 tr2=1.0E-14
     mesh =1095 r(mesh) =  99.04343 xmin = -7.00 dx = 0.01250
     1 Ry =  13.60569228 eV

     n l     nl                  e(Ry)          e(Ha)          e(eV)
     1 0     1S 1( 2.00)       -37.7973       -18.8987      -514.2587
     2 0     2S 1( 2.00)        -1.7577        -0.8788       -23.9147
     2 1     2P 1( 4.00)        -0.6643        -0.3321        -9.0378

     eps = 2.4E-15  iter = 15
 
     Etot =    -149.890997 Ry,     -74.945499 Ha,   -2039.370781 eV

     Ekin =     149.468654 Ry,      74.734327 Ha,    2033.624506 eV
     Encl =    -355.645040 Ry,    -177.822520 Ha,   -4838.796981 eV
     Eh   =      72.821009 Ry,      36.410504 Ha,     990.780236 eV
     Exc  =     -16.535619 Ry,      -8.267809 Ha,    -224.978543 eV


     normalization and overlap integrals

     s(1S/1S) =  1.000000  <r> =   0.1997  <r2> =    0.0539  r(max) =   0.1298
     s(1S/2S) =  0.000000
     s(2S/2S) =  1.000000  <r> =   1.1407  <r2> =    1.5839  r(max) =   0.8677
     s(2P/2P) =  1.000000  <r> =   1.2656  <r2> =    2.1371  r(max) =   0.8151

     ------------------------ End of All-electron run ------------------------


     ---------------------- Testing the pseudopotential ----------------------

     O                                                                          

     atomic number is  8.00   valence charge is  6.00
     dft = SLA  PW   PBX  PBC   lsd =0 sic =0 latt =0  beta=0.50 tr2=1.0E-14
     mesh =1095 r(mesh) =  99.04343 xmin = -7.00 dx = 0.01250

     n l     nl             e AE (Ry)        e PS (Ry)    De AE-PS (Ry) 
     1 0     2S   1( 2.00)       -1.75770       -1.75768       -0.00002
     2 1     2P   1( 4.00)       -0.66426       -0.66425       -0.00002

     eps = 5.1E-15  iter =  4
 
     Etot =    -149.890997 Ry,     -74.945499 Ha,   -2039.370781 eV
     Etotps =   -31.820086 Ry,     -15.910043 Ha,    -432.934299 eV

     Ekin =      20.635130 Ry,      10.317565 Ha,     280.755223 eV
     Encl =     -71.612533 Ry,     -35.806266 Ha,    -974.338087 eV
     Ehrt =      27.108086 Ry,      13.554043 Ha,     368.824279 eV
     Ecxc =      -7.039631 Ry,      -3.519815 Ha,     -95.779052 eV
     (Ecc =      -0.373154 Ry,      -0.186577 Ha,      -5.077024 eV)
     Epseu=      -0.911138 Ry,      -0.455569 Ha,     -12.396662 eV

     ---------------------- End of pseudopotential test ----------------------

     --------------------------- All-electron run ----------------------------

     O                                                                          

     atomic number is  8.00
     dft = SLA  PW   PBX  PBC   lsd =0 sic =0 latt =0  beta=0.50 tr2=1.0E-14
     mesh =1095 r(mesh) =  99.04343 xmin = -7.00 dx = 0.01250
     1 Ry =  13.60569228 eV

     n l     nl                  e(Ry)          e(Ha)          e(eV)
     1 0     1S 1( 2.00)       -40.1656       -20.0828      -546.4807
     2 0     2S 1( 0.40)        -3.7009        -1.8505       -50.3536
     2 1     2P 1( 4.00)        -2.5833        -1.2917       -35.1480

     eps = 2.5E-15  iter = 11
 
     Etot =    -145.583760 Ry,     -72.791880 Ha,   -1980.767837 eV

     Ekin =     145.257312 Ry,      72.628656 Ha,    1976.326283 eV
     Encl =    -333.615423 Ry,    -166.807712 Ha,   -4539.068793 eV
     Eh   =      57.628286 Ry,      28.814143 Ha,     784.072725 eV
     Exc  =     -14.853934 Ry,      -7.426967 Ha,    -202.098053 eV


     normalization and overlap integrals

     s(1S/1S) =  1.000000  <r> =   0.1995  <r2> =    0.0538  r(max) =   0.1298
     s(1S/2S) =  0.000000
     s(2S/2S) =  1.000000  <r> =   1.0563  <r2> =    1.3317  r(max) =   0.8462
     s(2P/2P) =  1.000000  <r> =   1.0501  <r2> =    1.3879  r(max) =   0.7657

     ------------------------ End of All-electron run ------------------------


     ---------------------- Testing the pseudopotential ----------------------

     O                                                                          

     atomic number is  8.00   valence charge is  6.00
     dft = SLA  PW   PBX  PBC   lsd =0 sic =0 latt =0  beta=0.50 tr2=1.0E-14
     mesh =1095 r(mesh) =  99.04343 xmin = -7.00 dx = 0.01250

     n l     nl             e AE (Ry)        e PS (Ry)    De AE-PS (Ry) 
     1 0     2S   1( 0.40)       -3.70093       -3.71723        0.01630
     2 1     2P   1( 4.00)       -2.58333       -2.59202        0.00869

     eps = 4.3E-15  iter =  8
 
     Etot =    -145.583760 Ry,     -72.791880 Ha,   -1980.767837 eV
     Etotps =   -27.503181 Ry,     -13.751591 Ha,    -374.199823 eV
     dEtot_ae =       4.307237 Ry
     dEtot_ps =       4.316905 Ry,   Delta E=      -0.009667 Ry

     Ekin =      23.056478 Ry,      11.528239 Ha,     313.699345 eV
     Encl =     -57.719957 Ry,     -28.859978 Ha,    -785.319973 eV
     Ehrt =      16.647436 Ry,       8.323718 Ha,     226.499887 eV
     Ecxc =      -5.488709 Ry,      -2.744354 Ha,     -74.677685 eV
     (Ecc =      -0.373154 Ry,      -0.186577 Ha,      -5.077024 eV)
     Epseu=      -3.998429 Ry,      -1.999215 Ha,     -54.401398 eV

     ---------------------- End of pseudopotential test ----------------------

