
     Program LD1       v.3.2cvs starts ...
     Today is 17Sep2007 at 14:13:38 
     --------------------------- All-electron run ----------------------------

     O                                                                          

     atomic number is  8.00
     dft = SLA  PW   PBX  PBC   lsd =0 sic =0 latt =0  beta=0.50 tr2=1.0E-14
     mesh =1095 r(mesh) =  99.04343 xmin = -7.00 dx = 0.01250
     1 Ry =  13.60569228 eV

     n l     nl                  e(Ry)          e(Ha)          e(eV)
     1 0     1S 1( 2.00)       -37.7973       -18.8987      -514.2587
     2 0     2S 1( 2.00)        -1.7577        -0.8788       -23.9147
     2 1     2P 1( 4.00)        -0.6643        -0.3321        -9.0378

     eps = 4.7E-15  iter = 14
 
     Etot =    -149.890997 Ry,     -74.945498 Ha,   -2039.370776 eV

     Ekin =     149.468653 Ry,      74.734327 Ha,    2033.624503 eV
     Encl =    -355.645040 Ry,    -177.822520 Ha,   -4838.796971 eV
     Eh   =      72.821009 Ry,      36.410504 Ha,     990.780235 eV
     Exc  =     -16.535619 Ry,      -8.267809 Ha,    -224.978543 eV


     normalization and overlap integrals

     s(1S/1S) =  1.000000  <r> =   0.1997  <r2> =    0.0539  r(max) =   0.1298
     s(1S/2S) =  0.000000
     s(2S/2S) =  1.000000  <r> =   1.1407  <r2> =    1.5839  r(max) =   0.8677
     s(2P/2P) =  1.000000  <r> =   1.2656  <r2> =    2.1371  r(max) =   0.8151

     ------------------------ End of All-electron run ------------------------


     ---------------------- Testing the pseudopotential ----------------------

     O                                                                          

     atomic number is  8.00   valence charge is  6.00
     dft = SLA  PW   PBX  PBC   lsd =0 sic =0 latt =0  beta=0.50 tr2=1.0E-14
     mesh =1095 r(mesh) =  99.04343 xmin = -7.00 dx = 0.01250

     n l     nl             e AE (Ry)        e PS (Ry)    De AE-PS (Ry) 
     1 0     2S   1( 2.00)       -1.75770       -1.75767       -0.00003
     2 1     2P   1( 4.00)       -0.66426       -0.66424       -0.00003

     eps = 3.4E-15  iter =  5
 
     Etot =    -149.890997 Ry,     -74.945498 Ha,   -2039.370776 eV
     Etotps =   -31.920794 Ry,     -15.960397 Ha,    -434.304501 eV

     Ekin =      21.697706 Ry,      10.848853 Ha,     295.212316 eV
     Encl =     -72.064389 Ry,     -36.032195 Ha,    -980.485906 eV
     Ehrt =      27.211177 Ry,      13.605589 Ha,     370.226902 eV
     Ecxc =      -7.066636 Ry,      -3.533318 Ha,     -96.146474 eV
     (Ecc =      -0.373154 Ry,      -0.186577 Ha,      -5.077024 eV)
     Evxt =       0.000000 Ry,       0.000000 Ha,       0.000000 eV
     Epseu=      -1.698652 Ry,      -0.849326 Ha,     -23.111340 eV

     ---------------------- End of pseudopotential test ----------------------

     --------------------------- All-electron run ----------------------------

     O                                                                          

     atomic number is  8.00
     dft = SLA  PW   PBX  PBC   lsd =0 sic =0 latt =0  beta=0.50 tr2=1.0E-14
     mesh =1095 r(mesh) =  99.04343 xmin = -7.00 dx = 0.01250
     1 Ry =  13.60569228 eV

     n l     nl                  e(Ry)          e(Ha)          e(eV)
     1 0     1S 1( 2.00)       -38.5962       -19.2981      -525.1282
     2 0     2S 1( 1.40)        -2.4328        -1.2164       -33.0994
     2 1     2P 1( 4.00)        -1.3228        -0.6614       -17.9980

     eps = 8.8E-15  iter = 17
 
     Etot =    -148.637690 Ry,     -74.318845 Ha,   -2022.318677 eV

     Ekin =     148.249290 Ry,      74.124645 Ha,    2017.034220 eV
     Encl =    -348.202214 Ry,    -174.101107 Ha,   -4737.532182 eV
     Eh   =      67.270459 Ry,      33.635229 Ha,     915.261159 eV
     Exc  =     -15.955224 Ry,      -7.977612 Ha,    -217.081875 eV


     normalization and overlap integrals

     s(1S/1S) =  1.000000  <r> =   0.1996  <r2> =    0.0539  r(max) =   0.1298
     s(1S/2S) =  0.000000
     s(2S/2S) =  1.000000  <r> =   1.1083  <r2> =    1.4827  r(max) =   0.8677
     s(2P/2P) =  1.000000  <r> =   1.1642  <r2> =    1.7541  r(max) =   0.7950

     ------------------------ End of All-electron run ------------------------


     ---------------------- Testing the pseudopotential ----------------------

     O                                                                          

     atomic number is  8.00   valence charge is  6.00
     dft = SLA  PW   PBX  PBC   lsd =0 sic =0 latt =0  beta=0.50 tr2=1.0E-14
     mesh =1095 r(mesh) =  99.04343 xmin = -7.00 dx = 0.01250

     n l     nl             e AE (Ry)        e PS (Ry)    De AE-PS (Ry) 
     1 0     2S   1( 1.40)       -2.43276       -2.43318        0.00041
     2 1     2P   1( 4.00)       -1.32283       -1.32342        0.00059

     eps = 1.0E-15  iter =  7
 
     Etot =    -148.637690 Ry,     -74.318845 Ha,   -2022.318677 eV
     Etotps =   -30.667412 Ry,     -15.333706 Ha,    -417.251370 eV
     dEtot_ae =       1.253306 Ry
     dEtot_ps =       1.253382 Ry,   Delta E=      -0.000076 Ry

     Ekin =      22.772115 Ry,      11.386057 Ha,     309.830387 eV
     Encl =     -67.405404 Ry,     -33.702702 Ha,    -917.097184 eV
     Ehrt =      23.267633 Ry,      11.633816 Ha,     316.572252 eV
     Ecxc =      -6.538486 Ry,      -3.269243 Ha,     -88.960628 eV
     (Ecc =      -0.373154 Ry,      -0.186577 Ha,      -5.077024 eV)
     Evxt =       0.000000 Ry,       0.000000 Ha,       0.000000 eV
     Epseu=      -2.763270 Ry,      -1.381635 Ha,     -37.596198 eV

     ---------------------- End of pseudopotential test ----------------------

