
     Program LD1       v.3.2cvs starts ...
     Today is 19Sep2007 at  0:20:58 
     --------------------------- All-electron run ----------------------------

     O                                                                          

     atomic number is  8.00
     dft = SLA  PW   PBX  PBC   lsd =0 sic =0 latt =0  beta=0.50 tr2=1.0E-14
     mesh =1095 r(mesh) =  99.04343 xmin = -7.00 dx = 0.01250
     1 Ry =  13.60569228 eV

     n l     nl                  e(Ry)          e(Ha)          e(eV)
     1 0     1S 1( 2.00)       -37.7973       -18.8987      -514.2587
     2 0     2S 1( 2.00)        -1.7577        -0.8788       -23.9147
     2 1     2P 1( 4.00)        -0.6643        -0.3321        -9.0378

     eps = 2.4E-15  iter = 15
 
     Etot =    -149.890997 Ry,     -74.945499 Ha,   -2039.370781 eV

     Ekin =     149.468654 Ry,      74.734327 Ha,    2033.624506 eV
     Encl =    -355.645040 Ry,    -177.822520 Ha,   -4838.796981 eV
     Eh   =      72.821009 Ry,      36.410504 Ha,     990.780236 eV
     Exc  =     -16.535619 Ry,      -8.267809 Ha,    -224.978543 eV


     normalization and overlap integrals

     s(1S/1S) =  1.000000  <r> =   0.1997  <r2> =    0.0539  r(max) =   0.1298
     s(1S/2S) =  0.000000
     s(2S/2S) =  1.000000  <r> =   1.1407  <r2> =    1.5839  r(max) =   0.8677
     s(2P/2P) =  1.000000  <r> =   1.2656  <r2> =    2.1371  r(max) =   0.8151

     ------------------------ End of All-electron run ------------------------


     ---------------------- Testing the pseudopotential ----------------------

     O                                                                          

     atomic number is  8.00   valence charge is  6.00
     dft = SLA  PW   PBX  PBC   lsd =0 sic =0 latt =0  beta=0.50 tr2=1.0E-14
     mesh =1095 r(mesh) =  99.04343 xmin = -7.00 dx = 0.01250

     n l     nl             e AE (Ry)        e PS (Ry)    De AE-PS (Ry) 
     1 0     2S   1( 2.00)       -1.75770       -1.75769       -0.00001
     2 1     2P   1( 4.00)       -0.66426       -0.66425       -0.00001

     eps = 1.2E-15  iter =  4
 
     Etot =    -149.890997 Ry,     -74.945499 Ha,   -2039.370781 eV
     Etotps =   -31.920954 Ry,     -15.960477 Ha,    -434.306677 eV

     Ekin =      11.635230 Ry,       5.817615 Ha,     158.305364 eV
     Encl =     -72.064476 Ry,     -36.032238 Ha,    -980.487090 eV
     Ehrt =      27.211230 Ry,      13.605615 Ha,     370.227622 eV
     Ecxc =      -7.066646 Ry,      -3.533323 Ha,     -96.146610 eV
     (Ecc =      -0.373154 Ry,      -0.186577 Ha,      -5.077024 eV)
     Epseu=       8.363708 Ry,       4.181854 Ha,     113.794037 eV

     ---------------------- End of pseudopotential test ----------------------

     --------------------------- All-electron run ----------------------------

     O                                                                          

     atomic number is  8.00
     dft = SLA  PW   PBX  PBC   lsd =0 sic =0 latt =0  beta=0.50 tr2=1.0E-14
     mesh =1095 r(mesh) =  99.04343 xmin = -7.00 dx = 0.01250
     1 Ry =  13.60569228 eV

     n l     nl                  e(Ry)          e(Ha)          e(eV)
     1 0     1S 1( 2.00)       -38.5962       -19.2981      -525.1282
     2 0     2S 1( 1.40)        -2.4328        -1.2164       -33.0994
     2 1     2P 1( 4.00)        -1.3228        -0.6614       -17.9980

     eps = 4.9E-15  iter = 13
 
     Etot =    -148.637690 Ry,     -74.318845 Ha,   -2022.318674 eV

     Ekin =     148.249291 Ry,      74.124645 Ha,    2017.034231 eV
     Encl =    -348.202215 Ry,    -174.101108 Ha,   -4737.532190 eV
     Eh   =      67.270459 Ry,      33.635229 Ha,     915.261160 eV
     Exc  =     -15.955225 Ry,      -7.977612 Ha,    -217.081875 eV


     normalization and overlap integrals

     s(1S/1S) =  1.000000  <r> =   0.1996  <r2> =    0.0539  r(max) =   0.1298
     s(1S/2S) =  0.000000
     s(2S/2S) =  1.000000  <r> =   1.1083  <r2> =    1.4827  r(max) =   0.8677
     s(2P/2P) =  1.000000  <r> =   1.1642  <r2> =    1.7541  r(max) =   0.7950

     ------------------------ End of All-electron run ------------------------


     ---------------------- Testing the pseudopotential ----------------------

     O                                                                          

     atomic number is  8.00   valence charge is  6.00
     dft = SLA  PW   PBX  PBC   lsd =0 sic =0 latt =0  beta=0.50 tr2=1.0E-14
     mesh =1095 r(mesh) =  99.04343 xmin = -7.00 dx = 0.01250

     n l     nl             e AE (Ry)        e PS (Ry)    De AE-PS (Ry) 
     1 0     2S   1( 1.40)       -2.43276       -2.43331        0.00055
     2 1     2P   1( 4.00)       -1.32283       -1.32353        0.00070

     eps = 2.6E-16  iter =  8
 
     Etot =    -148.637690 Ry,     -74.318845 Ha,   -2022.318674 eV
     Etotps =   -30.667540 Ry,     -15.333770 Ha,    -417.253106 eV
     dEtot_ae =       1.253307 Ry
     dEtot_ps =       1.253414 Ry,   Delta E=      -0.000108 Ry

     Ekin =      11.427347 Ry,       5.713674 Ha,     155.476973 eV
     Encl =     -67.402265 Ry,     -33.701133 Ha,    -917.054481 eV
     Ehrt =      23.267231 Ry,      11.633616 Ha,     316.566789 eV
     Ecxc =      -6.538325 Ry,      -3.269163 Ha,     -88.958442 eV
     (Ecc =      -0.373154 Ry,      -0.186577 Ha,      -5.077024 eV)
     Epseu=       8.578472 Ry,       4.289236 Ha,     116.716055 eV

     ---------------------- End of pseudopotential test ----------------------

