
     Program LD1       v.3.2cvs starts ...
     Today is 19Sep2007 at  0:21: 3 
     --------------------------- All-electron run ----------------------------

     O                                                                          

     atomic number is  8.00
     dft = SLA  PW   PBX  PBC   lsd =0 sic =0 latt =0  beta=0.50 tr2=1.0E-14
     mesh =1095 r(mesh) =  99.04343 xmin = -7.00 dx = 0.01250
     1 Ry =  13.60569228 eV

     n l     nl                  e(Ry)          e(Ha)          e(eV)
     1 0     1S 1( 2.00)       -37.7973       -18.8987      -514.2587
     2 0     2S 1( 2.00)        -1.7577        -0.8788       -23.9147
     2 1     2P 1( 4.00)        -0.6643        -0.3321        -9.0378

     eps = 2.4E-15  iter = 15
 
     Etot =    -149.890997 Ry,     -74.945499 Ha,   -2039.370781 eV

     Ekin =     149.468654 Ry,      74.734327 Ha,    2033.624506 eV
     Encl =    -355.645040 Ry,    -177.822520 Ha,   -4838.796981 eV
     Eh   =      72.821009 Ry,      36.410504 Ha,     990.780236 eV
     Exc  =     -16.535619 Ry,      -8.267809 Ha,    -224.978543 eV


     normalization and overlap integrals

     s(1S/1S) =  1.000000  <r> =   0.1997  <r2> =    0.0539  r(max) =   0.1298
     s(1S/2S) =  0.000000
     s(2S/2S) =  1.000000  <r> =   1.1407  <r2> =    1.5839  r(max) =   0.8677
     s(2P/2P) =  1.000000  <r> =   1.2656  <r2> =    2.1371  r(max) =   0.8151

     ------------------------ End of All-electron run ------------------------


     ---------------------- Testing the pseudopotential ----------------------

     O                                                                          

     atomic number is  8.00   valence charge is  6.00
     dft = SLA  PW   PBX  PBC   lsd =0 sic =0 latt =0  beta=0.50 tr2=1.0E-14
     mesh =1095 r(mesh) =  99.04343 xmin = -7.00 dx = 0.01250

     n l     nl             e AE (Ry)        e PS (Ry)    De AE-PS (Ry) 
     1 0     2S   1( 2.00)       -1.75770       -1.75768       -0.00002
     2 1     2P   1( 4.00)       -0.66426       -0.66425       -0.00002

     eps = 5.1E-15  iter =  4
 
     Etot =    -149.890997 Ry,     -74.945499 Ha,   -2039.370781 eV
     Etotps =   -31.820086 Ry,     -15.910043 Ha,    -432.934299 eV

     Ekin =      20.635130 Ry,      10.317565 Ha,     280.755223 eV
     Encl =     -71.612533 Ry,     -35.806266 Ha,    -974.338087 eV
     Ehrt =      27.108086 Ry,      13.554043 Ha,     368.824279 eV
     Ecxc =      -7.039631 Ry,      -3.519815 Ha,     -95.779052 eV
     (Ecc =      -0.373154 Ry,      -0.186577 Ha,      -5.077024 eV)
     Epseu=      -0.911138 Ry,      -0.455569 Ha,     -12.396662 eV

     ---------------------- End of pseudopotential test ----------------------

     --------------------------- All-electron run ----------------------------

     O                                                                          

     atomic number is  8.00
     dft = SLA  PW   PBX  PBC   lsd =0 sic =0 latt =0  beta=0.50 tr2=1.0E-14
     mesh =1095 r(mesh) =  99.04343 xmin = -7.00 dx = 0.01250
     1 Ry =  13.60569228 eV

     n l     nl                  e(Ry)          e(Ha)          e(eV)
     1 0     1S 1( 2.00)       -39.1911       -19.5955      -533.2219
     2 0     2S 1( 1.00)        -2.9212        -1.4606       -39.7451
     2 1     2P 1( 4.00)        -1.8052        -0.9026       -24.5609

     eps = 2.3E-15  iter = 15
 
     Etot =    -147.567797 Ry,     -73.783899 Ha,   -2007.762043 eV

     Ekin =     147.203572 Ry,      73.601786 Ha,    2002.806510 eV
     Encl =    -342.678155 Ry,    -171.339077 Ha,   -4662.373528 eV
     Eh   =      63.437998 Ry,      31.718999 Ha,     863.117883 eV
     Exc  =     -15.531213 Ry,      -7.765607 Ha,    -211.312908 eV


     normalization and overlap integrals

     s(1S/1S) =  1.000000  <r> =   0.1996  <r2> =    0.0538  r(max) =   0.1298
     s(1S/2S) =  0.000000
     s(2S/2S) =  1.000000  <r> =   1.0870  <r2> =    1.4192  r(max) =   0.8569
     s(2P/2P) =  1.000000  <r> =   1.1129  <r2> =    1.5817  r(max) =   0.7851

     ------------------------ End of All-electron run ------------------------


     ---------------------- Testing the pseudopotential ----------------------

     O                                                                          

     atomic number is  8.00   valence charge is  6.00
     dft = SLA  PW   PBX  PBC   lsd =0 sic =0 latt =0  beta=0.50 tr2=1.0E-14
     mesh =1095 r(mesh) =  99.04343 xmin = -7.00 dx = 0.01250

     n l     nl             e AE (Ry)        e PS (Ry)    De AE-PS (Ry) 
     1 0     2S   1( 1.00)       -2.92121       -2.92837        0.00716
     2 1     2P   1( 4.00)       -1.80519       -1.80896        0.00377

     eps = 1.2E-15  iter =  8
 
     Etot =    -147.567797 Ry,     -73.783899 Ha,   -2007.762043 eV
     Etotps =   -29.494035 Ry,     -14.747018 Ha,    -401.286766 eV
     dEtot_ae =       2.323200 Ry
     dEtot_ps =       2.326051 Ry,   Delta E=      -0.002851 Ry

     Ekin =      22.285570 Ry,      11.142785 Ha,     303.210607 eV
     Encl =     -63.414320 Ry,     -31.707160 Ha,    -862.795731 eV
     Ehrt =      20.514772 Ry,      10.257386 Ha,     279.117681 eV
     Ecxc =      -6.116394 Ry,      -3.058197 Ha,     -83.217775 eV
     (Ecc =      -0.373154 Ry,      -0.186577 Ha,      -5.077024 eV)
     Epseu=      -2.763663 Ry,      -1.381831 Ha,     -37.601548 eV

     ---------------------- End of pseudopotential test ----------------------

