
     Program LD1       v.3.2cvs starts ...
     Today is 19Sep2007 at  0:20:57 
Reading pseudopotential from file: /home/paulatto/espresso/examples/PAWexample/pseudo/PAW4.PAW
 reading pseudopotential for:  O
 dimensions (mesh, nwfc, lmax):  1095    4    1
     --------------------------- All-electron run ----------------------------

     O                                                                          

     atomic number is  8.00
     dft = SLA  PW   PBX  PBC   lsd =0 sic =0 latt =0  beta=0.50 tr2=1.0E-14
     mesh =1095 r(mesh) =  99.04343 xmin = -7.00 dx = 0.01250
     1 Ry =  13.60569228 eV

     n l     nl                  e(Ry)          e(Ha)          e(eV)
     1 0     1S 1( 2.00)       -37.7973       -18.8987      -514.2587
     2 0     2S 1( 2.00)        -1.7577        -0.8788       -23.9147
     2 1     2P 1( 4.00)        -0.6643        -0.3321        -9.0378

     eps = 2.8E-15  iter = 15
 
     Etot =    -149.890997 Ry,     -74.945498 Ha,   -2039.370780 eV

     Ekin =     149.468654 Ry,      74.734327 Ha,    2033.624506 eV
     Encl =    -355.645040 Ry,    -177.822520 Ha,   -4838.796979 eV
     Eh   =      72.821009 Ry,      36.410504 Ha,     990.780236 eV
     Exc  =     -16.535619 Ry,      -8.267809 Ha,    -224.978543 eV


     normalization and overlap integrals

     s(1S/1S) =  1.000000  <r> =   0.1997  <r2> =    0.0539  r(max) =   0.1298
     s(1S/2S) =  0.000000
     s(2S/2S) =  1.000000  <r> =   1.1407  <r2> =    1.5839  r(max) =   0.8677
     s(2P/2P) =  1.000000  <r> =   1.2656  <r2> =    2.1371  r(max) =   0.8151

     ------------------------ End of All-electron run ------------------------

     Message from routine elsdps_paw:
     energy report for PAW coming soon...

     ---------------------- Testing the pseudopotential ----------------------

     O                                                                          

     atomic number is  8.00   valence charge is  6.00
     dft = SLA  PW   PBX  PBC   lsd =0 sic =0 latt =0  beta=0.50 tr2=1.0E-14
     mesh =1095 r(mesh) =  99.04343 xmin = -7.00 dx = 0.01250

     n l     nl             e AE (Ry)        e PS (Ry)    De AE-PS (Ry) 
     1 0     2S   1( 2.00)       -1.75770       -1.75768       -0.00002
     2 1     2P   1( 4.00)       -0.66426       -0.66424       -0.00002

     eps = 5.5E-16  iter =  4
 
     Etot =    -149.890997 Ry,     -74.945498 Ha,   -2039.370780 eV
     Etotps =   -31.920832 Ry,     -15.960416 Ha,    -434.305011 eV

     Ekin =     149.468654 Ry,      74.734327 Ha,    2033.624506 eV
     Encl =    -355.645040 Ry,    -177.822520 Ha,   -4838.796979 eV
     Ehrt =      72.821009 Ry,      36.410504 Ha,     990.780236 eV
     Ecxc =     -16.535619 Ry,      -8.267809 Ha,    -224.978543 eV

     ---------------------- End of pseudopotential test ----------------------

     --------------------------- All-electron run ----------------------------

     O                                                                          

     atomic number is  8.00
     dft = SLA  PW   PBX  PBC   lsd =0 sic =0 latt =0  beta=0.50 tr2=1.0E-14
     mesh =1095 r(mesh) =  99.04343 xmin = -7.00 dx = 0.01250
     1 Ry =  13.60569228 eV

     n l     nl                  e(Ry)          e(Ha)          e(eV)
     1 0     1S 1( 2.00)       -38.3167       -19.1583      -521.3250
     2 0     2S 1( 1.60)        -2.1994        -1.0997       -29.9237
     2 1     2P 1( 4.00)        -1.0939        -0.5470       -14.8839

     eps = 1.4E-16  iter = 13
 
     Etot =    -149.100778 Ry,     -74.550389 Ha,   -2028.619309 eV

     Ekin =     148.700701 Ry,      74.350350 Ha,    2023.175974 eV
     Encl =    -350.800346 Ry,    -175.400173 Ha,   -4772.881556 eV
     Eh   =      69.155856 Ry,      34.577928 Ha,     940.913294 eV
     Exc  =     -16.156989 Ry,      -8.078495 Ha,    -219.827021 eV


     normalization and overlap integrals

     s(1S/1S) =  1.000000  <r> =   0.1997  <r2> =    0.0539  r(max) =   0.1298
     s(1S/2S) =  0.000000
     s(2S/2S) =  1.000000  <r> =   1.1191  <r2> =    1.5158  r(max) =   0.8677
     s(2P/2P) =  1.000000  <r> =   1.1940  <r2> =    1.8603  r(max) =   0.8050

     ------------------------ End of All-electron run ------------------------

     Message from routine elsdps_paw:
     energy report for PAW coming soon...

     ---------------------- Testing the pseudopotential ----------------------

     O                                                                          

     atomic number is  8.00   valence charge is  6.00
     dft = SLA  PW   PBX  PBC   lsd =0 sic =0 latt =0  beta=0.50 tr2=1.0E-14
     mesh =1095 r(mesh) =  99.04343 xmin = -7.00 dx = 0.01250

     n l     nl             e AE (Ry)        e PS (Ry)    De AE-PS (Ry) 
     1 0     2S   1( 1.60)       -2.19935       -2.19959        0.00024
     2 1     2P   1( 4.00)       -1.09395       -1.09434        0.00039

     eps = 1.8E-16  iter =  9
 
     Etot =    -149.100778 Ry,     -74.550389 Ha,   -2028.619309 eV
     Etotps =   -31.130586 Ry,     -15.565293 Ha,    -423.553175 eV
     dEtot_ae =       0.790219 Ry
     dEtot_ps =       0.790245 Ry,   Delta E=      -0.000027 Ry

     Ekin =     148.700701 Ry,      74.350350 Ha,    2023.175974 eV
     Encl =    -350.800346 Ry,    -175.400173 Ha,   -4772.881556 eV
     Ehrt =      69.155856 Ry,      34.577928 Ha,     940.913294 eV
     Ecxc =     -16.156989 Ry,      -8.078495 Ha,    -219.827021 eV

     ---------------------- End of pseudopotential test ----------------------

