
     Program LD1       v.3.2cvs starts ...
     Today is 19Sep2007 at  0:21: 6 
     --------------------------- All-electron run ----------------------------

     O                                                                          

     atomic number is  8.00
     dft = SLA  PW   PBX  PBC   lsd =0 sic =0 latt =0  beta=0.50 tr2=1.0E-14
     mesh =1095 r(mesh) =  99.04343 xmin = -7.00 dx = 0.01250
     1 Ry =  13.60569228 eV

     n l     nl                  e(Ry)          e(Ha)          e(eV)
     1 0     1S 1( 2.00)       -37.7973       -18.8987      -514.2587
     2 0     2S 1( 2.00)        -1.7577        -0.8788       -23.9147
     2 1     2P 1( 4.00)        -0.6643        -0.3321        -9.0378

     eps = 2.4E-15  iter = 15
 
     Etot =    -149.890997 Ry,     -74.945499 Ha,   -2039.370781 eV

     Ekin =     149.468654 Ry,      74.734327 Ha,    2033.624506 eV
     Encl =    -355.645040 Ry,    -177.822520 Ha,   -4838.796981 eV
     Eh   =      72.821009 Ry,      36.410504 Ha,     990.780236 eV
     Exc  =     -16.535619 Ry,      -8.267809 Ha,    -224.978543 eV


     normalization and overlap integrals

     s(1S/1S) =  1.000000  <r> =   0.1997  <r2> =    0.0539  r(max) =   0.1298
     s(1S/2S) =  0.000000
     s(2S/2S) =  1.000000  <r> =   1.1407  <r2> =    1.5839  r(max) =   0.8677
     s(2P/2P) =  1.000000  <r> =   1.2656  <r2> =    2.1371  r(max) =   0.8151

     ------------------------ End of All-electron run ------------------------


     ---------------------- Testing the pseudopotential ----------------------

     O                                                                          

     atomic number is  8.00   valence charge is  6.00
     dft = SLA  PW   PBX  PBC   lsd =0 sic =0 latt =0  beta=0.50 tr2=1.0E-14
     mesh =1095 r(mesh) =  99.04343 xmin = -7.00 dx = 0.01250

     n l     nl             e AE (Ry)        e PS (Ry)    De AE-PS (Ry) 
     1 0     2S   1( 2.00)       -1.75770       -1.75768       -0.00002
     2 1     2P   1( 4.00)       -0.66426       -0.66425       -0.00002

     eps = 5.1E-15  iter =  4
 
     Etot =    -149.890997 Ry,     -74.945499 Ha,   -2039.370781 eV
     Etotps =   -31.820086 Ry,     -15.910043 Ha,    -432.934299 eV

     Ekin =      20.635130 Ry,      10.317565 Ha,     280.755223 eV
     Encl =     -71.612533 Ry,     -35.806266 Ha,    -974.338087 eV
     Ehrt =      27.108086 Ry,      13.554043 Ha,     368.824279 eV
     Ecxc =      -7.039631 Ry,      -3.519815 Ha,     -95.779052 eV
     (Ecc =      -0.373154 Ry,      -0.186577 Ha,      -5.077024 eV)
     Epseu=      -0.911138 Ry,      -0.455569 Ha,     -12.396662 eV

     ---------------------- End of pseudopotential test ----------------------

     --------------------------- All-electron run ----------------------------

     O                                                                          

     atomic number is  8.00
     dft = SLA  PW   PBX  PBC   lsd =0 sic =0 latt =0  beta=0.50 tr2=1.0E-14
     mesh =1095 r(mesh) =  99.04343 xmin = -7.00 dx = 0.01250
     1 Ry =  13.60569228 eV

     n l     nl                  e(Ry)          e(Ha)          e(eV)
     1 0     1S 1( 2.00)       -39.5054       -19.7527      -537.4978
     2 0     2S 1( 0.80)        -3.1752        -1.5876       -43.2013
     2 1     2P 1( 4.00)        -2.0577        -1.0288       -27.9962

     eps = 1.5E-15  iter = 15
 
     Etot =    -146.958251 Ry,     -73.479125 Ha,   -1999.468735 eV

     Ekin =     146.606446 Ry,      73.303223 Ha,    1994.682187 eV
     Encl =    -339.758519 Ry,    -169.879260 Ha,   -4622.649860 eV
     Eh   =      61.504179 Ry,      30.752089 Ha,     836.806932 eV
     Exc  =     -15.310356 Ry,      -7.655178 Ha,    -208.307994 eV


     normalization and overlap integrals

     s(1S/1S) =  1.000000  <r> =   0.1996  <r2> =    0.0538  r(max) =   0.1298
     s(1S/2S) =  0.000000
     s(2S/2S) =  1.000000  <r> =   1.0766  <r2> =    1.3890  r(max) =   0.8569
     s(2P/2P) =  1.000000  <r> =   1.0904  <r2> =    1.5102  r(max) =   0.7753

     ------------------------ End of All-electron run ------------------------


     ---------------------- Testing the pseudopotential ----------------------

     O                                                                          

     atomic number is  8.00   valence charge is  6.00
     dft = SLA  PW   PBX  PBC   lsd =0 sic =0 latt =0  beta=0.50 tr2=1.0E-14
     mesh =1095 r(mesh) =  99.04343 xmin = -7.00 dx = 0.01250

     n l     nl             e AE (Ry)        e PS (Ry)    De AE-PS (Ry) 
     1 0     2S   1( 0.80)       -3.17524       -3.18497        0.00973
     2 1     2P   1( 4.00)       -2.05768       -2.06283        0.00515

     eps = 7.8E-16  iter =  8
 
     Etot =    -146.958251 Ry,     -73.479125 Ha,   -1999.468735 eV
     Etotps =   -28.882808 Ry,     -14.441404 Ha,    -392.970594 eV
     dEtot_ae =       2.932747 Ry
     dEtot_ps =       2.937278 Ry,   Delta E=      -0.004532 Ry

     Ekin =      22.559135 Ry,      11.279567 Ha,     306.932647 eV
     Encl =     -61.574834 Ry,     -30.787417 Ha,    -837.768241 eV
     Ehrt =      19.207832 Ry,       9.603916 Ha,     261.335855 eV
     Ecxc =      -5.912025 Ry,      -2.956013 Ha,     -80.437194 eV
     (Ecc =      -0.373154 Ry,      -0.186577 Ha,      -5.077024 eV)
     Epseu=      -3.162916 Ry,      -1.581458 Ha,     -43.033662 eV

     ---------------------- End of pseudopotential test ----------------------

