
     Program LD1       v.3.2cvs starts ...
     Today is 19Sep2007 at  0:21:14 
     --------------------------- All-electron run ----------------------------

     O                                                                          

     atomic number is  8.00
     dft = SLA  PW   PBX  PBC   lsd =0 sic =0 latt =0  beta=0.50 tr2=1.0E-14
     mesh =1095 r(mesh) =  99.04343 xmin = -7.00 dx = 0.01250
     1 Ry =  13.60569228 eV

     n l     nl                  e(Ry)          e(Ha)          e(eV)
     1 0     1S 1( 2.00)       -37.7973       -18.8987      -514.2587
     2 0     2S 1( 2.00)        -1.7577        -0.8788       -23.9147
     2 1     2P 1( 4.00)        -0.6643        -0.3321        -9.0378

     eps = 2.4E-15  iter = 15
 
     Etot =    -149.890997 Ry,     -74.945499 Ha,   -2039.370781 eV

     Ekin =     149.468654 Ry,      74.734327 Ha,    2033.624506 eV
     Encl =    -355.645040 Ry,    -177.822520 Ha,   -4838.796981 eV
     Eh   =      72.821009 Ry,      36.410504 Ha,     990.780236 eV
     Exc  =     -16.535619 Ry,      -8.267809 Ha,    -224.978543 eV


     normalization and overlap integrals

     s(1S/1S) =  1.000000  <r> =   0.1997  <r2> =    0.0539  r(max) =   0.1298
     s(1S/2S) =  0.000000
     s(2S/2S) =  1.000000  <r> =   1.1407  <r2> =    1.5839  r(max) =   0.8677
     s(2P/2P) =  1.000000  <r> =   1.2656  <r2> =    2.1371  r(max) =   0.8151

     ------------------------ End of All-electron run ------------------------


     ---------------------- Testing the pseudopotential ----------------------

     O                                                                          

     atomic number is  8.00   valence charge is  6.00
     dft = SLA  PW   PBX  PBC   lsd =0 sic =0 latt =0  beta=0.50 tr2=1.0E-14
     mesh =1095 r(mesh) =  99.04343 xmin = -7.00 dx = 0.01250

     n l     nl             e AE (Ry)        e PS (Ry)    De AE-PS (Ry) 
     1 0     2S   1( 2.00)       -1.75770       -1.75769       -0.00001
     2 1     2P   1( 4.00)       -0.66426       -0.66425       -0.00001

     eps = 1.1E-15  iter =  4
 
     Etot =    -149.890997 Ry,     -74.945499 Ha,   -2039.370781 eV
     Etotps =   -31.820172 Ry,     -15.910086 Ha,    -432.935468 eV

     Ekin =      11.635230 Ry,       5.817615 Ha,     158.305364 eV
     Encl =     -71.612612 Ry,     -35.806306 Ha,    -974.339164 eV
     Ehrt =      27.108126 Ry,      13.554063 Ha,     368.824821 eV
     Ecxc =      -7.039639 Ry,      -3.519820 Ha,     -95.779163 eV
     (Ecc =      -0.373154 Ry,      -0.186577 Ha,      -5.077024 eV)
     Epseu=       8.088723 Ry,       4.044361 Ha,     110.052674 eV

     ---------------------- End of pseudopotential test ----------------------

     --------------------------- All-electron run ----------------------------

     O                                                                          

     atomic number is  8.00
     dft = SLA  PW   PBX  PBC   lsd =0 sic =0 latt =0  beta=0.50 tr2=1.0E-14
     mesh =1095 r(mesh) =  99.04343 xmin = -7.00 dx = 0.01250
     1 Ry =  13.60569228 eV

     n l     nl                  e(Ry)          e(Ha)          e(eV)
     1 0     1S 1( 2.00)       -40.5109       -20.2555      -551.1789
     2 0     2S 1( 0.20)        -3.9719        -1.9860       -54.0408
     2 1     2P 1( 4.00)        -2.8558        -1.4279       -38.8557

     eps = 4.5E-15  iter = 14
 
     Etot =    -144.816556 Ry,     -72.408278 Ha,   -1970.329495 eV

     Ekin =     144.502991 Ry,      72.251495 Ha,    1966.063229 eV
     Encl =    -330.395426 Ry,    -165.197713 Ha,   -4495.258495 eV
     Eh   =      55.695343 Ry,      27.847671 Ha,     757.773696 eV
     Exc  =     -14.619464 Ry,      -7.309732 Ha,    -198.907925 eV


     normalization and overlap integrals

     s(1S/1S) =  1.000000  <r> =   0.1995  <r2> =    0.0537  r(max) =   0.1298
     s(1S/2S) =  0.000000
     s(2S/2S) =  1.000000  <r> =   1.0465  <r2> =    1.3047  r(max) =   0.8357
     s(2P/2P) =  1.000000  <r> =   1.0319  <r2> =    1.3349  r(max) =   0.7562

     ------------------------ End of All-electron run ------------------------


     ---------------------- Testing the pseudopotential ----------------------

     O                                                                          

     atomic number is  8.00   valence charge is  6.00
     dft = SLA  PW   PBX  PBC   lsd =0 sic =0 latt =0  beta=0.50 tr2=1.0E-14
     mesh =1095 r(mesh) =  99.04343 xmin = -7.00 dx = 0.01250

     n l     nl             e AE (Ry)        e PS (Ry)    De AE-PS (Ry) 
     1 0     2S   1( 0.20)       -3.97192       -3.99419        0.02227
     2 1     2P   1( 4.00)       -2.85584       -2.86822        0.01238

     eps = 3.1E-16  iter =  7
 
     Etot =    -144.816556 Ry,     -72.408278 Ha,   -1970.329495 eV
     Etotps =   -26.731470 Ry,     -13.365735 Ha,    -363.700161 eV
     dEtot_ae =       5.074441 Ry
     dEtot_ps =       5.088701 Ry,   Delta E=      -0.014260 Ry

     Ekin =      10.318700 Ry,       5.159350 Ha,     140.393057 eV
     Encl =     -55.676093 Ry,     -27.838046 Ha,    -757.511786 eV
     Ehrt =      15.395357 Ry,       7.697679 Ha,     209.464496 eV
     Ecxc =      -5.268619 Ry,      -2.634309 Ha,     -71.683205 eV
     (Ecc =      -0.373154 Ry,      -0.186577 Ha,      -5.077024 eV)
     Epseu=       8.499184 Ry,       4.249592 Ha,     115.637277 eV

     ---------------------- End of pseudopotential test ----------------------

