
     Program LD1       v.3.2cvs starts ...
     Today is 17Sep2007 at 14:14: 0 
     --------------------------- All-electron run ----------------------------

     O                                                                          

     atomic number is  8.00
     dft = SLA  PW   PBX  PBC   lsd =0 sic =0 latt =0  beta=0.50 tr2=1.0E-14
     mesh =1095 r(mesh) =  99.04343 xmin = -7.00 dx = 0.01250
     1 Ry =  13.60569228 eV

     n l     nl                  e(Ry)          e(Ha)          e(eV)
     1 0     1S 1( 2.00)       -37.7973       -18.8987      -514.2587
     2 0     2S 1( 2.00)        -1.7577        -0.8788       -23.9147
     2 1     2P 1( 4.00)        -0.6643        -0.3321        -9.0378

     eps = 4.7E-15  iter = 14
 
     Etot =    -149.890997 Ry,     -74.945498 Ha,   -2039.370776 eV

     Ekin =     149.468653 Ry,      74.734327 Ha,    2033.624503 eV
     Encl =    -355.645040 Ry,    -177.822520 Ha,   -4838.796971 eV
     Eh   =      72.821009 Ry,      36.410504 Ha,     990.780235 eV
     Exc  =     -16.535619 Ry,      -8.267809 Ha,    -224.978543 eV


     normalization and overlap integrals

     s(1S/1S) =  1.000000  <r> =   0.1997  <r2> =    0.0539  r(max) =   0.1298
     s(1S/2S) =  0.000000
     s(2S/2S) =  1.000000  <r> =   1.1407  <r2> =    1.5839  r(max) =   0.8677
     s(2P/2P) =  1.000000  <r> =   1.2656  <r2> =    2.1371  r(max) =   0.8151

     ------------------------ End of All-electron run ------------------------


     ---------------------- Testing the pseudopotential ----------------------

     O                                                                          

     atomic number is  8.00   valence charge is  6.00
     dft = SLA  PW   PBX  PBC   lsd =0 sic =0 latt =0  beta=0.50 tr2=1.0E-14
     mesh =1095 r(mesh) =  99.04343 xmin = -7.00 dx = 0.01250

     n l     nl             e AE (Ry)        e PS (Ry)    De AE-PS (Ry) 
     1 0     2S   1( 2.00)       -1.75770       -1.75769       -0.00001
     2 1     2P   1( 4.00)       -0.66426       -0.66425       -0.00001

     eps = 1.1E-15  iter =  4
 
     Etot =    -149.890997 Ry,     -74.945498 Ha,   -2039.370776 eV
     Etotps =   -31.820171 Ry,     -15.910086 Ha,    -432.935461 eV

     Ekin =      11.635230 Ry,       5.817615 Ha,     158.305364 eV
     Encl =     -71.612612 Ry,     -35.806306 Ha,    -974.339157 eV
     Ehrt =      27.108126 Ry,      13.554063 Ha,     368.824820 eV
     Ecxc =      -7.039639 Ry,      -3.519820 Ha,     -95.779163 eV
     (Ecc =      -0.373154 Ry,      -0.186577 Ha,      -5.077024 eV)
     Evxt =       0.000000 Ry,       0.000000 Ha,       0.000000 eV
     Epseu=       8.088723 Ry,       4.044361 Ha,     110.052675 eV

     ---------------------- End of pseudopotential test ----------------------

     --------------------------- All-electron run ----------------------------

     O                                                                          

     atomic number is  8.00
     dft = SLA  PW   PBX  PBC   lsd =0 sic =0 latt =0  beta=0.50 tr2=1.0E-14
     mesh =1095 r(mesh) =  99.04343 xmin = -7.00 dx = 0.01250
     1 Ry =  13.60569228 eV

     n l     nl                  e(Ry)          e(Ha)          e(eV)
     1 0     1S 1( 2.00)       -39.5054       -19.7527      -537.4978
     2 0     2S 1( 0.80)        -3.1752        -1.5876       -43.2013
     2 1     2P 1( 4.00)        -2.0577        -1.0288       -27.9962

     eps = 4.3E-15  iter = 16
 
     Etot =    -146.958251 Ry,     -73.479125 Ha,   -1999.468735 eV

     Ekin =     146.606445 Ry,      73.303222 Ha,    1994.682176 eV
     Encl =    -339.758518 Ry,    -169.879259 Ha,   -4622.649849 eV
     Eh   =      61.504179 Ry,      30.752089 Ha,     836.806932 eV
     Exc  =     -15.310356 Ry,      -7.655178 Ha,    -208.307994 eV


     normalization and overlap integrals

     s(1S/1S) =  1.000000  <r> =   0.1996  <r2> =    0.0538  r(max) =   0.1298
     s(1S/2S) =  0.000000
     s(2S/2S) =  1.000000  <r> =   1.0766  <r2> =    1.3890  r(max) =   0.8569
     s(2P/2P) =  1.000000  <r> =   1.0904  <r2> =    1.5102  r(max) =   0.7753

     ------------------------ End of All-electron run ------------------------


     ---------------------- Testing the pseudopotential ----------------------

     O                                                                          

     atomic number is  8.00   valence charge is  6.00
     dft = SLA  PW   PBX  PBC   lsd =0 sic =0 latt =0  beta=0.50 tr2=1.0E-14
     mesh =1095 r(mesh) =  99.04343 xmin = -7.00 dx = 0.01250

     n l     nl             e AE (Ry)        e PS (Ry)    De AE-PS (Ry) 
     1 0     2S   1( 0.80)       -3.17524       -3.18560        0.01036
     2 1     2P   1( 4.00)       -2.05768       -2.06332        0.00564

     eps = 2.1E-15  iter =  7
 
     Etot =    -146.958251 Ry,     -73.479125 Ha,   -1999.468735 eV
     Etotps =   -28.882654 Ry,     -14.441327 Ha,    -392.968503 eV
     dEtot_ae =       2.932746 Ry
     dEtot_ps =       2.937517 Ry,   Delta E=      -0.004771 Ry

     Ekin =      11.012882 Ry,       5.506441 Ha,     149.837888 eV
     Encl =     -61.561561 Ry,     -30.780780 Ha,    -837.587655 eV
     Ehrt =      19.205439 Ry,       9.602719 Ha,     261.303290 eV
     Ecxc =      -5.911330 Ry,      -2.955665 Ha,     -80.427732 eV
     (Ecc =      -0.373154 Ry,      -0.186577 Ha,      -5.077024 eV)
     Evxt =       0.000000 Ry,       0.000000 Ha,       0.000000 eV
     Epseu=       8.371915 Ry,       4.185958 Ha,     113.905706 eV

     ---------------------- End of pseudopotential test ----------------------

