
     Program LD1       v.3.2cvs starts ...
     Today is 17Sep2007 at 14:14:11 
     --------------------------- All-electron run ----------------------------

     O                                                                          

     atomic number is  8.00
     dft = SLA  PW   PBX  PBC   lsd =0 sic =0 latt =0  beta=0.50 tr2=1.0E-14
     mesh =1095 r(mesh) =  99.04343 xmin = -7.00 dx = 0.01250
     1 Ry =  13.60569228 eV

     n l     nl                  e(Ry)          e(Ha)          e(eV)
     1 0     1S 1( 2.00)       -37.7973       -18.8987      -514.2587
     2 0     2S 1( 2.00)        -1.7577        -0.8788       -23.9147
     2 1     2P 1( 4.00)        -0.6643        -0.3321        -9.0378

     eps = 4.7E-15  iter = 14
 
     Etot =    -149.890997 Ry,     -74.945498 Ha,   -2039.370776 eV

     Ekin =     149.468653 Ry,      74.734327 Ha,    2033.624503 eV
     Encl =    -355.645040 Ry,    -177.822520 Ha,   -4838.796971 eV
     Eh   =      72.821009 Ry,      36.410504 Ha,     990.780235 eV
     Exc  =     -16.535619 Ry,      -8.267809 Ha,    -224.978543 eV


     normalization and overlap integrals

     s(1S/1S) =  1.000000  <r> =   0.1997  <r2> =    0.0539  r(max) =   0.1298
     s(1S/2S) =  0.000000
     s(2S/2S) =  1.000000  <r> =   1.1407  <r2> =    1.5839  r(max) =   0.8677
     s(2P/2P) =  1.000000  <r> =   1.2656  <r2> =    2.1371  r(max) =   0.8151

     ------------------------ End of All-electron run ------------------------


     ---------------------- Testing the pseudopotential ----------------------

     O                                                                          

     atomic number is  8.00   valence charge is  6.00
     dft = SLA  PW   PBX  PBC   lsd =0 sic =0 latt =0  beta=0.50 tr2=1.0E-14
     mesh =1095 r(mesh) =  99.04343 xmin = -7.00 dx = 0.01250

     n l     nl             e AE (Ry)        e PS (Ry)    De AE-PS (Ry) 
     1 0     2S   1( 2.00)       -1.75770       -1.75767       -0.00003
     2 1     2P   1( 4.00)       -0.66426       -0.66424       -0.00003

     eps = 3.4E-15  iter =  5
 
     Etot =    -149.890997 Ry,     -74.945498 Ha,   -2039.370776 eV
     Etotps =   -31.920794 Ry,     -15.960397 Ha,    -434.304501 eV

     Ekin =      21.697706 Ry,      10.848853 Ha,     295.212316 eV
     Encl =     -72.064389 Ry,     -36.032195 Ha,    -980.485906 eV
     Ehrt =      27.211177 Ry,      13.605589 Ha,     370.226902 eV
     Ecxc =      -7.066636 Ry,      -3.533318 Ha,     -96.146474 eV
     (Ecc =      -0.373154 Ry,      -0.186577 Ha,      -5.077024 eV)
     Evxt =       0.000000 Ry,       0.000000 Ha,       0.000000 eV
     Epseu=      -1.698652 Ry,      -0.849326 Ha,     -23.111340 eV

     ---------------------- End of pseudopotential test ----------------------

     --------------------------- All-electron run ----------------------------

     O                                                                          

     atomic number is  8.00
     dft = SLA  PW   PBX  PBC   lsd =0 sic =0 latt =0  beta=0.50 tr2=1.0E-14
     mesh =1095 r(mesh) =  99.04343 xmin = -7.00 dx = 0.01250
     1 Ry =  13.60569228 eV

     n l     nl                  e(Ry)          e(Ha)          e(eV)
     1 0     1S 1( 2.00)       -40.1656       -20.0828      -546.4807
     2 0     2S 1( 0.40)        -3.7009        -1.8505       -50.3536
     2 1     2P 1( 4.00)        -2.5833        -1.2917       -35.1480

     eps = 3.2E-15  iter = 18
 
     Etot =    -145.583760 Ry,     -72.791880 Ha,   -1980.767840 eV

     Ekin =     145.257311 Ry,      72.628655 Ha,    1976.326270 eV
     Encl =    -333.615423 Ry,    -166.807711 Ha,   -4539.068782 eV
     Eh   =      57.628286 Ry,      28.814143 Ha,     784.072725 eV
     Exc  =     -14.853934 Ry,      -7.426967 Ha,    -202.098053 eV


     normalization and overlap integrals

     s(1S/1S) =  1.000000  <r> =   0.1995  <r2> =    0.0538  r(max) =   0.1298
     s(1S/2S) =  0.000000
     s(2S/2S) =  1.000000  <r> =   1.0563  <r2> =    1.3317  r(max) =   0.8462
     s(2P/2P) =  1.000000  <r> =   1.0501  <r2> =    1.3879  r(max) =   0.7657

     ------------------------ End of All-electron run ------------------------


     ---------------------- Testing the pseudopotential ----------------------

     O                                                                          

     atomic number is  8.00   valence charge is  6.00
     dft = SLA  PW   PBX  PBC   lsd =0 sic =0 latt =0  beta=0.50 tr2=1.0E-14
     mesh =1095 r(mesh) =  99.04343 xmin = -7.00 dx = 0.01250

     n l     nl             e AE (Ry)        e PS (Ry)    De AE-PS (Ry) 
     1 0     2S   1( 0.40)       -3.70093       -3.70415        0.00323
     2 1     2P   1( 4.00)       -2.58333       -2.58618        0.00285

     eps = 6.0E-16  iter =  8
 
     Etot =    -145.583760 Ry,     -72.791880 Ha,   -1980.767840 eV
     Etotps =   -27.611915 Ry,     -13.805957 Ha,    -375.679214 eV
     dEtot_ae =       4.307237 Ry
     dEtot_ps =       4.308879 Ry,   Delta E=      -0.001643 Ry

     Ekin =      24.177051 Ry,      12.088526 Ha,     328.945517 eV
     Encl =     -58.328284 Ry,     -29.164142 Ha,    -793.596689 eV
     Ehrt =      16.778045 Ry,       8.389023 Ha,     228.276917 eV
     Ecxc =      -5.531778 Ry,      -2.765889 Ha,     -75.263665 eV
     (Ecc =      -0.373154 Ry,      -0.186577 Ha,      -5.077024 eV)
     Evxt =       0.000000 Ry,       0.000000 Ha,       0.000000 eV
     Epseu=      -4.706949 Ry,      -2.353474 Ha,     -64.041295 eV

     ---------------------- End of pseudopotential test ----------------------

