
     Program LD1       v.3.2cvs starts ...
     Today is 17Sep2007 at 14:13:41 
Reading pseudopotential from file: /home/paulatto/espresso/examples/PAWexample/pseudo/PAW2.PAW
 reading pseudopotential for:  O
 dimensions (mesh, nwfc, lmax):  1095    4    1
     --------------------------- All-electron run ----------------------------

     O                                                                          

     atomic number is  8.00
     dft = SLA  PW   PBX  PBC   lsd =0 sic =0 latt =0  beta=0.50 tr2=1.0E-14
     mesh =1095 r(mesh) =  99.04343 xmin = -7.00 dx = 0.01250
     1 Ry =  13.60569228 eV

     n l     nl                  e(Ry)          e(Ha)          e(eV)
     1 0     1S 1( 2.00)       -37.7973       -18.8987      -514.2588
     2 0     2S 1( 2.00)        -1.7577        -0.8788       -23.9147
     2 1     2P 1( 4.00)        -0.6643        -0.3321        -9.0378

     eps = 3.6E-15  iter = 20
 
     Etot =    -149.890991 Ry,     -74.945496 Ha,   -2039.370700 eV

     Ekin =     149.468706 Ry,      74.734353 Ha,    2033.625223 eV
     Encl =    -355.645089 Ry,    -177.822544 Ha,   -4838.797640 eV
     Eh   =      72.821012 Ry,      36.410506 Ha,     990.780279 eV
     Exc  =     -16.535620 Ry,      -8.267810 Ha,    -224.978562 eV


     normalization and overlap integrals

     s(1S/1S) =  1.000000  <r> =   0.1997  <r2> =    0.0539  r(max) =   0.1298
     s(1S/2S) =  0.000000
     s(2S/2S) =  1.000000  <r> =   1.1407  <r2> =    1.5839  r(max) =   0.8677
     s(2P/2P) =  1.000000  <r> =   1.2656  <r2> =    2.1371  r(max) =   0.8151

     ------------------------ End of All-electron run ------------------------


     ---------------------- Testing the pseudopotential ----------------------

     O                                                                          

     atomic number is  8.00   valence charge is  6.00
     dft = SLA  PW   PBX  PBC   lsd =0 sic =0 latt =0  beta=0.50 tr2=1.0E-14
     mesh =1095 r(mesh) =  99.04343 xmin = -7.00 dx = 0.01250

     n l     nl             e AE (Ry)        e PS (Ry)    De AE-PS (Ry) 
     1 0     2S   1( 2.00)       -1.75770       -1.75768       -0.00002
     2 1     2P   1( 4.00)       -0.66426       -0.66424       -0.00002

     eps = 9.0E-16  iter =  4
 
     Etot =    -149.890991 Ry,     -74.945496 Ha,   -2039.370700 eV
     Etotps =   -31.920831 Ry,     -15.960416 Ha,    -434.305004 eV

     ---------------------- End of pseudopotential test ----------------------

     --------------------------- All-electron run ----------------------------

     O                                                                          

     atomic number is  8.00
     dft = SLA  PW   PBX  PBC   lsd =0 sic =0 latt =0  beta=0.50 tr2=1.0E-14
     mesh =1095 r(mesh) =  99.04343 xmin = -7.00 dx = 0.01250
     1 Ry =  13.60569228 eV

     n l     nl                  e(Ry)          e(Ha)          e(eV)
     1 0     1S 1( 2.00)       -38.5962       -19.2981      -525.1283
     2 0     2S 1( 1.40)        -2.4328        -1.2164       -33.0994
     2 1     2P 1( 4.00)        -1.3228        -0.6614       -17.9980

     eps = 3.3E-15  iter = 16
 
     Etot =    -148.637684 Ry,     -74.318842 Ha,   -2022.318595 eV

     Ekin =     148.249343 Ry,      74.124671 Ha,    2017.034937 eV
     Encl =    -348.202263 Ry,    -174.101131 Ha,   -4737.532839 eV
     Eh   =      67.270462 Ry,      33.635231 Ha,     915.261200 eV
     Exc  =     -15.955226 Ry,      -7.977613 Ha,    -217.081893 eV


     normalization and overlap integrals

     s(1S/1S) =  1.000000  <r> =   0.1996  <r2> =    0.0539  r(max) =   0.1298
     s(1S/2S) =  0.000000
     s(2S/2S) =  1.000000  <r> =   1.1083  <r2> =    1.4826  r(max) =   0.8677
     s(2P/2P) =  1.000000  <r> =   1.1642  <r2> =    1.7541  r(max) =   0.7950

     ------------------------ End of All-electron run ------------------------


     ---------------------- Testing the pseudopotential ----------------------

     O                                                                          

     atomic number is  8.00   valence charge is  6.00
     dft = SLA  PW   PBX  PBC   lsd =0 sic =0 latt =0  beta=0.50 tr2=1.0E-14
     mesh =1095 r(mesh) =  99.04343 xmin = -7.00 dx = 0.01250

     n l     nl             e AE (Ry)        e PS (Ry)    De AE-PS (Ry) 
     1 0     2S   1( 1.40)       -2.43276       -2.43330        0.00054
     2 1     2P   1( 4.00)       -1.32283       -1.32352        0.00069

     eps = 8.5E-17  iter =  9
 
     Etot =    -148.637684 Ry,     -74.318842 Ha,   -2022.318595 eV
     Etotps =   -30.667420 Ry,     -15.333710 Ha,    -417.251483 eV
     dEtot_ae =       1.253307 Ry
     dEtot_ps =       1.253411 Ry,   Delta E=      -0.000104 Ry

     ---------------------- End of pseudopotential test ----------------------

