
     Program LD1       v.3.2cvs starts ...
     Today is 17Sep2007 at 14:14: 8 
Reading pseudopotential from file: /home/paulatto/espresso/examples/PAWexample/pseudo/PAW2.PAW
 reading pseudopotential for:  O
 dimensions (mesh, nwfc, lmax):  1095    4    1
     --------------------------- All-electron run ----------------------------

     O                                                                          

     atomic number is  8.00
     dft = SLA  PW   PBX  PBC   lsd =0 sic =0 latt =0  beta=0.50 tr2=1.0E-14
     mesh =1095 r(mesh) =  99.04343 xmin = -7.00 dx = 0.01250
     1 Ry =  13.60569228 eV

     n l     nl                  e(Ry)          e(Ha)          e(eV)
     1 0     1S 1( 2.00)       -37.7973       -18.8987      -514.2588
     2 0     2S 1( 2.00)        -1.7577        -0.8788       -23.9147
     2 1     2P 1( 4.00)        -0.6643        -0.3321        -9.0378

     eps = 3.6E-15  iter = 20
 
     Etot =    -149.890991 Ry,     -74.945496 Ha,   -2039.370700 eV

     Ekin =     149.468706 Ry,      74.734353 Ha,    2033.625223 eV
     Encl =    -355.645089 Ry,    -177.822544 Ha,   -4838.797640 eV
     Eh   =      72.821012 Ry,      36.410506 Ha,     990.780279 eV
     Exc  =     -16.535620 Ry,      -8.267810 Ha,    -224.978562 eV


     normalization and overlap integrals

     s(1S/1S) =  1.000000  <r> =   0.1997  <r2> =    0.0539  r(max) =   0.1298
     s(1S/2S) =  0.000000
     s(2S/2S) =  1.000000  <r> =   1.1407  <r2> =    1.5839  r(max) =   0.8677
     s(2P/2P) =  1.000000  <r> =   1.2656  <r2> =    2.1371  r(max) =   0.8151

     ------------------------ End of All-electron run ------------------------


     ---------------------- Testing the pseudopotential ----------------------

     O                                                                          

     atomic number is  8.00   valence charge is  6.00
     dft = SLA  PW   PBX  PBC   lsd =0 sic =0 latt =0  beta=0.50 tr2=1.0E-14
     mesh =1095 r(mesh) =  99.04343 xmin = -7.00 dx = 0.01250

     n l     nl             e AE (Ry)        e PS (Ry)    De AE-PS (Ry) 
     1 0     2S   1( 2.00)       -1.75770       -1.75768       -0.00002
     2 1     2P   1( 4.00)       -0.66426       -0.66424       -0.00002

     eps = 9.0E-16  iter =  4
 
     Etot =    -149.890991 Ry,     -74.945496 Ha,   -2039.370700 eV
     Etotps =   -31.920831 Ry,     -15.960416 Ha,    -434.305004 eV

     ---------------------- End of pseudopotential test ----------------------

     --------------------------- All-electron run ----------------------------

     O                                                                          

     atomic number is  8.00
     dft = SLA  PW   PBX  PBC   lsd =0 sic =0 latt =0  beta=0.50 tr2=1.0E-14
     mesh =1095 r(mesh) =  99.04343 xmin = -7.00 dx = 0.01250
     1 Ry =  13.60569228 eV

     n l     nl                  e(Ry)          e(Ha)          e(eV)
     1 0     1S 1( 2.00)       -39.8303       -19.9152      -541.9191
     2 0     2S 1( 0.60)        -3.4353        -1.7176       -46.7391
     2 1     2P 1( 4.00)        -2.3172        -1.1586       -31.5268

     eps = 3.1E-15  iter = 17
 
     Etot =    -146.297287 Ry,     -73.148643 Ha,   -1990.475865 eV

     Ekin =     145.958140 Ry,      72.979070 Ha,    1985.861535 eV
     Encl =    -336.737032 Ry,    -168.368516 Ha,   -4581.540432 eV
     Eh   =      59.566017 Ry,      29.783008 Ha,     810.436893 eV
     Exc  =     -15.084411 Ry,      -7.542206 Ha,    -205.233860 eV


     normalization and overlap integrals

     s(1S/1S) =  1.000000  <r> =   0.1995  <r2> =    0.0538  r(max) =   0.1298
     s(1S/2S) =  0.000000
     s(2S/2S) =  1.000000  <r> =   1.0664  <r2> =    1.3598  r(max) =   0.8462
     s(2P/2P) =  1.000000  <r> =   1.0695  <r2> =    1.4460  r(max) =   0.7753

     ------------------------ End of All-electron run ------------------------


     ---------------------- Testing the pseudopotential ----------------------

     O                                                                          

     atomic number is  8.00   valence charge is  6.00
     dft = SLA  PW   PBX  PBC   lsd =0 sic =0 latt =0  beta=0.50 tr2=1.0E-14
     mesh =1095 r(mesh) =  99.04343 xmin = -7.00 dx = 0.01250

     n l     nl             e AE (Ry)        e PS (Ry)    De AE-PS (Ry) 
     1 0     2S   1( 0.60)       -3.43526       -3.43844        0.00318
     2 1     2P   1( 4.00)       -2.31718       -2.32010        0.00293

     eps = 4.9E-17  iter =  9
 
     Etot =    -146.297287 Ry,     -73.148643 Ha,   -1990.475865 eV
     Etotps =   -28.325721 Ry,     -14.162860 Ha,    -385.391040 eV
     dEtot_ae =       3.593704 Ry
     dEtot_ps =       3.595110 Ry,   Delta E=      -0.001406 Ry

     ---------------------- End of pseudopotential test ----------------------

