
     Program LD1       v.3.2cvs starts ...
     Today is 17Sep2007 at 14:13:45 
     --------------------------- All-electron run ----------------------------

     O                                                                          

     atomic number is  8.00
     dft = SLA  PW   PBX  PBC   lsd =0 sic =0 latt =0  beta=0.50 tr2=1.0E-14
     mesh =1095 r(mesh) =  99.04343 xmin = -7.00 dx = 0.01250
     1 Ry =  13.60569228 eV

     n l     nl                  e(Ry)          e(Ha)          e(eV)
     1 0     1S 1( 2.00)       -37.7973       -18.8987      -514.2587
     2 0     2S 1( 2.00)        -1.7577        -0.8788       -23.9147
     2 1     2P 1( 4.00)        -0.6643        -0.3321        -9.0378

     eps = 4.7E-15  iter = 14
 
     Etot =    -149.890997 Ry,     -74.945498 Ha,   -2039.370776 eV

     Ekin =     149.468653 Ry,      74.734327 Ha,    2033.624503 eV
     Encl =    -355.645040 Ry,    -177.822520 Ha,   -4838.796971 eV
     Eh   =      72.821009 Ry,      36.410504 Ha,     990.780235 eV
     Exc  =     -16.535619 Ry,      -8.267809 Ha,    -224.978543 eV


     normalization and overlap integrals

     s(1S/1S) =  1.000000  <r> =   0.1997  <r2> =    0.0539  r(max) =   0.1298
     s(1S/2S) =  0.000000
     s(2S/2S) =  1.000000  <r> =   1.1407  <r2> =    1.5839  r(max) =   0.8677
     s(2P/2P) =  1.000000  <r> =   1.2656  <r2> =    2.1371  r(max) =   0.8151

     ------------------------ End of All-electron run ------------------------


     ---------------------- Testing the pseudopotential ----------------------

     O                                                                          

     atomic number is  8.00   valence charge is  6.00
     dft = SLA  PW   PBX  PBC   lsd =0 sic =0 latt =0  beta=0.50 tr2=1.0E-14
     mesh =1095 r(mesh) =  99.04343 xmin = -7.00 dx = 0.01250

     n l     nl             e AE (Ry)        e PS (Ry)    De AE-PS (Ry) 
     1 0     2S   1( 2.00)       -1.75770       -1.75767       -0.00003
     2 1     2P   1( 4.00)       -0.66426       -0.66424       -0.00003

     eps = 3.4E-15  iter =  5
 
     Etot =    -149.890997 Ry,     -74.945498 Ha,   -2039.370776 eV
     Etotps =   -31.920794 Ry,     -15.960397 Ha,    -434.304501 eV

     Ekin =      21.697706 Ry,      10.848853 Ha,     295.212316 eV
     Encl =     -72.064389 Ry,     -36.032195 Ha,    -980.485906 eV
     Ehrt =      27.211177 Ry,      13.605589 Ha,     370.226902 eV
     Ecxc =      -7.066636 Ry,      -3.533318 Ha,     -96.146474 eV
     (Ecc =      -0.373154 Ry,      -0.186577 Ha,      -5.077024 eV)
     Evxt =       0.000000 Ry,       0.000000 Ha,       0.000000 eV
     Epseu=      -1.698652 Ry,      -0.849326 Ha,     -23.111340 eV

     ---------------------- End of pseudopotential test ----------------------

     --------------------------- All-electron run ----------------------------

     O                                                                          

     atomic number is  8.00
     dft = SLA  PW   PBX  PBC   lsd =0 sic =0 latt =0  beta=0.50 tr2=1.0E-14
     mesh =1095 r(mesh) =  99.04343 xmin = -7.00 dx = 0.01250
     1 Ry =  13.60569228 eV

     n l     nl                  e(Ry)          e(Ha)          e(eV)
     1 0     1S 1( 2.00)       -38.8879       -19.4439      -529.0965
     2 0     2S 1( 1.20)        -2.6736        -1.3368       -36.3757
     2 1     2P 1( 4.00)        -1.5601        -0.7800       -21.2261

     eps = 5.4E-15  iter = 16
 
     Etot =    -148.127170 Ry,     -74.063585 Ha,   -2015.372699 eV

     Ekin =     147.750735 Ry,      73.875367 Ha,    2010.251033 eV
     Encl =    -345.493644 Ry,    -172.746822 Ha,   -4700.680202 eV
     Eh   =      65.362125 Ry,      32.681063 Ha,     889.296961 eV
     Exc  =     -15.746387 Ry,      -7.873193 Ha,    -214.240491 eV


     normalization and overlap integrals

     s(1S/1S) =  1.000000  <r> =   0.1996  <r2> =    0.0538  r(max) =   0.1298
     s(1S/2S) =  0.000000
     s(2S/2S) =  1.000000  <r> =   1.0976  <r2> =    1.4504  r(max) =   0.8569
     s(2P/2P) =  1.000000  <r> =   1.1374  <r2> =    1.6623  r(max) =   0.7950

     ------------------------ End of All-electron run ------------------------


     ---------------------- Testing the pseudopotential ----------------------

     O                                                                          

     atomic number is  8.00   valence charge is  6.00
     dft = SLA  PW   PBX  PBC   lsd =0 sic =0 latt =0  beta=0.50 tr2=1.0E-14
     mesh =1095 r(mesh) =  99.04343 xmin = -7.00 dx = 0.01250

     n l     nl             e AE (Ry)        e PS (Ry)    De AE-PS (Ry) 
     1 0     2S   1( 1.20)       -2.67357       -2.67431        0.00074
     2 1     2P   1( 4.00)       -1.56009       -1.56100        0.00091

     eps = 4.7E-15  iter =  7
 
     Etot =    -148.127170 Ry,     -74.063585 Ha,   -2015.372699 eV
     Etotps =   -30.156778 Ry,     -15.078389 Ha,    -410.303837 eV
     dEtot_ae =       1.763826 Ry
     dEtot_ps =       1.764016 Ry,   Delta E=      -0.000190 Ry

     Ekin =      23.088527 Ry,      11.544264 Ha,     314.135394 eV
     Encl =     -65.711034 Ry,     -32.855517 Ha,    -894.044106 eV
     Ehrt =      21.945472 Ry,      10.972736 Ha,     298.583345 eV
     Ecxc =      -6.347738 Ry,      -3.173869 Ha,     -86.365365 eV
     (Ecc =      -0.373154 Ry,      -0.186577 Ha,      -5.077024 eV)
     Evxt =       0.000000 Ry,       0.000000 Ha,       0.000000 eV
     Epseu=      -3.132006 Ry,      -1.566003 Ha,     -42.613105 eV

     ---------------------- End of pseudopotential test ----------------------

