
     Program LD1       v.3.2cvs starts ...
     Today is 19Sep2007 at  0:21: 3 
     --------------------------- All-electron run ----------------------------

     O                                                                          

     atomic number is  8.00
     dft = SLA  PW   PBX  PBC   lsd =0 sic =0 latt =0  beta=0.50 tr2=1.0E-14
     mesh =1095 r(mesh) =  99.04343 xmin = -7.00 dx = 0.01250
     1 Ry =  13.60569228 eV

     n l     nl                  e(Ry)          e(Ha)          e(eV)
     1 0     1S 1( 2.00)       -37.7973       -18.8987      -514.2587
     2 0     2S 1( 2.00)        -1.7577        -0.8788       -23.9147
     2 1     2P 1( 4.00)        -0.6643        -0.3321        -9.0378

     eps = 2.4E-15  iter = 15
 
     Etot =    -149.890997 Ry,     -74.945499 Ha,   -2039.370781 eV

     Ekin =     149.468654 Ry,      74.734327 Ha,    2033.624506 eV
     Encl =    -355.645040 Ry,    -177.822520 Ha,   -4838.796981 eV
     Eh   =      72.821009 Ry,      36.410504 Ha,     990.780236 eV
     Exc  =     -16.535619 Ry,      -8.267809 Ha,    -224.978543 eV


     normalization and overlap integrals

     s(1S/1S) =  1.000000  <r> =   0.1997  <r2> =    0.0539  r(max) =   0.1298
     s(1S/2S) =  0.000000
     s(2S/2S) =  1.000000  <r> =   1.1407  <r2> =    1.5839  r(max) =   0.8677
     s(2P/2P) =  1.000000  <r> =   1.2656  <r2> =    2.1371  r(max) =   0.8151

     ------------------------ End of All-electron run ------------------------


     ---------------------- Testing the pseudopotential ----------------------

     O                                                                          

     atomic number is  8.00   valence charge is  6.00
     dft = SLA  PW   PBX  PBC   lsd =0 sic =0 latt =0  beta=0.50 tr2=1.0E-14
     mesh =1095 r(mesh) =  99.04343 xmin = -7.00 dx = 0.01250

     n l     nl             e AE (Ry)        e PS (Ry)    De AE-PS (Ry) 
     1 0     2S   1( 2.00)       -1.75770       -1.75769       -0.00001
     2 1     2P   1( 4.00)       -0.66426       -0.66425       -0.00001

     eps = 1.2E-15  iter =  4
 
     Etot =    -149.890997 Ry,     -74.945499 Ha,   -2039.370781 eV
     Etotps =   -31.920954 Ry,     -15.960477 Ha,    -434.306677 eV

     Ekin =      11.635230 Ry,       5.817615 Ha,     158.305364 eV
     Encl =     -72.064476 Ry,     -36.032238 Ha,    -980.487090 eV
     Ehrt =      27.211230 Ry,      13.605615 Ha,     370.227622 eV
     Ecxc =      -7.066646 Ry,      -3.533323 Ha,     -96.146610 eV
     (Ecc =      -0.373154 Ry,      -0.186577 Ha,      -5.077024 eV)
     Epseu=       8.363708 Ry,       4.181854 Ha,     113.794037 eV

     ---------------------- End of pseudopotential test ----------------------

     --------------------------- All-electron run ----------------------------

     O                                                                          

     atomic number is  8.00
     dft = SLA  PW   PBX  PBC   lsd =0 sic =0 latt =0  beta=0.50 tr2=1.0E-14
     mesh =1095 r(mesh) =  99.04343 xmin = -7.00 dx = 0.01250
     1 Ry =  13.60569228 eV

     n l     nl                  e(Ry)          e(Ha)          e(eV)
     1 0     1S 1( 2.00)       -39.1911       -19.5955      -533.2219
     2 0     2S 1( 1.00)        -2.9212        -1.4606       -39.7451
     2 1     2P 1( 4.00)        -1.8052        -0.9026       -24.5609

     eps = 2.3E-15  iter = 15
 
     Etot =    -147.567797 Ry,     -73.783899 Ha,   -2007.762043 eV

     Ekin =     147.203572 Ry,      73.601786 Ha,    2002.806510 eV
     Encl =    -342.678155 Ry,    -171.339077 Ha,   -4662.373528 eV
     Eh   =      63.437998 Ry,      31.718999 Ha,     863.117883 eV
     Exc  =     -15.531213 Ry,      -7.765607 Ha,    -211.312908 eV


     normalization and overlap integrals

     s(1S/1S) =  1.000000  <r> =   0.1996  <r2> =    0.0538  r(max) =   0.1298
     s(1S/2S) =  0.000000
     s(2S/2S) =  1.000000  <r> =   1.0870  <r2> =    1.4192  r(max) =   0.8569
     s(2P/2P) =  1.000000  <r> =   1.1129  <r2> =    1.5817  r(max) =   0.7851

     ------------------------ End of All-electron run ------------------------


     ---------------------- Testing the pseudopotential ----------------------

     O                                                                          

     atomic number is  8.00   valence charge is  6.00
     dft = SLA  PW   PBX  PBC   lsd =0 sic =0 latt =0  beta=0.50 tr2=1.0E-14
     mesh =1095 r(mesh) =  99.04343 xmin = -7.00 dx = 0.01250

     n l     nl             e AE (Ry)        e PS (Ry)    De AE-PS (Ry) 
     1 0     2S   1( 1.00)       -2.92121       -2.92275        0.00154
     2 1     2P   1( 4.00)       -1.80519       -1.80678        0.00159

     eps = 3.2E-16  iter =  8
 
     Etot =    -147.567797 Ry,     -73.783899 Ha,   -2007.762043 eV
     Etotps =   -29.597253 Ry,     -14.798626 Ha,    -402.691115 eV
     dEtot_ae =       2.323200 Ry
     dEtot_ps =       2.323701 Ry,   Delta E=      -0.000502 Ry

     Ekin =      11.161624 Ry,       5.580812 Ha,     151.861622 eV
     Encl =     -63.945473 Ry,     -31.972737 Ha,    -870.022429 eV
     Ehrt =      20.629215 Ry,      10.314607 Ha,     280.674751 eV
     Ecxc =      -6.150550 Ry,      -3.075275 Ha,     -83.682485 eV
     (Ecc =      -0.373154 Ry,      -0.186577 Ha,      -5.077024 eV)
     Epseu=       8.707931 Ry,       4.353965 Ha,     118.477427 eV

     ---------------------- End of pseudopotential test ----------------------

