
     Program LD1       v.3.2cvs starts ...
     Today is 17Sep2007 at 14:13:53 
     --------------------------- All-electron run ----------------------------

     O                                                                          

     atomic number is  8.00
     dft = SLA  PW   PBX  PBC   lsd =0 sic =0 latt =0  beta=0.50 tr2=1.0E-14
     mesh =1095 r(mesh) =  99.04343 xmin = -7.00 dx = 0.01250
     1 Ry =  13.60569228 eV

     n l     nl                  e(Ry)          e(Ha)          e(eV)
     1 0     1S 1( 2.00)       -37.7973       -18.8987      -514.2587
     2 0     2S 1( 2.00)        -1.7577        -0.8788       -23.9147
     2 1     2P 1( 4.00)        -0.6643        -0.3321        -9.0378

     eps = 4.7E-15  iter = 14
 
     Etot =    -149.890997 Ry,     -74.945498 Ha,   -2039.370776 eV

     Ekin =     149.468653 Ry,      74.734327 Ha,    2033.624503 eV
     Encl =    -355.645040 Ry,    -177.822520 Ha,   -4838.796971 eV
     Eh   =      72.821009 Ry,      36.410504 Ha,     990.780235 eV
     Exc  =     -16.535619 Ry,      -8.267809 Ha,    -224.978543 eV


     normalization and overlap integrals

     s(1S/1S) =  1.000000  <r> =   0.1997  <r2> =    0.0539  r(max) =   0.1298
     s(1S/2S) =  0.000000
     s(2S/2S) =  1.000000  <r> =   1.1407  <r2> =    1.5839  r(max) =   0.8677
     s(2P/2P) =  1.000000  <r> =   1.2656  <r2> =    2.1371  r(max) =   0.8151

     ------------------------ End of All-electron run ------------------------


     ---------------------- Testing the pseudopotential ----------------------

     O                                                                          

     atomic number is  8.00   valence charge is  6.00
     dft = SLA  PW   PBX  PBC   lsd =0 sic =0 latt =0  beta=0.50 tr2=1.0E-14
     mesh =1095 r(mesh) =  99.04343 xmin = -7.00 dx = 0.01250

     n l     nl             e AE (Ry)        e PS (Ry)    De AE-PS (Ry) 
     1 0     2S   1( 2.00)       -1.75770       -1.75769       -0.00001
     2 1     2P   1( 4.00)       -0.66426       -0.66425       -0.00001

     eps = 1.1E-15  iter =  4
 
     Etot =    -149.890997 Ry,     -74.945498 Ha,   -2039.370776 eV
     Etotps =   -31.820171 Ry,     -15.910086 Ha,    -432.935461 eV

     Ekin =      11.635230 Ry,       5.817615 Ha,     158.305364 eV
     Encl =     -71.612612 Ry,     -35.806306 Ha,    -974.339157 eV
     Ehrt =      27.108126 Ry,      13.554063 Ha,     368.824820 eV
     Ecxc =      -7.039639 Ry,      -3.519820 Ha,     -95.779163 eV
     (Ecc =      -0.373154 Ry,      -0.186577 Ha,      -5.077024 eV)
     Evxt =       0.000000 Ry,       0.000000 Ha,       0.000000 eV
     Epseu=       8.088723 Ry,       4.044361 Ha,     110.052675 eV

     ---------------------- End of pseudopotential test ----------------------

     --------------------------- All-electron run ----------------------------

     O                                                                          

     atomic number is  8.00
     dft = SLA  PW   PBX  PBC   lsd =0 sic =0 latt =0  beta=0.50 tr2=1.0E-14
     mesh =1095 r(mesh) =  99.04343 xmin = -7.00 dx = 0.01250
     1 Ry =  13.60569228 eV

     n l     nl                  e(Ry)          e(Ha)          e(eV)
     1 0     1S 1( 2.00)       -39.1911       -19.5955      -533.2219
     2 0     2S 1( 1.00)        -2.9212        -1.4606       -39.7451
     2 1     2P 1( 4.00)        -1.8052        -0.9026       -24.5609

     eps = 3.6E-15  iter = 16
 
     Etot =    -147.567798 Ry,     -73.783899 Ha,   -2007.762046 eV

     Ekin =     147.203572 Ry,      73.601786 Ha,    2002.806499 eV
     Encl =    -342.678154 Ry,    -171.339077 Ha,   -4662.373520 eV
     Eh   =      63.437998 Ry,      31.718999 Ha,     863.117883 eV
     Exc  =     -15.531213 Ry,      -7.765607 Ha,    -211.312908 eV


     normalization and overlap integrals

     s(1S/1S) =  1.000000  <r> =   0.1996  <r2> =    0.0538  r(max) =   0.1298
     s(1S/2S) =  0.000000
     s(2S/2S) =  1.000000  <r> =   1.0870  <r2> =    1.4192  r(max) =   0.8569
     s(2P/2P) =  1.000000  <r> =   1.1129  <r2> =    1.5817  r(max) =   0.7851

     ------------------------ End of All-electron run ------------------------


     ---------------------- Testing the pseudopotential ----------------------

     O                                                                          

     atomic number is  8.00   valence charge is  6.00
     dft = SLA  PW   PBX  PBC   lsd =0 sic =0 latt =0  beta=0.50 tr2=1.0E-14
     mesh =1095 r(mesh) =  99.04343 xmin = -7.00 dx = 0.01250

     n l     nl             e AE (Ry)        e PS (Ry)    De AE-PS (Ry) 
     1 0     2S   1( 1.00)       -2.92121       -2.92878        0.00757
     2 1     2P   1( 4.00)       -1.80519       -1.80927        0.00408

     eps = 6.7E-15  iter =  7
 
     Etot =    -147.567798 Ry,     -73.783899 Ha,   -2007.762046 eV
     Etotps =   -29.493983 Ry,     -14.746992 Ha,    -401.286057 eV
     dEtot_ae =       2.323199 Ry
     dEtot_ps =       2.326188 Ry,   Delta E=      -0.002989 Ry

     Ekin =      11.183988 Ry,       5.591994 Ha,     152.165898 eV
     Encl =     -63.405037 Ry,     -31.702519 Ha,    -862.669428 eV
     Ehrt =      20.513216 Ry,      10.256608 Ha,     279.096501 eV
     Ecxc =      -6.115955 Ry,      -3.057977 Ha,     -83.211795 eV
     (Ecc =      -0.373154 Ry,      -0.186577 Ha,      -5.077024 eV)
     Evxt =       0.000000 Ry,       0.000000 Ha,       0.000000 eV
     Epseu=       8.329805 Ry,       4.164903 Ha,     113.332767 eV

     ---------------------- End of pseudopotential test ----------------------

