
     Program LD1       v.3.2cvs starts ...
     Today is 19Sep2007 at  0:21: 2 
Reading pseudopotential from file: /home/paulatto/espresso/examples/PAWexample/pseudo/PAW4.PAW
 reading pseudopotential for:  O
 dimensions (mesh, nwfc, lmax):  1095    4    1
     --------------------------- All-electron run ----------------------------

     O                                                                          

     atomic number is  8.00
     dft = SLA  PW   PBX  PBC   lsd =0 sic =0 latt =0  beta=0.50 tr2=1.0E-14
     mesh =1095 r(mesh) =  99.04343 xmin = -7.00 dx = 0.01250
     1 Ry =  13.60569228 eV

     n l     nl                  e(Ry)          e(Ha)          e(eV)
     1 0     1S 1( 2.00)       -37.7973       -18.8987      -514.2587
     2 0     2S 1( 2.00)        -1.7577        -0.8788       -23.9147
     2 1     2P 1( 4.00)        -0.6643        -0.3321        -9.0378

     eps = 2.8E-15  iter = 15
 
     Etot =    -149.890997 Ry,     -74.945498 Ha,   -2039.370780 eV

     Ekin =     149.468654 Ry,      74.734327 Ha,    2033.624506 eV
     Encl =    -355.645040 Ry,    -177.822520 Ha,   -4838.796979 eV
     Eh   =      72.821009 Ry,      36.410504 Ha,     990.780236 eV
     Exc  =     -16.535619 Ry,      -8.267809 Ha,    -224.978543 eV


     normalization and overlap integrals

     s(1S/1S) =  1.000000  <r> =   0.1997  <r2> =    0.0539  r(max) =   0.1298
     s(1S/2S) =  0.000000
     s(2S/2S) =  1.000000  <r> =   1.1407  <r2> =    1.5839  r(max) =   0.8677
     s(2P/2P) =  1.000000  <r> =   1.2656  <r2> =    2.1371  r(max) =   0.8151

     ------------------------ End of All-electron run ------------------------

     Message from routine elsdps_paw:
     energy report for PAW coming soon...

     ---------------------- Testing the pseudopotential ----------------------

     O                                                                          

     atomic number is  8.00   valence charge is  6.00
     dft = SLA  PW   PBX  PBC   lsd =0 sic =0 latt =0  beta=0.50 tr2=1.0E-14
     mesh =1095 r(mesh) =  99.04343 xmin = -7.00 dx = 0.01250

     n l     nl             e AE (Ry)        e PS (Ry)    De AE-PS (Ry) 
     1 0     2S   1( 2.00)       -1.75770       -1.75768       -0.00002
     2 1     2P   1( 4.00)       -0.66426       -0.66424       -0.00002

     eps = 5.5E-16  iter =  4
 
     Etot =    -149.890997 Ry,     -74.945498 Ha,   -2039.370780 eV
     Etotps =   -31.920832 Ry,     -15.960416 Ha,    -434.305011 eV

     Ekin =     149.468654 Ry,      74.734327 Ha,    2033.624506 eV
     Encl =    -355.645040 Ry,    -177.822520 Ha,   -4838.796979 eV
     Ehrt =      72.821009 Ry,      36.410504 Ha,     990.780236 eV
     Ecxc =     -16.535619 Ry,      -8.267809 Ha,    -224.978543 eV

     ---------------------- End of pseudopotential test ----------------------

     --------------------------- All-electron run ----------------------------

     O                                                                          

     atomic number is  8.00
     dft = SLA  PW   PBX  PBC   lsd =0 sic =0 latt =0  beta=0.50 tr2=1.0E-14
     mesh =1095 r(mesh) =  99.04343 xmin = -7.00 dx = 0.01250
     1 Ry =  13.60569228 eV

     n l     nl                  e(Ry)          e(Ha)          e(eV)
     1 0     1S 1( 2.00)       -38.8879       -19.4439      -529.0965
     2 0     2S 1( 1.20)        -2.6736        -1.3368       -36.3757
     2 1     2P 1( 4.00)        -1.5601        -0.7800       -21.2261

     eps = 7.4E-15  iter = 14
 
     Etot =    -148.127170 Ry,     -74.063585 Ha,   -2015.372695 eV

     Ekin =     147.750736 Ry,      73.875368 Ha,    2010.251044 eV
     Encl =    -345.493644 Ry,    -172.746822 Ha,   -4700.680210 eV
     Eh   =      65.362125 Ry,      32.681063 Ha,     889.296962 eV
     Exc  =     -15.746387 Ry,      -7.873193 Ha,    -214.240491 eV


     normalization and overlap integrals

     s(1S/1S) =  1.000000  <r> =   0.1996  <r2> =    0.0538  r(max) =   0.1298
     s(1S/2S) =  0.000000
     s(2S/2S) =  1.000000  <r> =   1.0976  <r2> =    1.4504  r(max) =   0.8569
     s(2P/2P) =  1.000000  <r> =   1.1374  <r2> =    1.6623  r(max) =   0.7950

     ------------------------ End of All-electron run ------------------------

     Message from routine elsdps_paw:
     energy report for PAW coming soon...

     ---------------------- Testing the pseudopotential ----------------------

     O                                                                          

     atomic number is  8.00   valence charge is  6.00
     dft = SLA  PW   PBX  PBC   lsd =0 sic =0 latt =0  beta=0.50 tr2=1.0E-14
     mesh =1095 r(mesh) =  99.04343 xmin = -7.00 dx = 0.01250

     n l     nl             e AE (Ry)        e PS (Ry)    De AE-PS (Ry) 
     1 0     2S   1( 1.20)       -2.67357       -2.67452        0.00096
     2 1     2P   1( 4.00)       -1.56009       -1.56121        0.00112

     eps = 5.4E-16  iter =  9
 
     Etot =    -148.127170 Ry,     -74.063585 Ha,   -2015.372695 eV
     Etotps =   -30.156761 Ry,     -15.078380 Ha,    -410.303608 eV
     dEtot_ae =       1.763827 Ry
     dEtot_ps =       1.764071 Ry,   Delta E=      -0.000244 Ry

     Ekin =     147.750736 Ry,      73.875368 Ha,    2010.251044 eV
     Encl =    -345.493644 Ry,    -172.746822 Ha,   -4700.680210 eV
     Ehrt =      65.362125 Ry,      32.681063 Ha,     889.296962 eV
     Ecxc =     -15.746387 Ry,      -7.873193 Ha,    -214.240491 eV

     ---------------------- End of pseudopotential test ----------------------

