
     Program LD1       v.3.2cvs starts ...
     Today is 17Sep2007 at 14:13:46 
     --------------------------- All-electron run ----------------------------

     O                                                                          

     atomic number is  8.00
     dft = SLA  PW   PBX  PBC   lsd =0 sic =0 latt =0  beta=0.50 tr2=1.0E-14
     mesh =1095 r(mesh) =  99.04343 xmin = -7.00 dx = 0.01250
     1 Ry =  13.60569228 eV

     n l     nl                  e(Ry)          e(Ha)          e(eV)
     1 0     1S 1( 2.00)       -37.7973       -18.8987      -514.2587
     2 0     2S 1( 2.00)        -1.7577        -0.8788       -23.9147
     2 1     2P 1( 4.00)        -0.6643        -0.3321        -9.0378

     eps = 4.7E-15  iter = 14
 
     Etot =    -149.890997 Ry,     -74.945498 Ha,   -2039.370776 eV

     Ekin =     149.468653 Ry,      74.734327 Ha,    2033.624503 eV
     Encl =    -355.645040 Ry,    -177.822520 Ha,   -4838.796971 eV
     Eh   =      72.821009 Ry,      36.410504 Ha,     990.780235 eV
     Exc  =     -16.535619 Ry,      -8.267809 Ha,    -224.978543 eV


     normalization and overlap integrals

     s(1S/1S) =  1.000000  <r> =   0.1997  <r2> =    0.0539  r(max) =   0.1298
     s(1S/2S) =  0.000000
     s(2S/2S) =  1.000000  <r> =   1.1407  <r2> =    1.5839  r(max) =   0.8677
     s(2P/2P) =  1.000000  <r> =   1.2656  <r2> =    2.1371  r(max) =   0.8151

     ------------------------ End of All-electron run ------------------------


     ---------------------- Testing the pseudopotential ----------------------

     O                                                                          

     atomic number is  8.00   valence charge is  6.00
     dft = SLA  PW   PBX  PBC   lsd =0 sic =0 latt =0  beta=0.50 tr2=1.0E-14
     mesh =1095 r(mesh) =  99.04343 xmin = -7.00 dx = 0.01250

     n l     nl             e AE (Ry)        e PS (Ry)    De AE-PS (Ry) 
     1 0     2S   1( 2.00)       -1.75770       -1.75769       -0.00001
     2 1     2P   1( 4.00)       -0.66426       -0.66425       -0.00001

     eps = 1.2E-15  iter =  4
 
     Etot =    -149.890997 Ry,     -74.945498 Ha,   -2039.370776 eV
     Etotps =   -31.920953 Ry,     -15.960477 Ha,    -434.306670 eV

     Ekin =      11.635230 Ry,       5.817615 Ha,     158.305364 eV
     Encl =     -72.064476 Ry,     -36.032238 Ha,    -980.487084 eV
     Ehrt =      27.211230 Ry,      13.605615 Ha,     370.227621 eV
     Ecxc =      -7.066646 Ry,      -3.533323 Ha,     -96.146610 eV
     (Ecc =      -0.373154 Ry,      -0.186577 Ha,      -5.077024 eV)
     Evxt =       0.000000 Ry,       0.000000 Ha,       0.000000 eV
     Epseu=       8.363708 Ry,       4.181854 Ha,     113.794039 eV

     ---------------------- End of pseudopotential test ----------------------

     --------------------------- All-electron run ----------------------------

     O                                                                          

     atomic number is  8.00
     dft = SLA  PW   PBX  PBC   lsd =0 sic =0 latt =0  beta=0.50 tr2=1.0E-14
     mesh =1095 r(mesh) =  99.04343 xmin = -7.00 dx = 0.01250
     1 Ry =  13.60569228 eV

     n l     nl                  e(Ry)          e(Ha)          e(eV)
     1 0     1S 1( 2.00)       -38.8879       -19.4439      -529.0965
     2 0     2S 1( 1.20)        -2.6736        -1.3368       -36.3757
     2 1     2P 1( 4.00)        -1.5601        -0.7800       -21.2261

     eps = 5.4E-15  iter = 16
 
     Etot =    -148.127170 Ry,     -74.063585 Ha,   -2015.372699 eV

     Ekin =     147.750735 Ry,      73.875367 Ha,    2010.251033 eV
     Encl =    -345.493644 Ry,    -172.746822 Ha,   -4700.680202 eV
     Eh   =      65.362125 Ry,      32.681063 Ha,     889.296961 eV
     Exc  =     -15.746387 Ry,      -7.873193 Ha,    -214.240491 eV


     normalization and overlap integrals

     s(1S/1S) =  1.000000  <r> =   0.1996  <r2> =    0.0538  r(max) =   0.1298
     s(1S/2S) =  0.000000
     s(2S/2S) =  1.000000  <r> =   1.0976  <r2> =    1.4504  r(max) =   0.8569
     s(2P/2P) =  1.000000  <r> =   1.1374  <r2> =    1.6623  r(max) =   0.7950

     ------------------------ End of All-electron run ------------------------


     ---------------------- Testing the pseudopotential ----------------------

     O                                                                          

     atomic number is  8.00   valence charge is  6.00
     dft = SLA  PW   PBX  PBC   lsd =0 sic =0 latt =0  beta=0.50 tr2=1.0E-14
     mesh =1095 r(mesh) =  99.04343 xmin = -7.00 dx = 0.01250

     n l     nl             e AE (Ry)        e PS (Ry)    De AE-PS (Ry) 
     1 0     2S   1( 1.20)       -2.67357       -2.67454        0.00097
     2 1     2P   1( 4.00)       -1.56009       -1.56118        0.00110

     eps = 5.9E-16  iter =  8
 
     Etot =    -148.127170 Ry,     -74.063585 Ha,   -2015.372699 eV
     Etotps =   -30.156872 Ry,     -15.078436 Ha,    -410.305118 eV
     dEtot_ae =       1.763826 Ry
     dEtot_ps =       1.764082 Ry,   Delta E=      -0.000255 Ry

     Ekin =      11.307653 Ry,       5.653826 Ha,     153.848443 eV
     Encl =     -65.705886 Ry,     -32.852943 Ha,    -893.974067 eV
     Ehrt =      21.944690 Ry,      10.972345 Ha,     298.572701 eV
     Ecxc =      -6.347438 Ry,      -3.173719 Ha,     -86.361283 eV
     (Ecc =      -0.373154 Ry,      -0.186577 Ha,      -5.077024 eV)
     Evxt =       0.000000 Ry,       0.000000 Ha,       0.000000 eV
     Epseu=       8.644109 Ry,       4.322055 Ha,     117.609088 eV

     ---------------------- End of pseudopotential test ----------------------

