
     Program LD1       v.3.2cvs starts ...
     Today is 17Sep2007 at 14:13:31 
Reading pseudopotential from file: /home/paulatto/espresso/examples/PAWexample/pseudo/PAW4.PAW
 reading pseudopotential for:  O
 dimensions (mesh, nwfc, lmax):  1095    4    1
     --------------------------- All-electron run ----------------------------

     O                                                                          

     atomic number is  8.00
     dft = SLA  PW   PBX  PBC   lsd =0 sic =0 latt =0  beta=0.50 tr2=1.0E-14
     mesh =1095 r(mesh) =  99.04343 xmin = -7.00 dx = 0.01250
     1 Ry =  13.60569228 eV

     n l     nl                  e(Ry)          e(Ha)          e(eV)
     1 0     1S 1( 2.00)       -37.7973       -18.8987      -514.2588
     2 0     2S 1( 2.00)        -1.7577        -0.8788       -23.9147
     2 1     2P 1( 4.00)        -0.6643        -0.3321        -9.0378

     eps = 3.6E-15  iter = 20
 
     Etot =    -149.890991 Ry,     -74.945496 Ha,   -2039.370700 eV

     Ekin =     149.468706 Ry,      74.734353 Ha,    2033.625223 eV
     Encl =    -355.645089 Ry,    -177.822544 Ha,   -4838.797640 eV
     Eh   =      72.821012 Ry,      36.410506 Ha,     990.780279 eV
     Exc  =     -16.535620 Ry,      -8.267810 Ha,    -224.978562 eV


     normalization and overlap integrals

     s(1S/1S) =  1.000000  <r> =   0.1997  <r2> =    0.0539  r(max) =   0.1298
     s(1S/2S) =  0.000000
     s(2S/2S) =  1.000000  <r> =   1.1407  <r2> =    1.5839  r(max) =   0.8677
     s(2P/2P) =  1.000000  <r> =   1.2656  <r2> =    2.1371  r(max) =   0.8151

     ------------------------ End of All-electron run ------------------------


     ---------------------- Testing the pseudopotential ----------------------

     O                                                                          

     atomic number is  8.00   valence charge is  6.00
     dft = SLA  PW   PBX  PBC   lsd =0 sic =0 latt =0  beta=0.50 tr2=1.0E-14
     mesh =1095 r(mesh) =  99.04343 xmin = -7.00 dx = 0.01250

     n l     nl             e AE (Ry)        e PS (Ry)    De AE-PS (Ry) 
     1 0     2S   1( 2.00)       -1.75770       -1.75768       -0.00002
     2 1     2P   1( 4.00)       -0.66426       -0.66424       -0.00002

     eps = 5.5E-16  iter =  4
 
     Etot =    -149.890991 Ry,     -74.945496 Ha,   -2039.370700 eV
     Etotps =   -31.920831 Ry,     -15.960416 Ha,    -434.305004 eV

     ---------------------- End of pseudopotential test ----------------------

     --------------------------- All-electron run ----------------------------

     O                                                                          

     atomic number is  8.00
     dft = SLA  PW   PBX  PBC   lsd =0 sic =0 latt =0  beta=0.50 tr2=1.0E-14
     mesh =1095 r(mesh) =  99.04343 xmin = -7.00 dx = 0.01250
     1 Ry =  13.60569228 eV

     n l     nl                  e(Ry)          e(Ha)          e(eV)
     1 0     1S 1( 2.00)       -38.0501       -19.0250      -517.6974
     2 0     2S 1( 1.80)        -1.9740        -0.9870       -26.8580
     2 1     2P 1( 4.00)        -0.8741        -0.4371       -11.8931

     eps = 7.9E-15  iter = 18
 
     Etot =    -149.517973 Ry,     -74.758987 Ha,   -2034.295538 eV

     Ekin =     149.106616 Ry,      74.553308 Ha,    2028.698729 eV
     Encl =    -353.283455 Ry,    -176.641727 Ha,   -4806.665974 eV
     Eh   =      71.009679 Ry,      35.504839 Ha,     966.135837 eV
     Exc  =     -16.350813 Ry,      -8.175406 Ha,    -222.464129 eV


     normalization and overlap integrals

     s(1S/1S) =  1.000000  <r> =   0.1997  <r2> =    0.0539  r(max) =   0.1298
     s(1S/2S) =  0.000000
     s(2S/2S) =  1.000000  <r> =   1.1299  <r2> =    1.5496  r(max) =   0.8677
     s(2P/2P) =  1.000000  <r> =   1.2274  <r2> =    1.9855  r(max) =   0.8151

     ------------------------ End of All-electron run ------------------------


     ---------------------- Testing the pseudopotential ----------------------

     O                                                                          

     atomic number is  8.00   valence charge is  6.00
     dft = SLA  PW   PBX  PBC   lsd =0 sic =0 latt =0  beta=0.50 tr2=1.0E-14
     mesh =1095 r(mesh) =  99.04343 xmin = -7.00 dx = 0.01250

     n l     nl             e AE (Ry)        e PS (Ry)    De AE-PS (Ry) 
     1 0     2S   1( 1.80)       -1.97402       -1.97408        0.00006
     2 1     2P   1( 4.00)       -0.87413       -0.87428        0.00015

     eps = 3.5E-16  iter =  8
 
     Etot =    -149.517973 Ry,     -74.758987 Ha,   -2034.295538 eV
     Etotps =   -31.547813 Ry,     -15.773906 Ha,    -429.229832 eV
     dEtot_ae =       0.373018 Ry
     dEtot_ps =       0.373018 Ry,   Delta E=      -0.000001 Ry

     ---------------------- End of pseudopotential test ----------------------

