
     Program LD1       v.3.2cvs starts ...
     Today is 19Sep2007 at  0:21:16 
     --------------------------- All-electron run ----------------------------

     O                                                                          

     atomic number is  8.00
     dft = SLA  PW   PBX  PBC   lsd =0 sic =0 latt =0  beta=0.50 tr2=1.0E-14
     mesh =1095 r(mesh) =  99.04343 xmin = -7.00 dx = 0.01250
     1 Ry =  13.60569228 eV

     n l     nl                  e(Ry)          e(Ha)          e(eV)
     1 0     1S 1( 2.00)       -37.7973       -18.8987      -514.2587
     2 0     2S 1( 2.00)        -1.7577        -0.8788       -23.9147
     2 1     2P 1( 4.00)        -0.6643        -0.3321        -9.0378

     eps = 2.4E-15  iter = 15
 
     Etot =    -149.890997 Ry,     -74.945499 Ha,   -2039.370781 eV

     Ekin =     149.468654 Ry,      74.734327 Ha,    2033.624506 eV
     Encl =    -355.645040 Ry,    -177.822520 Ha,   -4838.796981 eV
     Eh   =      72.821009 Ry,      36.410504 Ha,     990.780236 eV
     Exc  =     -16.535619 Ry,      -8.267809 Ha,    -224.978543 eV


     normalization and overlap integrals

     s(1S/1S) =  1.000000  <r> =   0.1997  <r2> =    0.0539  r(max) =   0.1298
     s(1S/2S) =  0.000000
     s(2S/2S) =  1.000000  <r> =   1.1407  <r2> =    1.5839  r(max) =   0.8677
     s(2P/2P) =  1.000000  <r> =   1.2656  <r2> =    2.1371  r(max) =   0.8151

     ------------------------ End of All-electron run ------------------------


     ---------------------- Testing the pseudopotential ----------------------

     O                                                                          

     atomic number is  8.00   valence charge is  6.00
     dft = SLA  PW   PBX  PBC   lsd =0 sic =0 latt =0  beta=0.50 tr2=1.0E-14
     mesh =1095 r(mesh) =  99.04343 xmin = -7.00 dx = 0.01250

     n l     nl             e AE (Ry)        e PS (Ry)    De AE-PS (Ry) 
     1 0     2S   1( 2.00)       -1.75770       -1.75768       -0.00002
     2 1     2P   1( 4.00)       -0.66426       -0.66425       -0.00002

     eps = 5.1E-15  iter =  4
 
     Etot =    -149.890997 Ry,     -74.945499 Ha,   -2039.370781 eV
     Etotps =   -31.820086 Ry,     -15.910043 Ha,    -432.934299 eV

     Ekin =      20.635130 Ry,      10.317565 Ha,     280.755223 eV
     Encl =     -71.612533 Ry,     -35.806266 Ha,    -974.338087 eV
     Ehrt =      27.108086 Ry,      13.554043 Ha,     368.824279 eV
     Ecxc =      -7.039631 Ry,      -3.519815 Ha,     -95.779052 eV
     (Ecc =      -0.373154 Ry,      -0.186577 Ha,      -5.077024 eV)
     Epseu=      -0.911138 Ry,      -0.455569 Ha,     -12.396662 eV

     ---------------------- End of pseudopotential test ----------------------

     --------------------------- All-electron run ----------------------------

     O                                                                          

     atomic number is  8.00
     dft = SLA  PW   PBX  PBC   lsd =0 sic =0 latt =0  beta=0.50 tr2=1.0E-14
     mesh =1095 r(mesh) =  99.04343 xmin = -7.00 dx = 0.01250
     1 Ry =  13.60569228 eV

     n l     nl                  e(Ry)          e(Ha)          e(eV)
     1 0     1S 1( 2.00)       -40.8660       -20.4330      -556.0099
     2 0     2S 1( 0.00)        -4.2479        -2.1240       -57.7963
     2 1     2P 1( 4.00)        -3.1344        -1.5672       -42.6459

     eps = 7.3E-15  iter = 13
 
     Etot =    -143.994644 Ry,     -71.997322 Ha,   -1959.146817 eV

     Ekin =     143.694066 Ry,      71.847033 Ha,    1955.057245 eV
     Encl =    -327.078374 Ry,    -163.539187 Ha,   -4450.127707 eV
     Eh   =      53.771190 Ry,      26.885595 Ha,     731.594268 eV
     Exc  =     -14.381526 Ry,      -7.190763 Ha,    -195.670623 eV


     normalization and overlap integrals

     s(1S/1S) =  1.000000  <r> =   0.1994  <r2> =    0.0537  r(max) =   0.1298
     s(1S/2S) =  0.000000
     s(2S/2S) =  1.000000  <r> =   1.0368  <r2> =    1.2786  r(max) =   0.8357
     s(2P/2P) =  1.000000  <r> =   1.0147  <r2> =    1.2864  r(max) =   0.7468

     ------------------------ End of All-electron run ------------------------


     ---------------------- Testing the pseudopotential ----------------------

     O                                                                          

     atomic number is  8.00   valence charge is  6.00
     dft = SLA  PW   PBX  PBC   lsd =0 sic =0 latt =0  beta=0.50 tr2=1.0E-14
     mesh =1095 r(mesh) =  99.04343 xmin = -7.00 dx = 0.01250

     n l     nl             e AE (Ry)        e PS (Ry)    De AE-PS (Ry) 
     1 0     2S   1( 0.00)       -4.24795       -4.27308        0.02513
     2 1     2P   1( 4.00)       -3.13442       -3.14791        0.01349

     eps = 9.2E-15  iter =  8
 
     Etot =    -143.994644 Ry,     -71.997322 Ha,   -1959.146817 eV
     Etotps =   -25.905867 Ry,     -12.952933 Ha,    -352.467252 eV
     dEtot_ae =       5.896353 Ry
     dEtot_ps =       5.914219 Ry,   Delta E=      -0.017866 Ry

     Ekin =      23.490584 Ry,      11.745292 Ha,     319.605658 eV
     Encl =     -53.643083 Ry,     -26.821542 Ha,    -729.851286 eV
     Ehrt =      14.184485 Ry,       7.092243 Ha,     192.989742 eV
     Ecxc =      -5.049232 Ry,      -2.524616 Ha,     -68.698298 eV
     (Ecc =      -0.373154 Ry,      -0.186577 Ha,      -5.077024 eV)
     Epseu=      -4.888621 Ry,      -2.444310 Ha,     -66.513067 eV

     ---------------------- End of pseudopotential test ----------------------

