
     Program LD1       v.3.2cvs starts ...
     Today is 17Sep2007 at 14:14:18 
     --------------------------- All-electron run ----------------------------

     O                                                                          

     atomic number is  8.00
     dft = SLA  PW   PBX  PBC   lsd =0 sic =0 latt =0  beta=0.50 tr2=1.0E-14
     mesh =1095 r(mesh) =  99.04343 xmin = -7.00 dx = 0.01250
     1 Ry =  13.60569228 eV

     n l     nl                  e(Ry)          e(Ha)          e(eV)
     1 0     1S 1( 2.00)       -37.7973       -18.8987      -514.2587
     2 0     2S 1( 2.00)        -1.7577        -0.8788       -23.9147
     2 1     2P 1( 4.00)        -0.6643        -0.3321        -9.0378

     eps = 4.7E-15  iter = 14
 
     Etot =    -149.890997 Ry,     -74.945498 Ha,   -2039.370776 eV

     Ekin =     149.468653 Ry,      74.734327 Ha,    2033.624503 eV
     Encl =    -355.645040 Ry,    -177.822520 Ha,   -4838.796971 eV
     Eh   =      72.821009 Ry,      36.410504 Ha,     990.780235 eV
     Exc  =     -16.535619 Ry,      -8.267809 Ha,    -224.978543 eV


     normalization and overlap integrals

     s(1S/1S) =  1.000000  <r> =   0.1997  <r2> =    0.0539  r(max) =   0.1298
     s(1S/2S) =  0.000000
     s(2S/2S) =  1.000000  <r> =   1.1407  <r2> =    1.5839  r(max) =   0.8677
     s(2P/2P) =  1.000000  <r> =   1.2656  <r2> =    2.1371  r(max) =   0.8151

     ------------------------ End of All-electron run ------------------------


     ---------------------- Testing the pseudopotential ----------------------

     O                                                                          

     atomic number is  8.00   valence charge is  6.00
     dft = SLA  PW   PBX  PBC   lsd =0 sic =0 latt =0  beta=0.50 tr2=1.0E-14
     mesh =1095 r(mesh) =  99.04343 xmin = -7.00 dx = 0.01250

     n l     nl             e AE (Ry)        e PS (Ry)    De AE-PS (Ry) 
     1 0     2S   1( 2.00)       -1.75770       -1.75768       -0.00002
     2 1     2P   1( 4.00)       -0.66426       -0.66425       -0.00002

     eps = 5.1E-15  iter =  4
 
     Etot =    -149.890997 Ry,     -74.945498 Ha,   -2039.370776 eV
     Etotps =   -31.820086 Ry,     -15.910043 Ha,    -432.934292 eV

     Ekin =      20.635130 Ry,      10.317565 Ha,     280.755223 eV
     Encl =     -71.612532 Ry,     -35.806266 Ha,    -974.338079 eV
     Ehrt =      27.108086 Ry,      13.554043 Ha,     368.824278 eV
     Ecxc =      -7.039631 Ry,      -3.519815 Ha,     -95.779052 eV
     (Ecc =      -0.373154 Ry,      -0.186577 Ha,      -5.077024 eV)
     Evxt =       0.000000 Ry,       0.000000 Ha,       0.000000 eV
     Epseu=      -0.911138 Ry,      -0.455569 Ha,     -12.396662 eV

     ---------------------- End of pseudopotential test ----------------------

     --------------------------- All-electron run ----------------------------

     O                                                                          

     atomic number is  8.00
     dft = SLA  PW   PBX  PBC   lsd =0 sic =0 latt =0  beta=0.50 tr2=1.0E-14
     mesh =1095 r(mesh) =  99.04343 xmin = -7.00 dx = 0.01250
     1 Ry =  13.60569228 eV

     n l     nl                  e(Ry)          e(Ha)          e(eV)
     1 0     1S 1( 2.00)       -40.5109       -20.2555      -551.1789
     2 0     2S 1( 0.20)        -3.9719        -1.9860       -54.0408
     2 1     2P 1( 4.00)        -2.8558        -1.4279       -38.8557

     eps = 1.4E-15  iter = 17
 
     Etot =    -144.816556 Ry,     -72.408278 Ha,   -1970.329493 eV

     Ekin =     144.502990 Ry,      72.251495 Ha,    1966.063220 eV
     Encl =    -330.395425 Ry,    -165.197712 Ha,   -4495.258484 eV
     Eh   =      55.695343 Ry,      27.847671 Ha,     757.773695 eV
     Exc  =     -14.619464 Ry,      -7.309732 Ha,    -198.907925 eV


     normalization and overlap integrals

     s(1S/1S) =  1.000000  <r> =   0.1995  <r2> =    0.0537  r(max) =   0.1298
     s(1S/2S) =  0.000000
     s(2S/2S) =  1.000000  <r> =   1.0465  <r2> =    1.3047  r(max) =   0.8357
     s(2P/2P) =  1.000000  <r> =   1.0319  <r2> =    1.3349  r(max) =   0.7562

     ------------------------ End of All-electron run ------------------------


     ---------------------- Testing the pseudopotential ----------------------

     O                                                                          

     atomic number is  8.00   valence charge is  6.00
     dft = SLA  PW   PBX  PBC   lsd =0 sic =0 latt =0  beta=0.50 tr2=1.0E-14
     mesh =1095 r(mesh) =  99.04343 xmin = -7.00 dx = 0.01250

     n l     nl             e AE (Ry)        e PS (Ry)    De AE-PS (Ry) 
     1 0     2S   1( 0.20)       -3.97192       -3.99233        0.02040
     2 1     2P   1( 4.00)       -2.85584       -2.86675        0.01091

     eps = 4.2E-15  iter =  8
 
     Etot =    -144.816556 Ry,     -72.408278 Ha,   -1970.329493 eV
     Etotps =   -26.732318 Ry,     -13.366159 Ha,    -363.711694 eV
     dEtot_ae =       5.074441 Ry
     dEtot_ps =       5.087767 Ry,   Delta E=      -0.013326 Ry

     Ekin =      23.281243 Ry,      11.640621 Ha,     316.757428 eV
     Encl =     -55.708456 Ry,     -27.854228 Ha,    -757.952104 eV
     Ehrt =      15.401970 Ry,       7.700985 Ha,     209.554464 eV
     Ecxc =      -5.270760 Ry,      -2.635380 Ha,     -71.712334 eV
     (Ecc =      -0.373154 Ry,      -0.186577 Ha,      -5.077024 eV)
     Evxt =       0.000000 Ry,       0.000000 Ha,       0.000000 eV
     Epseu=      -4.436316 Ry,      -2.218158 Ha,     -60.359148 eV

     ---------------------- End of pseudopotential test ----------------------

