
     Program POST-PROC v.2.1cvs starts ...
     Today is  3Jun2005 at 14:59:15 

     Reading file feo_af.save ...      only dimensions
     read complete

     Reading file feo_af.save ...      all except wavefuctions
     read complete

     nbndx  =    20  nbnd   =    20  natomwfc =    20  npwx   =     780
     nelec  =  28.00  nkb   =    52  ngl    =     342

     warning: negative or imaginary core charge    -0.000003    0.000000

     Calling projection .... 
     NBND =           20
     NATOMWFC =          20
     NKSTOT =           8
          10          12
  Hubbard_lmax =            2 T
  ATOMIC WFC #           1 :           1           1           0           1
  ATOMIC WFC #           2 :           1           2           1           1
  ATOMIC WFC #           3 :           1           2           1           2
  ATOMIC WFC #           4 :           1           2           1           3
  ATOMIC WFC #           5 :           2           1           0           1
  ATOMIC WFC #           6 :           2           2           1           1
  ATOMIC WFC #           7 :           2           2           1           2
  ATOMIC WFC #           8 :           2           2           1           3
  ATOMIC WFC #           9 :           3           1           0           1
  ATOMIC WFC #          10 :           3           2           2           1
  ATOMIC WFC #          11 :           3           2           2           2
  ATOMIC WFC #          12 :           3           2           2           3
  ATOMIC WFC #          13 :           3           2           2           4
  ATOMIC WFC #          14 :           3           2           2           5
  ATOMIC WFC #          15 :           4           1           0           1
  ATOMIC WFC #          16 :           4           2           2           1
  ATOMIC WFC #          17 :           4           2           2           2
  ATOMIC WFC #          18 :           4           2           2           3
  ATOMIC WFC #          19 :           4           2           2           4
  ATOMIC WFC #          20 :           4           2           2           5
 KPOINT =           1
   1.00332982835429     
 0.00 0.00  -0.33 0.01  -0.33 0.01   0.00 0.00   0.33-0.01   0.00 0.00  -0.48 0.01  -0.48 0.01
 0.00 0.00   0.48-0.01
 0.00 0.00   0.00 0.00  -0.72 0.16   0.00 0.00   0.00 0.00   0.00 0.00   0.00 0.00  -0.65 0.14
-0.10 0.02   0.00 0.00   0.00 0.00   0.00 0.00
   1.00151972518223     
 0.00 0.00  -0.45-0.04   0.45 0.04   0.07 0.01   0.00 0.00   0.00 0.00  -0.53-0.04   0.53 0.04
-0.08-0.01   0.00 0.00
-0.62 0.33   0.25-0.08   0.00 0.00   0.16-0.06  -0.01 0.00  -0.54 0.18   0.25-0.08   0.00 0.00
 0.00 0.00  -0.11 0.04   0.00 0.00   0.00 0.00
   1.00151972518221     
 0.08 0.00  -0.26 0.00  -0.26 0.00   0.00 0.00  -0.52 0.00  -0.08 0.00  -0.31 0.00  -0.31 0.00
 0.00 0.00  -0.62 0.00
 0.24-0.11   0.69-0.16   0.00 0.00   0.01 0.00   0.16-0.04   0.25-0.07   0.55-0.14   0.00 0.00
 0.00 0.00   0.00 0.00   0.11-0.03   0.00 0.00
  0.968092881283743     
 0.01 0.00   0.17 0.03  -0.18-0.03  -0.51-0.09  -0.01 0.00   0.02 0.00  -0.12-0.02   0.13 0.02
-0.78-0.14   0.00 0.00
 0.24-0.16  -0.09 0.04   0.00 0.00   0.71-0.35  -0.06 0.02  -0.05 0.02   0.02-0.01   0.00 0.00
 0.00 0.00  -0.48 0.22  -0.01 0.01   0.00 0.00
  0.968092881283739     
 0.52 0.00  -0.11 0.00  -0.10 0.00   0.01 0.00  -0.21 0.00   0.79 0.00   0.08 0.00   0.07 0.00
 0.02 0.00   0.15 0.00
 0.09-0.04   0.28-0.06   0.00 0.00  -0.06 0.02  -0.77 0.18  -0.02 0.01  -0.05 0.01   0.00 0.00
 0.00 0.00   0.02 0.00  -0.51 0.13   0.00 0.00
  0.943667546364785     
 0.01 0.00  -0.49 0.01   0.43-0.01   0.13 0.00  -0.05 0.00  -0.04 0.00   0.45-0.01  -0.41 0.01
-0.43 0.01   0.05 0.00
-0.47 0.20   0.25-0.05   0.00 0.00   0.07-0.02   0.00 0.00   0.64-0.15  -0.38 0.08   0.00 0.00
 0.00 0.00  -0.29 0.07   0.03 0.00   0.00 0.00
  0.943667546364766     
 0.13 0.00  -0.22 0.00  -0.31 0.00  -0.01 0.00  -0.53 0.00  -0.43 0.00   0.21 0.00   0.29 0.00
 0.04 0.00   0.50 0.00
 0.23-0.10   0.50-0.11   0.00 0.00   0.00 0.00   0.07-0.02  -0.37 0.10  -0.64 0.16   0.00 0.00
 0.00 0.00   0.03-0.01   0.28-0.08   0.00 0.00
  0.834863746402350     
 0.00 0.00   0.48 0.00   0.48 0.00   0.00 0.00  -0.48 0.00   0.00 0.00  -0.33 0.00  -0.33 0.00
 0.00 0.00   0.33 0.00
 0.00 0.00   0.00 0.00   0.65-0.16   0.00 0.00   0.00 0.00   0.00 0.00   0.00 0.00  -0.71 0.17
-0.10 0.02   0.00 0.00   0.00 0.00   0.00 0.00
  0.618838285549997     
-0.84 0.00  -0.14 0.00  -0.11 0.00  -0.06 0.00  -0.25 0.00   0.42 0.00   0.06 0.00   0.05 0.00
 0.03 0.00   0.11 0.00
 0.03-0.01   0.12-0.03   0.00 0.00   0.06-0.02   0.56-0.13  -0.05 0.01  -0.14 0.04   0.00 0.00
 0.00 0.00   0.05 0.00  -0.76 0.20   0.00 0.00
  0.618838285549931     
-0.06 0.00   0.21 0.00  -0.23 0.00   0.84 0.01  -0.02 0.00   0.03 0.00  -0.09 0.00   0.10 0.00
-0.42-0.01   0.01 0.00
 0.11-0.05  -0.04 0.01   0.00 0.00  -0.55 0.17   0.07-0.02  -0.14 0.04   0.05-0.01   0.00 0.00
 0.00 0.00  -0.76 0.21  -0.05 0.02   0.00 0.00
  ORTHOGONALITY CHECK PASSED 
 KPOINT =           2
  0.982914565917903     
 0.00 0.00   0.00 0.00   0.00 0.00   0.00 0.00   0.00 0.00  -0.18-0.08   0.21 0.09   0.79 0.34
 0.32 0.14  -0.21-0.09
 0.00 0.00   0.00 0.00   0.00 0.00   0.00 0.00   0.00 0.00  -0.87-0.28   0.00 0.00  -0.17 0.29
-0.01 0.22   0.00 0.00   0.00 0.00  -0.05-0.04
  0.974795458436041     
-0.24 0.00   0.34 0.00   0.73 0.00   0.42 0.00  -0.34 0.00   0.00 0.00   0.00 0.00   0.00 0.00
 0.00 0.00   0.00 0.00
-0.59 0.68   0.00 0.00   0.24-0.28   0.13-0.16   0.00 0.00   0.00 0.00   0.00 0.00   0.00 0.00
 0.00 0.00   0.00 0.00  -0.02 0.02   0.00 0.00
  0.941908333593193     
 0.00 0.00   0.00 0.00   0.00 0.00   0.00 0.00   0.00 0.00   0.12-0.21   0.34-0.59   0.00 0.00
 0.07-0.12   0.34-0.59
 0.00 0.00   0.00 0.00   0.00 0.00   0.00 0.00   0.00 0.00   0.00 0.00  -0.89 0.45   0.00 0.00
 0.00 0.00   0.09-0.04   0.00 0.00   0.00 0.00
  0.941883040432579     
 0.25 0.00   0.68 0.00   0.00 0.00   0.15 0.00   0.68 0.00   0.00 0.00   0.00 0.00   0.00 0.00
 0.00 0.00   0.00 0.00
 0.00 0.00  -0.65 0.76   0.00 0.00   0.00 0.00  -0.02 0.02   0.00 0.00   0.00 0.00   0.00 0.00
 0.00 0.00   0.00 0.00   0.00 0.00   0.00 0.00
  0.907277947778344     
 0.00 0.00   0.00 0.00   0.00 0.00   0.00 0.00   0.00 0.00   0.00 0.00  -0.66 0.00   0.35 0.00
 0.00 0.00   0.66 0.00
 0.00 0.00   0.00 0.00   0.00 0.00   0.00 0.00   0.00 0.00  -0.24-0.21   0.00 0.00   0.76-0.56
-0.04 0.08   0.00 0.00   0.00 0.00  -0.02-0.04
  0.859913642474311     
 0.00 0.00   0.00 0.00   0.00 0.00   0.00 0.00   0.00 0.00   0.46 0.02   0.10 0.00   0.38 0.01
-0.79-0.03  -0.10 0.00
 0.00 0.00   0.00 0.00   0.00 0.00   0.00 0.00   0.00 0.00  -0.18-0.15   0.00 0.00   0.01 0.00
 0.38-0.90   0.00 0.00   0.00 0.00   0.01 0.02
  0.840661694264740     
 0.13 0.00   0.62 0.00  -0.41 0.00  -0.23 0.00  -0.62 0.00   0.00 0.00   0.00 0.00   0.00 0.00
 0.00 0.00   0.00 0.00
 0.20-0.23   0.00 0.00   0.58-0.68  -0.20 0.24   0.00 0.00   0.00 0.00   0.00 0.00   0.00 0.00
 0.00 0.00   0.00 0.00  -0.04 0.04   0.00 0.00
  0.831216065654775     
 0.00 0.00   0.00 0.00   0.00 0.00   0.00 0.00   0.00 0.00  -0.83-0.06   0.20 0.02   0.00 0.00
-0.48-0.04   0.20 0.02
 0.00 0.00   0.00 0.00   0.00 0.00   0.00 0.00   0.00 0.00   0.00 0.00   0.00 0.10   0.00 0.00
 0.00 0.00   0.02 1.00   0.00 0.00   0.00 0.00
  0.719106995846033     
 0.42 0.00   0.00 0.00   0.55 0.00  -0.72 0.00   0.00 0.00   0.00 0.00   0.00 0.00   0.00 0.00
 0.00 0.00   0.00 0.00
-0.20 0.23   0.00 0.00  -0.14 0.17  -0.59 0.71   0.00 0.00   0.00 0.00   0.00 0.00   0.00 0.00
 0.00 0.00   0.00 0.00   0.04-0.05   0.00 0.00
  0.669544798400720     
-0.83 0.00   0.21 0.00   0.00 0.00  -0.48 0.00   0.21 0.00   0.00 0.00   0.00 0.00   0.00 0.00
 0.00 0.00   0.00 0.00
 0.00 0.00   0.02-0.02   0.00 0.00   0.00 0.00  -0.65 0.76   0.00 0.00   0.00 0.00   0.00 0.00
 0.00 0.00   0.00 0.00   0.00 0.00   0.00 0.00
  ORTHOGONALITY CHECK PASSED 
 KPOINT =           3
   1.07479239598418     
-0.08 0.00  -0.02 0.00  -0.02 0.00   0.00 0.00   0.64 0.00   0.07 0.00   0.02 0.00   0.02 0.00
 0.00 0.00   0.76 0.00
-0.80 0.35   0.00 0.00   0.02-0.01   0.00 0.00   0.07-0.06  -0.47-0.10   0.00 0.00  -0.03 0.01
 0.00 0.00   0.05-0.06   0.00 0.00   0.01 0.00
  0.952223786818728     
 0.00 0.00  -0.32 0.04   0.32-0.04  -0.46 0.06   0.00 0.00   0.00 0.00   0.44-0.06  -0.44 0.06
-0.43 0.06   0.00 0.00
 0.00 0.00  -0.59-0.26   0.00 0.00  -0.33 0.30   0.00 0.00   0.00 0.00  -0.24 0.45   0.00 0.00
 0.11-0.33   0.00 0.00   0.00 0.00   0.00 0.00
  0.949231178464269     
-0.54 0.00  -0.13 0.00  -0.13 0.00   0.00 0.00   0.32 0.00  -0.62 0.00   0.23 0.00   0.23 0.00
 0.00 0.00  -0.29 0.00
-0.21 0.09   0.00 0.00  -0.28 0.15   0.00 0.00  -0.54 0.46   0.20 0.04   0.00 0.00  -0.22 0.09
 0.00 0.00  -0.31 0.37   0.00 0.00   0.05-0.03
  0.942769148791341     
 0.08 0.00  -0.17 0.00  -0.17 0.00   0.00 0.00   0.40 0.00   0.64 0.00   0.31 0.00   0.31 0.00
 0.00 0.00  -0.41 0.00
-0.25 0.11   0.00 0.00  -0.20 0.11   0.00 0.00   0.16-0.14   0.60 0.13   0.00 0.00  -0.45 0.19
 0.00 0.00   0.30-0.35   0.00 0.00  -0.02 0.01
  0.941065196743883     
 0.00 0.00   0.26 0.04  -0.26-0.04  -0.22-0.03   0.00 0.00   0.00 0.00  -0.31-0.05   0.31 0.05
-0.78-0.12   0.00 0.00
 0.00 0.00   0.25 0.03   0.00 0.00  -0.30 0.50   0.00 0.00   0.00 0.00   0.12-0.55   0.00 0.00
 0.02-0.53   0.00 0.00   0.00 0.00   0.00 0.00
  0.937131277992748     
-0.09 0.00  -0.44 0.00  -0.44 0.00   0.00 0.00   0.19 0.00   0.06 0.00  -0.51 0.00  -0.51 0.00
 0.00 0.00  -0.16 0.00
-0.12 0.05   0.00 0.00  -0.56 0.31   0.00 0.00   0.06-0.05   0.18 0.04   0.00 0.00   0.67-0.27
 0.00 0.00   0.06-0.07   0.00 0.00   0.01-0.01
  0.934748138377252     
 0.00 0.00  -0.54 0.00   0.54 0.00  -0.12 0.00   0.00 0.00   0.00 0.00  -0.45 0.00   0.45 0.00
 0.03 0.00   0.00 0.00
 0.00 0.00  -0.69-0.20   0.00 0.00   0.14-0.17   0.00 0.00   0.00 0.00   0.22-0.61   0.00 0.00
-0.02 0.10   0.00 0.00   0.00 0.00   0.00 0.00
  0.833094257371965     
 0.04 0.00  -0.50 0.00  -0.50 0.00   0.00 0.00  -0.46 0.00  -0.03 0.00   0.28 0.00   0.28 0.00
 0.00 0.00   0.35 0.00
 0.27-0.12   0.00 0.00  -0.58 0.32   0.00 0.00   0.17-0.15  -0.49-0.10   0.00 0.00  -0.39 0.16
 0.00 0.00  -0.03 0.04   0.00 0.00   0.01 0.00
  0.632296969915743     
 0.00 0.00   0.18 0.00  -0.18 0.00  -0.85-0.01   0.00 0.00   0.00 0.00  -0.10 0.00   0.10 0.00
 0.44 0.00   0.00 0.00
 0.00 0.00  -0.03-0.01   0.00 0.00  -0.41 0.49   0.00 0.00   0.00 0.00   0.02-0.06   0.00 0.00
-0.14 0.75   0.00 0.00   0.00 0.00   0.00 0.00
  0.631314074028835     
-0.82 0.00   0.09 0.00   0.09 0.00   0.00 0.00  -0.28 0.00   0.45 0.00  -0.05 0.00  -0.05 0.00
 0.00 0.00   0.12 0.00
 0.13-0.05   0.00 0.00  -0.03 0.02   0.00 0.00  -0.46 0.40  -0.25-0.05   0.00 0.00   0.03-0.01
 0.00 0.00   0.47-0.56   0.00 0.00   0.07-0.04
  ORTHOGONALITY CHECK PASSED 
 KPOINT =           4
  0.971104028895253     
 0.00 0.00   0.00 0.00   0.00 0.00   0.00 0.00   0.00 0.00   0.13 0.01   0.43 0.03  -0.78-0.05
-0.27-0.02  -0.35-0.02
 0.00 0.00   0.00 0.00   0.00 0.00   0.00 0.00   0.00 0.00   0.00 0.00   0.00 0.00   0.64 0.75
 0.00 0.00   0.14 0.02   0.00 0.00   0.00 0.00
  0.971101352812854     
 0.00 0.00   0.00 0.00   0.00 0.00   0.00 0.00   0.00 0.00  -0.20-0.18   0.48 0.43   0.04 0.03
-0.10-0.09   0.52 0.47
 0.00 0.00   0.00 0.00   0.00 0.00   0.00 0.00   0.00 0.00   0.00 0.00   0.95 0.27   0.00 0.00
 0.04 0.13   0.00 0.00   0.00 0.00   0.00 0.00
  0.970571734711152     
 0.38 0.00  -0.38 0.00  -0.38 0.00   0.00 0.00  -0.76 0.00   0.00 0.00   0.00 0.00   0.00 0.00
 0.00 0.00   0.00 0.00
-0.31-0.07   0.64-0.68   0.00 0.00   0.01-0.01   0.08-0.09   0.00 0.00   0.00 0.00   0.00 0.00
 0.00 0.00   0.00 0.00   0.00 0.00   0.00 0.00
  0.970571734711151     
 0.00 0.00   0.65 0.07  -0.65-0.07  -0.37-0.04   0.00 0.00   0.00 0.00   0.00 0.00   0.00 0.00
 0.00 0.00   0.00 0.00
-0.93-0.10  -0.19 0.26   0.00 0.00  -0.07 0.09   0.01-0.01   0.00 0.00   0.00 0.00   0.00 0.00
 0.00 0.00   0.00 0.00   0.00 0.00   0.00 0.00
  0.922877654995558     
 0.00 0.00   0.00 0.00   0.00 0.00   0.00 0.00   0.00 0.00   0.00 0.00  -0.04 0.58  -0.04 0.58
 0.00 0.00   0.04-0.58
 0.00 0.00   0.00 0.00   0.00 0.00   0.00 0.00   0.00 0.00  -0.94 0.27   0.00 0.00   0.00 0.00
 0.00 0.00   0.00 0.00   0.00 0.00  -0.19 0.06
  0.827246945009497     
 0.00 0.00  -0.58-0.03  -0.58-0.03   0.00 0.00   0.58 0.03   0.00 0.00   0.00 0.00   0.00 0.00
 0.00 0.00   0.00 0.00
 0.00 0.00   0.00 0.00  -0.65 0.75   0.00 0.00   0.00 0.00   0.00 0.00   0.00 0.00   0.00 0.00
 0.00 0.00   0.00 0.00  -0.09 0.09   0.00 0.00
  0.815402145335408     
 0.00 0.00   0.00 0.00   0.00 0.00   0.00 0.00   0.00 0.00  -0.42-0.01   0.13 0.00  -0.24-0.01
 0.85 0.03  -0.11 0.00
 0.00 0.00   0.00 0.00   0.00 0.00   0.00 0.00   0.00 0.00   0.00 0.00   0.00 0.00   0.09 0.11
 0.00 0.00  -0.98-0.17   0.00 0.00   0.00 0.00
  0.815401181122741     
 0.00 0.00   0.00 0.00   0.00 0.00   0.00 0.00   0.00 0.00   0.86 0.01   0.20 0.00   0.02 0.00
 0.42 0.00   0.22 0.00
 0.00 0.00   0.00 0.00   0.00 0.00   0.00 0.00   0.00 0.00   0.00 0.00   0.08 0.12   0.00 0.00
 0.39-0.91   0.00 0.00   0.00 0.00   0.00 0.00
  0.605012767066345     
-0.92 0.00  -0.18 0.00  -0.13 0.00  -0.09 0.00  -0.31 0.00   0.00 0.00   0.00 0.00   0.00 0.00
 0.00 0.00   0.00 0.00
-0.03-0.01   0.08-0.09   0.00 0.00  -0.14 0.15  -0.66 0.71   0.00 0.00   0.00 0.00   0.00 0.00
 0.00 0.00   0.00 0.00   0.00 0.00   0.00 0.00
  0.605012767066282     
 0.09 0.00  -0.25 0.00   0.28 0.00  -0.92 0.00   0.03 0.00   0.00 0.00   0.00 0.00   0.00 0.00
 0.00 0.00   0.00 0.00
 0.11 0.03   0.02-0.02   0.00 0.00  -0.67 0.70   0.14-0.15   0.00 0.00   0.00 0.00   0.00 0.00
 0.00 0.00   0.00 0.00   0.00 0.00   0.00 0.00
  ORTHOGONALITY CHECK PASSED 
 KPOINT =           5
   1.00332980454984     
 0.00 0.00   0.48-0.01   0.48-0.01   0.00 0.00  -0.48 0.01   0.00 0.00   0.33 0.00   0.33 0.00
 0.00 0.00  -0.33 0.00
 0.00 0.00   0.00 0.00  -0.61 0.42   0.00 0.00   0.00 0.00   0.00 0.00   0.00 0.00  -0.54 0.38
-0.09 0.06   0.00 0.00   0.00 0.00   0.00 0.00
   1.00151971976384     
 0.00 0.00   0.54 0.03  -0.54-0.03   0.08 0.00   0.00 0.00   0.00 0.00   0.45 0.02  -0.45-0.02
-0.07 0.00   0.00 0.00
 0.45-0.45  -0.21 0.35   0.00 0.00   0.13-0.11   0.00 0.00  -0.43 0.34   0.23-0.19   0.00 0.00
 0.00 0.00  -0.09 0.07   0.00 0.00   0.00 0.00
   1.00151971976383     
 0.08 0.00   0.31 0.00   0.31 0.00   0.00 0.00   0.62 0.00  -0.08 0.00   0.26 0.00   0.26 0.00
 0.00 0.00   0.52 0.00
-0.30 0.27  -0.36 0.52   0.00 0.00   0.00 0.00   0.13-0.10   0.24-0.18   0.44-0.32   0.00 0.00
 0.00 0.00   0.00 0.00  -0.10 0.07   0.00 0.00
  0.968092849448043     
 0.02 0.00  -0.12 0.05   0.12-0.05  -0.73 0.31   0.00 0.00   0.01 0.00   0.16-0.07  -0.17 0.07
-0.48 0.20   0.00 0.00
 0.24-0.09  -0.13 0.08   0.00 0.00  -0.77 0.19   0.00-0.01   0.05-0.01  -0.02 0.01   0.00 0.00
 0.00 0.00   0.52-0.11   0.00 0.01   0.00 0.00
  0.968092849448036     
-0.79 0.00  -0.08 0.00  -0.07 0.00  -0.01 0.01  -0.15 0.00  -0.52 0.00   0.11 0.00   0.10 0.00
-0.01 0.00   0.21 0.00
-0.12 0.11  -0.15 0.21   0.00 0.00  -0.01 0.00  -0.62 0.49  -0.02 0.02  -0.04 0.03   0.00 0.00
 0.00 0.00   0.00 0.01   0.43-0.31   0.00 0.00
  0.943667558985639     
-0.09 0.00  -0.37-0.01   0.48 0.01   0.42 0.01   0.11 0.00   0.03 0.00   0.39 0.01  -0.51-0.01
-0.12 0.00  -0.12 0.00
 0.39-0.36  -0.11 0.16   0.00 0.00   0.06-0.04  -0.01 0.01   0.59-0.44  -0.17 0.13   0.00 0.00
 0.00 0.00  -0.24 0.17   0.05-0.04   0.00 0.00
  0.943667558985625     
-0.42 0.00   0.34 0.00   0.15 0.00  -0.09 0.00   0.49 0.00   0.12 0.00  -0.36 0.00  -0.16 0.00
 0.03 0.00  -0.52 0.00
 0.15-0.13   0.30-0.44   0.00 0.00  -0.01 0.01  -0.06 0.04   0.18-0.12   0.60-0.43   0.00 0.00
 0.00 0.00   0.05-0.03   0.23-0.17   0.00 0.00
  0.834863957950664     
 0.00 0.00  -0.33-0.01  -0.33-0.01   0.00 0.00   0.33 0.01   0.00 0.00   0.48 0.01   0.48 0.01
 0.00 0.00  -0.48-0.01
 0.00 0.00   0.00 0.00  -0.54 0.40   0.00 0.00   0.00 0.00   0.00 0.00   0.00 0.00   0.59-0.44
 0.08-0.06   0.00 0.00   0.00 0.00   0.00 0.00
  0.618838919065808     
 0.30 0.00   0.11 0.00  -0.03 0.00   0.29-0.02   0.08 0.00  -0.60 0.00  -0.24 0.01   0.06-0.01
-0.59 0.04  -0.18 0.00
-0.02 0.01   0.07-0.10   0.00 0.00  -0.34 0.22  -0.33 0.26  -0.04 0.02   0.12-0.09   0.00 0.00
 0.00 0.00  -0.46 0.27  -0.47 0.34   0.00 0.00
  0.618838919065801     
 0.29 0.00  -0.03 0.01   0.11-0.01  -0.30 0.02   0.08 0.00  -0.59 0.00   0.07-0.01  -0.25 0.01
 0.60-0.04  -0.18 0.00
 0.09-0.08   0.01-0.02   0.00 0.00   0.35-0.23  -0.31 0.25   0.13-0.08   0.03-0.03   0.00 0.00
 0.00 0.00   0.49-0.30  -0.43 0.32   0.00 0.00
  ORTHOGONALITY CHECK PASSED 
 KPOINT =           6
  0.982914552553694     
-0.20 0.00   0.22 0.00   0.86 0.00   0.35 0.00  -0.22 0.00   0.00 0.00   0.00 0.00   0.00 0.00
 0.00 0.00   0.00 0.00
 0.00 0.00   0.00 0.00   0.00 0.00   0.00 0.00   0.00 0.00   0.71 0.57   0.00 0.00   0.30-0.15
 0.22-0.03   0.00 0.00   0.00 0.00  -0.06 0.03
  0.974795504394530     
 0.00 0.00   0.00 0.00   0.00 0.00   0.00 0.00   0.00 0.00  -0.24-0.01   0.34 0.02   0.73 0.03
 0.42 0.02  -0.34-0.02
-0.15 0.89   0.00 0.00   0.06-0.37   0.03-0.20   0.00 0.00   0.00 0.00   0.00 0.00   0.00 0.00
 0.00 0.00   0.00 0.00   0.00 0.03   0.00 0.00
  0.941908334016569     
 0.25 0.00   0.68 0.00   0.00 0.00   0.14 0.00   0.68 0.00   0.00 0.00   0.00 0.00   0.00 0.00
 0.00 0.00   0.00 0.00
 0.00 0.00   0.00 0.00   0.00 0.00   0.00 0.00   0.00 0.00   0.00 0.00   0.17-0.98   0.00 0.00
 0.00 0.00  -0.01 0.10   0.00 0.00   0.00 0.00
  0.941883041653813     
 0.00 0.00   0.00 0.00   0.00 0.00   0.00 0.00   0.00 0.00   0.18 0.18   0.47 0.48   0.00 0.00
 0.10 0.11   0.47 0.48
 0.00 0.00   0.57 0.82   0.00 0.00   0.00 0.00  -0.01-0.02   0.00 0.00   0.00 0.00   0.00 0.00
 0.00 0.00   0.00 0.00   0.00 0.00   0.00 0.00
  0.907277864573551     
 0.00 0.00   0.66 0.00  -0.35 0.00   0.00 0.00  -0.66 0.00   0.00 0.00   0.00 0.00   0.00 0.00
 0.00 0.00   0.00 0.00
 0.00 0.00   0.00 0.00   0.00 0.00   0.00 0.00   0.00 0.00  -0.25-0.20   0.00 0.00   0.85-0.41
-0.09 0.01   0.00 0.00   0.00 0.00   0.04-0.02
  0.859913438557383     
-0.46 0.00  -0.10 0.00  -0.38 0.00   0.79 0.00   0.10 0.00   0.00 0.00   0.00 0.00   0.00 0.00
 0.00 0.00   0.00 0.00
 0.00 0.00   0.00 0.00   0.00 0.00   0.00 0.00   0.00 0.00  -0.19-0.15   0.00 0.00   0.01 0.00
 0.96-0.15   0.00 0.00   0.00 0.00  -0.02 0.01
  0.840662024411595     
 0.00 0.00   0.00 0.00   0.00 0.00   0.00 0.00   0.00 0.00   0.13 0.00   0.62 0.02  -0.41-0.01
-0.23-0.01  -0.62-0.02
 0.06-0.30   0.00 0.00   0.15-0.89  -0.06 0.31   0.00 0.00   0.00 0.00   0.00 0.00   0.00 0.00
 0.00 0.00   0.00 0.00  -0.01 0.06   0.00 0.00
  0.831215825626191     
 0.83 0.00  -0.20 0.00   0.00 0.00   0.48 0.00  -0.20 0.00   0.00 0.00   0.00 0.00   0.00 0.00
 0.00 0.00   0.00 0.00
 0.00 0.00   0.00 0.00   0.00 0.00   0.00 0.00   0.00 0.00   0.00 0.00  -0.02 0.09   0.00 0.00
 0.00 0.00  -0.06 0.99   0.00 0.00   0.00 0.00
  0.719107657412960     
 0.00 0.00   0.00 0.00   0.00 0.00   0.00 0.00   0.00 0.00   0.42 0.04   0.00 0.00   0.55 0.05
-0.72-0.07   0.00 0.00
-0.04 0.30   0.00 0.00  -0.02 0.22  -0.11 0.92   0.00 0.00   0.00 0.00   0.00 0.00   0.00 0.00
 0.00 0.00   0.00 0.00   0.01-0.07   0.00 0.00
  0.669545527427209     
 0.00 0.00   0.00 0.00   0.00 0.00   0.00 0.00   0.00 0.00  -0.83 0.05   0.21-0.01   0.00 0.00
-0.48 0.03   0.21-0.01
 0.00 0.00   0.01-0.03   0.00 0.00   0.00 0.00   0.25-0.97   0.00 0.00   0.00 0.00   0.00 0.00
 0.00 0.00   0.00 0.00   0.00 0.00   0.00 0.00
  ORTHOGONALITY CHECK PASSED 
 KPOINT =           7
   1.07479241342456     
 0.07 0.00   0.02 0.00   0.02 0.00   0.00 0.00   0.76 0.00  -0.08 0.00  -0.02 0.00  -0.02 0.00
 0.00 0.00   0.64 0.00
-0.65-0.57   0.00 0.00   0.02 0.02   0.00 0.00   0.09 0.03   0.39 0.28   0.00 0.00  -0.02-0.02
 0.00 0.00   0.06 0.04   0.00 0.00   0.01 0.00
  0.952223740152467     
 0.00 0.00   0.22-0.38  -0.22 0.38  -0.21 0.38   0.00 0.00   0.00 0.00  -0.16 0.28   0.16-0.28
-0.23 0.40   0.00 0.00
 0.00 0.00  -0.32 0.56   0.00 0.00   0.04 0.45   0.00 0.00   0.00 0.00  -0.44-0.26   0.00 0.00
-0.28-0.21   0.00 0.00   0.00 0.00   0.00 0.00
  0.949231142437371     
 0.62 0.00  -0.23 0.00  -0.23 0.00   0.00 0.00   0.29 0.00   0.54 0.00   0.13 0.00   0.13 0.00
 0.00 0.00  -0.32 0.00
 0.17 0.15   0.00 0.00   0.26 0.18   0.00 0.00   0.67 0.25   0.17 0.12   0.00 0.00   0.20 0.12
 0.00 0.00   0.39 0.30   0.00 0.00  -0.05-0.03
  0.942769153146603     
 0.64 0.00   0.31 0.00   0.31 0.00   0.00 0.00  -0.41 0.00   0.08 0.00  -0.17 0.00  -0.17 0.00
 0.00 0.00   0.40 0.00
-0.20-0.18   0.00 0.00  -0.19-0.13   0.00 0.00   0.20 0.07  -0.50-0.36   0.00 0.00  -0.42-0.25
 0.00 0.00   0.37 0.28   0.00 0.00  -0.02-0.01
  0.941065202061627     
 0.00 0.00  -0.31-0.02   0.31 0.02  -0.79-0.05   0.00 0.00   0.00 0.00   0.26 0.02  -0.26-0.02
-0.22-0.01   0.00 0.00
 0.00 0.00  -0.14-0.21   0.00 0.00   0.55 0.20   0.00 0.00   0.00 0.00   0.47-0.30   0.00 0.00
-0.47 0.24   0.00 0.00   0.00 0.00   0.00 0.00
  0.937131258764534     
 0.06 0.00  -0.51 0.00  -0.51 0.00   0.00 0.00  -0.16 0.00  -0.09 0.00  -0.44 0.00  -0.44 0.00
 0.00 0.00   0.19 0.00
-0.10-0.09   0.00 0.00  -0.53-0.36   0.00 0.00   0.07 0.03  -0.15-0.11   0.00 0.00   0.62 0.38
 0.00 0.00   0.07 0.05   0.00 0.00   0.01 0.01
  0.934748140156870     
 0.00 0.00  -0.44 0.05   0.44-0.05   0.03 0.00   0.00 0.00   0.00 0.00  -0.54 0.06   0.54-0.06
-0.12 0.01   0.00 0.00
 0.00 0.00   0.30 0.66   0.00 0.00  -0.19-0.12   0.00 0.00   0.00 0.00   0.60-0.25   0.00 0.00
 0.10-0.03   0.00 0.00   0.00 0.00   0.00 0.00
  0.833094462950734     
 0.03 0.00  -0.28 0.00  -0.28 0.00   0.00 0.00  -0.35 0.00  -0.04 0.00   0.50 0.00   0.50 0.00
 0.00 0.00   0.46 0.00
-0.22-0.19   0.00 0.00   0.54 0.37   0.00 0.00  -0.22-0.08  -0.40-0.29   0.00 0.00   0.36 0.22
 0.00 0.00   0.04 0.03   0.00 0.00  -0.01 0.00
  0.632297508148913     
 0.00 0.00   0.10 0.00  -0.10 0.00  -0.44-0.02   0.00 0.00   0.00 0.00  -0.18-0.01   0.18 0.01
 0.85 0.04   0.00 0.00
 0.00 0.00  -0.02-0.02   0.00 0.00  -0.59-0.23   0.00 0.00   0.00 0.00  -0.06 0.04   0.00 0.00
-0.69 0.34   0.00 0.00   0.00 0.00   0.00 0.00
  0.631314603186740     
 0.45 0.00  -0.05 0.00  -0.05 0.00   0.00 0.00   0.12 0.00  -0.82 0.00   0.09 0.00   0.09 0.00
 0.00 0.00  -0.28 0.00
 0.10 0.09   0.00 0.00  -0.03-0.02   0.00 0.00  -0.57-0.21   0.21 0.15   0.00 0.00   0.03 0.02
 0.00 0.00   0.58 0.45   0.00 0.00   0.07 0.04
  ORTHOGONALITY CHECK PASSED 
 KPOINT =           8
  0.971104035866166     
-0.13 0.00  -0.44 0.00   0.78 0.00   0.27 0.00   0.33 0.00   0.00 0.00   0.00 0.00   0.00 0.00
 0.00 0.00   0.00 0.00
 0.00 0.00   0.00 0.00   0.00 0.00   0.00 0.00   0.00 0.00   0.00 0.00   0.00 0.00  -0.99 0.01
 0.00 0.00  -0.09 0.11   0.00 0.00   0.00 0.00
  0.971101357932569     
-0.27 0.00   0.64 0.00   0.06 0.00  -0.13 0.00   0.70 0.00   0.00 0.00   0.00 0.00   0.00 0.00
 0.00 0.00   0.00 0.00
 0.00 0.00   0.00 0.00   0.00 0.00   0.00 0.00   0.00 0.00   0.00 0.00  -0.78-0.61   0.00 0.00
 0.14 0.00   0.00 0.00   0.00 0.00   0.00 0.00
  0.970571745167594     
 0.00 0.00   0.00 0.00   0.00 0.00   0.00 0.00   0.00 0.00   0.18 0.04  -0.32 0.51  -0.03-0.60
 0.09-0.32  -0.35-0.09
-0.20-0.75  -0.26 0.56   0.00 0.00  -0.10 0.04   0.02 0.05   0.00 0.00   0.00 0.00   0.00 0.00
 0.00 0.00   0.00 0.00   0.00 0.00   0.00 0.00
  0.970571745167592     
 0.00 0.00   0.00 0.00   0.00 0.00   0.00 0.00   0.00 0.00  -0.33-0.02   0.30 0.34   0.36-0.29
 0.02-0.18   0.66 0.04
-0.58-0.20  -0.41-0.66   0.00 0.00  -0.05 0.02  -0.02-0.10   0.00 0.00   0.00 0.00   0.00 0.00
 0.00 0.00   0.00 0.00   0.00 0.00   0.00 0.00
  0.922877488138491     
 0.00 0.00   0.57-0.07   0.57-0.07   0.00 0.00  -0.57 0.07   0.00 0.00   0.00 0.00   0.00 0.00
 0.00 0.00   0.00 0.00
 0.00 0.00   0.00 0.00   0.00 0.00   0.00 0.00   0.00 0.00  -0.94-0.28   0.00 0.00   0.00 0.00
 0.00 0.00   0.00 0.00   0.00 0.00  -0.19-0.06
  0.827247466054657     
 0.00 0.00   0.00 0.00   0.00 0.00   0.00 0.00   0.00 0.00   0.00 0.00  -0.11 0.57  -0.11 0.57
 0.00 0.00   0.11-0.57
 0.00 0.00   0.00 0.00  -0.93 0.35   0.00 0.00   0.00 0.00   0.00 0.00   0.00 0.00   0.00 0.00
 0.00 0.00   0.00 0.00   0.12-0.04   0.00 0.00
  0.815401838107291     
 0.41 0.00  -0.14 0.00   0.24 0.00  -0.86 0.00   0.10 0.00   0.00 0.00   0.00 0.00   0.00 0.00
 0.00 0.00   0.00 0.00
 0.00 0.00   0.00 0.00   0.00 0.00   0.00 0.00   0.00 0.00   0.00 0.00   0.00 0.00  -0.14 0.00
 0.00 0.00   0.65-0.75   0.00 0.00   0.00 0.00
  0.815400873317513     
 0.86 0.00   0.20 0.00   0.02 0.00   0.41 0.00   0.22 0.00   0.00 0.00   0.00 0.00   0.00 0.00
 0.00 0.00   0.00 0.00
 0.00 0.00   0.00 0.00   0.00 0.00   0.00 0.00   0.00 0.00   0.00 0.00  -0.11-0.09   0.00 0.00
-0.99 0.00   0.00 0.00   0.00 0.00   0.00 0.00
  0.605013609567124     
 0.00 0.00   0.00 0.00   0.00 0.00   0.00 0.00   0.00 0.00  -0.92-0.02  -0.18 0.00  -0.13 0.00
-0.10 0.00  -0.31-0.01
 0.05-0.02   0.02 0.11   0.00 0.00  -0.01-0.08  -0.16-0.98   0.00 0.00   0.00 0.00   0.00 0.00
 0.00 0.00   0.00 0.00   0.00 0.00   0.00 0.00
  0.605013609567069     
 0.00 0.00   0.00 0.00   0.00 0.00   0.00 0.00   0.00 0.00   0.09 0.01  -0.25-0.02   0.28 0.03
-0.92-0.09   0.03 0.00
-0.10 0.04   0.01 0.05   0.00 0.00  -0.27-0.95   0.02 0.07   0.00 0.00   0.00 0.00   0.00 0.00
 0.00 0.00   0.00 0.00   0.00 0.00   0.00 0.00
  ORTHOGONALITY CHECK PASSED 
