
     Program POST-PROC v.4.0    starts ...
     Today is 30Jun2008 at 17:29:21 
  
 Approx. ram memory needed per proc in MB =  0.065136

 k-points : nkstot= 10
 -------------- Crystal Structure ------------ 
 celldm(1:6)
    6.74025600    0.00000000    0.00000000
    0.00000000    0.00000000    0.00000000
 direct lattice vectors
    1.00000000    0.00000000    0.00000000
    0.00000000    1.00000000    0.00000000
    0.00000000    0.00000000    1.00000000
 reciprocal lattice vectors
    1.00000000    0.00000000    0.00000000
    0.00000000    1.00000000    0.00000000
    0.00000000    0.00000000    1.00000000
 nks= 10  nkstot= 10
  ----k-point list [units 2*pi/celldm(1)], weight---------
     1    0.00000000    0.00000000    0.00000000    0.03125000
     2    0.00000000    0.00000000    0.25000000    0.18750000
     3    0.00000000    0.00000000   -0.50000000    0.09375000
     4    0.00000000    0.25000000    0.25000000    0.37500000
     5    0.00000000    0.25000000   -0.50000000    0.37500000
     6    0.00000000   -0.50000000   -0.50000000    0.09375000
     7    0.25000000    0.25000000    0.25000000    0.25000000
     8    0.25000000    0.25000000   -0.50000000    0.37500000
     9    0.25000000   -0.50000000   -0.50000000    0.18750000
    10   -0.50000000   -0.50000000   -0.50000000    0.03125000
 -------------------------------------------------
 --- Polarisation and k vector [cartesian coordinates]----
xepsilon(:)= 1.00000000 0.00000000 0.00000000
xkvec(:)= 1.00000000 0.00000000 0.00000000
 xmesh= 1073
 Warning, no rc
 warning, r_paw( 0  ) set to 1.5
 Warning, no rc
 warning, r_paw( 0  ) set to 1.5
 warning, r_paw( 1  ) set to  1.5
 warning, r_paw( 1  ) set to  1.5

 ==========================================================

 Insulating case:

>> Fermi level (Ryd) =     0.98011040

 ============================================================
