
     Program POST-PROC v.4.1CVS starts ...
     Today is  4Jun2009 at 17:55: 4 

     Parallel version (MPI)

     Number of processors in use:       1
     WARNING: atomic wfc #  2 for atom type 1 has zero norm
     WARNING: atomic wfc #  2 for atom type 2 has zero norm
     file O_PBE_USPP.UPF: wavefunction(s)  2S renormalized

     Planes per process (thick) : nr3 = 40 npp =  40 ncplane = 1600
     Planes per process (smooth): nr3s= 30 npps=  30 ncplanes=  729

     Proc/  planes cols     G    planes cols    G      columns  G
     Pool       (dense grid)       (smooth grid)      (wavefct grid)
       1     40    889    23595   30    475     9203    169     2057

 k-points : nkstot= 27
 -------------- Crystal Structure ------------ 
 celldm(1:6)
    9.28630319    0.00000000    1.10010000
    0.00000000    0.00000000    0.00000000
 direct lattice vectors
    1.00000000   -0.50000000    0.00000000
    0.00000000    0.86602540    0.00000000
    0.00000000    0.00000000    1.10010000
 reciprocal lattice vectors
    1.00000000    0.00000000    0.00000000
    0.57735027    1.15470054   -0.00000000
   -0.00000000    0.00000000    0.90900827
 nks= 27  nkstot= 27
  ----k-point list [units 2*pi/celldm(1)], weight---------
     1    0.00000000    0.00000000    0.00000000    0.07407407
     2    0.00000000    0.00000000    0.30300276    0.07407407
     3    0.00000000    0.00000000    0.60600551    0.07407407
     4    0.00000000    0.38490018    0.00000000    0.07407407
     5    0.00000000    0.38490018    0.30300276    0.07407407
     6    0.00000000    0.38490018    0.60600551    0.07407407
     7    0.00000000    0.76980036    0.00000000    0.07407407
     8    0.00000000    0.76980036    0.30300276    0.07407407
     9    0.00000000    0.76980036    0.60600551    0.07407407
    10    0.33333333    0.19245009    0.00000000    0.07407407
    11    0.33333333    0.19245009    0.30300276    0.07407407
    12    0.33333333    0.19245009    0.60600551    0.07407407
    13    0.33333333    0.57735027    0.00000000    0.07407407
    14    0.33333333    0.57735027    0.30300276    0.07407407
    15    0.33333333    0.57735027    0.60600551    0.07407407
    16    0.33333333    0.96225045    0.00000000    0.07407407
    17    0.33333333    0.96225045    0.30300276    0.07407407
    18    0.33333333    0.96225045    0.60600551    0.07407407
    19    0.66666667    0.38490018    0.00000000    0.07407407
    20    0.66666667    0.38490018    0.30300276    0.07407407
    21    0.66666667    0.38490018    0.60600551    0.07407407
    22    0.66666667    0.76980036    0.00000000    0.07407407
    23    0.66666667    0.76980036    0.30300276    0.07407407
    24    0.66666667    0.76980036    0.60600551    0.07407407
    25    0.66666667    1.15470054    0.00000000    0.07407407
    26    0.66666667    1.15470054    0.30300276    0.07407407
    27    0.66666667    1.15470054    0.60600551    0.07407407
 -------------------------------------------------
 --- Polarisation and k vector [cartesian coordinates]----
xepsilon(:)= 0.00000000 0.00000000 1.00000000
xkvec(:)= 1.00000000 0.00000000 0.00000000
 xmesh= 1141
 warning, r_paw( 0  ) set to  2.4
 warning, r_paw( 0  ) set to  2.4
 warning, r_paw( 2  ) set to  2.

 ==========================================================

>> Fermi level from input (Ryd)=    0.60294618

     init_gipaw_1: projectors nearly linearly dependent:
     ntyp =  1, l/n1/n2 =  1 2 1  0.99554741

 save file version : 1
 ---------------------------------------------------------
 xkvec read from savefile
 1. 0. 0.
 xepsilon read from file
 0. 0. 1.
 ---------------------------------------------------------
 n_lanczos= 1
 Calculation dipole matrix element
 There are  2  projectors/channel
 for angular moment  1  and atom type  1
 ----------------------------------------------------------------
dipole radial matrix element proj. ( 1)=    0.02669573
dipole radial matrix element proj. ( 2)=    0.02489393
 ----------------------------------------------------------------

 Starting k-point :  4
 total cpu time spent up to now is      3.94 secs
 Hilbert space is saturated
 xniter is set equal to  1150
 Hint: Increase Kinetic Energy cutoff in your SCF simulation
 norm initial vector= 0.014419678450190938
 Starting lanczos
 Estimated error at iter  50  is  1.0028735240110587
 Estimated error at iter  100  is  0.10922342295171325
 Estimated error at iter  150  is  0.021570418995221847
 Estimated error at iter  200  is  0.00863757382820068
 Estimated error at iter  250  is  0.003156196865637812
 Estimated error at iter  300  is  0.001135117806891404
 CONVERGED at iter  350  with error= 0.00043162674945090813

 Starting k-point :  5
 total cpu time spent up to now is      6.22 secs
 norm initial vector= 0.014417435742541396
 Starting lanczos
 Estimated error at iter  50  is  1.002859207769666
 Estimated error at iter  100  is  0.10769298359559247
 Estimated error at iter  150  is  0.027976495166909327
 Estimated error at iter  200  is  0.00755414439866257
 Estimated error at iter  250  is  0.003162386745100987
 Estimated error at iter  300  is  0.0012551033779782058
 CONVERGED at iter  350  with error= 0.0004811267080195059

 Starting k-point :  6
 total cpu time spent up to now is      8.50 secs
 norm initial vector= 0.01441734846987148
 Starting lanczos
 Estimated error at iter  50  is  1.002886891122587
 Estimated error at iter  100  is  0.12310162474784755
 Estimated error at iter  150  is  0.026832416386151397
 Estimated error at iter  200  is  0.01105961288407828
 Estimated error at iter  250  is  0.0037039611862759443
 CONVERGED at iter  300  with error= 0.0008329148063764568

 Starting k-point :  7
 total cpu time spent up to now is     10.45 secs
 Hilbert space is saturated
 xniter is set equal to  1150
 Hint: Increase Kinetic Energy cutoff in your SCF simulation
 norm initial vector= 0.014419678450190935
 Starting lanczos
 Estimated error at iter  50  is  1.0028735240110587
 Estimated error at iter  100  is  0.10922342295166226
 Estimated error at iter  150  is  0.021562034548755694
 Estimated error at iter  200  is  0.008805660094670566
 Estimated error at iter  250  is  0.0033388547083980716
 Estimated error at iter  300  is  0.0011295747122663407
 CONVERGED at iter  350  with error= 0.00045813687408816664

 Starting k-point :  8
 total cpu time spent up to now is     12.73 secs
 norm initial vector= 0.014417348469871472
 Starting lanczos
 Estimated error at iter  50  is  1.0028868911225868
 Estimated error at iter  100  is  0.12310162474785549
 Estimated error at iter  150  is  0.026788174127660217
 Estimated error at iter  200  is  0.0105264897496423
 Estimated error at iter  250  is  0.0033938052574203287
 CONVERGED at iter  300  with error= 0.0008528964032403994

 Starting k-point :  9
 total cpu time spent up to now is     14.68 secs
 norm initial vector= 0.01441743574254139
 Starting lanczos
 Estimated error at iter  50  is  1.0028592077696659
 Estimated error at iter  100  is  0.10769298359558398
 Estimated error at iter  150  is  0.028003821923373994
 Estimated error at iter  200  is  0.007842764533779453
 Estimated error at iter  250  is  0.0029904237735224265
 Estimated error at iter  300  is  0.0013538234481207004
 CONVERGED at iter  350  with error= 0.000602401922476427

 Starting k-point :  10
 total cpu time spent up to now is     16.96 secs
 Hilbert space is saturated
 xniter is set equal to  1150
 Hint: Increase Kinetic Energy cutoff in your SCF simulation
 norm initial vector= 0.01441990746175376
 Starting lanczos
 Estimated error at iter  50  is  1.0028264418223647
 Estimated error at iter  100  is  0.07749755537524868
 Estimated error at iter  150  is  0.025075584698349862
 Estimated error at iter  200  is  0.011882615962025164
 Estimated error at iter  250  is  0.003753501395197804
 Estimated error at iter  300  is  0.0013010218288064558
 CONVERGED at iter  350  with error= 0.0003542535573668363

 Starting k-point :  11
 total cpu time spent up to now is     19.23 secs
 norm initial vector= 0.014417335094935832
 Starting lanczos
 Estimated error at iter  50  is  1.0028318887886865
 Estimated error at iter  100  is  0.10635992951250801
 Estimated error at iter  150  is  0.021148108209218787
 Estimated error at iter  200  is  0.009422247007678828
 Estimated error at iter  250  is  0.0032600871944716164
 Estimated error at iter  300  is  0.0012235638832645641
 CONVERGED at iter  350  with error= 0.0004949569256396951

 Starting k-point :  12
 total cpu time spent up to now is     21.49 secs
 norm initial vector= 0.014417427921336582
 Starting lanczos
 Estimated error at iter  50  is  1.0028541361325465
 Estimated error at iter  100  is  0.10430355199101948
 Estimated error at iter  150  is  0.026869819975488794
 Estimated error at iter  200  is  0.012166646510801142
 Estimated error at iter  250  is  0.0040845854267430965
 CONVERGED at iter  300  with error= 0.0009813012481682851

 Starting k-point :  13
 total cpu time spent up to now is     23.45 secs
 norm initial vector= 0.014423824036772177
 Starting lanczos
 Estimated error at iter  50  is  1.0028703994502013
 Estimated error at iter  100  is  0.09568741885330234
 Estimated error at iter  150  is  0.03602294968094808
 Estimated error at iter  200  is  0.007203411343225795
 Estimated error at iter  250  is  0.0016421179809589343
 CONVERGED at iter  300  with error= 0.000717122774412313

 Starting k-point :  14
 total cpu time spent up to now is     25.42 secs
 Hilbert space is saturated
 xniter is set equal to  1149
 Hint: Increase Kinetic Energy cutoff in your SCF simulation
 norm initial vector= 0.014416648320023652
 Starting lanczos
 Estimated error at iter  50  is  1.0028678172357595
 Estimated error at iter  100  is  0.10247952104800495
 Estimated error at iter  150  is  0.021893633173644542
 Estimated error at iter  200  is  0.010440076468723716
 Estimated error at iter  250  is  0.0030348798557899505
 Estimated error at iter  300  is  0.0011542772042484777
 CONVERGED at iter  350  with error= 0.00048502891077100097

 Starting k-point :  15
 total cpu time spent up to now is     27.68 secs
 Hilbert space is saturated
 xniter is set equal to  1149
 Hint: Increase Kinetic Energy cutoff in your SCF simulation
 norm initial vector= 0.014416648320023656
 Starting lanczos
 Estimated error at iter  50  is  1.0028678172357592
 Estimated error at iter  100  is  0.10247952104802129
 Estimated error at iter  150  is  0.021891014938135826
 Estimated error at iter  200  is  0.0105414384436148
 Estimated error at iter  250  is  0.0031212670958205724
 Estimated error at iter  300  is  0.001120968673885929
 CONVERGED at iter  350  with error= 0.0005121886202505054

 Starting k-point :  16
 total cpu time spent up to now is     29.95 secs
 norm initial vector= 0.01441990746175376
 Starting lanczos
 Estimated error at iter  50  is  1.0028264418223651
 Estimated error at iter  100  is  0.07749755537472192
 Estimated error at iter  150  is  0.025253640387942727
 Estimated error at iter  200  is  0.012196912403750593
 Estimated error at iter  250  is  0.0036216156332805377
 Estimated error at iter  300  is  0.0012809399724846792
 CONVERGED at iter  350  with error= 0.0003844000789551259

 Starting k-point :  17
 total cpu time spent up to now is     32.23 secs
 norm initial vector= 0.014417427921336583
 Starting lanczos
 Estimated error at iter  50  is  1.0028541361325467
 Estimated error at iter  100  is  0.10430355199107685
 Estimated error at iter  150  is  0.026827602336239167
 Estimated error at iter  200  is  0.011947417622564616
 Estimated error at iter  250  is  0.0043111782750591895
 CONVERGED at iter  300  with error= 0.0008801119380670633

 Starting k-point :  18
 total cpu time spent up to now is     34.18 secs
 norm initial vector= 0.014417335094935826
 Starting lanczos
 Estimated error at iter  50  is  1.002831888788687
 Estimated error at iter  100  is  0.10635992951250348
 Estimated error at iter  150  is  0.021146201801584698
 Estimated error at iter  200  is  0.009415967394058975
 Estimated error at iter  250  is  0.0033678705198392006
 Estimated error at iter  300  is  0.001355519884552149
 CONVERGED at iter  350  with error= 0.0004396424473584265

 Starting k-point :  19
 total cpu time spent up to now is     36.46 secs
 norm initial vector= 0.014419907461753758
 Starting lanczos
 Estimated error at iter  50  is  1.0028264418223647
 Estimated error at iter  100  is  0.07749755537474332
 Estimated error at iter  150  is  0.025240839282717375
 Estimated error at iter  200  is  0.01216512788869671
 Estimated error at iter  250  is  0.0036148162639719835
 Estimated error at iter  300  is  0.0012931214846662877
 CONVERGED at iter  350  with error= 0.0005111111165419255

 Starting k-point :  20
 total cpu time spent up to now is     38.74 secs
 norm initial vector= 0.014417427921336585
 Starting lanczos
 Estimated error at iter  50  is  1.0028541361325465
 Estimated error at iter  100  is  0.10430355199101346
 Estimated error at iter  150  is  0.02682743976541384
 Estimated error at iter  200  is  0.012052955714373106
 Estimated error at iter  250  is  0.004083770875218524
 Estimated error at iter  300  is  0.001110397240612228
 CONVERGED at iter  350  with error= 0.0005642751689771849

 Starting k-point :  21
 total cpu time spent up to now is     41.01 secs
 norm initial vector= 0.014417335094935826
 Starting lanczos
 Estimated error at iter  50  is  1.002831888788687
 Estimated error at iter  100  is  0.10635992951248344
 Estimated error at iter  150  is  0.021094329851566195
 Estimated error at iter  200  is  0.009286705931933061
 Estimated error at iter  250  is  0.0030038246821332123
 Estimated error at iter  300  is  0.0013675800691273297
 CONVERGED at iter  350  with error= 0.00043115141468087374

 Starting k-point :  22
 total cpu time spent up to now is     43.28 secs
 norm initial vector= 0.014419907461753758
 Starting lanczos
 Estimated error at iter  50  is  1.0028264418223651
 Estimated error at iter  100  is  0.07749755537475954
 Estimated error at iter  150  is  0.025231479322235278
 Estimated error at iter  200  is  0.012169994547007226
 Estimated error at iter  250  is  0.0037453735453333364
 Estimated error at iter  300  is  0.0012738385921166801
 CONVERGED at iter  350  with error= 0.0003927757470150814

 Starting k-point :  23
 total cpu time spent up to now is     45.62 secs
 norm initial vector= 0.01441733509493583
 Starting lanczos
 Estimated error at iter  50  is  1.002831888788687
 Estimated error at iter  100  is  0.10635992951248871
 Estimated error at iter  150  is  0.02113449479859128
 Estimated error at iter  200  is  0.00938227305147339
 Estimated error at iter  250  is  0.0033275330335703537
 Estimated error at iter  300  is  0.0013339851005392132
 CONVERGED at iter  350  with error= 0.0004359138285543086

 Starting k-point :  24
 total cpu time spent up to now is     47.89 secs
 norm initial vector= 0.014417427921336589
 Starting lanczos
 Estimated error at iter  50  is  1.0028541361325467
 Estimated error at iter  100  is  0.10430355199107721
 Estimated error at iter  150  is  0.026864649257981495
 Estimated error at iter  200  is  0.012143807719621421
 Estimated error at iter  250  is  0.0041352071246420485
 Estimated error at iter  300  is  0.0012819704093854655
 CONVERGED at iter  350  with error= 0.0004796428866666468

 Starting k-point :  25
 total cpu time spent up to now is     50.18 secs
 norm initial vector= 0.014423824036772179
 Starting lanczos
 Estimated error at iter  50  is  1.0028703994502015
 Estimated error at iter  100  is  0.09569137464722327
 Estimated error at iter  150  is  0.03602715760033961
 Estimated error at iter  200  is  0.006858845446625765
 Estimated error at iter  250  is  0.0017300373756088327
 CONVERGED at iter  300  with error= 0.0007078466267316468

 Starting k-point :  26
 total cpu time spent up to now is     52.15 secs
 Hilbert space is saturated
 xniter is set equal to  1149
 Hint: Increase Kinetic Energy cutoff in your SCF simulation
 norm initial vector= 0.014416648320023654
 Starting lanczos
 Estimated error at iter  50  is  1.0028678172357592
 Estimated error at iter  100  is  0.10247952104800326
 Estimated error at iter  150  is  0.021900258848987938
 Estimated error at iter  200  is  0.010356926945835825
 Estimated error at iter  250  is  0.0029289387852472573
 Estimated error at iter  300  is  0.0011864361212174073
 CONVERGED at iter  350  with error= 0.0005564457749444501

 Starting k-point :  27
 total cpu time spent up to now is     54.44 secs
 Hilbert space is saturated
 xniter is set equal to  1149
 Hint: Increase Kinetic Energy cutoff in your SCF simulation
 norm initial vector= 0.01441664832002366
 Starting lanczos
 Estimated error at iter  50  is  1.0028678172357592
 Estimated error at iter  100  is  0.10247952104796826
 Estimated error at iter  150  is  0.021895951166751373
 Estimated error at iter  200  is  0.010444118001537368
 Estimated error at iter  250  is  0.0030987419935865936
 Estimated error at iter  300  is  0.001134971695663638
 CONVERGED at iter  350  with error= 0.0005248281995290283

CALCULATION XANES SPECTRA
---------------------

 Final state angular momentum:   1
 Broadening parameter (in eV):   0.800000000000    
 Nb of energy points:  1000
 Maximum energy (in eV):    100.000000000    
 Minimum energy (in eV):   -10.0000000000    
 Binding energy of the 1s level (in eV):   -1839.00000000    
 xemin(ryd)= -0.13204032614178474
 xemax(ryd)= 7.952811261265893
 gamma in rydberg= 0.058798920635692205
 End program xanes
     xanes        :  2m15.39s CPU time,     2m29.73s wall time

