
     program ld1 starts. version 20-May-04
     today is  6Jul2004 at 19:19:13 

     -------------------- All-electron run ------------------------------

     As                                                                         
     dirac relativistic calculation

     atomic number is 33.00
     dft =LDA   lsd =0 sic =0 latt =0  beta=0.20 tr2=1.0E-14
     mesh =1209 r(mesh) =  99.83237 xmin = -7.00 dx = 0.01250

     n l j   nl                  e(Ryd)         e(Ha)          e(eV)
     Spin orbit splitted results
     1 0 0.5 1S 1( 2.00)      -859.5609      -429.7804    -11695.0134
     2 0 0.5 2S 1( 2.00)      -109.0403       -54.5201     -1483.5802
     2 1 0.5 2P 1( 2.00)       -97.5214       -48.7607     -1326.8570
     2 1 1.5 2P 1( 4.00)       -94.8398       -47.4199     -1290.3710
     3 0 0.5 3S 1( 2.00)       -13.9129        -6.9565      -189.2964
     3 1 0.5 3P 1( 2.00)       -10.0423        -5.0212      -136.6342
     3 1 1.5 3P 1( 4.00)        -9.6722        -4.8361      -131.5986
     3 2 1.5 3D 1( 4.00)        -3.0270        -1.5135       -41.1849
     3 2 2.5 3D 1( 6.00)        -2.9733        -1.4867       -40.4546
     4 0 0.5 4S 1( 2.00)        -1.0743        -0.5372       -14.6173
     4 1 0.5 4P 1( 2.00)        -0.4025        -0.2012        -5.4758
     4 1 1.5 4P 1( 1.00)        -0.3818        -0.1909        -5.1952
     4 2 1.5 4D 1(-1.00)         0.0000         0.0000         0.0000
     4 2 2.5 4D 1(-1.00)         0.0000         0.0000         0.0000
     Averaged results
     1 0     1S 1( 2.00)      -859.5609      -429.7804    -11695.0134
     2 0     2S 1( 2.00)      -109.0403       -54.5201     -1483.5802
     2 1     2P 1( 6.00)       -95.7337       -47.8668     -1302.5330
     3 0     3S 1( 2.00)       -13.9129        -6.9565      -189.2964
     3 1     3P 1( 6.00)        -9.7956        -4.8978      -133.2771
     3 2     3D 1(10.00)        -2.9948        -1.4974       -40.7468
     4 0     4S 1( 2.00)        -1.0743        -0.5372       -14.6173
     4 1     4P 1( 3.00)        -0.3887        -0.1944        -5.2887
     4 2     4D 1(-2.00)         0.0000         0.0000         0.0000

     eps = 8.4E-15  iter = 26
 
     Etot =   -4515.757840 Ry,   -2257.878920 Ha,  -61440.498023 eV

     Ekin =    4615.989019 Ry,    2307.994510 Ha,   62804.223396 eV
     Encl =  -10907.173884 Ry,   -5453.586942 Ha, -148400.826435 eV
     Eh   =    1936.609607 Ry,     968.304803 Ha,   26349.122988 eV
     Exc  =    -161.182582 Ry,     -80.591291 Ha,   -2193.017970 eV
     Evxt =       0.000000 Ry,       0.000000 Ha,       0.000000 eV
     Epseu=       0.000000 Ry,       0.000000 Ha,       0.000000 eV


     normalization and overlap integrals

     s(1S/1S) =  0.985769  <r> =   0.0449  <r2> =    0.0028  r(max) =   0.0299
     s(1S/2S) = -0.005276
     s(1S/3S) = -0.002008
     s(1S/4S) = -0.000611
     s(2S/2S) =  0.997226  <r> =   0.2026  <r2> =    0.0485  r(max) =   0.1701
     s(2S/3S) = -0.001188
     s(2S/4S) = -0.000353
     s(2P/2P) =  0.997229  <r> =   0.1746  <r2> =    0.0375  r(max) =   0.1341
     s(2P/2P) =  0.997034
     s(2P/3P) = -0.000973
     s(2P/3P) =  0.009988
     s(2P/4P) = -0.000223
     s(2P/4P) =  0.002106
     s(2P/2P) =  0.997288  <r> =   0.1780  <r2> =    0.0389  r(max) =   0.1375
     s(2P/3P) = -0.012261
     s(2P/3P) = -0.000951
     s(2P/4P) = -0.002617
     s(2P/4P) = -0.000216
     s(3S/3S) =  0.999352  <r> =   0.5992  <r2> =    0.4143  r(max) =   0.5239
     s(3S/4S) = -0.000211
     s(3P/3P) =  0.999402  <r> =   0.6106  <r2> =    0.4388  r(max) =   0.5174
     s(3P/3P) =  0.999055
     s(3P/4P) = -0.000143
     s(3P/4P) =  0.008848
     s(3P/3P) =  0.999418  <r> =   0.6213  <r2> =    0.4543  r(max) =   0.5239
     s(3P/4P) = -0.009561
     s(3P/4P) = -0.000138
     s(3D/3D) =  0.999544  <r> =   0.6760  <r2> =    0.5789  r(max) =   0.4740
     s(3D/3D) =  0.999524
     s(3D/4D) =  0.000000
     s(3D/4D) =  0.000000
     s(3D/3D) =  0.999549  <r> =   0.6807  <r2> =    0.5872  r(max) =   0.4740
     s(3D/4D) =  0.000000
     s(3D/4D) =  0.000000
     s(4S/4S) =  0.999919  <r> =   1.9337  <r2> =    4.3166  r(max) =   1.6136
     s(4P/4P) =  0.999951  <r> =   2.5144  <r2> =    7.5148  r(max) =   1.9464
     s(4P/4P) =  0.999541
     s(4P/4P) =  0.999953  <r> =   2.5700  <r2> =    7.8540  r(max) =   1.9957
     s(4D/4D) =  0.000000  <r> =   0.0000  <r2> =    0.0000  r(max) =  99.8324
     s(4D/4D) =  0.000000
     s(4D/4D) =  0.000000  <r> =   0.0000  <r2> =    0.0000  r(max) =  99.8324

     -------------------- End of All-electron run ----------------------


     --------------- Generating NC pseudopotential ---------------


      Generating local potential, lloc=    2


      Wfc   4S  rcut= 2.200  Estimated cut-off energy=       26.95 Ry
      This function has    0 nodes for 0 < r <    2.178


      Wfc   4P  rcut= 2.200  Estimated cut-off energy=       36.87 Ry
      This function has    0 nodes for 0 < r <    2.178


      Wfc   4P  rcut= 2.200  Estimated cut-off energy=       36.82 Ry
      This function has    0 nodes for 0 < r <    2.178

     ------------ End of pseudopotential generation --------------------

     -------------------- All-electron run ------------------------------

     As                                                                         
     dirac relativistic calculation

     atomic number is 33.00
     dft =LDA   lsd =0 sic =0 latt =0  beta=0.20 tr2=1.0E-14
     mesh =1209 r(mesh) =  99.83237 xmin = -7.00 dx = 0.01250

     n l j   nl                  e(Ryd)         e(Ha)          e(eV)
     Spin orbit splitted results
     1 0 0.5 1S 1( 2.00)      -859.5609      -429.7804    -11695.0134
     2 0 0.5 2S 1( 2.00)      -109.0403       -54.5201     -1483.5802
     2 1 0.5 2P 1( 2.00)       -97.5214       -48.7607     -1326.8570
     2 1 1.5 2P 1( 4.00)       -94.8398       -47.4199     -1290.3710
     3 0 0.5 3S 1( 2.00)       -13.9129        -6.9565      -189.2964
     3 1 0.5 3P 1( 2.00)       -10.0423        -5.0212      -136.6342
     3 1 1.5 3P 1( 4.00)        -9.6722        -4.8361      -131.5986
     3 2 1.5 3D 1( 4.00)        -3.0270        -1.5135       -41.1849
     3 2 2.5 3D 1( 6.00)        -2.9733        -1.4867       -40.4546
     4 0 0.5 4S 1( 2.00)        -1.0743        -0.5372       -14.6173
     4 1 0.5 4P 1( 2.00)        -0.4025        -0.2012        -5.4758
     4 1 1.5 4P 1( 1.00)        -0.3818        -0.1909        -5.1952
     4 2 1.5 4D 1(-1.00)         0.0000         0.0000         0.0000
     4 2 2.5 4D 1(-1.00)         0.0000         0.0000         0.0000
     Averaged results
     1 0     1S 1( 2.00)      -859.5609      -429.7804    -11695.0134
     2 0     2S 1( 2.00)      -109.0403       -54.5201     -1483.5802
     2 1     2P 1( 6.00)       -95.7337       -47.8668     -1302.5330
     3 0     3S 1( 2.00)       -13.9129        -6.9565      -189.2964
     3 1     3P 1( 6.00)        -9.7956        -4.8978      -133.2771
     3 2     3D 1(10.00)        -2.9948        -1.4974       -40.7468
     4 0     4S 1( 2.00)        -1.0743        -0.5372       -14.6173
     4 1     4P 1( 3.00)        -0.3887        -0.1944        -5.2887
     4 2     4D 1(-2.00)         0.0000         0.0000         0.0000

     eps = 8.4E-15  iter = 26
 
     Etot =   -4515.757840 Ry,   -2257.878920 Ha,  -61440.498023 eV

     Ekin =    4615.989019 Ry,    2307.994510 Ha,   62804.223396 eV
     Encl =  -10907.173884 Ry,   -5453.586942 Ha, -148400.826435 eV
     Eh   =    1936.609607 Ry,     968.304803 Ha,   26349.122988 eV
     Exc  =    -161.182582 Ry,     -80.591291 Ha,   -2193.017970 eV
     Evxt =       0.000000 Ry,       0.000000 Ha,       0.000000 eV
     Epseu=       0.000000 Ry,       0.000000 Ha,       0.000000 eV


     normalization and overlap integrals

     s(1S/1S) =  0.985769  <r> =   0.0449  <r2> =    0.0028  r(max) =   0.0299
     s(1S/2S) = -0.005276
     s(1S/3S) = -0.002008
     s(1S/4S) = -0.000611
     s(2S/2S) =  0.997226  <r> =   0.2026  <r2> =    0.0485  r(max) =   0.1701
     s(2S/3S) = -0.001188
     s(2S/4S) = -0.000353
     s(2P/2P) =  0.997229  <r> =   0.1746  <r2> =    0.0375  r(max) =   0.1341
     s(2P/2P) =  0.997034
     s(2P/3P) = -0.000973
     s(2P/3P) =  0.009988
     s(2P/4P) = -0.000223
     s(2P/4P) =  0.002106
     s(2P/2P) =  0.997288  <r> =   0.1780  <r2> =    0.0389  r(max) =   0.1375
     s(2P/3P) = -0.012261
     s(2P/3P) = -0.000951
     s(2P/4P) = -0.002617
     s(2P/4P) = -0.000216
     s(3S/3S) =  0.999352  <r> =   0.5992  <r2> =    0.4143  r(max) =   0.5239
     s(3S/4S) = -0.000211
     s(3P/3P) =  0.999402  <r> =   0.6106  <r2> =    0.4388  r(max) =   0.5174
     s(3P/3P) =  0.999055
     s(3P/4P) = -0.000143
     s(3P/4P) =  0.008848
     s(3P/3P) =  0.999418  <r> =   0.6213  <r2> =    0.4543  r(max) =   0.5239
     s(3P/4P) = -0.009561
     s(3P/4P) = -0.000138
     s(3D/3D) =  0.999544  <r> =   0.6760  <r2> =    0.5789  r(max) =   0.4740
     s(3D/3D) =  0.999524
     s(3D/4D) =  0.000000
     s(3D/4D) =  0.000000
     s(3D/3D) =  0.999549  <r> =   0.6807  <r2> =    0.5872  r(max) =   0.4740
     s(3D/4D) =  0.000000
     s(3D/4D) =  0.000000
     s(4S/4S) =  0.999919  <r> =   1.9337  <r2> =    4.3166  r(max) =   1.6136
     s(4P/4P) =  0.999951  <r> =   2.5144  <r2> =    7.5148  r(max) =   1.9464
     s(4P/4P) =  0.999541
     s(4P/4P) =  0.999953  <r> =   2.5700  <r2> =    7.8540  r(max) =   1.9957
     s(4D/4D) =  0.000000  <r> =   0.0000  <r2> =    0.0000  r(max) =  99.8324
     s(4D/4D) =  0.000000
     s(4D/4D) =  0.000000  <r> =   0.0000  <r2> =    0.0000  r(max) =  99.8324

     -------------------- End of All-electron run ----------------------

     Computing logarithmic derivative in   2.51497

     -------------- Testing the pseudopotential ------------------------

     As                                                                         
     dirac relativistic calculation

     atomic number is 33.00
     dft =LDA   lsd =0 sic =0 latt =0  beta=0.20 tr2=1.0E-14
     mesh =1209 r(mesh) =  99.83237 xmin = -7.00 dx = 0.01250

     n l  j  nl             e AE (Ryd)       e PS (Ryd)   De AE-PS (Ryd) 
     1 0 0.5 4S   1( 2.00)       -1.07434       -1.07448        0.00014
     2 1 0.5 4P   1( 2.00)       -0.40246       -0.40259        0.00013
     2 1 1.5 4P   1( 1.00)       -0.38184       -0.38196        0.00012

     eps = 6.1E-16  iter =  6
 
     Etot =   -4515.757840 Ry,   -2257.878920 Ha,  -61440.498023 eV
     Etotps =   -12.387023 Ry,      -6.193511 Ha,    -168.535354 eV
     dEtot_ae =       0.000000 Ry
     dEtot_ps =     -12.387023 Ry,   Delta E=      12.387023

     Ekin =       4.238886 Ry,       2.119443 Ha,      57.673435 eV
     Encl =     -24.128568 Ry,     -12.064284 Ha,    -328.288474 eV
     Ehrt =       9.896018 Ry,       4.948009 Ha,     134.643243 eV
     Ecxc =      -2.780937 Ry,      -1.390468 Ha,     -37.836872 eV
     Evxt =       0.000000 Ry,       0.000000 Ha,       0.000000 eV
     Epseu=       0.387578 Ry,       0.193789 Ha,       5.273313 eV

     -------------- End of pseudopotential test ------------------------

     Computing logarithmic derivative in   2.51497
