
     program ld1 starts. version 12-Feb-04
     today is 22Feb2004 at 18:42:24 

     -------------------- All-electron run ------------------------------

     O                                                                          

     atomic number is  8.00
     dft =PBE   lsd =0 sic =0 latt =0  beta=0.50 tr2=1.0E-14
     mesh =1095 r(mesh) =  99.04343 xmin = -7.00 dx = 0.01250

     n l     nl                  e(Ryd)         e(Ha)          e(eV)
     1 0     1S 1( 2.00)       -37.7973       -18.8987      -514.2628
     2 0     2S 1( 2.00)        -1.7577        -0.8788       -23.9149
     2 1     2P 1( 4.00)        -0.6643        -0.3321        -9.0378
     3 2     3D 1(-1.00)         0.0000         0.0000         0.0000

     eps = 3.5E-15  iter = 15
 
     Etot =    -149.890997 Ry,     -74.945498 Ha,   -2039.386925 eV

     Ekin =     149.468653 Ry,      74.734326 Ha,    2033.640595 eV
     Encl =    -355.645039 Ry,    -177.822520 Ha,   -4838.835275 eV
     Eh   =      72.821009 Ry,      36.410504 Ha,     990.788079 eV
     Exc  =     -16.535619 Ry,      -8.267809 Ha,    -224.980324 eV
     Evxt =       0.000000 Ry,       0.000000 Ha,       0.000000 eV
     Epseu=       0.000000 Ry,       0.000000 Ha,       0.000000 eV


     normalization and overlap integrals

     s(1S/1S) =  1.000000  <r> =   0.1997  <r2> =    0.0539  r(max) =   0.1298
     s(1S/2S) =  0.000000
     s(2S/2S) =  1.000000  <r> =   1.1407  <r2> =    1.5839  r(max) =   0.8677
     s(2P/2P) =  1.000000  <r> =   1.2656  <r2> =    2.1371  r(max) =   0.8151
     s(3D/3D) =  0.000000  <r> =   0.0000  <r2> =    0.0000  r(max) =  99.0434

     -------------------- End of All-electron run ----------------------


     --------------- Generating US pseudopotential ---------------------


      Generating local potential, lloc=    2


      Wfc   2S  rcut= 1.400  Estimated cut-off energy=       64.20 Ry
      This function has    0 nodes between 0 and r=   1.413
      Wfc-us  2S rcutus= 1.700  Estimated cut-off energy=    17.92 Ry


      Wfc   2S  rcut= 1.400  Estimated cut-off energy=       79.41 Ry
      This function has    0 nodes between 0 and r=   1.413
      Wfc-us  2S rcutus= 1.700  Estimated cut-off energy=    33.87 Ry


      Wfc   2P  rcut= 1.400  Estimated cut-off energy=       88.65 Ry
      This function has    0 nodes between 0 and r=   1.413
      Wfc-us  2P rcutus= 1.700  Estimated cut-off energy=    28.04 Ry


      Wfc   2P  rcut= 1.400  Estimated cut-off energy=       92.81 Ry
      This function has    0 nodes between 0 and r=   1.413
      Wfc-us  2P rcutus= 1.700  Estimated cut-off energy=    35.27 Ry

      The bmat matrix
     1.70454    -7.81041     0.00000     0.00000
    -7.81154    30.67195     0.00000     0.00000
     0.00000     0.00000    -0.60782    -0.61066
     0.00000     0.00000    -0.61063    -0.59259

      The qq matrix
    -0.06182     0.57930     0.00000     0.00000
     0.57930    -3.38122     0.00000     0.00000
     0.00000     0.00000     0.26804     0.31907
     0.00000     0.00000     0.31907     0.38051

      The ddd matrix
     1.07877    -2.51740     0.00000     0.00000
    -2.51740    -0.40985     0.00000     0.00000
     0.00000     0.00000     1.48278     1.91669
     0.00000     0.00000     1.91669     2.46672

     ------------ End of pseudopotential generation --------------------

     -------------------- All-electron run ------------------------------

     O                                                                          

     atomic number is  8.00
     dft =PBE   lsd =0 sic =0 latt =0  beta=0.50 tr2=1.0E-14
     mesh =1095 r(mesh) =  99.04343 xmin = -7.00 dx = 0.01250

     n l     nl                  e(Ryd)         e(Ha)          e(eV)
     1 0     1S 1( 2.00)       -37.7973       -18.8987      -514.2628
     2 0     2S 1( 2.00)        -1.7577        -0.8788       -23.9149
     2 1     2P 1( 4.00)        -0.6643        -0.3321        -9.0378
     3 2     3D 1(-1.00)         0.0000         0.0000         0.0000

     eps = 3.5E-15  iter = 15
 
     Etot =    -149.890997 Ry,     -74.945498 Ha,   -2039.386925 eV

     Ekin =     149.468653 Ry,      74.734326 Ha,    2033.640595 eV
     Encl =    -355.645039 Ry,    -177.822520 Ha,   -4838.835275 eV
     Eh   =      72.821009 Ry,      36.410504 Ha,     990.788079 eV
     Exc  =     -16.535619 Ry,      -8.267809 Ha,    -224.980324 eV
     Evxt =       0.000000 Ry,       0.000000 Ha,       0.000000 eV
     Epseu=       0.000000 Ry,       0.000000 Ha,       0.000000 eV


     normalization and overlap integrals

     s(1S/1S) =  1.000000  <r> =   0.1997  <r2> =    0.0539  r(max) =   0.1298
     s(1S/2S) =  0.000000
     s(2S/2S) =  1.000000  <r> =   1.1407  <r2> =    1.5839  r(max) =   0.8677
     s(2P/2P) =  1.000000  <r> =   1.2656  <r2> =    2.1371  r(max) =   0.8151
     s(3D/3D) =  0.000000  <r> =   0.0000  <r2> =    0.0000  r(max) =  99.0434

     -------------------- End of All-electron run ----------------------

     Computing logaritmic derivative in   1.49455

     -------------- Testing the pseudopotential ------------------------

     O                                                                          

     atomic number is  8.00
     dft =PBE   lsd =0 sic =0 latt =0  beta=0.50 tr2=1.0E-14
     mesh =1095 r(mesh) =  99.04343 xmin = -7.00 dx = 0.01250

     n l     nl             e AE (Ryd)       e PS (Ryd)   De AE-PS (Ryd) 
     1 0     2S   1( 2.00)       -1.75770       -1.75783        0.00013
     2 1     2P   1( 4.00)       -0.66426       -0.66423       -0.00003

     eps = 2.2E-17  iter =  6
 
     Etot =    -149.890997 Ry,     -74.945498 Ha,   -2039.386925 eV
     Etotps =   -31.376651 Ry,     -15.688326 Ha,    -426.904443 eV
     dEtot_ae =       0.000000 Ry
     dEtot_ps =     -31.376651 Ry,   Delta E=      31.376651

     Ekin =       9.587986 Ry,       4.793993 Ha,     130.452226 eV
     Encl =     -71.744648 Ry,     -35.872324 Ha,    -976.143329 eV
     Ehrt =      27.107741 Ry,      13.553870 Ha,     368.822499 eV
     Ecxc =      -6.463014 Ry,      -3.231507 Ha,     -87.934482 eV
     Evxt =       0.000000 Ry,       0.000000 Ha,       0.000000 eV
     Epseu=      10.135284 Ry,       5.067642 Ha,     137.898643 eV

     -------------- End of pseudopotential test ------------------------

     Computing logaritmic derivative in   1.49455
