
     program ld1 starts. version 08-Feb-05
     today is  8Feb2005 at 14:30: 0 

     -------------------- All-electron run ------------------------------

     Si                                                                         

     atomic number is 14.00
     dft =PBE   lsd =0 sic =0 latt =0  beta=0.50 tr2=1.0E-14
     mesh =1141 r(mesh) = 100.57892 xmin = -7.00 dx = 0.01250

     n l     nl                  e(Ryd)         e(Ha)          e(eV)
     1 0     1S 1( 2.00)      -131.2457       -65.6229     -1785.7032
     2 0     2S 1( 2.00)       -10.5306        -5.2653      -143.2775
     2 1     2P 1( 6.00)        -7.3521        -3.6760      -100.0306
     3 0     3S 1( 2.00)        -1.0791        -0.5395       -14.6814
     3 1     3P 1( 1.50)        -0.5650        -0.2825        -7.6873
     4 0     4S 1( 0.00)        -0.1638        -0.0819        -2.2284
     4 1     4P 1( 0.00)        -0.0829        -0.0415        -1.1286

     eps = 6.6E-15  iter = 14
 
     Etot =    -578.191762 Ry,    -289.095881 Ha,   -7866.761470 eV

     Ekin =     577.344423 Ry,     288.672212 Ha,    7855.232756 eV
     Encl =   -1373.995424 Ry,    -686.997712 Ha,  -18694.306938 eV
     Eh   =     259.432642 Ry,     129.716321 Ha,    3529.788637 eV
     Exc  =     -40.973403 Ry,     -20.486701 Ha,    -557.475926 eV
     Evxt =       0.000000 Ry,       0.000000 Ha,       0.000000 eV
     Epseu=       0.000000 Ry,       0.000000 Ha,       0.000000 eV


     normalization and overlap integrals

     s(1S/1S) =  1.000000  <r> =   0.1116  <r2> =    0.0168  r(max) =   0.0732
     s(1S/2S) =  0.000000
     s(1S/3S) =  0.000000
     s(1S/4S) =  0.000000
     s(2S/2S) =  1.000000  <r> =   0.5698  <r2> =    0.3880  r(max) =   0.4543
     s(2S/3S) =  0.000000
     s(2S/4S) =  0.000000
     s(2P/2P) =  1.000000  <r> =   0.5380  <r2> =    0.3652  r(max) =   0.3861
     s(2P/3P) =  0.000000
     s(2P/4P) =  0.000000
     s(3S/3S) =  1.000000  <r> =   2.1161  <r2> =    5.1891  r(max) =   1.7744
     s(3S/4S) =  0.000000
     s(3P/3P) =  1.000000  <r> =   2.6046  <r2> =    8.0353  r(max) =   2.0874
     s(3P/4P) =  0.000000
     s(4S/4S) =  1.000000  <r> =   6.4461  <r2> =   47.3851  r(max) =   5.6038
     s(4P/4P) =  1.000000  <r> =   8.9341  <r2> =   92.8533  r(max) =   7.3776

     -------------------- End of All-electron run ----------------------


     --------------- Generating NC pseudopotential ---------------


      Generating local potential: lloc=1, matching radius rcloc =   2.4000


      Wfc   3S  rcut= 2.300  Using Troullier-Martins method 
      This function has    0 nodes for 0 < r <    2.307

     ------------ End of pseudopotential generation --------------------

     -------------------- All-electron run ------------------------------

     Si                                                                         

     atomic number is 14.00
     dft =PBE   lsd =0 sic =0 latt =0  beta=0.50 tr2=1.0E-14
     mesh =1141 r(mesh) = 100.57892 xmin = -7.00 dx = 0.01250

     n l     nl                  e(Ryd)         e(Ha)          e(eV)
     1 0     1S 1( 2.00)      -131.2457       -65.6229     -1785.7032
     2 0     2S 1( 2.00)       -10.5306        -5.2653      -143.2775
     2 1     2P 1( 6.00)        -7.3521        -3.6760      -100.0306
     3 0     3S 1( 2.00)        -1.0791        -0.5395       -14.6814
     3 1     3P 1( 1.50)        -0.5650        -0.2825        -7.6873
     4 0     4S 1( 0.00)        -0.1638        -0.0819        -2.2284
     4 1     4P 1( 0.00)        -0.0829        -0.0415        -1.1286

     eps = 2.4E-15  iter = 15
 
     Etot =    -578.191761 Ry,    -289.095881 Ha,   -7866.761468 eV

     Ekin =     577.344424 Ry,     288.672212 Ha,    7855.232759 eV
     Encl =   -1373.995424 Ry,    -686.997712 Ha,  -18694.306939 eV
     Eh   =     259.432642 Ry,     129.716321 Ha,    3529.788637 eV
     Exc  =     -40.973403 Ry,     -20.486701 Ha,    -557.475926 eV
     Evxt =       0.000000 Ry,       0.000000 Ha,       0.000000 eV
     Epseu=       0.000000 Ry,       0.000000 Ha,       0.000000 eV


     normalization and overlap integrals

     s(1S/1S) =  1.000000  <r> =   0.1116  <r2> =    0.0168  r(max) =   0.0732
     s(1S/2S) =  0.000000
     s(1S/3S) =  0.000000
     s(1S/4S) =  0.000000
     s(2S/2S) =  1.000000  <r> =   0.5698  <r2> =    0.3880  r(max) =   0.4543
     s(2S/3S) =  0.000000
     s(2S/4S) =  0.000000
     s(2P/2P) =  1.000000  <r> =   0.5380  <r2> =    0.3652  r(max) =   0.3861
     s(2P/3P) =  0.000000
     s(2P/4P) =  0.000000
     s(3S/3S) =  1.000000  <r> =   2.1161  <r2> =    5.1891  r(max) =   1.7744
     s(3S/4S) =  0.000000
     s(3P/3P) =  1.000000  <r> =   2.6046  <r2> =    8.0353  r(max) =   2.0874
     s(3P/4P) =  0.000000
     s(4S/4S) =  1.000000  <r> =   6.4461  <r2> =   47.3851  r(max) =   5.6038
     s(4P/4P) =  1.000000  <r> =   8.9341  <r2> =   92.8533  r(max) =   7.3776

     -------------------- End of All-electron run ----------------------

     Computing logarithmic derivative in   1.49887
     Computing logarithmic derivative in   1.49887

     -------------- Testing the pseudopotential ------------------------

     Si                                                                         

     atomic number is 14.00   valence charge is  4.00
     dft =PBE   lsd =0 sic =0 latt =0  beta=0.50 tr2=1.0E-14
     mesh =1141 r(mesh) = 100.57892 xmin = -7.00 dx = 0.01250

     n l     nl             e AE (Ryd)       e PS (Ryd)   De AE-PS (Ryd) 
     1 0     3S   1( 2.00)       -1.07906       -1.07908        0.00002
     2 1     3P   1( 1.50)       -0.56500       -0.56500        0.00000
     2 0     4S   1( 0.00)       -0.16378       -0.16527        0.00149
     3 1     4P   1( 0.00)       -0.08295       -0.08303        0.00008

     eps = 4.0E-16  iter =  6
 
     Etot =    -578.191761 Ry,    -289.095881 Ha,   -7866.761468 eV
     Etotps =    -7.266588 Ry,      -3.633294 Ha,     -98.867743 eV
     dEtot_ae =       0.000000 Ry
     dEtot_ps =       0.000000 Ry,   Delta E=       0.000000

     Ekin =       1.076590 Ry,       0.538295 Ha,      14.647874 eV
     Encl =       0.000000 Ry,       0.000000 Ha,       0.000000 eV
     Ehrt =       4.770192 Ry,       2.385096 Ha,      64.902280 eV
     Ecxc =      -1.751201 Ry,      -0.875600 Ha,     -23.826488 eV
     Evxt =       0.000000 Ry,       0.000000 Ha,       0.000000 eV
     Epseu=     -11.362170 Ry,      -5.681085 Ha,    -154.591408 eV

     -------------- End of pseudopotential test ------------------------

