
     program ld1 starts. version 20-May-04
     today is 20Aug2004 at 16:53:50 

     -------------------- All-electron run ------------------------------

     Si                                                                         

     atomic number is 14.00
     dft =PBE   lsd =0 sic =0 latt =0  beta=0.50 tr2=1.0E-14
     mesh =1141 r(mesh) = 100.57892 xmin = -7.00 dx = 0.01250

     n l     nl                  e(Ryd)         e(Ha)          e(eV)
     1 0     1S 1( 2.00)      -131.2457       -65.6229     -1785.7032
     2 0     2S 1( 2.00)       -10.5306        -5.2653      -143.2775
     2 1     2P 1( 6.00)        -7.3521        -3.6760      -100.0306
     3 0     3S 1( 2.00)        -1.0791        -0.5395       -14.6814
     3 1     3P 1( 1.50)        -0.5650        -0.2825        -7.6873

     eps = 5.4E-15  iter = 14
 
     Etot =    -578.191762 Ry,    -289.095881 Ha,   -7866.761474 eV

     Ekin =     577.344423 Ry,     288.672212 Ha,    7855.232752 eV
     Encl =   -1373.995424 Ry,    -686.997712 Ha,  -18694.306938 eV
     Eh   =     259.432642 Ry,     129.716321 Ha,    3529.788638 eV
     Exc  =     -40.973403 Ry,     -20.486701 Ha,    -557.475926 eV
     Evxt =       0.000000 Ry,       0.000000 Ha,       0.000000 eV
     Epseu=       0.000000 Ry,       0.000000 Ha,       0.000000 eV


     normalization and overlap integrals

     s(1S/1S) =  1.000000  <r> =   0.1116  <r2> =    0.0168  r(max) =   0.0732
     s(1S/2S) =  0.000000
     s(1S/3S) =  0.000000
     s(2S/2S) =  1.000000  <r> =   0.5698  <r2> =    0.3880  r(max) =   0.4543
     s(2S/3S) =  0.000000
     s(2P/2P) =  1.000000  <r> =   0.5380  <r2> =    0.3652  r(max) =   0.3861
     s(2P/3P) =  0.000000
     s(3S/3S) =  1.000000  <r> =   2.1161  <r2> =    5.1891  r(max) =   1.7744
     s(3P/3P) =  1.000000  <r> =   2.6046  <r2> =    8.0353  r(max) =   2.0874

     -------------------- End of All-electron run ----------------------


     --------------- Generating NC pseudopotential ---------------


      Generating local potential, lloc=    1


      Wfc   3S  rcut= 2.400  Using Troullier-Martins method 
      This function has    0 nodes for 0 < r <    2.425

     ------------ End of pseudopotential generation --------------------

     -------------------- All-electron run ------------------------------

     Si                                                                         

     atomic number is 14.00
     dft =PBE   lsd =0 sic =0 latt =0  beta=0.50 tr2=1.0E-14
     mesh =1141 r(mesh) = 100.57892 xmin = -7.00 dx = 0.01250

     n l     nl                  e(Ryd)         e(Ha)          e(eV)
     1 0     1S 1( 2.00)      -131.2457       -65.6229     -1785.7032
     2 0     2S 1( 2.00)       -10.5306        -5.2653      -143.2775
     2 1     2P 1( 6.00)        -7.3521        -3.6760      -100.0306
     3 0     3S 1( 2.00)        -1.0791        -0.5395       -14.6814
     3 1     3P 1( 1.50)        -0.5650        -0.2825        -7.6873

     eps = 5.4E-15  iter = 14
 
     Etot =    -578.191762 Ry,    -289.095881 Ha,   -7866.761474 eV

     Ekin =     577.344423 Ry,     288.672212 Ha,    7855.232752 eV
     Encl =   -1373.995424 Ry,    -686.997712 Ha,  -18694.306938 eV
     Eh   =     259.432642 Ry,     129.716321 Ha,    3529.788638 eV
     Exc  =     -40.973403 Ry,     -20.486701 Ha,    -557.475926 eV
     Evxt =       0.000000 Ry,       0.000000 Ha,       0.000000 eV
     Epseu=       0.000000 Ry,       0.000000 Ha,       0.000000 eV


     normalization and overlap integrals

     s(1S/1S) =  1.000000  <r> =   0.1116  <r2> =    0.0168  r(max) =   0.0732
     s(1S/2S) =  0.000000
     s(1S/3S) =  0.000000
     s(2S/2S) =  1.000000  <r> =   0.5698  <r2> =    0.3880  r(max) =   0.4543
     s(2S/3S) =  0.000000
     s(2P/2P) =  1.000000  <r> =   0.5380  <r2> =    0.3652  r(max) =   0.3861
     s(2P/3P) =  0.000000
     s(3S/3S) =  1.000000  <r> =   2.1161  <r2> =    5.1891  r(max) =   1.7744
     s(3P/3P) =  1.000000  <r> =   2.6046  <r2> =    8.0353  r(max) =   2.0874

     -------------------- End of All-electron run ----------------------


     -------------- Testing the pseudopotential ------------------------

     Si                                                                         

     atomic number is 14.00
     dft =PBE   lsd =0 sic =0 latt =0  beta=0.50 tr2=1.0E-14
     mesh =1141 r(mesh) = 100.57892 xmin = -7.00 dx = 0.01250

     n l     nl             e AE (Ryd)       e PS (Ryd)   De AE-PS (Ryd) 
     1 0     3S   1( 2.00)       -1.07906       -1.07906        0.00000
     2 1     3P   1( 1.50)       -0.56500       -0.56500        0.00000

     eps = 2.1E-16  iter =  6
 
     Etot =    -578.191762 Ry,    -289.095881 Ha,   -7866.761474 eV
     Etotps =    -7.270509 Ry,      -3.635254 Ha,     -98.921088 eV
     dEtot_ae =       0.000000 Ry
     dEtot_ps =      -7.270509 Ry,   Delta E=       7.270509

     Ekin =       1.299292 Ry,       0.649646 Ha,      17.677903 eV
     Encl =       0.000000 Ry,       0.000000 Ha,       0.000000 eV
     Ehrt =       4.774163 Ry,       2.387082 Ha,      64.956309 eV
     Ecxc =      -1.750360 Ry,      -0.875180 Ha,     -23.815054 eV
     Evxt =       0.000000 Ry,       0.000000 Ha,       0.000000 eV
     Epseu=     -11.593603 Ry,      -5.796802 Ha,    -157.740247 eV

     -------------- End of pseudopotential test ------------------------

