
     Program PHONON v.5.0.2 starts on 25Jan2013 at 10:47:56 

     This program is part of the open-source Quantum ESPRESSO suite
     for quantum simulation of materials; please cite
         "P. Giannozzi et al., J. Phys.:Condens. Matter 21 395502 (2009);
          URL http://www.quantum-espresso.org", 
     in publications or presentations arising from this work. More details at
     http://www.quantum-espresso.org/quote.php

     Parallel version (MPI), running on     4 processors
     R & G space division:  proc/nbgrp/npool/nimage =       4

   Info: using nr1, nr2, nr3 values from input

   Info: using nr1s, nr2s, nr3s values from input

     IMPORTANT: XC functional enforced from input :
     Exchange-correlation      =  SLA  PZ   NOGX NOGC ( 1 1 0 0 0)
     EXX-fraction              =        0.00
     Any further DFT definition will be discarded
     Please, verify this is what you really want


     Parallelization info
     --------------------
     sticks:   dense  smooth     PW     G-vecs:    dense   smooth      PW
     Min          60      60     20                  610      610     114
     Max          61      61     22                  613      613     115
     Sum         241     241     85                 2445     2445     459

        8 /   8 q-points for this run, from  1 to  8:
       N       xq(1)         xq(2)         xq(3) 
       1   0.000000000   0.000000000   0.000000000
       2  -0.250000000   0.250000000  -0.250000000
       3   0.500000000  -0.500000000   0.500000000
       4   0.000000000   0.500000000   0.000000000
       5   0.750000000  -0.250000000   0.750000000
       6   0.500000000   0.000000000   0.500000000
       7   0.000000000  -1.000000000   0.000000000
       8  -0.500000000  -1.000000000   0.000000000


     Calculation of q =    0.0000000   0.0000000   0.0000000

                                                                                

     bravais-lattice index     =            2
     lattice parameter (alat)  =      10.5000  a.u.
     unit-cell volume          =     289.4063 (a.u.)^3
     number of atoms/cell      =            2
     number of atomic types    =            2
     kinetic-energy cut-off    =      16.0000  Ry
     charge density cut-off    =      64.0000  Ry
     convergence threshold     =      1.0E-12
     beta                      =       0.7000
     number of iterations used =            4
     Exchange-correlation      =  SLA  PZ   NOGX NOGC ( 1 1 0 0 0)
     EXX-fraction              =        0.00


     celldm(1)=   10.50000  celldm(2)=    0.00000  celldm(3)=    0.00000
     celldm(4)=    0.00000  celldm(5)=    0.00000  celldm(6)=    0.00000

     crystal axes: (cart. coord. in units of alat)
               a(1) = ( -0.5000  0.0000  0.5000 )  
               a(2) = (  0.0000  0.5000  0.5000 )  
               a(3) = ( -0.5000  0.5000  0.0000 )  

     reciprocal axes: (cart. coord. in units 2 pi/alat)
               b(1) = ( -1.0000 -1.0000  1.0000 )  
               b(2) = (  1.0000  1.0000  1.0000 )  
               b(3) = ( -1.0000  1.0000 -1.0000 )  


     Atoms inside the unit cell: 

     Cartesian axes

     site n.  atom      mass           positions (alat units)
        1     Al  26.9800   tau(    1) = (    0.00000    0.00000    0.00000  )
        2     As  74.9200   tau(    2) = (    0.25000    0.25000    0.25000  )

     Computing dynamical matrix for 
                    q = (   0.0000000   0.0000000   0.0000000 )

     25 Sym.Ops. (with q -> -q+G )


     G cutoff =  178.7306  (    611 G-vectors)     FFT grid: ( 20, 20, 20)
     number of k points=     2

     PseudoPot. # 1 for Al read from file:
     /scratch/dalcorso_sissa/espresso/pseudo/Al.pz-vbc.UPF
     MD5 check sum: 614279c88ff8d45c90147292d03ed420
     Pseudo is Norm-conserving, Zval =  3.0
     Generated by new atomic code, or converted to UPF format
     Using radial grid of  171 points,  2 beta functions with: 
                l(1) =   0
                l(2) =   1

     PseudoPot. # 2 for As read from file:
     /scratch/dalcorso_sissa/espresso/pseudo/As.pz-bhs.UPF
     MD5 check sum: 451cd3365afcfc94d28b1934951c34a8
     Pseudo is Norm-conserving, Zval =  5.0
     Generated by new atomic code, or converted to UPF format
     Using radial grid of  525 points,  2 beta functions with: 
                l(1) =   0
                l(2) =   1


     Electric field:
     Dielectric constant
     Born effective charges in two ways 


     Atomic displacements:
     There are   2 irreducible representations

     Representation     1      3 modes -T_2  G_15 P_4  Done

     Representation     2      3 modes -T_2  G_15 P_4  Done


     PHONON       :     0.17s CPU         0.19s WALL


          Dielectric constant in cartesian axis 

          (      13.742266399      -0.000000000       0.000000000 )
          (      -0.000000000      13.742266399      -0.000000000 )
          (       0.000000000      -0.000000000      13.742266399 )

          Effective charges (d Force / dE) in cartesian axis

           atom      1   Al 
      Ex  (        1.88294        0.00000        0.00000 )
      Ey  (        0.00000        1.88294       -0.00000 )
      Ez  (        0.00000       -0.00000        1.88294 )
           atom      2   As 
      Ex  (       -3.23358        0.00000        0.00000 )
      Ey  (        0.00000       -3.23358        0.00000 )
      Ez  (       -0.00000       -0.00000       -3.23358 )

     Number of q in the star =    1
     List of q in the star:
          1   0.000000000   0.000000000   0.000000000

          Dielectric constant in cartesian axis 

          (      13.742266399      -0.000000000       0.000000000 )
          (      -0.000000000      13.742266399      -0.000000000 )
          (       0.000000000      -0.000000000      13.742266399 )

          Effective charges (d Force / dE) in cartesian axis

           atom      1   Al 
      Ex  (        1.88294        0.00000        0.00000 )
      Ey  (        0.00000        1.88294       -0.00000 )
      Ez  (        0.00000       -0.00000        1.88294 )
           atom      2   As 
      Ex  (       -3.23358        0.00000        0.00000 )
      Ey  (        0.00000       -3.23358        0.00000 )
      Ez  (       -0.00000       -0.00000       -3.23358 )

     Diagonalizing the dynamical matrix

     q = (    0.000000000   0.000000000   0.000000000 ) 

 **************************************************************************
     omega(    1) =       0.208030 [THz] =       6.939128 [cm-1]
     omega(    2) =       0.208030 [THz] =       6.939128 [cm-1]
     omega(    3) =       0.208030 [THz] =       6.939128 [cm-1]
     omega(    4) =      11.258361 [THz] =     375.538498 [cm-1]
     omega(    5) =      11.258361 [THz] =     375.538498 [cm-1]
     omega(    6) =      11.258361 [THz] =     375.538498 [cm-1]
 **************************************************************************

     Mode symmetry, T_d (-43m)  point group:

     omega(  1 -  3) =          6.9  [cm-1]   --> T_2  G_15 P_4   I+R
     omega(  4 -  6) =        375.5  [cm-1]   --> T_2  G_15 P_4   I+R

     Calculation of q =   -0.2500000   0.2500000  -0.2500000

     Parallelization info
     --------------------
     sticks:   dense  smooth     PW     G-vecs:    dense   smooth      PW
     Min          60      60     21                  610      610     132
     Max          61      61     22                  613      613     135
     Sum         241     241     85                 2445     2445     531



     bravais-lattice index     =            2
     lattice parameter (alat)  =      10.5000  a.u.
     unit-cell volume          =     289.4063 (a.u.)^3
     number of atoms/cell      =            2
     number of atomic types    =            2
     number of electrons       =         8.00
     number of Kohn-Sham states=            4
     kinetic-energy cutoff     =      16.0000  Ry
     charge density cutoff     =      64.0000  Ry
     Exchange-correlation      =  SLA  PZ   NOGX NOGC ( 1 1 0 0 0)
     EXX-fraction              =        0.00

     celldm(1)=  10.500000  celldm(2)=   0.000000  celldm(3)=   0.000000
     celldm(4)=   0.000000  celldm(5)=   0.000000  celldm(6)=   0.000000

     crystal axes: (cart. coord. in units of alat)
               a(1) = (  -0.500000   0.000000   0.500000 )  
               a(2) = (   0.000000   0.500000   0.500000 )  
               a(3) = (  -0.500000   0.500000   0.000000 )  

     reciprocal axes: (cart. coord. in units 2 pi/alat)
               b(1) = ( -1.000000 -1.000000  1.000000 )  
               b(2) = (  1.000000  1.000000  1.000000 )  
               b(3) = ( -1.000000  1.000000 -1.000000 )  


     PseudoPot. # 1 for Al read from file:
     /scratch/dalcorso_sissa/espresso/pseudo/Al.pz-vbc.UPF
     MD5 check sum: 614279c88ff8d45c90147292d03ed420
     Pseudo is Norm-conserving, Zval =  3.0
     Generated by new atomic code, or converted to UPF format
     Using radial grid of  171 points,  2 beta functions with: 
                l(1) =   0
                l(2) =   1

     PseudoPot. # 2 for As read from file:
     /scratch/dalcorso_sissa/espresso/pseudo/As.pz-bhs.UPF
     MD5 check sum: 451cd3365afcfc94d28b1934951c34a8
     Pseudo is Norm-conserving, Zval =  5.0
     Generated by new atomic code, or converted to UPF format
     Using radial grid of  525 points,  2 beta functions with: 
                l(1) =   0
                l(2) =   1

     atomic species   valence    mass     pseudopotential
        Al             3.00    26.98000     Al( 1.00)
        As             5.00    74.92000     As( 1.00)

     24 Sym. Ops. (no inversion) found



   Cartesian axes

     site n.     atom                  positions (alat units)
         1           Al  tau(   1) = (   0.0000000   0.0000000   0.0000000  )
         2           As  tau(   2) = (   0.2500000   0.2500000   0.2500000  )

     number of k points=    20
                       cart. coord. in units 2pi/alat
        k(    1) = (   0.2500000   0.2500000   0.2500000), wk =   0.1875000
        k(    2) = (   0.0000000   0.5000000   0.0000000), wk =   0.0000000
        k(    3) = (   0.2500000   0.2500000   0.7500000), wk =   0.3750000
        k(    4) = (   0.0000000   0.5000000   0.5000000), wk =   0.0000000
        k(    5) = (  -0.2500000   0.2500000  -0.2500000), wk =   0.0625000
        k(    6) = (  -0.5000000   0.5000000  -0.5000000), wk =   0.0000000
        k(    7) = (  -0.2500000  -0.2500000  -0.2500000), wk =   0.1875000
        k(    8) = (  -0.5000000   0.0000000  -0.5000000), wk =   0.0000000
        k(    9) = (   0.2500000  -0.2500000   0.2500000), wk =   0.0625000
        k(   10) = (   0.0000000   0.0000000   0.0000000), wk =   0.0000000
        k(   11) = (  -0.2500000   0.2500000  -0.7500000), wk =   0.1875000
        k(   12) = (  -0.5000000   0.5000000  -1.0000000), wk =   0.0000000
        k(   13) = (  -0.7500000  -0.2500000   0.2500000), wk =   0.1875000
        k(   14) = (  -1.0000000   0.0000000   0.0000000), wk =   0.0000000
        k(   15) = (  -0.2500000  -0.2500000  -0.7500000), wk =   0.3750000
        k(   16) = (  -0.5000000   0.0000000  -1.0000000), wk =   0.0000000
        k(   17) = (   0.2500000  -0.2500000   0.7500000), wk =   0.1875000
        k(   18) = (   0.0000000   0.0000000   0.5000000), wk =   0.0000000
        k(   19) = (  -0.2500000   0.2500000   0.7500000), wk =   0.1875000
        k(   20) = (  -0.5000000   0.5000000   0.5000000), wk =   0.0000000

     Dense  grid:     2445 G-vectors     FFT dimensions: (  20,  20,  20)

     Largest allocated arrays     est. size (Mb)     dimensions
        Kohn-Sham Wavefunctions         0.01 Mb     (     82,    4)
        NL pseudopotentials             0.01 Mb     (     82,    8)
        Each V/rho on FFT grid          0.03 Mb     (   2000)
        Each G-vector array             0.00 Mb     (    611)
        G-vector shells                 0.00 Mb     (     60)
     Largest temporary arrays     est. size (Mb)     dimensions
        Auxiliary wavefunctions         0.02 Mb     (     82,   16)
        Each subspace H/S matrix        0.00 Mb     (  16,  16)
        Each <psi_i|beta_j> matrix      0.00 Mb     (      8,    4)

     The potential is recalculated from file :
     /scratch/tmp/_ph0/alas.save/charge-density.dat

     Starting wfc are    8 atomic wfcs

                                                                                

     bravais-lattice index     =            2
     lattice parameter (alat)  =      10.5000  a.u.
     unit-cell volume          =     289.4063 (a.u.)^3
     number of atoms/cell      =            2
     number of atomic types    =            2
     kinetic-energy cut-off    =      16.0000  Ry
     charge density cut-off    =      64.0000  Ry
     convergence threshold     =      1.0E-12
     beta                      =       0.7000
     number of iterations used =            4
     Exchange-correlation      =  SLA  PZ   NOGX NOGC ( 1 1 0 0 0)
     EXX-fraction              =        0.00


     celldm(1)=   10.50000  celldm(2)=    0.00000  celldm(3)=    0.00000
     celldm(4)=    0.00000  celldm(5)=    0.00000  celldm(6)=    0.00000

     crystal axes: (cart. coord. in units of alat)
               a(1) = ( -0.5000  0.0000  0.5000 )  
               a(2) = (  0.0000  0.5000  0.5000 )  
               a(3) = ( -0.5000  0.5000  0.0000 )  

     reciprocal axes: (cart. coord. in units 2 pi/alat)
               b(1) = ( -1.0000 -1.0000  1.0000 )  
               b(2) = (  1.0000  1.0000  1.0000 )  
               b(3) = ( -1.0000  1.0000 -1.0000 )  


     Atoms inside the unit cell: 

     Cartesian axes

     site n.  atom      mass           positions (alat units)
        1     Al  26.9800   tau(    1) = (    0.00000    0.00000    0.00000  )
        2     As  74.9200   tau(    2) = (    0.25000    0.25000    0.25000  )

     Computing dynamical matrix for 
                    q = (  -0.2500000   0.2500000  -0.2500000 )

      6 Sym.Ops. (no q -> -q+G )


     G cutoff =  178.7306  (    611 G-vectors)     FFT grid: ( 20, 20, 20)
     number of k points=    20

     PseudoPot. # 1 for Al read from file:
     /scratch/dalcorso_sissa/espresso/pseudo/Al.pz-vbc.UPF
     MD5 check sum: 614279c88ff8d45c90147292d03ed420
     Pseudo is Norm-conserving, Zval =  3.0
     Generated by new atomic code, or converted to UPF format
     Using radial grid of  171 points,  2 beta functions with: 
                l(1) =   0
                l(2) =   1

     PseudoPot. # 2 for As read from file:
     /scratch/dalcorso_sissa/espresso/pseudo/As.pz-bhs.UPF
     MD5 check sum: 451cd3365afcfc94d28b1934951c34a8
     Pseudo is Norm-conserving, Zval =  5.0
     Generated by new atomic code, or converted to UPF format
     Using radial grid of  525 points,  2 beta functions with: 
                l(1) =   0
                l(2) =   1


     Atomic displacements:
     There are   4 irreducible representations

     Representation     1      1 modes -A_1  L_1  Done

     Representation     2      1 modes -A_1  L_1  Done

     Representation     3      2 modes -E    L_3  Done

     Representation     4      2 modes -E    L_3  Done


     PHONON       :     0.20s CPU         0.23s WALL


     Number of q in the star =    4
     List of q in the star:
          1  -0.250000000   0.250000000  -0.250000000
          2   0.250000000   0.250000000   0.250000000
          3   0.250000000  -0.250000000  -0.250000000
          4  -0.250000000  -0.250000000   0.250000000
     In addition there is the -q list: 
          1   0.250000000  -0.250000000   0.250000000
          2  -0.250000000  -0.250000000  -0.250000000
          3  -0.250000000   0.250000000   0.250000000
          4   0.250000000   0.250000000  -0.250000000

     Diagonalizing the dynamical matrix

     q = (   -0.250000000   0.250000000  -0.250000000 ) 

 **************************************************************************
     omega(    1) =       1.767020 [THz] =      58.941456 [cm-1]
     omega(    2) =       1.767020 [THz] =      58.941456 [cm-1]
     omega(    3) =       4.537017 [THz] =     151.338608 [cm-1]
     omega(    4) =      11.004504 [THz] =     367.070745 [cm-1]
     omega(    5) =      11.004504 [THz] =     367.070745 [cm-1]
     omega(    6) =      12.135803 [THz] =     404.806812 [cm-1]
 **************************************************************************

     Mode symmetry, C_3v (3m)   point group:

     omega(  1 -  2) =         58.9  [cm-1]   --> E    L_3           
     omega(  3 -  3) =        151.3  [cm-1]   --> A_1  L_1           
     omega(  4 -  5) =        367.1  [cm-1]   --> E    L_3           
     omega(  6 -  6) =        404.8  [cm-1]   --> A_1  L_1           

     Calculation of q =    0.5000000  -0.5000000   0.5000000

     Parallelization info
     --------------------
     sticks:   dense  smooth     PW     G-vecs:    dense   smooth      PW
     Min          60      60     21                  610      610     133
     Max          61      61     22                  613      613     136
     Sum         241     241     85                 2445     2445     537



     bravais-lattice index     =            2
     lattice parameter (alat)  =      10.5000  a.u.
     unit-cell volume          =     289.4063 (a.u.)^3
     number of atoms/cell      =            2
     number of atomic types    =            2
     number of electrons       =         8.00
     number of Kohn-Sham states=            4
     kinetic-energy cutoff     =      16.0000  Ry
     charge density cutoff     =      64.0000  Ry
     Exchange-correlation      =  SLA  PZ   NOGX NOGC ( 1 1 0 0 0)
     EXX-fraction              =        0.00

     celldm(1)=  10.500000  celldm(2)=   0.000000  celldm(3)=   0.000000
     celldm(4)=   0.000000  celldm(5)=   0.000000  celldm(6)=   0.000000

     crystal axes: (cart. coord. in units of alat)
               a(1) = (  -0.500000   0.000000   0.500000 )  
               a(2) = (   0.000000   0.500000   0.500000 )  
               a(3) = (  -0.500000   0.500000   0.000000 )  

     reciprocal axes: (cart. coord. in units 2 pi/alat)
               b(1) = ( -1.000000 -1.000000  1.000000 )  
               b(2) = (  1.000000  1.000000  1.000000 )  
               b(3) = ( -1.000000  1.000000 -1.000000 )  


     PseudoPot. # 1 for Al read from file:
     /scratch/dalcorso_sissa/espresso/pseudo/Al.pz-vbc.UPF
     MD5 check sum: 614279c88ff8d45c90147292d03ed420
     Pseudo is Norm-conserving, Zval =  3.0
     Generated by new atomic code, or converted to UPF format
     Using radial grid of  171 points,  2 beta functions with: 
                l(1) =   0
                l(2) =   1

     PseudoPot. # 2 for As read from file:
     /scratch/dalcorso_sissa/espresso/pseudo/As.pz-bhs.UPF
     MD5 check sum: 451cd3365afcfc94d28b1934951c34a8
     Pseudo is Norm-conserving, Zval =  5.0
     Generated by new atomic code, or converted to UPF format
     Using radial grid of  525 points,  2 beta functions with: 
                l(1) =   0
                l(2) =   1

     atomic species   valence    mass     pseudopotential
        Al             3.00    26.98000     Al( 1.00)
        As             5.00    74.92000     As( 1.00)

     24 Sym. Ops. (no inversion) found



   Cartesian axes

     site n.     atom                  positions (alat units)
         1           Al  tau(   1) = (   0.0000000   0.0000000   0.0000000  )
         2           As  tau(   2) = (   0.2500000   0.2500000   0.2500000  )

     number of k points=    10
                       cart. coord. in units 2pi/alat
        k(    1) = (   0.2500000   0.2500000   0.2500000), wk =   0.3750000
        k(    2) = (   0.7500000  -0.2500000   0.7500000), wk =   0.0000000
        k(    3) = (   0.2500000   0.2500000   0.7500000), wk =   0.7500000
        k(    4) = (   0.7500000  -0.2500000   1.2500000), wk =   0.0000000
        k(    5) = (  -0.2500000   0.2500000  -0.2500000), wk =   0.1250000
        k(    6) = (   0.2500000  -0.2500000   0.2500000), wk =   0.0000000
        k(    7) = (  -0.2500000   0.2500000  -0.7500000), wk =   0.3750000
        k(    8) = (   0.2500000  -0.2500000  -0.2500000), wk =   0.0000000
        k(    9) = (  -0.7500000  -0.2500000   0.2500000), wk =   0.3750000
        k(   10) = (  -0.2500000  -0.7500000   0.7500000), wk =   0.0000000

     Dense  grid:     2445 G-vectors     FFT dimensions: (  20,  20,  20)

     Largest allocated arrays     est. size (Mb)     dimensions
        Kohn-Sham Wavefunctions         0.00 Mb     (     81,    4)
        NL pseudopotentials             0.01 Mb     (     81,    8)
        Each V/rho on FFT grid          0.03 Mb     (   2000)
        Each G-vector array             0.00 Mb     (    611)
        G-vector shells                 0.00 Mb     (     60)
     Largest temporary arrays     est. size (Mb)     dimensions
        Auxiliary wavefunctions         0.02 Mb     (     81,   16)
        Each subspace H/S matrix        0.00 Mb     (  16,  16)
        Each <psi_i|beta_j> matrix      0.00 Mb     (      8,    4)

     The potential is recalculated from file :
     /scratch/tmp/_ph0/alas.save/charge-density.dat

     Starting wfc are    8 atomic wfcs

                                                                                

     bravais-lattice index     =            2
     lattice parameter (alat)  =      10.5000  a.u.
     unit-cell volume          =     289.4063 (a.u.)^3
     number of atoms/cell      =            2
     number of atomic types    =            2
     kinetic-energy cut-off    =      16.0000  Ry
     charge density cut-off    =      64.0000  Ry
     convergence threshold     =      1.0E-12
     beta                      =       0.7000
     number of iterations used =            4
     Exchange-correlation      =  SLA  PZ   NOGX NOGC ( 1 1 0 0 0)
     EXX-fraction              =        0.00


     celldm(1)=   10.50000  celldm(2)=    0.00000  celldm(3)=    0.00000
     celldm(4)=    0.00000  celldm(5)=    0.00000  celldm(6)=    0.00000

     crystal axes: (cart. coord. in units of alat)
               a(1) = ( -0.5000  0.0000  0.5000 )  
               a(2) = (  0.0000  0.5000  0.5000 )  
               a(3) = ( -0.5000  0.5000  0.0000 )  

     reciprocal axes: (cart. coord. in units 2 pi/alat)
               b(1) = ( -1.0000 -1.0000  1.0000 )  
               b(2) = (  1.0000  1.0000  1.0000 )  
               b(3) = ( -1.0000  1.0000 -1.0000 )  


     Atoms inside the unit cell: 

     Cartesian axes

     site n.  atom      mass           positions (alat units)
        1     Al  26.9800   tau(    1) = (    0.00000    0.00000    0.00000  )
        2     As  74.9200   tau(    2) = (    0.25000    0.25000    0.25000  )

     Computing dynamical matrix for 
                    q = (   0.5000000  -0.5000000   0.5000000 )

      7 Sym.Ops. (with q -> -q+G )


     G cutoff =  178.7306  (    611 G-vectors)     FFT grid: ( 20, 20, 20)
     number of k points=    10

     PseudoPot. # 1 for Al read from file:
     /scratch/dalcorso_sissa/espresso/pseudo/Al.pz-vbc.UPF
     MD5 check sum: 614279c88ff8d45c90147292d03ed420
     Pseudo is Norm-conserving, Zval =  3.0
     Generated by new atomic code, or converted to UPF format
     Using radial grid of  171 points,  2 beta functions with: 
                l(1) =   0
                l(2) =   1

     PseudoPot. # 2 for As read from file:
     /scratch/dalcorso_sissa/espresso/pseudo/As.pz-bhs.UPF
     MD5 check sum: 451cd3365afcfc94d28b1934951c34a8
     Pseudo is Norm-conserving, Zval =  5.0
     Generated by new atomic code, or converted to UPF format
     Using radial grid of  525 points,  2 beta functions with: 
                l(1) =   0
                l(2) =   1


     Atomic displacements:
     There are   4 irreducible representations

     Representation     1      1 modes -A_1  L_1  Done

     Representation     2      1 modes -A_1  L_1  Done

     Representation     3      2 modes -E    L_3  Done

     Representation     4      2 modes -E    L_3  Done


     PHONON       :     0.23s CPU         0.27s WALL


     Number of q in the star =    4
     List of q in the star:
          1   0.500000000  -0.500000000   0.500000000
          2  -0.500000000  -0.500000000  -0.500000000
          3  -0.500000000   0.500000000   0.500000000
          4   0.500000000   0.500000000  -0.500000000

     Diagonalizing the dynamical matrix

     q = (    0.500000000  -0.500000000   0.500000000 ) 

 **************************************************************************
     omega(    1) =       2.021653 [THz] =      67.435083 [cm-1]
     omega(    2) =       2.021653 [THz] =      67.435083 [cm-1]
     omega(    3) =       6.497150 [THz] =     216.721581 [cm-1]
     omega(    4) =      10.940484 [THz] =     364.935271 [cm-1]
     omega(    5) =      10.940484 [THz] =     364.935271 [cm-1]
     omega(    6) =      11.550408 [THz] =     385.280129 [cm-1]
 **************************************************************************

     Mode symmetry, C_3v (3m)   point group:

     omega(  1 -  2) =         67.4  [cm-1]   --> E    L_3           
     omega(  3 -  3) =        216.7  [cm-1]   --> A_1  L_1           
     omega(  4 -  5) =        364.9  [cm-1]   --> E    L_3           
     omega(  6 -  6) =        385.3  [cm-1]   --> A_1  L_1           

     Calculation of q =    0.0000000   0.5000000   0.0000000

     Parallelization info
     --------------------
     sticks:   dense  smooth     PW     G-vecs:    dense   smooth      PW
     Min          60      60     21                  610      610     132
     Max          61      61     22                  613      613     135
     Sum         241     241     85                 2445     2445     531



     bravais-lattice index     =            2
     lattice parameter (alat)  =      10.5000  a.u.
     unit-cell volume          =     289.4063 (a.u.)^3
     number of atoms/cell      =            2
     number of atomic types    =            2
     number of electrons       =         8.00
     number of Kohn-Sham states=            4
     kinetic-energy cutoff     =      16.0000  Ry
     charge density cutoff     =      64.0000  Ry
     Exchange-correlation      =  SLA  PZ   NOGX NOGC ( 1 1 0 0 0)
     EXX-fraction              =        0.00

     celldm(1)=  10.500000  celldm(2)=   0.000000  celldm(3)=   0.000000
     celldm(4)=   0.000000  celldm(5)=   0.000000  celldm(6)=   0.000000

     crystal axes: (cart. coord. in units of alat)
               a(1) = (  -0.500000   0.000000   0.500000 )  
               a(2) = (   0.000000   0.500000   0.500000 )  
               a(3) = (  -0.500000   0.500000   0.000000 )  

     reciprocal axes: (cart. coord. in units 2 pi/alat)
               b(1) = ( -1.000000 -1.000000  1.000000 )  
               b(2) = (  1.000000  1.000000  1.000000 )  
               b(3) = ( -1.000000  1.000000 -1.000000 )  


     PseudoPot. # 1 for Al read from file:
     /scratch/dalcorso_sissa/espresso/pseudo/Al.pz-vbc.UPF
     MD5 check sum: 614279c88ff8d45c90147292d03ed420
     Pseudo is Norm-conserving, Zval =  3.0
     Generated by new atomic code, or converted to UPF format
     Using radial grid of  171 points,  2 beta functions with: 
                l(1) =   0
                l(2) =   1

     PseudoPot. # 2 for As read from file:
     /scratch/dalcorso_sissa/espresso/pseudo/As.pz-bhs.UPF
     MD5 check sum: 451cd3365afcfc94d28b1934951c34a8
     Pseudo is Norm-conserving, Zval =  5.0
     Generated by new atomic code, or converted to UPF format
     Using radial grid of  525 points,  2 beta functions with: 
                l(1) =   0
                l(2) =   1

     atomic species   valence    mass     pseudopotential
        Al             3.00    26.98000     Al( 1.00)
        As             5.00    74.92000     As( 1.00)

     24 Sym. Ops. (no inversion) found



   Cartesian axes

     site n.     atom                  positions (alat units)
         1           Al  tau(   1) = (   0.0000000   0.0000000   0.0000000  )
         2           As  tau(   2) = (   0.2500000   0.2500000   0.2500000  )

     number of k points=    24
                       cart. coord. in units 2pi/alat
        k(    1) = (   0.2500000   0.2500000   0.2500000), wk =   0.1250000
        k(    2) = (   0.2500000   0.7500000   0.2500000), wk =   0.0000000
        k(    3) = (   0.2500000   0.2500000   0.7500000), wk =   0.2500000
        k(    4) = (   0.2500000   0.7500000   0.7500000), wk =   0.0000000
        k(    5) = (  -0.2500000  -0.2500000   0.2500000), wk =   0.1250000
        k(    6) = (  -0.2500000   0.2500000   0.2500000), wk =   0.0000000
        k(    7) = (  -0.2500000  -0.2500000  -0.2500000), wk =   0.1250000
        k(    8) = (  -0.2500000   0.2500000  -0.2500000), wk =   0.0000000
        k(    9) = (   0.2500000   0.2500000  -0.2500000), wk =   0.1250000
        k(   10) = (   0.2500000   0.7500000  -0.2500000), wk =   0.0000000
        k(   11) = (  -0.2500000  -0.7500000   0.2500000), wk =   0.1250000
        k(   12) = (  -0.2500000  -0.2500000   0.2500000), wk =   0.0000000
        k(   13) = (  -0.2500000  -0.2500000   0.7500000), wk =   0.2500000
        k(   14) = (  -0.2500000   0.2500000   0.7500000), wk =   0.0000000
        k(   15) = (   0.2500000   0.7500000   0.2500000), wk =   0.1250000
        k(   16) = (   0.2500000   1.2500000   0.2500000), wk =   0.0000000
        k(   17) = (  -0.2500000  -0.2500000  -0.7500000), wk =   0.2500000
        k(   18) = (  -0.2500000   0.2500000  -0.7500000), wk =   0.0000000
        k(   19) = (   0.2500000   0.2500000  -0.7500000), wk =   0.2500000
        k(   20) = (   0.2500000   0.7500000  -0.7500000), wk =   0.0000000
        k(   21) = (  -0.2500000   0.7500000   0.2500000), wk =   0.1250000
        k(   22) = (  -0.2500000   1.2500000   0.2500000), wk =   0.0000000
        k(   23) = (  -0.2500000  -0.7500000  -0.2500000), wk =   0.1250000
        k(   24) = (  -0.2500000  -0.2500000  -0.2500000), wk =   0.0000000

     Dense  grid:     2445 G-vectors     FFT dimensions: (  20,  20,  20)

     Largest allocated arrays     est. size (Mb)     dimensions
        Kohn-Sham Wavefunctions         0.01 Mb     (     88,    4)
        NL pseudopotentials             0.01 Mb     (     88,    8)
        Each V/rho on FFT grid          0.03 Mb     (   2000)
        Each G-vector array             0.00 Mb     (    611)
        G-vector shells                 0.00 Mb     (     60)
     Largest temporary arrays     est. size (Mb)     dimensions
        Auxiliary wavefunctions         0.02 Mb     (     88,   16)
        Each subspace H/S matrix        0.00 Mb     (  16,  16)
        Each <psi_i|beta_j> matrix      0.00 Mb     (      8,    4)

     The potential is recalculated from file :
     /scratch/tmp/_ph0/alas.save/charge-density.dat

     Starting wfc are    8 atomic wfcs

                                                                                

     bravais-lattice index     =            2
     lattice parameter (alat)  =      10.5000  a.u.
     unit-cell volume          =     289.4063 (a.u.)^3
     number of atoms/cell      =            2
     number of atomic types    =            2
     kinetic-energy cut-off    =      16.0000  Ry
     charge density cut-off    =      64.0000  Ry
     convergence threshold     =      1.0E-12
     beta                      =       0.7000
     number of iterations used =            4
     Exchange-correlation      =  SLA  PZ   NOGX NOGC ( 1 1 0 0 0)
     EXX-fraction              =        0.00


     celldm(1)=   10.50000  celldm(2)=    0.00000  celldm(3)=    0.00000
     celldm(4)=    0.00000  celldm(5)=    0.00000  celldm(6)=    0.00000

     crystal axes: (cart. coord. in units of alat)
               a(1) = ( -0.5000  0.0000  0.5000 )  
               a(2) = (  0.0000  0.5000  0.5000 )  
               a(3) = ( -0.5000  0.5000  0.0000 )  

     reciprocal axes: (cart. coord. in units 2 pi/alat)
               b(1) = ( -1.0000 -1.0000  1.0000 )  
               b(2) = (  1.0000  1.0000  1.0000 )  
               b(3) = ( -1.0000  1.0000 -1.0000 )  


     Atoms inside the unit cell: 

     Cartesian axes

     site n.  atom      mass           positions (alat units)
        1     Al  26.9800   tau(    1) = (    0.00000    0.00000    0.00000  )
        2     As  74.9200   tau(    2) = (    0.25000    0.25000    0.25000  )

     Computing dynamical matrix for 
                    q = (   0.0000000   0.5000000   0.0000000 )

      4 Sym.Ops. (no q -> -q+G )


     G cutoff =  178.7306  (    611 G-vectors)     FFT grid: ( 20, 20, 20)
     number of k points=    24

     PseudoPot. # 1 for Al read from file:
     /scratch/dalcorso_sissa/espresso/pseudo/Al.pz-vbc.UPF
     MD5 check sum: 614279c88ff8d45c90147292d03ed420
     Pseudo is Norm-conserving, Zval =  3.0
     Generated by new atomic code, or converted to UPF format
     Using radial grid of  171 points,  2 beta functions with: 
                l(1) =   0
                l(2) =   1

     PseudoPot. # 2 for As read from file:
     /scratch/dalcorso_sissa/espresso/pseudo/As.pz-bhs.UPF
     MD5 check sum: 451cd3365afcfc94d28b1934951c34a8
     Pseudo is Norm-conserving, Zval =  5.0
     Generated by new atomic code, or converted to UPF format
     Using radial grid of  525 points,  2 beta functions with: 
                l(1) =   0
                l(2) =   1


     Atomic displacements:
     There are   6 irreducible representations

     Representation     1      1 modes -A_1  D_1  S_1  Done

     Representation     2      1 modes -A_1  D_1  S_1  Done

     Representation     3      1 modes -B_1  D_3  S_3  Done

     Representation     4      1 modes -B_1  D_3  S_3  Done

     Representation     5      1 modes -B_2  D_4  S_4  Done

     Representation     6      1 modes -B_2  D_4  S_4  Done


     PHONON       :     0.27s CPU         0.31s WALL


     Number of q in the star =    6
     List of q in the star:
          1   0.000000000   0.500000000   0.000000000
          2  -0.500000000   0.000000000   0.000000000
          3   0.000000000   0.000000000  -0.500000000
          4   0.500000000   0.000000000   0.000000000
          5   0.000000000  -0.500000000   0.000000000
          6   0.000000000   0.000000000   0.500000000

     Diagonalizing the dynamical matrix

     q = (    0.000000000   0.500000000   0.000000000 ) 

 **************************************************************************
     omega(    1) =       2.425245 [THz] =      80.897459 [cm-1]
     omega(    2) =       2.425245 [THz] =      80.897459 [cm-1]
     omega(    3) =       4.608999 [THz] =     153.739673 [cm-1]
     omega(    4) =      10.666369 [THz] =     355.791757 [cm-1]
     omega(    5) =      10.666369 [THz] =     355.791757 [cm-1]
     omega(    6) =      12.370548 [THz] =     412.637058 [cm-1]
 **************************************************************************

     Mode symmetry, C_2v (mm2)  point group:

     omega(  1 -  1) =         80.9  [cm-1]   --> B_1  D_3  S_3      
     omega(  2 -  2) =         80.9  [cm-1]   --> B_2  D_4  S_4      
     omega(  3 -  3) =        153.7  [cm-1]   --> A_1  D_1  S_1      
     omega(  4 -  4) =        355.8  [cm-1]   --> B_1  D_3  S_3      
     omega(  5 -  5) =        355.8  [cm-1]   --> B_2  D_4  S_4      
     omega(  6 -  6) =        412.6  [cm-1]   --> A_1  D_1  S_1      

     Calculation of q =    0.7500000  -0.2500000   0.7500000

     Parallelization info
     --------------------
     sticks:   dense  smooth     PW     G-vecs:    dense   smooth      PW
     Min          60      60     24                  610      610     161
     Max          61      61     25                  613      613     162
     Sum         241     241     97                 2445     2445     645



     bravais-lattice index     =            2
     lattice parameter (alat)  =      10.5000  a.u.
     unit-cell volume          =     289.4063 (a.u.)^3
     number of atoms/cell      =            2
     number of atomic types    =            2
     number of electrons       =         8.00
     number of Kohn-Sham states=            4
     kinetic-energy cutoff     =      16.0000  Ry
     charge density cutoff     =      64.0000  Ry
     Exchange-correlation      =  SLA  PZ   NOGX NOGC ( 1 1 0 0 0)
     EXX-fraction              =        0.00

     celldm(1)=  10.500000  celldm(2)=   0.000000  celldm(3)=   0.000000
     celldm(4)=   0.000000  celldm(5)=   0.000000  celldm(6)=   0.000000

     crystal axes: (cart. coord. in units of alat)
               a(1) = (  -0.500000   0.000000   0.500000 )  
               a(2) = (   0.000000   0.500000   0.500000 )  
               a(3) = (  -0.500000   0.500000   0.000000 )  

     reciprocal axes: (cart. coord. in units 2 pi/alat)
               b(1) = ( -1.000000 -1.000000  1.000000 )  
               b(2) = (  1.000000  1.000000  1.000000 )  
               b(3) = ( -1.000000  1.000000 -1.000000 )  


     PseudoPot. # 1 for Al read from file:
     /scratch/dalcorso_sissa/espresso/pseudo/Al.pz-vbc.UPF
     MD5 check sum: 614279c88ff8d45c90147292d03ed420
     Pseudo is Norm-conserving, Zval =  3.0
     Generated by new atomic code, or converted to UPF format
     Using radial grid of  171 points,  2 beta functions with: 
                l(1) =   0
                l(2) =   1

     PseudoPot. # 2 for As read from file:
     /scratch/dalcorso_sissa/espresso/pseudo/As.pz-bhs.UPF
     MD5 check sum: 451cd3365afcfc94d28b1934951c34a8
     Pseudo is Norm-conserving, Zval =  5.0
     Generated by new atomic code, or converted to UPF format
     Using radial grid of  525 points,  2 beta functions with: 
                l(1) =   0
                l(2) =   1

     atomic species   valence    mass     pseudopotential
        Al             3.00    26.98000     Al( 1.00)
        As             5.00    74.92000     As( 1.00)

     24 Sym. Ops. (no inversion) found



   Cartesian axes

     site n.     atom                  positions (alat units)
         1           Al  tau(   1) = (   0.0000000   0.0000000   0.0000000  )
         2           As  tau(   2) = (   0.2500000   0.2500000   0.2500000  )

     number of k points=    40
                       cart. coord. in units 2pi/alat
        k(    1) = (   0.2500000   0.2500000   0.2500000), wk =   0.0625000
        k(    2) = (   1.0000000   0.0000000   1.0000000), wk =   0.0000000
        k(    3) = (   0.2500000   0.2500000   0.7500000), wk =   0.1250000
        k(    4) = (   1.0000000   0.0000000   1.5000000), wk =   0.0000000
        k(    5) = (  -0.2500000   0.2500000  -0.2500000), wk =   0.0625000
        k(    6) = (   0.5000000   0.0000000   0.5000000), wk =   0.0000000
        k(    7) = (  -0.2500000  -0.2500000   0.2500000), wk =   0.1250000
        k(    8) = (   0.5000000  -0.5000000   1.0000000), wk =   0.0000000
        k(    9) = (  -0.2500000  -0.2500000  -0.2500000), wk =   0.0625000
        k(   10) = (   0.5000000  -0.5000000   0.5000000), wk =   0.0000000
        k(   11) = (   0.2500000   0.2500000  -0.2500000), wk =   0.1250000
        k(   12) = (   1.0000000   0.0000000   0.5000000), wk =   0.0000000
        k(   13) = (   0.2500000  -0.2500000   0.2500000), wk =   0.0625000
        k(   14) = (   1.0000000  -0.5000000   1.0000000), wk =   0.0000000
        k(   15) = (  -0.2500000   0.2500000  -0.7500000), wk =   0.1250000
        k(   16) = (   0.5000000   0.0000000   0.0000000), wk =   0.0000000
        k(   17) = (  -0.2500000  -0.7500000   0.2500000), wk =   0.1250000
        k(   18) = (   0.5000000  -1.0000000   1.0000000), wk =   0.0000000
        k(   19) = (  -0.2500000  -0.2500000   0.7500000), wk =   0.1250000
        k(   20) = (   0.5000000  -0.5000000   1.5000000), wk =   0.0000000
        k(   21) = (  -0.7500000  -0.2500000   0.2500000), wk =   0.1250000
        k(   22) = (   0.0000000  -0.5000000   1.0000000), wk =   0.0000000
        k(   23) = (   0.2500000   0.7500000   0.2500000), wk =   0.0625000
        k(   24) = (   1.0000000   0.5000000   1.0000000), wk =   0.0000000
        k(   25) = (  -0.2500000   0.7500000  -0.2500000), wk =   0.0625000
        k(   26) = (   0.5000000   0.5000000   0.5000000), wk =   0.0000000
        k(   27) = (  -0.2500000  -0.2500000  -0.7500000), wk =   0.1250000
        k(   28) = (   0.5000000  -0.5000000   0.0000000), wk =   0.0000000
        k(   29) = (   0.2500000   0.2500000  -0.7500000), wk =   0.1250000
        k(   30) = (   1.0000000   0.0000000   0.0000000), wk =   0.0000000
        k(   31) = (   0.2500000  -0.2500000   0.7500000), wk =   0.1250000
        k(   32) = (   1.0000000  -0.5000000   1.5000000), wk =   0.0000000
        k(   33) = (  -0.2500000   0.2500000   0.7500000), wk =   0.1250000
        k(   34) = (   0.5000000   0.0000000   1.5000000), wk =   0.0000000
        k(   35) = (  -0.2500000   0.7500000   0.2500000), wk =   0.1250000
        k(   36) = (   0.5000000   0.5000000   1.0000000), wk =   0.0000000
        k(   37) = (  -0.2500000  -0.7500000  -0.2500000), wk =   0.0625000
        k(   38) = (   0.5000000  -1.0000000   0.5000000), wk =   0.0000000
        k(   39) = (   0.2500000  -0.7500000   0.2500000), wk =   0.0625000
        k(   40) = (   1.0000000  -1.0000000   1.0000000), wk =   0.0000000

     Dense  grid:     2445 G-vectors     FFT dimensions: (  20,  20,  20)

     Largest allocated arrays     est. size (Mb)     dimensions
        Kohn-Sham Wavefunctions         0.01 Mb     (     83,    4)
        NL pseudopotentials             0.01 Mb     (     83,    8)
        Each V/rho on FFT grid          0.03 Mb     (   2000)
        Each G-vector array             0.00 Mb     (    611)
        G-vector shells                 0.00 Mb     (     60)
     Largest temporary arrays     est. size (Mb)     dimensions
        Auxiliary wavefunctions         0.02 Mb     (     83,   16)
        Each subspace H/S matrix        0.00 Mb     (  16,  16)
        Each <psi_i|beta_j> matrix      0.00 Mb     (      8,    4)

     The potential is recalculated from file :
     /scratch/tmp/_ph0/alas.save/charge-density.dat

     Starting wfc are    8 atomic wfcs

                                                                                

     bravais-lattice index     =            2
     lattice parameter (alat)  =      10.5000  a.u.
     unit-cell volume          =     289.4063 (a.u.)^3
     number of atoms/cell      =            2
     number of atomic types    =            2
     kinetic-energy cut-off    =      16.0000  Ry
     charge density cut-off    =      64.0000  Ry
     convergence threshold     =      1.0E-12
     beta                      =       0.7000
     number of iterations used =            4
     Exchange-correlation      =  SLA  PZ   NOGX NOGC ( 1 1 0 0 0)
     EXX-fraction              =        0.00


     celldm(1)=   10.50000  celldm(2)=    0.00000  celldm(3)=    0.00000
     celldm(4)=    0.00000  celldm(5)=    0.00000  celldm(6)=    0.00000

     crystal axes: (cart. coord. in units of alat)
               a(1) = ( -0.5000  0.0000  0.5000 )  
               a(2) = (  0.0000  0.5000  0.5000 )  
               a(3) = ( -0.5000  0.5000  0.0000 )  

     reciprocal axes: (cart. coord. in units 2 pi/alat)
               b(1) = ( -1.0000 -1.0000  1.0000 )  
               b(2) = (  1.0000  1.0000  1.0000 )  
               b(3) = ( -1.0000  1.0000 -1.0000 )  


     Atoms inside the unit cell: 

     Cartesian axes

     site n.  atom      mass           positions (alat units)
        1     Al  26.9800   tau(    1) = (    0.00000    0.00000    0.00000  )
        2     As  74.9200   tau(    2) = (    0.25000    0.25000    0.25000  )

     Computing dynamical matrix for 
                    q = (   0.7500000  -0.2500000   0.7500000 )

      2 Sym.Ops. (no q -> -q+G )


     G cutoff =  178.7306  (    611 G-vectors)     FFT grid: ( 20, 20, 20)
     number of k points=    40

     PseudoPot. # 1 for Al read from file:
     /scratch/dalcorso_sissa/espresso/pseudo/Al.pz-vbc.UPF
     MD5 check sum: 614279c88ff8d45c90147292d03ed420
     Pseudo is Norm-conserving, Zval =  3.0
     Generated by new atomic code, or converted to UPF format
     Using radial grid of  171 points,  2 beta functions with: 
                l(1) =   0
                l(2) =   1

     PseudoPot. # 2 for As read from file:
     /scratch/dalcorso_sissa/espresso/pseudo/As.pz-bhs.UPF
     MD5 check sum: 451cd3365afcfc94d28b1934951c34a8
     Pseudo is Norm-conserving, Zval =  5.0
     Generated by new atomic code, or converted to UPF format
     Using radial grid of  525 points,  2 beta functions with: 
                l(1) =   0
                l(2) =   1


     Atomic displacements:
     There are   6 irreducible representations

     Representation     1      1 modes -A'  Done

     Representation     2      1 modes -A'  Done

     Representation     3      1 modes -A'  Done

     Representation     4      1 modes -A'  Done

     Representation     5      1 modes -A''  Done

     Representation     6      1 modes -A''  Done


     PHONON       :     0.31s CPU         0.35s WALL


     Number of q in the star =   12
     List of q in the star:
          1   0.750000000  -0.250000000   0.750000000
          2  -0.750000000  -0.250000000  -0.750000000
          3   0.250000000  -0.750000000   0.750000000
          4   0.750000000  -0.750000000   0.250000000
          5  -0.250000000  -0.750000000  -0.750000000
          6  -0.750000000   0.250000000   0.750000000
          7   0.750000000   0.750000000  -0.250000000
          8  -0.750000000  -0.750000000  -0.250000000
          9  -0.750000000   0.750000000   0.250000000
         10   0.750000000   0.250000000  -0.750000000
         11  -0.250000000   0.750000000   0.750000000
         12   0.250000000   0.750000000  -0.750000000
     In addition there is the -q list: 
          1  -0.750000000   0.250000000  -0.750000000
          2   0.750000000   0.250000000   0.750000000
          3  -0.250000000   0.750000000  -0.750000000
          4  -0.750000000   0.750000000  -0.250000000
          5   0.250000000   0.750000000   0.750000000
          6   0.750000000  -0.250000000  -0.750000000
          7  -0.750000000  -0.750000000   0.250000000
          8   0.750000000   0.750000000   0.250000000
          9   0.750000000  -0.750000000  -0.250000000
         10  -0.750000000  -0.250000000   0.750000000
         11   0.250000000  -0.750000000  -0.750000000
         12  -0.250000000  -0.750000000   0.750000000

     Diagonalizing the dynamical matrix

     q = (    0.750000000  -0.250000000   0.750000000 ) 

 **************************************************************************
     omega(    1) =       2.624855 [THz] =      87.555739 [cm-1]
     omega(    2) =       3.807462 [THz] =     127.003259 [cm-1]
     omega(    3) =       5.905604 [THz] =     196.989747 [cm-1]
     omega(    4) =      10.568634 [THz] =     352.531687 [cm-1]
     omega(    5) =      10.588206 [THz] =     353.184550 [cm-1]
     omega(    6) =      11.477000 [THz] =     382.831528 [cm-1]
 **************************************************************************

     Mode symmetry, C_s (m)     point group:

     omega(  1 -  1) =         87.6  [cm-1]   --> A''                
     omega(  2 -  2) =        127.0  [cm-1]   --> A'                 
     omega(  3 -  3) =        197.0  [cm-1]   --> A'                 
     omega(  4 -  4) =        352.5  [cm-1]   --> A''                
     omega(  5 -  5) =        353.2  [cm-1]   --> A'                 
     omega(  6 -  6) =        382.8  [cm-1]   --> A'                 

     Calculation of q =    0.5000000   0.0000000   0.5000000

     Parallelization info
     --------------------
     sticks:   dense  smooth     PW     G-vecs:    dense   smooth      PW
     Min          60      60     21                  610      610     133
     Max          61      61     22                  613      613     136
     Sum         241     241     85                 2445     2445     537



     bravais-lattice index     =            2
     lattice parameter (alat)  =      10.5000  a.u.
     unit-cell volume          =     289.4063 (a.u.)^3
     number of atoms/cell      =            2
     number of atomic types    =            2
     number of electrons       =         8.00
     number of Kohn-Sham states=            4
     kinetic-energy cutoff     =      16.0000  Ry
     charge density cutoff     =      64.0000  Ry
     Exchange-correlation      =  SLA  PZ   NOGX NOGC ( 1 1 0 0 0)
     EXX-fraction              =        0.00

     celldm(1)=  10.500000  celldm(2)=   0.000000  celldm(3)=   0.000000
     celldm(4)=   0.000000  celldm(5)=   0.000000  celldm(6)=   0.000000

     crystal axes: (cart. coord. in units of alat)
               a(1) = (  -0.500000   0.000000   0.500000 )  
               a(2) = (   0.000000   0.500000   0.500000 )  
               a(3) = (  -0.500000   0.500000   0.000000 )  

     reciprocal axes: (cart. coord. in units 2 pi/alat)
               b(1) = ( -1.000000 -1.000000  1.000000 )  
               b(2) = (  1.000000  1.000000  1.000000 )  
               b(3) = ( -1.000000  1.000000 -1.000000 )  


     PseudoPot. # 1 for Al read from file:
     /scratch/dalcorso_sissa/espresso/pseudo/Al.pz-vbc.UPF
     MD5 check sum: 614279c88ff8d45c90147292d03ed420
     Pseudo is Norm-conserving, Zval =  3.0
     Generated by new atomic code, or converted to UPF format
     Using radial grid of  171 points,  2 beta functions with: 
                l(1) =   0
                l(2) =   1

     PseudoPot. # 2 for As read from file:
     /scratch/dalcorso_sissa/espresso/pseudo/As.pz-bhs.UPF
     MD5 check sum: 451cd3365afcfc94d28b1934951c34a8
     Pseudo is Norm-conserving, Zval =  5.0
     Generated by new atomic code, or converted to UPF format
     Using radial grid of  525 points,  2 beta functions with: 
                l(1) =   0
                l(2) =   1

     atomic species   valence    mass     pseudopotential
        Al             3.00    26.98000     Al( 1.00)
        As             5.00    74.92000     As( 1.00)

     24 Sym. Ops. (no inversion) found



   Cartesian axes

     site n.     atom                  positions (alat units)
         1           Al  tau(   1) = (   0.0000000   0.0000000   0.0000000  )
         2           As  tau(   2) = (   0.2500000   0.2500000   0.2500000  )

     number of k points=    40
                       cart. coord. in units 2pi/alat
        k(    1) = (   0.2500000   0.2500000   0.2500000), wk =   0.0625000
        k(    2) = (   0.7500000   0.2500000   0.7500000), wk =   0.0000000
        k(    3) = (   0.2500000   0.2500000   0.7500000), wk =   0.1250000
        k(    4) = (   0.7500000   0.2500000   1.2500000), wk =   0.0000000
        k(    5) = (  -0.2500000   0.2500000  -0.2500000), wk =   0.0625000
        k(    6) = (   0.2500000   0.2500000   0.2500000), wk =   0.0000000
        k(    7) = (  -0.2500000  -0.2500000   0.2500000), wk =   0.1250000
        k(    8) = (   0.2500000  -0.2500000   0.7500000), wk =   0.0000000
        k(    9) = (  -0.2500000  -0.2500000  -0.2500000), wk =   0.0625000
        k(   10) = (   0.2500000  -0.2500000   0.2500000), wk =   0.0000000
        k(   11) = (   0.2500000   0.2500000  -0.2500000), wk =   0.1250000
        k(   12) = (   0.7500000   0.2500000   0.2500000), wk =   0.0000000
        k(   13) = (   0.2500000  -0.2500000   0.2500000), wk =   0.0625000
        k(   14) = (   0.7500000  -0.2500000   0.7500000), wk =   0.0000000
        k(   15) = (  -0.2500000   0.2500000  -0.7500000), wk =   0.1250000
        k(   16) = (   0.2500000   0.2500000  -0.2500000), wk =   0.0000000
        k(   17) = (  -0.2500000  -0.7500000   0.2500000), wk =   0.1250000
        k(   18) = (   0.2500000  -0.7500000   0.7500000), wk =   0.0000000
        k(   19) = (  -0.2500000  -0.2500000   0.7500000), wk =   0.1250000
        k(   20) = (   0.2500000  -0.2500000   1.2500000), wk =   0.0000000
        k(   21) = (  -0.7500000  -0.2500000   0.2500000), wk =   0.1250000
        k(   22) = (  -0.2500000  -0.2500000   0.7500000), wk =   0.0000000
        k(   23) = (   0.2500000   0.7500000   0.2500000), wk =   0.0625000
        k(   24) = (   0.7500000   0.7500000   0.7500000), wk =   0.0000000
        k(   25) = (  -0.2500000   0.7500000  -0.2500000), wk =   0.0625000
        k(   26) = (   0.2500000   0.7500000   0.2500000), wk =   0.0000000
        k(   27) = (  -0.2500000  -0.2500000  -0.7500000), wk =   0.1250000
        k(   28) = (   0.2500000  -0.2500000  -0.2500000), wk =   0.0000000
        k(   29) = (   0.2500000   0.2500000  -0.7500000), wk =   0.1250000
        k(   30) = (   0.7500000   0.2500000  -0.2500000), wk =   0.0000000
        k(   31) = (   0.2500000  -0.2500000   0.7500000), wk =   0.1250000
        k(   32) = (   0.7500000  -0.2500000   1.2500000), wk =   0.0000000
        k(   33) = (  -0.2500000   0.2500000   0.7500000), wk =   0.1250000
        k(   34) = (   0.2500000   0.2500000   1.2500000), wk =   0.0000000
        k(   35) = (  -0.2500000   0.7500000   0.2500000), wk =   0.1250000
        k(   36) = (   0.2500000   0.7500000   0.7500000), wk =   0.0000000
        k(   37) = (  -0.2500000  -0.7500000  -0.2500000), wk =   0.0625000
        k(   38) = (   0.2500000  -0.7500000   0.2500000), wk =   0.0000000
        k(   39) = (   0.2500000  -0.7500000   0.2500000), wk =   0.0625000
        k(   40) = (   0.7500000  -0.7500000   0.7500000), wk =   0.0000000

     Dense  grid:     2445 G-vectors     FFT dimensions: (  20,  20,  20)

     Largest allocated arrays     est. size (Mb)     dimensions
        Kohn-Sham Wavefunctions         0.01 Mb     (     87,    4)
        NL pseudopotentials             0.01 Mb     (     87,    8)
        Each V/rho on FFT grid          0.03 Mb     (   2000)
        Each G-vector array             0.00 Mb     (    611)
        G-vector shells                 0.00 Mb     (     60)
     Largest temporary arrays     est. size (Mb)     dimensions
        Auxiliary wavefunctions         0.02 Mb     (     87,   16)
        Each subspace H/S matrix        0.00 Mb     (  16,  16)
        Each <psi_i|beta_j> matrix      0.00 Mb     (      8,    4)

     The potential is recalculated from file :
     /scratch/tmp/_ph0/alas.save/charge-density.dat

     Starting wfc are    8 atomic wfcs

                                                                                

     bravais-lattice index     =            2
     lattice parameter (alat)  =      10.5000  a.u.
     unit-cell volume          =     289.4063 (a.u.)^3
     number of atoms/cell      =            2
     number of atomic types    =            2
     kinetic-energy cut-off    =      16.0000  Ry
     charge density cut-off    =      64.0000  Ry
     convergence threshold     =      1.0E-12
     beta                      =       0.7000
     number of iterations used =            4
     Exchange-correlation      =  SLA  PZ   NOGX NOGC ( 1 1 0 0 0)
     EXX-fraction              =        0.00


     celldm(1)=   10.50000  celldm(2)=    0.00000  celldm(3)=    0.00000
     celldm(4)=    0.00000  celldm(5)=    0.00000  celldm(6)=    0.00000

     crystal axes: (cart. coord. in units of alat)
               a(1) = ( -0.5000  0.0000  0.5000 )  
               a(2) = (  0.0000  0.5000  0.5000 )  
               a(3) = ( -0.5000  0.5000  0.0000 )  

     reciprocal axes: (cart. coord. in units 2 pi/alat)
               b(1) = ( -1.0000 -1.0000  1.0000 )  
               b(2) = (  1.0000  1.0000  1.0000 )  
               b(3) = ( -1.0000  1.0000 -1.0000 )  


     Atoms inside the unit cell: 

     Cartesian axes

     site n.  atom      mass           positions (alat units)
        1     Al  26.9800   tau(    1) = (    0.00000    0.00000    0.00000  )
        2     As  74.9200   tau(    2) = (    0.25000    0.25000    0.25000  )

     Computing dynamical matrix for 
                    q = (   0.5000000   0.0000000   0.5000000 )

      2 Sym.Ops. (no q -> -q+G )


     G cutoff =  178.7306  (    611 G-vectors)     FFT grid: ( 20, 20, 20)
     number of k points=    40

     PseudoPot. # 1 for Al read from file:
     /scratch/dalcorso_sissa/espresso/pseudo/Al.pz-vbc.UPF
     MD5 check sum: 614279c88ff8d45c90147292d03ed420
     Pseudo is Norm-conserving, Zval =  3.0
     Generated by new atomic code, or converted to UPF format
     Using radial grid of  171 points,  2 beta functions with: 
                l(1) =   0
                l(2) =   1

     PseudoPot. # 2 for As read from file:
     /scratch/dalcorso_sissa/espresso/pseudo/As.pz-bhs.UPF
     MD5 check sum: 451cd3365afcfc94d28b1934951c34a8
     Pseudo is Norm-conserving, Zval =  5.0
     Generated by new atomic code, or converted to UPF format
     Using radial grid of  525 points,  2 beta functions with: 
                l(1) =   0
                l(2) =   1


     Atomic displacements:
     There are   6 irreducible representations

     Representation     1      1 modes -A'  Done

     Representation     2      1 modes -A'  Done

     Representation     3      1 modes -A'  Done

     Representation     4      1 modes -A'  Done

     Representation     5      1 modes -A''  Done

     Representation     6      1 modes -A''  Done


     PHONON       :     0.34s CPU         0.39s WALL


     Number of q in the star =   12
     List of q in the star:
          1   0.500000000   0.000000000   0.500000000
          2  -0.500000000   0.000000000  -0.500000000
          3   0.000000000  -0.500000000   0.500000000
          4   0.500000000  -0.500000000   0.000000000
          5   0.000000000  -0.500000000  -0.500000000
          6  -0.500000000   0.000000000   0.500000000
          7   0.500000000   0.500000000   0.000000000
          8  -0.500000000  -0.500000000   0.000000000
          9  -0.500000000   0.500000000   0.000000000
         10   0.500000000   0.000000000  -0.500000000
         11   0.000000000   0.500000000   0.500000000
         12   0.000000000   0.500000000  -0.500000000

     Diagonalizing the dynamical matrix

     q = (    0.500000000   0.000000000   0.500000000 ) 

 **************************************************************************
     omega(    1) =       2.519183 [THz] =      84.030898 [cm-1]
     omega(    2) =       3.829730 [THz] =     127.746040 [cm-1]
     omega(    3) =       5.428422 [THz] =     181.072653 [cm-1]
     omega(    4) =      10.719119 [THz] =     357.551331 [cm-1]
     omega(    5) =      10.737254 [THz] =     358.156233 [cm-1]
     omega(    6) =      11.301861 [THz] =     376.989504 [cm-1]
 **************************************************************************

     Mode symmetry, C_s (m)     point group:

     omega(  1 -  1) =         84.0  [cm-1]   --> A''                
     omega(  2 -  2) =        127.7  [cm-1]   --> A'                 
     omega(  3 -  3) =        181.1  [cm-1]   --> A'                 
     omega(  4 -  4) =        357.6  [cm-1]   --> A'                 
     omega(  5 -  5) =        358.2  [cm-1]   --> A''                
     omega(  6 -  6) =        377.0  [cm-1]   --> A'                 

     Calculation of q =    0.0000000  -1.0000000   0.0000000

     Parallelization info
     --------------------
     sticks:   dense  smooth     PW     G-vecs:    dense   smooth      PW
     Min          60      60     22                  610      610     152
     Max          61      61     23                  613      613     153
     Sum         241     241     91                 2445     2445     609



     bravais-lattice index     =            2
     lattice parameter (alat)  =      10.5000  a.u.
     unit-cell volume          =     289.4063 (a.u.)^3
     number of atoms/cell      =            2
     number of atomic types    =            2
     number of electrons       =         8.00
     number of Kohn-Sham states=            4
     kinetic-energy cutoff     =      16.0000  Ry
     charge density cutoff     =      64.0000  Ry
     Exchange-correlation      =  SLA  PZ   NOGX NOGC ( 1 1 0 0 0)
     EXX-fraction              =        0.00

     celldm(1)=  10.500000  celldm(2)=   0.000000  celldm(3)=   0.000000
     celldm(4)=   0.000000  celldm(5)=   0.000000  celldm(6)=   0.000000

     crystal axes: (cart. coord. in units of alat)
               a(1) = (  -0.500000   0.000000   0.500000 )  
               a(2) = (   0.000000   0.500000   0.500000 )  
               a(3) = (  -0.500000   0.500000   0.000000 )  

     reciprocal axes: (cart. coord. in units 2 pi/alat)
               b(1) = ( -1.000000 -1.000000  1.000000 )  
               b(2) = (  1.000000  1.000000  1.000000 )  
               b(3) = ( -1.000000  1.000000 -1.000000 )  


     PseudoPot. # 1 for Al read from file:
     /scratch/dalcorso_sissa/espresso/pseudo/Al.pz-vbc.UPF
     MD5 check sum: 614279c88ff8d45c90147292d03ed420
     Pseudo is Norm-conserving, Zval =  3.0
     Generated by new atomic code, or converted to UPF format
     Using radial grid of  171 points,  2 beta functions with: 
                l(1) =   0
                l(2) =   1

     PseudoPot. # 2 for As read from file:
     /scratch/dalcorso_sissa/espresso/pseudo/As.pz-bhs.UPF
     MD5 check sum: 451cd3365afcfc94d28b1934951c34a8
     Pseudo is Norm-conserving, Zval =  5.0
     Generated by new atomic code, or converted to UPF format
     Using radial grid of  525 points,  2 beta functions with: 
                l(1) =   0
                l(2) =   1

     atomic species   valence    mass     pseudopotential
        Al             3.00    26.98000     Al( 1.00)
        As             5.00    74.92000     As( 1.00)

     24 Sym. Ops. (no inversion) found



   Cartesian axes

     site n.     atom                  positions (alat units)
         1           Al  tau(   1) = (   0.0000000   0.0000000   0.0000000  )
         2           As  tau(   2) = (   0.2500000   0.2500000   0.2500000  )

     number of k points=     6
                       cart. coord. in units 2pi/alat
        k(    1) = (   0.2500000   0.2500000   0.2500000), wk =   0.5000000
        k(    2) = (   0.2500000  -0.7500000   0.2500000), wk =   0.0000000
        k(    3) = (   0.2500000   0.2500000   0.7500000), wk =   1.0000000
        k(    4) = (   0.2500000  -0.7500000   0.7500000), wk =   0.0000000
        k(    5) = (   0.2500000  -0.7500000  -0.2500000), wk =   0.5000000
        k(    6) = (   0.2500000  -1.7500000  -0.2500000), wk =   0.0000000

     Dense  grid:     2445 G-vectors     FFT dimensions: (  20,  20,  20)

     Largest allocated arrays     est. size (Mb)     dimensions
        Kohn-Sham Wavefunctions         0.01 Mb     (     82,    4)
        NL pseudopotentials             0.01 Mb     (     82,    8)
        Each V/rho on FFT grid          0.03 Mb     (   2000)
        Each G-vector array             0.00 Mb     (    611)
        G-vector shells                 0.00 Mb     (     60)
     Largest temporary arrays     est. size (Mb)     dimensions
        Auxiliary wavefunctions         0.02 Mb     (     82,   16)
        Each subspace H/S matrix        0.00 Mb     (  16,  16)
        Each <psi_i|beta_j> matrix      0.00 Mb     (      8,    4)

     The potential is recalculated from file :
     /scratch/tmp/_ph0/alas.save/charge-density.dat

     Starting wfc are    8 atomic wfcs

                                                                                

     bravais-lattice index     =            2
     lattice parameter (alat)  =      10.5000  a.u.
     unit-cell volume          =     289.4063 (a.u.)^3
     number of atoms/cell      =            2
     number of atomic types    =            2
     kinetic-energy cut-off    =      16.0000  Ry
     charge density cut-off    =      64.0000  Ry
     convergence threshold     =      1.0E-12
     beta                      =       0.7000
     number of iterations used =            4
     Exchange-correlation      =  SLA  PZ   NOGX NOGC ( 1 1 0 0 0)
     EXX-fraction              =        0.00


     celldm(1)=   10.50000  celldm(2)=    0.00000  celldm(3)=    0.00000
     celldm(4)=    0.00000  celldm(5)=    0.00000  celldm(6)=    0.00000

     crystal axes: (cart. coord. in units of alat)
               a(1) = ( -0.5000  0.0000  0.5000 )  
               a(2) = (  0.0000  0.5000  0.5000 )  
               a(3) = ( -0.5000  0.5000  0.0000 )  

     reciprocal axes: (cart. coord. in units 2 pi/alat)
               b(1) = ( -1.0000 -1.0000  1.0000 )  
               b(2) = (  1.0000  1.0000  1.0000 )  
               b(3) = ( -1.0000  1.0000 -1.0000 )  


     Atoms inside the unit cell: 

     Cartesian axes

     site n.  atom      mass           positions (alat units)
        1     Al  26.9800   tau(    1) = (    0.00000    0.00000    0.00000  )
        2     As  74.9200   tau(    2) = (    0.25000    0.25000    0.25000  )

     Computing dynamical matrix for 
                    q = (   0.0000000  -1.0000000   0.0000000 )

      9 Sym.Ops. (with q -> -q+G )


     G cutoff =  178.7306  (    611 G-vectors)     FFT grid: ( 20, 20, 20)
     number of k points=     6

     PseudoPot. # 1 for Al read from file:
     /scratch/dalcorso_sissa/espresso/pseudo/Al.pz-vbc.UPF
     MD5 check sum: 614279c88ff8d45c90147292d03ed420
     Pseudo is Norm-conserving, Zval =  3.0
     Generated by new atomic code, or converted to UPF format
     Using radial grid of  171 points,  2 beta functions with: 
                l(1) =   0
                l(2) =   1

     PseudoPot. # 2 for As read from file:
     /scratch/dalcorso_sissa/espresso/pseudo/As.pz-bhs.UPF
     MD5 check sum: 451cd3365afcfc94d28b1934951c34a8
     Pseudo is Norm-conserving, Zval =  5.0
     Generated by new atomic code, or converted to UPF format
     Using radial grid of  525 points,  2 beta functions with: 
                l(1) =   0
                l(2) =   1


     Atomic displacements:
     There are   4 irreducible representations

     Representation     1      1 modes -A_1  X_1  W_1  Done

     Representation     2      1 modes -B_2  X_3  W_2  Done

     Representation     3      2 modes -E    X_5  W_3  Done

     Representation     4      2 modes -E    X_5  W_3  Done


     PHONON       :     0.38s CPU         0.42s WALL


     Number of q in the star =    3
     List of q in the star:
          1   0.000000000  -1.000000000   0.000000000
          2   0.000000000   0.000000000  -1.000000000
          3  -1.000000000   0.000000000   0.000000000

     Diagonalizing the dynamical matrix

     q = (    0.000000000  -1.000000000   0.000000000 ) 

 **************************************************************************
     omega(    1) =       2.848268 [THz] =      95.007982 [cm-1]
     omega(    2) =       2.848268 [THz] =      95.007982 [cm-1]
     omega(    3) =       6.567861 [THz] =     219.080259 [cm-1]
     omega(    4) =      10.442608 [THz] =     348.327917 [cm-1]
     omega(    5) =      10.442608 [THz] =     348.327917 [cm-1]
     omega(    6) =      12.209241 [THz] =     407.256436 [cm-1]
 **************************************************************************

     Mode symmetry, D_2d (-42m) point group:

     omega(  1 -  2) =         95.0  [cm-1]   --> E    X_5  W_3      
     omega(  3 -  3) =        219.1  [cm-1]   --> A_1  X_1  W_1      
     omega(  4 -  5) =        348.3  [cm-1]   --> E    X_5  W_3      
     omega(  6 -  6) =        407.3  [cm-1]   --> B_2  X_3  W_2      

     Calculation of q =   -0.5000000  -1.0000000   0.0000000

     Parallelization info
     --------------------
     sticks:   dense  smooth     PW     G-vecs:    dense   smooth      PW
     Min          60      60     22                  610      610     152
     Max          61      61     23                  613      613     153
     Sum         241     241     91                 2445     2445     609



     bravais-lattice index     =            2
     lattice parameter (alat)  =      10.5000  a.u.
     unit-cell volume          =     289.4063 (a.u.)^3
     number of atoms/cell      =            2
     number of atomic types    =            2
     number of electrons       =         8.00
     number of Kohn-Sham states=            4
     kinetic-energy cutoff     =      16.0000  Ry
     charge density cutoff     =      64.0000  Ry
     Exchange-correlation      =  SLA  PZ   NOGX NOGC ( 1 1 0 0 0)
     EXX-fraction              =        0.00

     celldm(1)=  10.500000  celldm(2)=   0.000000  celldm(3)=   0.000000
     celldm(4)=   0.000000  celldm(5)=   0.000000  celldm(6)=   0.000000

     crystal axes: (cart. coord. in units of alat)
               a(1) = (  -0.500000   0.000000   0.500000 )  
               a(2) = (   0.000000   0.500000   0.500000 )  
               a(3) = (  -0.500000   0.500000   0.000000 )  

     reciprocal axes: (cart. coord. in units 2 pi/alat)
               b(1) = ( -1.000000 -1.000000  1.000000 )  
               b(2) = (  1.000000  1.000000  1.000000 )  
               b(3) = ( -1.000000  1.000000 -1.000000 )  


     PseudoPot. # 1 for Al read from file:
     /scratch/dalcorso_sissa/espresso/pseudo/Al.pz-vbc.UPF
     MD5 check sum: 614279c88ff8d45c90147292d03ed420
     Pseudo is Norm-conserving, Zval =  3.0
     Generated by new atomic code, or converted to UPF format
     Using radial grid of  171 points,  2 beta functions with: 
                l(1) =   0
                l(2) =   1

     PseudoPot. # 2 for As read from file:
     /scratch/dalcorso_sissa/espresso/pseudo/As.pz-bhs.UPF
     MD5 check sum: 451cd3365afcfc94d28b1934951c34a8
     Pseudo is Norm-conserving, Zval =  5.0
     Generated by new atomic code, or converted to UPF format
     Using radial grid of  525 points,  2 beta functions with: 
                l(1) =   0
                l(2) =   1

     atomic species   valence    mass     pseudopotential
        Al             3.00    26.98000     Al( 1.00)
        As             5.00    74.92000     As( 1.00)

     24 Sym. Ops. (no inversion) found



   Cartesian axes

     site n.     atom                  positions (alat units)
         1           Al  tau(   1) = (   0.0000000   0.0000000   0.0000000  )
         2           As  tau(   2) = (   0.2500000   0.2500000   0.2500000  )

     number of k points=    16
                       cart. coord. in units 2pi/alat
        k(    1) = (   0.2500000   0.2500000   0.2500000), wk =   0.2500000
        k(    2) = (  -0.2500000  -0.7500000   0.2500000), wk =   0.0000000
        k(    3) = (   0.2500000   0.2500000   0.7500000), wk =   0.2500000
        k(    4) = (  -0.2500000  -0.7500000   0.7500000), wk =   0.0000000
        k(    5) = (  -0.2500000  -0.2500000  -0.2500000), wk =   0.2500000
        k(    6) = (  -0.7500000  -1.2500000  -0.2500000), wk =   0.0000000
        k(    7) = (  -0.2500000  -0.2500000   0.7500000), wk =   0.2500000
        k(    8) = (  -0.7500000  -1.2500000   0.7500000), wk =   0.0000000
        k(    9) = (   0.7500000   0.2500000   0.2500000), wk =   0.2500000
        k(   10) = (   0.2500000  -0.7500000   0.2500000), wk =   0.0000000
        k(   11) = (  -0.2500000  -0.2500000  -0.7500000), wk =   0.2500000
        k(   12) = (  -0.7500000  -1.2500000  -0.7500000), wk =   0.0000000
        k(   13) = (   0.2500000   0.2500000  -0.7500000), wk =   0.2500000
        k(   14) = (  -0.2500000  -0.7500000  -0.7500000), wk =   0.0000000
        k(   15) = (   0.7500000  -0.2500000   0.2500000), wk =   0.2500000
        k(   16) = (   0.2500000  -1.2500000   0.2500000), wk =   0.0000000

     Dense  grid:     2445 G-vectors     FFT dimensions: (  20,  20,  20)

     Largest allocated arrays     est. size (Mb)     dimensions
        Kohn-Sham Wavefunctions         0.01 Mb     (     90,    4)
        NL pseudopotentials             0.01 Mb     (     90,    8)
        Each V/rho on FFT grid          0.03 Mb     (   2000)
        Each G-vector array             0.00 Mb     (    611)
        G-vector shells                 0.00 Mb     (     60)
     Largest temporary arrays     est. size (Mb)     dimensions
        Auxiliary wavefunctions         0.02 Mb     (     90,   16)
        Each subspace H/S matrix        0.00 Mb     (  16,  16)
        Each <psi_i|beta_j> matrix      0.00 Mb     (      8,    4)

     The potential is recalculated from file :
     /scratch/tmp/_ph0/alas.save/charge-density.dat

     Starting wfc are    8 atomic wfcs

                                                                                

     bravais-lattice index     =            2
     lattice parameter (alat)  =      10.5000  a.u.
     unit-cell volume          =     289.4063 (a.u.)^3
     number of atoms/cell      =            2
     number of atomic types    =            2
     kinetic-energy cut-off    =      16.0000  Ry
     charge density cut-off    =      64.0000  Ry
     convergence threshold     =      1.0E-12
     beta                      =       0.7000
     number of iterations used =            4
     Exchange-correlation      =  SLA  PZ   NOGX NOGC ( 1 1 0 0 0)
     EXX-fraction              =        0.00


     celldm(1)=   10.50000  celldm(2)=    0.00000  celldm(3)=    0.00000
     celldm(4)=    0.00000  celldm(5)=    0.00000  celldm(6)=    0.00000

     crystal axes: (cart. coord. in units of alat)
               a(1) = ( -0.5000  0.0000  0.5000 )  
               a(2) = (  0.0000  0.5000  0.5000 )  
               a(3) = ( -0.5000  0.5000  0.0000 )  

     reciprocal axes: (cart. coord. in units 2 pi/alat)
               b(1) = ( -1.0000 -1.0000  1.0000 )  
               b(2) = (  1.0000  1.0000  1.0000 )  
               b(3) = ( -1.0000  1.0000 -1.0000 )  


     Atoms inside the unit cell: 

     Cartesian axes

     site n.  atom      mass           positions (alat units)
        1     Al  26.9800   tau(    1) = (    0.00000    0.00000    0.00000  )
        2     As  74.9200   tau(    2) = (    0.25000    0.25000    0.25000  )

     Computing dynamical matrix for 
                    q = (  -0.5000000  -1.0000000   0.0000000 )

      4 Sym.Ops. (no q -> -q+G )


     G cutoff =  178.7306  (    611 G-vectors)     FFT grid: ( 20, 20, 20)
     number of k points=    16

     PseudoPot. # 1 for Al read from file:
     /scratch/dalcorso_sissa/espresso/pseudo/Al.pz-vbc.UPF
     MD5 check sum: 614279c88ff8d45c90147292d03ed420
     Pseudo is Norm-conserving, Zval =  3.0
     Generated by new atomic code, or converted to UPF format
     Using radial grid of  171 points,  2 beta functions with: 
                l(1) =   0
                l(2) =   1

     PseudoPot. # 2 for As read from file:
     /scratch/dalcorso_sissa/espresso/pseudo/As.pz-bhs.UPF
     MD5 check sum: 451cd3365afcfc94d28b1934951c34a8
     Pseudo is Norm-conserving, Zval =  5.0
     Generated by new atomic code, or converted to UPF format
     Using radial grid of  525 points,  2 beta functions with: 
                l(1) =   0
                l(2) =   1


     Atomic displacements:
     There are   6 irreducible representations

     Representation     1      1 modes -A    W_1  Done

     Representation     2      1 modes -B    W_3  Done

     Representation     3      1 modes -B    W_3  Done

     Representation     4      1 modes -E    W_4  Done

     Representation     5      1 modes -E    W_4  Done

     Representation     6      1 modes -E*   W_2  Done


     PHONON       :     0.42s CPU         0.46s WALL


     Number of q in the star =    6
     List of q in the star:
          1  -0.500000000  -1.000000000   0.000000000
          2   0.500000000   1.000000000   0.000000000
          3   0.000000000  -1.000000000  -0.500000000
          4   0.000000000   1.000000000   0.500000000
          5   0.000000000  -0.500000000  -1.000000000
          6   0.000000000   0.500000000   1.000000000

     Diagonalizing the dynamical matrix

     q = (   -0.500000000  -1.000000000   0.000000000 ) 

 **************************************************************************
     omega(    1) =       3.749386 [THz] =     125.066066 [cm-1]
     omega(    2) =       4.019685 [THz] =     134.082262 [cm-1]
     omega(    3) =       5.968767 [THz] =     199.096633 [cm-1]
     omega(    4) =      10.536940 [THz] =     351.474490 [cm-1]
     omega(    5) =      10.643269 [THz] =     355.021227 [cm-1]
     omega(    6) =      10.758326 [THz] =     358.859129 [cm-1]
 **************************************************************************

     Mode symmetry, S_4 (-4)    point group:

     omega(  1 -  1) =        125.1  [cm-1]   --> B    W_3           
     omega(  2 -  2) =        134.1  [cm-1]   --> E    W_4           
     omega(  3 -  3) =        199.1  [cm-1]   --> A    W_1           
     omega(  4 -  4) =        351.5  [cm-1]   --> B    W_3           
     omega(  5 -  5) =        355.0  [cm-1]   --> E*   W_2           
     omega(  6 -  6) =        358.9  [cm-1]   --> E    W_4           

     init_run     :      0.18s CPU      0.18s WALL (       7 calls)

     Called by init_run:
     wfcinit      :      0.00s CPU      0.00s WALL (       7 calls)
     potinit      :      0.01s CPU      0.01s WALL (       7 calls)

     Called by electrons:
     v_of_rho     :      0.00s CPU      0.00s WALL (       8 calls)

     Called by c_bands:

     Called by *egterg:

     Called by h_psi:

     General routines
     fft          :      0.00s CPU      0.00s WALL (      24 calls)

     Parallel routines
     fft_scatter  :      0.00s CPU      0.00s WALL (      24 calls)

     PHONON       :     0.42s CPU         0.46s WALL

     INITIALIZATION: 
     phq_setup    :      0.04s CPU      0.04s WALL (       8 calls)

     init_vloc    :      0.03s CPU      0.04s WALL (       8 calls)
     init_us_1    :      0.07s CPU      0.07s WALL (       8 calls)

     DYNAMICAL MATRIX:
     phqscf       :      0.00s CPU      0.00s WALL (       8 calls)
     dynmatrix    :      0.02s CPU      0.02s WALL (       8 calls)

     phqscf       :      0.00s CPU      0.00s WALL (       8 calls)



     phqscf       :      0.00s CPU      0.00s WALL (       8 calls)








      General routines
     fft          :      0.00s CPU      0.00s WALL (      24 calls)


     PHONON       :     0.42s CPU         0.46s WALL


   This run was terminated on:  10:47:57  25Jan2013            

=------------------------------------------------------------------------------=
   JOB DONE.
=------------------------------------------------------------------------------=
