
     Program KCW v.7.0 starts on  7Feb2022 at 15: 5:54 

     This program is part of the open-source Quantum ESPRESSO suite
     for quantum simulation of materials; please cite
         "P. Giannozzi et al., J. Phys.:Condens. Matter 21 395502 (2009);
         "P. Giannozzi et al., J. Phys.:Condens. Matter 29 465901 (2017);
         "P. Giannozzi et al., J. Chem. Phys. 152 154105 (2020);
          URL http://www.quantum-espresso.org", 
     in publications or presentations arising from this work. More details at
     http://www.quantum-espresso.org/quote

     Parallel version (MPI), running on     4 processors

     MPI processes distributed on     1 nodes
     R & G space division:  proc/nbgrp/npool/nimage =       4
     1100 MiB available memory on the printing compute node when the environment starts
 

     KCW INPUT SUMMARY 
     ============================================

      CONTROL 
       # title               =            KI H2O
       # out_dir             =/home/nicola/Scriv
       # prefix              =                Si
       # calculation         =               ham
       # kcw_iverbosity      =                 1
       # kcw_at_ks           =                 F
       # spin_component      =                 1
       # homo_only           =                 F
       # read_unitary_matrix =                 T
       # check_ks            =                 T
       # l_vcut              =                 F
       # assume_isolated     =              none

      WANNIER 
       # seedname            =                Si
       # num_wann_occ        =                 4
       # num_wann_emp        =                 4
       # have_empty          =                 T
       # has_disentangle     =                 T
       # l_unique_manifold   =                 F

      HAM 
       # qp_symm             =                 F
       # kipz_corr           =                 F
       # compute_hf          =                 F
       # MP grid             =     2     2     2
       # do_bands            =                 T
       # use_ws_distance     =                 T
       # write_hr            =                 T
       # l_alpha_corr        =                 F
       # on_site_only        =                 T
     ============================================

     INFO: Reading pwscf data

     Reading xml data from directory:

     /home/nicola/Scrivania/CODES/git/koopmans/quantum_espresso/qe_koopmans/tempdir/Si.save/

     IMPORTANT: XC functional enforced from input :
     Exchange-correlation= PBE
                           (   1   4   3   4   0   0   0)
     Any further DFT definition will be discarded
     Please, verify this is what you really want

 
     Parallelization info
     --------------------
     sticks:   dense  smooth     PW     G-vecs:    dense   smooth      PW
     Min          73      73     22                  821      821     152
     Max          74      74     23                  823      823     153
     Sum         295     295     91                 3287     3287     609
 
     Using Slab Decomposition
 
     Reading collected, re-writing distributed wavefunctions

     INFO: total number of primitive cell    8

     READING SCREENING PARAMETERS

     INFO: alphas read from:/home/nicola/Scrivania/CODES/git/koopmans/quantum_espresso/qe_koopmans/tempdir/kcw/Si.alpha.dat                                                                                                                                                                 
     iwann =     1   alpha =      0.30362211
     iwann =     2   alpha =      0.30362202
     iwann =     3   alpha =      0.30362194
     iwann =     4   alpha =      0.30362205
     iwann =     5   alpha =      0.20660002
     iwann =     6   alpha =      0.20659986
     iwann =     7   alpha =      0.20659997
     iwann =     8   alpha =      0.20659965

     INFO: MLWF read from file: Reading collected, re-writing distributed wavefunctions

        KS Hamiltonian calculation at k=      0.0000      0.0000      0.0000   ...    DONE 

        WANN    -5.4905   6.5463   6.5463   6.5463   9.9710   9.9710   9.9710  10.0101
        PWSCF   -5.4905   6.5463   6.5463   6.5463   8.9866   8.9866   8.9866   9.8775

        KS Hamiltonian calculation at k=     -0.5000      0.5000     -0.5000   ...    DONE 

        WANN    -3.1401  -0.5116   5.3079   5.3079   8.7454  12.5388  12.5388  15.5129
        PWSCF   -3.1401  -0.5116   5.3079   5.3079   8.0305   9.7641   9.7641  14.1717

        KS Hamiltonian calculation at k=      0.5000      0.5000      0.5000   ...    DONE 

        WANN    -3.1401  -0.5116   5.3079   5.3079   8.7454  12.5388  12.5388  15.5129
        PWSCF   -3.1401  -0.5116   5.3079   5.3079   8.0305   9.7641   9.7641  14.1717

        KS Hamiltonian calculation at k=      0.0000      1.0000      0.0000   ...    DONE 

        WANN    -1.3252  -1.3252   3.6152   3.6152   7.1423   7.1423  16.7079  16.7079
        PWSCF   -1.3252  -1.3252   3.6152   3.6152   7.1423   7.1423  16.6030  16.6030

        KS Hamiltonian calculation at k=     -0.5000     -0.5000      0.5000   ...    DONE 

        WANN    -3.1401  -0.5116   5.3079   5.3079   8.7454  12.5388  12.5388  15.5129
        PWSCF   -3.1401  -0.5116   5.3079   5.3079   8.0305   9.7641   9.7641  14.1717

        KS Hamiltonian calculation at k=     -1.0000      0.0000      0.0000   ...    DONE 

        WANN    -1.3252  -1.3252   3.6152   3.6152   7.1423   7.1423  16.7079  16.7079
        PWSCF   -1.3252  -1.3252   3.6152   3.6152   7.1423   7.1423  16.6030  16.6030

        KS Hamiltonian calculation at k=      0.0000      0.0000      1.0000   ...    DONE 

        WANN    -1.3252  -1.3252   3.6152   3.6152   7.1423   7.1423  16.7079  16.7079
        PWSCF   -1.3252  -1.3252   3.6152   3.6152   7.1423   7.1423  16.6030  16.6030

        KS Hamiltonian calculation at k=     -0.5000      0.5000      0.5000   ...    DONE 

        WANN    -3.1401  -0.5116   5.3079   5.3079   8.7454  12.5388  12.5388  15.5129
        PWSCF   -3.1401  -0.5116   5.3079   5.3079   8.0305   9.7641   9.7641  14.1717

     INFO: Coulomb q+G=0 treatment:
     INFO: Divergence            none    
     INFO: q-grid dimension         2   2   2
     INFO: Gamma Extrapolation       F
     INFO: q->0 term not estimated
     INFO: Bare Coulomb G0            0.00000E+00

     INFO: READING Wannier-orbital Densities ...

        ==============================================================================
        iq =     1
        The  Wannier density at  q =    0.0000000   0.0000000   0.0000000  [Cart ]
        The  Wannier density at  q =    0.0000000   0.0000000   0.0000000  [Cryst]
        ==============================================================================


        ==============================================================================
        iq =     2
        The  Wannier density at  q =   -0.5000000   0.5000000  -0.5000000  [Cart ]
        The  Wannier density at  q =    0.0000000   0.0000000   0.5000000  [Cryst]
        ==============================================================================


        ==============================================================================
        iq =     3
        The  Wannier density at  q =    0.5000000   0.5000000   0.5000000  [Cart ]
        The  Wannier density at  q =    0.0000000   0.5000000   0.0000000  [Cryst]
        ==============================================================================


        ==============================================================================
        iq =     4
        The  Wannier density at  q =    0.0000000   1.0000000   0.0000000  [Cart ]
        The  Wannier density at  q =    0.0000000   0.5000000   0.5000000  [Cryst]
        ==============================================================================


        ==============================================================================
        iq =     5
        The  Wannier density at  q =   -0.5000000  -0.5000000   0.5000000  [Cart ]
        The  Wannier density at  q =    0.5000000   0.0000000   0.0000000  [Cryst]
        ==============================================================================


        ==============================================================================
        iq =     6
        The  Wannier density at  q =   -1.0000000   0.0000000   0.0000000  [Cart ]
        The  Wannier density at  q =    0.5000000   0.0000000   0.5000000  [Cryst]
        ==============================================================================


        ==============================================================================
        iq =     7
        The  Wannier density at  q =    0.0000000   0.0000000   1.0000000  [Cart ]
        The  Wannier density at  q =    0.5000000   0.5000000   0.0000000  [Cryst]
        ==============================================================================


        ==============================================================================
        iq =     8
        The  Wannier density at  q =   -0.5000000   0.5000000   0.5000000  [Cart ]
        The  Wannier density at  q =    0.5000000   0.5000000   0.5000000  [Cryst]
        ==============================================================================

     INFO: total number of wannier to compute    8 from     1 to     8
     INFO: PREPARING THE KCW CALCULATION ... DONE


     INFO: KI[2nd, (R=0,i=j)] CALCULATION ...

     The diagonal H(R=0)
     iwann   alpha       Real(H)       Im(H)
       1     0.3036    -0.06300795  0.00000000
       2     0.3036    -0.06300793  0.00000000
       3     0.3036    -0.06300791  0.00000000
       4     0.3036    -0.06300794  0.00000000
       5     0.2066     0.01317709 -0.00000000
       6     0.2066     0.01317707  0.00000000
       7     0.2066     0.01317708 -0.00000000
       8     0.2066     0.01317707 -0.00000000
     INFO: KI[2nd, (R=0,i=j)] CALCULATION ... DONE

     INFO: Skipping off-diag: only R=0 and i=j

     INFO: KC SCALAR TERM CALCULATION ... START

     INFO: KC SCALAR TERM CALCULATION ... END

          k = 0.0000 0.0000 0.0000     band energies (ev):

          KS    -5.4905   6.5463   6.5463   6.5463   9.9710   9.9710   9.9710  10.0101
          KI    -6.3478   5.6891   5.6891   5.6891  10.1503  10.1503  10.1503  10.1894

          k =-0.5000 0.5000-0.5000     band energies (ev):

          KS    -3.1401  -0.5116   5.3079   5.3079   8.7454  12.5388  12.5388  15.5129
          KI    -3.9974  -1.3689   4.4506   4.4506   8.9247  12.7181  12.7181  15.6922

          k = 0.5000 0.5000 0.5000     band energies (ev):

          KS    -3.1401  -0.5116   5.3079   5.3079   8.7454  12.5388  12.5388  15.5129
          KI    -3.9974  -1.3689   4.4506   4.4506   8.9247  12.7181  12.7181  15.6922

          k = 0.0000 1.0000 0.0000     band energies (ev):

          KS    -1.3252  -1.3252   3.6152   3.6152   7.1423   7.1423  16.7079  16.7079
          KI    -2.1824  -2.1824   2.7579   2.7579   7.3215   7.3215  16.8872  16.8872

          k =-0.5000-0.5000 0.5000     band energies (ev):

          KS    -3.1401  -0.5116   5.3079   5.3079   8.7454  12.5388  12.5388  15.5129
          KI    -3.9974  -1.3689   4.4506   4.4506   8.9247  12.7181  12.7181  15.6922

          k =-1.0000 0.0000 0.0000     band energies (ev):

          KS    -1.3252  -1.3252   3.6152   3.6152   7.1423   7.1423  16.7079  16.7079
          KI    -2.1824  -2.1824   2.7579   2.7580   7.3215   7.3215  16.8872  16.8872

          k = 0.0000 0.0000 1.0000     band energies (ev):

          KS    -1.3252  -1.3252   3.6152   3.6152   7.1423   7.1423  16.7079  16.7079
          KI    -2.1824  -2.1824   2.7579   2.7580   7.3215   7.3215  16.8872  16.8872

          k =-0.5000 0.5000 0.5000     band energies (ev):

          KS    -3.1401  -0.5116   5.3079   5.3079   8.7454  12.5388  12.5388  15.5129
          KI    -3.9974  -1.3689   4.4506   4.4506   8.9247  12.7181  12.7181  15.6922

        KS       highest occupied, lowest unoccupied level (ev):     6.5463    7.1423
        KI[2nd]  highest occupied, lowest unoccupied level (ev):     5.6891    7.3215

     ====================================
     STARTING BAND STRUCTURE INTERPOLATION
     ====================================

        KC interpolated eigenvalues at k=      0.0000      0.0000      0.0000

        -6.3478   5.6891   5.6891   5.6891  10.1503  10.1503  10.1503  10.1894

        KC interpolated eigenvalues at k=      0.0500      0.0000      0.0500

        -6.3228   5.5733   5.6173   5.6173   9.9527  10.3046  10.3436  10.3436

        KC interpolated eigenvalues at k=      0.1000      0.0000      0.1000

        -6.2443   5.2312   5.4090   5.4090   9.6301  10.3718  10.8967  10.8967

        KC interpolated eigenvalues at k=      0.1500      0.0000      0.1500

        -6.1022   4.6788   5.0845   5.0845   9.1963  10.3598  11.7341  11.7341

        KC interpolated eigenvalues at k=      0.2000      0.0000      0.2000

        -5.8819   3.9415   4.6758   4.6758   8.6785  10.2327  12.7477  12.7477

        KC interpolated eigenvalues at k=      0.2500      0.0000      0.2500

        -5.5662   3.0531   4.2228   4.2228   8.1304   9.9576  13.8171  13.8171

        KC interpolated eigenvalues at k=      0.3000      0.0000      0.3000

        -5.1391   2.0534   3.7700   3.7700   7.6236   9.5273  14.8295  14.8295

        KC interpolated eigenvalues at k=      0.3500      0.0000      0.3500

        -4.5882   0.9864   3.3616   3.3616   7.2354   8.9723  15.6939  15.6939

        KC interpolated eigenvalues at k=      0.4000      0.0000      0.4000

        -3.9082  -0.1033   3.0376   3.0376   7.0337   8.3595  16.3469  16.3469

        KC interpolated eigenvalues at k=      0.4500      0.0000      0.4500

        -3.1019  -1.1724   2.8296   2.8296   7.0609   7.7786  16.7508  16.7508

        KC interpolated eigenvalues at k=      0.5000      0.0000      0.5000

        -2.1824  -2.1824   2.7579   2.7580   7.3215   7.3215  16.8872  16.8872

        KC interpolated eigenvalues at k=      0.5125      0.0250      0.5125

        -2.1872  -2.1786   2.7530   2.7639   7.3245   7.3392  16.8700  16.8984

        KC interpolated eigenvalues at k=      0.5250      0.0500      0.5250

        -2.2018  -2.1670   2.7385   2.7816   7.3335   7.3919  16.8188  16.9313

        KC interpolated eigenvalues at k=      0.5375      0.0750      0.5375

        -2.2267  -2.1473   2.7157   2.8109   7.3491   7.4786  16.7342  16.9841

        KC interpolated eigenvalues at k=      0.5500      0.1000      0.5500

        -2.2629  -2.1187   2.6864   2.8514   7.3718   7.5976  16.6174  17.0540

        KC interpolated eigenvalues at k=      0.5625      0.1250      0.5625

        -2.3114  -2.0806   2.6532   2.9029   7.4024   7.7465  16.4698  17.1370

        KC interpolated eigenvalues at k=      0.5750      0.1500      0.5750

        -2.3737  -2.0318   2.6191   2.9646   7.4417   7.9224  16.2935  17.2286

        KC interpolated eigenvalues at k=      0.5875      0.1750      0.5875

        -2.4509  -1.9711   2.5873   3.0361   7.4905   8.1221  16.0908  17.3235

        KC interpolated eigenvalues at k=      0.6000      0.2000      0.6000

        -2.5441  -1.8973   2.5612   3.1165   7.5491   8.3415  15.8642  17.4162

        KC interpolated eigenvalues at k=      0.6125      0.2250      0.6125

        -2.6540  -1.8090   2.5439   3.2052   7.6180   8.5766  15.6166  17.5012

        KC interpolated eigenvalues at k=      0.6250      0.2500      0.6250

        -2.7809  -1.7048   2.5382   3.3011   7.6971   8.8230  15.3511  17.5727

        KC interpolated eigenvalues at k=      0.3750      0.3750      0.7500

        -2.7809  -1.7048   2.5382   3.3011   7.6971   8.8230  15.3511  17.5727

        KC interpolated eigenvalues at k=      0.3375      0.3375      0.6750

        -3.2552  -1.2847   2.6091   3.6234   7.9905   9.5838  14.4798  17.6551

        KC interpolated eigenvalues at k=      0.3000      0.3000      0.6000

        -3.8288  -0.6842   2.8246   3.9767   8.3463  10.2846  13.5656  17.4514

        KC interpolated eigenvalues at k=      0.2625      0.2625      0.5250

        -4.4283   0.1026   3.1679   4.3349   8.7246  10.8255  12.6908  16.8973

        KC interpolated eigenvalues at k=      0.2250      0.2250      0.4500

        -4.9846   1.0518   3.6027   4.6750   9.0833  11.1455  11.9197  15.9969

        KC interpolated eigenvalues at k=      0.1875      0.1875      0.3750

        -5.4522   2.1070   4.0861   4.9788   9.3897  11.2319  11.2916  14.8242

        KC interpolated eigenvalues at k=      0.1500      0.1500      0.3000

        -5.8121   3.1830   4.5733   5.2340   9.6276  10.8195  11.1195  13.5112

        KC interpolated eigenvalues at k=      0.1125      0.1125      0.2250

        -6.0667   4.1766   5.0181   5.4340   9.7993  10.4938  10.8783  12.2272

        KC interpolated eigenvalues at k=      0.0750      0.0750      0.1500

        -6.2302   4.9818   5.3760   5.5763   9.9236  10.2909  10.5916  11.1506

        KC interpolated eigenvalues at k=      0.0375      0.0375      0.0750

        -6.3196   5.5068   5.6085   5.6610  10.0319  10.1835  10.3230  10.4454

        KC interpolated eigenvalues at k=      0.0000      0.0000      0.0000

        -6.3478   5.6891   5.6891   5.6891  10.1503  10.1503  10.1503  10.1894

        KC interpolated eigenvalues at k=      0.0500      0.0500      0.0500

        -6.3291   5.5552   5.6588   5.6588  10.0637  10.2131  10.2131  10.3807

        KC interpolated eigenvalues at k=      0.1000      0.1000      0.1000

        -6.2707   5.1625   5.5708   5.5708   9.9624  10.3955  10.3955  10.7858

        KC interpolated eigenvalues at k=      0.1500      0.1500      0.1500

        -6.1663   4.5373   5.4338   5.4338   9.8300  10.6795  10.6795  11.3912

        KC interpolated eigenvalues at k=      0.2000      0.2000      0.2000

        -6.0061   3.7210   5.2612   5.2612   9.6692  11.0374  11.0375  12.1482

        KC interpolated eigenvalues at k=      0.2500      0.2500      0.2500

        -5.7790   2.7665   5.0699   5.0699   9.4927  11.4341  11.4342  12.9856

        KC interpolated eigenvalues at k=      0.3000      0.3000      0.3000

        -5.4748   1.7350   4.8785   4.8785   9.3169  11.8309  11.8309  13.8222

        KC interpolated eigenvalues at k=      0.3500      0.3500      0.3500

        -5.0905   0.6945   4.7059   4.7059   9.1586  12.1888  12.1888  14.5767

        KC interpolated eigenvalues at k=      0.4000      0.4000      0.4000

        -4.6431  -0.2736   4.5689   4.5689   9.0330  12.4728  12.4729  15.1754

        KC interpolated eigenvalues at k=      0.4500      0.4500      0.4500

        -4.2075  -1.0435   4.4809   4.4809   8.9524  12.6552  12.6552  15.5597

        KC interpolated eigenvalues at k=      0.5000      0.5000      0.5000

        -3.9974  -1.3689   4.4506   4.4506   8.9247  12.7181  12.7181  15.6922

        KC interpolated eigenvalues at k=      0.5000      0.4750      0.5250

        -3.9845  -1.3570   4.3934   4.4248   8.9045  12.5297  12.7728  15.8351

        KC interpolated eigenvalues at k=      0.5000      0.4500      0.5500

        -3.9448  -1.3243   4.2277   4.3484   8.8431  12.0600  12.9376  16.1701

        KC interpolated eigenvalues at k=      0.5000      0.4250      0.5750

        -3.8747  -1.2792   3.9717   4.2253   8.7401  11.4576  13.2114  16.5527

        KC interpolated eigenvalues at k=      0.5000      0.4000      0.6000

        -3.7691  -1.2369   3.6554   4.0611   8.6009  10.8181  13.5864  16.8948

        KC interpolated eigenvalues at k=      0.5000      0.3750      0.6250

        -3.6222  -1.2203   3.3204   3.8637   8.4390  10.1976  14.0446  17.1506

        KC interpolated eigenvalues at k=      0.5000      0.3500      0.6500

        -3.4288  -1.2580   3.0170   3.6427   8.2741   9.6341  14.5596  17.2957

        KC interpolated eigenvalues at k=      0.5000      0.3250      0.6750

        -3.1862  -1.3776   2.7944   3.4097   8.1279   9.1559  15.0988  17.3193

        KC interpolated eigenvalues at k=      0.5000      0.3000      0.7000

        -2.8965  -1.5906   2.6849   3.1785   8.0195   8.7859  15.6253  17.2223

        KC interpolated eigenvalues at k=      0.5000      0.2750      0.7250

        -2.5688  -1.8830   2.6920   2.9665   7.9587   8.5463  16.0908  17.0257

        KC interpolated eigenvalues at k=      0.5000      0.2500      0.7500

        -2.2213  -2.2213   2.7954   2.7954   7.9409   8.4616  16.3437  16.8644

        KC interpolated eigenvalues at k=      0.5000      0.2250      0.7250

        -2.2203  -2.2203   2.7945   2.7945   7.9255   8.4316  16.3592  16.8653

        KC interpolated eigenvalues at k=      0.5000      0.2000      0.7000

        -2.2176  -2.2176   2.7919   2.7919   7.8808   8.3452  16.4032  16.8676

        KC interpolated eigenvalues at k=      0.5000      0.1750      0.6750

        -2.2133  -2.2133   2.7877   2.7877   7.8114   8.2126  16.4698  16.8710

        KC interpolated eigenvalues at k=      0.5000      0.1500      0.6500

        -2.2079  -2.2079   2.7825   2.7825   7.7244   8.0488  16.5504  16.8748

        KC interpolated eigenvalues at k=      0.5000      0.1250      0.6250

        -2.2019  -2.2019   2.7768   2.7768   7.6285   7.8713  16.6357  16.8786

        KC interpolated eigenvalues at k=      0.5000      0.1000      0.6000

        -2.1959  -2.1959   2.7710   2.7710   7.5330   7.6976  16.7172  16.8818

        KC interpolated eigenvalues at k=      0.5000      0.0750      0.5750

        -2.1905  -2.1905   2.7657   2.7657   7.4474   7.5440  16.7877  16.8843

        KC interpolated eigenvalues at k=      0.5000      0.0500      0.5500

        -2.1862  -2.1862   2.7616   2.7616   7.3797   7.4239  16.8418  16.8860

        KC interpolated eigenvalues at k=      0.5000      0.0250      0.5250

        -2.1834  -2.1834   2.7589   2.7589   7.3364   7.3477  16.8757  16.8869

        KC interpolated eigenvalues at k=      0.5000      0.0000      0.5000

        -2.1824  -2.1824   2.7579   2.7580   7.3215   7.3215  16.8872  16.8872

     ENDING BAND STRUCTURE INTERPOLATION


     Writing all to output data dir /home/nicola/Scrivania/CODES/git/koopmans/quantum_espresso/qe_koopmans/tempdir/Si_kcw.save/
 
     KCW          :      0.20s CPU      0.26s WALL

     INITIALIZATION: 
 
     init_vloc    :      0.00s CPU      0.00s WALL (       1 calls)
     init_us_1    :      0.00s CPU      0.00s WALL (       1 calls)
 
 
 
 
 
     h_psi        :      0.00s CPU      0.01s WALL (       8 calls)
 
     h_psi        :      0.00s CPU      0.01s WALL (       8 calls)
     add_vuspsi   :      0.00s CPU      0.00s WALL (       8 calls)
 
 
 
      General routines
     calbec       :      0.00s CPU      0.00s WALL (       8 calls)
     fft          :      0.00s CPU      0.00s WALL (      18 calls)
     ffts         :      0.04s CPU      0.04s WALL (     896 calls)
     fftw         :      0.00s CPU      0.00s WALL (     128 calls)
     davcio       :      0.01s CPU      0.02s WALL (      80 calls)
 
 
     KCW          :      0.20s CPU      0.26s WALL

 
   This run was terminated on:  15: 5:55   7Feb2022            

=------------------------------------------------------------------------------=
   JOB DONE.
=------------------------------------------------------------------------------=
