
     Program POST-PROC v.3.2    starts ...
     Today is  8Nov2006 at  4:54:59 

     nbndx  =    18  nbnd   =    18  natomwfc =    18  npwx   =     290
     nelec  =  10.00  nkb   =    26  ngl    =     119

     Check: negative/imaginary core charge=   -0.000004    0.000000

 **************************************************************************

                    xk=(   0.00000,   0.00000,   0.00000  )

     double point group O_h (m-3m) 
     there are 16 classes and  6 irreducible representations
     the character table:

       E     -E    8C3   -8C3   3C2  6C4   -6C4   6C2' i     -i    8S6   -8S6 
                               -3C2              -6C2'                        
G_6+   2.00 -2.00  1.00 -1.00  0.00  1.41 -1.41  0.00  2.00 -2.00  1.00 -1.00
G_7+   2.00 -2.00  1.00 -1.00  0.00 -1.41  1.41  0.00  2.00 -2.00  1.00 -1.00
G_8+   4.00 -4.00 -1.00  1.00  0.00  0.00  0.00  0.00  4.00 -4.00 -1.00  1.00
G_6-   2.00 -2.00  1.00 -1.00  0.00  1.41 -1.41  0.00 -2.00  2.00 -1.00  1.00
G_7-   2.00 -2.00  1.00 -1.00  0.00 -1.41  1.41  0.00 -2.00  2.00 -1.00  1.00
G_8-   4.00 -4.00 -1.00  1.00  0.00  0.00  0.00  0.00 -4.00  4.00  1.00 -1.00

        3s_h 6S4   -6S4   6s_d
       -3s_h             -6s_d
G_6+   0.00  1.41 -1.41  0.00
G_7+   0.00 -1.41  1.41  0.00
G_8+   0.00  0.00  0.00  0.00
G_6-   0.00 -1.41  1.41  0.00
G_7-   0.00  1.41 -1.41  0.00
G_8-   0.00  0.00  0.00  0.00

     the symmetry operations in each class:
     E             1
      3C2 -3C2     2   -2    4   -4    3   -3
      6C2'-6C2'    5   -5    6   -6   14  -13  -14   13  -10   -9   10    9
     6C4           7    8   15   16   12   11
     8C3          17   19   20   18   24   21   22   23
     i            25
      3s_h-3s_h   26  -26   28  -28   27  -27
      6s_d-6s_d   29  -29   30  -30   38  -37  -38   37  -34  -33   34   33
     6S4          31   32   39   40   36   35
     8S6          41   43   44   42   48   45   46   47
     -E           -1
     -6C4         -7   -8  -15  -16  -12  -11
     -8C3        -17  -19  -20  -18  -24  -21  -22  -23
     -i          -25
     -6S4        -31  -32  -39  -40  -36  -35
     -8S6        -41  -43  -44  -42  -48  -45  -46  -47

     Band symmetry, O_h (m-3m)  double point group:

     e(  1 -  2) =      7.27272  eV     2   --> G_6+           
     e(  3 -  6) =     13.29776  eV     4   --> G_8+           
     e(  7 -  8) =     14.29137  eV     2   --> G_7+           
     e(  9 - 12) =     16.11914  eV     4   --> G_8+           
     e( 13 - 14) =     38.36106  eV     2   --> G_6-           
     e( 15 - 18) =     39.65392  eV     4   --> G_8-           

 **************************************************************************

 **************************************************************************

                    xk=(   0.10000,   0.00000,   0.00000  )

     double point group C_4v (4mm) 
     there are  7 classes and  2 irreducible representations
     the character table:

       E     -E    2C4   -2C4   C2    2s_v  2s_d
                               -C2   -2s_v -2s_d
G_6    2.00 -2.00  1.41 -1.41  0.00  0.00  0.00
G_7    2.00 -2.00 -1.41  1.41  0.00  0.00  0.00

     the symmetry operations in each class:
     E             1
      C2  -C2      2   -2
     2C4           3    4
      2s_v-2s_v    5   -5    6   -6
      2s_d-2s_d    7   -7   -8    8
     -E           -1
     -2C4         -3   -4

     Band symmetry, C_4v (4mm)  double point group:

     e(  1 -  2) =      7.40600  eV     2   --> G_6   D_6      
     e(  3 -  4) =     13.26576  eV     2   --> G_7   D_7      
     e(  5 -  6) =     13.35464  eV     2   --> G_6   D_6      
     e(  7 -  8) =     14.31516  eV     2   --> G_7   D_7      
     e(  9 - 10) =     16.03355  eV     2   --> G_6   D_6      
     e( 11 - 12) =     16.15064  eV     2   --> G_7   D_7      
     e( 13 - 14) =     35.02252  eV     2   --> G_7   D_7      
     e( 15 - 16) =     38.07545  eV     2   --> G_6   D_6      
     e( 17 - 18) =     39.12514  eV     2   --> G_6   D_6      

 **************************************************************************

 **************************************************************************

                    xk=(   1.00000,   0.00000,   0.00000  )

     double point group D_4h(4/mmm)
     there are 14 classes and  4 irreducible representations
     the character table:

       E     -E    2C4   -2C4   C2    2C2' 2C2'' i     -i    2S4   -2S4   s_h 
                               -C2   -2C2' -2C2'                         -s_h 
G_6+   2.00 -2.00  1.41 -1.41  0.00  0.00  0.00  2.00 -2.00  1.41 -1.41  0.00
G_7+   2.00 -2.00 -1.41  1.41  0.00  0.00  0.00  2.00 -2.00 -1.41  1.41  0.00
G_6-   2.00 -2.00  1.41 -1.41  0.00  0.00  0.00 -2.00  2.00 -1.41  1.41  0.00
G_7-   2.00 -2.00 -1.41  1.41  0.00  0.00  0.00 -2.00  2.00  1.41 -1.41  0.00

        2s_v  2s_d
       -2s_v -2s_d
G_6+   0.00  0.00
G_7+   0.00  0.00
G_6-   0.00  0.00
G_7-   0.00  0.00

     the symmetry operations in each class:
     E             1
      2C2'-2C2'    2   -2    3   -3
      C2  -C2      4   -4
     2C2''-2C2'    5    6   -6   -5
     2C4           7    8
     i             9
      2s_v-2s_v   10  -10   11  -11
      s_h -s_h    12  -12
      2s_d-2s_d   13   14  -14  -13
     2S4          15   16
     -E           -1
     -2C4         -7   -8
     -i           -9
     -2S4        -15  -16

     Band symmetry, D_4h(4/mmm) double point group:

     e(  1 -  2) =     10.44173  eV     2   --> G_6+  M_6+     
     e(  3 -  4) =     10.87340  eV     2   --> G_7+  M_7+     
     e(  5 -  6) =     17.37433  eV     2   --> G_7+  M_7+     
     e(  7 -  8) =     17.67764  eV     2   --> G_6+  M_6+     
     e(  9 - 10) =     18.65947  eV     2   --> G_7+  M_7+     
     e( 11 - 12) =     19.10267  eV     2   --> G_6-  M_6-     
     e( 13 - 14) =     26.26897  eV     2   --> G_6+  M_6+     
     e( 15 - 16) =     28.73750  eV     2   --> G_6-  M_6-     
     e( 17 - 18) =     30.28070  eV     2   --> G_7-  M_7-     

 **************************************************************************

 **************************************************************************

                    xk=(   0.40000,   0.20000,   0.10000  )

     double point group C_1 (1)    
     there are  2 classes and  1 irreducible representations
     the character table:

       E     -E   
                  
G_2    1.00 -1.00

     the symmetry operations in each class:
     E             1
     -E           -1

     Band symmetry, C_1 (1)     double point group:

     e(  1 -  2) =      9.65964  eV     2   -->   2 G_2            
     e(  3 -  4) =     12.67683  eV     2   -->   2 G_2            
     e(  5 -  6) =     13.67370  eV     2   -->   2 G_2            
     e(  7 -  8) =     14.94382  eV     2   -->   2 G_2            
     e(  9 - 10) =     15.71823  eV     2   -->   2 G_2            
     e( 11 - 12) =     16.93311  eV     2   -->   2 G_2            
     e( 13 - 14) =     32.05036  eV     2   -->   2 G_2            
     e( 15 - 16) =     35.78190  eV     2   -->   2 G_2            
     e( 17 - 18) =     37.60569  eV     2   -->   2 G_2            

 **************************************************************************

 **************************************************************************

                    xk=(   0.40000,   0.40000,   0.00000  )

     double point group C_2v (mm2) 
     there are  5 classes and  1 irreducible representations
     the character table:

       E     -E     C2    s_v   s_v'
                   -C2   -s_v  -s_v'
G_5    2.00 -2.00  0.00  0.00  0.00

     the symmetry operations in each class:
     E             1
      C2  -C2      2   -2
      s_v -s_v     3   -3
      s_v'-s_v'    4   -4
     -E           -1

     Band symmetry, C_2v (mm2)  double point group:

     e(  1 -  2) =     10.63626  eV     2   --> G_5  D_5       
     e(  3 -  4) =     12.67767  eV     2   --> G_5  D_5       
     e(  5 -  6) =     13.51673  eV     2   --> G_5  D_5       
     e(  7 -  8) =     15.02063  eV     2   --> G_5  D_5       
     e(  9 - 10) =     15.45483  eV     2   --> G_5  D_5       
     e( 11 - 12) =     18.07541  eV     2   --> G_5  D_5       
     e( 13 - 14) =     30.35064  eV     2   --> G_5  D_5       
     e( 15 - 16) =     32.89537  eV     2   --> G_5  D_5       
     e( 17 - 18) =     37.60597  eV     2   --> G_5  D_5       

 **************************************************************************

 **************************************************************************

                    xk=(   0.40000,   0.40000,   0.40000  )

     double point group C_3v (3m)  
     there are  6 classes and  3 irreducible representations
     the character table:

       E     -E    2C3   -2C3  3s_v  -3s_v
                                          
G_4    2.00 -2.00  1.00 -1.00  0.00  0.00
G_5    1.00 -1.00 -1.00  1.00  0.00  0.00
G_6    1.00 -1.00 -1.00  1.00  0.00  0.00

     imaginary part

       E     -E    2C3   -2C3  3s_v  -3s_v
                                          
G_4    0.00  0.00  0.00  0.00  0.00  0.00
G_5    0.00  0.00  0.00  0.00  1.00 -1.00
G_6    0.00  0.00  0.00  0.00 -1.00  1.00

     the symmetry operations in each class:
     E             1
     2C3           2    3
     3s_v          4    5    6
     -E           -1
     -2C3         -2   -3
     -3s_v        -4   -5   -6

     Band symmetry, C_3v (3m)   double point group:

     e(  1 -  2) =     10.15552  eV     2   --> G_4   L_6      
     e(  3 -  4) =     13.22709  eV     2   --> G_5   L_4      
     e(  3 -  4) =     13.22709  eV     2   --> G_6   L_5      
     e(  5 -  6) =     14.27670  eV     2   --> G_4   L_6      
     e(  7 -  8) =     15.38927  eV     2   --> G_4   L_6      
     e(  9 - 10) =     17.06796  eV     2   --> G_4   L_6      
     e( 11 - 12) =     17.63220  eV     2   --> G_5   L_4      
     e( 11 - 12) =     17.63220  eV     2   --> G_6   L_5      
     e( 13 - 14) =     25.37113  eV     2   --> G_4   L_6      
     e( 15 - 16) =     34.29233  eV     2   --> G_4   L_6      
     e( 17 - 18) =     37.68821  eV     2   --> G_4   L_6      

 **************************************************************************

 **************************************************************************

                    xk=(   0.50000,   0.50000,   0.50000  )

     double point group D_3d (-3m) 
     there are 12 classes and  6 irreducible representations
     the character table:

       E     -E    2C3   -2C3  3s_v  -3s_v i     -i    2S6   -2S6  3C2'  -3C2'
                                                                              
G_4+   2.00 -2.00  1.00 -1.00  0.00  0.00  2.00 -2.00  1.00 -1.00  0.00  0.00
G_5+   1.00 -1.00 -1.00  1.00  0.00  0.00  1.00 -1.00 -1.00  1.00  0.00  0.00
G_6+   1.00 -1.00 -1.00  1.00  0.00  0.00  1.00 -1.00 -1.00  1.00  0.00  0.00
G_4-   2.00 -2.00  1.00 -1.00  0.00  0.00 -2.00  2.00 -1.00  1.00  0.00  0.00
G_5-   1.00 -1.00 -1.00  1.00  0.00  0.00 -1.00  1.00  1.00 -1.00  0.00  0.00
G_6-   1.00 -1.00 -1.00  1.00  0.00  0.00 -1.00  1.00  1.00 -1.00  0.00  0.00

     imaginary part

       E     -E    2C3   -2C3  3s_v  -3s_v i     -i    2S6   -2S6  3C2'  -3C2'
                                                                              
G_4+   0.00  0.00  0.00  0.00  0.00  0.00  0.00  0.00  0.00  0.00  0.00  0.00
G_5+   0.00  0.00  0.00  0.00  1.00 -1.00  0.00  0.00  0.00  0.00  1.00 -1.00
G_6+   0.00  0.00  0.00  0.00 -1.00  1.00  0.00  0.00  0.00  0.00 -1.00  1.00
G_4-   0.00  0.00  0.00  0.00  0.00  0.00  0.00  0.00  0.00  0.00  0.00  0.00
G_5-   0.00  0.00  0.00  0.00  1.00 -1.00  0.00  0.00  0.00  0.00 -1.00  1.00
G_6-   0.00  0.00  0.00  0.00 -1.00  1.00  0.00  0.00  0.00  0.00  1.00 -1.00

     the symmetry operations in each class:
     E             1
     3C2'          2    4    3
     2C3           5    6
     i             7
     3s_v          8   10    9
     2S6          11   12
     -E           -1
     -3C2'        -2   -4   -3
     -2C3         -5   -6
     -i           -7
     -3s_v        -8  -10   -9
     -2S6        -11  -12

     Band symmetry, D_3d (-3m)  double point group:

     e(  1 -  2) =     10.17419  eV     2   --> G_4+  L_6+     
     e(  3 -  4) =     13.14236  eV     2   --> G_5+  L_4+     
     e(  3 -  4) =     13.14236  eV     2   --> G_6+  L_5+     
     e(  5 -  6) =     14.15860  eV     2   --> G_4+  L_6+     
     e(  7 -  8) =     16.90326  eV     2   --> G_4-  L_6-     
     e(  9 - 10) =     17.29971  eV     2   --> G_4+  L_6+     
     e( 11 - 12) =     17.96365  eV     2   --> G_5+  L_4+     
     e( 11 - 12) =     17.96365  eV     2   --> G_6+  L_5+     
     e( 13 - 14) =     23.35781  eV     2   --> G_4+  L_6+     
     e( 15 - 16) =     33.87783  eV     2   --> G_4-  L_6-     
     e( 17 - 18) =     36.95415  eV     2   --> G_4-  L_6-     

 **************************************************************************

 **************************************************************************

                    xk=(   0.75000,   0.75000,   0.00000  )

     double point group C_2v (mm2) 
     there are  5 classes and  1 irreducible representations
     the character table:

       E     -E     C2    s_v   s_v'
                   -C2   -s_v  -s_v'
G_5    2.00 -2.00  0.00  0.00  0.00

     the symmetry operations in each class:
     E             1
      C2  -C2      2   -2
      s_v -s_v     3   -3
      s_v'-s_v'    4   -4
     -E           -1

     Band symmetry, C_2v (mm2)  double point group:

     e(  1 -  2) =     11.23704  eV     2   --> G_5  D_5       
     e(  3 -  4) =     11.98633  eV     2   --> G_5  D_5       
     e(  5 -  6) =     14.56703  eV     2   --> G_5  D_5       
     e(  7 -  8) =     16.24928  eV     2   --> G_5  D_5       
     e(  9 - 10) =     17.53366  eV     2   --> G_5  D_5       
     e( 11 - 12) =     23.32632  eV     2   --> G_5  D_5       
     e( 13 - 14) =     24.22490  eV     2   --> G_5  D_5       
     e( 15 - 16) =     27.55363  eV     2   --> G_5  D_5       
     e( 17 - 18) =     32.69171  eV     2   --> G_5  D_5       

 **************************************************************************
