
     Program PHONON    v.4.1CVS starts ...
     Today is 26Feb2009 at 16:19:26 

     Ultrasoft (Vanderbilt) Pseudopotentials

     Check: negative/imaginary core charge=   -0.000004    0.000000

     Calculation of q =    1.0000000   0.0000000   0.0000000


     bravais-lattice index     =            2
     lattice parameter (a_0)   =       7.4200  a.u.
     unit-cell volume          =     102.1296 (a.u.)^3
     number of atoms/cell      =            1
     number of atomic types    =            1
     number of electrons       =        10.00
     number of Kohn-Sham states=           18
     kinetic-energy cutoff     =      30.0000  Ry
     charge density cutoff     =     250.0000  Ry
     Exchange-correlation      =  SLA  PZ   NOGX NOGC (1100)
     Non magnetic calculation with spin-orbit


     celldm(1)=   7.420000  celldm(2)=   0.000000  celldm(3)=   0.000000
     celldm(4)=   0.000000  celldm(5)=   0.000000  celldm(6)=   0.000000

     crystal axes: (cart. coord. in units of a_0)
               a(1) = ( -0.500000  0.000000  0.500000 )  
               a(2) = (  0.000000  0.500000  0.500000 )  
               a(3) = ( -0.500000  0.500000  0.000000 )  

     reciprocal axes: (cart. coord. in units 2 pi/a_0)
               b(1) = ( -1.000000 -1.000000  1.000000 )  
               b(2) = (  1.000000  1.000000  1.000000 )  
               b(3) = ( -1.000000  1.000000 -1.000000 )  


     PseudoPot. # 1 for Pt read from file Pt.rel-pz-n-rrkjus.UPF
     Pseudo is Ultrasoft + core correction, Zval = 10.0
     Generated by new atomic code, or converted to UPF format
     Using radial grid of 1277 points,  6 beta functions with: 
                l(1) =   2
                l(2) =   2
                l(3) =   2
                l(4) =   2
                l(5) =   1
                l(6) =   1
     Q(r) pseudized with 0 coefficients 


     atomic species   valence    mass     pseudopotential
        Pt            10.00   195.07800     Pt( 1.00)

     48 Sym.Ops. (with inversion)


   Cartesian axes

     site n.     atom                  positions (a_0 units)
         1           Pt  tau(  1) = (   0.0000000   0.0000000   0.0000000  )

     number of k points=    6  gaussian broad. (Ry)=  0.0200     ngauss =   1
                       cart. coord. in units 2pi/a_0
        k(    1) = (  -0.2500000   0.2500000   0.2500000), wk =   0.2500000
        k(    2) = (   0.7500000   0.2500000   0.2500000), wk =   0.0000000
        k(    3) = (   0.2500000  -0.2500000   0.7500000), wk =   0.5000000
        k(    4) = (   1.2500000  -0.2500000   0.7500000), wk =   0.0000000
        k(    5) = (   0.7500000   0.2500000  -0.2500000), wk =   0.2500000
        k(    6) = (   1.7500000   0.2500000  -0.2500000), wk =   0.0000000

     G cutoff =  348.6487  (   6855 G-vectors)     FFT grid: ( 27, 27, 27)
     G cutoff =  167.3514  (   2229 G-vectors)  smooth grid: ( 20, 20, 20)

     Largest allocated arrays     est. size (Mb)     dimensions
        Kohn-Sham Wavefunctions         0.16 Mb     (    578,  18)
        NL pseudopotentials             0.11 Mb     (    289,  26)
        Each V/rho on FFT grid          0.30 Mb     (  19683)
        Each G-vector array             0.05 Mb     (   6855)
        G-vector shells                 0.00 Mb     (    119)
     Largest temporary arrays     est. size (Mb)     dimensions
        Auxiliary wavefunctions         0.64 Mb     (    578,  72)
        Each subspace H/S matrix        0.08 Mb     (     72,  72)
        Each <psi_i|beta_j> matrix      0.01 Mb     (     26,   2,  18)

     Check: negative/imaginary core charge=   -0.000004    0.000000

     The potential is recalculated from file :
     /home/smogunov/tmp/Pt.save/charge-density.dat

     Starting wfc are   18 atomic wfcs

     total cpu time spent up to now is      3.13 secs

     per-process dynamical memory:     8.7 Mb

     Band Structure Calculation
     Davidson diagonalization with overlap

     ethr =  1.00E-10,  avg # of iterations = 13.3

     total cpu time spent up to now is      7.90 secs

     End of band structure calculation

          k =-0.2500 0.2500 0.2500     band energies (ev):

     9.3170   9.3170  13.3107  13.3107  13.5799  13.5799  14.7743  14.7743
    16.0691  16.0691  16.6623  16.6623  31.1506  31.1506  35.9701  35.9701
    39.8081  39.8081

          k = 0.7500 0.2500 0.2500     band energies (ev):

    11.2910  11.2910  12.4161  12.4161  13.9359  13.9359  15.5889  15.5889
    17.8747  17.8747  20.6641  20.6641  25.0087  25.0087  31.6342  31.6342
    33.8373  33.8373

          k = 0.2500-0.2500 0.7500     band energies (ev):

    11.2910  11.2910  12.4161  12.4161  13.9359  13.9359  15.5889  15.5889
    17.8747  17.8747  20.6641  20.6641  25.0087  25.0087  31.6342  31.6342
    33.8373  33.8373

          k = 1.2500-0.2500 0.7500     band energies (ev):

    11.2910  11.2910  12.4161  12.4161  13.9359  13.9359  15.5889  15.5889
    17.8747  17.8747  20.6641  20.6641  25.0087  25.0087  31.6342  31.6342
    33.8373  33.8373

          k = 0.7500 0.2500-0.2500     band energies (ev):

    11.2910  11.2910  12.4161  12.4161  13.9359  13.9359  15.5889  15.5889
    17.8747  17.8747  20.6641  20.6641  25.0087  25.0087  31.6342  31.6342
    33.8373  33.8373

          k = 1.7500 0.2500-0.2500     band energies (ev):

     9.3170   9.3170  13.3107  13.3107  13.5799  13.5799  14.7743  14.7743
    16.0691  16.0691  16.6623  16.6623  31.1506  31.1506  35.9701  35.9701
    39.8081  39.8081

     the Fermi energy is    17.9295 ev

     Writing output data file Pt.save

                                                                                

     bravais-lattice index     =            2
     lattice parameter (a_0)   =       7.4200  a.u.
     unit-cell volume          =     102.1296 (a.u.)^3
     number of atoms/cell      =            1
     number of atomic types    =            1
     kinetic-energy cut-off    =      30.0000  Ry
     charge density cut-off    =     250.0000  Ry
     convergence threshold     =      1.0E-16
     beta                      =       0.7000
     number of iterations used =            4
     Exchange-correlation      =  SLA  PZ   NOGX NOGC (1100)
     Non magnetic calculation with spin-orbit

     celldm(1)=    7.42000  celldm(2)=    0.00000  celldm(3)=    0.00000
     celldm(4)=    0.00000  celldm(5)=    0.00000  celldm(6)=    0.00000

     crystal axes: (cart. coord. in units of a_0)
               a(1) = ( -0.5000  0.0000  0.5000 )  
               a(2) = (  0.0000  0.5000  0.5000 )  
               a(3) = ( -0.5000  0.5000  0.0000 )  

     reciprocal axes: (cart. coord. in units 2 pi/a_0)
               b(1) = ( -1.0000 -1.0000  1.0000 )  
               b(2) = (  1.0000  1.0000  1.0000 )  
               b(3) = ( -1.0000  1.0000 -1.0000 )  


     Atoms inside the unit cell: 

   Cartesian axes

     site n.  atom      mass           positions (a_0 units)
        1        Pt 195.0780   tau( 1) = (    0.00000    0.00000    0.00000  )

     Computing dynamical matrix for 
                    q = (   1.0000000   0.0000000   0.0000000 )
 
     17 Sym.Ops. (with q -> -q+G )


     G cutoff =  348.6487  (   6855 G-vectors)     FFT grid: ( 27, 27, 27)
     G cutoff =  167.3514  (   2229 G-vectors)  smooth grid: ( 20, 20, 20)
     number of k points=    6  gaussian broad. (Ry)=  0.0200     ngauss =   1
                       cart. coord. in units 2pi/a_0
        k(    1) = (  -0.2500000   0.2500000   0.2500000), wk =   0.2500000
        k(    2) = (   0.7500000   0.2500000   0.2500000), wk =   0.0000000
        k(    3) = (   0.2500000  -0.2500000   0.7500000), wk =   0.5000000
        k(    4) = (   1.2500000  -0.2500000   0.7500000), wk =   0.0000000
        k(    5) = (   0.7500000   0.2500000  -0.2500000), wk =   0.2500000
        k(    6) = (   1.7500000   0.2500000  -0.2500000), wk =   0.0000000

     PseudoPot. # 1 for Pt read from file Pt.rel-pz-n-rrkjus.UPF
     Pseudo is Ultrasoft + core correction, Zval = 10.0
     Generated by new atomic code, or converted to UPF format
     Using radial grid of 1277 points,  6 beta functions with: 
                l(1) =   2
                l(2) =   2
                l(3) =   2
                l(4) =   2
                l(5) =   1
                l(6) =   1
     Q(r) pseudized with 0 coefficients 



     Atomic displacements:
     There are   2 irreducible representations

     Representation     1      2 modes - To be done

     Representation     2      1 modes - To be done
     PHONON       :    16.55s CPU time,   17.79s wall time


     Alpha used in Ewald sum =   2.6000


     Representation #  1 modes #   1  2

     Self-consistent Calculation

      iter #   1 total cpu time :    21.9 secs   av.it.:   7.5
      thresh= 0.100E-01 alpha_mix =  0.700 |ddv_scf|^2 =  0.516E-06

      iter #   2 total cpu time :    26.9 secs   av.it.:  14.0
      thresh= 0.718E-04 alpha_mix =  0.700 |ddv_scf|^2 =  0.706E-07

      iter #   3 total cpu time :    31.8 secs   av.it.:  13.2
      thresh= 0.266E-04 alpha_mix =  0.700 |ddv_scf|^2 =  0.165E-09

      iter #   4 total cpu time :    36.7 secs   av.it.:  12.7
      thresh= 0.129E-05 alpha_mix =  0.700 |ddv_scf|^2 =  0.316E-12

      iter #   5 total cpu time :    41.6 secs   av.it.:  13.2
      thresh= 0.562E-07 alpha_mix =  0.700 |ddv_scf|^2 =  0.305E-14

      iter #   6 total cpu time :    46.5 secs   av.it.:  12.8
      thresh= 0.553E-08 alpha_mix =  0.700 |ddv_scf|^2 =  0.478E-16

     End of self-consistent calculation

     Convergence has been achieved 


     Representation #  2 mode #   3

     Self-consistent Calculation

      iter #   1 total cpu time :    48.8 secs   av.it.:   8.3
      thresh= 0.100E-01 alpha_mix =  0.700 |ddv_scf|^2 =  0.325E-04

      iter #   2 total cpu time :    51.3 secs   av.it.:  12.7
      thresh= 0.570E-03 alpha_mix =  0.700 |ddv_scf|^2 =  0.350E-04

      iter #   3 total cpu time :    53.7 secs   av.it.:  11.3
      thresh= 0.592E-03 alpha_mix =  0.700 |ddv_scf|^2 =  0.152E-08

      iter #   4 total cpu time :    56.3 secs   av.it.:  12.3
      thresh= 0.390E-05 alpha_mix =  0.700 |ddv_scf|^2 =  0.128E-10

      iter #   5 total cpu time :    58.7 secs   av.it.:  11.7
      thresh= 0.357E-06 alpha_mix =  0.700 |ddv_scf|^2 =  0.274E-12

      iter #   6 total cpu time :    61.2 secs   av.it.:  12.0
      thresh= 0.523E-07 alpha_mix =  0.700 |ddv_scf|^2 =  0.315E-15

      iter #   7 total cpu time :    63.7 secs   av.it.:  12.3
      thresh= 0.177E-08 alpha_mix =  0.700 |ddv_scf|^2 =  0.803E-18

     End of self-consistent calculation

     Convergence has been achieved 
 
     Number of q in the star =    3
     List of q in the star:
          1   1.000000000   0.000000000   0.000000000
          2   0.000000000   0.000000000   1.000000000
          3   0.000000000   1.000000000   0.000000000

     Diagonalizing the dynamical matrix

     q = (    1.000000000   0.000000000   0.000000000 ) 

 **************************************************************************
     omega( 1) =       3.670213 [THz] =     122.425946 [cm-1]
     omega( 2) =       3.670213 [THz] =     122.425946 [cm-1]
     omega( 3) =       5.809423 [THz] =     193.782795 [cm-1]
 **************************************************************************

     Mode symmetry, D_4h(4/mmm) point group:

     omega(  1 -  2) =        122.4  [cm-1]   --> E_u  X_5' M_5'     
     omega(  3 -  3) =        193.8  [cm-1]   --> A_2u X_4' M_4'     

 **************************************************************************
 
     PWSCF        :    60.61s CPU
     init_run     :     3.12s CPU
     electrons    :     4.77s CPU

     Called by init_run:
     wfcinit      :     0.00s CPU
     potinit      :     0.06s CPU

     Called by electrons:
     c_bands      :     4.77s CPU
     v_of_rho     :     0.01s CPU (       2 calls,   0.007 s avg)
     newd         :     0.39s CPU (       2 calls,   0.196 s avg)

     Called by c_bands:
     init_us_2    :     0.02s CPU (      63 calls,   0.000 s avg)
     cegterg      :     4.34s CPU (       6 calls,   0.724 s avg)

     Called by *egterg:
     h_psi        :     3.40s CPU (      92 calls,   0.037 s avg)
     s_psi        :     2.53s CPU (    1935 calls,   0.001 s avg)
     g_psi        :     0.03s CPU (      80 calls,   0.000 s avg)
     cdiaghg      :     0.33s CPU (      86 calls,   0.004 s avg)

     Called by h_psi:
     add_vuspsi   :     1.14s CPU (     985 calls,   0.001 s avg)

     General routines
     calbec       :     1.81s CPU (    2079 calls,   0.001 s avg)
     cft3         :     1.00s CPU (     311 calls,   0.003 s avg)
     cft3s        :    25.45s CPU (   40297 calls,   0.001 s avg)
     interpolate  :     0.04s CPU (       8 calls,   0.006 s avg)
     davcio       :     0.01s CPU (     389 calls,   0.000 s avg)
 
 
     PHONON       :  1m 3.76s CPU time,     1m 9.28s wall time

     INITIALIZATION: 
     phq_setup    :     0.04s CPU
     phq_init     :     5.33s CPU
 
     phq_init     :     5.33s CPU
     set_drhoc    :     1.93s CPU (       3 calls,   0.644 s avg)
     init_vloc    :     0.01s CPU (       2 calls,   0.007 s avg)
     init_us_1    :     4.77s CPU (       2 calls,   2.386 s avg)
     newd         :     0.39s CPU (       2 calls,   0.196 s avg)
     dvanqq       :     1.38s CPU
     drho         :     2.86s CPU
 
     DYNAMICAL MATRIX:
     dynmat0      :     1.48s CPU
     phqscf       :    45.72s CPU
     dynmatrix    :     0.00s CPU
 
     phqscf       :    45.72s CPU
     solve_linter :    45.56s CPU (       2 calls,  22.782 s avg)
     drhodv       :     0.15s CPU (       2 calls,   0.073 s avg)
 
     dynmat0      :     1.48s CPU
     dynmat_us    :     0.18s CPU
     d2ionq       :     0.00s CPU
     dynmatcc     :     1.29s CPU
 
     dynmat_us    :     0.18s CPU
     addusdynmat  :     0.05s CPU
 
     phqscf       :    45.72s CPU
     solve_linter :    45.56s CPU (       2 calls,  22.782 s avg)
 
     solve_linter :    45.56s CPU (       2 calls,  22.782 s avg)
     dvqpsi_us    :     0.62s CPU (       9 calls,   0.069 s avg)
     ortho        :     0.34s CPU (      57 calls,   0.006 s avg)
     cgsolve      :    27.13s CPU (      57 calls,   0.476 s avg)
     incdrhoscf   :     1.82s CPU (      57 calls,   0.032 s avg)
     addusddens   :     5.90s CPU (      15 calls,   0.394 s avg)
     vpsifft      :     1.41s CPU (      48 calls,   0.029 s avg)
     dv_of_drho   :     0.37s CPU (      19 calls,   0.019 s avg)
     mix_pot      :     0.24s CPU (      13 calls,   0.018 s avg)
     symdvscf     :     0.79s CPU (      13 calls,   0.061 s avg)
     newdq        :     6.73s CPU (      13 calls,   0.518 s avg)
     adddvscf     :     0.17s CPU (      48 calls,   0.004 s avg)
     drhodvus     :     0.00s CPU (       2 calls,   0.002 s avg)
 
     dvqpsi_us    :     0.62s CPU (       9 calls,   0.069 s avg)
     dvqpsi_us_on :     0.21s CPU (       9 calls,   0.023 s avg)
 
     cgsolve      :    27.13s CPU (      57 calls,   0.476 s avg)
     ch_psi       :    26.77s CPU (     893 calls,   0.030 s avg)
 
     ch_psi       :    26.77s CPU (     893 calls,   0.030 s avg)
     h_psiq       :    24.14s CPU (     893 calls,   0.027 s avg)
     last         :     2.58s CPU (     893 calls,   0.003 s avg)
 
     h_psiq       :    24.14s CPU (     893 calls,   0.027 s avg)
     firstfft     :    10.56s CPU (    7608 calls,   0.001 s avg)
     secondfft    :     9.87s CPU (    7608 calls,   0.001 s avg)
     add_vuspsi   :     1.14s CPU (     985 calls,   0.001 s avg)
 
     incdrhoscf   :     1.82s CPU (      57 calls,   0.032 s avg)
 
     drhodvus     :     0.00s CPU (       2 calls,   0.002 s avg)
 
      General routines
     calbec       :     1.81s CPU (    2079 calls,   0.001 s avg)
     cft3         :     1.00s CPU (     311 calls,   0.003 s avg)
     cft3s        :    25.45s CPU (   40297 calls,   0.001 s avg)
     cinterpolate :     0.69s CPU (     155 calls,   0.004 s avg)
     davcio       :     0.01s CPU (     389 calls,   0.000 s avg)
     write_rec    :     0.07s CPU (      15 calls,   0.005 s avg)
 
