
     Program Q2R v.6.5 starts on 14Apr2020 at 17:37:31 

     This program is part of the open-source Quantum ESPRESSO suite
     for quantum simulation of materials; please cite
         "P. Giannozzi et al., J. Phys.:Condens. Matter 21 395502 (2009);
         "P. Giannozzi et al., J. Phys.:Condens. Matter 29 465901 (2017);
          URL http://www.quantum-espresso.org", 
     in publications or presentations arising from this work. More details at
     http://www.quantum-espresso.org/quote

     Parallel version (MPI), running on     4 processors

     MPI processes distributed on     1 nodes
     R & G space division:  proc/nbgrp/npool/nimage =       4
     Fft bands division:     nmany     =       1

     reading grid info from file diam.dyn0
  reading force constants from file diam.dyn1
 macroscopic fields = T
   5.98735   0.00000   0.00000
   0.00000   5.98735   0.00000
   0.00000   0.00000   5.98735
  na=            1
  -0.05335   0.00000   0.00000
   0.00000  -0.05335   0.00000
   0.00000   0.00000  -0.05335
  na=            2
  -0.05335   0.00000   0.00000
   0.00000  -0.05335   0.00000
   0.00000   0.00000  -0.05335
Norm of the difference between old and new effective charges:    0.13069091137253094348
  nqs=            1
 q=   0.00000000  0.00000000  0.00000000
  reading force constants from file diam.dyn2
  nqs=            8
 q=  -0.33333333  0.33333333 -0.33333333
 q=   0.33333333  0.33333333 -0.33333333
 q=   0.33333333  0.33333333  0.33333333
 q=  -0.33333333  0.33333333  0.33333333
 q=   0.33333333 -0.33333333  0.33333333
 q=  -0.33333333 -0.33333333 -0.33333333
 q=   0.33333333 -0.33333333 -0.33333333
 q=  -0.33333333 -0.33333333  0.33333333
  reading force constants from file diam.dyn3
  nqs=            6
 q=   0.00000000  0.66666667  0.00000000
 q=  -0.66666667  0.00000000  0.00000000
 q=   0.00000000 -0.66666667  0.00000000
 q=   0.00000000  0.00000000  0.66666667
 q=   0.00000000  0.00000000 -0.66666667
 q=   0.66666667  0.00000000  0.00000000
  reading force constants from file diam.dyn4
  nqs=           12
 q=   0.66666667  0.00000000  0.66666667
 q=   0.66666667  0.00000000 -0.66666667
 q=  -0.66666667  0.00000000 -0.66666667
 q=  -0.66666667  0.00000000  0.66666667
 q=   0.00000000 -0.66666667  0.66666667
 q=  -0.66666667  0.66666667  0.00000000
 q=  -0.66666667 -0.66666667  0.00000000
 q=   0.66666667  0.66666667  0.00000000
 q=   0.66666667 -0.66666667  0.00000000
 q=   0.00000000  0.66666667  0.66666667
 q=   0.00000000  0.66666667 -0.66666667
 q=   0.00000000 -0.66666667 -0.66666667

      q-space grid ok, #points =   27

      fft-check success (sum of imaginary terms < 10^-12)
 
     Q2R          :      0.01s CPU      0.01s WALL

 
   This run was terminated on:  17:37:31  14Apr2020            

=------------------------------------------------------------------------------=
   JOB DONE.
=------------------------------------------------------------------------------=
