
     Program PHONON v.5.0.2 starts on 25Jan2013 at 10:54:35 

     This program is part of the open-source Quantum ESPRESSO suite
     for quantum simulation of materials; please cite
         "P. Giannozzi et al., J. Phys.:Condens. Matter 21 395502 (2009);
          URL http://www.quantum-espresso.org", 
     in publications or presentations arising from this work. More details at
     http://www.quantum-espresso.org/quote.php

     Parallel version (MPI), running on     8 processors
     path-images division:  nimage    =       2
     R & G space division:  proc/nbgrp/npool/nimage =       4

   Info: using nr1, nr2, nr3 values from input

   Info: using nr1s, nr2s, nr3s values from input

     IMPORTANT: XC functional enforced from input :
     Exchange-correlation      =  SLA  PZ   NOGX NOGC ( 1 1 0 0 0)
     EXX-fraction              =        0.00
     Any further DFT definition will be discarded
     Please, verify this is what you really want


     Parallelization info
     --------------------
     sticks:   dense  smooth     PW     G-vecs:    dense   smooth      PW
     Min          60      60     21                  610      610     132
     Max          61      61     22                  613      613     135
     Sum         241     241     85                 2445     2445     531


      Image parallelization. There are  2 images and    38 representations
      The estimated total work is   336 self-consistent (scf) runs
      I am image number     0 and my work is about  165 scf runs. I calculate: 
      q point number     1, representations:
       0 1 2
      q point number     2, representations:
       0 1 2 3 4
      q point number     3, representations:
       0 1 2 3 4
      q point number     4, representations:
       0 1 2 3 4 5 6
      q point number     5, representations:
       0 1 2 3 4
        5 /   8 q-points for this run, from  4 to  8:
       N       xq(1)         xq(2)         xq(3) 
       1   0.000000000   0.000000000   0.000000000
       2  -0.250000000   0.250000000  -0.250000000
       3   0.500000000  -0.500000000   0.500000000
       4   0.000000000   0.500000000   0.000000000
       5   0.750000000  -0.250000000   0.750000000
       6   0.500000000   0.000000000   0.500000000
       7   0.000000000  -1.000000000   0.000000000
       8  -0.500000000  -1.000000000   0.000000000


     Calculation of q =    0.0000000   0.5000000   0.0000000

   Info: using nr1, nr2, nr3 values from input

   Info: using nr1s, nr2s, nr3s values from input

     IMPORTANT: XC functional enforced from input :
     Exchange-correlation      =  SLA  PZ   NOGX NOGC ( 1 1 0 0 0)
     EXX-fraction              =        0.00
     Any further DFT definition will be discarded
     Please, verify this is what you really want


     Parallelization info
     --------------------
     sticks:   dense  smooth     PW     G-vecs:    dense   smooth      PW
     Min          60      60     21                  610      610     132
     Max          61      61     22                  613      613     135
     Sum         241     241     85                 2445     2445     531


     Restart in Phonon calculation

                                                                                

     bravais-lattice index     =            2
     lattice parameter (alat)  =      10.5000  a.u.
     unit-cell volume          =     289.4063 (a.u.)^3
     number of atoms/cell      =            2
     number of atomic types    =            2
     kinetic-energy cut-off    =      16.0000  Ry
     charge density cut-off    =      64.0000  Ry
     convergence threshold     =      1.0E-12
     beta                      =       0.7000
     number of iterations used =            4
     Exchange-correlation      =  SLA  PZ   NOGX NOGC ( 1 1 0 0 0)
     EXX-fraction              =        0.00


     celldm(1)=   10.50000  celldm(2)=    0.00000  celldm(3)=    0.00000
     celldm(4)=    0.00000  celldm(5)=    0.00000  celldm(6)=    0.00000

     crystal axes: (cart. coord. in units of alat)
               a(1) = ( -0.5000  0.0000  0.5000 )  
               a(2) = (  0.0000  0.5000  0.5000 )  
               a(3) = ( -0.5000  0.5000  0.0000 )  

     reciprocal axes: (cart. coord. in units 2 pi/alat)
               b(1) = ( -1.0000 -1.0000  1.0000 )  
               b(2) = (  1.0000  1.0000  1.0000 )  
               b(3) = ( -1.0000  1.0000 -1.0000 )  


     Atoms inside the unit cell: 

     Cartesian axes

     site n.  atom      mass           positions (alat units)
        1     Al  26.9800   tau(    1) = (    0.00000    0.00000    0.00000  )
        2     As  74.9200   tau(    2) = (    0.25000    0.25000    0.25000  )

     Computing dynamical matrix for 
                    q = (   0.0000000   0.5000000   0.0000000 )

      4 Sym.Ops. (no q -> -q+G )


     G cutoff =  178.7306  (    611 G-vectors)     FFT grid: ( 20, 20, 20)
     number of k points=    24

     PseudoPot. # 1 for Al read from file:
     /scratch/dalcorso_sissa/espresso/pseudo/Al.pz-vbc.UPF
     MD5 check sum: 614279c88ff8d45c90147292d03ed420
     Pseudo is Norm-conserving, Zval =  3.0
     Generated by new atomic code, or converted to UPF format
     Using radial grid of  171 points,  2 beta functions with: 
                l(1) =   0
                l(2) =   1

     PseudoPot. # 2 for As read from file:
     /scratch/dalcorso_sissa/espresso/pseudo/As.pz-bhs.UPF
     MD5 check sum: 451cd3365afcfc94d28b1934951c34a8
     Pseudo is Norm-conserving, Zval =  5.0
     Generated by new atomic code, or converted to UPF format
     Using radial grid of  525 points,  2 beta functions with: 
                l(1) =   0
                l(2) =   1


     Atomic displacements:
     There are   6 irreducible representations

     Representation     1      1 modes -A_1  D_1  S_1  To be done

     Representation     2      1 modes -A_1  D_1  S_1  To be done

     Representation     3      1 modes -B_1  D_3  S_3  To be done

     Representation     4      1 modes -B_1  D_3  S_3  To be done

     Representation     5      1 modes -B_2  D_4  S_4  To be done

     Representation     6      1 modes -B_2  D_4  S_4  To be done


     PHONON       :     0.72s CPU         0.78s WALL



     Representation #  1 mode #   1

     Self-consistent Calculation

      iter #   2 total cpu time :     0.9 secs   av.it.:   8.0
      thresh= 4.381E-03 alpha_mix =  0.700 |ddv_scf|^2 =  1.597E-02

      iter #   3 total cpu time :     1.0 secs   av.it.:   7.0
      thresh= 1.000E-02 alpha_mix =  0.700 |ddv_scf|^2 =  2.103E-06

      iter #   4 total cpu time :     1.1 secs   av.it.:   8.3
      thresh= 1.450E-04 alpha_mix =  0.700 |ddv_scf|^2 =  2.578E-08

      iter #   5 total cpu time :     1.2 secs   av.it.:   8.7
      thresh= 1.606E-05 alpha_mix =  0.700 |ddv_scf|^2 =  8.091E-11

      iter #   6 total cpu time :     1.3 secs   av.it.:   8.3
      thresh= 8.995E-07 alpha_mix =  0.700 |ddv_scf|^2 =  1.862E-10

      iter #   7 total cpu time :     1.3 secs   av.it.:   6.9
      thresh= 1.365E-06 alpha_mix =  0.700 |ddv_scf|^2 =  2.594E-11

      iter #   8 total cpu time :     1.5 secs   av.it.:   7.3
      thresh= 5.093E-07 alpha_mix =  0.700 |ddv_scf|^2 =  7.327E-15

     End of self-consistent calculation

     Convergence has been achieved 


     Representation #  2 mode #   2

     Self-consistent Calculation

      iter #   1 total cpu time :     1.5 secs   av.it.:   5.7
      thresh= 1.000E-02 alpha_mix =  0.700 |ddv_scf|^2 =  3.753E-04

      iter #   2 total cpu time :     1.6 secs   av.it.:   8.0
      thresh= 1.937E-03 alpha_mix =  0.700 |ddv_scf|^2 =  2.911E-03

      iter #   3 total cpu time :     1.7 secs   av.it.:   6.7
      thresh= 5.395E-03 alpha_mix =  0.700 |ddv_scf|^2 =  5.656E-07

      iter #   4 total cpu time :     1.8 secs   av.it.:   7.8
      thresh= 7.521E-05 alpha_mix =  0.700 |ddv_scf|^2 =  5.680E-09

      iter #   5 total cpu time :     1.9 secs   av.it.:   8.7
      thresh= 7.537E-06 alpha_mix =  0.700 |ddv_scf|^2 =  7.211E-11

      iter #   6 total cpu time :     2.0 secs   av.it.:   8.3
      thresh= 8.492E-07 alpha_mix =  0.700 |ddv_scf|^2 =  2.043E-10

      iter #   7 total cpu time :     2.1 secs   av.it.:   7.1
      thresh= 1.429E-06 alpha_mix =  0.700 |ddv_scf|^2 =  1.589E-11

      iter #   8 total cpu time :     2.2 secs   av.it.:   7.3
      thresh= 3.986E-07 alpha_mix =  0.700 |ddv_scf|^2 =  1.795E-14

     End of self-consistent calculation

     Convergence has been achieved 


     Representation #  3 mode #   3

     Self-consistent Calculation

      iter #   1 total cpu time :     2.3 secs   av.it.:   5.7
      thresh= 1.000E-02 alpha_mix =  0.700 |ddv_scf|^2 =  8.767E-06

      iter #   2 total cpu time :     2.3 secs   av.it.:   8.4
      thresh= 2.961E-04 alpha_mix =  0.700 |ddv_scf|^2 =  1.180E-06

      iter #   3 total cpu time :     2.4 secs   av.it.:   8.1
      thresh= 1.086E-04 alpha_mix =  0.700 |ddv_scf|^2 =  3.850E-10

      iter #   4 total cpu time :     2.5 secs   av.it.:   8.0
      thresh= 1.962E-06 alpha_mix =  0.700 |ddv_scf|^2 =  1.528E-11

      iter #   5 total cpu time :     2.6 secs   av.it.:   8.2
      thresh= 3.909E-07 alpha_mix =  0.700 |ddv_scf|^2 =  6.643E-14

     End of self-consistent calculation

     Convergence has been achieved 


     Representation #  4 mode #   4

     Self-consistent Calculation

      iter #   1 total cpu time :     2.7 secs   av.it.:   4.9
      thresh= 1.000E-02 alpha_mix =  0.700 |ddv_scf|^2 =  1.095E-06

      iter #   2 total cpu time :     2.8 secs   av.it.:   8.4
      thresh= 1.046E-04 alpha_mix =  0.700 |ddv_scf|^2 =  1.262E-07

      iter #   3 total cpu time :     2.9 secs   av.it.:   8.3
      thresh= 3.553E-05 alpha_mix =  0.700 |ddv_scf|^2 =  6.605E-10

      iter #   4 total cpu time :     3.0 secs   av.it.:   7.9
      thresh= 2.570E-06 alpha_mix =  0.700 |ddv_scf|^2 =  2.114E-11

      iter #   5 total cpu time :     3.1 secs   av.it.:   7.8
      thresh= 4.598E-07 alpha_mix =  0.700 |ddv_scf|^2 =  3.705E-15

     End of self-consistent calculation

     Convergence has been achieved 


     Representation #  5 mode #   5

     Self-consistent Calculation

      iter #   1 total cpu time :     3.1 secs   av.it.:   4.9
      thresh= 1.000E-02 alpha_mix =  0.700 |ddv_scf|^2 =  1.095E-06

      iter #   2 total cpu time :     3.2 secs   av.it.:   8.4
      thresh= 1.046E-04 alpha_mix =  0.700 |ddv_scf|^2 =  1.261E-07

      iter #   3 total cpu time :     3.3 secs   av.it.:   8.3
      thresh= 3.551E-05 alpha_mix =  0.700 |ddv_scf|^2 =  6.601E-10

      iter #   4 total cpu time :     3.4 secs   av.it.:   7.8
      thresh= 2.569E-06 alpha_mix =  0.700 |ddv_scf|^2 =  2.117E-11

      iter #   5 total cpu time :     3.5 secs   av.it.:   7.9
      thresh= 4.601E-07 alpha_mix =  0.700 |ddv_scf|^2 =  3.803E-15

     End of self-consistent calculation

     Convergence has been achieved 


     Representation #  6 mode #   6

     Self-consistent Calculation

      iter #   1 total cpu time :     3.6 secs   av.it.:   5.8
      thresh= 1.000E-02 alpha_mix =  0.700 |ddv_scf|^2 =  8.765E-06

      iter #   2 total cpu time :     3.7 secs   av.it.:   8.4
      thresh= 2.961E-04 alpha_mix =  0.700 |ddv_scf|^2 =  1.179E-06

      iter #   3 total cpu time :     3.8 secs   av.it.:   8.1
      thresh= 1.086E-04 alpha_mix =  0.700 |ddv_scf|^2 =  3.851E-10

      iter #   4 total cpu time :     3.9 secs   av.it.:   8.0
      thresh= 1.962E-06 alpha_mix =  0.700 |ddv_scf|^2 =  1.527E-11

      iter #   5 total cpu time :     3.9 secs   av.it.:   8.2
      thresh= 3.908E-07 alpha_mix =  0.700 |ddv_scf|^2 =  6.658E-14

     End of self-consistent calculation

     Convergence has been achieved 

     Number of q in the star =    6
     List of q in the star:
          1   0.000000000   0.500000000   0.000000000
          2  -0.500000000   0.000000000   0.000000000
          3   0.000000000  -0.500000000   0.000000000
          4   0.000000000   0.000000000   0.500000000
          5   0.000000000   0.000000000  -0.500000000
          6   0.500000000   0.000000000   0.000000000

     Diagonalizing the dynamical matrix

     q = (    0.000000000   0.500000000   0.000000000 ) 

 **************************************************************************
     omega(    1) =       2.425249 [THz] =      80.897602 [cm-1]
     omega(    2) =       2.425249 [THz] =      80.897602 [cm-1]
     omega(    3) =       4.609037 [THz] =     153.740938 [cm-1]
     omega(    4) =      10.666368 [THz] =     355.791736 [cm-1]
     omega(    5) =      10.666368 [THz] =     355.791736 [cm-1]
     omega(    6) =      12.370550 [THz] =     412.637142 [cm-1]
 **************************************************************************

     Mode symmetry, C_2v (mm2)  point group:

     omega(  1 -  1) =         80.9  [cm-1]   --> B_1  D_3  S_3      
     omega(  2 -  2) =         80.9  [cm-1]   --> B_2  D_4  S_4      
     omega(  3 -  3) =        153.7  [cm-1]   --> A_1  D_1  S_1      
     omega(  4 -  4) =        355.8  [cm-1]   --> B_1  D_3  S_3      
     omega(  5 -  5) =        355.8  [cm-1]   --> B_2  D_4  S_4      
     omega(  6 -  6) =        412.6  [cm-1]   --> A_1  D_1  S_1      

     Calculation of q =    0.7500000  -0.2500000   0.7500000

     Parallelization info
     --------------------
     sticks:   dense  smooth     PW     G-vecs:    dense   smooth      PW
     Min          60      60     24                  610      610     161
     Max          61      61     25                  613      613     162
     Sum         241     241     97                 2445     2445     645



     bravais-lattice index     =            2
     lattice parameter (alat)  =      10.5000  a.u.
     unit-cell volume          =     289.4063 (a.u.)^3
     number of atoms/cell      =            2
     number of atomic types    =            2
     number of electrons       =         8.00
     number of Kohn-Sham states=            4
     kinetic-energy cutoff     =      16.0000  Ry
     charge density cutoff     =      64.0000  Ry
     Exchange-correlation      =  SLA  PZ   NOGX NOGC ( 1 1 0 0 0)
     EXX-fraction              =        0.00

     celldm(1)=  10.500000  celldm(2)=   0.000000  celldm(3)=   0.000000
     celldm(4)=   0.000000  celldm(5)=   0.000000  celldm(6)=   0.000000

     crystal axes: (cart. coord. in units of alat)
               a(1) = (  -0.500000   0.000000   0.500000 )  
               a(2) = (   0.000000   0.500000   0.500000 )  
               a(3) = (  -0.500000   0.500000   0.000000 )  

     reciprocal axes: (cart. coord. in units 2 pi/alat)
               b(1) = ( -1.000000 -1.000000  1.000000 )  
               b(2) = (  1.000000  1.000000  1.000000 )  
               b(3) = ( -1.000000  1.000000 -1.000000 )  


     PseudoPot. # 1 for Al read from file:
     /scratch/dalcorso_sissa/espresso/pseudo/Al.pz-vbc.UPF
     MD5 check sum: 614279c88ff8d45c90147292d03ed420
     Pseudo is Norm-conserving, Zval =  3.0
     Generated by new atomic code, or converted to UPF format
     Using radial grid of  171 points,  2 beta functions with: 
                l(1) =   0
                l(2) =   1

     PseudoPot. # 2 for As read from file:
     /scratch/dalcorso_sissa/espresso/pseudo/As.pz-bhs.UPF
     MD5 check sum: 451cd3365afcfc94d28b1934951c34a8
     Pseudo is Norm-conserving, Zval =  5.0
     Generated by new atomic code, or converted to UPF format
     Using radial grid of  525 points,  2 beta functions with: 
                l(1) =   0
                l(2) =   1

     atomic species   valence    mass     pseudopotential
        Al             3.00    26.98000     Al( 1.00)
        As             5.00    74.92000     As( 1.00)

     24 Sym. Ops. (no inversion) found



   Cartesian axes

     site n.     atom                  positions (alat units)
         1           Al  tau(   1) = (   0.0000000   0.0000000   0.0000000  )
         2           As  tau(   2) = (   0.2500000   0.2500000   0.2500000  )

     number of k points=    40
                       cart. coord. in units 2pi/alat
        k(    1) = (   0.2500000   0.2500000   0.2500000), wk =   0.0625000
        k(    2) = (   1.0000000   0.0000000   1.0000000), wk =   0.0000000
        k(    3) = (   0.2500000   0.2500000   0.7500000), wk =   0.1250000
        k(    4) = (   1.0000000   0.0000000   1.5000000), wk =   0.0000000
        k(    5) = (  -0.2500000   0.2500000  -0.2500000), wk =   0.0625000
        k(    6) = (   0.5000000   0.0000000   0.5000000), wk =   0.0000000
        k(    7) = (  -0.2500000  -0.2500000   0.2500000), wk =   0.1250000
        k(    8) = (   0.5000000  -0.5000000   1.0000000), wk =   0.0000000
        k(    9) = (  -0.2500000  -0.2500000  -0.2500000), wk =   0.0625000
        k(   10) = (   0.5000000  -0.5000000   0.5000000), wk =   0.0000000
        k(   11) = (   0.2500000   0.2500000  -0.2500000), wk =   0.1250000
        k(   12) = (   1.0000000   0.0000000   0.5000000), wk =   0.0000000
        k(   13) = (   0.2500000  -0.2500000   0.2500000), wk =   0.0625000
        k(   14) = (   1.0000000  -0.5000000   1.0000000), wk =   0.0000000
        k(   15) = (  -0.2500000   0.2500000  -0.7500000), wk =   0.1250000
        k(   16) = (   0.5000000   0.0000000   0.0000000), wk =   0.0000000
        k(   17) = (  -0.2500000  -0.2500000   0.7500000), wk =   0.1250000
        k(   18) = (   0.5000000  -0.5000000   1.5000000), wk =   0.0000000
        k(   19) = (  -0.2500000  -0.7500000   0.2500000), wk =   0.1250000
        k(   20) = (   0.5000000  -1.0000000   1.0000000), wk =   0.0000000
        k(   21) = (  -0.7500000  -0.2500000   0.2500000), wk =   0.1250000
        k(   22) = (   0.0000000  -0.5000000   1.0000000), wk =   0.0000000
        k(   23) = (  -0.2500000   0.7500000  -0.2500000), wk =   0.0625000
        k(   24) = (   0.5000000   0.5000000   0.5000000), wk =   0.0000000
        k(   25) = (   0.2500000   0.7500000   0.2500000), wk =   0.0625000
        k(   26) = (   1.0000000   0.5000000   1.0000000), wk =   0.0000000
        k(   27) = (  -0.2500000  -0.2500000  -0.7500000), wk =   0.1250000
        k(   28) = (   0.5000000  -0.5000000   0.0000000), wk =   0.0000000
        k(   29) = (   0.2500000   0.2500000  -0.7500000), wk =   0.1250000
        k(   30) = (   1.0000000   0.0000000   0.0000000), wk =   0.0000000
        k(   31) = (   0.2500000  -0.2500000   0.7500000), wk =   0.1250000
        k(   32) = (   1.0000000  -0.5000000   1.5000000), wk =   0.0000000
        k(   33) = (  -0.2500000   0.2500000   0.7500000), wk =   0.1250000
        k(   34) = (   0.5000000   0.0000000   1.5000000), wk =   0.0000000
        k(   35) = (  -0.2500000   0.7500000   0.2500000), wk =   0.1250000
        k(   36) = (   0.5000000   0.5000000   1.0000000), wk =   0.0000000
        k(   37) = (  -0.2500000  -0.7500000  -0.2500000), wk =   0.0625000
        k(   38) = (   0.5000000  -1.0000000   0.5000000), wk =   0.0000000
        k(   39) = (   0.2500000  -0.7500000   0.2500000), wk =   0.0625000
        k(   40) = (   1.0000000  -1.0000000   1.0000000), wk =   0.0000000

     Dense  grid:     2445 G-vectors     FFT dimensions: (  20,  20,  20)

     Largest allocated arrays     est. size (Mb)     dimensions
        Kohn-Sham Wavefunctions         0.01 Mb     (     83,    4)
        NL pseudopotentials             0.01 Mb     (     83,    8)
        Each V/rho on FFT grid          0.03 Mb     (   2000)
        Each G-vector array             0.00 Mb     (    611)
        G-vector shells                 0.00 Mb     (     60)
     Largest temporary arrays     est. size (Mb)     dimensions
        Auxiliary wavefunctions         0.02 Mb     (     83,   16)
        Each subspace H/S matrix        0.00 Mb     (  16,  16)
        Each <psi_i|beta_j> matrix      0.00 Mb     (      8,    4)

     The potential is recalculated from file :
     /scratch/tmp/_ph0/alas.save/charge-density.dat

     Starting wfc are    8 atomic wfcs

     total cpu time spent up to now is        3.6 secs

     per-process dynamical memory:     4.3 Mb

     Band Structure Calculation
     Davidson diagonalization with overlap

     ethr =  1.25E-10,  avg # of iterations = 11.0

     total cpu time spent up to now is        4.0 secs

     End of band structure calculation

          k = 0.2500 0.2500 0.2500     band energies (ev):

    -6.3572   1.7036   4.6972   4.6972

          k = 1.0000 0.0000 1.0000     band energies (ev):

    -4.8213  -0.4470   2.9275   2.9275

          k = 0.2500 0.2500 0.7500     band energies (ev):

    -5.1816  -0.0414   2.3127   3.5087

          k = 1.0000 0.0000 1.5000     band energies (ev):

    -4.7849  -0.0517   1.7951   2.1911

          k =-0.2500 0.2500-0.2500     band energies (ev):

    -6.3572   1.7036   4.6972   4.6972

          k = 0.5000 0.0000 0.5000     band energies (ev):

    -5.5284   0.5006   2.1486   4.2665

          k =-0.2500-0.2500 0.2500     band energies (ev):

    -6.3572   1.7036   4.6972   4.6972

          k = 0.5000-0.5000 1.0000     band energies (ev):

    -5.5284   0.5006   2.1486   4.2665

          k =-0.2500-0.2500-0.2500     band energies (ev):

    -6.3572   1.7036   4.6972   4.6972

          k = 0.5000-0.5000 0.5000     band energies (ev):

    -5.4215  -0.6402   4.3485   4.3485

          k = 0.2500 0.2500-0.2500     band energies (ev):

    -6.3572   1.7036   4.6972   4.6972

          k = 1.0000 0.0000 0.5000     band energies (ev):

    -4.7849  -0.0517   1.7951   2.1911

          k = 0.2500-0.2500 0.2500     band energies (ev):

    -6.3572   1.7036   4.6972   4.6972

          k = 1.0000-0.5000 1.0000     band energies (ev):

    -6.1427   1.9398   3.7849   3.7849

          k =-0.2500 0.2500-0.7500     band energies (ev):

    -5.1816  -0.0414   2.3127   3.5087

          k = 0.5000 0.0000 0.0000     band energies (ev):

    -6.1427   1.9398   3.7849   3.7849

          k =-0.2500-0.2500 0.7500     band energies (ev):

    -5.1816  -0.0414   2.3127   3.5087

          k = 0.5000-0.5000 1.5000     band energies (ev):

    -5.4215  -0.6402   4.3485   4.3485

          k =-0.2500-0.7500 0.2500     band energies (ev):

    -5.1816  -0.0414   2.3127   3.5087

          k = 0.5000-1.0000 1.0000     band energies (ev):

    -6.1427   1.9398   3.7849   3.7849

          k =-0.7500-0.2500 0.2500     band energies (ev):

    -5.1816  -0.0414   2.3127   3.5087

          k = 0.0000-0.5000 1.0000     band energies (ev):

    -4.7849  -0.0517   1.7951   2.1911

          k =-0.2500 0.7500-0.2500     band energies (ev):

    -5.1816  -0.0414   2.3127   3.5087

          k = 0.5000 0.5000 0.5000     band energies (ev):

    -5.4215  -0.6402   4.3485   4.3485

          k = 0.2500 0.7500 0.2500     band energies (ev):

    -5.1816  -0.0414   2.3127   3.5087

          k = 1.0000 0.5000 1.0000     band energies (ev):

    -6.1427   1.9398   3.7849   3.7849

          k =-0.2500-0.2500-0.7500     band energies (ev):

    -5.1816  -0.0414   2.3127   3.5087

          k = 0.5000-0.5000 0.0000     band energies (ev):

    -5.5284   0.5006   2.1486   4.2665

          k = 0.2500 0.2500-0.7500     band energies (ev):

    -5.1816  -0.0414   2.3127   3.5087

          k = 1.0000 0.0000 0.0000     band energies (ev):

    -4.8213  -0.4470   2.9275   2.9275

          k = 0.2500-0.2500 0.7500     band energies (ev):

    -5.1816  -0.0414   2.3127   3.5087

          k = 1.0000-0.5000 1.5000     band energies (ev):

    -5.5284   0.5006   2.1486   4.2665

          k =-0.2500 0.2500 0.7500     band energies (ev):

    -5.1816  -0.0414   2.3127   3.5087

          k = 0.5000 0.0000 1.5000     band energies (ev):

    -5.5284   0.5006   2.1486   4.2665

          k =-0.2500 0.7500 0.2500     band energies (ev):

    -5.1816  -0.0414   2.3127   3.5087

          k = 0.5000 0.5000 1.0000     band energies (ev):

    -5.5284   0.5006   2.1486   4.2665

          k =-0.2500-0.7500-0.2500     band energies (ev):

    -5.1816  -0.0414   2.3127   3.5087

          k = 0.5000-1.0000 0.5000     band energies (ev):

    -5.5284   0.5006   2.1486   4.2665

          k = 0.2500-0.7500 0.2500     band energies (ev):

    -5.1816  -0.0414   2.3127   3.5087

          k = 1.0000-1.0000 1.0000     band energies (ev):

    -6.9794   5.1763   5.1763   5.1763

     Writing output data file alas.save

                                                                                

     bravais-lattice index     =            2
     lattice parameter (alat)  =      10.5000  a.u.
     unit-cell volume          =     289.4063 (a.u.)^3
     number of atoms/cell      =            2
     number of atomic types    =            2
     kinetic-energy cut-off    =      16.0000  Ry
     charge density cut-off    =      64.0000  Ry
     convergence threshold     =      1.0E-12
     beta                      =       0.7000
     number of iterations used =            4
     Exchange-correlation      =  SLA  PZ   NOGX NOGC ( 1 1 0 0 0)
     EXX-fraction              =        0.00


     celldm(1)=   10.50000  celldm(2)=    0.00000  celldm(3)=    0.00000
     celldm(4)=    0.00000  celldm(5)=    0.00000  celldm(6)=    0.00000

     crystal axes: (cart. coord. in units of alat)
               a(1) = ( -0.5000  0.0000  0.5000 )  
               a(2) = (  0.0000  0.5000  0.5000 )  
               a(3) = ( -0.5000  0.5000  0.0000 )  

     reciprocal axes: (cart. coord. in units 2 pi/alat)
               b(1) = ( -1.0000 -1.0000  1.0000 )  
               b(2) = (  1.0000  1.0000  1.0000 )  
               b(3) = ( -1.0000  1.0000 -1.0000 )  


     Atoms inside the unit cell: 

     Cartesian axes

     site n.  atom      mass           positions (alat units)
        1     Al  26.9800   tau(    1) = (    0.00000    0.00000    0.00000  )
        2     As  74.9200   tau(    2) = (    0.25000    0.25000    0.25000  )

     Computing dynamical matrix for 
                    q = (   0.7500000  -0.2500000   0.7500000 )

      2 Sym.Ops. (no q -> -q+G )


     G cutoff =  178.7306  (    611 G-vectors)     FFT grid: ( 20, 20, 20)
     number of k points=    40

     PseudoPot. # 1 for Al read from file:
     /scratch/dalcorso_sissa/espresso/pseudo/Al.pz-vbc.UPF
     MD5 check sum: 614279c88ff8d45c90147292d03ed420
     Pseudo is Norm-conserving, Zval =  3.0
     Generated by new atomic code, or converted to UPF format
     Using radial grid of  171 points,  2 beta functions with: 
                l(1) =   0
                l(2) =   1

     PseudoPot. # 2 for As read from file:
     /scratch/dalcorso_sissa/espresso/pseudo/As.pz-bhs.UPF
     MD5 check sum: 451cd3365afcfc94d28b1934951c34a8
     Pseudo is Norm-conserving, Zval =  5.0
     Generated by new atomic code, or converted to UPF format
     Using radial grid of  525 points,  2 beta functions with: 
                l(1) =   0
                l(2) =   1


     Atomic displacements:
     There are   6 irreducible representations

     Representation     1      1 modes -A'  To be done

     Representation     2      1 modes -A'  To be done

     Representation     3      1 modes -A'  To be done

     Representation     4      1 modes -A'  To be done

     Representation     5      1 modes -A''  Done

     Representation     6      1 modes -A''  Done

     Compute atoms:     1,    2,



     Alpha used in Ewald sum =   0.7000
     PHONON       :     3.83s CPU         4.67s WALL



     Representation #  1 mode #   1

     Self-consistent Calculation

      iter #   1 total cpu time :     4.8 secs   av.it.:   6.3
      thresh= 1.000E-02 alpha_mix =  0.700 |ddv_scf|^2 =  1.089E-04

      iter #   2 total cpu time :     4.9 secs   av.it.:   8.7
      thresh= 1.044E-03 alpha_mix =  0.700 |ddv_scf|^2 =  2.311E-04

      iter #   3 total cpu time :     5.1 secs   av.it.:   7.8
      thresh= 1.520E-03 alpha_mix =  0.700 |ddv_scf|^2 =  1.034E-06

      iter #   4 total cpu time :     5.2 secs   av.it.:   8.4
      thresh= 1.017E-04 alpha_mix =  0.700 |ddv_scf|^2 =  7.469E-09

      iter #   5 total cpu time :     5.4 secs   av.it.:   8.7
      thresh= 8.643E-06 alpha_mix =  0.700 |ddv_scf|^2 =  6.080E-10

      iter #   6 total cpu time :     5.6 secs   av.it.:   8.6
      thresh= 2.466E-06 alpha_mix =  0.700 |ddv_scf|^2 =  9.878E-12

      iter #   7 total cpu time :     5.7 secs   av.it.:   8.5
      thresh= 3.143E-07 alpha_mix =  0.700 |ddv_scf|^2 =  3.388E-13

     End of self-consistent calculation

     Convergence has been achieved 


     Representation #  2 mode #   2

     Self-consistent Calculation

      iter #   1 total cpu time :     5.8 secs   av.it.:   5.7
      thresh= 1.000E-02 alpha_mix =  0.700 |ddv_scf|^2 =  3.249E-05

      iter #   2 total cpu time :     6.0 secs   av.it.:   8.8
      thresh= 5.700E-04 alpha_mix =  0.700 |ddv_scf|^2 =  6.418E-05

      iter #   3 total cpu time :     6.2 secs   av.it.:   7.9
      thresh= 8.011E-04 alpha_mix =  0.700 |ddv_scf|^2 =  2.653E-07

      iter #   4 total cpu time :     6.3 secs   av.it.:   8.3
      thresh= 5.151E-05 alpha_mix =  0.700 |ddv_scf|^2 =  3.879E-09

      iter #   5 total cpu time :     6.6 secs   av.it.:   8.4
      thresh= 6.228E-06 alpha_mix =  0.700 |ddv_scf|^2 =  2.756E-10

      iter #   6 total cpu time :     6.8 secs   av.it.:   8.7
      thresh= 1.660E-06 alpha_mix =  0.700 |ddv_scf|^2 =  1.660E-11

      iter #   7 total cpu time :     6.9 secs   av.it.:   8.7
      thresh= 4.074E-07 alpha_mix =  0.700 |ddv_scf|^2 =  7.315E-13

     End of self-consistent calculation

     Convergence has been achieved 


     Representation #  3 mode #   3

     Self-consistent Calculation

      iter #   1 total cpu time :     7.1 secs   av.it.:   6.3
      thresh= 1.000E-02 alpha_mix =  0.700 |ddv_scf|^2 =  1.536E-04

      iter #   2 total cpu time :     7.2 secs   av.it.:   8.7
      thresh= 1.240E-03 alpha_mix =  0.700 |ddv_scf|^2 =  3.326E-04

      iter #   3 total cpu time :     7.4 secs   av.it.:   7.8
      thresh= 1.824E-03 alpha_mix =  0.700 |ddv_scf|^2 =  1.125E-06

      iter #   4 total cpu time :     7.5 secs   av.it.:   8.4
      thresh= 1.060E-04 alpha_mix =  0.700 |ddv_scf|^2 =  6.385E-09

      iter #   5 total cpu time :     7.7 secs   av.it.:   8.8
      thresh= 7.990E-06 alpha_mix =  0.700 |ddv_scf|^2 =  5.590E-10

      iter #   6 total cpu time :     7.9 secs   av.it.:   8.5
      thresh= 2.364E-06 alpha_mix =  0.700 |ddv_scf|^2 =  1.263E-11

      iter #   7 total cpu time :     8.0 secs   av.it.:   8.4
      thresh= 3.553E-07 alpha_mix =  0.700 |ddv_scf|^2 =  2.882E-13

     End of self-consistent calculation

     Convergence has been achieved 


     Representation #  4 mode #   4

     Self-consistent Calculation

      iter #   1 total cpu time :     8.2 secs   av.it.:   5.3
      thresh= 1.000E-02 alpha_mix =  0.700 |ddv_scf|^2 =  9.540E-06

      iter #   2 total cpu time :     8.3 secs   av.it.:   8.9
      thresh= 3.089E-04 alpha_mix =  0.700 |ddv_scf|^2 =  1.110E-05

      iter #   3 total cpu time :     8.5 secs   av.it.:   8.2
      thresh= 3.332E-04 alpha_mix =  0.700 |ddv_scf|^2 =  3.919E-07

      iter #   4 total cpu time :     8.6 secs   av.it.:   8.2
      thresh= 6.260E-05 alpha_mix =  0.700 |ddv_scf|^2 =  2.974E-09

      iter #   5 total cpu time :     8.8 secs   av.it.:   8.6
      thresh= 5.453E-06 alpha_mix =  0.700 |ddv_scf|^2 =  2.116E-10

      iter #   6 total cpu time :     9.0 secs   av.it.:   8.7
      thresh= 1.454E-06 alpha_mix =  0.700 |ddv_scf|^2 =  1.070E-11

      iter #   7 total cpu time :     9.1 secs   av.it.:   8.7
      thresh= 3.271E-07 alpha_mix =  0.700 |ddv_scf|^2 =  2.678E-13

     End of self-consistent calculation

     Convergence has been achieved 

     Number of q in the star =   12
     List of q in the star:
          1   0.750000000  -0.250000000   0.750000000
          2  -0.750000000  -0.250000000  -0.750000000
          3   0.250000000  -0.750000000   0.750000000
          4  -0.750000000   0.250000000   0.750000000
          5   0.750000000   0.250000000  -0.750000000
          6   0.750000000   0.750000000  -0.250000000
          7  -0.750000000  -0.750000000  -0.250000000
          8  -0.750000000   0.750000000   0.250000000
          9  -0.250000000   0.750000000   0.750000000
         10   0.250000000   0.750000000  -0.750000000
         11  -0.250000000  -0.750000000  -0.750000000
         12   0.750000000  -0.750000000   0.250000000
     In addition there is the -q list: 
          1  -0.750000000   0.250000000  -0.750000000
          2   0.750000000   0.250000000   0.750000000
          3  -0.250000000   0.750000000  -0.750000000
          4   0.750000000  -0.250000000  -0.750000000
          5  -0.750000000  -0.250000000   0.750000000
          6  -0.750000000  -0.750000000   0.250000000
          7   0.750000000   0.750000000   0.250000000
          8   0.750000000  -0.750000000  -0.250000000
          9   0.250000000  -0.750000000  -0.750000000
         10  -0.250000000  -0.750000000   0.750000000
         11   0.250000000   0.750000000   0.750000000
         12  -0.750000000   0.750000000  -0.250000000

     Diagonalizing the dynamical matrix

     q = (    0.750000000  -0.250000000   0.750000000 ) 

 **************************************************************************
     omega(    1) =       3.807483 [THz] =     127.003964 [cm-1]
     omega(    2) =       5.905622 [THz] =     196.990338 [cm-1]
     omega(    3) =      10.588179 [THz] =     353.183629 [cm-1]
     omega(    4) =      11.477001 [THz] =     382.831543 [cm-1]
     omega(    5) =      20.789999 [THz] =     693.479712 [cm-1]
     omega(    6) =      32.686676 [THz] =    1090.310157 [cm-1]
 **************************************************************************

     Mode symmetry, C_s (m)     point group:

     omega(  1 -  1) =        127.0  [cm-1]   --> A'                 
     omega(  2 -  2) =        197.0  [cm-1]   --> A'                 
     omega(  3 -  3) =        353.2  [cm-1]   --> A'                 
     omega(  4 -  4) =        382.8  [cm-1]   --> A'                 
     omega(  5 -  5) =        693.5  [cm-1]   --> A''                
     omega(  6 -  6) =       1090.3  [cm-1]   --> A''                

     init_run     :      0.03s CPU      0.04s WALL (       1 calls)
     electrons    :      0.33s CPU      0.42s WALL (       1 calls)

     Called by init_run:
     wfcinit      :      0.00s CPU      0.00s WALL (       1 calls)
     potinit      :      0.00s CPU      0.00s WALL (       1 calls)

     Called by electrons:
     c_bands      :      0.32s CPU      0.42s WALL (       1 calls)
     v_of_rho     :      0.00s CPU      0.00s WALL (       3 calls)

     Called by c_bands:
     init_us_2    :      0.08s CPU      0.08s WALL (    1224 calls)
     cegterg      :      0.28s CPU      0.36s WALL (      40 calls)

     Called by *egterg:
     h_psi        :      0.22s CPU      0.31s WALL (     520 calls)
     g_psi        :      0.00s CPU      0.00s WALL (     440 calls)
     cdiaghg      :      0.04s CPU      0.05s WALL (     480 calls)

     Called by h_psi:
     add_vuspsi   :      0.10s CPU      0.13s WALL (    9567 calls)

     General routines
     calbec       :      0.30s CPU      0.37s WALL (   19470 calls)
     fft          :      0.02s CPU      0.02s WALL (     199 calls)
     ffts         :      0.01s CPU      0.02s WALL (     200 calls)
     fftw         :      4.33s CPU      5.12s WALL (   84224 calls)
     davcio       :      0.01s CPU      0.05s WALL (    5462 calls)

     Parallel routines
     fft_scatter  :      1.10s CPU      1.35s WALL (   84623 calls)

     PHONON       :     7.37s CPU         9.14s WALL

     INITIALIZATION: 
     phq_setup    :      0.01s CPU      0.01s WALL (       2 calls)
     phq_init     :      0.12s CPU      0.13s WALL (       2 calls)

     phq_init     :      0.12s CPU      0.13s WALL (       2 calls)
     init_vloc    :      0.02s CPU      0.02s WALL (       3 calls)
     init_us_1    :      0.03s CPU      0.03s WALL (       3 calls)

     DYNAMICAL MATRIX:
     dynmat0      :      0.01s CPU      0.01s WALL (       1 calls)
     phqscf       :      6.03s CPU      7.64s WALL (       2 calls)
     dynmatrix    :      0.01s CPU      0.01s WALL (       2 calls)

     phqscf       :      6.03s CPU      7.64s WALL (       2 calls)
     solve_linter :      5.97s CPU      7.57s WALL (      10 calls)
     drhodv       :      0.03s CPU      0.03s WALL (      10 calls)

     dynmat0      :      0.01s CPU      0.01s WALL (       1 calls)
     dynmat_us    :      0.01s CPU      0.01s WALL (       1 calls)
     d2ionq       :      0.00s CPU      0.00s WALL (       1 calls)

     dynmat_us    :      0.01s CPU      0.01s WALL (       1 calls)

     phqscf       :      6.03s CPU      7.64s WALL (       2 calls)
     solve_linter :      5.97s CPU      7.57s WALL (      10 calls)

     solve_linter :      5.97s CPU      7.57s WALL (      10 calls)
     dvqpsi_us    :      0.08s CPU      0.10s WALL (     140 calls)
     ortho        :      0.02s CPU      0.02s WALL (     980 calls)
     cgsolve      :      4.58s CPU      5.73s WALL (     980 calls)
     incdrhoscf   :      0.49s CPU      0.58s WALL (     980 calls)
     vpsifft      :      0.36s CPU      0.48s WALL (     840 calls)
     dv_of_drho   :      0.02s CPU      0.02s WALL (      63 calls)
     mix_pot      :      0.01s CPU      0.03s WALL (      63 calls)
     psymdvscf    :      0.14s CPU      0.15s WALL (      63 calls)

     dvqpsi_us    :      0.08s CPU      0.10s WALL (     140 calls)
     dvqpsi_us_on :      0.01s CPU      0.01s WALL (     140 calls)

     cgsolve      :      4.58s CPU      5.73s WALL (     980 calls)
     ch_psi       :      4.38s CPU      5.50s WALL (    9047 calls)

     ch_psi       :      4.38s CPU      5.50s WALL (    9047 calls)
     h_psiq       :      4.02s CPU      5.02s WALL (    9047 calls)
     last         :      0.34s CPU      0.42s WALL (    9047 calls)

     h_psiq       :      4.02s CPU      5.02s WALL (    9047 calls)
     firstfft     :      1.75s CPU      2.10s WALL (   32238 calls)
     secondfft    :      1.71s CPU      2.14s WALL (   32238 calls)
     add_vuspsi   :      0.10s CPU      0.13s WALL (    9567 calls)

     incdrhoscf   :      0.49s CPU      0.58s WALL (     980 calls)


      General routines
     calbec       :      0.30s CPU      0.37s WALL (   19470 calls)
     fft          :      0.02s CPU      0.02s WALL (     199 calls)
     ffts         :      0.01s CPU      0.02s WALL (     200 calls)
     fftw         :      4.33s CPU      5.12s WALL (   84224 calls)
     davcio       :      0.01s CPU      0.05s WALL (    5462 calls)
     write_rec    :      0.14s CPU      0.29s WALL (      73 calls)


     PHONON       :     7.37s CPU         9.14s WALL


   This run was terminated on:  10:54:44  25Jan2013            

=------------------------------------------------------------------------------=
   JOB DONE.
=------------------------------------------------------------------------------=
