
     Program PHONON v.5.0.2 (svn rev. 9400) starts on  6Dec2012 at 16:13:47 

     This program is part of the open-source Quantum ESPRESSO suite
     for quantum simulation of materials; please cite
         "P. Giannozzi et al., J. Phys.:Condens. Matter 21 395502 (2009);
          URL http://www.quantum-espresso.org", 
     in publications or presentations arising from this work. More details at
     http://www.quantum-espresso.org/quote.php

     Serial version

     Ultrasoft (Vanderbilt) Pseudopotentials

   Info: using nr1, nr2, nr3 values from input

   Info: using nr1s, nr2s, nr3s values from input

     IMPORTANT: XC functional enforced from input :
     Exchange-correlation      =  SLA  PW   PBX  PBC ( 1 4 3 4 0)
     EXX-fraction              =        0.00
     Any further DFT definition will be discarded
     Please, verify this is what you really want

 
     G-vector sticks info
     --------------------
     sticks:   dense  smooth     PW     G-vecs:    dense   smooth      PW
     Sum         451     163     61                 6423     1411     331
 

     Check: negative/imaginary core charge=   -0.000003    0.000000

     Calculation of q =    0.0000000   0.0000000   0.0000000

     Fixed quantization axis for GGA:     1.000000    0.000000    0.000000

                                                                                

     bravais-lattice index     =            2
     lattice parameter (alat)  =       6.6500  a.u.
     unit-cell volume          =      73.5199 (a.u.)^3
     number of atoms/cell      =            1
     number of atomic types    =            1
     kinetic-energy cut-off    =      27.0000  Ry
     charge density cut-off    =     300.0000  Ry
     convergence threshold     =      1.0E-16
     beta                      =       0.7000
     number of iterations used =            4
     Exchange-correlation      =  SLA  PW   PBX  PBC ( 1 4 3 4 0)
     EXX-fraction              =        0.00
     Noncollinear calculation with spin-orbit

     celldm(1)=    6.65000  celldm(2)=    0.00000  celldm(3)=    0.00000
     celldm(4)=    0.00000  celldm(5)=    0.00000  celldm(6)=    0.00000

     crystal axes: (cart. coord. in units of alat)
               a(1) = ( -0.5000  0.0000  0.5000 )  
               a(2) = (  0.0000  0.5000  0.5000 )  
               a(3) = ( -0.5000  0.5000  0.0000 )  

     reciprocal axes: (cart. coord. in units 2 pi/alat)
               b(1) = ( -1.0000 -1.0000  1.0000 )  
               b(2) = (  1.0000  1.0000  1.0000 )  
               b(3) = ( -1.0000  1.0000 -1.0000 )  


     Atoms inside the unit cell: 

   Cartesian axes

     site n.  atom      mass           positions (alat units)
        1        Ni  58.6934   tau( 1) = (    0.00000    0.00000    0.00000  )

     Computing dynamical matrix for 
                    q = (   0.0000000   0.0000000   0.0000000 )
 
     16 Sym.Ops. (no q -> -q+G )


     G cutoff =  336.0507  (   6423 G-vectors)     FFT grid: ( 27, 27, 27)
     G cutoff =  120.9783  (   1411 G-vectors)  smooth grid: ( 15, 15, 15)

     number of k points=    20  Methfessel-Paxton smearing, width (Ry)=  0.0200
                       cart. coord. in units 2pi/alat
        k(    1) = (  -0.1250000   0.1250000   0.1250000), wk =   0.0312500
        k(    2) = (  -0.3750000   0.3750000  -0.1250000), wk =   0.0625000
        k(    3) = (   0.3750000  -0.3750000   0.6250000), wk =   0.0625000
        k(    4) = (   0.1250000  -0.1250000   0.3750000), wk =   0.0625000
        k(    5) = (  -0.1250000   0.6250000   0.1250000), wk =   0.0625000
        k(    6) = (   0.6250000  -0.1250000   0.8750000), wk =   0.0625000
        k(    7) = (   0.3750000   0.1250000   0.6250000), wk =   0.0625000
        k(    8) = (  -0.1250000  -0.8750000   0.1250000), wk =   0.0625000
        k(    9) = (  -0.3750000   0.3750000   0.3750000), wk =   0.0312500
        k(   10) = (   0.3750000  -0.3750000   1.1250000), wk =   0.0625000
        k(   11) = (  -0.1250000  -0.3750000   0.3750000), wk =   0.0312500
        k(   12) = (   0.6250000   0.3750000  -0.3750000), wk =   0.0312500
        k(   13) = (   0.3750000   0.1250000  -0.1250000), wk =   0.0312500
        k(   14) = (   0.6250000   0.1250000  -0.1250000), wk =   0.0312500
        k(   15) = (  -0.1250000   0.8750000   0.6250000), wk =   0.0625000
        k(   16) = (   0.8750000   0.6250000  -0.1250000), wk =   0.0625000
        k(   17) = (   0.1250000   0.6250000   0.3750000), wk =   0.0625000
        k(   18) = (   0.6250000   0.3750000   0.1250000), wk =   0.0625000
        k(   19) = (  -0.8750000   0.1250000  -0.1250000), wk =   0.0312500
        k(   20) = (   1.1250000   0.3750000  -0.3750000), wk =   0.0312500

     PseudoPot. # 1 for Ni read from file:
     /home/giannozz/trunk/espresso/pseudo/Ni.rel-pbe-nd-rrkjus.UPF
     MD5 check sum: 8b1287ef4872018f5af50ee2abd2a985
     Pseudo is Ultrasoft + core correction, Zval = 10.0
     Generated by new atomic code, or converted to UPF format
     Using radial grid of 1195 points, 10 beta functions with: 
                l(1) =   0
                l(2) =   0
                l(3) =   1
                l(4) =   1
                l(5) =   1
                l(6) =   1
                l(7) =   2
                l(8) =   2
                l(9) =   2
               l(10) =   2
     Q(r) pseudized with 0 coefficients 



     Atomic displacements:
     There are   2 irreducible representations

     Representation     1      1 modes -A_2u X_4' M_4'  To be done

     Representation     2      2 modes -E_u  X_5' M_5'  To be done



     Alpha used in Ewald sum =   2.8000
     PHONON       :     9.31s CPU         9.71s WALL



     Representation #  1 mode #   1

     Self-consistent Calculation
 
     Pert. #  1: Fermi energy shift (Ry) =     0.0000E+00     0.0000E+00

      iter #   1 total cpu time :    11.0 secs   av.it.:   4.1
      thresh= 0.100E-01 alpha_mix =  0.700 |ddv_scf|^2 =  0.270E-05
 
     Pert. #  1: Fermi energy shift (Ry) =     0.0000E+00     0.0000E+00

      iter #   2 total cpu time :    12.1 secs   av.it.:   8.3
      thresh= 0.164E-03 alpha_mix =  0.700 |ddv_scf|^2 =  0.901E-08
 
     Pert. #  1: Fermi energy shift (Ry) =     0.0000E+00     0.0000E+00

      iter #   3 total cpu time :    13.1 secs   av.it.:   7.5
      thresh= 0.949E-05 alpha_mix =  0.700 |ddv_scf|^2 =  0.910E-09
 
     Pert. #  1: Fermi energy shift (Ry) =     0.0000E+00     0.0000E+00

      iter #   4 total cpu time :    14.6 secs   av.it.:   7.5
      thresh= 0.302E-05 alpha_mix =  0.700 |ddv_scf|^2 =  0.107E-10
 
     Pert. #  1: Fermi energy shift (Ry) =     0.0000E+00     0.0000E+00

      iter #   5 total cpu time :    15.6 secs   av.it.:   7.8
      thresh= 0.327E-06 alpha_mix =  0.700 |ddv_scf|^2 =  0.203E-12
 
     Pert. #  1: Fermi energy shift (Ry) =     0.0000E+00     0.0000E+00

      iter #   6 total cpu time :    16.6 secs   av.it.:   7.8
      thresh= 0.451E-07 alpha_mix =  0.700 |ddv_scf|^2 =  0.138E-14
 
     Pert. #  1: Fermi energy shift (Ry) =     0.0000E+00     0.0000E+00

      iter #   7 total cpu time :    17.5 secs   av.it.:   7.9
      thresh= 0.372E-08 alpha_mix =  0.700 |ddv_scf|^2 =  0.100E-15
 
     Pert. #  1: Fermi energy shift (Ry) =     0.0000E+00     0.0000E+00

      iter #   8 total cpu time :    18.8 secs   av.it.:   8.0
      thresh= 0.100E-08 alpha_mix =  0.700 |ddv_scf|^2 =  0.173E-17

     End of self-consistent calculation

     Convergence has been achieved 


     Representation #  2 modes #   2  3

     Self-consistent Calculation
 
     Pert. #  1: Fermi energy shift (Ry) =     0.0000E+00     0.0000E+00
     Pert. #  2: Fermi energy shift (Ry) =     0.0000E+00     0.0000E+00

      iter #   1 total cpu time :    21.2 secs   av.it.:   4.2
      thresh= 0.100E-01 alpha_mix =  0.700 |ddv_scf|^2 =  0.674E-06
 
     Pert. #  1: Fermi energy shift (Ry) =     0.0000E+00     0.0000E+00
     Pert. #  2: Fermi energy shift (Ry) =     0.0000E+00     0.0000E+00

      iter #   2 total cpu time :    23.4 secs   av.it.:   8.9
      thresh= 0.821E-04 alpha_mix =  0.700 |ddv_scf|^2 =  0.223E-08
 
     Pert. #  1: Fermi energy shift (Ry) =     0.0000E+00     0.0000E+00
     Pert. #  2: Fermi energy shift (Ry) =     0.0000E+00     0.0000E+00

      iter #   3 total cpu time :    25.7 secs   av.it.:   8.4
      thresh= 0.472E-05 alpha_mix =  0.700 |ddv_scf|^2 =  0.222E-09
 
     Pert. #  1: Fermi energy shift (Ry) =     0.0000E+00     0.0000E+00
     Pert. #  2: Fermi energy shift (Ry) =     0.0000E+00     0.0000E+00

      iter #   4 total cpu time :    27.9 secs   av.it.:   8.6
      thresh= 0.149E-05 alpha_mix =  0.700 |ddv_scf|^2 =  0.202E-11
 
     Pert. #  1: Fermi energy shift (Ry) =     0.0000E+00     0.0000E+00
     Pert. #  2: Fermi energy shift (Ry) =     0.0000E+00     0.0000E+00

      iter #   5 total cpu time :    30.4 secs   av.it.:   8.7
      thresh= 0.142E-06 alpha_mix =  0.700 |ddv_scf|^2 =  0.408E-13
 
     Pert. #  1: Fermi energy shift (Ry) =     0.0000E+00     0.0000E+00
     Pert. #  2: Fermi energy shift (Ry) =     0.0000E+00     0.0000E+00

      iter #   6 total cpu time :    32.5 secs   av.it.:   8.7
      thresh= 0.202E-07 alpha_mix =  0.700 |ddv_scf|^2 =  0.316E-15
 
     Pert. #  1: Fermi energy shift (Ry) =     0.0000E+00     0.0000E+00
     Pert. #  2: Fermi energy shift (Ry) =     0.0000E+00     0.0000E+00

      iter #   7 total cpu time :    35.2 secs   av.it.:   8.7
      thresh= 0.178E-08 alpha_mix =  0.700 |ddv_scf|^2 =  0.215E-16

     End of self-consistent calculation

     Convergence has been achieved 
 
     Number of q in the star =    1
     List of q in the star:
          1   0.000000000   0.000000000   0.000000000

     Diagonalizing the dynamical matrix

     q = (    0.000000000   0.000000000   0.000000000 ) 

 **************************************************************************
     omega( 1) =      -0.405126 [THz] =     -13.513552 [cm-1]
     omega( 2) =      -0.324507 [THz] =     -10.824374 [cm-1]
     omega( 3) =      -0.324507 [THz] =     -10.824374 [cm-1]
 **************************************************************************

     Mode symmetry, D_4h(4/mmm) [C_4h (4/m) ] magnetic point group:

     omega(  1 -  1) =        -13.5  [cm-1]   --> A_2u X_4' M_4'  I  
     omega(  2 -  3) =        -10.8  [cm-1]   --> E_u  X_5' M_5'  I  
 
     PHONON       :    31.69s CPU        35.64s WALL

     INITIALIZATION: 
     phq_setup    :      0.24s CPU      0.26s WALL (       1 calls)
     phq_init     :      7.30s CPU      7.59s WALL (       1 calls)
 
     phq_init     :      7.30s CPU      7.59s WALL (       1 calls)
     set_drhoc    :      0.61s CPU      0.63s WALL (       3 calls)
     init_vloc    :      0.00s CPU      0.00s WALL (       1 calls)
     init_us_1    :      1.04s CPU      1.08s WALL (       1 calls)
     newd         :      0.15s CPU      0.16s WALL (       1 calls)
     dvanqq       :      0.83s CPU      0.87s WALL (       1 calls)
     drho         :      5.36s CPU      5.57s WALL (       1 calls)
 
     DYNAMICAL MATRIX:
     dynmat0      :      0.77s CPU      0.80s WALL (       1 calls)
     phqscf       :     22.36s CPU     25.91s WALL (       1 calls)
     dynmatrix    :      0.01s CPU      0.01s WALL (       1 calls)
 
     phqscf       :     22.36s CPU     25.91s WALL (       1 calls)
     solve_linter :     22.06s CPU     25.43s WALL (       2 calls)
     drhodv       :      0.30s CPU      0.32s WALL (       2 calls)
 
     dynmat0      :      0.77s CPU      0.80s WALL (       1 calls)
     dynmat_us    :      0.32s CPU      0.34s WALL (       1 calls)
     d2ionq       :      0.00s CPU      0.00s WALL (       1 calls)
     dynmatcc     :      0.45s CPU      0.46s WALL (       1 calls)
 
     dynmat_us    :      0.32s CPU      0.34s WALL (       1 calls)
     addusdynmat  :      0.03s CPU      0.03s WALL (       1 calls)
 
     phqscf       :     22.36s CPU     25.91s WALL (       1 calls)
     solve_linter :     22.06s CPU     25.43s WALL (       2 calls)
 
     solve_linter :     22.06s CPU     25.43s WALL (       2 calls)
     dvqpsi_us    :      0.82s CPU      0.84s WALL (      60 calls)
     ortho        :      0.40s CPU      0.40s WALL (     440 calls)
     cgsolve      :     11.86s CPU     12.58s WALL (     440 calls)
     incdrhoscf   :      1.15s CPU      1.26s WALL (     440 calls)
     addusddens   :      1.98s CPU      2.06s WALL (      17 calls)
     vpsifft      :      0.68s CPU      0.76s WALL (     380 calls)
     dv_of_drho   :      0.94s CPU      1.04s WALL (      22 calls)
     mix_pot      :      0.21s CPU      0.39s WALL (      15 calls)
     ef_shift     :      0.02s CPU      0.03s WALL (      17 calls)
     localdos     :      0.46s CPU      0.48s WALL (       2 calls)
     symdvscf     :      0.39s CPU      0.41s WALL (      15 calls)
     newdq        :      1.80s CPU      1.85s WALL (      15 calls)
     adddvscf     :      0.30s CPU      0.33s WALL (     380 calls)
     drhodvus     :      0.00s CPU      0.01s WALL (       2 calls)
 
     dvqpsi_us    :      0.82s CPU      0.84s WALL (      60 calls)
     dvqpsi_us_on :      0.64s CPU      0.66s WALL (      60 calls)
 
     cgsolve      :     11.86s CPU     12.58s WALL (     440 calls)
     ch_psi       :     11.67s CPU     12.33s WALL (    4112 calls)
 
     ch_psi       :     11.67s CPU     12.33s WALL (    4112 calls)
     h_psiq       :      9.64s CPU     10.22s WALL (    4112 calls)
     last         :      1.98s CPU      2.06s WALL (    4112 calls)
 
     h_psiq       :      9.64s CPU     10.22s WALL (    4112 calls)
     firstfft     :      3.66s CPU      4.03s WALL (   38823 calls)
     secondfft    :      2.69s CPU      2.75s WALL (   38823 calls)
     add_vuspsi   :      0.84s CPU      0.90s WALL (    4112 calls)
 
     incdrhoscf   :      1.15s CPU      1.26s WALL (     440 calls)
 
     drhodvus     :      0.00s CPU      0.01s WALL (       2 calls)
 
      General routines
     calbec       :      1.17s CPU      1.26s WALL (    9644 calls)
     fft          :      0.40s CPU      0.46s WALL (    1205 calls)
     ffts         :      0.06s CPU      0.07s WALL (    1133 calls)
     fftw         :      5.99s CPU      6.40s WALL (  197052 calls)
     cinterpolate :      0.10s CPU      0.11s WALL (     196 calls)
     davcio       :      0.10s CPU      1.98s WALL (    2023 calls)
     write_rec    :      0.04s CPU      0.15s WALL (      17 calls)
 
 
     PHONON       :    31.69s CPU        35.64s WALL

 
   This run was terminated on:  16:14:23   6Dec2012            

=------------------------------------------------------------------------------=
   JOB DONE.
=------------------------------------------------------------------------------=
