
     Program PHONON v.5.0.2 (svn rev. 9400) starts on  6Dec2012 at 16:11:51 

     This program is part of the open-source Quantum ESPRESSO suite
     for quantum simulation of materials; please cite
         "P. Giannozzi et al., J. Phys.:Condens. Matter 21 395502 (2009);
          URL http://www.quantum-espresso.org", 
     in publications or presentations arising from this work. More details at
     http://www.quantum-espresso.org/quote.php

     Serial version

     Ultrasoft (Vanderbilt) Pseudopotentials

   Info: using nr1, nr2, nr3 values from input

   Info: using nr1s, nr2s, nr3s values from input

     IMPORTANT: XC functional enforced from input :
     Exchange-correlation      =  SLA  PW   PBX  PBC ( 1 4 3 4 0)
     EXX-fraction              =        0.00
     Any further DFT definition will be discarded
     Please, verify this is what you really want

 
     G-vector sticks info
     --------------------
     sticks:   dense  smooth     PW     G-vecs:    dense   smooth      PW
     Sum         583     241     73                 9409     2421     411
 

     Calculation of q =    0.0000000   0.0000000   0.0000000

                                                                                

     bravais-lattice index     =            2
     lattice parameter (alat)  =       7.5500  a.u.
     unit-cell volume          =     107.5922 (a.u.)^3
     number of atoms/cell      =            1
     number of atomic types    =            1
     kinetic-energy cut-off    =      30.0000  Ry
     charge density cut-off    =     300.0000  Ry
     convergence threshold     =      1.0E-16
     beta                      =       0.7000
     number of iterations used =            4
     Exchange-correlation      =  SLA  PW   PBX  PBC ( 1 4 3 4 0)
     EXX-fraction              =        0.00
     Non magnetic calculation with spin-orbit

     celldm(1)=    7.55000  celldm(2)=    0.00000  celldm(3)=    0.00000
     celldm(4)=    0.00000  celldm(5)=    0.00000  celldm(6)=    0.00000

     crystal axes: (cart. coord. in units of alat)
               a(1) = ( -0.5000  0.0000  0.5000 )  
               a(2) = (  0.0000  0.5000  0.5000 )  
               a(3) = ( -0.5000  0.5000  0.0000 )  

     reciprocal axes: (cart. coord. in units 2 pi/alat)
               b(1) = ( -1.0000 -1.0000  1.0000 )  
               b(2) = (  1.0000  1.0000  1.0000 )  
               b(3) = ( -1.0000  1.0000 -1.0000 )  


     Atoms inside the unit cell: 

   Cartesian axes

     site n.  atom      mass           positions (alat units)
        1        Pt 195.0780   tau( 1) = (    0.00000    0.00000    0.00000  )

     Computing dynamical matrix for 
                    q = (   0.0000000   0.0000000   0.0000000 )
 
     49 Sym.Ops. (with q -> -q+G )


     G cutoff =  433.1671  (   9409 G-vectors)     FFT grid: ( 30, 30, 30)
     G cutoff =  173.2668  (   2421 G-vectors)  smooth grid: ( 20, 20, 20)

     number of k points=     2  Methfessel-Paxton smearing, width (Ry)=  0.0200
                       cart. coord. in units 2pi/alat
        k(    1) = (  -0.2500000   0.2500000   0.2500000), wk =   0.2500000
        k(    2) = (   0.2500000  -0.2500000   0.7500000), wk =   0.7500000

     PseudoPot. # 1 for Pt read from file:
     /home/giannozz/trunk/espresso/pseudo/Pt.rel-pbe-n-rrkjus.UPF
     MD5 check sum: 8976e1f9268a9f994bd99b05aed4cb96
     Pseudo is Ultrasoft + core correction, Zval = 10.0
     Generated by new atomic code, or converted to UPF format
     Using radial grid of 1277 points,  6 beta functions with: 
                l(1) =   2
                l(2) =   2
                l(3) =   2
                l(4) =   2
                l(5) =   1
                l(6) =   1
     Q(r) pseudized with 0 coefficients 



     Atomic displacements:
     There are   1 irreducible representations

     Representation     1      3 modes -T_1u G_15  G_4-  To be done



     Alpha used in Ewald sum =   2.8000
     PHONON       :     3.52s CPU         3.69s WALL



     Representation #  1 modes #   1  2  3

     Self-consistent Calculation
 
     Pert. #  1: Fermi energy shift (Ry) =     0.0000E+00    -0.1567E-37
     Pert. #  2: Fermi energy shift (Ry) =     0.1292E-25    -0.1175E-37
     Pert. #  3: Fermi energy shift (Ry) =    -0.5170E-25    -0.3135E-37

      iter #   1 total cpu time :     4.6 secs   av.it.:   6.2
      thresh= 0.100E-01 alpha_mix =  0.700 |ddv_scf|^2 =  0.443E-06
 
     Pert. #  1: Fermi energy shift (Ry) =    -0.1723E-25    -0.2449E-39
     Pert. #  2: Fermi energy shift (Ry) =    -0.4739E-25    -0.2449E-39
     Pert. #  3: Fermi energy shift (Ry) =    -0.5170E-25     0.1224E-39

      iter #   2 total cpu time :     5.6 secs   av.it.:  12.3
      thresh= 0.665E-04 alpha_mix =  0.700 |ddv_scf|^2 =  0.222E-07
 
     Pert. #  1: Fermi energy shift (Ry) =    -0.3447E-25     0.0000E+00
     Pert. #  2: Fermi energy shift (Ry) =    -0.2585E-25     0.4286E-39
     Pert. #  3: Fermi energy shift (Ry) =    -0.5170E-25     0.1837E-39

      iter #   3 total cpu time :     6.6 secs   av.it.:  11.0
      thresh= 0.149E-04 alpha_mix =  0.700 |ddv_scf|^2 =  0.144E-08
 
     Pert. #  1: Fermi energy shift (Ry) =     0.0000E+00     0.0000E+00
     Pert. #  2: Fermi energy shift (Ry) =     0.5601E-25     0.0000E+00
     Pert. #  3: Fermi energy shift (Ry) =    -0.1723E-25     0.0000E+00

      iter #   4 total cpu time :     7.6 secs   av.it.:  10.5
      thresh= 0.380E-05 alpha_mix =  0.700 |ddv_scf|^2 =  0.174E-11
 
     Pert. #  1: Fermi energy shift (Ry) =     0.1723E-25    -0.1435E-41
     Pert. #  2: Fermi energy shift (Ry) =    -0.5170E-25     0.1076E-41
     Pert. #  3: Fermi energy shift (Ry) =     0.0000E+00     0.9566E-42

      iter #   5 total cpu time :     8.6 secs   av.it.:  11.5
      thresh= 0.132E-06 alpha_mix =  0.700 |ddv_scf|^2 =  0.830E-14
 
     Pert. #  1: Fermi energy shift (Ry) =     0.1723E-25    -0.5979E-42
     Pert. #  2: Fermi energy shift (Ry) =     0.8616E-26     0.3886E-42
     Pert. #  3: Fermi energy shift (Ry) =     0.0000E+00    -0.2392E-42

      iter #   6 total cpu time :    11.8 secs   av.it.:  11.8
      thresh= 0.911E-08 alpha_mix =  0.700 |ddv_scf|^2 =  0.103E-15
 
     Pert. #  1: Fermi energy shift (Ry) =    -0.1723E-25    -0.5979E-42
     Pert. #  2: Fermi energy shift (Ry) =    -0.4308E-26     0.3886E-42
     Pert. #  3: Fermi energy shift (Ry) =    -0.3447E-25    -0.2392E-42

      iter #   7 total cpu time :    12.8 secs   av.it.:  12.0
      thresh= 0.101E-08 alpha_mix =  0.700 |ddv_scf|^2 =  0.230E-17

     End of self-consistent calculation

     Convergence has been achieved 
 
     Number of q in the star =    1
     List of q in the star:
          1   0.000000000   0.000000000   0.000000000

     Diagonalizing the dynamical matrix

     q = (    0.000000000   0.000000000   0.000000000 ) 

 **************************************************************************
     omega( 1) =      -0.013693 [THz] =      -0.456750 [cm-1]
     omega( 2) =      -0.013693 [THz] =      -0.456750 [cm-1]
     omega( 3) =      -0.013693 [THz] =      -0.456750 [cm-1]
 **************************************************************************

     Mode symmetry, O_h (m-3m)  point group:

     omega(  1 -  3) =         -0.5  [cm-1]   --> T_1u G_15  G_4- I  
 
     PHONON       :    10.06s CPU        12.86s WALL

     INITIALIZATION: 
     phq_setup    :      0.07s CPU      0.08s WALL (       1 calls)
     phq_init     :      2.01s CPU      2.10s WALL (       1 calls)
 
     phq_init     :      2.01s CPU      2.10s WALL (       1 calls)
     set_drhoc    :      1.03s CPU      1.07s WALL (       3 calls)
     init_vloc    :      0.00s CPU      0.00s WALL (       1 calls)
     init_us_1    :      0.94s CPU      0.98s WALL (       1 calls)
     newd         :      0.06s CPU      0.07s WALL (       1 calls)
     dvanqq       :      0.34s CPU      0.35s WALL (       1 calls)
     drho         :      0.45s CPU      0.48s WALL (       1 calls)
 
     DYNAMICAL MATRIX:
     dynmat0      :      0.75s CPU      0.78s WALL (       1 calls)
     phqscf       :      6.54s CPU      9.16s WALL (       1 calls)
     dynmatrix    :      0.00s CPU      0.01s WALL (       1 calls)
 
     phqscf       :      6.54s CPU      9.16s WALL (       1 calls)
     solve_linter :      6.52s CPU      9.13s WALL (       1 calls)
     drhodv       :      0.02s CPU      0.02s WALL (       1 calls)
 
     dynmat0      :      0.75s CPU      0.78s WALL (       1 calls)
     dynmat_us    :      0.04s CPU      0.04s WALL (       1 calls)
     d2ionq       :      0.00s CPU      0.00s WALL (       1 calls)
     dynmatcc     :      0.71s CPU      0.74s WALL (       1 calls)
 
     dynmat_us    :      0.04s CPU      0.04s WALL (       1 calls)
     addusdynmat  :      0.01s CPU      0.02s WALL (       1 calls)
 
     phqscf       :      6.54s CPU      9.16s WALL (       1 calls)
     solve_linter :      6.52s CPU      9.13s WALL (       1 calls)
 
     solve_linter :      6.52s CPU      9.13s WALL (       1 calls)
     dvqpsi_us    :      0.08s CPU      0.08s WALL (       6 calls)
     ortho        :      0.05s CPU      0.05s WALL (      42 calls)
     cgsolve      :      2.56s CPU      2.73s WALL (      42 calls)
     incdrhoscf   :      0.19s CPU      0.18s WALL (      42 calls)
     addusddens   :      0.66s CPU      0.70s WALL (       8 calls)
     vpsifft      :      0.13s CPU      0.14s WALL (      36 calls)
     dv_of_drho   :      0.22s CPU      0.23s WALL (      21 calls)
     mix_pot      :      0.06s CPU      2.01s WALL (       7 calls)
     ef_shift     :      0.02s CPU      0.02s WALL (       8 calls)
     localdos     :      0.07s CPU      0.07s WALL (       1 calls)
     symdvscf     :      1.20s CPU      1.24s WALL (       7 calls)
     newdq        :      1.25s CPU      1.33s WALL (       7 calls)
     adddvscf     :      0.04s CPU      0.03s WALL (      36 calls)
     drhodvus     :      0.00s CPU      0.00s WALL (       1 calls)
 
     dvqpsi_us    :      0.08s CPU      0.08s WALL (       6 calls)
     dvqpsi_us_on :      0.05s CPU      0.05s WALL (       6 calls)
 
     cgsolve      :      2.56s CPU      2.73s WALL (      42 calls)
     ch_psi       :      2.52s CPU      2.68s WALL (     621 calls)
 
     ch_psi       :      2.52s CPU      2.68s WALL (     621 calls)
     h_psiq       :      2.16s CPU      2.31s WALL (     621 calls)
     last         :      0.36s CPU      0.35s WALL (     621 calls)
 
     h_psiq       :      2.16s CPU      2.31s WALL (     621 calls)
     firstfft     :      1.03s CPU      1.01s WALL (    5200 calls)
     secondfft    :      0.66s CPU      0.80s WALL (    5200 calls)
     add_vuspsi   :      0.10s CPU      0.12s WALL (     621 calls)
 
     incdrhoscf   :      0.19s CPU      0.18s WALL (      42 calls)
 
     drhodvus     :      0.00s CPU      0.00s WALL (       1 calls)
 
      General routines
     calbec       :      0.23s CPU      0.23s WALL (    1378 calls)
     fft          :      0.17s CPU      0.21s WALL (     454 calls)
     ffts         :      0.01s CPU      0.01s WALL (     106 calls)
     fftw         :      1.62s CPU      1.75s WALL (   24868 calls)
     cinterpolate :      0.03s CPU      0.05s WALL (      46 calls)
     davcio       :      0.04s CPU      2.23s WALL (     239 calls)
     write_rec    :      0.02s CPU      0.05s WALL (       8 calls)
 
 
     PHONON       :    10.06s CPU        12.86s WALL

 
   This run was terminated on:  16:12: 4   6Dec2012            

=------------------------------------------------------------------------------=
   JOB DONE.
=------------------------------------------------------------------------------=
