     diagonalizing the dynamical matrix ...

 q =       0.0000      0.0000      0.0000
 **************************************************************************
     omega(    1) =      -0.000002 [THz] =      -0.000055 [cm-1]
 (  0.012647   0.000000     0.004175   0.000000    -0.047542   0.000000   )
 (  0.286270   0.000000    -0.227319   0.000000    -0.089672   0.000000   )
 (  0.276256   0.000000    -0.217305   0.000000    -0.005413   0.000000   )
 ( -0.250963   0.000000     0.235670   0.000000     0.447561   0.000000   )
 ( -0.260977   0.000000     0.225656   0.000000    -0.542646   0.000000   )
     omega(    2) =      -0.000001 [THz] =      -0.000030 [cm-1]
 ( -0.030900   0.000000     0.050848   0.000000     0.029829   0.000000   )
 ( -0.052275   0.000000     0.462287   0.000000    -0.360235   0.000000   )
 (  0.377382   0.000000     0.032631   0.000000     0.419893   0.000000   )
 ( -0.439181   0.000000    -0.360591   0.000000     0.026671   0.000000   )
 ( -0.009525   0.000000     0.069065   0.000000     0.032987   0.000000   )
     omega(    3) =       0.000000 [THz] =      -0.000015 [cm-1]
 (  0.203080   0.000000     0.068995   0.000000     0.310853   0.000000   )
 (  0.439903   0.000000    -0.150951   0.000000     0.293976   0.000000   )
 (  0.170795   0.000000     0.118156   0.000000     0.327729   0.000000   )
 (  0.235365   0.000000     0.288941   0.000000     0.498514   0.000000   )
 ( -0.033742   0.000000     0.019834   0.000000     0.123191   0.000000   )
     omega(    4) =       0.000000 [THz] =      -0.000013 [cm-1]
 (  0.107696   0.000000    -0.018357   0.000000    -0.081919   0.000000   )
 (  0.432419   0.000000     0.017199   0.000000    -0.442197   0.000000   )
 (  0.025135   0.000000     0.424482   0.000000     0.278360   0.000000   )
 (  0.190257   0.000000    -0.053913   0.000000    -0.200036   0.000000   )
 ( -0.217026   0.000000    -0.461197   0.000000     0.036198   0.000000   )
     omega(    5) =       0.000000 [THz] =      -0.000004 [cm-1]
 (  0.085142   0.000000     0.333606   0.000000    -0.115632   0.000000   )
 ( -0.139902   0.000000     0.292123   0.000000     0.150895   0.000000   )
 ( -0.061048   0.000000     0.213269   0.000000    -0.382159   0.000000   )
 (  0.231333   0.000000     0.375089   0.000000    -0.220339   0.000000   )
 (  0.310186   0.000000     0.453942   0.000000    -0.010925   0.000000   )
     omega(    6) =       0.000000 [THz] =       0.000011 [cm-1]
 (  0.151544   0.000000    -0.078421   0.000000    -0.043968   0.000000   )
 ( -0.246332   0.000000     0.182751   0.000000     0.092736   0.000000   )
 (  0.371396   0.000000    -0.434977   0.000000    -0.180673   0.000000   )
 ( -0.068307   0.000000    -0.339592   0.000000    -0.085288   0.000000   )
 (  0.549420   0.000000     0.278135   0.000000    -0.002648   0.000000   )
     omega(    7) =      22.212456 [THz] =     740.927780 [cm-1]
 (  0.000000   0.000000     0.000000   0.000000     0.000000   0.000000   )
 ( -0.363514   0.000000     0.020842   0.000000     0.342671   0.000000   )
 (  0.363514   0.000000    -0.020842   0.000000     0.342671   0.000000   )
 (  0.363514   0.000000     0.020842   0.000000    -0.342671   0.000000   )
 ( -0.363514   0.000000    -0.020842   0.000000    -0.342671   0.000000   )
     omega(    8) =      22.212466 [THz] =     740.928111 [cm-1]
 (  0.000000   0.000000     0.000000   0.000000     0.000000   0.000000   )
 (  0.185808   0.000000    -0.407716   0.000000     0.221908   0.000000   )
 ( -0.185808   0.000000     0.407716   0.000000     0.221908   0.000000   )
 ( -0.185808   0.000000    -0.407716   0.000000    -0.221908   0.000000   )
 (  0.185808   0.000000     0.407716   0.000000    -0.221908   0.000000   )
     omega(    9) =      27.099317 [THz] =     903.935907 [cm-1]
 (  0.000000   0.000000     0.000000   0.000000     0.055439   0.000000   )
 (  0.223718   0.000000     0.223718   0.000000    -0.386177   0.000000   )
 ( -0.223718   0.000000    -0.223718   0.000000    -0.386177   0.000000   )
 (  0.223718   0.000000    -0.223718   0.000000    -0.386177   0.000000   )
 ( -0.223718   0.000000     0.223718   0.000000    -0.386177   0.000000   )
     omega(   10) =      27.099317 [THz] =     903.935914 [cm-1]
 (  0.000000   0.000000    -0.055439   0.000000     0.000000   0.000000   )
 ( -0.223718   0.000000     0.386177   0.000000    -0.223718   0.000000   )
 ( -0.223718   0.000000     0.386177   0.000000     0.223718   0.000000   )
 (  0.223718   0.000000     0.386177   0.000000     0.223718   0.000000   )
 (  0.223718   0.000000     0.386177   0.000000    -0.223718   0.000000   )
     omega(   11) =      27.099322 [THz] =     903.936068 [cm-1]
 (  0.055439   0.000000     0.000000   0.000000     0.000000   0.000000   )
 ( -0.386177   0.000000     0.223718   0.000000     0.223718   0.000000   )
 ( -0.386177   0.000000     0.223718   0.000000    -0.223718   0.000000   )
 ( -0.386177   0.000000    -0.223718   0.000000     0.223718   0.000000   )
 ( -0.386177   0.000000    -0.223718   0.000000    -0.223718   0.000000   )
     omega(   12) =      75.527803 [THz] =    2519.336325 [cm-1]
 (  0.000000   0.000000     0.041767   0.000000     0.000000   0.000000   )
 ( -0.287156   0.000000    -0.290941   0.000000    -0.287156   0.000000   )
 ( -0.287156   0.000000    -0.290941   0.000000     0.287156   0.000000   )
 (  0.287156   0.000000    -0.290941   0.000000     0.287156   0.000000   )
 (  0.287156   0.000000    -0.290941   0.000000    -0.287156   0.000000   )
     omega(   13) =      75.527803 [THz] =    2519.336343 [cm-1]
 (  0.000000   0.000000     0.000000   0.000000    -0.041767   0.000000   )
 (  0.287156   0.000000     0.287156   0.000000     0.290941   0.000000   )
 ( -0.287156   0.000000    -0.287156   0.000000     0.290941   0.000000   )
 (  0.287156   0.000000    -0.287156   0.000000     0.290941   0.000000   )
 ( -0.287156   0.000000     0.287156   0.000000     0.290941   0.000000   )
     omega(   14) =      75.527804 [THz] =    2519.336373 [cm-1]
 ( -0.041767   0.000000     0.000000   0.000000     0.000000   0.000000   )
 (  0.290941   0.000000     0.287156   0.000000     0.287156   0.000000   )
 (  0.290941   0.000000     0.287156   0.000000    -0.287156   0.000000   )
 (  0.290941   0.000000    -0.287156   0.000000     0.287156   0.000000   )
 (  0.290941   0.000000    -0.287156   0.000000    -0.287156   0.000000   )
     omega(   15) =      82.471873 [THz] =    2750.965562 [cm-1]
 (  0.000000   0.000000     0.000000   0.000000     0.000000   0.000000   )
 ( -0.288675   0.000000    -0.288675   0.000000    -0.288675   0.000000   )
 (  0.288675   0.000000     0.288675   0.000000    -0.288675   0.000000   )
 (  0.288675   0.000000    -0.288675   0.000000     0.288675   0.000000   )
 ( -0.288675   0.000000     0.288675   0.000000     0.288675   0.000000   )
 **************************************************************************
