
     Program KCW v.7.0 starts on 25Jan2022 at 14:37:38 

     This program is part of the open-source Quantum ESPRESSO suite
     for quantum simulation of materials; please cite
         "P. Giannozzi et al., J. Phys.:Condens. Matter 21 395502 (2009);
         "P. Giannozzi et al., J. Phys.:Condens. Matter 29 465901 (2017);
         "P. Giannozzi et al., J. Chem. Phys. 152 154105 (2020);
          URL http://www.quantum-espresso.org", 
     in publications or presentations arising from this work. More details at
     http://www.quantum-espresso.org/quote

     Parallel version (MPI), running on     4 processors

     MPI processes distributed on     1 nodes
     R & G space division:  proc/nbgrp/npool/nimage =       4
     373 MiB available memory on the printing compute node when the environment starts
 

     KCW INPUT SUMMARY 
     ============================================

      CONTROL 
       # title               =        KI Silicon
       # out_dir             =/home/nicola/Scriv
       # prefix              =               h2o
       # calculation         =            screen
       # kcw_iverbosity      =                 2
       # kcw_at_ks           =                 T
       # spin_component      =                 1
       # homo_only           =                 F
       # read_unitary_matrix =                 F
       # check_ks            =                 F
       # l_vcut              =                 F
       # assume_isolated     =                mt

      SCREEN 
       # lrpa                =                 F
       # fix_orb             =                 F
       # tr2                 =        0.1000E-17
       # niter               =                33
       # nmix                =                 4
       # MP grid             =     1     1     1
       # eps_inf             =        0.1000E+01
       # check_spread        =                 F
     ============================================

     INFO: Reading pwscf data

     Reading xml data from directory:

     /home/nicola/Scrivania/CODES/git/koopmans/quantum_espresso/qe_koopmans/tempdir/h2o.save/

     IMPORTANT: XC functional enforced from input :
     Exchange-correlation= PBE
                           (   1   4   3   4   0   0   0)
     Any further DFT definition will be discarded
     Please, verify this is what you really want

 
     Parallelization info
     --------------------
     sticks:   dense  smooth     PW     G-vecs:    dense   smooth      PW
     Min         975     975    244                44983    44983    5620
     Max         977     977    245                44984    44984    5623
     Sum        3905    3905    979               179933   179933   22489
 
     Using Slab Decomposition
 
     Reading collected, re-writing distributed wavefunctions

     INFO: Buffer for KS wfcs, OPENED

     INFO: Buffer for WF rho, OPENED

     INFO: Coulomb kernel treated according to MT scheme

     INFO: READING Wannier-orbital Densities ...

        ==============================================================================
        iq =     1
        The  Wannier density at  q =    0.0000000   0.0000000   0.0000000  [Cart ]
        The  Wannier density at  q =    0.0000000   0.0000000   0.0000000  [Cryst]
        ==============================================================================

     INFO: total number of wannier to compute    8 from     1 to     8

     INFO: PREPARING THE KCW CALCULATION ... DONE




     INFO: LR CALCULATION ...


     ==============================================================================
     Calculation of q =    0.0000000   0.0000000   0.0000000  [Cart ]
     Calculation of q =    0.0000000   0.0000000   0.0000000  [Cryst]
     ==============================================================================

        INFO: prepare_q DONE

        INFO: rhowan_q(r) RETRIEVED

        INFO: kcw_q initialization DONE

        DEBUG: \int dr [rho - rho_PWSCF] =       0.112275E-18

weight =    1  1.00000000
      ADDING Martyna-Tuckerman correction


        Start linear response calculation for the wannier #  1    spin =  1

      iter #   1 total cpu time :     3.1 secs   av.it.:  16.0
      thresh= 1.000E-06 alpha_mix =  0.700 |ddv_scf|^2 =  2.182E-08

      iter #   2 total cpu time :     4.2 secs   av.it.:  15.5
      thresh= 1.000E-06 alpha_mix =  0.700 |ddv_scf|^2 =  1.220E-08

      iter #   3 total cpu time :     5.7 secs   av.it.:  15.5
      thresh= 1.000E-06 alpha_mix =  0.700 |ddv_scf|^2 =  5.142E-10

      iter #   4 total cpu time :     7.1 secs   av.it.:  17.0
      thresh= 2.268E-07 alpha_mix =  0.700 |ddv_scf|^2 =  5.291E-12

      iter #   5 total cpu time :     8.7 secs   av.it.:  19.0
      thresh= 2.300E-08 alpha_mix =  0.700 |ddv_scf|^2 =  2.294E-12

      iter #   6 total cpu time :    10.1 secs   av.it.:  20.0
      thresh= 1.515E-08 alpha_mix =  0.700 |ddv_scf|^2 =  2.422E-15

      iter #   7 total cpu time :    11.8 secs   av.it.:  23.5
      thresh= 4.922E-10 alpha_mix =  0.700 |ddv_scf|^2 =  2.496E-16

      iter #   8 total cpu time :    13.8 secs   av.it.:  25.0
      thresh= 1.580E-10 alpha_mix =  0.700 |ddv_scf|^2 =  1.198E-17

      iter #   9 total cpu time :    16.0 secs   av.it.:  27.0
      thresh= 3.462E-11 alpha_mix =  0.700 |ddv_scf|^2 =  5.121E-19

        iq =   1   iwann =   1   rPi_q =    -0.50664775    -0.00000000   rPi_q_RS =    -0.50664774    -0.00000000   uPi_q =     1.40618508    -0.00000000   Self Hartree =     0.76830704     0.00000000
      ADDING Martyna-Tuckerman correction


        Start linear response calculation for the wannier #  2    spin =  1

      iter #   1 total cpu time :    17.2 secs   av.it.:  16.0
      thresh= 1.000E-06 alpha_mix =  0.700 |ddv_scf|^2 =  1.487E-08

      iter #   2 total cpu time :    18.5 secs   av.it.:  15.0
      thresh= 1.000E-06 alpha_mix =  0.700 |ddv_scf|^2 =  7.374E-09

      iter #   3 total cpu time :    20.0 secs   av.it.:  15.5
      thresh= 8.587E-07 alpha_mix =  0.700 |ddv_scf|^2 =  4.505E-10

      iter #   4 total cpu time :    21.5 secs   av.it.:  17.0
      thresh= 2.122E-07 alpha_mix =  0.700 |ddv_scf|^2 =  5.276E-12

      iter #   5 total cpu time :    23.3 secs   av.it.:  19.0
      thresh= 2.297E-08 alpha_mix =  0.700 |ddv_scf|^2 =  3.506E-13

      iter #   6 total cpu time :    25.1 secs   av.it.:  21.0
      thresh= 5.921E-09 alpha_mix =  0.700 |ddv_scf|^2 =  2.943E-15

      iter #   7 total cpu time :    27.0 secs   av.it.:  23.5
      thresh= 5.425E-10 alpha_mix =  0.700 |ddv_scf|^2 =  6.849E-17

      iter #   8 total cpu time :    29.2 secs   av.it.:  25.5
      thresh= 8.276E-11 alpha_mix =  0.700 |ddv_scf|^2 =  1.089E-17

      iter #   9 total cpu time :    31.3 secs   av.it.:  27.0
      thresh= 3.301E-11 alpha_mix =  0.700 |ddv_scf|^2 =  3.637E-19

        iq =   1   iwann =   2   rPi_q =    -0.33799881    -0.00000000   rPi_q_RS =    -0.33799881    -0.00000000   uPi_q =     1.18103707    -0.00000000   Self Hartree =     0.66715243     0.00000000
      ADDING Martyna-Tuckerman correction


        Start linear response calculation for the wannier #  3    spin =  1

      iter #   1 total cpu time :    32.8 secs   av.it.:  16.0
      thresh= 1.000E-06 alpha_mix =  0.700 |ddv_scf|^2 =  1.978E-08

      iter #   2 total cpu time :    34.1 secs   av.it.:  15.0
      thresh= 1.000E-06 alpha_mix =  0.700 |ddv_scf|^2 =  1.158E-08

      iter #   3 total cpu time :    35.6 secs   av.it.:  15.0
      thresh= 1.000E-06 alpha_mix =  0.700 |ddv_scf|^2 =  4.459E-10

      iter #   4 total cpu time :    37.1 secs   av.it.:  16.5
      thresh= 2.112E-07 alpha_mix =  0.700 |ddv_scf|^2 =  4.712E-12

      iter #   5 total cpu time :    38.8 secs   av.it.:  19.0
      thresh= 2.171E-08 alpha_mix =  0.700 |ddv_scf|^2 =  2.910E-13

      iter #   6 total cpu time :    40.7 secs   av.it.:  20.5
      thresh= 5.395E-09 alpha_mix =  0.700 |ddv_scf|^2 =  3.124E-15

      iter #   7 total cpu time :    42.6 secs   av.it.:  23.0
      thresh= 5.590E-10 alpha_mix =  0.700 |ddv_scf|^2 =  1.618E-16

      iter #   8 total cpu time :    44.7 secs   av.it.:  25.0
      thresh= 1.272E-10 alpha_mix =  0.700 |ddv_scf|^2 =  2.062E-17

      iter #   9 total cpu time :    46.7 secs   av.it.:  26.0
      thresh= 4.541E-11 alpha_mix =  0.700 |ddv_scf|^2 =  1.057E-19

        iq =   1   iwann =   3   rPi_q =    -0.44061798    -0.00000000   rPi_q_RS =    -0.44061798    -0.00000000   uPi_q =     1.25648772    -0.00000000   Self Hartree =     0.71476611     0.00000000
      ADDING Martyna-Tuckerman correction


        Start linear response calculation for the wannier #  4    spin =  1

      iter #   1 total cpu time :    48.2 secs   av.it.:  16.0
      thresh= 1.000E-06 alpha_mix =  0.700 |ddv_scf|^2 =  2.141E-08

      iter #   2 total cpu time :    49.6 secs   av.it.:  15.0
      thresh= 1.000E-06 alpha_mix =  0.700 |ddv_scf|^2 =  1.204E-08

      iter #   3 total cpu time :    51.0 secs   av.it.:  15.5
      thresh= 1.000E-06 alpha_mix =  0.700 |ddv_scf|^2 =  5.297E-10

      iter #   4 total cpu time :    52.6 secs   av.it.:  16.5
      thresh= 2.301E-07 alpha_mix =  0.700 |ddv_scf|^2 =  2.739E-12

      iter #   5 total cpu time :    54.9 secs   av.it.:  19.5
      thresh= 1.655E-08 alpha_mix =  0.700 |ddv_scf|^2 =  1.629E-12

      iter #   6 total cpu time :    56.6 secs   av.it.:  20.0
      thresh= 1.276E-08 alpha_mix =  0.700 |ddv_scf|^2 =  1.093E-15

      iter #   7 total cpu time :    58.6 secs   av.it.:  24.0
      thresh= 3.306E-10 alpha_mix =  0.700 |ddv_scf|^2 =  2.428E-16

      iter #   8 total cpu time :    60.6 secs   av.it.:  25.0
      thresh= 1.558E-10 alpha_mix =  0.700 |ddv_scf|^2 =  2.387E-17

      iter #   9 total cpu time :    62.7 secs   av.it.:  26.0
      thresh= 4.885E-11 alpha_mix =  0.700 |ddv_scf|^2 =  1.234E-18

      iter #  10 total cpu time :    65.1 secs   av.it.:  28.0
      thresh= 1.111E-11 alpha_mix =  0.700 |ddv_scf|^2 =  4.712E-20

        iq =   1   iwann =   4   rPi_q =    -0.45740735     0.00000000   rPi_q_RS =    -0.45740735     0.00000000   uPi_q =     1.25835792    -0.00000000   Self Hartree =     0.71492152    -0.00000000
      ADDING Martyna-Tuckerman correction


        Start linear response calculation for the wannier #  5    spin =  1

      iter #   1 total cpu time :    66.5 secs   av.it.:  14.0
      thresh= 1.000E-06 alpha_mix =  0.700 |ddv_scf|^2 =  1.299E-09

      iter #   2 total cpu time :    67.9 secs   av.it.:  15.0
      thresh= 3.604E-07 alpha_mix =  0.700 |ddv_scf|^2 =  1.268E-10

      iter #   3 total cpu time :    69.3 secs   av.it.:  16.0
      thresh= 1.126E-07 alpha_mix =  0.700 |ddv_scf|^2 =  1.356E-10

      iter #   4 total cpu time :    70.8 secs   av.it.:  16.0
      thresh= 1.165E-07 alpha_mix =  0.700 |ddv_scf|^2 =  3.935E-13

      iter #   5 total cpu time :    72.4 secs   av.it.:  19.0
      thresh= 6.273E-09 alpha_mix =  0.700 |ddv_scf|^2 =  1.649E-14

      iter #   6 total cpu time :    74.3 secs   av.it.:  21.0
      thresh= 1.284E-09 alpha_mix =  0.700 |ddv_scf|^2 =  5.982E-16

      iter #   7 total cpu time :    76.3 secs   av.it.:  23.0
      thresh= 2.446E-10 alpha_mix =  0.700 |ddv_scf|^2 =  2.787E-17

      iter #   8 total cpu time :    78.3 secs   av.it.:  24.5
      thresh= 5.279E-11 alpha_mix =  0.700 |ddv_scf|^2 =  3.081E-18

      iter #   9 total cpu time :    80.3 secs   av.it.:  26.0
      thresh= 1.755E-11 alpha_mix =  0.700 |ddv_scf|^2 =  4.874E-20

        iq =   1   iwann =   5   rPi_q =    -0.03536064     0.00000000   rPi_q_RS =    -0.03536063     0.00000000   uPi_q =    -1.23804264     0.00000000   Self Hartree =     0.18792842    -0.00000000
      ADDING Martyna-Tuckerman correction


        Start linear response calculation for the wannier #  6    spin =  1

      iter #   1 total cpu time :    81.8 secs   av.it.:  14.5
      thresh= 1.000E-06 alpha_mix =  0.700 |ddv_scf|^2 =  1.490E-09

      iter #   2 total cpu time :    83.2 secs   av.it.:  15.0
      thresh= 3.860E-07 alpha_mix =  0.700 |ddv_scf|^2 =  1.820E-10

      iter #   3 total cpu time :    84.7 secs   av.it.:  17.0
      thresh= 1.349E-07 alpha_mix =  0.700 |ddv_scf|^2 =  1.486E-10

      iter #   4 total cpu time :    86.2 secs   av.it.:  16.5
      thresh= 1.219E-07 alpha_mix =  0.700 |ddv_scf|^2 =  3.803E-13

      iter #   5 total cpu time :    88.0 secs   av.it.:  20.0
      thresh= 6.167E-09 alpha_mix =  0.700 |ddv_scf|^2 =  7.083E-15

      iter #   6 total cpu time :    90.2 secs   av.it.:  22.0
      thresh= 8.416E-10 alpha_mix =  0.700 |ddv_scf|^2 =  7.358E-16

      iter #   7 total cpu time :    92.2 secs   av.it.:  24.0
      thresh= 2.713E-10 alpha_mix =  0.700 |ddv_scf|^2 =  5.474E-17

      iter #   8 total cpu time :    94.3 secs   av.it.:  25.0
      thresh= 7.399E-11 alpha_mix =  0.700 |ddv_scf|^2 =  2.173E-18

      iter #   9 total cpu time :    96.4 secs   av.it.:  27.0
      thresh= 1.474E-11 alpha_mix =  0.700 |ddv_scf|^2 =  4.901E-20

        iq =   1   iwann =   6   rPi_q =    -0.04885006     0.00000000   rPi_q_RS =    -0.04885005     0.00000000   uPi_q =    -3.39839334     0.00000000   Self Hartree =     0.17600255     0.00000000
      ADDING Martyna-Tuckerman correction


        Start linear response calculation for the wannier #  7    spin =  1

      iter #   1 total cpu time :    97.5 secs   av.it.:  14.0
      thresh= 1.000E-06 alpha_mix =  0.700 |ddv_scf|^2 =  6.097E-10

      iter #   2 total cpu time :    98.7 secs   av.it.:  16.0
      thresh= 2.469E-07 alpha_mix =  0.700 |ddv_scf|^2 =  9.082E-11

      iter #   3 total cpu time :   100.1 secs   av.it.:  17.0
      thresh= 9.530E-08 alpha_mix =  0.700 |ddv_scf|^2 =  6.018E-11

      iter #   4 total cpu time :   101.7 secs   av.it.:  17.0
      thresh= 7.758E-08 alpha_mix =  0.700 |ddv_scf|^2 =  1.905E-13

      iter #   5 total cpu time :   103.7 secs   av.it.:  20.0
      thresh= 4.365E-09 alpha_mix =  0.700 |ddv_scf|^2 =  6.338E-15

      iter #   6 total cpu time :   105.7 secs   av.it.:  22.5
      thresh= 7.961E-10 alpha_mix =  0.700 |ddv_scf|^2 =  2.612E-16

      iter #   7 total cpu time :   107.9 secs   av.it.:  25.0
      thresh= 1.616E-10 alpha_mix =  0.700 |ddv_scf|^2 =  2.240E-17

      iter #   8 total cpu time :   109.8 secs   av.it.:  26.0
      thresh= 4.733E-11 alpha_mix =  0.700 |ddv_scf|^2 =  9.556E-19

        iq =   1   iwann =   7   rPi_q =    -0.02199379     0.00000000   rPi_q_RS =    -0.02199377     0.00000000   uPi_q =   -24.25258804    -0.00000000   Self Hartree =     0.15641053    -0.00000000
      ADDING Martyna-Tuckerman correction


        Start linear response calculation for the wannier #  8    spin =  1

      iter #   1 total cpu time :   111.2 secs   av.it.:  14.0
      thresh= 1.000E-06 alpha_mix =  0.700 |ddv_scf|^2 =  2.038E-09

      iter #   2 total cpu time :   112.5 secs   av.it.:  15.0
      thresh= 4.515E-07 alpha_mix =  0.700 |ddv_scf|^2 =  2.486E-10

      iter #   3 total cpu time :   113.9 secs   av.it.:  16.5
      thresh= 1.577E-07 alpha_mix =  0.700 |ddv_scf|^2 =  4.039E-11

      iter #   4 total cpu time :   115.4 secs   av.it.:  18.0
      thresh= 6.355E-08 alpha_mix =  0.700 |ddv_scf|^2 =  5.030E-13

      iter #   5 total cpu time :   117.0 secs   av.it.:  20.0
      thresh= 7.092E-09 alpha_mix =  0.700 |ddv_scf|^2 =  5.085E-15

      iter #   6 total cpu time :   118.7 secs   av.it.:  23.0
      thresh= 7.131E-10 alpha_mix =  0.700 |ddv_scf|^2 =  3.456E-16

      iter #   7 total cpu time :   120.4 secs   av.it.:  24.0
      thresh= 1.859E-10 alpha_mix =  0.700 |ddv_scf|^2 =  2.580E-17

      iter #   8 total cpu time :   122.3 secs   av.it.:  26.0
      thresh= 5.080E-11 alpha_mix =  0.700 |ddv_scf|^2 =  3.052E-18

      iter #   9 total cpu time :   124.1 secs   av.it.:  27.0
      thresh= 1.747E-11 alpha_mix =  0.700 |ddv_scf|^2 =  2.311E-20

        iq =   1   iwann =   8   rPi_q =    -0.05817311     0.00000000   rPi_q_RS =    -0.05817306     0.00000000   uPi_q =   -15.80208515     0.00000000   Self Hartree =     0.15767406     0.00000000


     INFO: LR CALCULATION ... DONE





        iwann  =     1   relaxed =      0.89953734   unrelaxed =      1.40618508   alpha =  0.63970053   self Hartree =  0.76830704

        iwann  =     2   relaxed =      0.84303826   unrelaxed =      1.18103707   alpha =  0.71381185   self Hartree =  0.66715243

        iwann  =     3   relaxed =      0.81586974   unrelaxed =      1.25648772   alpha =  0.64932568   self Hartree =  0.71476611

        iwann  =     4   relaxed =      0.80095057   unrelaxed =      1.25835792   alpha =  0.63650457   self Hartree =  0.71492152

        iwann  =     5   relaxed =     -1.27340328   unrelaxed =     -1.23804264   alpha =  1.02856173   self Hartree =  0.18792842

        iwann  =     6   relaxed =     -3.44724340   unrelaxed =     -3.39839334   alpha =  1.01437446   self Hartree =  0.17600255

        iwann  =     7   relaxed =    -24.27458183   unrelaxed =    -24.25258804   alpha =  1.00090686   self Hartree =  0.15641053

        iwann  =     8   relaxed =    -15.86025826   unrelaxed =    -15.80208515   alpha =  1.00368136   self Hartree =  0.15767406




        INFO: iq =     1   Structure Factor S(q) [Re, Im] =   1.00000000  0.00000000

        iwann=   1   int rho_wann(r) [Re, Im] =    1.000000    0.000000
        iwann=   1   int Im[rho_wann(r)]      =    0.000000
        iwann=   2   int rho_wann(r) [Re, Im] =    1.000000    0.000000
        iwann=   2   int Im[rho_wann(r)]      =    0.000000
        iwann=   3   int rho_wann(r) [Re, Im] =    1.000000    0.000000
        iwann=   3   int Im[rho_wann(r)]      =    0.000000
        iwann=   4   int rho_wann(r) [Re, Im] =    1.000000    0.000000
        iwann=   4   int Im[rho_wann(r)]      =    0.000000
        iwann=   5   int rho_wann(r) [Re, Im] =    1.000000    0.000000
        iwann=   5   int Im[rho_wann(r)]      =    0.000000
        iwann=   6   int rho_wann(r) [Re, Im] =    1.000000    0.000000
        iwann=   6   int Im[rho_wann(r)]      =    0.000000
        iwann=   7   int rho_wann(r) [Re, Im] =    1.000000    0.000000
        iwann=   7   int Im[rho_wann(r)]      =    0.000000
        iwann=   8   int rho_wann(r) [Re, Im] =    1.000000    0.000000
        iwann=   8   int Im[rho_wann(r)]      =    0.000000
 
     KCW          :   1m49.53s CPU   2m 4.21s WALL

     INITIALIZATION: 
 
     init_vloc    :      0.19s CPU      0.20s WALL (       1 calls)
     init_us_1    :      0.01s CPU      0.01s WALL (       1 calls)
 
     solve_linter :    107.96s CPU    122.01s WALL (       8 calls)
 
     solve_linter :    107.96s CPU    122.01s WALL (       8 calls)
     ortho        :      0.12s CPU      0.16s WALL (     144 calls)
     cgsolve      :     83.38s CPU     90.54s WALL (     144 calls)
     incdrhoscf   :      3.76s CPU      4.25s WALL (     144 calls)
     dv_of_drho   :     12.96s CPU     15.33s WALL (      72 calls)
     mix_pot      :      2.37s CPU      5.54s WALL (      72 calls)
 
 
     cgsolve      :     83.38s CPU     90.54s WALL (     144 calls)
     ch_psi       :     80.19s CPU     87.07s WALL (    3516 calls)
 
     ch_psi       :     80.19s CPU     87.07s WALL (    3516 calls)
     h_psi        :     75.05s CPU     81.45s WALL (    3516 calls)
     last         :      4.42s CPU      4.84s WALL (    3516 calls)
 
     h_psi        :     75.05s CPU     81.45s WALL (    3516 calls)
     add_vuspsi   :      1.33s CPU      1.45s WALL (    3516 calls)
 
     incdrhoscf   :      3.76s CPU      4.25s WALL (     144 calls)
 
 
      General routines
     calbec       :      3.39s CPU      3.73s WALL (    7032 calls)
     fft          :      7.74s CPU      8.66s WALL (    1537 calls)
     ffts         :      0.37s CPU      0.41s WALL (      72 calls)
     fftw         :     65.61s CPU     71.32s WALL (   25760 calls)
     davcio       :      0.45s CPU      3.34s WALL (    1031 calls)
 
 
     KCW          :   1m49.53s CPU   2m 4.22s WALL

 
   This run was terminated on:  14:39:42  25Jan2022            

=------------------------------------------------------------------------------=
   JOB DONE.
=------------------------------------------------------------------------------=
