
     Program PHONON    v.4.1a   starts ...
     Today is 10Jul2009 at 21:17:23 

     Parallel version (MPI)

     Number of processors in use:       1

     Ultrasoft (Vanderbilt) Pseudopotentials
     file C.pz-rrkjus.UPF: wavefunction(s)  2S renormalized

     Planes per process (thick) : nr3 = 32 npp =  32 ncplane = 1024
     Planes per process (smooth): nr3s= 15 npps=  15 ncplanes=  225
 
     Proc/  planes cols     G    planes cols    G      columns  G
     Pool       (dense grid)       (smooth grid)      (wavefct grid)
       1     32    475     6735   15    163     1459     61      331
 

                                                                                

     bravais-lattice index     =            2
     lattice parameter (a_0)   =       6.7400  a.u.
     unit-cell volume          =      76.5455 (a.u.)^3
     number of atoms/cell      =            2
     number of atomic types    =            1
     kinetic-energy cut-off    =      27.0000  Ry
     charge density cut-off    =     300.0000  Ry
     convergence threshold     =      1.0E-14
     beta                      =       0.7000
     number of iterations used =            4
     Exchange-correlation      =  SLA  PZ   NOGX NOGC (1100)


     celldm(1)=    6.74000  celldm(2)=    0.00000  celldm(3)=    0.00000
     celldm(4)=    0.00000  celldm(5)=    0.00000  celldm(6)=    0.00000

     crystal axes: (cart. coord. in units of a_0)
               a(1) = ( -0.5000  0.0000  0.5000 )  
               a(2) = (  0.0000  0.5000  0.5000 )  
               a(3) = ( -0.5000  0.5000  0.0000 )  

     reciprocal axes: (cart. coord. in units 2 pi/a_0)
               b(1) = ( -1.0000 -1.0000  1.0000 )  
               b(2) = (  1.0000  1.0000  1.0000 )  
               b(3) = ( -1.0000  1.0000 -1.0000 )  


     Atoms inside the unit cell: 

   Cartesian axes

     site n.  atom      mass           positions (a_0 units)
        1        C   12.0107   tau( 1) = (    0.00000    0.00000    0.00000  )
        2        C   12.0107   tau( 2) = (    0.25000    0.25000    0.25000  )

     Computing dynamical matrix for 
                    q = (   0.0000000   0.0000000   0.0000000 )
 
     49 Sym.Ops. (with q -> -q+G )


     G cutoff =  345.2084  (   6735 G-vectors)     FFT grid: ( 32, 32, 32)
     G cutoff =  124.2750  (   1459 G-vectors)  smooth grid: ( 15, 15, 15)
     number of k points=   10
                       cart. coord. in units 2pi/a_0
        k(    1) = (  -0.1250000   0.1250000   0.1250000), wk =   0.0625000
        k(    2) = (  -0.3750000   0.3750000  -0.1250000), wk =   0.1875000
        k(    3) = (   0.3750000  -0.3750000   0.6250000), wk =   0.1875000
        k(    4) = (   0.1250000  -0.1250000   0.3750000), wk =   0.1875000
        k(    5) = (  -0.1250000   0.6250000   0.1250000), wk =   0.1875000
        k(    6) = (   0.6250000  -0.1250000   0.8750000), wk =   0.3750000
        k(    7) = (   0.3750000   0.1250000   0.6250000), wk =   0.3750000
        k(    8) = (  -0.1250000  -0.8750000   0.1250000), wk =   0.1875000
        k(    9) = (  -0.3750000   0.3750000   0.3750000), wk =   0.0625000
        k(   10) = (   0.3750000  -0.3750000   1.1250000), wk =   0.1875000

     PseudoPot. # 1 for C  read from file C.pz-rrkjus.UPF
     Pseudo is Ultrasoft, Zval =  4.0
     Generated by new atomic code, or converted to UPF format
     Using radial grid of 1425 points,  4 beta functions with: 
                l(1) =   0
                l(2) =   0
                l(3) =   1
                l(4) =   1
     Q(r) pseudized with 0 coefficients 



     Electric field:
     Dielectric constant
     Born effective charges


     Atomic displacements:
     There are   2 irreducible representations

     Representation     1      3 modes -T_1u G_15  G_4- To be done

     Representation     2      3 modes -T_2g G_25' G_5+ To be done
     PHONON       :     1.32s CPU time,    1.58s wall time


     Alpha used in Ewald sum =   2.8000

     Electric Fields Calculation

      iter #   1 total cpu time :     2.6 secs   av.it.:   6.0
      thresh= 0.100E-01 alpha_mix =  0.700 |ddv_scf|^2 =  0.128E-07

      iter #   2 total cpu time :     3.3 secs   av.it.:  11.2
      thresh= 0.113E-04 alpha_mix =  0.700 |ddv_scf|^2 =  0.162E-09

      iter #   3 total cpu time :     4.0 secs   av.it.:  11.4
      thresh= 0.127E-05 alpha_mix =  0.700 |ddv_scf|^2 =  0.753E-11

      iter #   4 total cpu time :     4.8 secs   av.it.:  11.5
      thresh= 0.274E-06 alpha_mix =  0.700 |ddv_scf|^2 =  0.118E-13

      iter #   5 total cpu time :     5.5 secs   av.it.:  10.9
      thresh= 0.109E-07 alpha_mix =  0.700 |ddv_scf|^2 =  0.208E-17

     End of electric fields calculation

          Dielectric constant in cartesian axis 

          (       5.755959865       0.000000000       0.000000000 )
          (       0.000000000       5.755959865       0.000000000 )
          (       0.000000000       0.000000000       5.755959865 )

          Effective charges (d Force / dE) in cartesian axis

           atom      1   C  
      Ex  (        0.04188        0.00000        0.00000 )
      Ey  (        0.00000        0.04188        0.00000 )
      Ez  (        0.00000        0.00000        0.04188 )
           atom      2   C  
      Ex  (        0.04188        0.00000        0.00000 )
      Ey  (        0.00000        0.04188        0.00000 )
      Ez  (        0.00000        0.00000        0.04188 )


     Representation #  1 modes #   1  2  3

     Self-consistent Calculation

      iter #   1 total cpu time :     6.6 secs   av.it.:   6.6
      thresh= 0.100E-01 alpha_mix =  0.700 |ddv_scf|^2 =  0.158E-06

      iter #   2 total cpu time :     7.3 secs   av.it.:  11.0
      thresh= 0.398E-04 alpha_mix =  0.700 |ddv_scf|^2 =  0.246E-09

      iter #   3 total cpu time :     8.0 secs   av.it.:  10.2
      thresh= 0.157E-05 alpha_mix =  0.700 |ddv_scf|^2 =  0.209E-10

      iter #   4 total cpu time :     8.7 secs   av.it.:  10.4
      thresh= 0.458E-06 alpha_mix =  0.700 |ddv_scf|^2 =  0.933E-14

     End of self-consistent calculation

     Convergence has been achieved 


     Representation #  2 modes #   4  5  6

     Self-consistent Calculation

      iter #   1 total cpu time :     9.2 secs   av.it.:   6.6
      thresh= 0.100E-01 alpha_mix =  0.700 |ddv_scf|^2 =  0.240E-06

      iter #   2 total cpu time :    10.0 secs   av.it.:  11.2
      thresh= 0.489E-04 alpha_mix =  0.700 |ddv_scf|^2 =  0.811E-09

      iter #   3 total cpu time :    10.7 secs   av.it.:  11.3
      thresh= 0.285E-05 alpha_mix =  0.700 |ddv_scf|^2 =  0.155E-10

      iter #   4 total cpu time :    11.4 secs   av.it.:  10.2
      thresh= 0.394E-06 alpha_mix =  0.700 |ddv_scf|^2 =  0.105E-13

      iter #   5 total cpu time :    12.1 secs   av.it.:  11.3
      thresh= 0.103E-07 alpha_mix =  0.700 |ddv_scf|^2 =  0.171E-16

     End of self-consistent calculation

     Convergence has been achieved 
 
     Number of q in the star =    1
     List of q in the star:
          1   0.000000000   0.000000000   0.000000000

          Dielectric constant in cartesian axis 

          (        5.75596        0.00000        0.00000 )
          (        0.00000        5.75596        0.00000 )
          (        0.00000        0.00000        5.75596 )

          Effective charges (d Force / dE) in cartesian axis

           atom      1   C  
      Ex  (        0.04188        0.00000        0.00000 )
      Ey  (        0.00000        0.04188        0.00000 )
      Ez  (        0.00000        0.00000        0.04188 )
           atom      2   C  
      Ex  (        0.04188        0.00000        0.00000 )
      Ey  (        0.00000        0.04188        0.00000 )
      Ez  (        0.00000        0.00000        0.04188 )

     Diagonalizing the dynamical matrix

     q = (    0.000000000   0.000000000   0.000000000 ) 

 **************************************************************************
     omega( 1) =       0.731044 [THz] =      24.385160 [cm-1]
     omega( 2) =       0.731044 [THz] =      24.385160 [cm-1]
     omega( 3) =       0.731044 [THz] =      24.385160 [cm-1]
     omega( 4) =      38.441761 [THz] =    1282.287649 [cm-1]
     omega( 5) =      38.441761 [THz] =    1282.287649 [cm-1]
     omega( 6) =      38.441761 [THz] =    1282.287649 [cm-1]
 **************************************************************************

     Mode symmetry, O_h (m-3m)  point group:

     omega(  1 -  3) =         24.4  [cm-1]   --> T_1u G_15  G_4- I  
     omega(  4 -  6) =       1282.3  [cm-1]   --> T_2g G_25' G_5+ R  

 **************************************************************************
 
     PWSCF        :    11.16s CPU

     Called by init_run:

     Called by electrons:
     v_of_rho     :     0.01s CPU
     newd         :     0.01s CPU

     Called by c_bands:
     init_us_2    :     0.03s CPU (     220 calls,   0.000 s avg)

     Called by *egterg:
     s_psi        :     0.29s CPU (   11832 calls,   0.000 s avg)

     Called by h_psi:
     add_vuspsi   :     0.15s CPU (    5676 calls,   0.000 s avg)

     General routines
     calbec       :     0.43s CPU (   14152 calls,   0.000 s avg)
     cft3s        :     3.98s CPU (   47874 calls,   0.000 s avg)
     interpolate  :     0.00s CPU
     davcio       :     0.01s CPU (    2279 calls,   0.000 s avg)
 
     Parallel routines
 
     PHONON       :    12.11s CPU time,   14.15s wall time

     INITIALIZATION: 
     phq_setup    :     0.01s CPU
     phq_init     :     0.35s CPU
 
     phq_init     :     0.35s CPU
     init_vloc    :     0.00s CPU
     init_us_1    :     0.44s CPU
     newd         :     0.01s CPU
     dvanqq       :     0.09s CPU
     drho         :     0.11s CPU
     cmpt_qdipol  :     0.00s CPU
 
     DIELECTRIC CONSTANT AND EFFECTIVE CHARGES:
     solve_e      :     4.16s CPU
     dielec       :     0.00s CPU
     zstar_eu     :     0.50s CPU
 
     DYNAMICAL MATRIX:
     dynmat0      :     0.01s CPU
     phqscf       :     6.10s CPU
     dynmatrix    :     0.00s CPU
 
     phqscf       :     6.10s CPU
     solve_linter :     6.08s CPU (       2 calls,   3.038 s avg)
     drhodv       :     0.01s CPU (       2 calls,   0.007 s avg)
 
     dynmat0      :     0.01s CPU
     dynmat_us    :     0.01s CPU
     d2ionq       :     0.00s CPU
 
     dynmat_us    :     0.01s CPU
     addusdynmat  :     0.00s CPU
 
     phqscf       :     6.10s CPU
     solve_linter :     6.08s CPU (       2 calls,   3.038 s avg)
 
     solve_linter :     6.08s CPU (       2 calls,   3.038 s avg)
     dvqpsi_us    :     0.14s CPU (     120 calls,   0.001 s avg)
     ortho        :     0.05s CPU (     450 calls,   0.000 s avg)
     cgsolve      :     5.62s CPU (     450 calls,   0.012 s avg)
     incdrhoscf   :     0.30s CPU (     450 calls,   0.001 s avg)
     addusddens   :     0.23s CPU (      11 calls,   0.021 s avg)
     vpsifft      :     0.15s CPU (     210 calls,   0.001 s avg)
     dv_of_drho   :     0.15s CPU (      45 calls,   0.003 s avg)
     mix_pot      :     0.14s CPU (      14 calls,   0.010 s avg)
     psymdvscf    :     1.70s CPU (       9 calls,   0.189 s avg)
     newdq        :     0.48s CPU (      14 calls,   0.034 s avg)
     adddvscf     :     0.01s CPU (     330 calls,   0.000 s avg)
     drhodvus     :     0.00s CPU (       2 calls,   0.002 s avg)
 
     dvqpsi_us    :     0.14s CPU (     120 calls,   0.001 s avg)
     dvqpsi_us_on :     0.02s CPU (     120 calls,   0.000 s avg)
 
     cgsolve      :     5.62s CPU (     450 calls,   0.012 s avg)
     ch_psi       :     5.53s CPU (    5676 calls,   0.001 s avg)
 
     ch_psi       :     5.53s CPU (    5676 calls,   0.001 s avg)
     h_psiq       :     5.02s CPU (    5676 calls,   0.001 s avg)
     last         :     0.47s CPU (    5676 calls,   0.000 s avg)
 
     h_psiq       :     5.02s CPU (    5676 calls,   0.001 s avg)
     firstfft     :     2.43s CPU (   19917 calls,   0.000 s avg)
     secondfft    :     1.83s CPU (   19917 calls,   0.000 s avg)
     add_vuspsi   :     0.15s CPU (    5676 calls,   0.000 s avg)
 
     incdrhoscf   :     0.30s CPU (     450 calls,   0.001 s avg)
     addusdbec    :     0.02s CPU (     510 calls,   0.000 s avg)
 
     drhodvus     :     0.00s CPU (       2 calls,   0.002 s avg)
 
      General routines
     calbec       :     0.43s CPU (   14152 calls,   0.000 s avg)
     cft3s        :     3.98s CPU (   47874 calls,   0.000 s avg)
     cinterpolate :     0.12s CPU (      93 calls,   0.001 s avg)
     davcio       :     0.01s CPU (    2279 calls,   0.000 s avg)
     write_rec    :     0.08s CPU (      16 calls,   0.005 s avg)
 
