
     Program PHONON v.5.0.2 (svn rev. 9400) starts on  6Dec2012 at 16: 8:30 

     This program is part of the open-source Quantum ESPRESSO suite
     for quantum simulation of materials; please cite
         "P. Giannozzi et al., J. Phys.:Condens. Matter 21 395502 (2009);
          URL http://www.quantum-espresso.org", 
     in publications or presentations arising from this work. More details at
     http://www.quantum-espresso.org/quote.php

     Serial version

     Ultrasoft (Vanderbilt) Pseudopotentials

   Info: using nr1, nr2, nr3 values from input

   Info: using nr1s, nr2s, nr3s values from input

     IMPORTANT: XC functional enforced from input :
     Exchange-correlation      =  SLA  PZ   NOGX NOGC ( 1 1 0 0 0)
     EXX-fraction              =        0.00
     Any further DFT definition will be discarded
     Please, verify this is what you really want

 
     G-vector sticks info
     --------------------
     sticks:   dense  smooth     PW     G-vecs:    dense   smooth      PW
     Sum         253     253     85                 2733     2733     531
 

     Calculation of q =    1.0000000   0.0000000   0.0000000
 
     G-vector sticks info
     --------------------
     sticks:   dense  smooth     PW     G-vecs:    dense   smooth      PW
     Sum         253     253    109                 2733     2733     725
 


     bravais-lattice index     =            2
     lattice parameter (alat)  =      10.2000  a.u.
     unit-cell volume          =     265.3020 (a.u.)^3
     number of atoms/cell      =            2
     number of atomic types    =            1
     number of electrons       =         8.00
     number of Kohn-Sham states=            4
     kinetic-energy cutoff     =      18.0000  Ry
     charge density cutoff     =      72.0000  Ry
     Exchange-correlation      =  SLA  PZ   NOGX NOGC ( 1 1 0 0 0)
     EXX-fraction              =        0.00

     celldm(1)=  10.200000  celldm(2)=   0.000000  celldm(3)=   0.000000
     celldm(4)=   0.000000  celldm(5)=   0.000000  celldm(6)=   0.000000

     crystal axes: (cart. coord. in units of alat)
               a(1) = (  -0.500000   0.000000   0.500000 )  
               a(2) = (   0.000000   0.500000   0.500000 )  
               a(3) = (  -0.500000   0.500000   0.000000 )  

     reciprocal axes: (cart. coord. in units 2 pi/alat)
               b(1) = ( -1.000000 -1.000000  1.000000 )  
               b(2) = (  1.000000  1.000000  1.000000 )  
               b(3) = ( -1.000000  1.000000 -1.000000 )  


     PseudoPot. # 1 for Si read from file:
     /home/giannozz/trunk/espresso/pseudo/Si.pz-vbc.UPF
     MD5 check sum: 6dfa03ddd5817404712e03e4d12deb78
     Pseudo is Norm-conserving, Zval =  4.0
     Generated by new atomic code, or converted to UPF format
     Using radial grid of  431 points,  2 beta functions with: 
                l(1) =   0
                l(2) =   1

     atomic species   valence    mass     pseudopotential
        Si             4.00    28.08000     Si( 1.00)

     48 Sym. Ops., with inversion, found



   Cartesian axes

     site n.     atom                  positions (alat units)
         1           Si  tau(   1) = (   0.0000000   0.0000000   0.0000000  )
         2           Si  tau(   2) = (   0.2500000   0.2500000   0.2500000  )

     number of k points=   256

     Number of k-points >= 100: set verbosity='high' to print them.

     Dense  grid:     2733 G-vectors     FFT dimensions: (  20,  20,  20)

     Largest allocated arrays     est. size (Mb)     dimensions
        Kohn-Sham Wavefunctions         0.02 Mb     (    350,    4)
        NL pseudopotentials             0.04 Mb     (    350,    8)
        Each V/rho on FFT grid          0.12 Mb     (   8000)
        Each G-vector array             0.02 Mb     (   2733)
        G-vector shells                 0.00 Mb     (     65)
     Largest temporary arrays     est. size (Mb)     dimensions
        Auxiliary wavefunctions         0.09 Mb     (    350,   16)
        Each subspace H/S matrix        0.00 Mb     (  16,  16)
        Each <psi_i|beta_j> matrix      0.00 Mb     (      8,    4)

     The potential is recalculated from file :
     /home/giannozz/tmp/_ph0/si.save/charge-density.dat

     Starting wfc are    8 atomic wfcs

     total cpu time spent up to now is        0.0 secs

     per-process dynamical memory:     1.6 Mb

     Band Structure Calculation
     Davidson diagonalization with overlap

     ethr =  1.25E-10,  avg # of iterations = 11.6

     total cpu time spent up to now is        3.6 secs

     End of band structure calculation

     Number of k-points >= 100: set verbosity='high' to print the bands.

     Writing output data file si.save

                                                                                

     bravais-lattice index     =            2
     lattice parameter (alat)  =      10.2000  a.u.
     unit-cell volume          =     265.3020 (a.u.)^3
     number of atoms/cell      =            2
     number of atomic types    =            1
     kinetic-energy cut-off    =      18.0000  Ry
     charge density cut-off    =      72.0000  Ry
     convergence threshold     =      1.0E-14
     beta                      =       0.7000
     number of iterations used =            4
     Exchange-correlation      =  SLA  PZ   NOGX NOGC ( 1 1 0 0 0)
     EXX-fraction              =        0.00


     celldm(1)=   10.20000  celldm(2)=    0.00000  celldm(3)=    0.00000
     celldm(4)=    0.00000  celldm(5)=    0.00000  celldm(6)=    0.00000

     crystal axes: (cart. coord. in units of alat)
               a(1) = ( -0.5000  0.0000  0.5000 )  
               a(2) = (  0.0000  0.5000  0.5000 )  
               a(3) = ( -0.5000  0.5000  0.0000 )  

     reciprocal axes: (cart. coord. in units 2 pi/alat)
               b(1) = ( -1.0000 -1.0000  1.0000 )  
               b(2) = (  1.0000  1.0000  1.0000 )  
               b(3) = ( -1.0000  1.0000 -1.0000 )  


     Atoms inside the unit cell: 

   Cartesian axes

     site n.  atom      mass           positions (alat units)
        1        Si  28.0800   tau( 1) = (    0.00000    0.00000    0.00000  )
        2        Si  28.0800   tau( 2) = (    0.25000    0.25000    0.25000  )

     Computing dynamical matrix for 
                    q = (   1.0000000   0.0000000   0.0000000 )
 
      2 Sym.Ops. (no q -> -q+G )


     G cutoff =  189.7462  (   2733 G-vectors)     FFT grid: ( 20, 20, 20)
     number of k points=   256

     PseudoPot. # 1 for Si read from file:
     /home/giannozz/trunk/espresso/pseudo/Si.pz-vbc.UPF
     MD5 check sum: 6dfa03ddd5817404712e03e4d12deb78
     Pseudo is Norm-conserving, Zval =  4.0
     Generated by new atomic code, or converted to UPF format
     Using radial grid of  431 points,  2 beta functions with: 
                l(1) =   0
                l(2) =   1


     Atomic displacements:
     There are   6 irreducible representations

     Representation     1      1 modes -  Not done in this run

     Representation     2      1 modes -  Not done in this run

     Representation     3      1 modes -  To be done

     Representation     4      1 modes -  Not done in this run

     Representation     5      1 modes -  Not done in this run

     Representation     6      1 modes -  Not done in this run

     Compute atoms:     1,



     Alpha used in Ewald sum =   0.7000
     PHONON       :     4.23s CPU         4.55s WALL



     Representation #  3 mode #   3

     Self-consistent Calculation

      iter #   1 total cpu time :     5.8 secs   av.it.:   5.2
      thresh= 0.100E-01 alpha_mix =  0.700 |ddv_scf|^2 =  0.781E-05

      iter #   2 total cpu time :     7.1 secs   av.it.:   8.6
      thresh= 0.279E-03 alpha_mix =  0.700 |ddv_scf|^2 =  0.214E-05

      iter #   3 total cpu time :     8.3 secs   av.it.:   8.2
      thresh= 0.146E-03 alpha_mix =  0.700 |ddv_scf|^2 =  0.712E-09

      iter #   4 total cpu time :     9.5 secs   av.it.:   8.2
      thresh= 0.267E-05 alpha_mix =  0.700 |ddv_scf|^2 =  0.118E-10

      iter #   5 total cpu time :    10.8 secs   av.it.:   8.0
      thresh= 0.344E-06 alpha_mix =  0.700 |ddv_scf|^2 =  0.211E-13

      iter #   6 total cpu time :    12.1 secs   av.it.:   8.6
      thresh= 0.145E-07 alpha_mix =  0.700 |ddv_scf|^2 =  0.618E-15

     End of self-consistent calculation

     Convergence has been achieved 

     Dynamical matrix:
         3    1  0.000000  0.000000
         3    2  0.000000 -0.000001
         3    3  0.244348  0.000000
         3    4  0.000000  0.000000
         3    5 -0.202439  0.000000
         3    6  0.000000  0.000001
 
     PHONON       :    11.07s CPU        12.13s WALL

     INITIALIZATION: 
     phq_setup    :      0.01s CPU      0.01s WALL (       1 calls)
     phq_init     :      0.10s CPU      0.10s WALL (       1 calls)
 
     phq_init     :      0.10s CPU      0.10s WALL (       1 calls)
     init_vloc    :      0.00s CPU      0.00s WALL (       2 calls)
     init_us_1    :      0.02s CPU      0.03s WALL (       2 calls)
 
     DYNAMICAL MATRIX:
     dynmat0      :      0.04s CPU      0.05s WALL (       1 calls)
     phqscf       :      6.84s CPU      7.58s WALL (       1 calls)
     dynmatrix    :      0.00s CPU      0.00s WALL (       1 calls)
 
     phqscf       :      6.84s CPU      7.58s WALL (       1 calls)
     solve_linter :      6.80s CPU      7.55s WALL (       1 calls)
     drhodv       :      0.03s CPU      0.03s WALL (       1 calls)
 
     dynmat0      :      0.04s CPU      0.05s WALL (       1 calls)
     dynmat_us    :      0.04s CPU      0.05s WALL (       1 calls)
     d2ionq       :      0.00s CPU      0.00s WALL (       1 calls)
 
     dynmat_us    :      0.04s CPU      0.05s WALL (       1 calls)
 
     phqscf       :      6.84s CPU      7.58s WALL (       1 calls)
     solve_linter :      6.80s CPU      7.55s WALL (       1 calls)
 
     solve_linter :      6.80s CPU      7.55s WALL (       1 calls)
     dvqpsi_us    :      0.14s CPU      0.12s WALL (     128 calls)
     ortho        :      0.04s CPU      0.03s WALL (     768 calls)
     cgsolve      :      5.44s CPU      5.80s WALL (     768 calls)
     incdrhoscf   :      0.63s CPU      0.61s WALL (     768 calls)
     vpsifft      :      0.41s CPU      0.48s WALL (     640 calls)
     dv_of_drho   :      0.00s CPU      0.00s WALL (       6 calls)
     mix_pot      :      0.01s CPU      0.01s WALL (       6 calls)
     symdvscf     :      0.00s CPU      0.01s WALL (       6 calls)
 
     dvqpsi_us    :      0.14s CPU      0.12s WALL (     128 calls)
     dvqpsi_us_on :      0.01s CPU      0.01s WALL (     128 calls)
 
     cgsolve      :      5.44s CPU      5.80s WALL (     768 calls)
     ch_psi       :      5.30s CPU      5.66s WALL (    6782 calls)
 
     ch_psi       :      5.30s CPU      5.66s WALL (    6782 calls)
     h_psiq       :      4.82s CPU      5.18s WALL (    6782 calls)
     last         :      0.42s CPU      0.44s WALL (    6782 calls)
 
     h_psiq       :      4.82s CPU      5.18s WALL (    6782 calls)
     firstfft     :      2.13s CPU      2.19s WALL (   25004 calls)
     secondfft    :      1.94s CPU      2.19s WALL (   25004 calls)
     add_vuspsi   :      0.24s CPU      0.21s WALL (   10254 calls)
 
     incdrhoscf   :      0.63s CPU      0.61s WALL (     768 calls)
 
 
      General routines
     calbec       :      0.44s CPU      0.46s WALL (   18828 calls)
     fft          :      0.00s CPU      0.01s WALL (      25 calls)
     ffts         :      0.01s CPU      0.02s WALL (     134 calls)
     fftw         :      6.53s CPU      7.00s WALL (   88296 calls)
     davcio       :      0.05s CPU      0.38s WALL (    4518 calls)
     write_rec    :      0.02s CPU      0.03s WALL (       7 calls)
 
 
     PHONON       :    11.07s CPU        12.13s WALL

 
   This run was terminated on:  16: 8:42   6Dec2012            

=------------------------------------------------------------------------------=
   JOB DONE.
=------------------------------------------------------------------------------=
