=------------------------------------------------------------------------------=

     CPV: variable-cell Car-Parrinello molecular dynamics
     using ultrasoft Vanderbilt pseudopotentials

     Version: 2.1cvs - Sun Jul 31 02:34:00 CEST 2005                      
     Authors: Alfredo Pasquarello, Kari Laasonen, Andrea Trave, Roberto Car,
       Paolo Giannozzi, Nicola Marzari, and others

=------------------------------------------------------------------------------=

   This run was started on:  17:17:51   1Aug2005               

   Serial Build

   Job Title: MD Simulation


   Atomic Pseudopotentials Parameters
   ----------------------------------

   Reading pseudopotential for specie #  1 from file :
   /tmp/giannozz/espresso/pseudo/Hmeta.tm.UPF
   file type is 20

   Reading pseudopotential for specie #  2 from file :
   /tmp/giannozz/espresso/pseudo/C.meta.tm.UPF
   file type is 20


   Main Simulation Parameters (from input)
   ---------------------------------------
   Restart Mode       =      -1   from_scratch   
   Number of MD Steps =     500
   Print out every          100 MD Steps
   Reads from unit    =      50
   Writes to unit     =      50
   MD Simulation time step            =       4.00
   Electronic fictitious mass (emass) =     350.00
   emass cut-off                      =       2.50

   Simulation Cell Parameters (from input)
   external pressure       =            0.00 [GPa]
   wmass (calculated)      =         7486.75 [AU]
   ibrav =    1
   alat  =     8.00000000
   a1    =     8.00000000    0.00000000    0.00000000
   a2    =     0.00000000    8.00000000    0.00000000
   a3    =     0.00000000    0.00000000    8.00000000
 
   b1    =     0.12500000    0.00000000    0.00000000
   b2    =     0.00000000    0.12500000    0.00000000
   b3    =     0.00000000    0.00000000    0.12500000
   omega =   512.00000000

   Energy Cut-offs
   ---------------
   Ecutwfc =   30.0 Ryd.,    Ecutrho =  120.0 Ryd.,    Ecuts =  120.0 Ryd.
   Gcutwfc =    7.0     ,    Gcutrho =   13.9          Gcuts =   13.9
   NOTA BENE: refg, mmx =   0.024000  5001
   Eigenvalues calculated without the kinetic term contribution
   Orthog. with lagrange multipliers : eps =   0.10E-07,  max =  20
   verlet algorithm for electron dynamics
   with friction frice =  0.1500 , grease =  1.0000
   Electron dynamics : the temperature is not controlled
   initial random displacement of el. coordinates with  amplitude=  0.020000
   trane not to be used with mass preconditioning

   Electronic states
   -----------------
   Number of Electron =    22, of States =    11
   Occupation numbers :
   2.00 2.00 2.00 2.00 2.00 2.00 2.00 2.00 2.00 2.00
   2.00


   Exchange and correlations functionals
   -------------------------------------
   Using Local Density Approximation with
     Exchange functional: SLATER                                                      
     Correlation functional: PERDEW AND WANG                                             
   Using Generalized Gradient Corrections with
     Exchange functional: META-TPSS                                                   
     Correlation functional: META-TPSS                                                   
     Exchange-correlation      =  SLA  PW   TPSS TPSS (1476)


   Ions Simulation Parameters
   --------------------------
   Ions are not allowed to move
   Ionic position (from input)
   sorted by specie, and converted to real a.u. coordinates
   Species   1 atoms =    6 mass =      1837.15 (a.u.),         1.01 (uma) rcmax =   0.50 (a.u.)
       -2.716950    -2.458220     2.361740
       -2.912920     2.491290     0.952936
        2.036290    -2.704140    -1.048870
        3.109110    -1.629870     1.893310
        2.448150     2.638460     0.332670
        0.940835     1.601870    -2.583770
   Species   2 atoms =    4 mass =     21874.68 (a.u.),        12.00 (uma) rcmax =   0.50 (a.u.)
       -1.215050    -1.309020     1.316610
       -1.361260     1.166140     0.825189
        1.548720    -1.433580     0.510627
        1.094840     1.370810    -0.496954
   Ionic position read from input file


   Cell Dynamics Parameters (from STDIN)
   -------------------------------------
   Starting cell generated from CELLDM
   Constant VOLUME Molecular dynamics
   cell parameters are not allowed to move

   Verbosity: iprsta =  1



   Simulation dimensions initialization
   ------------------------------------

   unit vectors of full simulation cell
   in real space:                         in reciprocal space (units 2pi/alat):
   1     8.0000    0.0000    0.0000              1.0000    0.0000    0.0000
   2     0.0000    8.0000    0.0000              0.0000    1.0000    0.0000
   3     0.0000    0.0000    8.0000              0.0000    0.0000    1.0000
 
   Stick Mesh
   ----------
   nst =   305,  nstw =    73, nsts =   305
        PEs    n.st   n.stw   n.sts    n.g    n.gw   n.gs
          1     609     145     609   11363    1365   11363
          0     609     145     609   11363    1365   11363
 
 
   Real Mesh Report 
   ---------------- 
   Global Dimensions   Local  Dimensions   Processor Grid
   .X.   .Y.   .Z.     .X.   .Y.   .Z.     .X.   .Y.   .Z.
    27    27    27      27    27    27       1     1     1
   Array leading dimensions ( nr1x, nr2x, nr3x )   =     27    27    27
   Local number of cell to store the grid ( nnrx ) =      19683
   Number of x-y planes for each processors: 
   nr3l =    27
 
   Smooth Real Mesh Report 
   ----------------------- 
   Global Dimensions   Local  Dimensions   Processor Grid
   .X.   .Y.   .Z.     .X.   .Y.   .Z.     .X.   .Y.   .Z.
    27    27    27      27    27    27       1     1     1
   Array leading dimensions ( nr1x, nr2x, nr3x )   =     27    27    27
   Local number of cell to store the grid ( nnrx ) =      19683
   Number of x-y planes for each processors: 
   nr3sl =    27
 
   Small Box Real Mesh Report 
   -------------------------- 
   Global Dimensions   Local  Dimensions   Processor Grid
   .X.   .Y.   .Z.     .X.   .Y.   .Z.     .X.   .Y.   .Z.
    10    10    10      10    10    10       1     1     1
   Array leading dimensions ( nr1x, nr2x, nr3x )   =     10    10    10
   Local number of cell to store the grid ( nnrx ) =       1000
 
   Reciprocal Space Mesh
   ---------------------
                Large Mesh Number of G               Small Mesh Number of G
   PE       Global       Local   Max Local       Global       Local   Max Local
    1         5682        5682        5682          683         683         683
 
   unit vectors of box grid cell
   in real space:                         in reciprocal space:
       2.9630    0.0000    0.0000              1.0000    0.0000    0.0000
       0.0000    2.9630    0.0000              0.0000    1.0000    0.0000
       0.0000    0.0000    2.9630              0.0000    0.0000    1.0000

                Small box Mesh Number of G
   PE       Global       Local   Max Local
    1          294         294         294

   Simulation dimensions initialization completed




   Common initialization

   Specie:     1
 
                        dion 

   Specie:     2
   1  indv=  1   ang. mom=  0
 
                        dion 
   0.5812
  formf: eself=  55.85192
  formf:     vps(g=0)=  -0.0015641     rhops(g=0)=  -0.0019531
  formf: sum_g vps(g)=  -0.9006009 sum_g rhops(g)=  -0.7180186
  formf:     vps(g=0)=  -0.0054520     rhops(g=0)=  -0.0078125
  formf: sum_g vps(g)=  -1.1169161 sum_g rhops(g)=  -2.8720744

   from rhoofr: total integrated electronic density
   in g-space =   22.000000   in r-space =  22.000000


                total energy =       55.49447 a.u.
              kinetic energy =       76.90902 a.u.
        electrostatic energy =      -14.45336 a.u.
                         esr =        0.00038 a.u.
                       eself =       55.85192 a.u.
      pseudopotential energy =       -0.71195 a.u.
  n-l pseudopotential energy =        0.87979 a.u.
 exchange-correlation energy =       -7.12902 a.u.
           average potential =       -0.40838 a.u.




                total energy =       52.52250 a.u.
              kinetic energy =       74.85673 a.u.
        electrostatic energy =      -15.36313 a.u.
                         esr =        0.00038 a.u.
                       eself =       55.85192 a.u.
      pseudopotential energy =       -0.76070 a.u.
  n-l pseudopotential energy =        0.92928 a.u.
 exchange-correlation energy =       -7.13968 a.u.
           average potential =       -0.40865 a.u.




 eigenvalues at k-point:  0.000 0.000 0.000
   11.28   41.45   46.84   49.70   54.30   56.30   56.82   58.69   61.87   66.85
   73.77
 
 
 
  nfi    ekinc  temph  tempp        etot      enthal       econs       econt    vnhh   xnhh0    vnhp   xnhp0
    1  4.64787    0.0    0.0    52.52250    52.52250    52.52250    57.17037  0.0000  0.0000  0.0000  0.0000
    2  9.91211    0.0    0.0    44.89774    44.89774    44.89774    54.80985  0.0000  0.0000  0.0000  0.0000
    3 14.79013    0.0    0.0    33.76141    33.76141    33.76141    48.55154  0.0000  0.0000  0.0000  0.0000
    4 17.80345    0.0    0.0    20.93794    20.93794    20.93794    38.74139  0.0000  0.0000  0.0000  0.0000
    5 18.21995    0.0    0.0     8.67084     8.67084     8.67084    26.89079  0.0000  0.0000  0.0000  0.0000
    6 16.35983    0.0    0.0    -1.32844    -1.32844    -1.32844    15.03139  0.0000  0.0000  0.0000  0.0000
    7 13.20665    0.0    0.0    -8.43875    -8.43875    -8.43875     4.76790  0.0000  0.0000  0.0000  0.0000
    8  9.79102    0.0    0.0   -12.94959   -12.94959   -12.94959    -3.15857  0.0000  0.0000  0.0000  0.0000
    9  6.82888    0.0    0.0   -15.58471   -15.58471   -15.58471    -8.75583  0.0000  0.0000  0.0000  0.0000
   10  4.64764    0.0    0.0   -17.11932   -17.11932   -17.11932   -12.47168  0.0000  0.0000  0.0000  0.0000
   11  3.25689    0.0    0.0   -18.16406   -18.16406   -18.16406   -14.90717  0.0000  0.0000  0.0000  0.0000
   12  2.47544    0.0    0.0   -19.08302   -19.08302   -19.08302   -16.60758  0.0000  0.0000  0.0000  0.0000
   13  2.05991    0.0    0.0   -20.01238   -20.01238   -20.01238   -17.95246  0.0000  0.0000  0.0000  0.0000
   14  1.80091    0.0    0.0   -20.93750   -20.93750   -20.93750   -19.13658  0.0000  0.0000  0.0000  0.0000
   15  1.56976    0.0    0.0   -21.78377   -21.78377   -21.78377   -20.21401  0.0000  0.0000  0.0000  0.0000
   16  1.31902    0.0    0.0   -22.48506   -22.48506   -22.48506   -21.16604  0.0000  0.0000  0.0000  0.0000
   17  1.05617    0.0    0.0   -23.01582   -23.01582   -23.01582   -21.95965  0.0000  0.0000  0.0000  0.0000
   18  0.81068    0.0    0.0   -23.39188   -23.39188   -23.39188   -22.58120  0.0000  0.0000  0.0000  0.0000
   19  0.60882    0.0    0.0   -23.65370   -23.65370   -23.65370   -23.04488  0.0000  0.0000  0.0000  0.0000
   20  0.46170    0.0    0.0   -23.84616   -23.84616   -23.84616   -23.38445  0.0000  0.0000  0.0000  0.0000
   21  0.36522    0.0    0.0   -24.00448   -24.00448   -24.00448   -23.63925  0.0000  0.0000  0.0000  0.0000
   22  0.30624    0.0    0.0   -24.14912   -24.14912   -24.14912   -23.84288  0.0000  0.0000  0.0000  0.0000
   23  0.26974    0.0    0.0   -24.28764   -24.28764   -24.28764   -24.01790  0.0000  0.0000  0.0000  0.0000
   24  0.24381    0.0    0.0   -24.41978   -24.41978   -24.41978   -24.17597  0.0000  0.0000  0.0000  0.0000
   25  0.22135    0.0    0.0   -24.54251   -24.54251   -24.54251   -24.32116  0.0000  0.0000  0.0000  0.0000
   26  0.19958    0.0    0.0   -24.65330   -24.65330   -24.65330   -24.45372  0.0000  0.0000  0.0000  0.0000
   27  0.17836    0.0    0.0   -24.75144   -24.75144   -24.75144   -24.57308  0.0000  0.0000  0.0000  0.0000
   28  0.15854    0.0    0.0   -24.83782   -24.83782   -24.83782   -24.67927  0.0000  0.0000  0.0000  0.0000
   29  0.14091    0.0    0.0   -24.91419   -24.91419   -24.91419   -24.77328  0.0000  0.0000  0.0000  0.0000
   30  0.12573    0.0    0.0   -24.98240   -24.98240   -24.98240   -24.85667  0.0000  0.0000  0.0000  0.0000
   31  0.11273    0.0    0.0   -25.04385   -25.04385   -25.04385   -24.93112  0.0000  0.0000  0.0000  0.0000
   32  0.10143    0.0    0.0   -25.09944   -25.09944   -25.09944   -24.99801  0.0000  0.0000  0.0000  0.0000
   33  0.09135    0.0    0.0   -25.14969   -25.14969   -25.14969   -25.05834  0.0000  0.0000  0.0000  0.0000
   34  0.08215    0.0    0.0   -25.19490   -25.19490   -25.19490   -25.11276  0.0000  0.0000  0.0000  0.0000
   35  0.07369    0.0    0.0   -25.23539   -25.23539   -25.23539   -25.16170  0.0000  0.0000  0.0000  0.0000
   36  0.06598    0.0    0.0   -25.27153   -25.27153   -25.27153   -25.20555  0.0000  0.0000  0.0000  0.0000
   37  0.05908    0.0    0.0   -25.30383   -25.30383   -25.30383   -25.24475  0.0000  0.0000  0.0000  0.0000
   38  0.05304    0.0    0.0   -25.33282   -25.33282   -25.33282   -25.27978  0.0000  0.0000  0.0000  0.0000
   39  0.04788    0.0    0.0   -25.35907   -25.35907   -25.35907   -25.31119  0.0000  0.0000  0.0000  0.0000
   40  0.04357    0.0    0.0   -25.38310   -25.38310   -25.38310   -25.33953  0.0000  0.0000  0.0000  0.0000
   41  0.04004    0.0    0.0   -25.40537   -25.40537   -25.40537   -25.36532  0.0000  0.0000  0.0000  0.0000
   42  0.03720    0.0    0.0   -25.42624   -25.42624   -25.42624   -25.38904  0.0000  0.0000  0.0000  0.0000
   43  0.03495    0.0    0.0   -25.44604   -25.44604   -25.44604   -25.41110  0.0000  0.0000  0.0000  0.0000
   44  0.03319    0.0    0.0   -25.46503   -25.46503   -25.46503   -25.43184  0.0000  0.0000  0.0000  0.0000
   45  0.03185    0.0    0.0   -25.48341   -25.48341   -25.48341   -25.45156  0.0000  0.0000  0.0000  0.0000
   46  0.03087    0.0    0.0   -25.50139   -25.50139   -25.50139   -25.47051  0.0000  0.0000  0.0000  0.0000
   47  0.03019    0.0    0.0   -25.51909   -25.51909   -25.51909   -25.48890  0.0000  0.0000  0.0000  0.0000
   48  0.02975    0.0    0.0   -25.53665   -25.53665   -25.53665   -25.50691  0.0000  0.0000  0.0000  0.0000
   49  0.02951    0.0    0.0   -25.55417   -25.55417   -25.55417   -25.52467  0.0000  0.0000  0.0000  0.0000
   50  0.02942    0.0    0.0   -25.57172   -25.57172   -25.57172   -25.54230  0.0000  0.0000  0.0000  0.0000
   51  0.02945    0.0    0.0   -25.58935   -25.58935   -25.58935   -25.55990  0.0000  0.0000  0.0000  0.0000
   52  0.02955    0.0    0.0   -25.60708   -25.60708   -25.60708   -25.57754  0.0000  0.0000  0.0000  0.0000
   53  0.02968    0.0    0.0   -25.62493   -25.62493   -25.62493   -25.59525  0.0000  0.0000  0.0000  0.0000
   54  0.02983    0.0    0.0   -25.64288   -25.64288   -25.64288   -25.61305  0.0000  0.0000  0.0000  0.0000
   55  0.02994    0.0    0.0   -25.66090   -25.66090   -25.66090   -25.63096  0.0000  0.0000  0.0000  0.0000
   56  0.03001    0.0    0.0   -25.67896   -25.67896   -25.67896   -25.64895  0.0000  0.0000  0.0000  0.0000
   57  0.03000    0.0    0.0   -25.69698   -25.69698   -25.69698   -25.66699  0.0000  0.0000  0.0000  0.0000
   58  0.02988    0.0    0.0   -25.71491   -25.71491   -25.71491   -25.68503  0.0000  0.0000  0.0000  0.0000
   59  0.02965    0.0    0.0   -25.73266   -25.73266   -25.73266   -25.70301  0.0000  0.0000  0.0000  0.0000
   60  0.02928    0.0    0.0   -25.75014   -25.75014   -25.75014   -25.72086  0.0000  0.0000  0.0000  0.0000
   61  0.02877    0.0    0.0   -25.76726   -25.76726   -25.76726   -25.73849  0.0000  0.0000  0.0000  0.0000
   62  0.02811    0.0    0.0   -25.78393   -25.78393   -25.78393   -25.75582  0.0000  0.0000  0.0000  0.0000
   63  0.02731    0.0    0.0   -25.80006   -25.80006   -25.80006   -25.77275  0.0000  0.0000  0.0000  0.0000
   64  0.02636    0.0    0.0   -25.81555   -25.81555   -25.81555   -25.78920  0.0000  0.0000  0.0000  0.0000
   65  0.02528    0.0    0.0   -25.83034   -25.83034   -25.83034   -25.80507  0.0000  0.0000  0.0000  0.0000
   66  0.02408    0.0    0.0   -25.84436   -25.84436   -25.84436   -25.82028  0.0000  0.0000  0.0000  0.0000
   67  0.02279    0.0    0.0   -25.85756   -25.85756   -25.85756   -25.83477  0.0000  0.0000  0.0000  0.0000
   68  0.02141    0.0    0.0   -25.86989   -25.86989   -25.86989   -25.84847  0.0000  0.0000  0.0000  0.0000
   69  0.01999    0.0    0.0   -25.88133   -25.88133   -25.88133   -25.86134  0.0000  0.0000  0.0000  0.0000
   70  0.01854    0.0    0.0   -25.89188   -25.89188   -25.89188   -25.87334  0.0000  0.0000  0.0000  0.0000
   71  0.01708    0.0    0.0   -25.90154   -25.90154   -25.90154   -25.88447  0.0000  0.0000  0.0000  0.0000
   72  0.01563    0.0    0.0   -25.91034   -25.91034   -25.91034   -25.89470  0.0000  0.0000  0.0000  0.0000
   73  0.01422    0.0    0.0   -25.91829   -25.91829   -25.91829   -25.90406  0.0000  0.0000  0.0000  0.0000
   74  0.01286    0.0    0.0   -25.92543   -25.92543   -25.92543   -25.91257  0.0000  0.0000  0.0000  0.0000
   75  0.01157    0.0    0.0   -25.93182   -25.93182   -25.93182   -25.92026  0.0000  0.0000  0.0000  0.0000
   76  0.01034    0.0    0.0   -25.93750   -25.93750   -25.93750   -25.92716  0.0000  0.0000  0.0000  0.0000
   77  0.00920    0.0    0.0   -25.94253   -25.94253   -25.94253   -25.93333  0.0000  0.0000  0.0000  0.0000
   78  0.00815    0.0    0.0   -25.94696   -25.94696   -25.94696   -25.93881  0.0000  0.0000  0.0000  0.0000
   79  0.00718    0.0    0.0   -25.95084   -25.95084   -25.95084   -25.94366  0.0000  0.0000  0.0000  0.0000
   80  0.00630    0.0    0.0   -25.95423   -25.95423   -25.95423   -25.94793  0.0000  0.0000  0.0000  0.0000
   81  0.00551    0.0    0.0   -25.95718   -25.95718   -25.95718   -25.95167  0.0000  0.0000  0.0000  0.0000
   82  0.00479    0.0    0.0   -25.95973   -25.95973   -25.95973   -25.95493  0.0000  0.0000  0.0000  0.0000
   83  0.00416    0.0    0.0   -25.96193   -25.96193   -25.96193   -25.95778  0.0000  0.0000  0.0000  0.0000
   84  0.00360    0.0    0.0   -25.96383   -25.96383   -25.96383   -25.96024  0.0000  0.0000  0.0000  0.0000
   85  0.00310    0.0    0.0   -25.96547   -25.96547   -25.96547   -25.96237  0.0000  0.0000  0.0000  0.0000
   86  0.00266    0.0    0.0   -25.96686   -25.96686   -25.96686   -25.96420  0.0000  0.0000  0.0000  0.0000
   87  0.00228    0.0    0.0   -25.96806   -25.96806   -25.96806   -25.96577  0.0000  0.0000  0.0000  0.0000
   88  0.00195    0.0    0.0   -25.96907   -25.96907   -25.96907   -25.96712  0.0000  0.0000  0.0000  0.0000
   89  0.00167    0.0    0.0   -25.96994   -25.96994   -25.96994   -25.96827  0.0000  0.0000  0.0000  0.0000
   90  0.00142    0.0    0.0   -25.97067   -25.97067   -25.97067   -25.96925  0.0000  0.0000  0.0000  0.0000
   91  0.00121    0.0    0.0   -25.97130   -25.97130   -25.97130   -25.97009  0.0000  0.0000  0.0000  0.0000
   92  0.00102    0.0    0.0   -25.97182   -25.97182   -25.97182   -25.97080  0.0000  0.0000  0.0000  0.0000
   93  0.00087    0.0    0.0   -25.97227   -25.97227   -25.97227   -25.97140  0.0000  0.0000  0.0000  0.0000
   94  0.00073    0.0    0.0   -25.97265   -25.97265   -25.97265   -25.97191  0.0000  0.0000  0.0000  0.0000
   95  0.00062    0.0    0.0   -25.97297   -25.97297   -25.97297   -25.97235  0.0000  0.0000  0.0000  0.0000
   96  0.00052    0.0    0.0   -25.97323   -25.97323   -25.97323   -25.97271  0.0000  0.0000  0.0000  0.0000
   97  0.00044    0.0    0.0   -25.97346   -25.97346   -25.97346   -25.97302  0.0000  0.0000  0.0000  0.0000
   98  0.00037    0.0    0.0   -25.97365   -25.97365   -25.97365   -25.97328  0.0000  0.0000  0.0000  0.0000
   99  0.00031    0.0    0.0   -25.97381   -25.97381   -25.97381   -25.97350  0.0000  0.0000  0.0000  0.0000

 * Step    100

   from rhoofr: total integrated electronic density
   in g-space =   22.000000   in r-space =  22.000000
  100  0.00026    0.0    0.0   -25.97394   -25.97394   -25.97394   -25.97368  0.0000  0.0000  0.0000  0.0000

   Cell Variables (AU)

   STEP:    100   0.009676
    8.00000000    0.00000000    0.00000000
    0.00000000    8.00000000    0.00000000
    0.00000000    0.00000000    8.00000000

   Total Stress (GPa)

   STEP:    100   0.009676
        0.00000000         0.00000000         0.00000000
        0.00000000         0.00000000         0.00000000
        0.00000000         0.00000000         0.00000000

   Atomic Positions (AU)

   STEP:    100   0.009676
H     -0.27169500E+01 -0.24582200E+01  0.23617400E+01
H     -0.29129200E+01  0.24912900E+01  0.95293600E+00
H      0.20362900E+01 -0.27041400E+01 -0.10488700E+01
H      0.31091100E+01 -0.16298700E+01  0.18933100E+01
H      0.24481500E+01  0.26384600E+01  0.33267000E+00
H      0.94083500E+00  0.16018700E+01 -0.25837700E+01
C     -0.12150500E+01 -0.13090200E+01  0.13166100E+01
C     -0.13612600E+01  0.11661400E+01  0.82518900E+00
C      0.15487200E+01 -0.14335800E+01  0.51062700E+00
C      0.10948400E+01  0.13708100E+01 -0.49695400E+00

   Atomic Velocities (AU)

   STEP:    100   0.009676
H      0.00000000E+00  0.00000000E+00  0.00000000E+00
H      0.00000000E+00  0.00000000E+00  0.00000000E+00
H      0.00000000E+00  0.00000000E+00  0.00000000E+00
H      0.00000000E+00  0.00000000E+00  0.00000000E+00
H      0.00000000E+00  0.00000000E+00  0.00000000E+00
H      0.00000000E+00  0.00000000E+00  0.00000000E+00
C      0.00000000E+00  0.00000000E+00  0.00000000E+00
C      0.00000000E+00  0.00000000E+00  0.00000000E+00
C      0.00000000E+00  0.00000000E+00  0.00000000E+00
C      0.00000000E+00  0.00000000E+00  0.00000000E+00

   Atomic Forces (AU)

   STEP:    100   0.009676
H      0.00000000E+00  0.00000000E+00  0.00000000E+00
H      0.00000000E+00  0.00000000E+00  0.00000000E+00
H      0.00000000E+00  0.00000000E+00  0.00000000E+00
H      0.00000000E+00  0.00000000E+00  0.00000000E+00
H      0.00000000E+00  0.00000000E+00  0.00000000E+00
H      0.00000000E+00  0.00000000E+00  0.00000000E+00
C      0.00000000E+00  0.00000000E+00  0.00000000E+00
C      0.00000000E+00  0.00000000E+00  0.00000000E+00
C      0.00000000E+00  0.00000000E+00  0.00000000E+00
C      0.00000000E+00  0.00000000E+00  0.00000000E+00


                total energy =      -25.97406 a.u.
              kinetic energy =       19.19033 a.u.
        electrostatic energy =      -35.30912 a.u.
                         esr =        0.00038 a.u.
                       eself =       55.85192 a.u.
      pseudopotential energy =       -3.31809 a.u.
  n-l pseudopotential energy =        2.64753 a.u.
 exchange-correlation energy =       -9.18470 a.u.
           average potential =       -0.33376 a.u.




 eigenvalues at k-point:  0.000 0.000 0.000
  -16.97  -10.93  -10.47   -8.92   -5.91   -5.05   -4.48   -3.57   -2.32   -2.08
   -0.48
 
 
 
  nfi    ekinc  temph  tempp        etot      enthal       econs       econt    vnhh   xnhh0    vnhp   xnhp0
  101  0.00022    0.0    0.0   -25.97406   -25.97406   -25.97406   -25.97383  0.0000  0.0000  0.0000  0.0000
  102  0.00019    0.0    0.0   -25.97415   -25.97415   -25.97415   -25.97396  0.0000  0.0000  0.0000  0.0000
  103  0.00016    0.0    0.0   -25.97423   -25.97423   -25.97423   -25.97407  0.0000  0.0000  0.0000  0.0000
  104  0.00013    0.0    0.0   -25.97430   -25.97430   -25.97430   -25.97417  0.0000  0.0000  0.0000  0.0000
  105  0.00011    0.0    0.0   -25.97435   -25.97435   -25.97435   -25.97424  0.0000  0.0000  0.0000  0.0000
  106  0.00009    0.0    0.0   -25.97440   -25.97440   -25.97440   -25.97431  0.0000  0.0000  0.0000  0.0000
  107  0.00008    0.0    0.0   -25.97444   -25.97444   -25.97444   -25.97436  0.0000  0.0000  0.0000  0.0000
  108  0.00007    0.0    0.0   -25.97447   -25.97447   -25.97447   -25.97441  0.0000  0.0000  0.0000  0.0000
  109  0.00005    0.0    0.0   -25.97450   -25.97450   -25.97450   -25.97445  0.0000  0.0000  0.0000  0.0000
  110  0.00005    0.0    0.0   -25.97452   -25.97452   -25.97452   -25.97448  0.0000  0.0000  0.0000  0.0000
  111  0.00004    0.0    0.0   -25.97454   -25.97454   -25.97454   -25.97450  0.0000  0.0000  0.0000  0.0000
  112  0.00003    0.0    0.0   -25.97456   -25.97456   -25.97456   -25.97453  0.0000  0.0000  0.0000  0.0000
  113  0.00003    0.0    0.0   -25.97457   -25.97457   -25.97457   -25.97455  0.0000  0.0000  0.0000  0.0000
  114  0.00002    0.0    0.0   -25.97458   -25.97458   -25.97458   -25.97456  0.0000  0.0000  0.0000  0.0000
  115  0.00002    0.0    0.0   -25.97459   -25.97459   -25.97459   -25.97458  0.0000  0.0000  0.0000  0.0000
  116  0.00002    0.0    0.0   -25.97460   -25.97460   -25.97460   -25.97459  0.0000  0.0000  0.0000  0.0000
  117  0.00001    0.0    0.0   -25.97461   -25.97461   -25.97461   -25.97460  0.0000  0.0000  0.0000  0.0000
  118  0.00001    0.0    0.0   -25.97461   -25.97461   -25.97461   -25.97460  0.0000  0.0000  0.0000  0.0000
  119  0.00001    0.0    0.0   -25.97462   -25.97462   -25.97462   -25.97461  0.0000  0.0000  0.0000  0.0000
  120  0.00001    0.0    0.0   -25.97462   -25.97462   -25.97462   -25.97462  0.0000  0.0000  0.0000  0.0000
  121  0.00001    0.0    0.0   -25.97463   -25.97463   -25.97463   -25.97462  0.0000  0.0000  0.0000  0.0000
  122  0.00001    0.0    0.0   -25.97463   -25.97463   -25.97463   -25.97462  0.0000  0.0000  0.0000  0.0000
  123  0.00000    0.0    0.0   -25.97463   -25.97463   -25.97463   -25.97463  0.0000  0.0000  0.0000  0.0000
  124  0.00000    0.0    0.0   -25.97463   -25.97463   -25.97463   -25.97463  0.0000  0.0000  0.0000  0.0000
  125  0.00000    0.0    0.0   -25.97464   -25.97464   -25.97464   -25.97463  0.0000  0.0000  0.0000  0.0000
  126  0.00000    0.0    0.0   -25.97464   -25.97464   -25.97464   -25.97463  0.0000  0.0000  0.0000  0.0000
  127  0.00000    0.0    0.0   -25.97464   -25.97464   -25.97464   -25.97464  0.0000  0.0000  0.0000  0.0000
  128  0.00000    0.0    0.0   -25.97464   -25.97464   -25.97464   -25.97464  0.0000  0.0000  0.0000  0.0000
  129  0.00000    0.0    0.0   -25.97464   -25.97464   -25.97464   -25.97464  0.0000  0.0000  0.0000  0.0000
  130  0.00000    0.0    0.0   -25.97464   -25.97464   -25.97464   -25.97464  0.0000  0.0000  0.0000  0.0000
  131  0.00000    0.0    0.0   -25.97464   -25.97464   -25.97464   -25.97464  0.0000  0.0000  0.0000  0.0000
  132  0.00000    0.0    0.0   -25.97464   -25.97464   -25.97464   -25.97464  0.0000  0.0000  0.0000  0.0000
  133  0.00000    0.0    0.0   -25.97464   -25.97464   -25.97464   -25.97464  0.0000  0.0000  0.0000  0.0000

   MAIN:          EKINC   (thr)          DETOT   (thr)       MAXFORCE   (thr)
   MAIN:   0.843208D-06  0.1D-05  0.430152D-06  0.1D-03  0.000000D+00  0.1D+11
   MAIN: convergence achieved for system relaxation


              averaged quantities :
         ekinc          ekin          epot          etot     tempp
       1.01944      21.54084     -46.83677     -22.66715       0.0
     initialize   :     1.58s CPU
     total_time   :    34.84s CPU (     133 calls,   0.262 s avg)
     formf        :     0.84s CPU
     rhoofr       :     8.05s CPU (     134 calls,   0.060 s avg)
     vofrho       :    15.25s CPU (     134 calls,   0.114 s avg)
     dforce       :    10.66s CPU (     804 calls,   0.013 s avg)
     calphi       :     0.02s CPU (     134 calls,   0.000 s avg)
     ortho        :     0.47s CPU (     134 calls,   0.004 s avg)
     updatc       :     0.10s CPU (     134 calls,   0.001 s avg)
     gram         :     0.00s CPU
     newd         :     0.19s CPU (     134 calls,   0.001 s avg)
     calbec       :     0.06s CPU (     135 calls,   0.000 s avg)
     prefor       :     0.02s CPU (     135 calls,   0.000 s avg)
     strucf       :     0.18s CPU (     134 calls,   0.001 s avg)
     nlsm1        :     0.08s CPU (     403 calls,   0.000 s avg)
     fft          :     3.95s CPU (    1340 calls,   0.003 s avg)
     ffts         :     1.49s CPU (     536 calls,   0.003 s avg)
     fftw         :    13.14s CPU (    9648 calls,   0.001 s avg)
     rsg          :     0.27s CPU (     134 calls,   0.002 s avg)
 Opening file restart.xml


======================== end cp ========================


 
     CP90         :    36.60s CPU time

 
   This run was terminated on:  17:18:27   1Aug2005            

=------------------------------------------------------------------------------=
   ELAPSED SECONDS:    36.0
   JOB DONE.
=------------------------------------------------------------------------------=

   MEMORY STATISTICS FROM PE(1) : 
