
     Program POST-PROC v.3.1.1  starts ...
     Today is 23Aug2006 at  8:58:54 

     nbndx  =     8  nbnd   =     8  natomwfc =     6  npwx   =     170
     nelec  =  11.00  nkb   =    13  ngl    =     118

 **************************************************************************

                    xk=(   0.00000,   0.00000,   0.00000  )

     point group O_h (m-3m) 
     there are 10 classes
     the character table:

       E     8C3   6C2'  6C4   3C2   i     6S4   8S6   3s_h  6s_d 
A_1g   1.00  1.00  1.00  1.00  1.00  1.00  1.00  1.00  1.00  1.00
A_2g   1.00  1.00 -1.00 -1.00  1.00  1.00 -1.00  1.00  1.00 -1.00
E_g    2.00 -1.00  0.00  0.00  2.00  2.00  0.00 -1.00  2.00  0.00
T_1g   3.00  0.00 -1.00  1.00 -1.00  3.00  1.00  0.00 -1.00 -1.00
T_2g   3.00  0.00  1.00 -1.00 -1.00  3.00 -1.00  0.00 -1.00  1.00
A_1u   1.00  1.00  1.00  1.00  1.00 -1.00 -1.00 -1.00 -1.00 -1.00
A_2u   1.00  1.00 -1.00 -1.00  1.00 -1.00  1.00 -1.00 -1.00  1.00
E_u    2.00 -1.00  0.00  0.00  2.00 -2.00  0.00  1.00 -2.00  0.00
T_1u   3.00  0.00 -1.00  1.00 -1.00 -3.00 -1.00  0.00  1.00  1.00
T_2u   3.00  0.00  1.00 -1.00 -1.00 -3.00  1.00  0.00  1.00 -1.00

     the symmetry operations in each class:
     E        1
     3C2      2    4    3
     6C2'     5    6   14   13   10    9
     6C4      7    8   15   16   12   11
     8C3     17   19   20   18   24   21   22   23
     i       25
     3s_h    26   28   27
     6s_d    29   30   38   37   34   33
     6S4     31   32   39   40   36   35
     8S6     41   43   44   42   48   45   46   47

     Band symmetry, O_h (m-3m)  point group:

     e(  1 -  1) =      4.99020  eV     1   --> A_1g G_1   G_1+
     e(  2 -  4) =     11.20130  eV     3   --> T_2g G_25' G_5+
     e(  5 -  6) =     12.09024  eV     2   --> E_g  G_12  G_3+
     e(  7 -  7) =     38.86048  eV     1   --> A_2u G_2'  G_2-
     e(  8 -  8) =     41.01342  eV     1   -->   ?

 **************************************************************************

 **************************************************************************

                    xk=(   0.00000,   0.00000,   0.10000  )

     point group C_4v (4mm) 
     there are  5 classes
     the character table:

       E     2C4   C2    2s_v  2s_d 
A_1    1.00  1.00  1.00  1.00  1.00
A_2    1.00  1.00  1.00 -1.00 -1.00
B_1    1.00 -1.00  1.00  1.00 -1.00
B_2    1.00 -1.00  1.00 -1.00  1.00
E      2.00  0.00 -2.00  0.00  0.00

     the symmetry operations in each class:
     E        1
     C2       2
     2C4      3    4
     2s_v     5    6
     2s_d     7    8

     Band symmetry, C_4v (4mm)  point group:

     e(  1 -  1) =      5.11578  eV     1   --> A_1  D_1       
     e(  2 -  2) =     11.16284  eV     1   --> B_2  D_2'      
     e(  3 -  4) =     11.23270  eV     2   --> E    D_5       
     e(  5 -  5) =     12.05528  eV     1   --> A_1  D_1       
     e(  6 -  6) =     12.10455  eV     1   --> B_1  D_2       
     e(  7 -  7) =     38.34460  eV     1   --> B_2  D_2'      
     e(  8 -  8) =     39.73896  eV     1   -->   ?

 **************************************************************************

 **************************************************************************

                    xk=(   0.00000,   0.00000,   0.20000  )

     Band symmetry, C_4v (4mm)  point group:

     e(  1 -  1) =      5.48787  eV     1   --> A_1  D_1       
     e(  2 -  2) =     11.05181  eV     1   --> B_2  D_2'      
     e(  3 -  4) =     11.32582  eV     2   --> E    D_5       
     e(  5 -  5) =     11.95697  eV     1   --> A_1  D_1       
     e(  6 -  6) =     12.14616  eV     1   --> B_1  D_2       
     e(  7 -  7) =     37.30842  eV     1   --> B_2  D_2'      
     e(  8 -  8) =     37.74027  eV     1   -->   ?

 **************************************************************************

 **************************************************************************

                    xk=(   0.00000,   0.00000,   0.30000  )

     Band symmetry, C_4v (4mm)  point group:

     e(  1 -  1) =      6.09049  eV     1   --> A_1  D_1       
     e(  2 -  2) =     10.88063  eV     1   --> B_2  D_2'      
     e(  3 -  4) =     11.47704  eV     2   --> E    D_5       
     e(  5 -  5) =     11.81565  eV     1   --> A_1  D_1       
     e(  6 -  6) =     12.21118  eV     1   --> B_1  D_2       
     e(  7 -  8) =     35.78071  eV     2   --> E    D_5       

 **************************************************************************

 **************************************************************************

                    xk=(   0.00000,   0.00000,   0.40000  )

     Band symmetry, C_4v (4mm)  point group:

     e(  1 -  1) =      6.88728  eV     1   --> A_1  D_1       
     e(  2 -  2) =     10.66753  eV     1   --> B_2  D_2'      
     e(  3 -  3) =     11.67627  eV     1   --> A_1  D_1       
     e(  4 -  5) =     11.67886  eV     2   --> E    D_5       
     e(  6 -  6) =     12.29347  eV     1   --> B_1  D_2       
     e(  7 -  8) =     33.96708  eV     2   --> E    D_5       

 **************************************************************************

 **************************************************************************

                    xk=(   0.00000,   0.00000,   0.50000  )

     Band symmetry, C_4v (4mm)  point group:

     e(  1 -  1) =      7.79433  eV     1   --> A_1  D_1       
     e(  2 -  2) =     10.43492  eV     1   --> B_2  D_2'      
     e(  3 -  3) =     11.63269  eV     1   --> A_1  D_1       
     e(  4 -  5) =     11.91936  eV     2   --> E    D_5       
     e(  6 -  6) =     12.38511  eV     1   --> B_1  D_2       
     e(  7 -  8) =     32.33962  eV     2   --> E    D_5       

 **************************************************************************

 **************************************************************************

                    xk=(   0.00000,   0.00000,   0.60000  )

     Band symmetry, C_4v (4mm)  point group:

     e(  1 -  1) =      8.61975  eV     1   --> A_1  D_1       
     e(  2 -  2) =     10.20611  eV     1   --> B_2  D_2'      
     e(  3 -  3) =     11.88404  eV     1   --> A_1  D_1       
     e(  4 -  5) =     12.18066  eV     2   --> E    D_5       
     e(  6 -  6) =     12.47733  eV     1   --> B_1  D_2       
     e(  7 -  7) =     30.75633  eV     1   --> A_1  D_1       
     e(  8 -  8) =     30.93021  eV     1   -->   ?

 **************************************************************************

 **************************************************************************

                    xk=(   0.00000,   0.00000,   0.70000  )

     Band symmetry, C_4v (4mm)  point group:

     e(  1 -  1) =      9.10277  eV     1   --> A_1  D_1       
     e(  2 -  2) =     10.00287  eV     1   --> B_2  D_2'      
     e(  3 -  4) =     12.43686  eV     2   --> E    D_5       
     e(  5 -  5) =     12.56128  eV     1   --> B_1  D_2       
     e(  6 -  6) =     12.68338  eV     1   --> A_1  D_1       
     e(  7 -  7) =     27.83797  eV     1   --> A_1  D_1       
     e(  8 -  8) =     29.77259  eV     1   -->   ?

 **************************************************************************

 **************************************************************************

                    xk=(   0.00000,   0.00000,   0.80000  )

     Band symmetry, C_4v (4mm)  point group:

     e(  1 -  1) =      9.25135  eV     1   --> A_1  D_1       
     e(  2 -  2) =      9.84365  eV     1   --> B_2  D_2'      
     e(  3 -  3) =     12.62793  eV     1   --> B_1  D_2       
     e(  4 -  5) =     12.65663  eV     2   --> E    D_5       
     e(  6 -  6) =     13.97317  eV     1   --> A_1  D_1       
     e(  7 -  7) =     25.19091  eV     1   --> A_1  D_1       
     e(  8 -  8) =     28.90451  eV     1   -->   ?

 **************************************************************************

 **************************************************************************

                    xk=(   0.00000,   0.00000,   0.90000  )

     Band symmetry, C_4v (4mm)  point group:

     e(  1 -  1) =      9.26431  eV     1   --> A_1  D_1       
     e(  2 -  2) =      9.74241  eV     1   --> B_2  D_2'      
     e(  3 -  3) =     12.67086  eV     1   --> B_1  D_2       
     e(  4 -  5) =     12.80651  eV     2   --> E    D_5       
     e(  6 -  6) =     15.35770  eV     1   --> A_1  D_1       
     e(  7 -  7) =     23.05601  eV     1   --> A_1  D_1       
     e(  8 -  8) =     28.36385  eV     1   -->   ?

 **************************************************************************

 **************************************************************************

                    xk=(   0.00000,   0.00000,   1.00000  )

     point group D_4h(4/mmm)
     there are 10 classes
     the character table:

       E     2C4   C2    2C2'  2C2'' i     2S4   s_h   2s_v  2s_d 
A_1g   1.00  1.00  1.00  1.00  1.00  1.00  1.00  1.00  1.00  1.00
A_2g   1.00  1.00  1.00 -1.00 -1.00  1.00  1.00  1.00 -1.00 -1.00
B_1g   1.00 -1.00  1.00  1.00 -1.00  1.00 -1.00  1.00  1.00 -1.00
B_2g   1.00 -1.00  1.00 -1.00  1.00  1.00 -1.00  1.00 -1.00  1.00
E_g    2.00  0.00 -2.00  0.00  0.00  2.00  0.00 -2.00  0.00  0.00
A_1u   1.00  1.00  1.00  1.00  1.00 -1.00 -1.00 -1.00 -1.00 -1.00
A_2u   1.00  1.00  1.00 -1.00 -1.00 -1.00 -1.00 -1.00  1.00  1.00
B_1u   1.00 -1.00  1.00  1.00 -1.00 -1.00  1.00 -1.00 -1.00  1.00
B_2u   1.00 -1.00  1.00 -1.00  1.00 -1.00  1.00 -1.00  1.00 -1.00
E_u    2.00  0.00 -2.00  0.00  0.00 -2.00  0.00  2.00  0.00  0.00

     the symmetry operations in each class:
     E        1
     C2       2
     2C2'     3    4
     2C2''    5    6
     2C4      7    8
     i        9
     s_h     10
     2s_v    11   12
     2s_d    13   14
     2S4     15   16

     Band symmetry, D_4h(4/mmm) point group:

     e(  1 -  1) =      9.25860  eV     1   --> A_1g M_1       
     e(  2 -  2) =      9.70798  eV     1   --> B_2g M_4       
     e(  3 -  3) =     12.68577  eV     1   --> B_1g M_3       
     e(  4 -  5) =     12.86013  eV     2   --> E_g  M_5       
     e(  6 -  6) =     16.06461  eV     1   --> A_2u M_2'      
     e(  7 -  7) =     22.10795  eV     1   --> A_1g M_1       
     e(  8 -  8) =     28.17992  eV     1   -->   ?

 **************************************************************************

 **************************************************************************

                    xk=(   0.00000,   0.00000,   0.00000  )

     point group O_h (m-3m) 
     there are 10 classes
     the character table:

       E     8C3   6C2'  6C4   3C2   i     6S4   8S6   3s_h  6s_d 
A_1g   1.00  1.00  1.00  1.00  1.00  1.00  1.00  1.00  1.00  1.00
A_2g   1.00  1.00 -1.00 -1.00  1.00  1.00 -1.00  1.00  1.00 -1.00
E_g    2.00 -1.00  0.00  0.00  2.00  2.00  0.00 -1.00  2.00  0.00
T_1g   3.00  0.00 -1.00  1.00 -1.00  3.00  1.00  0.00 -1.00 -1.00
T_2g   3.00  0.00  1.00 -1.00 -1.00  3.00 -1.00  0.00 -1.00  1.00
A_1u   1.00  1.00  1.00  1.00  1.00 -1.00 -1.00 -1.00 -1.00 -1.00
A_2u   1.00  1.00 -1.00 -1.00  1.00 -1.00  1.00 -1.00 -1.00  1.00
E_u    2.00 -1.00  0.00  0.00  2.00 -2.00  0.00  1.00 -2.00  0.00
T_1u   3.00  0.00 -1.00  1.00 -1.00 -3.00 -1.00  0.00  1.00  1.00
T_2u   3.00  0.00  1.00 -1.00 -1.00 -3.00  1.00  0.00  1.00 -1.00

     the symmetry operations in each class:
     E        1
     3C2      2    4    3
     6C2'     5    6   14   13   10    9
     6C4      7    8   15   16   12   11
     8C3     17   19   20   18   24   21   22   23
     i       25
     3s_h    26   28   27
     6s_d    29   30   38   37   34   33
     6S4     31   32   39   40   36   35
     8S6     41   43   44   42   48   45   46   47

     Band symmetry, O_h (m-3m)  point group:

     e(  1 -  1) =      4.99020  eV     1   --> A_1g G_1   G_1+
     e(  2 -  4) =     11.20130  eV     3   --> T_2g G_25' G_5+
     e(  5 -  6) =     12.09024  eV     2   --> E_g  G_12  G_3+
     e(  7 -  7) =     38.86048  eV     1   --> A_2u G_2'  G_2-
     e(  8 -  8) =     41.01342  eV     1   -->   ?

 **************************************************************************

 **************************************************************************

                    xk=(   0.00000,   0.10000,   0.10000  )

     point group C_2v (mm2) 
     there are  4 classes
     the character table:

       E     C2    s_xz  s_yz 
A_1    1.00  1.00  1.00  1.00
A_2    1.00  1.00 -1.00 -1.00
B_1    1.00 -1.00  1.00 -1.00
B_2    1.00 -1.00 -1.00  1.00

     the symmetry operations in each class:
     E        1
     C2       2
     s_xz     3
     s_yz     4

     Band symmetry, C_2v (mm2)  point group:

     e(  1 -  1) =      5.24047  eV     1   --> A_1  D_1  S_1  
     e(  2 -  2) =     11.14226  eV     1   --> B_2  D_4  S_4  
     e(  3 -  3) =     11.24739  eV     1   --> A_2  D_2  S_2  
     e(  4 -  4) =     11.25951  eV     1   --> A_1  D_1  S_1  
     e(  5 -  5) =     12.04612  eV     1   --> B_1  D_3  S_3  
     e(  6 -  6) =     12.09768  eV     1   --> A_1  D_1  S_1  
     e(  7 -  7) =     37.20413  eV     1   --> B_2  D_4  S_4  
     e(  8 -  8) =     38.20910  eV     1   --> A_1  D_1  S_1  

 **************************************************************************

 **************************************************************************

                    xk=(   0.00000,   0.20000,   0.20000  )

     Band symmetry, C_2v (mm2)  point group:

     e(  1 -  1) =      5.97059  eV     1   --> A_1  D_1  S_1  
     e(  2 -  2) =     10.99027  eV     1   --> B_2  D_4  S_4  
     e(  3 -  3) =     11.37040  eV     1   --> A_1  D_1  S_1  
     e(  4 -  4) =     11.37982  eV     1   --> A_2  D_2  S_2  
     e(  5 -  5) =     11.93470  eV     1   --> B_1  D_3  S_3  
     e(  6 -  6) =     12.17106  eV     1   --> A_1  D_1  S_1  
     e(  7 -  7) =     33.74893  eV     1   --> B_2  D_4  S_4  
     e(  8 -  8) =     34.51283  eV     1   --> A_1  D_1  S_1  

 **************************************************************************

 **************************************************************************

                    xk=(   0.00000,   0.30000,   0.30000  )

     Band symmetry, C_2v (mm2)  point group:

     e(  1 -  1) =      7.10613  eV     1   --> A_1  D_1  S_1  
     e(  2 -  2) =     10.80936  eV     1   --> B_2  D_4  S_4  
     e(  3 -  3) =     11.36664  eV     1   --> A_1  D_1  S_1  
     e(  4 -  4) =     11.58194  eV     1   --> A_2  D_2  S_2  
     e(  5 -  5) =     11.80816  eV     1   --> B_1  D_3  S_3  
     e(  6 -  6) =     12.45673  eV     1   --> A_1  D_1  S_1  
     e(  7 -  7) =     30.40100  eV     1   --> B_2  D_4  S_4  
     e(  8 -  8) =     31.16379  eV     1   --> A_1  D_1  S_1  

 **************************************************************************

 **************************************************************************

                    xk=(   0.00000,   0.40000,   0.40000  )

     Band symmetry, C_2v (mm2)  point group:

     e(  1 -  1) =      8.46197  eV     1   --> A_1  D_1  S_1  
     e(  2 -  2) =     10.68060  eV     1   --> B_2  D_4  S_4  
     e(  3 -  3) =     11.18984  eV     1   --> A_1  D_1  S_1  
     e(  4 -  4) =     11.72796  eV     1   --> B_1  D_3  S_3  
     e(  5 -  5) =     11.82898  eV     1   --> A_2  D_2  S_2  
     e(  6 -  6) =     13.06221  eV     1   --> A_1  D_1  S_1  
     e(  7 -  7) =     27.34721  eV     1   --> B_2  D_4  S_4  
     e(  8 -  8) =     28.30907  eV     1   --> A_1  D_1  S_1  

 **************************************************************************

 **************************************************************************

                    xk=(   0.00000,   0.50000,   0.50000  )

     Band symmetry, C_2v (mm2)  point group:

     e(  1 -  1) =      9.62673  eV     1   --> A_1  D_1  S_1  
     e(  2 -  2) =     10.67750  eV     1   --> B_2  D_4  S_4  
     e(  3 -  3) =     10.89468  eV     1   --> A_1  D_1  S_1  
     e(  4 -  4) =     11.74280  eV     1   --> B_1  D_3  S_3  
     e(  5 -  5) =     12.09210  eV     1   --> A_2  D_2  S_2  
     e(  6 -  6) =     14.20397  eV     1   --> A_1  D_1  S_1  
     e(  7 -  7) =     24.59622  eV     1   --> B_2  D_4  S_4  
     e(  8 -  8) =     26.02496  eV     1   --> A_1  D_1  S_1  

 **************************************************************************

 **************************************************************************

                    xk=(   0.00000,   0.60000,   0.60000  )

     Band symmetry, C_2v (mm2)  point group:

     e(  1 -  1) =     10.15178  eV     1   --> A_1  D_1  S_1  
     e(  2 -  2) =     10.53855  eV     1   --> A_1  D_1  S_1  
     e(  3 -  3) =     10.85516  eV     1   --> B_2  D_4  S_4  
     e(  4 -  4) =     11.87319  eV     1   --> B_1  D_3  S_3  
     e(  5 -  5) =     12.34349  eV     1   --> A_2  D_2  S_2  
     e(  6 -  6) =     16.19488  eV     1   --> A_1  D_1  S_1  
     e(  7 -  7) =     22.13950  eV     1   --> B_2  D_4  S_4  
     e(  8 -  8) =     24.35052  eV     1   --> A_1  D_1  S_1  

 **************************************************************************

 **************************************************************************

                    xk=(   0.00000,   0.70000,   0.70000  )

     Band symmetry, C_2v (mm2)  point group:

     e(  1 -  1) =     10.04039  eV     1   --> A_1  D_1  S_1  
     e(  2 -  2) =     10.23531  eV     1   --> A_1  D_1  S_1  
     e(  3 -  3) =     11.23955  eV     1   --> B_2  D_4  S_4  
     e(  4 -  4) =     12.10235  eV     1   --> B_1  D_3  S_3  
     e(  5 -  5) =     12.55962  eV     1   --> A_2  D_2  S_2  
     e(  6 -  6) =     18.94805  eV     1   --> A_1  D_1  S_1  
     e(  7 -  7) =     19.97402  eV     1   --> B_2  D_4  S_4  
     e(  8 -  8) =     23.25737  eV     1   --> A_1  D_1  S_1  

 **************************************************************************

 **************************************************************************

                    xk=(   0.00000,   0.80000,   0.80000  )

     Band symmetry, C_2v (mm2)  point group:

     e(  1 -  1) =      9.67565  eV     1   --> A_1  D_1  S_1  
     e(  2 -  2) =      9.98235  eV     1   --> A_1  D_1  S_1  
     e(  3 -  3) =     11.81822  eV     1   --> B_2  D_4  S_4  
     e(  4 -  4) =     12.37339  eV     1   --> B_1  D_3  S_3  
     e(  5 -  5) =     12.72367  eV     1   --> A_2  D_2  S_2  
     e(  6 -  6) =     18.12268  eV     1   --> B_2  D_4  S_4  
     e(  7 -  7) =     22.00304  eV     1   --> A_1  D_1  S_1  
     e(  8 -  8) =     22.84579  eV     1   --> A_1  D_1  S_1  

 **************************************************************************

 **************************************************************************

                    xk=(   0.00000,   0.90000,   0.90000  )

     Band symmetry, C_2v (mm2)  point group:

     e(  1 -  1) =      9.37413  eV     1   --> A_1  D_1  S_1  
     e(  2 -  2) =      9.78145  eV     1   --> A_1  D_1  S_1  
     e(  3 -  3) =     12.48760  eV     1   --> B_2  D_4  S_4  
     e(  4 -  4) =     12.59790  eV     1   --> B_1  D_3  S_3  
     e(  5 -  5) =     12.82552  eV     1   --> A_2  D_2  S_2  
     e(  6 -  6) =     16.69077  eV     1   --> B_2  D_4  S_4  
     e(  7 -  7) =     22.19180  eV     1   --> A_1  D_1  S_1  
     e(  8 -  8) =     25.86662  eV     1   --> A_1  D_1  S_1  

 **************************************************************************

 **************************************************************************

                    xk=(   0.00000,   1.00000,   1.00000  )

     point group D_4h(4/mmm)
     there are 10 classes
     the character table:

       E     2C4   C2    2C2'  2C2'' i     2S4   s_h   2s_v  2s_d 
A_1g   1.00  1.00  1.00  1.00  1.00  1.00  1.00  1.00  1.00  1.00
A_2g   1.00  1.00  1.00 -1.00 -1.00  1.00  1.00  1.00 -1.00 -1.00
B_1g   1.00 -1.00  1.00  1.00 -1.00  1.00 -1.00  1.00  1.00 -1.00
B_2g   1.00 -1.00  1.00 -1.00  1.00  1.00 -1.00  1.00 -1.00  1.00
E_g    2.00  0.00 -2.00  0.00  0.00  2.00  0.00 -2.00  0.00  0.00
A_1u   1.00  1.00  1.00  1.00  1.00 -1.00 -1.00 -1.00 -1.00 -1.00
A_2u   1.00  1.00  1.00 -1.00 -1.00 -1.00 -1.00 -1.00  1.00  1.00
B_1u   1.00 -1.00  1.00  1.00 -1.00 -1.00  1.00 -1.00 -1.00  1.00
B_2u   1.00 -1.00  1.00 -1.00  1.00 -1.00  1.00 -1.00  1.00 -1.00
E_u    2.00  0.00 -2.00  0.00  0.00 -2.00  0.00  2.00  0.00  0.00

     the symmetry operations in each class:
     E        1
     2C2'     2    3
     C2       4
     2C2''    5    6
     2C4      7    8
     i        9
     2s_v    10   11
     s_h     12
     2s_d    13   14
     2S4     15   16

     Band symmetry, D_4h(4/mmm) point group:

     e(  1 -  1) =      9.25860  eV     1   --> A_1g M_1       
     e(  2 -  2) =      9.70798  eV     1   --> B_2g M_4       
     e(  3 -  3) =     12.68577  eV     1   --> B_1g M_3       
     e(  4 -  5) =     12.86013  eV     2   --> E_g  M_5       
     e(  6 -  6) =     16.06461  eV     1   --> A_2u M_2'      
     e(  7 -  7) =     22.10795  eV     1   --> A_1g M_1       
     e(  8 -  8) =     28.17992  eV     1   -->   ?

 **************************************************************************

 **************************************************************************

                    xk=(   0.00000,   0.00000,   0.00000  )

     point group O_h (m-3m) 
     there are 10 classes
     the character table:

       E     8C3   6C2'  6C4   3C2   i     6S4   8S6   3s_h  6s_d 
A_1g   1.00  1.00  1.00  1.00  1.00  1.00  1.00  1.00  1.00  1.00
A_2g   1.00  1.00 -1.00 -1.00  1.00  1.00 -1.00  1.00  1.00 -1.00
E_g    2.00 -1.00  0.00  0.00  2.00  2.00  0.00 -1.00  2.00  0.00
T_1g   3.00  0.00 -1.00  1.00 -1.00  3.00  1.00  0.00 -1.00 -1.00
T_2g   3.00  0.00  1.00 -1.00 -1.00  3.00 -1.00  0.00 -1.00  1.00
A_1u   1.00  1.00  1.00  1.00  1.00 -1.00 -1.00 -1.00 -1.00 -1.00
A_2u   1.00  1.00 -1.00 -1.00  1.00 -1.00  1.00 -1.00 -1.00  1.00
E_u    2.00 -1.00  0.00  0.00  2.00 -2.00  0.00  1.00 -2.00  0.00
T_1u   3.00  0.00 -1.00  1.00 -1.00 -3.00 -1.00  0.00  1.00  1.00
T_2u   3.00  0.00  1.00 -1.00 -1.00 -3.00  1.00  0.00  1.00 -1.00

     the symmetry operations in each class:
     E        1
     3C2      2    4    3
     6C2'     5    6   14   13   10    9
     6C4      7    8   15   16   12   11
     8C3     17   19   20   18   24   21   22   23
     i       25
     3s_h    26   28   27
     6s_d    29   30   38   37   34   33
     6S4     31   32   39   40   36   35
     8S6     41   43   44   42   48   45   46   47

     Band symmetry, O_h (m-3m)  point group:

     e(  1 -  1) =      4.99020  eV     1   --> A_1g G_1   G_1+
     e(  2 -  4) =     11.20130  eV     3   --> T_2g G_25' G_5+
     e(  5 -  6) =     12.09024  eV     2   --> E_g  G_12  G_3+
     e(  7 -  7) =     38.86048  eV     1   --> A_2u G_2'  G_2-
     e(  8 -  8) =     41.01342  eV     1   -->   ?

 **************************************************************************

 **************************************************************************

                    xk=(   0.10000,   0.10000,   0.10000  )

     point group C_3v (3m)  
     there are  3 classes
     the character table:

       E     2C3   3s_v 
A_1    1.00  1.00  1.00
A_2    1.00  1.00 -1.00
E      2.00 -1.00  0.00

     the symmetry operations in each class:
     E        1
     2C3      2    3
     3s_v     4    5    6

     Band symmetry, C_3v (3m)   point group:

     e(  1 -  1) =      5.36417  eV     1   --> A_1  L_1       
     e(  2 -  2) =     11.12426  eV     1   --> A_1  L_1       
     e(  3 -  4) =     11.27124  eV     2   --> E    L_3       
     e(  5 -  6) =     12.06623  eV     2   --> E    L_3       
     e(  7 -  7) =     35.67412  eV     1   --> A_1  L_1       
     e(  8 -  8) =     39.38006  eV     1   --> A_1  L_1       

 **************************************************************************

 **************************************************************************

                    xk=(   0.20000,   0.20000,   0.20000  )

     Band symmetry, C_3v (3m)   point group:

     e(  1 -  1) =      6.43056  eV     1   --> A_1  L_1       
     e(  2 -  2) =     10.97400  eV     1   --> A_1  L_1       
     e(  3 -  4) =     11.37565  eV     2   --> E    L_3       
     e(  5 -  6) =     12.09135  eV     2   --> E    L_3       
     e(  7 -  7) =     30.13189  eV     1   --> A_1  L_1       
     e(  8 -  8) =     38.82543  eV     1   -->   ?

 **************************************************************************

 **************************************************************************

                    xk=(   0.30000,   0.30000,   0.30000  )

     Band symmetry, C_3v (3m)   point group:

     e(  1 -  1) =      7.90852  eV     1   --> A_1  L_1       
     e(  2 -  2) =     11.06629  eV     1   --> A_1  L_1       
     e(  3 -  4) =     11.32812  eV     2   --> E    L_3       
     e(  5 -  6) =     12.31756  eV     2   --> E    L_3       
     e(  7 -  7) =     25.08567  eV     1   --> A_1  L_1       
     e(  8 -  8) =     38.03590  eV     1   -->   ?

 **************************************************************************

 **************************************************************************

                    xk=(   0.40000,   0.40000,   0.40000  )

     Band symmetry, C_3v (3m)   point group:

     e(  1 -  1) =      8.91222  eV     1   --> A_1  L_1       
     e(  2 -  3) =     11.21633  eV     2   --> E    L_3       
     e(  4 -  4) =     12.17136  eV     1   --> A_1  L_1       
     e(  5 -  6) =     12.59006  eV     2   --> E    L_3       
     e(  7 -  7) =     20.84967  eV     1   --> A_1  L_1       
     e(  8 -  8) =     37.30363  eV     1   --> A_1  L_1       

 **************************************************************************

 **************************************************************************

                    xk=(   0.50000,   0.50000,   0.50000  )

     point group D_3d (-3m) 
     there are  6 classes
     the character table:

       E     2C3   3C2'  i     2S6   3s_d 
A_1g   1.00  1.00  1.00  1.00  1.00  1.00
A_2g   1.00  1.00 -1.00  1.00  1.00 -1.00
E_g    2.00 -1.00  0.00  2.00 -1.00  0.00
A_1u   1.00  1.00  1.00 -1.00 -1.00 -1.00
A_2u   1.00  1.00 -1.00 -1.00 -1.00  1.00
E_u    2.00 -1.00  0.00 -2.00  1.00  0.00

     the symmetry operations in each class:
     E        1
     3C2'     2    4    3
     2C3      5    6
     i        7
     3s_d     8   10    9
     2S6     11   12

     Band symmetry, D_3d (-3m)  point group:

     e(  1 -  1) =      9.11274  eV     1   --> A_1g L_1       
     e(  2 -  3) =     11.16685  eV     2   --> E_g  L_3       
     e(  4 -  5) =     12.70543  eV     2   --> E_g  L_3       
     e(  6 -  6) =     13.46440  eV     1   --> A_2u L_2'      
     e(  7 -  7) =     18.64147  eV     1   --> A_1g L_1       
     e(  8 -  8) =     37.02172  eV     1   --> A_2u L_2'      

 **************************************************************************
