
     Program POST-PROC v.3.1.1  starts ...
     Today is 23Aug2006 at  8:58:38 

     nbndx  =     8  nbnd   =     8  natomwfc =     8  npwx   =     351
     nelec  =   8.00  nkb   =     8  ngl    =      65

 **************************************************************************

                    xk=(   0.00000,   0.00000,   0.00000  )

     point group O_h (m-3m) 
     there are 10 classes
     the character table:

       E     8C3   6C2'  6C4   3C2   i     6S4   8S6   3s_h  6s_d 
A_1g   1.00  1.00  1.00  1.00  1.00  1.00  1.00  1.00  1.00  1.00
A_2g   1.00  1.00 -1.00 -1.00  1.00  1.00 -1.00  1.00  1.00 -1.00
E_g    2.00 -1.00  0.00  0.00  2.00  2.00  0.00 -1.00  2.00  0.00
T_1g   3.00  0.00 -1.00  1.00 -1.00  3.00  1.00  0.00 -1.00 -1.00
T_2g   3.00  0.00  1.00 -1.00 -1.00  3.00 -1.00  0.00 -1.00  1.00
A_1u   1.00  1.00  1.00  1.00  1.00 -1.00 -1.00 -1.00 -1.00 -1.00
A_2u   1.00  1.00 -1.00 -1.00  1.00 -1.00  1.00 -1.00 -1.00  1.00
E_u    2.00 -1.00  0.00  0.00  2.00 -2.00  0.00  1.00 -2.00  0.00
T_1u   3.00  0.00 -1.00  1.00 -1.00 -3.00 -1.00  0.00  1.00  1.00
T_2u   3.00  0.00  1.00 -1.00 -1.00 -3.00  1.00  0.00  1.00 -1.00

     the symmetry operations in each class:
     E        1
     3C2      2    4    3
     6C2'     5    6   14   13   10    9
     6C4      7    8   15   16   12   11
     8C3     17   19   20   18   24   21   22   23
     i       25
     3s_h    26   28   27
     6s_d    29   30   38   37   34   33
     6S4     31   32   39   40   36   35
     8S6     41   43   44   42   48   45   46   47

     Band symmetry, O_h (m-3m)  point group:

     e(  1 -  1) =     -5.80995  eV     1   --> A_1g G_1   G_1+
     e(  2 -  4) =      6.25495  eV     3   --> T_2g G_25' G_5+
     e(  5 -  7) =      8.82214  eV     3   --> T_1u G_15  G_4-
     e(  8 -  8) =      9.72327  eV     1   --> A_2u G_2'  G_2-

 **************************************************************************

 **************************************************************************

                    xk=(   0.00000,   0.00000,   0.10000  )

     point group C_4v (4mm) 
     there are  5 classes
     the character table:

       E     2C4   C2    2s_v  2s_d 
A_1    1.00  1.00  1.00  1.00  1.00
A_2    1.00  1.00  1.00 -1.00 -1.00
B_1    1.00 -1.00  1.00  1.00 -1.00
B_2    1.00 -1.00  1.00 -1.00  1.00
E      2.00  0.00 -2.00  0.00  0.00

     the symmetry operations in each class:
     E        1
     C2       2
     2C4      3    4
     2s_v     5    6
     2s_d     7    8

     Band symmetry, C_4v (4mm)  point group:

     e(  1 -  1) =     -5.76687  eV     1   --> A_1  D_1       
     e(  2 -  2) =      5.98106  eV     1   --> B_2  D_2'      
     e(  3 -  4) =      6.07230  eV     2   --> E    D_5       
     e(  5 -  5) =      8.71053  eV     1   --> A_1  D_1       
     e(  6 -  7) =      9.05718  eV     2   --> E    D_5       
     e(  8 -  8) =      9.98388  eV     1   --> B_2  D_2'      

 **************************************************************************

 **************************************************************************

                    xk=(   0.00000,   0.00000,   0.20000  )

     Band symmetry, C_4v (4mm)  point group:

     e(  1 -  1) =     -5.63378  eV     1   --> A_1  D_1       
     e(  2 -  2) =      5.33395  eV     1   --> B_2  D_2'      
     e(  3 -  4) =      5.66019  eV     2   --> E    D_5       
     e(  5 -  5) =      8.42392  eV     1   --> A_1  D_1       
     e(  6 -  7) =      9.63017  eV     2   --> E    D_5       
     e(  8 -  8) =     10.51934  eV     1   --> B_2  D_2'      

 **************************************************************************

 **************************************************************************

                    xk=(   0.00000,   0.00000,   0.30000  )

     Band symmetry, C_4v (4mm)  point group:

     e(  1 -  1) =     -5.41331  eV     1   --> A_1  D_1       
     e(  2 -  2) =      4.52659  eV     1   --> B_2  D_2'      
     e(  3 -  4) =      5.18592  eV     2   --> E    D_5       
     e(  5 -  5) =      8.05169  eV     1   --> A_1  D_1       
     e(  6 -  7) =     10.36986  eV     2   --> E    D_5       
     e(  8 -  8) =     10.70627  eV     1   --> B_2  D_2'      

 **************************************************************************

 **************************************************************************

                    xk=(   0.00000,   0.00000,   0.40000  )

     Band symmetry, C_4v (4mm)  point group:

     e(  1 -  1) =     -5.10640  eV     1   --> A_1  D_1       
     e(  2 -  2) =      3.65289  eV     1   --> B_2  D_2'      
     e(  3 -  4) =      4.72664  eV     2   --> E    D_5       
     e(  5 -  5) =      7.67243  eV     1   --> A_1  D_1       
     e(  6 -  6) =     10.13653  eV     1   --> B_2  D_2'      
     e(  7 -  8) =     11.18672  eV     2   --> E    D_5       

 **************************************************************************

 **************************************************************************

                    xk=(   0.00000,   0.00000,   0.50000  )

     Band symmetry, C_4v (4mm)  point group:

     e(  1 -  1) =     -4.71290  eV     1   --> A_1  D_1       
     e(  2 -  2) =      2.75640  eV     1   --> B_2  D_2'      
     e(  3 -  4) =      4.31613  eV     2   --> E    D_5       
     e(  5 -  5) =      7.33165  eV     1   --> A_1  D_1       
     e(  6 -  6) =      9.35477  eV     1   --> B_2  D_2'      
     e(  7 -  8) =     12.05965  eV     2   --> E    D_5       

 **************************************************************************

 **************************************************************************

                    xk=(   0.00000,   0.00000,   0.60000  )

     Band symmetry, C_4v (4mm)  point group:

     e(  1 -  1) =     -4.23582  eV     1   --> A_1  D_1       
     e(  2 -  2) =      1.85170  eV     1   --> B_2  D_2'      
     e(  3 -  4) =      3.96940  eV     2   --> E    D_5       
     e(  5 -  5) =      7.05657  eV     1   --> A_1  D_1       
     e(  6 -  6) =      8.61705  eV     1   --> B_2  D_2'      
     e(  7 -  8) =     12.96190  eV     2   --> E    D_5       

 **************************************************************************

 **************************************************************************

                    xk=(   0.00000,   0.00000,   0.70000  )

     Band symmetry, C_4v (4mm)  point group:

     e(  1 -  1) =     -3.68015  eV     1   --> A_1  D_1       
     e(  2 -  2) =      0.95016  eV     1   --> B_2  D_2'      
     e(  3 -  4) =      3.69364  eV     2   --> E    D_5       
     e(  5 -  5) =      6.86551  eV     1   --> A_1  D_1       
     e(  6 -  6) =      7.99249  eV     1   --> B_2  D_2'      
     e(  7 -  8) =     13.88574  eV     2   --> E    D_5       

 **************************************************************************

 **************************************************************************

                    xk=(   0.00000,   0.00000,   0.80000  )

     Band symmetry, C_4v (4mm)  point group:

     e(  1 -  1) =     -3.05301  eV     1   --> A_1  D_1       
     e(  2 -  2) =      0.06829  eV     1   --> B_2  D_2'      
     e(  3 -  4) =      3.49482  eV     2   --> E    D_5       
     e(  5 -  5) =      6.76573  eV     1   --> A_1  D_1       
     e(  6 -  6) =      7.49433  eV     1   --> B_2  D_2'      
     e(  7 -  8) =     14.82924  eV     2   --> E    D_5       

 **************************************************************************

 **************************************************************************

                    xk=(   0.00000,   0.00000,   0.90000  )

     Band symmetry, C_4v (4mm)  point group:

     e(  1 -  1) =     -2.35633  eV     1   --> A_1  D_1       
     e(  2 -  2) =     -0.78669  eV     1   --> B_2  D_2'      
     e(  3 -  4) =      3.37383  eV     2   --> E    D_5       
     e(  5 -  5) =      6.76919  eV     1   --> A_1  D_1       
     e(  6 -  6) =      7.12860  eV     1   --> B_2  D_2'      
     e(  7 -  8) =     15.76333  eV     2   --> E    D_5       

 **************************************************************************

 **************************************************************************

                    xk=(   0.00000,   0.00000,   1.00000  )

     zone border point and non-symmorphic group 
     symmetry decomposition not available

 **************************************************************************

 **************************************************************************

                    xk=(   0.00000,   0.00000,   0.00000  )

     point group O_h (m-3m) 
     there are 10 classes
     the character table:

       E     8C3   6C2'  6C4   3C2   i     6S4   8S6   3s_h  6s_d 
A_1g   1.00  1.00  1.00  1.00  1.00  1.00  1.00  1.00  1.00  1.00
A_2g   1.00  1.00 -1.00 -1.00  1.00  1.00 -1.00  1.00  1.00 -1.00
E_g    2.00 -1.00  0.00  0.00  2.00  2.00  0.00 -1.00  2.00  0.00
T_1g   3.00  0.00 -1.00  1.00 -1.00  3.00  1.00  0.00 -1.00 -1.00
T_2g   3.00  0.00  1.00 -1.00 -1.00  3.00 -1.00  0.00 -1.00  1.00
A_1u   1.00  1.00  1.00  1.00  1.00 -1.00 -1.00 -1.00 -1.00 -1.00
A_2u   1.00  1.00 -1.00 -1.00  1.00 -1.00  1.00 -1.00 -1.00  1.00
E_u    2.00 -1.00  0.00  0.00  2.00 -2.00  0.00  1.00 -2.00  0.00
T_1u   3.00  0.00 -1.00  1.00 -1.00 -3.00 -1.00  0.00  1.00  1.00
T_2u   3.00  0.00  1.00 -1.00 -1.00 -3.00  1.00  0.00  1.00 -1.00

     the symmetry operations in each class:
     E        1
     3C2      2    4    3
     6C2'     5    6   14   13   10    9
     6C4      7    8   15   16   12   11
     8C3     17   19   20   18   24   21   22   23
     i       25
     3s_h    26   28   27
     6s_d    29   30   38   37   34   33
     6S4     31   32   39   40   36   35
     8S6     41   43   44   42   48   45   46   47

     Band symmetry, O_h (m-3m)  point group:

     e(  1 -  1) =     -5.80995  eV     1   --> A_1g G_1   G_1+
     e(  2 -  4) =      6.25495  eV     3   --> T_2g G_25' G_5+
     e(  5 -  7) =      8.82214  eV     3   --> T_1u G_15  G_4-
     e(  8 -  8) =      9.72327  eV     1   --> A_2u G_2'  G_2-

 **************************************************************************

 **************************************************************************

                    xk=(   0.00000,   0.10000,   0.10000  )

     point group C_2v (mm2) 
     there are  4 classes
     the character table:

       E     C2    s_xz  s_yz 
A_1    1.00  1.00  1.00  1.00
A_2    1.00  1.00 -1.00 -1.00
B_1    1.00 -1.00  1.00 -1.00
B_2    1.00 -1.00 -1.00  1.00

     the symmetry operations in each class:
     E        1
     C2       2
     s_xz     3
     s_yz     4

     Band symmetry, C_2v (mm2)  point group:

     e(  1 -  1) =     -5.72186  eV     1   --> A_1  D_1  S_1  
     e(  2 -  2) =      5.51810  eV     1   --> B_2  D_4  S_4  
     e(  3 -  3) =      5.89094  eV     1   --> A_1  D_1  S_1  
     e(  4 -  4) =      6.21462  eV     1   --> A_2  D_2  S_2  
     e(  5 -  5) =      8.91354  eV     1   --> B_1  D_3  S_3  
     e(  6 -  6) =      8.98572  eV     1   --> A_1  D_1  S_1  
     e(  7 -  7) =      9.08108  eV     1   --> B_2  D_4  S_4  
     e(  8 -  8) =     10.31689  eV     1   --> B_2  D_4  S_4  

 **************************************************************************

 **************************************************************************

                    xk=(   0.00000,   0.20000,   0.20000  )

     Band symmetry, C_2v (mm2)  point group:

     e(  1 -  1) =     -5.45771  eV     1   --> A_1  D_1  S_1  
     e(  2 -  2) =      4.22381  eV     1   --> B_2  D_4  S_4  
     e(  3 -  3) =      5.05831  eV     1   --> A_1  D_1  S_1  
     e(  4 -  4) =      6.07504  eV     1   --> A_2  D_2  S_2  
     e(  5 -  5) =      9.18736  eV     1   --> B_1  D_3  S_3  
     e(  6 -  6) =      9.27879  eV     1   --> B_2  D_4  S_4  
     e(  7 -  7) =      9.36861  eV     1   --> A_1  D_1  S_1  
     e(  8 -  8) =     11.49925  eV     1   --> B_2  D_4  S_4  

 **************************************************************************

 **************************************************************************

                    xk=(   0.00000,   0.30000,   0.30000  )

     Band symmetry, C_2v (mm2)  point group:

     e(  1 -  1) =     -5.02441  eV     1   --> A_1  D_1  S_1  
     e(  2 -  2) =      2.93307  eV     1   --> B_2  D_4  S_4  
     e(  3 -  3) =      4.09229  eV     1   --> A_1  D_1  S_1  
     e(  4 -  4) =      5.80164  eV     1   --> A_2  D_2  S_2  
     e(  5 -  5) =      9.35625  eV     1   --> B_2  D_4  S_4  
     e(  6 -  6) =      9.64170  eV     1   --> B_1  D_3  S_3  
     e(  7 -  7) =      9.89661  eV     1   --> A_1  D_1  S_1  
     e(  8 -  8) =     11.91667  eV     1   --> B_2  D_4  S_4  

 **************************************************************************

 **************************************************************************

                    xk=(   0.00000,   0.40000,   0.40000  )

     Band symmetry, C_2v (mm2)  point group:

     e(  1 -  1) =     -4.43822  eV     1   --> A_1  D_1  S_1  
     e(  2 -  2) =      1.76604  eV     1   --> B_2  D_4  S_4  
     e(  3 -  3) =      3.17125  eV     1   --> A_1  D_1  S_1  
     e(  4 -  4) =      5.39172  eV     1   --> A_2  D_2  S_2  
     e(  5 -  5) =      9.16787  eV     1   --> B_2  D_4  S_4  
     e(  6 -  6) =     10.27139  eV     1   --> B_1  D_3  S_3  
     e(  7 -  7) =     10.57159  eV     1   --> A_1  D_1  S_1  
     e(  8 -  8) =     11.99761  eV     1   --> B_2  D_4  S_4  

 **************************************************************************

 **************************************************************************

                    xk=(   0.00000,   0.50000,   0.50000  )

     Band symmetry, C_2v (mm2)  point group:

     e(  1 -  1) =     -3.72770  eV     1   --> A_1  D_1  S_1  
     e(  2 -  2) =      0.75398  eV     1   --> B_2  D_4  S_4  
     e(  3 -  3) =      2.39876  eV     1   --> A_1  D_1  S_1  
     e(  4 -  4) =      4.89642  eV     1   --> A_2  D_2  S_2  
     e(  5 -  5) =      8.69317  eV     1   --> B_2  D_4  S_4  
     e(  6 -  6) =     11.07546  eV     1   --> B_1  D_3  S_3  
     e(  7 -  7) =     11.39207  eV     1   --> A_1  D_1  S_1  
     e(  8 -  8) =     12.40844  eV     1   --> B_2  D_4  S_4  

 **************************************************************************

 **************************************************************************

                    xk=(   0.00000,   0.60000,   0.60000  )

     Band symmetry, C_2v (mm2)  point group:

     e(  1 -  1) =     -2.95844  eV     1   --> A_1  D_1  S_1  
     e(  2 -  2) =     -0.08443  eV     1   --> B_2  D_4  S_4  
     e(  3 -  3) =      1.86839  eV     1   --> A_1  D_1  S_1  
     e(  4 -  4) =      4.39574  eV     1   --> A_2  D_2  S_2  
     e(  5 -  5) =      8.12624  eV     1   --> B_2  D_4  S_4  
     e(  6 -  6) =     12.04677  eV     1   --> B_1  D_3  S_3  
     e(  7 -  7) =     12.30479  eV     1   --> A_1  D_1  S_1  
     e(  8 -  8) =     13.12062  eV     1   --> B_2  D_4  S_4  

 **************************************************************************

 **************************************************************************

                    xk=(   0.00000,   0.70000,   0.70000  )

     Band symmetry, C_2v (mm2)  point group:

     e(  1 -  1) =     -2.26358  eV     1   --> A_1  D_1  S_1  
     e(  2 -  2) =     -0.74586  eV     1   --> B_2  D_4  S_4  
     e(  3 -  3) =      1.71185  eV     1   --> A_1  D_1  S_1  
     e(  4 -  4) =      3.95448  eV     1   --> A_2  D_2  S_2  
     e(  5 -  5) =      7.60991  eV     1   --> B_2  D_4  S_4  
     e(  6 -  6) =     11.39211  eV     1   --> A_1  D_1  S_1  
     e(  7 -  7) =     13.16760  eV     1   --> B_1  D_3  S_3  
     e(  8 -  8) =     13.69680  eV     1   --> A_1  D_1  S_1  

 **************************************************************************

 **************************************************************************

                    xk=(   0.00000,   0.80000,   0.80000  )

     Band symmetry, C_2v (mm2)  point group:

     e(  1 -  1) =     -1.81181  eV     1   --> A_1  D_1  S_1  
     e(  2 -  2) =     -1.21826  eV     1   --> B_2  D_4  S_4  
     e(  3 -  3) =      2.07009  eV     1   --> A_1  D_1  S_1  
     e(  4 -  4) =      3.61651  eV     1   --> A_2  D_2  S_2  
     e(  5 -  5) =      7.21660  eV     1   --> B_2  D_4  S_4  
     e(  6 -  6) =      9.38151  eV     1   --> A_1  D_1  S_1  
     e(  7 -  7) =     14.41497  eV     1   --> B_1  D_3  S_3  
     e(  8 -  8) =     15.01531  eV     1   --> B_2  D_4  S_4  

 **************************************************************************

 **************************************************************************

                    xk=(   0.00000,   0.90000,   0.90000  )

     Band symmetry, C_2v (mm2)  point group:

     e(  1 -  1) =     -1.63509  eV     1   --> A_1  D_1  S_1  
     e(  2 -  2) =     -1.50299  eV     1   --> B_2  D_4  S_4  
     e(  3 -  3) =      2.83023  eV     1   --> A_1  D_1  S_1  
     e(  4 -  4) =      3.40520  eV     1   --> A_2  D_2  S_2  
     e(  5 -  5) =      6.97112  eV     1   --> B_2  D_4  S_4  
     e(  6 -  6) =      7.68408  eV     1   --> A_1  D_1  S_1  
     e(  7 -  7) =     15.66984  eV     1   --> B_1  D_3  S_3  
     e(  8 -  8) =     15.94308  eV     1   --> B_2  D_4  S_4  

 **************************************************************************

 **************************************************************************

                    xk=(   0.00000,   1.00000,   1.00000  )

     zone border point and non-symmorphic group 
     symmetry decomposition not available

 **************************************************************************

 **************************************************************************

                    xk=(   0.00000,   0.00000,   0.00000  )

     point group O_h (m-3m) 
     there are 10 classes
     the character table:

       E     8C3   6C2'  6C4   3C2   i     6S4   8S6   3s_h  6s_d 
A_1g   1.00  1.00  1.00  1.00  1.00  1.00  1.00  1.00  1.00  1.00
A_2g   1.00  1.00 -1.00 -1.00  1.00  1.00 -1.00  1.00  1.00 -1.00
E_g    2.00 -1.00  0.00  0.00  2.00  2.00  0.00 -1.00  2.00  0.00
T_1g   3.00  0.00 -1.00  1.00 -1.00  3.00  1.00  0.00 -1.00 -1.00
T_2g   3.00  0.00  1.00 -1.00 -1.00  3.00 -1.00  0.00 -1.00  1.00
A_1u   1.00  1.00  1.00  1.00  1.00 -1.00 -1.00 -1.00 -1.00 -1.00
A_2u   1.00  1.00 -1.00 -1.00  1.00 -1.00  1.00 -1.00 -1.00  1.00
E_u    2.00 -1.00  0.00  0.00  2.00 -2.00  0.00  1.00 -2.00  0.00
T_1u   3.00  0.00 -1.00  1.00 -1.00 -3.00 -1.00  0.00  1.00  1.00
T_2u   3.00  0.00  1.00 -1.00 -1.00 -3.00  1.00  0.00  1.00 -1.00

     the symmetry operations in each class:
     E        1
     3C2      2    4    3
     6C2'     5    6   14   13   10    9
     6C4      7    8   15   16   12   11
     8C3     17   19   20   18   24   21   22   23
     i       25
     3s_h    26   28   27
     6s_d    29   30   38   37   34   33
     6S4     31   32   39   40   36   35
     8S6     41   43   44   42   48   45   46   47

     Band symmetry, O_h (m-3m)  point group:

     e(  1 -  1) =     -5.80995  eV     1   --> A_1g G_1   G_1+
     e(  2 -  4) =      6.25495  eV     3   --> T_2g G_25' G_5+
     e(  5 -  7) =      8.82214  eV     3   --> T_1u G_15  G_4-
     e(  8 -  8) =      9.72327  eV     1   --> A_2u G_2'  G_2-

 **************************************************************************

 **************************************************************************

                    xk=(   0.10000,   0.10000,   0.10000  )

     point group C_3v (3m)  
     there are  3 classes
     the character table:

       E     2C3   3s_v 
A_1    1.00  1.00  1.00
A_2    1.00  1.00 -1.00
E      2.00 -1.00  0.00

     the symmetry operations in each class:
     E        1
     2C3      2    3
     3s_v     4    5    6

     Band symmetry, C_3v (3m)   point group:

     e(  1 -  1) =     -5.67834  eV     1   --> A_1  L_1       
     e(  2 -  2) =      5.10381  eV     1   --> A_1  L_1       
     e(  3 -  4) =      6.04966  eV     2   --> E    L_3       
     e(  5 -  5) =      8.84771  eV     1   --> A_1  L_1       
     e(  6 -  7) =      9.12056  eV     2   --> E    L_3       
     e(  8 -  8) =     10.61170  eV     1   --> A_1  L_1       

 **************************************************************************

 **************************************************************************

                    xk=(   0.20000,   0.20000,   0.20000  )

     Band symmetry, C_3v (3m)   point group:

     e(  1 -  1) =     -5.28488  eV     1   --> A_1  L_1       
     e(  2 -  2) =      3.22195  eV     1   --> A_1  L_1       
     e(  3 -  4) =      5.65995  eV     2   --> E    L_3       
     e(  5 -  5) =      8.50387  eV     1   --> A_1  L_1       
     e(  6 -  7) =      9.63602  eV     2   --> E    L_3       
     e(  8 -  8) =     12.33336  eV     1   --> A_1  L_1       

 **************************************************************************

 **************************************************************************

                    xk=(   0.30000,   0.30000,   0.30000  )

     Band symmetry, C_3v (3m)   point group:

     e(  1 -  1) =     -4.65928  eV     1   --> A_1  L_1       
     e(  2 -  2) =      1.40427  eV     1   --> A_1  L_1       
     e(  3 -  4) =      5.31885  eV     2   --> E    L_3       
     e(  5 -  5) =      8.13857  eV     1   --> A_1  L_1       
     e(  6 -  7) =      9.80330  eV     2   --> E    L_3       
     e(  8 -  8) =     13.84483  eV     1   --> A_1  L_1       

 **************************************************************************

 **************************************************************************

                    xk=(   0.40000,   0.40000,   0.40000  )

     Band symmetry, C_3v (3m)   point group:

     e(  1 -  1) =     -3.89102  eV     1   --> A_1  L_1       
     e(  2 -  2) =     -0.10176  eV     1   --> A_1  L_1       
     e(  3 -  4) =      5.10248  eV     2   --> E    L_3       
     e(  5 -  5) =      7.90036  eV     1   --> A_1  L_1       
     e(  6 -  7) =      9.67894  eV     2   --> E    L_3       
     e(  8 -  8) =     13.95948  eV     1   --> A_1  L_1       

 **************************************************************************

 **************************************************************************

                    xk=(   0.50000,   0.50000,   0.50000  )

     zone border point and non-symmorphic group 
     symmetry decomposition not available

 **************************************************************************
