
     Program PHONON    v.4.1a   starts ...
     Today is 10Jul2009 at 17:34:51 

     Parallel version (MPI)

     Number of processors in use:       1

     Ultrasoft (Vanderbilt) Pseudopotentials

     Planes per process (thick) : nr3 = 27 npp =  27 ncplane =  729
     Planes per process (smooth): nr3s= 15 npps=  15 ncplanes=  225
 
     Proc/  planes cols     G    planes cols    G      columns  G
     Pool       (dense grid)       (smooth grid)      (wavefct grid)
       1     27    451     6423   15    163     1411     61      331
 

     Check: negative/imaginary core charge=   -0.000003    0.000000
     it, count:    1    0    0
         1.000000    2.000000    3.000000

     Calculation of q =    0.0000000   0.0000000   1.0000000

     Planes per process (thick) : nr3 = 27 npp =  27 ncplane =  729
     Planes per process (smooth): nr3s= 15 npps=  15 ncplanes=  225
 
     Proc/  planes cols     G    planes cols    G      columns  G
     Pool       (dense grid)       (smooth grid)      (wavefct grid)
       1     27    451     6423   15    163     1411     85      531
 


     bravais-lattice index     =            2
     lattice parameter (a_0)   =       6.6500  a.u.
     unit-cell volume          =      73.5199 (a.u.)^3
     number of atoms/cell      =            1
     number of atomic types    =            1
     number of electrons       =        10.00
     number of Kohn-Sham states=           18
     kinetic-energy cutoff     =      27.0000  Ry
     charge density cutoff     =     300.0000  Ry
     Exchange-correlation      =  SLA  PW   PBX  PBC (1434)
     Noncollinear calculation with spin-orbit


     celldm(1)=   6.650000  celldm(2)=   0.000000  celldm(3)=   0.000000
     celldm(4)=   0.000000  celldm(5)=   0.000000  celldm(6)=   0.000000

     crystal axes: (cart. coord. in units of a_0)
               a(1) = ( -0.500000  0.000000  0.500000 )  
               a(2) = (  0.000000  0.500000  0.500000 )  
               a(3) = ( -0.500000  0.500000  0.000000 )  

     reciprocal axes: (cart. coord. in units 2 pi/a_0)
               b(1) = ( -1.000000 -1.000000  1.000000 )  
               b(2) = (  1.000000  1.000000  1.000000 )  
               b(3) = ( -1.000000  1.000000 -1.000000 )  


     PseudoPot. # 1 for Ni read from file Ni.rel-pbe-nd-rrkjus.UPF
     Pseudo is Ultrasoft + core correction, Zval = 10.0
     Generated by new atomic code, or converted to UPF format
     Using radial grid of 1195 points, 10 beta functions with: 
                l(1) =   0
                l(2) =   0
                l(3) =   1
                l(4) =   1
                l(5) =   1
                l(6) =   1
                l(7) =   2
                l(8) =   2
                l(9) =   2
               l(10) =   2
     Q(r) pseudized with 0 coefficients 


     atomic species   valence    mass     pseudopotential
        Ni            10.00    58.69340     Ni( 1.00)

     16 Sym.Ops. (with inversion)


   Cartesian axes

     site n.     atom                  positions (a_0 units)
         1           Ni  tau(  1) = (   0.0000000   0.0000000   0.0000000  )

     number of k points=   64  gaussian broad. (Ry)=  0.0200     ngauss =   1
                       cart. coord. in units 2pi/a_0
        k(    1) = (  -0.1250000   0.1250000   0.1250000), wk =   0.0312500
        k(    2) = (  -0.1250000   0.1250000   1.1250000), wk =   0.0000000
        k(    3) = (  -0.3750000   0.3750000  -0.1250000), wk =   0.0312500
        k(    4) = (  -0.3750000   0.3750000   0.8750000), wk =   0.0000000
        k(    5) = (   0.3750000  -0.3750000   0.6250000), wk =   0.0312500
        k(    6) = (   0.3750000  -0.3750000   1.6250000), wk =   0.0000000
        k(    7) = (   0.1250000  -0.1250000   0.3750000), wk =   0.0312500
        k(    8) = (   0.1250000  -0.1250000   1.3750000), wk =   0.0000000
        k(    9) = (  -0.1250000   0.6250000   0.1250000), wk =   0.0312500
        k(   10) = (  -0.1250000   0.6250000   1.1250000), wk =   0.0000000
        k(   11) = (   0.6250000  -0.1250000   0.8750000), wk =   0.0312500
        k(   12) = (   0.6250000  -0.1250000   1.8750000), wk =   0.0000000
        k(   13) = (   0.3750000   0.1250000   0.6250000), wk =   0.0312500
        k(   14) = (   0.3750000   0.1250000   1.6250000), wk =   0.0000000
        k(   15) = (  -0.1250000  -0.8750000   0.1250000), wk =   0.0312500
        k(   16) = (  -0.1250000  -0.8750000   1.1250000), wk =   0.0000000
        k(   17) = (  -0.3750000   0.3750000   0.3750000), wk =   0.0312500
        k(   18) = (  -0.3750000   0.3750000   1.3750000), wk =   0.0000000
        k(   19) = (   0.3750000  -0.3750000   1.1250000), wk =   0.0312500
        k(   20) = (   0.3750000  -0.3750000   2.1250000), wk =   0.0000000
        k(   21) = (   0.3750000  -0.1250000   0.3750000), wk =   0.0312500
        k(   22) = (   0.3750000  -0.1250000   1.3750000), wk =   0.0000000
        k(   23) = (  -0.1250000  -0.3750000   0.3750000), wk =   0.0312500
        k(   24) = (  -0.1250000  -0.3750000   1.3750000), wk =   0.0000000
        k(   25) = (  -0.3750000   0.6250000  -0.3750000), wk =   0.0312500
        k(   26) = (  -0.3750000   0.6250000   0.6250000), wk =   0.0000000
        k(   27) = (   0.6250000   0.3750000  -0.3750000), wk =   0.0312500
        k(   28) = (   0.6250000   0.3750000   0.6250000), wk =   0.0000000
        k(   29) = (  -0.1250000   0.3750000  -0.1250000), wk =   0.0312500
        k(   30) = (  -0.1250000   0.3750000   0.8750000), wk =   0.0000000
        k(   31) = (   0.3750000   0.1250000  -0.1250000), wk =   0.0312500
        k(   32) = (   0.3750000   0.1250000   0.8750000), wk =   0.0000000
        k(   33) = (   0.1250000   0.1250000   0.6250000), wk =   0.0312500
        k(   34) = (   0.1250000   0.1250000   1.6250000), wk =   0.0000000
        k(   35) = (   0.6250000   0.1250000  -0.1250000), wk =   0.0312500
        k(   36) = (   0.6250000   0.1250000   0.8750000), wk =   0.0000000
        k(   37) = (  -0.6250000   0.8750000  -0.1250000), wk =   0.0312500
        k(   38) = (  -0.6250000   0.8750000   0.8750000), wk =   0.0000000
        k(   39) = (  -0.1250000   0.8750000   0.6250000), wk =   0.0312500
        k(   40) = (  -0.1250000   0.8750000   1.6250000), wk =   0.0000000
        k(   41) = (   0.8750000   0.6250000  -0.1250000), wk =   0.0312500
        k(   42) = (   0.8750000   0.6250000   0.8750000), wk =   0.0000000
        k(   43) = (   0.8750000   0.1250000   0.6250000), wk =   0.0312500
        k(   44) = (   0.8750000   0.1250000   1.6250000), wk =   0.0000000
        k(   45) = (   0.1250000  -0.6250000   0.8750000), wk =   0.0312500
        k(   46) = (   0.1250000  -0.6250000   1.8750000), wk =   0.0000000
        k(   47) = (  -0.3750000   0.6250000   0.1250000), wk =   0.0312500
        k(   48) = (  -0.3750000   0.6250000   1.1250000), wk =   0.0000000
        k(   49) = (   0.1250000   0.6250000   0.3750000), wk =   0.0312500
        k(   50) = (   0.1250000   0.6250000   1.3750000), wk =   0.0000000
        k(   51) = (   0.6250000   0.3750000   0.1250000), wk =   0.0312500
        k(   52) = (   0.6250000   0.3750000   1.1250000), wk =   0.0000000
        k(   53) = (   0.6250000  -0.1250000   0.3750000), wk =   0.0312500
        k(   54) = (   0.6250000  -0.1250000   1.3750000), wk =   0.0000000
        k(   55) = (  -0.1250000  -0.3750000   0.6250000), wk =   0.0312500
        k(   56) = (  -0.1250000  -0.3750000   1.6250000), wk =   0.0000000
        k(   57) = (   0.1250000   0.1250000  -0.8750000), wk =   0.0312500
        k(   58) = (   0.1250000   0.1250000   0.1250000), wk =   0.0000000
        k(   59) = (  -0.8750000   0.1250000  -0.1250000), wk =   0.0312500
        k(   60) = (  -0.8750000   0.1250000   0.8750000), wk =   0.0000000
        k(   61) = (  -0.3750000   1.1250000  -0.3750000), wk =   0.0312500
        k(   62) = (  -0.3750000   1.1250000   0.6250000), wk =   0.0000000
        k(   63) = (   1.1250000   0.3750000  -0.3750000), wk =   0.0312500
        k(   64) = (   1.1250000   0.3750000   0.6250000), wk =   0.0000000

     G cutoff =  336.0507  (   6423 G-vectors)     FFT grid: ( 27, 27, 27)
     G cutoff =  120.9783  (   1411 G-vectors)  smooth grid: ( 15, 15, 15)

     Largest allocated arrays     est. size (Mb)     dimensions
        Kohn-Sham Wavefunctions         0.10 Mb     (    358,  18)
        NL pseudopotentials             0.09 Mb     (    179,  34)
        Each V/rho on FFT grid          0.30 Mb     (  19683)
        Each G-vector array             0.05 Mb     (   6423)
        G-vector shells                 0.00 Mb     (    115)
     Largest temporary arrays     est. size (Mb)     dimensions
        Auxiliary wavefunctions         0.39 Mb     (    358,  72)
        Each subspace H/S matrix        0.08 Mb     (     72,  72)
        Each <psi_i|beta_j> matrix      0.02 Mb     (     34,   2,  18)

     Check: negative/imaginary core charge=   -0.000003    0.000000

     The potential is recalculated from file :
     /home/dalcorso/tmp/_phni_so.save/charge-density.dat

     it, count:    1    0    0
         1.000000    2.000000    3.000000
     Starting wfc are   12 atomic +    6 random wfc

     total cpu time spent up to now is      2.21 secs

     per-process dynamical memory:    19.4 Mb

     Band Structure Calculation
     Davidson diagonalization with overlap

     ethr =  1.00E-10,  avg # of iterations = 14.1

     total cpu time spent up to now is     13.17 secs

     End of band structure calculation

          k =-0.1250 0.1250 0.1250     band energies (ev):

     5.8323   5.8729  11.5982  11.8247  11.8946  12.4177  12.6612  12.7476
    12.9094  12.9418  13.5967  13.6200  35.2134  35.2379  38.9927  39.1152
    41.0015  41.0228

          k =-0.1250 0.1250 1.1250     band energies (ev):

     9.7937  10.1909  10.2094  10.8864  12.8999  13.3325  13.6225  13.6923
    14.1142  14.5808  16.8019  17.0434  24.9879  25.1854  26.3846  26.4794
    30.0971  30.1146

          k =-0.3750 0.3750-0.1250     band energies (ev):

     8.5814   8.6280  11.2753  11.8474  11.9784  12.1582  12.5833  12.8003
    12.9379  13.5830  13.7286  14.4999  27.1135  27.2800  32.6486  32.7158
    39.6127  39.6736

          k =-0.3750 0.3750 0.8750     band energies (ev):

    10.3886  10.9612  11.0351  11.4995  11.5970  12.2623  12.5476  13.2341
    13.3268  14.2139  17.7735  18.1098  21.2530  21.5428  27.2453  27.3741
    34.3382  34.4027

          k = 0.3750-0.3750 0.6250     band energies (ev):

     9.6835  10.1793  11.5342  11.9965  12.1409  12.2292  12.7435  12.8073
    13.5962  14.4650  15.5043  15.8936  20.5193  20.9038  33.7437  33.7518
    36.0312  36.1014

          k = 0.3750-0.3750 1.6250     band energies (ev):

     9.0595   9.3334  11.7983  11.8983  12.3472  12.5510  12.6464  12.6732
    13.3572  13.4110  14.2020  14.2515  23.0170  23.2907  36.9062  37.0619
    39.1983  39.2476

          k = 0.1250-0.1250 0.3750     band energies (ev):

     7.3413   7.3666  11.2034  11.9714  12.0394  12.1829  12.7044  12.8448
    13.0269  13.1833  13.4940  13.9257  31.2736  31.3753  36.2547  36.3334
    36.7629  36.8199

          k = 0.1250-0.1250 1.3750     band energies (ev):

     9.3950   9.5452  10.6077  11.3311  12.0688  12.6597  12.7891  13.5004
    13.5840  13.8259  14.3261  14.5243  28.1627  28.2800  31.5040  31.5739
    32.3431  32.3984

          k =-0.1250 0.6250 0.1250     band energies (ev):

     9.3951   9.5451  10.6079  11.3310  12.0688  12.6597  12.7891  13.5004
    13.5840  13.8257  14.3261  14.5245  28.1627  28.2800  31.5040  31.5738
    32.3433  32.3982

          k =-0.1250 0.6250 1.1250     band energies (ev):

    10.4048  10.6650  10.8794  11.3120  11.6558  12.3340  12.9529  13.5516
    13.6576  14.5059  19.0547  19.3251  22.3395  22.5391  26.0192  26.1742
    28.3203  28.4163

          k = 0.6250-0.1250 0.8750     band energies (ev):

    10.4044  10.6647  10.8803  11.3124  11.6548  12.3334  12.9546  13.5577
    13.6511  14.5059  19.0542  19.3254  22.3394  22.5392  26.0191  26.1741
    28.3203  28.4164

          k = 0.6250-0.1250 1.8750     band energies (ev):

     9.3951   9.5451  10.6071  11.3319  12.0706  12.6488  12.7994  13.4883
    13.6000  13.8173  14.3338  14.5202  28.1626  28.2801  31.5044  31.5735
    32.3435  32.3980

          k = 0.3750 0.1250 0.6250     band energies (ev):

    10.0297  10.3509  11.0778  11.4490  11.6720  12.1385  12.5390  13.2327
    13.2995  14.1288  15.3390  15.9197  24.1053  24.3122  29.7610  29.8515
    32.9031  32.9746

          k = 0.3750 0.1250 1.6250     band energies (ev):

     8.5813   8.6281  11.2754  11.8473  11.9784  12.1582  12.5834  12.8003
    12.9379  13.5831  13.7287  14.4997  27.1134  27.2801  32.6488  32.7156
    39.6128  39.6735

          k =-0.1250-0.8750 0.1250     band energies (ev):

     9.7937  10.1911  10.2093  10.8862  12.8998  13.3326  13.6226  13.6923
    14.1141  14.5808  16.8017  17.0436  24.9881  25.1852  26.3846  26.4794
    30.0972  30.1144

          k =-0.1250-0.8750 1.1250     band energies (ev):

     9.7944  10.1902  10.2092  10.8868  12.8993  13.3334  13.6450  13.6651
    14.1191  14.5799  16.8021  17.0434  24.9885  25.1851  26.3847  26.4793
    30.0972  30.1145

          k =-0.3750 0.3750 0.3750     band energies (ev):

     9.0595   9.3334  11.7983  11.8983  12.3472  12.5510  12.6464  12.6732
    13.3572  13.4110  14.2020  14.2515  23.0170  23.2907  36.9062  37.0619
    39.1983  39.2476

          k =-0.3750 0.3750 1.3750     band energies (ev):

     9.6835  10.1793  11.5342  11.9965  12.1409  12.2292  12.7435  12.8073
    13.5962  14.4650  15.5043  15.8936  20.5193  20.9038  33.7437  33.7518
    36.0312  36.1014

          k = 0.3750-0.3750 1.1250     band energies (ev):

    10.3886  10.9612  11.0351  11.4995  11.5970  12.2623  12.5476  13.2341
    13.3268  14.2139  17.7735  18.1098  21.2530  21.5428  27.2453  27.3741
    34.3382  34.4027

          k = 0.3750-0.3750 2.1250     band energies (ev):

     8.5814   8.6280  11.2753  11.8474  11.9784  12.1582  12.5833  12.8003
    12.9379  13.5830  13.7286  14.4999  27.1135  27.2800  32.6486  32.7158
    39.6127  39.6736

          k = 0.3750-0.1250 0.3750     band energies (ev):

     8.5814   8.6280  11.2753  11.8474  11.9784  12.1582  12.5834  12.8003
    12.9378  13.5831  13.7286  14.4998  27.1134  27.2801  32.6488  32.7156
    39.6128  39.6734

          k = 0.3750-0.1250 1.3750     band energies (ev):

    10.0298  10.3508  11.0777  11.4488  11.6721  12.1387  12.5390  13.2326
    13.2994  14.1289  15.3391  15.9196  24.1053  24.3122  29.7611  29.8515
    32.9034  32.9744

          k =-0.1250-0.3750 0.3750     band energies (ev):

     8.5813   8.6281  11.2756  11.8482  11.9781  12.1578  12.5816  12.7942
    12.9456  13.5897  13.7211  14.5003  27.1135  27.2801  32.6487  32.7157
    39.6132  39.6730

          k =-0.1250-0.3750 1.3750     band energies (ev):

    10.0297  10.3509  11.0775  11.4511  11.6703  12.1391  12.5373  13.2390
    13.2941  14.1288  15.3392  15.9195  24.1055  24.3122  29.7611  29.8515
    32.9032  32.9746

          k =-0.3750 0.6250-0.3750     band energies (ev):

     9.6835  10.1793  11.5341  11.9966  12.1410  12.2293  12.7434  12.8072
    13.5962  14.4650  15.5043  15.8936  20.5193  20.9037  33.7439  33.7516
    36.0312  36.1015

          k =-0.3750 0.6250 0.6250     band energies (ev):

     9.6833  10.1794  11.5371  11.9744  12.1582  12.2407  12.7079  12.8333
    13.5959  14.4649  15.5050  15.8933  20.5192  20.9038  33.7439  33.7517
    36.0314  36.1012

          k = 0.6250 0.3750-0.3750     band energies (ev):

     9.6833  10.1795  11.5371  11.9745  12.1583  12.2407  12.7079  12.8333
    13.5960  14.4649  15.5051  15.8932  20.5191  20.9038  33.7439  33.7517
    36.0314  36.1012

          k = 0.6250 0.3750 0.6250     band energies (ev):

     9.6834  10.1794  11.5342  11.9965  12.1409  12.2293  12.7435  12.8072
    13.5962  14.4650  15.5044  15.8935  20.5192  20.9038  33.7438  33.7517
    36.0313  36.1013

          k =-0.1250 0.3750-0.1250     band energies (ev):

     7.3412   7.3667  11.2035  11.9712  12.0393  12.1828  12.7045  12.8449
    13.0269  13.1834  13.4940  13.9257  31.2736  31.3753  36.2548  36.3333
    36.7630  36.8198

          k =-0.1250 0.3750 0.8750     band energies (ev):

    10.4045  10.6646  10.8810  11.3111  11.6547  12.3357  12.9521  13.5539
    13.6557  14.5059  19.0546  19.3250  22.3395  22.5392  26.0189  26.1742
    28.3204  28.4164

          k = 0.3750 0.1250-0.1250     band energies (ev):

     7.3413   7.3665  11.2027  11.9741  12.0391  12.1833  12.6878  12.8719
    13.0153  13.1782  13.4993  13.9245  31.2735  31.3754  36.2549  36.3331
    36.7632  36.8197

          k = 0.3750 0.1250 0.8750     band energies (ev):

    10.4041  10.6647  10.8804  11.3125  11.6549  12.3332  12.9546  13.5577
    13.6511  14.5059  19.0545  19.3252  22.3393  22.5393  26.0188  26.1744
    28.3205  28.4162

          k = 0.1250 0.1250 0.6250     band energies (ev):

     9.3950   9.5452  10.6078  11.3311  12.0691  12.6596  12.7889  13.5004
    13.5841  13.8258  14.3261  14.5244  28.1626  28.2801  31.5038  31.5740
    32.3433  32.3983

          k = 0.1250 0.1250 1.6250     band energies (ev):

     7.3413   7.3666  11.2034  11.9713  12.0393  12.1829  12.7046  12.8450
    13.0269  13.1833  13.4938  13.9257  31.2735  31.3753  36.2548  36.3333
    36.7631  36.8197

          k = 0.6250 0.1250-0.1250     band energies (ev):

     9.3952   9.5451  10.6071  11.3319  12.0705  12.6489  12.7994  13.4883
    13.6000  13.8173  14.3338  14.5201  28.1626  28.2801  31.5045  31.5735
    32.3436  32.3979

          k = 0.6250 0.1250 0.8750     band energies (ev):

    10.4044  10.6647  10.8803  11.3124  11.6547  12.3334  12.9546  13.5577
    13.6510  14.5059  19.0543  19.3253  22.3393  22.5392  26.0190  26.1741
    28.3203  28.4164

          k =-0.6250 0.8750-0.1250     band energies (ev):

    10.4042  10.6647  10.8804  11.3125  11.6549  12.3332  12.9546  13.5577
    13.6511  14.5059  19.0545  19.3252  22.3393  22.5393  26.0188  26.1744
    28.3205  28.4162

          k =-0.6250 0.8750 0.8750     band energies (ev):

     7.3413   7.3666  11.2027  11.9741  12.0392  12.1833  12.6877  12.8718
    13.0153  13.1782  13.4993  13.9245  31.2735  31.3754  36.2548  36.3332
    36.7630  36.8198

          k =-0.1250 0.8750 0.6250     band energies (ev):

    10.4047  10.6650  10.8795  11.3120  11.6558  12.3339  12.9530  13.5516
    13.6575  14.5059  19.0548  19.3251  22.3393  22.5393  26.0192  26.1742
    28.3206  28.4161

          k =-0.1250 0.8750 1.6250     band energies (ev):

    10.4045  10.6647  10.8810  11.3110  11.6547  12.3357  12.9522  13.5538
    13.6556  14.5059  19.0543  19.3253  22.3395  22.5392  26.0191  26.1741
    28.3205  28.4162

          k = 0.8750 0.6250-0.1250     band energies (ev):

    10.4044  10.6647  10.8810  11.3111  11.6548  12.3356  12.9521  13.5539
    13.6557  14.5059  19.0546  19.3250  22.3395  22.5392  26.0189  26.1743
    28.3205  28.4163

          k = 0.8750 0.6250 0.8750     band energies (ev):

     7.3413   7.3666  11.2035  11.9712  12.0393  12.1828  12.7044  12.8450
    13.0270  13.1834  13.4940  13.9257  31.2736  31.3753  36.2548  36.3332
    36.7631  36.8197

          k = 0.8750 0.1250 0.6250     band energies (ev):

    10.4045  10.6648  10.8810  11.3110  11.6547  12.3357  12.9521  13.5538
    13.6557  14.5059  19.0544  19.3252  22.3394  22.5393  26.0191  26.1740
    28.3205  28.4162

          k = 0.8750 0.1250 1.6250     band energies (ev):

    10.4047  10.6650  10.8795  11.3120  11.6558  12.3339  12.9530  13.5516
    13.6575  14.5059  19.0548  19.3250  22.3392  22.5393  26.0192  26.1741
    28.3206  28.4161

          k = 0.1250-0.6250 0.8750     band energies (ev):

    10.4048  10.6650  10.8794  11.3120  11.6558  12.3340  12.9529  13.5516
    13.6576  14.5059  19.0547  19.3251  22.3395  22.5391  26.0192  26.1742
    28.3203  28.4163

          k = 0.1250-0.6250 1.8750     band energies (ev):

     9.3951   9.5451  10.6079  11.3310  12.0688  12.6597  12.7891  13.5004
    13.5840  13.8257  14.3261  14.5245  28.1627  28.2800  31.5040  31.5738
    32.3433  32.3982

          k =-0.3750 0.6250 0.1250     band energies (ev):

    10.0298  10.3508  11.0779  11.4488  11.6719  12.1387  12.5390  13.2326
    13.2994  14.1289  15.3389  15.9198  24.1054  24.3122  29.7610  29.8515
    32.9034  32.9744

          k =-0.3750 0.6250 1.1250     band energies (ev):

    10.0299  10.3506  11.0771  11.4510  11.6709  12.1395  12.5364  13.2474
    13.2856  14.1290  15.3396  15.9195  24.1055  24.3121  29.7609  29.8517
    32.9035  32.9744

          k = 0.1250 0.6250 0.3750     band energies (ev):

    10.0298  10.3508  11.0774  11.4510  11.6704  12.1391  12.5373  13.2390
    13.2942  14.1288  15.3391  15.9196  24.1055  24.3122  29.7612  29.8515
    32.9033  32.9744

          k = 0.1250 0.6250 1.3750     band energies (ev):

    10.3882  10.9598  11.0392  11.4902  11.6039  12.2657  12.5443  13.2250
    13.3363  14.2135  17.7736  18.1097  21.2531  21.5428  27.2454  27.3741
    34.3384  34.4025

          k = 0.6250 0.3750 0.1250     band energies (ev):

    10.0299  10.3506  11.0772  11.4509  11.6709  12.1396  12.5364  13.2473
    13.2856  14.1290  15.3397  15.9194  24.1055  24.3121  29.7608  29.8517
    32.9036  32.9743

          k = 0.6250 0.3750 1.1250     band energies (ev):

    10.0297  10.3509  11.0780  11.4487  11.6719  12.1388  12.5391  13.2326
    13.2994  14.1289  15.3390  15.9197  24.1054  24.3122  29.7610  29.8516
    32.9034  32.9744

          k = 0.6250-0.1250 0.3750     band energies (ev):

    10.0299  10.3506  11.0771  11.4510  11.6709  12.1395  12.5364  13.2473
    13.2856  14.1290  15.3396  15.9195  24.1054  24.3122  29.7611  29.8514
    32.9035  32.9744

          k = 0.6250-0.1250 1.3750     band energies (ev):

    10.3886  10.9611  11.0350  11.4995  11.5970  12.2624  12.5477  13.2340
    13.3268  14.2140  17.7735  18.1098  21.2529  21.5429  27.2454  27.3740
    34.3382  34.4026

          k =-0.1250-0.3750 0.6250     band energies (ev):

    10.0297  10.3509  11.0774  11.4511  11.6704  12.1390  12.5372  13.2391
    13.2942  14.1287  15.3392  15.9195  24.1055  24.3122  29.7610  29.8516
    32.9032  32.9745

          k =-0.1250-0.3750 1.6250     band energies (ev):

     8.5814   8.6281  11.2756  11.8482  11.9781  12.1580  12.5816  12.7941
    12.9455  13.5898  13.7211  14.5003  27.1134  27.2801  32.6488  32.7156
    39.6132  39.6730

          k = 0.1250 0.1250-0.8750     band energies (ev):

     9.7937  10.1909  10.2094  10.8863  12.8999  13.3326  13.6225  13.6923
    14.1142  14.5808  16.8019  17.0433  24.9880  25.1853  26.3846  26.4795
    30.0972  30.1145

          k = 0.1250 0.1250 0.1250     band energies (ev):

     5.8323   5.8729  11.5983  11.8247  11.8946  12.4177  12.6611  12.7476
    12.9093  12.9418  13.5967  13.6200  35.2134  35.2379  38.9927  39.1151
    41.0010  41.0235

          k =-0.8750 0.1250-0.1250     band energies (ev):

     9.7943  10.1902  10.2092  10.8868  12.8993  13.3334  13.6450  13.6651
    14.1191  14.5799  16.8021  17.0434  24.9885  25.1850  26.3846  26.4794
    30.0973  30.1144

          k =-0.8750 0.1250 0.8750     band energies (ev):

     9.7937  10.1911  10.2093  10.8862  12.8998  13.3326  13.6226  13.6923
    14.1141  14.5809  16.8016  17.0436  24.9882  25.1851  26.3846  26.4795
    30.0972  30.1145

          k =-0.3750 1.1250-0.3750     band energies (ev):

    10.3887  10.9610  11.0350  11.4995  11.5970  12.2624  12.5476  13.2341
    13.3269  14.2139  17.7735  18.1098  21.2529  21.5429  27.2454  27.3740
    34.3382  34.4027

          k =-0.3750 1.1250 0.6250     band energies (ev):

    10.0298  10.3507  11.0772  11.4510  11.6709  12.1395  12.5363  13.2475
    13.2857  14.1290  15.3398  15.9194  24.1053  24.3122  29.7611  29.8515
    32.9035  32.9744

          k = 1.1250 0.3750-0.3750     band energies (ev):

    10.3883  10.9597  11.0391  11.4902  11.6038  12.2657  12.5444  13.2249
    13.3362  14.2136  17.7734  18.1098  21.2532  21.5427  27.2455  27.3741
    34.3383  34.4026

          k = 1.1250 0.3750 0.6250     band energies (ev):

    10.0298  10.3508  11.0775  11.4511  11.6704  12.1390  12.5373  13.2391
    13.2941  14.1288  15.3391  15.9196  24.1055  24.3121  29.7610  29.8516
    32.9034  32.9744

     the Fermi energy is    14.2816 ev

     Writing output data file ni_so.save

     Fixed quantization axis for GGA:     1.000000    0.000000    0.000000
     it, count:    1    0    0
         1.000000    2.000000    3.000000

                                                                                

     bravais-lattice index     =            2
     lattice parameter (a_0)   =       6.6500  a.u.
     unit-cell volume          =      73.5199 (a.u.)^3
     number of atoms/cell      =            1
     number of atomic types    =            1
     kinetic-energy cut-off    =      27.0000  Ry
     charge density cut-off    =     300.0000  Ry
     convergence threshold     =      1.0E-14
     beta                      =       0.7000
     number of iterations used =            4
     Exchange-correlation      =  SLA  PW   PBX  PBC (1434)
     Noncollinear calculation with spin-orbit

     celldm(1)=    6.65000  celldm(2)=    0.00000  celldm(3)=    0.00000
     celldm(4)=    0.00000  celldm(5)=    0.00000  celldm(6)=    0.00000

     crystal axes: (cart. coord. in units of a_0)
               a(1) = ( -0.5000  0.0000  0.5000 )  
               a(2) = (  0.0000  0.5000  0.5000 )  
               a(3) = ( -0.5000  0.5000  0.0000 )  

     reciprocal axes: (cart. coord. in units 2 pi/a_0)
               b(1) = ( -1.0000 -1.0000  1.0000 )  
               b(2) = (  1.0000  1.0000  1.0000 )  
               b(3) = ( -1.0000  1.0000 -1.0000 )  


     Atoms inside the unit cell: 

   Cartesian axes

     site n.  atom      mass           positions (a_0 units)
        1        Ni  58.6934   tau( 1) = (    0.00000    0.00000    0.00000  )

     Computing dynamical matrix for 
                    q = (   0.0000000   0.0000000   1.0000000 )
 
      8 Sym.Ops. (no q -> -q+G )


     G cutoff =  336.0507  (   6423 G-vectors)     FFT grid: ( 27, 27, 27)
     G cutoff =  120.9783  (   1411 G-vectors)  smooth grid: ( 15, 15, 15)
     number of k points=   64  gaussian broad. (Ry)=  0.0200     ngauss =   1
                       cart. coord. in units 2pi/a_0
        k(    1) = (  -0.1250000   0.1250000   0.1250000), wk =   0.0312500
        k(    2) = (  -0.1250000   0.1250000   1.1250000), wk =   0.0000000
        k(    3) = (  -0.3750000   0.3750000  -0.1250000), wk =   0.0312500
        k(    4) = (  -0.3750000   0.3750000   0.8750000), wk =   0.0000000
        k(    5) = (   0.3750000  -0.3750000   0.6250000), wk =   0.0312500
        k(    6) = (   0.3750000  -0.3750000   1.6250000), wk =   0.0000000
        k(    7) = (   0.1250000  -0.1250000   0.3750000), wk =   0.0312500
        k(    8) = (   0.1250000  -0.1250000   1.3750000), wk =   0.0000000
        k(    9) = (  -0.1250000   0.6250000   0.1250000), wk =   0.0312500
        k(   10) = (  -0.1250000   0.6250000   1.1250000), wk =   0.0000000
        k(   11) = (   0.6250000  -0.1250000   0.8750000), wk =   0.0312500
        k(   12) = (   0.6250000  -0.1250000   1.8750000), wk =   0.0000000
        k(   13) = (   0.3750000   0.1250000   0.6250000), wk =   0.0312500
        k(   14) = (   0.3750000   0.1250000   1.6250000), wk =   0.0000000
        k(   15) = (  -0.1250000  -0.8750000   0.1250000), wk =   0.0312500
        k(   16) = (  -0.1250000  -0.8750000   1.1250000), wk =   0.0000000
        k(   17) = (  -0.3750000   0.3750000   0.3750000), wk =   0.0312500
        k(   18) = (  -0.3750000   0.3750000   1.3750000), wk =   0.0000000
        k(   19) = (   0.3750000  -0.3750000   1.1250000), wk =   0.0312500
        k(   20) = (   0.3750000  -0.3750000   2.1250000), wk =   0.0000000
        k(   21) = (   0.3750000  -0.1250000   0.3750000), wk =   0.0312500
        k(   22) = (   0.3750000  -0.1250000   1.3750000), wk =   0.0000000
        k(   23) = (  -0.1250000  -0.3750000   0.3750000), wk =   0.0312500
        k(   24) = (  -0.1250000  -0.3750000   1.3750000), wk =   0.0000000
        k(   25) = (  -0.3750000   0.6250000  -0.3750000), wk =   0.0312500
        k(   26) = (  -0.3750000   0.6250000   0.6250000), wk =   0.0000000
        k(   27) = (   0.6250000   0.3750000  -0.3750000), wk =   0.0312500
        k(   28) = (   0.6250000   0.3750000   0.6250000), wk =   0.0000000
        k(   29) = (  -0.1250000   0.3750000  -0.1250000), wk =   0.0312500
        k(   30) = (  -0.1250000   0.3750000   0.8750000), wk =   0.0000000
        k(   31) = (   0.3750000   0.1250000  -0.1250000), wk =   0.0312500
        k(   32) = (   0.3750000   0.1250000   0.8750000), wk =   0.0000000
        k(   33) = (   0.1250000   0.1250000   0.6250000), wk =   0.0312500
        k(   34) = (   0.1250000   0.1250000   1.6250000), wk =   0.0000000
        k(   35) = (   0.6250000   0.1250000  -0.1250000), wk =   0.0312500
        k(   36) = (   0.6250000   0.1250000   0.8750000), wk =   0.0000000
        k(   37) = (  -0.6250000   0.8750000  -0.1250000), wk =   0.0312500
        k(   38) = (  -0.6250000   0.8750000   0.8750000), wk =   0.0000000
        k(   39) = (  -0.1250000   0.8750000   0.6250000), wk =   0.0312500
        k(   40) = (  -0.1250000   0.8750000   1.6250000), wk =   0.0000000
        k(   41) = (   0.8750000   0.6250000  -0.1250000), wk =   0.0312500
        k(   42) = (   0.8750000   0.6250000   0.8750000), wk =   0.0000000
        k(   43) = (   0.8750000   0.1250000   0.6250000), wk =   0.0312500
        k(   44) = (   0.8750000   0.1250000   1.6250000), wk =   0.0000000
        k(   45) = (   0.1250000  -0.6250000   0.8750000), wk =   0.0312500
        k(   46) = (   0.1250000  -0.6250000   1.8750000), wk =   0.0000000
        k(   47) = (  -0.3750000   0.6250000   0.1250000), wk =   0.0312500
        k(   48) = (  -0.3750000   0.6250000   1.1250000), wk =   0.0000000
        k(   49) = (   0.1250000   0.6250000   0.3750000), wk =   0.0312500
        k(   50) = (   0.1250000   0.6250000   1.3750000), wk =   0.0000000
        k(   51) = (   0.6250000   0.3750000   0.1250000), wk =   0.0312500
        k(   52) = (   0.6250000   0.3750000   1.1250000), wk =   0.0000000
        k(   53) = (   0.6250000  -0.1250000   0.3750000), wk =   0.0312500
        k(   54) = (   0.6250000  -0.1250000   1.3750000), wk =   0.0000000
        k(   55) = (  -0.1250000  -0.3750000   0.6250000), wk =   0.0312500
        k(   56) = (  -0.1250000  -0.3750000   1.6250000), wk =   0.0000000
        k(   57) = (   0.1250000   0.1250000  -0.8750000), wk =   0.0312500
        k(   58) = (   0.1250000   0.1250000   0.1250000), wk =   0.0000000
        k(   59) = (  -0.8750000   0.1250000  -0.1250000), wk =   0.0312500
        k(   60) = (  -0.8750000   0.1250000   0.8750000), wk =   0.0000000
        k(   61) = (  -0.3750000   1.1250000  -0.3750000), wk =   0.0312500
        k(   62) = (  -0.3750000   1.1250000   0.6250000), wk =   0.0000000
        k(   63) = (   1.1250000   0.3750000  -0.3750000), wk =   0.0312500
        k(   64) = (   1.1250000   0.3750000   0.6250000), wk =   0.0000000

     PseudoPot. # 1 for Ni read from file Ni.rel-pbe-nd-rrkjus.UPF
     Pseudo is Ultrasoft + core correction, Zval = 10.0
     Generated by new atomic code, or converted to UPF format
     Using radial grid of 1195 points, 10 beta functions with: 
                l(1) =   0
                l(2) =   0
                l(3) =   1
                l(4) =   1
                l(5) =   1
                l(6) =   1
                l(7) =   2
                l(8) =   2
                l(9) =   2
               l(10) =   2
     Q(r) pseudized with 0 coefficients 



     Atomic displacements:
     There are   3 irreducible representations

     Representation     1      1 modes -B_1u To be done

     Representation     2      1 modes -B_2u To be done

     Representation     3      1 modes -B_3u To be done
     PHONON       :    29.30s CPU time,   29.56s wall time


     Alpha used in Ewald sum =   2.8000
     it, count:    1    0    0
         1.000000    2.000000    3.000000


     Representation #  1 mode #   1

     Self-consistent Calculation

      iter #   1 total cpu time :    33.3 secs   av.it.:   5.2
      thresh= 0.100E-01 alpha_mix =  0.700 |ddv_scf|^2 =  0.581E-04

      iter #   2 total cpu time :    36.3 secs   av.it.:   8.6
      thresh= 0.762E-03 alpha_mix =  0.700 |ddv_scf|^2 =  0.334E-04

      iter #   3 total cpu time :    39.3 secs   av.it.:   7.9
      thresh= 0.578E-03 alpha_mix =  0.700 |ddv_scf|^2 =  0.331E-08

      iter #   4 total cpu time :    42.2 secs   av.it.:   8.2
      thresh= 0.576E-05 alpha_mix =  0.700 |ddv_scf|^2 =  0.428E-10

      iter #   5 total cpu time :    45.1 secs   av.it.:   7.7
      thresh= 0.655E-06 alpha_mix =  0.700 |ddv_scf|^2 =  0.133E-11

      iter #   6 total cpu time :    48.0 secs   av.it.:   7.9
      thresh= 0.115E-06 alpha_mix =  0.700 |ddv_scf|^2 =  0.248E-13

      iter #   7 total cpu time :    51.0 secs   av.it.:   8.2
      thresh= 0.157E-07 alpha_mix =  0.700 |ddv_scf|^2 =  0.454E-15

     End of self-consistent calculation

     Convergence has been achieved 


     Representation #  2 mode #   2

     Self-consistent Calculation

      iter #   1 total cpu time :    53.8 secs   av.it.:   4.6
      thresh= 0.100E-01 alpha_mix =  0.700 |ddv_scf|^2 =  0.688E-05

      iter #   2 total cpu time :    56.8 secs   av.it.:   8.6
      thresh= 0.262E-03 alpha_mix =  0.700 |ddv_scf|^2 =  0.255E-06

      iter #   3 total cpu time :    59.9 secs   av.it.:   8.6
      thresh= 0.505E-04 alpha_mix =  0.700 |ddv_scf|^2 =  0.106E-08

      iter #   4 total cpu time :    62.8 secs   av.it.:   8.1
      thresh= 0.326E-05 alpha_mix =  0.700 |ddv_scf|^2 =  0.404E-11

      iter #   5 total cpu time :    65.7 secs   av.it.:   7.8
      thresh= 0.201E-06 alpha_mix =  0.700 |ddv_scf|^2 =  0.241E-12

      iter #   6 total cpu time :    68.7 secs   av.it.:   8.1
      thresh= 0.491E-07 alpha_mix =  0.700 |ddv_scf|^2 =  0.146E-13

      iter #   7 total cpu time :    71.7 secs   av.it.:   8.2
      thresh= 0.121E-07 alpha_mix =  0.700 |ddv_scf|^2 =  0.114E-15

     End of self-consistent calculation

     Convergence has been achieved 


     Representation #  3 mode #   3

     Self-consistent Calculation

      iter #   1 total cpu time :    74.5 secs   av.it.:   4.5
      thresh= 0.100E-01 alpha_mix =  0.700 |ddv_scf|^2 =  0.688E-05

      iter #   2 total cpu time :    77.5 secs   av.it.:   8.6
      thresh= 0.262E-03 alpha_mix =  0.700 |ddv_scf|^2 =  0.255E-06

      iter #   3 total cpu time :    80.6 secs   av.it.:   8.5
      thresh= 0.505E-04 alpha_mix =  0.700 |ddv_scf|^2 =  0.107E-08

      iter #   4 total cpu time :    83.5 secs   av.it.:   8.1
      thresh= 0.328E-05 alpha_mix =  0.700 |ddv_scf|^2 =  0.486E-11

      iter #   5 total cpu time :    86.4 secs   av.it.:   7.8
      thresh= 0.220E-06 alpha_mix =  0.700 |ddv_scf|^2 =  0.311E-12

      iter #   6 total cpu time :    89.4 secs   av.it.:   8.1
      thresh= 0.558E-07 alpha_mix =  0.700 |ddv_scf|^2 =  0.180E-13

      iter #   7 total cpu time :    92.4 secs   av.it.:   8.2
      thresh= 0.134E-07 alpha_mix =  0.700 |ddv_scf|^2 =  0.186E-15

     End of self-consistent calculation

     Convergence has been achieved 
 
     Number of q in the star =    2
     List of q in the star:
          1   0.000000000   0.000000000   1.000000000
          2   0.000000000   1.000000000   0.000000000

     Diagonalizing the dynamical matrix

     q = (    0.000000000   0.000000000   1.000000000 ) 

 **************************************************************************
     omega( 1) =       6.423592 [THz] =     214.269380 [cm-1]
     omega( 2) =       6.424947 [THz] =     214.314572 [cm-1]
     omega( 3) =       8.501805 [THz] =     283.591568 [cm-1]
 **************************************************************************

     Mode symmetry, D_2h (mmm)  [C_2h (2/m) ] magnetic point group:

     omega(  1 -  2) =        214.3  [cm-1]   --> B_2u               
     omega(  1 -  2) =        214.3  [cm-1]   --> B_3u               
     omega(  3 -  3) =        283.6  [cm-1]   --> B_1u               

 **************************************************************************
 
     PWSCF        :    90.02s CPU
     init_run     :     2.20s CPU
     electrons    :    10.97s CPU

     Called by init_run:
     wfcinit      :     0.00s CPU
     potinit      :     0.10s CPU

     Called by electrons:
     c_bands      :    10.96s CPU
     v_of_rho     :     0.15s CPU (       2 calls,   0.075 s avg)
     newd         :     0.48s CPU (       2 calls,   0.238 s avg)

     Called by c_bands:
     init_us_2    :     0.18s CPU (     960 calls,   0.000 s avg)
     cegterg      :    10.02s CPU (      67 calls,   0.150 s avg)

     Called by *egterg:
     h_psi        :     6.35s CPU (    1036 calls,   0.006 s avg)
     s_psi        :     5.22s CPU (   14276 calls,   0.000 s avg)
     g_psi        :     0.23s CPU (     905 calls,   0.000 s avg)
     cdiaghg      :     2.23s CPU (     969 calls,   0.002 s avg)

     Called by h_psi:
     add_vuspsi   :     2.23s CPU (    7320 calls,   0.000 s avg)

     General routines
     calbec       :     2.88s CPU (   15876 calls,   0.000 s avg)
     cft3s        :    32.99s CPU (  347436 calls,   0.000 s avg)
     interpolate  :     0.01s CPU (       8 calls,   0.002 s avg)
     davcio       :     0.02s CPU (    3799 calls,   0.000 s avg)
 
     Parallel routines
 
     PHONON       :  1m32.68s CPU time,     1m36.91s wall time

     INITIALIZATION: 
     phq_setup    :     0.37s CPU
     phq_init     :    12.83s CPU
 
     phq_init     :    12.83s CPU
     set_drhoc    :     0.91s CPU (       3 calls,   0.302 s avg)
     init_vloc    :     0.01s CPU (       2 calls,   0.003 s avg)
     init_us_1    :     3.38s CPU (       2 calls,   1.689 s avg)
     newd         :     0.48s CPU (       2 calls,   0.238 s avg)
     dvanqq       :     1.41s CPU
     drho         :    10.94s CPU
 
     DYNAMICAL MATRIX:
     dynmat0      :     1.32s CPU
     phqscf       :    62.06s CPU
     dynmatrix    :     0.00s CPU
 
     phqscf       :    62.06s CPU
     solve_linter :    61.49s CPU (       3 calls,  20.497 s avg)
     drhodv       :     0.55s CPU (       3 calls,   0.184 s avg)
 
     dynmat0      :     1.32s CPU
     dynmat_us    :     0.64s CPU
     d2ionq       :     0.00s CPU
     dynmatcc     :     0.68s CPU
 
     dynmat_us    :     0.64s CPU
     addusdynmat  :     0.04s CPU
 
     phqscf       :    62.06s CPU
     solve_linter :    61.49s CPU (       3 calls,  20.497 s avg)
 
     solve_linter :    61.49s CPU (       3 calls,  20.497 s avg)
     dvqpsi_us    :     1.59s CPU (      96 calls,   0.017 s avg)
     ortho        :     0.85s CPU (     672 calls,   0.001 s avg)
     cgsolve      :    38.33s CPU (     672 calls,   0.057 s avg)
     incdrhoscf   :     3.56s CPU (     672 calls,   0.005 s avg)
     addusddens   :     6.24s CPU (      24 calls,   0.260 s avg)
     vpsifft      :     2.72s CPU (     576 calls,   0.005 s avg)
     dv_of_drho   :     1.82s CPU (      21 calls,   0.087 s avg)
     mix_pot      :     0.22s CPU (      21 calls,   0.010 s avg)
     psymdvscf    :     0.17s CPU (      21 calls,   0.008 s avg)
     newdq        :     5.11s CPU (      21 calls,   0.243 s avg)
     adddvscf     :     0.45s CPU (     576 calls,   0.001 s avg)
     drhodvus     :     0.00s CPU (       3 calls,   0.001 s avg)
 
     dvqpsi_us    :     1.59s CPU (      96 calls,   0.017 s avg)
     dvqpsi_us_on :     0.86s CPU (      96 calls,   0.009 s avg)
 
     cgsolve      :    38.33s CPU (     672 calls,   0.057 s avg)
     ch_psi       :    37.75s CPU (    6284 calls,   0.006 s avg)
 
     ch_psi       :    37.75s CPU (    6284 calls,   0.006 s avg)
     h_psiq       :    33.36s CPU (    6284 calls,   0.005 s avg)
     last         :     4.26s CPU (    6284 calls,   0.001 s avg)
 
     h_psiq       :    33.36s CPU (    6284 calls,   0.005 s avg)
     firstfft     :    13.03s CPU (   58653 calls,   0.000 s avg)
     secondfft    :    13.07s CPU (   58653 calls,   0.000 s avg)
     add_vuspsi   :     2.23s CPU (    7320 calls,   0.000 s avg)
 
     incdrhoscf   :     3.56s CPU (     672 calls,   0.005 s avg)
 
     drhodvus     :     0.00s CPU (       3 calls,   0.001 s avg)
 
      General routines
     calbec       :     2.88s CPU (   15876 calls,   0.000 s avg)
     cft3s        :    32.99s CPU (  347436 calls,   0.000 s avg)
     cinterpolate :     0.27s CPU (     180 calls,   0.002 s avg)
     davcio       :     0.02s CPU (    3799 calls,   0.000 s avg)
     write_rec    :     0.10s CPU (      24 calls,   0.004 s avg)
 
