
     Program PHONON    v.4.1a   starts ...
     Today is 10Jul2009 at 17:33:57 

     Parallel version (MPI)

     Number of processors in use:       1

     Ultrasoft (Vanderbilt) Pseudopotentials

     Planes per process (thick) : nr3 = 27 npp =  27 ncplane =  729
     Planes per process (smooth): nr3s= 15 npps=  15 ncplanes=  225
 
     Proc/  planes cols     G    planes cols    G      columns  G
     Pool       (dense grid)       (smooth grid)      (wavefct grid)
       1     27    451     6423   15    163     1411     61      331
 

     Check: negative/imaginary core charge=   -0.000003    0.000000
     it, count:    1    0    0
         1.000000    2.000000    3.000000

     Fixed quantization axis for GGA:     1.000000    0.000000    0.000000
     it, count:    1    0    0
         1.000000    2.000000    3.000000

                                                                                

     bravais-lattice index     =            2
     lattice parameter (a_0)   =       6.6500  a.u.
     unit-cell volume          =      73.5199 (a.u.)^3
     number of atoms/cell      =            1
     number of atomic types    =            1
     kinetic-energy cut-off    =      27.0000  Ry
     charge density cut-off    =     300.0000  Ry
     convergence threshold     =      1.0E-16
     beta                      =       0.7000
     number of iterations used =            4
     Exchange-correlation      =  SLA  PW   PBX  PBC (1434)
     Noncollinear calculation with spin-orbit

     celldm(1)=    6.65000  celldm(2)=    0.00000  celldm(3)=    0.00000
     celldm(4)=    0.00000  celldm(5)=    0.00000  celldm(6)=    0.00000

     crystal axes: (cart. coord. in units of a_0)
               a(1) = ( -0.5000  0.0000  0.5000 )  
               a(2) = (  0.0000  0.5000  0.5000 )  
               a(3) = ( -0.5000  0.5000  0.0000 )  

     reciprocal axes: (cart. coord. in units 2 pi/a_0)
               b(1) = ( -1.0000 -1.0000  1.0000 )  
               b(2) = (  1.0000  1.0000  1.0000 )  
               b(3) = ( -1.0000  1.0000 -1.0000 )  


     Atoms inside the unit cell: 

   Cartesian axes

     site n.  atom      mass           positions (a_0 units)
        1        Ni  58.6934   tau( 1) = (    0.00000    0.00000    0.00000  )

     Computing dynamical matrix for 
                    q = (   0.0000000   0.0000000   0.0000000 )
 
     16 Sym.Ops. (no q -> -q+G )


     G cutoff =  336.0507  (   6423 G-vectors)     FFT grid: ( 27, 27, 27)
     G cutoff =  120.9783  (   1411 G-vectors)  smooth grid: ( 15, 15, 15)
     number of k points=   20  gaussian broad. (Ry)=  0.0200     ngauss =   1
                       cart. coord. in units 2pi/a_0
        k(    1) = (  -0.1250000   0.1250000   0.1250000), wk =   0.0312500
        k(    2) = (  -0.3750000   0.3750000  -0.1250000), wk =   0.0625000
        k(    3) = (   0.3750000  -0.3750000   0.6250000), wk =   0.0625000
        k(    4) = (   0.1250000  -0.1250000   0.3750000), wk =   0.0625000
        k(    5) = (  -0.1250000   0.6250000   0.1250000), wk =   0.0625000
        k(    6) = (   0.6250000  -0.1250000   0.8750000), wk =   0.0625000
        k(    7) = (   0.3750000   0.1250000   0.6250000), wk =   0.0625000
        k(    8) = (  -0.1250000  -0.8750000   0.1250000), wk =   0.0625000
        k(    9) = (  -0.3750000   0.3750000   0.3750000), wk =   0.0312500
        k(   10) = (   0.3750000  -0.3750000   1.1250000), wk =   0.0625000
        k(   11) = (  -0.1250000  -0.3750000   0.3750000), wk =   0.0312500
        k(   12) = (   0.6250000   0.3750000  -0.3750000), wk =   0.0312500
        k(   13) = (   0.3750000   0.1250000  -0.1250000), wk =   0.0312500
        k(   14) = (   0.6250000   0.1250000  -0.1250000), wk =   0.0312500
        k(   15) = (  -0.1250000   0.8750000   0.6250000), wk =   0.0625000
        k(   16) = (   0.8750000   0.6250000  -0.1250000), wk =   0.0625000
        k(   17) = (   0.1250000   0.6250000   0.3750000), wk =   0.0625000
        k(   18) = (   0.6250000   0.3750000   0.1250000), wk =   0.0625000
        k(   19) = (  -0.8750000   0.1250000  -0.1250000), wk =   0.0312500
        k(   20) = (   1.1250000   0.3750000  -0.3750000), wk =   0.0312500

     PseudoPot. # 1 for Ni read from file Ni.rel-pbe-nd-rrkjus.UPF
     Pseudo is Ultrasoft + core correction, Zval = 10.0
     Generated by new atomic code, or converted to UPF format
     Using radial grid of 1195 points, 10 beta functions with: 
                l(1) =   0
                l(2) =   0
                l(3) =   1
                l(4) =   1
                l(5) =   1
                l(6) =   1
                l(7) =   2
                l(8) =   2
                l(9) =   2
               l(10) =   2
     Q(r) pseudized with 0 coefficients 



     Atomic displacements:
     There are   2 irreducible representations

     Representation     1      1 modes -A_2u X_4' M_4' To be done

     Representation     2      2 modes -E_u  X_5' M_5' To be done
     PHONON       :    11.53s CPU time,   11.66s wall time


     Alpha used in Ewald sum =   2.8000
     it, count:    1    0    0
         1.000000    2.000000    3.000000


     Representation #  1 mode #   1

     Self-consistent Calculation
 
     Pert. #  1: Fermi energy shift (Ry) =     0.0000E+00     0.0000E+00

      iter #   1 total cpu time :    14.5 secs   av.it.:   4.1
      thresh= 0.100E-01 alpha_mix =  0.700 |ddv_scf|^2 =  0.270E-05
 
     Pert. #  1: Fermi energy shift (Ry) =     0.0000E+00     0.0000E+00

      iter #   2 total cpu time :    16.3 secs   av.it.:   8.3
      thresh= 0.164E-03 alpha_mix =  0.700 |ddv_scf|^2 =  0.893E-08
 
     Pert. #  1: Fermi energy shift (Ry) =     0.0000E+00     0.0000E+00

      iter #   3 total cpu time :    18.0 secs   av.it.:   7.5
      thresh= 0.945E-05 alpha_mix =  0.700 |ddv_scf|^2 =  0.877E-09
 
     Pert. #  1: Fermi energy shift (Ry) =     0.0000E+00     0.0000E+00

      iter #   4 total cpu time :    19.8 secs   av.it.:   7.7
      thresh= 0.296E-05 alpha_mix =  0.700 |ddv_scf|^2 =  0.580E-11
 
     Pert. #  1: Fermi energy shift (Ry) =     0.0000E+00     0.0000E+00

      iter #   5 total cpu time :    21.5 secs   av.it.:   7.7
      thresh= 0.241E-06 alpha_mix =  0.700 |ddv_scf|^2 =  0.920E-13
 
     Pert. #  1: Fermi energy shift (Ry) =     0.0000E+00     0.0000E+00

      iter #   6 total cpu time :    23.3 secs   av.it.:   7.8
      thresh= 0.303E-07 alpha_mix =  0.700 |ddv_scf|^2 =  0.949E-15
 
     Pert. #  1: Fermi energy shift (Ry) =     0.0000E+00     0.0000E+00

      iter #   7 total cpu time :    25.1 secs   av.it.:   7.8
      thresh= 0.308E-08 alpha_mix =  0.700 |ddv_scf|^2 =  0.376E-16

     End of self-consistent calculation

     Convergence has been achieved 


     Representation #  2 modes #   2  3

     Self-consistent Calculation
 
     Pert. #  1: Fermi energy shift (Ry) =     0.0000E+00     0.0000E+00
     Pert. #  2: Fermi energy shift (Ry) =     0.0000E+00     0.0000E+00

      iter #   1 total cpu time :    28.5 secs   av.it.:   4.2
      thresh= 0.100E-01 alpha_mix =  0.700 |ddv_scf|^2 =  0.674E-06
 
     Pert. #  1: Fermi energy shift (Ry) =     0.0000E+00     0.0000E+00
     Pert. #  2: Fermi energy shift (Ry) =     0.0000E+00     0.0000E+00

      iter #   2 total cpu time :    32.3 secs   av.it.:   8.9
      thresh= 0.821E-04 alpha_mix =  0.700 |ddv_scf|^2 =  0.222E-08
 
     Pert. #  1: Fermi energy shift (Ry) =     0.0000E+00     0.0000E+00
     Pert. #  2: Fermi energy shift (Ry) =     0.0000E+00     0.0000E+00

      iter #   3 total cpu time :    35.8 secs   av.it.:   8.4
      thresh= 0.471E-05 alpha_mix =  0.700 |ddv_scf|^2 =  0.216E-09
 
     Pert. #  1: Fermi energy shift (Ry) =     0.0000E+00     0.0000E+00
     Pert. #  2: Fermi energy shift (Ry) =     0.0000E+00     0.0000E+00

      iter #   4 total cpu time :    39.4 secs   av.it.:   8.5
      thresh= 0.147E-05 alpha_mix =  0.700 |ddv_scf|^2 =  0.122E-11
 
     Pert. #  1: Fermi energy shift (Ry) =     0.0000E+00     0.0000E+00
     Pert. #  2: Fermi energy shift (Ry) =     0.0000E+00     0.0000E+00

      iter #   5 total cpu time :    43.0 secs   av.it.:   8.6
      thresh= 0.110E-06 alpha_mix =  0.700 |ddv_scf|^2 =  0.192E-13
 
     Pert. #  1: Fermi energy shift (Ry) =     0.0000E+00     0.0000E+00
     Pert. #  2: Fermi energy shift (Ry) =     0.0000E+00     0.0000E+00

      iter #   6 total cpu time :    46.6 secs   av.it.:   8.6
      thresh= 0.139E-07 alpha_mix =  0.700 |ddv_scf|^2 =  0.219E-15
 
     Pert. #  1: Fermi energy shift (Ry) =     0.0000E+00     0.0000E+00
     Pert. #  2: Fermi energy shift (Ry) =     0.0000E+00     0.0000E+00

      iter #   7 total cpu time :    50.2 secs   av.it.:   8.6
      thresh= 0.148E-08 alpha_mix =  0.700 |ddv_scf|^2 =  0.685E-17

     End of self-consistent calculation

     Convergence has been achieved 
 
     Number of q in the star =    1
     List of q in the star:
          1   0.000000000   0.000000000   0.000000000

     Diagonalizing the dynamical matrix

     q = (    0.000000000   0.000000000   0.000000000 ) 

 **************************************************************************
     omega( 1) =      -0.147585 [THz] =      -4.922937 [cm-1]
     omega( 2) =      -0.143540 [THz] =      -4.788001 [cm-1]
     omega( 3) =      -0.143540 [THz] =      -4.788001 [cm-1]
 **************************************************************************

     Mode symmetry, D_4h(4/mmm) [C_4h (4/m) ] magnetic point group:

     omega(  1 -  1) =         -4.9  [cm-1]   --> A_2u X_4' M_4'  I  
     omega(  2 -  3) =         -4.8  [cm-1]   --> E_u  X_5' M_5'  I  

 **************************************************************************
 
     PWSCF        :    47.85s CPU

     Called by init_run:

     Called by electrons:
     v_of_rho     :     0.07s CPU
     newd         :     0.24s CPU

     Called by c_bands:
     init_us_2    :     0.07s CPU (     420 calls,   0.000 s avg)

     Called by *egterg:
     s_psi        :     2.89s CPU (    8250 calls,   0.000 s avg)

     Called by h_psi:
     add_vuspsi   :     1.14s CPU (    3915 calls,   0.000 s avg)

     General routines
     calbec       :     1.72s CPU (    9210 calls,   0.000 s avg)
     cft3s        :    15.98s CPU (  189620 calls,   0.000 s avg)
     interpolate  :     0.01s CPU (       4 calls,   0.001 s avg)
     davcio       :     0.01s CPU (    1930 calls,   0.000 s avg)
 
     Parallel routines
 
     PHONON       :    50.51s CPU time,   54.16s wall time

     INITIALIZATION: 
     phq_setup    :     0.37s CPU
     phq_init     :     8.48s CPU
 
     phq_init     :     8.48s CPU
     set_drhoc    :     0.91s CPU (       3 calls,   0.303 s avg)
     init_vloc    :     0.00s CPU
     init_us_1    :     1.66s CPU
     newd         :     0.24s CPU
     dvanqq       :     1.21s CPU
     drho         :     6.81s CPU
 
     DYNAMICAL MATRIX:
     dynmat0      :     1.10s CPU
     phqscf       :    37.87s CPU
     dynmatrix    :     0.00s CPU
 
     phqscf       :    37.87s CPU
     solve_linter :    37.61s CPU (       2 calls,  18.806 s avg)
     drhodv       :     0.25s CPU (       2 calls,   0.127 s avg)
 
     dynmat0      :     1.10s CPU
     dynmat_us    :     0.42s CPU
     d2ionq       :     0.00s CPU
     dynmatcc     :     0.68s CPU
 
     dynmat_us    :     0.42s CPU
     addusdynmat  :     0.04s CPU
 
     phqscf       :    37.87s CPU
     solve_linter :    37.61s CPU (       2 calls,  18.806 s avg)
 
     solve_linter :    37.61s CPU (       2 calls,  18.806 s avg)
     dvqpsi_us    :     0.91s CPU (      60 calls,   0.015 s avg)
     ortho        :     0.53s CPU (     420 calls,   0.001 s avg)
     cgsolve      :    21.97s CPU (     420 calls,   0.052 s avg)
     incdrhoscf   :     2.08s CPU (     420 calls,   0.005 s avg)
     addusddens   :     3.05s CPU (      16 calls,   0.190 s avg)
     vpsifft      :     1.50s CPU (     360 calls,   0.004 s avg)
     dv_of_drho   :     1.83s CPU (      21 calls,   0.087 s avg)
     mix_pot      :     0.24s CPU (      14 calls,   0.017 s avg)
     ef_shift     :     0.05s CPU (      16 calls,   0.003 s avg)
     localdos     :     0.71s CPU (       2 calls,   0.354 s avg)
     psymdvscf    :     0.30s CPU (      14 calls,   0.021 s avg)
     newdq        :     3.04s CPU (      14 calls,   0.217 s avg)
     adddvscf     :     0.29s CPU (     360 calls,   0.001 s avg)
     drhodvus     :     0.01s CPU (       2 calls,   0.003 s avg)
 
     dvqpsi_us    :     0.91s CPU (      60 calls,   0.015 s avg)
     dvqpsi_us_on :     0.52s CPU (      60 calls,   0.009 s avg)
 
     cgsolve      :    21.97s CPU (     420 calls,   0.052 s avg)
     ch_psi       :    21.67s CPU (    3915 calls,   0.006 s avg)
 
     ch_psi       :    21.67s CPU (    3915 calls,   0.006 s avg)
     h_psiq       :    18.87s CPU (    3915 calls,   0.005 s avg)
     last         :     2.74s CPU (    3915 calls,   0.001 s avg)
 
     h_psiq       :    18.87s CPU (    3915 calls,   0.005 s avg)
     firstfft     :     7.48s CPU (   36826 calls,   0.000 s avg)
     secondfft    :     6.87s CPU (   36826 calls,   0.000 s avg)
     add_vuspsi   :     1.14s CPU (    3915 calls,   0.000 s avg)
 
     incdrhoscf   :     2.08s CPU (     420 calls,   0.005 s avg)
 
     drhodvus     :     0.01s CPU (       2 calls,   0.003 s avg)
 
      General routines
     calbec       :     1.72s CPU (    9210 calls,   0.000 s avg)
     cft3s        :    15.98s CPU (  189620 calls,   0.000 s avg)
     cinterpolate :     0.27s CPU (     188 calls,   0.001 s avg)
     davcio       :     0.01s CPU (    1930 calls,   0.000 s avg)
     write_rec    :     0.05s CPU (      16 calls,   0.003 s avg)
 
