
     Program Q2R v.5.0.2 (svn rev. 9988M) starts on 19Feb2013 at 10:12: 2 

     This program is part of the open-source Quantum ESPRESSO suite
     for quantum simulation of materials; please cite
         "P. Giannozzi et al., J. Phys.:Condens. Matter 21 395502 (2009);
          URL http://www.quantum-espresso.org", 
     in publications or presentations arising from this work. More details at
     http://www.quantum-espresso.org/quote.php

     Parallel version (MPI), running on     2 processors
     R & G space division:  proc/nbgrp/npool/nimage =       2

     reading grid info from file al.disp.dyn0
  reading force constants from file al.disp.dyn1
  Dielectric Tensor not found
  nqs=            1
 q=   0.00000000  0.00000000  0.00000000
  reading force constants from file al.disp.dyn2
  nqs=            8
 q=  -0.25000000  0.25000000 -0.25000000
 q=   0.25000000 -0.25000000 -0.25000000
 q=   0.25000000 -0.25000000  0.25000000
 q=   0.25000000  0.25000000  0.25000000
 q=  -0.25000000 -0.25000000 -0.25000000
 q=  -0.25000000 -0.25000000  0.25000000
 q=  -0.25000000  0.25000000  0.25000000
 q=   0.25000000  0.25000000 -0.25000000
  reading force constants from file al.disp.dyn3
  nqs=            4
 q=   0.50000000 -0.50000000  0.50000000
 q=   0.50000000  0.50000000  0.50000000
 q=  -0.50000000  0.50000000  0.50000000
 q=   0.50000000  0.50000000 -0.50000000
  reading force constants from file al.disp.dyn4
  nqs=            6
 q=   0.00000000  0.50000000  0.00000000
 q=   0.00000000 -0.50000000  0.00000000
 q=   0.50000000  0.00000000  0.00000000
 q=   0.00000000  0.00000000  0.50000000
 q=   0.00000000  0.00000000 -0.50000000
 q=  -0.50000000  0.00000000  0.00000000
  reading force constants from file al.disp.dyn5
  nqs=           24
 q=   0.75000000 -0.25000000  0.75000000
 q=   0.75000000 -0.25000000 -0.75000000
 q=  -0.75000000 -0.25000000 -0.75000000
 q=  -0.75000000 -0.25000000  0.75000000
 q=  -0.75000000  0.25000000 -0.75000000
 q=  -0.25000000  0.75000000 -0.75000000
 q=  -0.75000000  0.75000000 -0.25000000
 q=   0.75000000  0.25000000  0.75000000
 q=  -0.75000000  0.25000000  0.75000000
 q=   0.75000000  0.25000000 -0.75000000
 q=  -0.75000000  0.75000000  0.25000000
 q=  -0.25000000  0.75000000  0.75000000
 q=   0.25000000  0.75000000 -0.75000000
 q=  -0.25000000 -0.75000000 -0.75000000
 q=   0.75000000  0.75000000 -0.25000000
 q=   0.75000000 -0.75000000  0.25000000
 q=  -0.75000000 -0.75000000 -0.25000000
 q=   0.25000000 -0.75000000  0.75000000
 q=  -0.75000000 -0.75000000  0.25000000
 q=   0.25000000  0.75000000  0.75000000
 q=  -0.25000000 -0.75000000  0.75000000
 q=   0.75000000  0.75000000  0.25000000
 q=   0.25000000 -0.75000000 -0.75000000
 q=   0.75000000 -0.75000000 -0.25000000
  reading force constants from file al.disp.dyn6
  nqs=           12
 q=   0.50000000  0.00000000  0.50000000
 q=  -0.50000000  0.00000000  0.50000000
 q=  -0.50000000  0.00000000 -0.50000000
 q=   0.50000000  0.00000000 -0.50000000
 q=   0.00000000  0.50000000 -0.50000000
 q=  -0.50000000  0.50000000  0.00000000
 q=   0.00000000  0.50000000  0.50000000
 q=   0.00000000 -0.50000000 -0.50000000
 q=   0.50000000  0.50000000  0.00000000
 q=   0.50000000 -0.50000000  0.00000000
 q=  -0.50000000 -0.50000000  0.00000000
 q=   0.00000000 -0.50000000  0.50000000
  reading force constants from file al.disp.dyn7
  nqs=            3
 q=   0.00000000 -1.00000000  0.00000000
 q=  -1.00000000  0.00000000  0.00000000
 q=   0.00000000  0.00000000 -1.00000000
  reading force constants from file al.disp.dyn8
  nqs=            6
 q=  -0.50000000 -1.00000000  0.00000000
 q=   0.00000000  1.00000000  0.50000000
 q=   0.00000000 -1.00000000 -0.50000000
 q=   0.50000000  1.00000000  0.00000000
 q=  -1.00000000 -0.50000000  0.00000000
 q=   0.00000000 -0.50000000 -1.00000000

      q-space grid ok, #points =   64

      fft-check success (sum of imaginary terms < 10^-12)

     Q2R          :     0.00s CPU         0.01s WALL


   This run was terminated on:  10:12: 2  19Feb2013            

=------------------------------------------------------------------------------=
   JOB DONE.
=------------------------------------------------------------------------------=
