 Warning: Only a single CPU will be used!

     Program TDDFPT_PP v.7.0 starts on 12May2022 at 15:59:13 

     This program is part of the open-source Quantum ESPRESSO suite
     for quantum simulation of materials; please cite
         "P. Giannozzi et al., J. Phys.:Condens. Matter 21 395502 (2009);
         "P. Giannozzi et al., J. Phys.:Condens. Matter 29 465901 (2017);
         "P. Giannozzi et al., J. Chem. Phys. 152 154105 (2020);
          URL http://www.quantum-espresso.org", 
     in publications or presentations arising from this work. More details at
     http://www.quantum-espresso.org/quote

     Parallel version (MPI), running on     1 processors

     MPI processes distributed on     1 nodes
     230428 MiB available memory on the printing compute node when the environment starts
 

     Reading   1600 Lanczos steps for direction 1
       1600 steps will be considered


     Polarization direction:1
     Lanczos coefficients:
     Average =    13.88104921
     Average oscillation amplitude =    -0.01172207
     Average alpha =     0.00013221     0.00000000
     Average alpha oscillation amplitude =     0.00186079     0.00000000
     Average gamma =    13.88104921     0.00000000
     Average gamma oscillation amplitude =    -0.01172207    -0.00000000
     Extrapolation =                      osc
      ip =   1
     Average beta =    13.88104921
     Average beta oscillation amplitude =    -0.01172207
     Average alpha =     0.00000000     0.00000000
     Average alpha oscillation amplitude =     0.00000000     0.00000000
     Average gamma =    13.88104921     0.00000000
     Average gamma oscillation amplitude =    -0.01172207     0.00000000

     Data ready, starting to calculate observables...

     Broadening =      0.10000000 meV

     Output file name: Fe.plot_chi.dat     

     chi_i_j: magnetization-magnetization tensor  in units of mu_B^2 / meV
 
     TDDFPT_PP    :      0.21s CPU      0.26s WALL

 
   This run was terminated on:  15:59:13  12May2022            

=------------------------------------------------------------------------------=
   JOB DONE.
=------------------------------------------------------------------------------=
