
     Program turboMAGNON v.7.0 starts on  1Jun2022 at 10:46:16 

     This program is part of the open-source Quantum ESPRESSO suite
     for quantum simulation of materials; please cite
         "P. Giannozzi et al., J. Phys.:Condens. Matter 21 395502 (2009);
         "P. Giannozzi et al., J. Phys.:Condens. Matter 29 465901 (2017);
         "P. Giannozzi et al., J. Chem. Phys. 152 154105 (2020);
          URL http://www.quantum-espresso.org", 
     in publications or presentations arising from this work. More details at
     http://www.quantum-espresso.org/quote

     Parallel version (MPI), running on     1 processors

     MPI processes distributed on     1 nodes
     78072 MiB available memory on the printing compute node when the environment starts
 

     Reading xml data from directory:

     /g100_work/Sis22_baroni/obaseggi/q-e-develop/tempdir/Fe.save/

     IMPORTANT: XC functional enforced from input :
     Exchange-correlation= PW
                           (   1   4   0   0   0   0   0)
     Any further DFT definition will be discarded
     Please, verify this is what you really want

 
     G-vector sticks info
     --------------------
     sticks:   dense  smooth     PW     G-vecs:    dense   smooth      PW
     Sum         129     129     55                  959      959     249
 
     Using Slab Decomposition
 

     Check: negative core charge=   -0.006143
     Reading collected, re-writing distributed wavefunctions
     Subspace diagonalization in iterative solution of the eigenvalue problem:
     a serial algorithm will be used


     -------------------------------------------------------------------------

     Please cite this project as:

     T. Gorni, I. Timrov, and S. Baroni,
     Spin dynamics from time-dependent density functional perturbation theory,
     Eur. Phys. J. B 91, 249 (2018).

     -------------------------------------------------------------------------

     Using the TDDFT approximation.

     Using the non-Hermitian Lanczos algorithm.

     ---------------------------- NSCF calculation ----------------------------
 
     G-vector sticks info
     --------------------
     sticks:   dense  smooth     PW     G-vecs:    dense   smooth      PW
     Sum         129     129     55                  959      959     249
 
     Using Slab Decomposition
 


     bravais-lattice index     =            3
     lattice parameter (alat)  =       5.4060  a.u.
     unit-cell volume          =      78.9947 (a.u.)^3
     number of atoms/cell      =            1
     number of atomic types    =            1
     number of electrons       =        16.00
     number of Kohn-Sham states=           24
     kinetic-energy cutoff     =      20.0000  Ry
     charge density cutoff     =      80.0000  Ry
     Exchange-correlation= PW
                           (   1   4   0   0   0   0   0)
     Noncollinear calculation without spin-orbit


     celldm(1)=   5.406000  celldm(2)=   0.000000  celldm(3)=   0.000000
     celldm(4)=   0.000000  celldm(5)=   0.000000  celldm(6)=   0.000000

     crystal axes: (cart. coord. in units of alat)
               a(1) = (   0.500000   0.500000   0.500000 )  
               a(2) = (  -0.500000   0.500000   0.500000 )  
               a(3) = (  -0.500000  -0.500000   0.500000 )  

     reciprocal axes: (cart. coord. in units 2 pi/alat)
               b(1) = (  1.000000  0.000000  1.000000 )  
               b(2) = ( -1.000000  1.000000  0.000000 )  
               b(3) = (  0.000000 -1.000000  1.000000 )  


     PseudoPot. # 1 for Fe read from file:
     /g100_work/Sis22_baroni/obaseggi/q-e-develop/pseudo/Fe.lda-pseudoDojo.UPF
     MD5 check sum: b1fb9d3cb1d156aba92c681262384fac
     Pseudo is Norm-conserving + core correction, Zval = 16.0
     Generated using ONCVPSP code by D. R. Hamann
     Using radial grid of 1408 points,  6 beta functions with: 
                l(1) =   0
                l(2) =   0
                l(3) =   1
                l(4) =   1
                l(5) =   2
                l(6) =   2

     atomic species   valence    mass     pseudopotential
        Fe            16.00    55.85000     Fe( 1.00)

     No symmetry found



   Cartesian axes

     site n.     atom                  positions (alat units)
         1           Fe  tau(   1) = (   0.0000000   0.0000000   0.0000000  )

     number of k points=    48  Gaussian smearing, width (Ry)=  0.0200
                       cart. coord. in units 2pi/alat
        k(    1) = (   0.0000000   0.0000000   0.0000000), wk =   0.0625000
        k(    2) = (   0.1000000   0.1000000   0.0000000), wk =   0.0000000
        k(    3) = (  -0.1000000  -0.1000000   0.0000000), wk =   0.0000000
        k(    4) = (   0.0000000   0.0000000   0.0000000), wk =   0.0625000
        k(    5) = (   0.1000000   0.1000000   0.0000000), wk =   0.0000000
        k(    6) = (  -0.1000000  -0.1000000   0.0000000), wk =   0.0000000
        k(    7) = (   0.0000000   0.5000000  -0.5000000), wk =   0.0625000
        k(    8) = (   0.1000000   0.6000000  -0.5000000), wk =   0.0000000
        k(    9) = (  -0.1000000   0.4000000  -0.5000000), wk =   0.0000000
        k(   10) = (   0.0000000  -0.5000000   0.5000000), wk =   0.0625000
        k(   11) = (   0.1000000  -0.4000000   0.5000000), wk =   0.0000000
        k(   12) = (  -0.1000000  -0.6000000   0.5000000), wk =   0.0000000
        k(   13) = (   0.5000000  -0.5000000   0.0000000), wk =   0.0625000
        k(   14) = (   0.6000000  -0.4000000   0.0000000), wk =   0.0000000
        k(   15) = (   0.4000000  -0.6000000   0.0000000), wk =   0.0000000
        k(   16) = (  -0.5000000   0.5000000   0.0000000), wk =   0.0625000
        k(   17) = (  -0.4000000   0.6000000   0.0000000), wk =   0.0000000
        k(   18) = (  -0.6000000   0.4000000   0.0000000), wk =   0.0000000
        k(   19) = (   0.5000000   0.0000000  -0.5000000), wk =   0.0625000
        k(   20) = (   0.6000000   0.1000000  -0.5000000), wk =   0.0000000
        k(   21) = (   0.4000000  -0.1000000  -0.5000000), wk =   0.0000000
        k(   22) = (  -0.5000000   0.0000000   0.5000000), wk =   0.0625000
        k(   23) = (  -0.4000000   0.1000000   0.5000000), wk =   0.0000000
        k(   24) = (  -0.6000000  -0.1000000   0.5000000), wk =   0.0000000
        k(   25) = (  -0.5000000   0.0000000  -0.5000000), wk =   0.0625000
        k(   26) = (  -0.4000000   0.1000000  -0.5000000), wk =   0.0000000
        k(   27) = (  -0.6000000  -0.1000000  -0.5000000), wk =   0.0000000
        k(   28) = (   0.5000000   0.0000000   0.5000000), wk =   0.0625000
        k(   29) = (   0.6000000   0.1000000   0.5000000), wk =   0.0000000
        k(   30) = (   0.4000000  -0.1000000   0.5000000), wk =   0.0000000
        k(   31) = (  -0.5000000   0.5000000  -1.0000000), wk =   0.0625000
        k(   32) = (  -0.4000000   0.6000000  -1.0000000), wk =   0.0000000
        k(   33) = (  -0.6000000   0.4000000  -1.0000000), wk =   0.0000000
        k(   34) = (   0.5000000  -0.5000000   1.0000000), wk =   0.0625000
        k(   35) = (   0.6000000  -0.4000000   1.0000000), wk =   0.0000000
        k(   36) = (   0.4000000  -0.6000000   1.0000000), wk =   0.0000000
        k(   37) = (   0.0000000  -0.5000000  -0.5000000), wk =   0.0625000
        k(   38) = (   0.1000000  -0.4000000  -0.5000000), wk =   0.0000000
        k(   39) = (  -0.1000000  -0.6000000  -0.5000000), wk =   0.0000000
        k(   40) = (   0.0000000   0.5000000   0.5000000), wk =   0.0625000
        k(   41) = (   0.1000000   0.6000000   0.5000000), wk =   0.0000000
        k(   42) = (  -0.1000000   0.4000000   0.5000000), wk =   0.0000000
        k(   43) = (   0.0000000   0.0000000  -1.0000000), wk =   0.0625000
        k(   44) = (   0.1000000   0.1000000  -1.0000000), wk =   0.0000000
        k(   45) = (  -0.1000000  -0.1000000  -1.0000000), wk =   0.0000000
        k(   46) = (   0.0000000   0.0000000   1.0000000), wk =   0.0625000
        k(   47) = (   0.1000000   0.1000000   1.0000000), wk =   0.0000000
        k(   48) = (  -0.1000000  -0.1000000   1.0000000), wk =   0.0000000

     Dense  grid:      959 G-vectors     FFT dimensions: (  15,  15,  15)

     Estimated max dynamical RAM per process >       2.85 MB

     Check: negative core charge=   -0.006143

     The potential is recalculated from file :
     /g100_work/Sis22_baroni/obaseggi/q-e-develop/tempdir/tmp_magnons/Fe.save/charge-density

     Starting wfcs are   20 atomic +    4 random wfcs

     Band Structure Calculation
     Davidson diagonalization with overlap

     ethr =  1.00E-11,  avg # of iterations = 15.5

     total cpu time spent up to now is       -1.0 secs

     End of band structure calculation

          k = 0.0000 0.0000 0.0000 (   135 PWs)   bands (ev):

  -106.4204-105.7341 -52.0824 -52.0824 -52.0824 -51.0374 -51.0374 -51.0374
     8.7056   9.3367  16.5544  16.5544  16.5544  17.5259  17.5259  17.5259
    22.3640  22.3640  24.2086  24.2086  44.0511  44.0511  44.0511  44.4994

          k = 0.1000 0.1000 0.0000 (   127 PWs)   bands (ev):

  -106.3524-105.6614 -51.4890 -50.9579 -50.4216 -49.9139 -47.7732 -46.6738
     9.1978   9.8281  16.8745  17.8506  18.8758  19.2374  19.8802  20.1879
    22.7282  23.4487  24.4855  25.2822  44.1631  44.2388  44.6349  44.7223

          k =-0.1000-0.1000 0.0000 (   127 PWs)   bands (ev):

  -106.3524-105.6614 -51.4890 -50.9579 -50.4216 -49.9139 -47.7732 -46.6738
     9.1978   9.8281  16.8745  17.8506  18.8758  19.2374  19.8802  20.1879
    22.7282  23.4487  24.4855  25.2822  44.1631  44.2388  44.6349  44.7223

          k = 0.0000 0.0000 0.0000 (   135 PWs)   bands (ev):

  -106.4204-105.7341 -52.0824 -52.0824 -52.0824 -51.0374 -51.0374 -51.0374
     8.7056   9.3367  16.5544  16.5544  16.5544  17.5259  17.5259  17.5259
    22.3640  22.3640  24.2086  24.2086  44.0511  44.0511  44.0511  44.4994

          k = 0.1000 0.1000 0.0000 (   127 PWs)   bands (ev):

  -106.3524-105.6614 -51.4890 -50.9579 -50.4216 -49.9139 -47.7732 -46.6738
     9.1978   9.8281  16.8745  17.8506  18.8758  19.2374  19.8802  20.1879
    22.7282  23.4487  24.4855  25.2822  44.1631  44.2388  44.6349  44.7223

          k =-0.1000-0.1000 0.0000 (   127 PWs)   bands (ev):

  -106.3524-105.6614 -51.4890 -50.9579 -50.4216 -49.9139 -47.7732 -46.6738
     9.1978   9.8281  16.8745  17.8506  18.8758  19.2374  19.8802  20.1879
    22.7282  23.4487  24.4855  25.2822  44.1631  44.2388  44.6349  44.7223

          k = 0.0000 0.5000-0.5000 (   118 PWs)   bands (ev):

  -106.3234-105.6260 -49.6803 -48.5821 -48.0490 -47.1695 -46.9750 -46.0630
    14.3815  15.2516  18.5019  19.3927  20.7637  21.2469  22.6245  23.0210
    24.4870  24.6577  27.1971  27.5774  28.3500  28.6469  38.2752  38.8653

          k = 0.1000 0.6000-0.5000 (   118 PWs)   bands (ev):

  -106.3114-105.6143 -49.0814 -48.2319 -48.0037 -47.3795 -47.1280 -46.2797
    14.8229  15.6426  18.2005  19.0923  20.0866  20.8132  22.9897  23.1369
    24.5235  24.9330  26.9811  28.1044  28.7607  29.7711  38.1353  38.8184

          k =-0.1000 0.4000-0.5000 (   118 PWs)   bands (ev):

  -106.3114-105.6143 -49.0814 -48.2319 -48.0037 -47.3795 -47.1280 -46.2797
    14.8229  15.6426  18.2005  19.0923  20.0866  20.8132  22.9897  23.1369
    24.5235  24.9330  26.9811  28.1044  28.7607  29.7711  38.1353  38.8184

          k = 0.0000-0.5000 0.5000 (   118 PWs)   bands (ev):

  -106.3234-105.6260 -49.6803 -48.5821 -48.0490 -47.1695 -46.9750 -46.0630
    14.3815  15.2516  18.5019  19.3927  20.7637  21.2469  22.6245  23.0210
    24.4870  24.6577  27.1971  27.5774  28.3500  28.6469  38.2752  38.8653

          k = 0.1000-0.4000 0.5000 (   118 PWs)   bands (ev):

  -106.3114-105.6143 -49.0814 -48.2319 -48.0037 -47.3795 -47.1280 -46.2797
    14.8229  15.6426  18.2005  19.0923  20.0866  20.8132  22.9897  23.1369
    24.5235  24.9330  26.9811  28.1044  28.7607  29.7711  38.1353  38.8184

          k =-0.1000-0.6000 0.5000 (   118 PWs)   bands (ev):

  -106.3114-105.6143 -49.0814 -48.2319 -48.0037 -47.3795 -47.1280 -46.2797
    14.8229  15.6426  18.2005  19.0923  20.0866  20.8132  22.9897  23.1369
    24.5235  24.9330  26.9811  28.1044  28.7607  29.7711  38.1353  38.8184

          k = 0.5000-0.5000 0.0000 (   118 PWs)   bands (ev):

  -106.3234-105.6260 -49.6803 -48.5821 -48.0490 -47.1695 -46.9750 -46.0630
    14.3815  15.2516  18.5019  19.3927  20.7637  21.2469  22.6245  23.0210
    24.4870  24.6577  27.1971  27.5774  28.3500  28.6469  38.2752  38.8653

          k = 0.6000-0.4000 0.0000 (   120 PWs)   bands (ev):

  -106.3298-105.6333 -50.1630 -49.1043 -48.7679 -47.6793 -47.3197 -46.2090
    14.9372  15.7823  18.4706  19.3446  19.3779  20.3037  21.5814  23.1469
    24.1261  25.4767  27.0902  27.7121  28.2379  28.7925  39.0083  39.3713

          k = 0.4000-0.6000 0.0000 (   120 PWs)   bands (ev):

  -106.3298-105.6333 -50.1630 -49.1043 -48.7679 -47.6793 -47.3197 -46.2090
    14.9372  15.7823  18.4706  19.3446  19.3779  20.3037  21.5814  23.1469
    24.1261  25.4767  27.0902  27.7121  28.2379  28.7925  39.0083  39.3713

          k =-0.5000 0.5000 0.0000 (   118 PWs)   bands (ev):

  -106.3234-105.6260 -49.6803 -48.5821 -48.0490 -47.1695 -46.9750 -46.0630
    14.3815  15.2516  18.5019  19.3927  20.7637  21.2469  22.6245  23.0210
    24.4870  24.6577  27.1971  27.5774  28.3500  28.6469  38.2752  38.8653

          k =-0.4000 0.6000 0.0000 (   120 PWs)   bands (ev):

  -106.3298-105.6333 -50.1630 -49.1043 -48.7679 -47.6793 -47.3197 -46.2090
    14.9372  15.7823  18.4706  19.3446  19.3779  20.3037  21.5814  23.1469
    24.1261  25.4767  27.0902  27.7121  28.2379  28.7925  39.0083  39.3713

          k =-0.6000 0.4000 0.0000 (   120 PWs)   bands (ev):

  -106.3298-105.6333 -50.1630 -49.1043 -48.7679 -47.6793 -47.3197 -46.2090
    14.9372  15.7823  18.4706  19.3446  19.3779  20.3037  21.5814  23.1469
    24.1261  25.4767  27.0902  27.7121  28.2379  28.7925  39.0083  39.3713

          k = 0.5000 0.0000-0.5000 (   118 PWs)   bands (ev):

  -106.3234-105.6260 -49.6803 -48.5821 -48.0490 -47.1695 -46.9750 -46.0630
    14.3815  15.2516  18.5019  19.3927  20.7637  21.2469  22.6245  23.0210
    24.4870  24.6577  27.1971  27.5774  28.3500  28.6469  38.2752  38.8653

          k = 0.6000 0.1000-0.5000 (   118 PWs)   bands (ev):

  -106.3114-105.6143 -49.0814 -48.2319 -48.0037 -47.3795 -47.1280 -46.2797
    14.8229  15.6426  18.2005  19.0923  20.0866  20.8132  22.9897  23.1369
    24.5235  24.9330  26.9811  28.1044  28.7607  29.7711  38.1353  38.8184

          k = 0.4000-0.1000-0.5000 (   118 PWs)   bands (ev):

  -106.3114-105.6143 -49.0814 -48.2319 -48.0037 -47.3795 -47.1280 -46.2797
    14.8229  15.6426  18.2005  19.0923  20.0866  20.8132  22.9897  23.1369
    24.5235  24.9330  26.9811  28.1044  28.7607  29.7711  38.1353  38.8184

          k =-0.5000 0.0000 0.5000 (   118 PWs)   bands (ev):

  -106.3234-105.6260 -49.6803 -48.5821 -48.0490 -47.1695 -46.9750 -46.0630
    14.3815  15.2516  18.5019  19.3927  20.7637  21.2469  22.6245  23.0210
    24.4870  24.6577  27.1971  27.5774  28.3500  28.6469  38.2752  38.8653

          k =-0.4000 0.1000 0.5000 (   118 PWs)   bands (ev):

  -106.3114-105.6143 -49.0814 -48.2319 -48.0037 -47.3795 -47.1280 -46.2797
    14.8229  15.6426  18.2005  19.0923  20.0866  20.8132  22.9897  23.1369
    24.5235  24.9330  26.9811  28.1044  28.7607  29.7711  38.1353  38.8184

          k =-0.6000-0.1000 0.5000 (   118 PWs)   bands (ev):

  -106.3114-105.6143 -49.0814 -48.2319 -48.0037 -47.3795 -47.1280 -46.2797
    14.8229  15.6426  18.2005  19.0923  20.0866  20.8132  22.9897  23.1369
    24.5235  24.9330  26.9811  28.1044  28.7607  29.7711  38.1353  38.8184

          k =-0.5000 0.0000-0.5000 (   118 PWs)   bands (ev):

  -106.3234-105.6260 -49.6803 -48.5821 -48.0490 -47.1695 -46.9750 -46.0630
    14.3815  15.2516  18.5019  19.3927  20.7637  21.2469  22.6245  23.0210
    24.4870  24.6577  27.1971  27.5774  28.3500  28.6469  38.2752  38.8653

          k =-0.4000 0.1000-0.5000 (   118 PWs)   bands (ev):

  -106.3114-105.6143 -49.0814 -48.2319 -48.0037 -47.3795 -47.1280 -46.2797
    14.8229  15.6426  18.2005  19.0923  20.0866  20.8132  22.9897  23.1369
    24.5235  24.9330  26.9811  28.1044  28.7607  29.7711  38.1353  38.8184

          k =-0.6000-0.1000-0.5000 (   118 PWs)   bands (ev):

  -106.3114-105.6143 -49.0814 -48.2319 -48.0037 -47.3795 -47.1280 -46.2797
    14.8229  15.6426  18.2005  19.0923  20.0866  20.8132  22.9897  23.1369
    24.5235  24.9330  26.9811  28.1044  28.7607  29.7711  38.1353  38.8184

          k = 0.5000 0.0000 0.5000 (   118 PWs)   bands (ev):

  -106.3234-105.6260 -49.6803 -48.5821 -48.0490 -47.1695 -46.9750 -46.0630
    14.3815  15.2516  18.5019  19.3927  20.7637  21.2469  22.6245  23.0210
    24.4870  24.6577  27.1971  27.5774  28.3500  28.6469  38.2752  38.8653

          k = 0.6000 0.1000 0.5000 (   118 PWs)   bands (ev):

  -106.3114-105.6143 -49.0814 -48.2319 -48.0037 -47.3795 -47.1280 -46.2797
    14.8229  15.6426  18.2005  19.0923  20.0866  20.8132  22.9897  23.1369
    24.5235  24.9330  26.9811  28.1044  28.7607  29.7711  38.1353  38.8184

          k = 0.4000-0.1000 0.5000 (   118 PWs)   bands (ev):

  -106.3114-105.6143 -49.0814 -48.2319 -48.0037 -47.3795 -47.1280 -46.2797
    14.8229  15.6426  18.2005  19.0923  20.0866  20.8132  22.9897  23.1369
    24.5235  24.9330  26.9811  28.1044  28.7607  29.7711  38.1353  38.8184

          k =-0.5000 0.5000-1.0000 (   118 PWs)   bands (ev):

  -106.3234-105.6260 -49.6803 -48.5821 -48.0490 -47.1695 -46.9750 -46.0630
    14.3815  15.2516  18.5019  19.3927  20.7637  21.2469  22.6245  23.0210
    24.4870  24.6577  27.1971  27.5774  28.3500  28.6469  38.2752  38.8653

          k =-0.4000 0.6000-1.0000 (   116 PWs)   bands (ev):

  -106.3014-105.6031 -48.3837 -47.8142 -47.2747 -47.1069 -46.7299 -45.9998
    14.1617  14.9156  18.6928  19.5872  19.8060  20.5983  23.1354  23.5690
    24.9975  25.1058  26.5319  27.6460  30.4371  31.4029  38.9106  39.5102

          k =-0.6000 0.4000-1.0000 (   116 PWs)   bands (ev):

  -106.3014-105.6031 -48.3837 -47.8142 -47.2747 -47.1069 -46.7299 -45.9998
    14.1617  14.9156  18.6928  19.5872  19.8060  20.5983  23.1354  23.5690
    24.9975  25.1058  26.5319  27.6460  30.4371  31.4029  38.9106  39.5102

          k = 0.5000-0.5000 1.0000 (   118 PWs)   bands (ev):

  -106.3234-105.6260 -49.6803 -48.5821 -48.0490 -47.1695 -46.9750 -46.0630
    14.3815  15.2516  18.5019  19.3927  20.7637  21.2469  22.6245  23.0210
    24.4870  24.6577  27.1971  27.5774  28.3500  28.6469  38.2752  38.8653

          k = 0.6000-0.4000 1.0000 (   116 PWs)   bands (ev):

  -106.3014-105.6031 -48.3837 -47.8142 -47.2747 -47.1069 -46.7299 -45.9998
    14.1617  14.9156  18.6928  19.5872  19.8060  20.5983  23.1354  23.5690
    24.9975  25.1058  26.5319  27.6460  30.4371  31.4029  38.9106  39.5102

          k = 0.4000-0.6000 1.0000 (   116 PWs)   bands (ev):

  -106.3014-105.6031 -48.3837 -47.8142 -47.2747 -47.1069 -46.7299 -45.9998
    14.1617  14.9156  18.6928  19.5872  19.8060  20.5983  23.1354  23.5690
    24.9975  25.1058  26.5319  27.6460  30.4371  31.4029  38.9106  39.5102

          k = 0.0000-0.5000-0.5000 (   118 PWs)   bands (ev):

  -106.3234-105.6260 -49.6803 -48.5821 -48.0490 -47.1695 -46.9750 -46.0630
    14.3815  15.2516  18.5019  19.3927  20.7637  21.2469  22.6245  23.0210
    24.4870  24.6577  27.1971  27.5774  28.3500  28.6469  38.2752  38.8653

          k = 0.1000-0.4000-0.5000 (   118 PWs)   bands (ev):

  -106.3114-105.6143 -49.0814 -48.2319 -48.0037 -47.3795 -47.1280 -46.2797
    14.8229  15.6426  18.2005  19.0923  20.0866  20.8132  22.9897  23.1369
    24.5235  24.9330  26.9811  28.1044  28.7607  29.7711  38.1353  38.8184

          k =-0.1000-0.6000-0.5000 (   118 PWs)   bands (ev):

  -106.3114-105.6143 -49.0814 -48.2319 -48.0037 -47.3795 -47.1280 -46.2797
    14.8229  15.6426  18.2005  19.0923  20.0866  20.8132  22.9897  23.1369
    24.5235  24.9330  26.9811  28.1044  28.7607  29.7711  38.1353  38.8184

          k = 0.0000 0.5000 0.5000 (   118 PWs)   bands (ev):

  -106.3234-105.6260 -49.6803 -48.5821 -48.0490 -47.1695 -46.9750 -46.0630
    14.3815  15.2516  18.5019  19.3927  20.7637  21.2469  22.6245  23.0210
    24.4870  24.6577  27.1971  27.5774  28.3500  28.6469  38.2752  38.8653

          k = 0.1000 0.6000 0.5000 (   118 PWs)   bands (ev):

  -106.3114-105.6143 -49.0814 -48.2319 -48.0037 -47.3795 -47.1280 -46.2797
    14.8229  15.6426  18.2005  19.0923  20.0866  20.8132  22.9897  23.1369
    24.5235  24.9330  26.9811  28.1044  28.7607  29.7711  38.1353  38.8184

          k =-0.1000 0.4000 0.5000 (   118 PWs)   bands (ev):

  -106.3114-105.6143 -49.0814 -48.2319 -48.0037 -47.3795 -47.1280 -46.2797
    14.8229  15.6426  18.2005  19.0923  20.0866  20.8132  22.9897  23.1369
    24.5235  24.9330  26.9811  28.1044  28.7607  29.7711  38.1353  38.8184

          k = 0.0000 0.0000-1.0000 (   116 PWs)   bands (ev):

  -106.3948-105.7024 -48.7461 -48.7461 -48.7461 -47.6537 -47.6537 -47.6537
    16.4273  16.4273  17.7662  17.7662  24.9299  24.9299  24.9299  26.0277
    26.0277  26.0277  29.8077  29.8077  29.8077  30.3041  30.3041  30.3041

          k = 0.1000 0.1000-1.0000 (   116 PWs)   bands (ev):

  -106.3835-105.6907 -48.7002 -48.6874 -48.6170 -47.6072 -47.5946 -47.5238
    16.5528  16.6240  17.8580  17.9549  23.9809  24.0125  24.9926  24.9942
    25.0246  26.1239  28.1498  29.0125  29.7209  30.3115  30.9579  31.5313

          k =-0.1000-0.1000-1.0000 (   116 PWs)   bands (ev):

  -106.3835-105.6907 -48.7002 -48.6874 -48.6170 -47.6072 -47.5946 -47.5238
    16.5528  16.6240  17.8580  17.9549  23.9809  24.0125  24.9926  24.9942
    25.0246  26.1239  28.1498  29.0125  29.7209  30.3115  30.9579  31.5313

          k = 0.0000 0.0000 1.0000 (   116 PWs)   bands (ev):

  -106.3948-105.7024 -48.7461 -48.7461 -48.7461 -47.6537 -47.6537 -47.6537
    16.4273  16.4273  17.7662  17.7662  24.9299  24.9299  24.9299  26.0277
    26.0277  26.0277  29.8077  29.8077  29.8077  30.3041  30.3041  30.3041

          k = 0.1000 0.1000 1.0000 (   116 PWs)   bands (ev):

  -106.3835-105.6907 -48.7002 -48.6874 -48.6170 -47.6072 -47.5946 -47.5238
    16.5528  16.6240  17.8580  17.9549  23.9809  24.0125  24.9926  24.9942
    25.0246  26.1239  28.1498  29.0125  29.7209  30.3115  30.9579  31.5313

          k =-0.1000-0.1000 1.0000 (   116 PWs)   bands (ev):

  -106.3835-105.6907 -48.7002 -48.6874 -48.6170 -47.6072 -47.5946 -47.5238
    16.5528  16.6240  17.8580  17.9549  23.9809  24.0125  24.9926  24.9942
    25.0246  26.1239  28.1498  29.0125  29.7209  30.3115  30.9579  31.5313

     the Fermi energy is    24.2564 ev
     (compare with:    24.2564 eV, computed in scf)

     Writing all to output data dir /g100_work/Sis22_baroni/obaseggi/q-e-develop/tempdir/tmp_magnons/Fe.save/

                                                                                

     bravais-lattice index     =            3
     lattice parameter (a_0)   =       5.4060  a.u.
     unit-cell volume          =      78.9947 (a.u.)^3
     number of atoms/cell      =            1
     number of atomic types    =            1
     kinetic-energy cut-off    =      20.0000  Ry
     charge density cut-off    =      80.0000  Ry
     Exchange-correlation= PW
                           (   1   4   0   0   0   0   0)
     Noncollinear calculation without spin-orbit

     celldm(1)=    5.40600  celldm(2)=    0.00000  celldm(3)=    0.00000
     celldm(4)=    0.00000  celldm(5)=    0.00000  celldm(6)=    0.00000

     crystal axes: (cart. coord. in units of a_0)
               a(1) = (  0.5000  0.5000  0.5000 )  
               a(2) = ( -0.5000  0.5000  0.5000 )  
               a(3) = ( -0.5000 -0.5000  0.5000 )  

     reciprocal axes: (cart. coord. in units 2 pi/a_0)
               b(1) = (  1.0000  0.0000  1.0000 )  
               b(2) = ( -1.0000  1.0000  0.0000 )  
               b(3) = (  0.0000 -1.0000  1.0000 )  


     Atoms inside the unit cell: 

   Cartesian axes

     site n.  atom      mass           positions (a_0 units)
        1        Fe  55.8500   tau( 1) = (    0.00000    0.00000    0.00000  )
 
     No symmetry!
                                    s                        frac. trans.

      isym =  1     identity                                     

 Time Reversal  0
 cryst.   s( 1) = (     1          0          0      )
                  (     0          1          0      )
                  (     0          0          1      )

 cart.    s( 1) = (  1.0000000  0.0000000  0.0000000 )
                  (  0.0000000  1.0000000  0.0000000 )
                  (  0.0000000  0.0000000  1.0000000 )


     G cutoff =   59.2219  (    959 G-vectors)     FFT grid: ( 15, 15, 15)

     number of k points=    48  Gaussian smearing, width (Ry)=  0.0200
                       cart. coord. in units 2pi/a_0
        k(    1) = (   0.0000000   0.0000000   0.0000000), wk =   0.0625000
        k(    2) = (   0.1000000   0.1000000   0.0000000), wk =   0.0000000
        k(    3) = (  -0.1000000  -0.1000000   0.0000000), wk =   0.0000000
        k(    4) = (   0.0000000   0.0000000   0.0000000), wk =   0.0625000
        k(    5) = (   0.1000000   0.1000000   0.0000000), wk =   0.0000000
        k(    6) = (  -0.1000000  -0.1000000   0.0000000), wk =   0.0000000
        k(    7) = (   0.0000000   0.5000000  -0.5000000), wk =   0.0625000
        k(    8) = (   0.1000000   0.6000000  -0.5000000), wk =   0.0000000
        k(    9) = (  -0.1000000   0.4000000  -0.5000000), wk =   0.0000000
        k(   10) = (   0.0000000  -0.5000000   0.5000000), wk =   0.0625000
        k(   11) = (   0.1000000  -0.4000000   0.5000000), wk =   0.0000000
        k(   12) = (  -0.1000000  -0.6000000   0.5000000), wk =   0.0000000
        k(   13) = (   0.5000000  -0.5000000   0.0000000), wk =   0.0625000
        k(   14) = (   0.6000000  -0.4000000   0.0000000), wk =   0.0000000
        k(   15) = (   0.4000000  -0.6000000   0.0000000), wk =   0.0000000
        k(   16) = (  -0.5000000   0.5000000   0.0000000), wk =   0.0625000
        k(   17) = (  -0.4000000   0.6000000   0.0000000), wk =   0.0000000
        k(   18) = (  -0.6000000   0.4000000   0.0000000), wk =   0.0000000
        k(   19) = (   0.5000000   0.0000000  -0.5000000), wk =   0.0625000
        k(   20) = (   0.6000000   0.1000000  -0.5000000), wk =   0.0000000
        k(   21) = (   0.4000000  -0.1000000  -0.5000000), wk =   0.0000000
        k(   22) = (  -0.5000000   0.0000000   0.5000000), wk =   0.0625000
        k(   23) = (  -0.4000000   0.1000000   0.5000000), wk =   0.0000000
        k(   24) = (  -0.6000000  -0.1000000   0.5000000), wk =   0.0000000
        k(   25) = (  -0.5000000   0.0000000  -0.5000000), wk =   0.0625000
        k(   26) = (  -0.4000000   0.1000000  -0.5000000), wk =   0.0000000
        k(   27) = (  -0.6000000  -0.1000000  -0.5000000), wk =   0.0000000
        k(   28) = (   0.5000000   0.0000000   0.5000000), wk =   0.0625000
        k(   29) = (   0.6000000   0.1000000   0.5000000), wk =   0.0000000
        k(   30) = (   0.4000000  -0.1000000   0.5000000), wk =   0.0000000
        k(   31) = (  -0.5000000   0.5000000  -1.0000000), wk =   0.0625000
        k(   32) = (  -0.4000000   0.6000000  -1.0000000), wk =   0.0000000
        k(   33) = (  -0.6000000   0.4000000  -1.0000000), wk =   0.0000000
        k(   34) = (   0.5000000  -0.5000000   1.0000000), wk =   0.0625000
        k(   35) = (   0.6000000  -0.4000000   1.0000000), wk =   0.0000000
        k(   36) = (   0.4000000  -0.6000000   1.0000000), wk =   0.0000000
        k(   37) = (   0.0000000  -0.5000000  -0.5000000), wk =   0.0625000
        k(   38) = (   0.1000000  -0.4000000  -0.5000000), wk =   0.0000000
        k(   39) = (  -0.1000000  -0.6000000  -0.5000000), wk =   0.0000000
        k(   40) = (   0.0000000   0.5000000   0.5000000), wk =   0.0625000
        k(   41) = (   0.1000000   0.6000000   0.5000000), wk =   0.0000000
        k(   42) = (  -0.1000000   0.4000000   0.5000000), wk =   0.0000000
        k(   43) = (   0.0000000   0.0000000  -1.0000000), wk =   0.0625000
        k(   44) = (   0.1000000   0.1000000  -1.0000000), wk =   0.0000000
        k(   45) = (  -0.1000000  -0.1000000  -1.0000000), wk =   0.0000000
        k(   46) = (   0.0000000   0.0000000   1.0000000), wk =   0.0625000
        k(   47) = (   0.1000000   0.1000000   1.0000000), wk =   0.0000000
        k(   48) = (  -0.1000000  -0.1000000   1.0000000), wk =   0.0000000

     PseudoPot. # 1 for Fe read from file:
     /g100_work/Sis22_baroni/obaseggi/q-e-develop/pseudo/Fe.lda-pseudoDojo.UPF
     MD5 check sum: b1fb9d3cb1d156aba92c681262384fac
     Pseudo is Norm-conserving + core correction, Zval = 16.0
     Generated using ONCVPSP code by D. R. Hamann
     Using radial grid of 1408 points,  6 beta functions with: 
                l(1) =   0
                l(2) =   0
                l(3) =   1
                l(4) =   1
                l(5) =   2
                l(6) =   2


     magnon calculation, n_ipol =   1 n_op =   3

     LANCZOS LINEAR-RESPONSE SPECTRUM CALCULATION
      
     Number of Lanczos iterations =    100

     Starting Lanczos loop        2

     Lanczos iteration:      1
     alpha(00000001)=    -0.00000000007577    -0.00000000005833
     beta (00000001)=     1.86880248279459
     gamma(00000001)=     1.86880248279459     0.00000000000000
     z1=       1  0.953383628832773E-15  0.164872010062631E+01
     z1=       2 -0.897386245377724E-10 -0.216271383076905E-16
     z1=       3  0.578906985500147E-11 -0.825790656729865E-04

     Lanczos iteration:      2
     alpha(00000002)=     0.00000000076757    -0.00000000235257
     beta (00000002)=     1.84586453598759
     gamma(00000002)=     1.84586453598759     0.00000000127728
     z1=       1  0.106084782798295E-09 -0.690526554685075E-09
     z1=       2 -0.420095827835581E+00 -0.599511033597647E-10
     z1=       3 -0.275746507244655E-06  0.391981453322416E-09

     Lanczos iteration:      3
     alpha(00000003)=     0.00000000426014     0.00000000237387
     beta (00000003)=    18.20153790452581
     gamma(00000003)=    18.20153790452581    -0.00000001167285
     z1=       1 -0.106579035295914E-09 -0.135675643507942E+00
     z1=       2  0.995541570459214E-10  0.182652643899753E-09
     z1=       3  0.985042153017788E-10  0.678969547672350E-05

     Lanczos iteration:      4
     alpha(00000004)=    -0.00000001515146    -0.00000000112970
     beta (00000004)=    10.87778844820331
     gamma(00000004)=    10.87778844820331     0.00000001548478
     z1=       1 -0.182134621723789E-09  0.107397444466044E-08
     z1=       2  0.410799117132734E+00  0.447863955111378E-09
     z1=       3  0.473678926372251E-06 -0.566695329031674E-09

     Lanczos iteration:      5
     alpha(00000005)=     0.00000001296979     0.00000000018498
     beta (00000005)=    11.04252653687058
     gamma(00000005)=    11.04252653687058    -0.00000000391672
     z1=       1  0.329600295986727E-09  0.970626864743639E-01
     z1=       2  0.429890474123393E-09 -0.889771120655303E-10
     z1=       3 -0.186694737236486E-09 -0.484973735162195E-05

     Lanczos iteration:      6
     alpha(00000006)=     0.00000001129949     0.00000000004469
     beta (00000006)=    12.75535624189261
     gamma(00000006)=    12.75535624189261    -0.00000000698273
     z1=       1  0.218043246022671E-09 -0.586893696640328E-09
     z1=       2 -0.278354337250630E+00 -0.483609375003355E-09
     z1=       3 -0.427683643304950E-06 -0.187958128934750E-10

     Lanczos iteration:      7
     alpha(00000007)=    -0.00000000211791     0.00000000100377
     beta (00000007)=    12.13773822068892
     gamma(00000007)=    12.13773822068892     0.00000001551088
     z1=       1 -0.313238312527784E-09 -0.120437658329464E+00
     z1=       2 -0.559264700323006E-10  0.329795831647559E-10
     z1=       3  0.894728524130388E-10  0.602516406007455E-05

     Lanczos iteration:      8
     alpha(00000008)=     0.00000004163883     0.00000000093680
     beta (00000008)=    12.34675155449053
     gamma(00000008)=    12.34675155449053    -0.00000000968724
     z1=       1 -0.982242594879324E-11  0.522413299910463E-09
     z1=       2  0.221787730183209E+00 -0.599811469713674E-10
     z1=       3  0.430261956613737E-06  0.259677793575842E-09

     Lanczos iteration:      9
     alpha(00000009)=    -0.00000002395826     0.00000000076026
     beta (00000009)=    18.97661016227282
     gamma(00000009)=    18.97661016227282     0.00000000474550
     z1=       1  0.225034593902715E-09  0.832192467292668E-01
     z1=       2 -0.441839867552714E-09 -0.560633539797383E-10
     z1=       3 -0.131086829286407E-09 -0.416351850739822E-05

     Lanczos iteration:     10
     alpha(00000010)=    -0.00000002644618    -0.00000000372612
     beta (00000010)=    13.54192743229494
     gamma(00000010)=    13.54192743229494    -0.00000000626519
     z1=       1 -0.100718355291805E-09 -0.127468733375064E-09
     z1=       2 -0.286641467818938E+00  0.252410812674104E-09
     z1=       3 -0.607041653971528E-06 -0.394375143649034E-09

     Lanczos iteration:     11
     alpha(00000011)=     0.00000000434340    -0.00000000316282
     beta (00000011)=    11.03440406400810
     gamma(00000011)=    11.03440406400810     0.00000000832429
     z1=       1 -0.317099255571386E-09 -0.845514274575446E-01
     z1=       2 -0.123800806584580E-09  0.216241909959083E-09
     z1=       3  0.130440364709573E-09  0.422445083221721E-05

     Lanczos iteration:     12
     alpha(00000012)=     0.00000003748221    -0.00000000517751
     beta (00000012)=    10.23145295754312
     gamma(00000012)=    10.23145295754312    -0.00000001165482
     z1=       1  0.456692449449727E-10 -0.103580610449421E-08
     z1=       2  0.279464284008504E+00 -0.573691184074122E-09
     z1=       3  0.659406772038246E-06  0.312047197902574E-09

     Lanczos iteration:     13
     alpha(00000013)=     0.00000000346765     0.00000000013688
     beta (00000013)=    12.88791981536238
     gamma(00000013)=    12.88791981536238     0.00000000702398
     z1=       1 -0.676030332244821E-11  0.405818847480159E-01
     z1=       2 -0.659466896970333E-09 -0.254780998893077E-09
     z1=       3  0.681461721389771E-10 -0.202079155653459E-05

     Lanczos iteration:     14
     alpha(00000014)=     0.00000000944451     0.00000000341492
     beta (00000014)=    14.21264656305190
     gamma(00000014)=    14.21264656305190    -0.00000000057023
     z1=       1  0.189370313663305E-10  0.586231821012962E-09
     z1=       2 -0.238946799917236E+00  0.696566522444886E-09
     z1=       3 -0.612316098202471E-06 -0.255127644893196E-09

     Lanczos iteration:     15
     alpha(00000015)=     0.00000003714648     0.00000000245217
     beta (00000015)=    12.77867518217873
     gamma(00000015)=    12.77867518217873     0.00000001149274
     z1=       1  0.104881492254731E-10 -0.820322096251263E-01
     z1=       2  0.982273185964852E-09  0.169110505731064E-09
     z1=       3 -0.903929226745507E-10  0.410329432002169E-05

     Lanczos iteration:     16
     alpha(00000016)=    -0.00000000326150    -0.00000000074432
     beta (00000016)=    14.46501989274478
     gamma(00000016)=    14.46501989274478    -0.00000000540616
     z1=       1 -0.907466272127168E-10 -0.111993468321336E-09
     z1=       2  0.198651513172685E+00 -0.751224509822876E-09
     z1=       3  0.572063822408604E-06  0.161355245389430E-09

     Lanczos iteration:     17
     alpha(00000017)=    -0.00000000153793     0.00000000031806
     beta (00000017)=    14.85444491383904
     gamma(00000017)=    14.85444491383904     0.00000000267384
     z1=       1 -0.221957641894421E-09  0.855025164279189E-01
     z1=       2 -0.921957289875721E-09  0.165449156629841E-10
     z1=       3 -0.437583728957297E-10 -0.427825765096013E-05

     Lanczos iteration:     18
     alpha(00000018)=    -0.00000006110321     0.00000000591467
     beta (00000018)=    14.67850866426513
     gamma(00000018)=    14.67850866426513    -0.00000000947034
     z1=       1  0.122788192786616E-09  0.417994130558087E-09
     z1=       2 -0.191264649248203E+00  0.891507363036323E-09
     z1=       3 -0.578851429708470E-06 -0.119629387477571E-09

     Lanczos iteration:     19
     alpha(00000019)=     0.00000002287977    -0.00000000103406
     beta (00000019)=    12.92242749535959
     gamma(00000019)=    12.92242749535959     0.00000000073708
     z1=       1  0.469786533932930E-09 -0.707087005052744E-01
     z1=       2  0.234965814218527E-09 -0.108371224936038E-09
     z1=       3  0.893343430756574E-10  0.353258079610489E-05

     Lanczos iteration:     20
     alpha(00000020)=     0.00000005771898    -0.00000000524209
     beta (00000020)=    13.47137921616545
     gamma(00000020)=    13.47137921616545    -0.00000000541386
     z1=       1 -0.105779912110548E-09 -0.192587415834908E-09
     z1=       2  0.173108621288037E+00 -0.101094182710308E-08
     z1=       3  0.540684415421927E-06  0.162446851526409E-09

     Lanczos iteration:     21
     alpha(00000021)=    -0.00000002995856    -0.00000000279525
     beta (00000021)=    13.59043499356644
     gamma(00000021)=    13.59043499356644     0.00000000693863
     z1=       1 -0.388739371853882E-09  0.925856570149210E-01
     z1=       2 -0.840005611382046E-09 -0.104563484442389E-09
     z1=       3 -0.634677312152444E-10 -0.463291541775198E-05

     Lanczos iteration:     22
     alpha(00000022)=     0.00000001249967    -0.00000000245471
     beta (00000022)=    12.80281771033114
     gamma(00000022)=    12.80281771033114     0.00000001472554
     z1=       1  0.371654561525391E-10  0.101425081618019E-09
     z1=       2 -0.172723147417378E+00  0.114955597915053E-08
     z1=       3 -0.619814761952667E-06  0.816522622090366E-10

     Lanczos iteration:     23
     alpha(00000023)=     0.00000003677903    -0.00000000496293
     beta (00000023)=    13.47860665501049
     gamma(00000023)=    13.47860665501049     0.00000000992379
     z1=       1  0.163600060794877E-09 -0.983674980891821E-01
     z1=       2  0.859081234831729E-09  0.317983520257457E-09
     z1=       3  0.383661474664231E-10  0.492446054517853E-05

     Lanczos iteration:     24
     alpha(00000024)=    -0.00000003307444    -0.00000000012883
     beta (00000024)=    14.09960388073971
     gamma(00000024)=    14.09960388073970     0.00000000523908
     z1=       1 -0.162717285543093E-09  0.164286518812848E-09
     z1=       2  0.156069218364123E+00 -0.111546226143713E-08
     z1=       3  0.586992735783547E-06 -0.213515698812570E-09

     Lanczos iteration:     25
     alpha(00000025)=    -0.00000006782569     0.00000000216876
     beta (00000025)=    14.83692742092722
     gamma(00000025)=    14.83692742092722    -0.00000001144284
     z1=       1 -0.149164002854488E-09  0.787352997664215E-01
     z1=       2 -0.358449546209140E-09 -0.218446316159491E-09
     z1=       3 -0.112266396568134E-09 -0.393668429328361E-05

     Lanczos iteration:     26
     alpha(00000026)=    -0.00000006638027    -0.00000000460140
     beta (00000026)=    11.97001108121852
     gamma(00000026)=    11.97001108121852    -0.00000001543213
     z1=       1  0.249968097697062E-10  0.417511921958779E-09
     z1=       2 -0.185059450988545E+00  0.982385062478083E-09
     z1=       3 -0.714501192704957E-06  0.182662200811455E-09

     Lanczos iteration:     27
     alpha(00000027)=     0.00000003700927     0.00000000926476
     beta (00000027)=    12.87377308422192
     gamma(00000027)=    12.87377308422192    -0.00000001577094
     z1=       1  0.256968368590765E-09 -0.801736696756186E-01
     z1=       2 -0.527132750639610E-09  0.169815339480022E-10
     z1=       3 -0.921559847611968E-10  0.400564851860046E-05

     Lanczos iteration:     28
     alpha(00000028)=     0.00000002814193     0.00000002399441
     beta (00000028)=    14.56745544828761
     gamma(00000028)=    14.56745544828761    -0.00000001302882
     z1=       1  0.883773489076759E-10 -0.276926313745708E-09
     z1=       2  0.158239658563166E+00 -0.694576708227578E-09
     z1=       3  0.627434385240902E-06 -0.310647827002415E-09

     Lanczos iteration:     29
     alpha(00000029)=    -0.00000003571319     0.00000001645010
     beta (00000029)=    14.75356118784891
     gamma(00000029)=    14.75356118784891     0.00000000521990
     z1=       1 -0.345885768678761E-09  0.839371286586712E-01
     z1=       2  0.341321461422140E-09  0.153321947099652E-09
     z1=       3  0.140634002480178E-09 -0.419385351727542E-05

     Lanczos iteration:     30
     alpha(00000030)=    -0.00000007246423     0.00000000198347
     beta (00000030)=    13.67588726280126
     gamma(00000030)=    13.67588726280127     0.00000000968957
     z1=       1 -0.204556979641845E-09  0.130563311992403E-09
     z1=       2 -0.164746345954918E+00  0.848192025914126E-09
     z1=       3 -0.642679899009612E-06  0.459062267771424E-09

     Lanczos iteration:     31
     alpha(00000031)=    -0.00000007328818    -0.00000000286079
     beta (00000031)=    13.29176404161401
     gamma(00000031)=    13.29176404161401     0.00000002829623
     z1=       1  0.290947257859422E-09 -0.739382587267759E-01
     z1=       2 -0.151174079053678E-08 -0.169324780300141E-09
     z1=       3 -0.371363254206775E-10  0.368976555178614E-05

     Lanczos iteration:     32
     alpha(00000032)=    -0.00000003229403    -0.00000000039059
     beta (00000032)=    12.73082858626317
     gamma(00000032)=    12.73082858626317     0.00000001064216
     z1=       1  0.179018213540204E-09  0.109788925241449E-09
     z1=       2  0.164035226770884E+00 -0.137174725045964E-08
     z1=       3  0.607265853125209E-06 -0.173794040855281E-09

     Lanczos iteration:     33
     alpha(00000033)=    -0.00000009601246     0.00000000391846
     beta (00000033)=    13.49718866839448
     gamma(00000033)=    13.49718866839448     0.00000000608852
     z1=       1 -0.261919167000735E-09  0.764417253971476E-01
     z1=       2  0.193891328703496E-08  0.198188503391187E-09
     z1=       3 -0.328618836327908E-10 -0.381427461078009E-05

     Lanczos iteration:     34
     alpha(00000034)=     0.00000001829946     0.00000000008522
     beta (00000034)=    15.28094491883948
     gamma(00000034)=    15.28094491883948    -0.00000002242057
     z1=       1 -0.155927706858832E-10  0.342416679930120E-09
     z1=       2 -0.139642933528464E+00  0.128582904529640E-08
     z1=       3 -0.587457266579401E-06  0.589056712301180E-10

     Lanczos iteration:     35
     alpha(00000035)=     0.00000001268975    -0.00000000292422
     beta (00000035)=    13.85342386545511
     gamma(00000035)=    13.85342386545511    -0.00000002612577
     z1=       1  0.465532268980713E-09 -0.968299512884144E-01
     z1=       2 -0.197700982050798E-08 -0.236813952071414E-09
     z1=       3  0.715884375938863E-10  0.483320376343529E-05

     Lanczos iteration:     36
     alpha(00000036)=    -0.00000003059338     0.00000001706790
     beta (00000036)=    12.81073322317991
     gamma(00000036)=    12.81073322317991    -0.00000001897750
     z1=       1 -0.126490585655632E-09 -0.100338651971069E-09
     z1=       2  0.145790586369469E+00 -0.975161198269239E-09
     z1=       3  0.578046610802284E-06 -0.102913037027496E-09

     Lanczos iteration:     37
     alpha(00000037)=    -0.00000013155494     0.00000004285474
     beta (00000037)=    13.68536330740099
     gamma(00000037)=    13.68536330740099    -0.00000000078733
     z1=       1 -0.646922115725486E-09  0.806341086974134E-01
     z1=       2  0.203560955941327E-08  0.290500971006996E-09
     z1=       3 -0.108014244483654E-09 -0.401750289190932E-05

     Lanczos iteration:     38
     alpha(00000038)=    -0.00000023230882     0.00000005894450
     beta (00000038)=    13.60786431483467
     gamma(00000038)=    13.60786431483467     0.00000000148644
     z1=       1 -0.958654422179006E-10  0.433227200606165E-09
     z1=       2 -0.142251370188970E+00  0.810063221455442E-09
     z1=       3 -0.459232980721650E-06  0.890185833414767E-10

     Lanczos iteration:     39
     alpha(00000039)=    -0.00000027083626     0.00000005098003
     beta (00000039)=    13.91613461638023
     gamma(00000039)=    13.91613461638023     0.00000001511876
     z1=       1  0.630158649413407E-09 -0.701055511677457E-01
     z1=       2 -0.403904938191484E-08 -0.824447653747981E-09
     z1=       3  0.229450873019691E-09  0.348695386319370E-05

     Lanczos iteration:     40
     alpha(00000040)=    -0.00000013590953     0.00000000989041
     beta (00000040)=    14.22640801593122
     gamma(00000040)=    14.22640801593122     0.00000000652789
     z1=       1  0.608347412114685E-09 -0.193078765825584E-08
     z1=       2  0.134512665423078E+00 -0.917410941242506E-09
     z1=       3  0.485104745051427E-06  0.203113302308166E-09

     Lanczos iteration:     41
     alpha(00000041)=    -0.00000005237616    -0.00000002449349
     beta (00000041)=    14.10211374469727
     gamma(00000041)=    14.10211374469727     0.00000000594646
     z1=       1 -0.580109353304434E-09  0.831790661760567E-01
     z1=       2  0.501932467178327E-08  0.858062041695262E-09
     z1=       3 -0.136371927643236E-09 -0.414291569013581E-05

     Lanczos iteration:     42
     alpha(00000042)=    -0.00000020198526    -0.00000000208841
     beta (00000042)=    13.44006392113074
     gamma(00000042)=    13.44006392113074    -0.00000000730655
     z1=       1 -0.758382232442507E-09  0.324216017219308E-08
     z1=       2 -0.135299900758382E+00  0.937737048583566E-09
     z1=       3 -0.554882214335124E-06 -0.600673211907268E-09

     Lanczos iteration:     43
     alpha(00000043)=    -0.00000016611236     0.00000000093221
     beta (00000043)=    13.83412652293732
     gamma(00000043)=    13.83412652293732    -0.00000000772470
     z1=       1  0.498994141376604E-09 -0.856486901830220E-01
     z1=       2 -0.659037687769487E-08 -0.754026979408697E-09
     z1=       3  0.121977750016925E-09  0.426797411249227E-05

     Lanczos iteration:     44
     alpha(00000044)=    -0.00000014076597    -0.00000000855136
     beta (00000044)=    13.90468728360248
     gamma(00000044)=    13.90468728360248    -0.00000001812908
     z1=       1  0.504734622906040E-09 -0.382543621463578E-08
     z1=       2  0.130196816543894E+00 -0.743617148079429E-09
     z1=       3  0.437148480535608E-06  0.488612436487801E-09

     Lanczos iteration:     45
     alpha(00000045)=     0.00000004044668    -0.00000001721645
     beta (00000045)=    14.25105033280958
     gamma(00000045)=    14.25105033280958     0.00000000026044
     z1=       1 -0.660540537318164E-09  0.777424201027147E-01
     z1=       2  0.768957606519662E-08  0.593112443443983E-09
     z1=       3 -0.157739443219842E-09 -0.387003474246957E-05

     Lanczos iteration:     46
     alpha(00000046)=     0.00000005338569    -0.00000000907575
     beta (00000046)=    13.89580971195315
     gamma(00000046)=    13.89580971195315     0.00000000656661
     z1=       1 -0.447509954208905E-09  0.427241312106244E-08
     z1=       2 -0.131454359873974E+00  0.730636626138648E-09
     z1=       3 -0.463519516956808E-06 -0.281837831273513E-10

     Lanczos iteration:     47
     alpha(00000047)=    -0.00000010641915     0.00000001476688
     beta (00000047)=    13.45308212198204
     gamma(00000047)=    13.45308212198204    -0.00000000032345
     z1=       1  0.671709133478685E-09 -0.796546914031336E-01
     z1=       2 -0.734195143604795E-08 -0.579660207215171E-09
     z1=       3 -0.102028763599646E-10  0.396530746354961E-05

     Lanczos iteration:     48
     alpha(00000048)=     0.00000036453578    -0.00000004831324
     beta (00000048)=    15.10478555037747
     gamma(00000048)=    15.10478555037747     0.00000000907360
     z1=       1  0.432209571686989E-09 -0.448766754284210E-08
     z1=       2  0.114357460264829E+00 -0.612689685668609E-09
     z1=       3  0.486154917687081E-06 -0.322556869128310E-09

     Lanczos iteration:     49
     alpha(00000049)=     0.00000019482944    -0.00000006229270
     beta (00000049)=    13.47160399276555
     gamma(00000049)=    13.47160399276555     0.00000001645522
     z1=       1 -0.459813236830070E-09  0.965652500683638E-01
     z1=       2  0.482465102867946E-08  0.133355208587497E-09
     z1=       3  0.301327738628782E-11 -0.481301799883301E-05

     Lanczos iteration:     50
     alpha(00000050)=     0.00000009859224    -0.00000006041014
     beta (00000050)=    13.34237722768535
     gamma(00000050)=    13.34237722768535     0.00000002528758
     z1=       1  0.288850072140062E-10  0.380989901417190E-08
     z1=       2 -0.110089497555045E+00  0.804613077588340E-09
     z1=       3 -0.448455621749794E-06  0.246690265924974E-09

     Lanczos iteration:     51
     alpha(00000051)=     0.00000011100265    -0.00000003661761
     beta (00000051)=    13.61029836333613
     gamma(00000051)=    13.61029836333613     0.00000002913620
     z1=       1  0.159467757805477E-09 -0.937085735206191E-01
     z1=       2 -0.381785849504015E-08  0.486312184420819E-09
     z1=       3  0.484061806198065E-10  0.467103402183177E-05

     Lanczos iteration:     52
     alpha(00000052)=     0.00000014670649    -0.00000000114518
     beta (00000052)=    14.26575801409700
     gamma(00000052)=    14.26575801409699     0.00000000561543
     z1=       1 -0.433613511599252E-09 -0.254468256893521E-08
     z1=       2  0.100287795352723E+00 -0.977074803417970E-09
     z1=       3  0.424729969953004E-06 -0.177696659251471E-09

     Lanczos iteration:     53
     alpha(00000053)=     0.00000026130288     0.00000001519614
     beta (00000053)=    14.38928830158233
     gamma(00000053)=    14.38928830158233    -0.00000002827055
     z1=       1 -0.210201557059176E-09  0.899456162631085E-01
     z1=       2  0.249619087112775E-08 -0.390018127358769E-09
     z1=       3  0.356881907453854E-11 -0.448175875963066E-05

     Lanczos iteration:     54
     alpha(00000054)=     0.00000004519927     0.00000000560805
     beta (00000054)=    12.76747257604993
     gamma(00000054)=    12.76747257604993    -0.00000002013767
     z1=       1  0.379629922489272E-09  0.222032425047139E-08
     z1=       2 -0.108101082070921E+00  0.911115377121854E-09
     z1=       3 -0.580981001823896E-06  0.257214000214987E-09

     Lanczos iteration:     55
     alpha(00000055)=     0.00000006904230     0.00000001032921
     beta (00000055)=    14.15962487307737
     gamma(00000055)=    14.15962487307737    -0.00000001633228
     z1=       1  0.277682434878769E-09 -0.851137759878463E-01
     z1=       2 -0.171939648821168E-08  0.191011977028900E-09
     z1=       3  0.699590449593981E-11  0.424274372207537E-05

     Lanczos iteration:     56
     alpha(00000056)=     0.00000006903664     0.00000001685463
     beta (00000056)=    13.86291889521449
     gamma(00000056)=    13.86291889521449    -0.00000000559895
     z1=       1 -0.235305882018692E-09 -0.212638341829763E-08
     z1=       2  0.107357491202622E+00 -0.850958051832242E-09
     z1=       3  0.577630898620907E-06 -0.424470959946566E-09

     Lanczos iteration:     57
     alpha(00000057)=     0.00000001242045     0.00000002372599
     beta (00000057)=    13.87056215864196
     gamma(00000057)=    13.87056215864196    -0.00000000042165
     z1=       1 -0.382314320384780E-09  0.804356315563912E-01
     z1=       2  0.101735432844627E-08 -0.631454921066727E-10
     z1=       3 -0.775710300899951E-10 -0.401039882058832E-05

     Lanczos iteration:     58
     alpha(00000058)=     0.00000003527912     0.00000002535204
     beta (00000058)=    13.51963772721362
     gamma(00000058)=    13.51963772721362     0.00000001575867
     z1=       1 -0.489586001167754E-10  0.194880946668859E-08
     z1=       2 -0.107369173914197E+00  0.809575522529823E-09
     z1=       3 -0.552062311665271E-06  0.486126321625895E-09

     Lanczos iteration:     59
     alpha(00000059)=     0.00000014875477     0.00000003315867
     beta (00000059)=    13.69267596185913
     gamma(00000059)=    13.69267596185913     0.00000001060213
     z1=       1  0.388934404273343E-09 -0.816788287529992E-01
     z1=       2 -0.841481285745319E-09 -0.266969491583359E-09
     z1=       3  0.167374472923469E-09  0.407611361462881E-05

     Lanczos iteration:     60
     alpha(00000060)=     0.00000014102721     0.00000006904749
     beta (00000060)=    13.53733988926779
     gamma(00000060)=    13.53733988926779     0.00000000485336
     z1=       1  0.371960551024888E-09 -0.535157712268349E-09
     z1=       2  0.104324604661626E+00 -0.106763041099647E-08
     z1=       3  0.693710197581342E-06 -0.284241044934982E-09

     Lanczos iteration:     61
     alpha(00000061)=     0.00000016213520     0.00000009155999
     beta (00000061)=    13.95945011789336
     gamma(00000061)=    13.95945011789336    -0.00000002236204
     z1=       1 -0.367727506854644E-09  0.837242746834489E-01
     z1=       2 -0.290523123300405E-09  0.928976807873841E-09
     z1=       3 -0.171398532861290E-09 -0.418286830524657E-05

     Lanczos iteration:     62
     alpha(00000062)=     0.00000025053585     0.00000009513834
     beta (00000062)=    13.64452174685436
     gamma(00000062)=    13.64452174685436    -0.00000004187065
     z1=       1 -0.821824226570306E-09 -0.522175727707163E-09
     z1=       2 -0.103203263029878E+00  0.873354113306549E-09
     z1=       3 -0.713619951472374E-06  0.197760010178097E-09

     Lanczos iteration:     63
     alpha(00000063)=     0.00000007585710     0.00000005093306
     beta (00000063)=    14.21760602141619
     gamma(00000063)=    14.21760602141619    -0.00000003153557
     z1=       1  0.615513881396302E-09 -0.830938628346688E-01
     z1=       2  0.215053080721420E-08 -0.146313564085175E-08
     z1=       3 -0.105034548447631E-09  0.414974018953295E-05

     Lanczos iteration:     64
     alpha(00000064)=     0.00000012578693     0.00000014310316
     beta (00000064)=    13.09276219573684
     gamma(00000064)=    13.09276219573684    -0.00000002695856
     z1=       1  0.142298788840563E-08  0.156887294806870E-08
     z1=       2  0.110268914987846E+00 -0.652519341081543E-09
     z1=       3  0.760585402804462E-06 -0.274276831593608E-10

     Lanczos iteration:     65
     alpha(00000065)=     0.00000001588227     0.00000020933710
     beta (00000065)=    13.69438007913401
     gamma(00000065)=    13.69438007913401    -0.00000003291055
     z1=       1 -0.849062755243266E-09  0.660757181997062E-01
     z1=       2 -0.292195824220573E-08  0.261341188353713E-08
     z1=       3  0.233518893574196E-09 -0.329401454792496E-05

     Lanczos iteration:     66
     alpha(00000066)=     0.00000032582024     0.00000049374698
     beta (00000066)=    12.97702252838611
     gamma(00000066)=    12.97702252838611    -0.00000007009324
     z1=       1 -0.169500017026881E-08 -0.137127445146026E-08
     z1=       2 -0.114838485456618E+00  0.404912293877598E-09
     z1=       3 -0.820401415637552E-06  0.391112491984018E-09

     Lanczos iteration:     67
     alpha(00000067)=     0.00000047792147     0.00000063536031
     beta (00000067)=    13.74382598463658
     gamma(00000067)=    13.74382598463658    -0.00000013062683
     z1=       1  0.959472840526285E-09 -0.639186378131316E-01
     z1=       2  0.541946883132682E-08 -0.652690888897245E-08
     z1=       3 -0.342087842742946E-09  0.319051305533853E-05

     Lanczos iteration:     68
     alpha(00000068)=     0.00000055838856     0.00000066848573
     beta (00000068)=    13.88420313431071
     gamma(00000068)=    13.88420313431071    -0.00000015993885
     z1=       1  0.597685616222263E-08  0.516488660560396E-08
     z1=       2  0.110660445665559E+00  0.986600350144993E-09
     z1=       3  0.897097845766275E-06 -0.693765007875466E-09

     Lanczos iteration:     69
     alpha(00000069)=     0.00000059314997     0.00000052468070
     beta (00000069)=    14.07843317959704
     gamma(00000069)=    14.07843317959703    -0.00000013494075
     z1=       1 -0.194888405197430E-08  0.691157226559669E-01
     z1=       2 -0.948037759413001E-08  0.111934798946244E-07
     z1=       3  0.204742756495079E-09 -0.345440896044120E-05

     Lanczos iteration:     70
     alpha(00000070)=     0.00000047835488     0.00000040370231
     beta (00000070)=    13.97614804492234
     gamma(00000070)=    13.97614804492234    -0.00000010736256
     z1=       1 -0.783644117196737E-08 -0.697422437240329E-08
     z1=       2 -0.108042492981049E+00 -0.211677306659102E-08
     z1=       3 -0.812343448934069E-06  0.652374419201093E-09

     Lanczos iteration:     71
     alpha(00000071)=     0.00000086640048     0.00000079187447
     beta (00000071)=    13.45391679873478
     gamma(00000071)=    13.45391679873478    -0.00000013858472
     z1=       1  0.224242217478661E-08 -0.729232480190312E-01
     z1=       2  0.135106304639882E-07 -0.144817583439024E-07
     z1=       3 -0.152889650062295E-09  0.364331569098617E-05

     Lanczos iteration:     72
     alpha(00000072)=     0.00000130986545     0.00000130643175
     beta (00000072)=    13.48183357532338
     gamma(00000072)=    13.48183357532337    -0.00000024480630
     z1=       1  0.131548990273437E-07  0.130434269203032E-07
     z1=       2  0.105445650801679E+00  0.300907629000262E-08
     z1=       3  0.924883596142118E-06 -0.247948622016474E-09

     Lanczos iteration:     73
     alpha(00000073)=     0.00000078590924     0.00000093713475
     beta (00000073)=    14.10063986761333
     gamma(00000073)=    14.10063986761333    -0.00000025636117
     z1=       1 -0.387490348796066E-08  0.642745650571842E-01
     z1=       2 -0.224796099297439E-07  0.236243867950025E-07
     z1=       3  0.741208637419229E-10 -0.320802259822002E-05

     Lanczos iteration:     74
     alpha(00000074)=     0.00000156633558     0.00000176428712
     beta (00000074)=    13.43404512705141
     gamma(00000074)=    13.43404512705141    -0.00000029232389
     z1=       1 -0.145972662437468E-07 -0.142304006931786E-07
     z1=       2 -0.109230176838811E+00 -0.506184942177508E-08
     z1=       3 -0.917336052531423E-06  0.427808065566960E-09

     Lanczos iteration:     75
     alpha(00000075)=     0.00000118204987     0.00000132859569
     beta (00000075)=    14.03936200491640
     gamma(00000075)=    14.03936200491640    -0.00000036861715
     z1=       1  0.426560164582513E-08 -0.633931825491146E-01
     z1=       2  0.333382822785087E-07 -0.359476578372754E-07
     z1=       3 -0.943886413644353E-10  0.316603974430245E-05

     Lanczos iteration:     76
     alpha(00000076)=     0.00000033953156     0.00000056675803
     beta (00000076)=    14.08767385410638
     gamma(00000076)=    14.08767385410638    -0.00000022036830
     z1=       1  0.261753686130557E-07  0.244898651287988E-07
     z1=       2  0.107633664140855E+00  0.780657096243961E-08
     z1=       3  0.935312611047858E-06 -0.313599801044627E-09

     Lanczos iteration:     77
     alpha(00000077)=     0.00000129155533     0.00000165502796
     beta (00000077)=    13.44360338211946
     gamma(00000077)=    13.44360338211946    -0.00000024887756
     z1=       1 -0.697498429783055E-08  0.664446407152377E-01
     z1=       2 -0.371210056137024E-07  0.416567542278564E-07
     z1=       3 -0.181515014934354E-09 -0.331787006950823E-05

     Lanczos iteration:     78
     alpha(00000078)=     0.00000150001637     0.00000192623488
     beta (00000078)=    13.75248451022828
     gamma(00000078)=    13.75248451022828    -0.00000038656098
     z1=       1 -0.274008337172147E-07 -0.242793322721414E-07
     z1=       2 -0.102266258050265E+00 -0.961700566355437E-08
     z1=       3 -0.860137102345726E-06 -0.656140046420684E-09

     Lanczos iteration:     79
     alpha(00000079)=     0.00000022647005     0.00000064372072
     beta (00000079)=    14.14033836732268
     gamma(00000079)=    14.14033836732268    -0.00000027983111
     z1=       1  0.701209585166357E-08 -0.633180783852119E-01
     z1=       2  0.452377483289399E-07 -0.523275158397458E-07
     z1=       3 -0.428767588570277E-10  0.315958259266025E-05

     Lanczos iteration:     80
     alpha(00000080)=    -0.00000275634303    -0.00000284433014
     beta (00000080)=    14.68738195527588
     gamma(00000080)=    14.68738195527588     0.00000028083828
     z1=       1  0.344170861411830E-07  0.296440161354892E-07
     z1=       2  0.958587719106725E-01  0.107941081652650E-07
     z1=       3  0.904854173975467E-06  0.103947294458593E-08

     Lanczos iteration:     81
     alpha(00000081)=    -0.00000117152650    -0.00000090217230
     beta (00000081)=    13.27025552975592
     gamma(00000081)=    13.27025552975592     0.00000043206325
     z1=       1 -0.771353345472878E-08  0.800692427725452E-01
     z1=       2 -0.296056673309228E-07  0.368078574490452E-07
     z1=       3  0.466875431257153E-10 -0.399736323482956E-05

     Lanczos iteration:     82
     alpha(00000082)=    -0.00000137037620    -0.00000097233705
     beta (00000082)=    13.82077563150597
     gamma(00000082)=    13.82077563150596     0.00000026270337
     z1=       1 -0.311302579235176E-07 -0.239372323530999E-07
     z1=       2 -0.904827004357645E-01 -0.732643857429229E-08
     z1=       3 -0.843604247526760E-06 -0.870523521573300E-09

     Lanczos iteration:     83
     alpha(00000083)=    -0.00000227023075    -0.00000219246027
     beta (00000083)=    14.28977453633625
     gamma(00000083)=    14.28977453633624     0.00000041726320
     z1=       1  0.662122187525955E-08 -0.813396045789670E-01
     z1=       2  0.195366494581132E-07 -0.287356658718102E-07
     z1=       3 -0.164262793210587E-10  0.406230864133102E-05

     Lanczos iteration:     84
     alpha(00000084)=    -0.00000163661850    -0.00000100180054
     beta (00000084)=    13.34128739144258
     gamma(00000084)=    13.34128739144257     0.00000038670766
     z1=       1  0.196664067464241E-07  0.121356087822604E-07
     z1=       2  0.959449913915310E-01  0.495745898302001E-08
     z1=       3  0.859944282638997E-06  0.714709034803197E-09

     Lanczos iteration:     85
     alpha(00000085)=    -0.00000185315147    -0.00000111352317
     beta (00000085)=    13.89788388160234
     gamma(00000085)=    13.89788388160234     0.00000027017458
     z1=       1 -0.389457415095339E-08  0.755347601524979E-01
     z1=       2 -0.723174854491581E-08  0.205336736811299E-07
     z1=       3 -0.592086100211731E-10 -0.377316452858091E-05

     Lanczos iteration:     86
     alpha(00000086)=    -0.00000194632867    -0.00000086343104
     beta (00000086)=    13.68635965974108
     gamma(00000086)=    13.68635965974108     0.00000025726406
     z1=       1 -0.129261891150642E-07 -0.633644191110786E-09
     z1=       2 -0.958068455945179E-01 -0.290966898941389E-08
     z1=       3 -0.944197001112258E-06 -0.395536622684457E-09

     Lanczos iteration:     87
     alpha(00000087)=    -0.00000222915203    -0.00000107409396
     beta (00000087)=    14.05014571811780
     gamma(00000087)=    14.05014571811780     0.00000028134979
     z1=       1  0.225146763082385E-08 -0.799415048403951E-01
     z1=       2 -0.660420346275019E-08 -0.133482387154556E-07
     z1=       3 -0.392561027320446E-10  0.399640872483665E-05

     Lanczos iteration:     88
     alpha(00000088)=    -0.00000291138109    -0.00000065641147
     beta (00000088)=    13.48842962770449
     gamma(00000088)=    13.48842962770448     0.00000029670561
     z1=       1  0.101377758518354E-07 -0.126151360720497E-07
     z1=       2  0.976711946993048E-01  0.959331362573191E-09
     z1=       3  0.940155655146230E-06  0.272304979461320E-09

     Lanczos iteration:     89
     alpha(00000089)=    -0.00000377980154    -0.00000047392892
     beta (00000089)=    13.67667324404770
     gamma(00000089)=    13.67667324404769     0.00000028853493
     z1=       1 -0.110027130470096E-08  0.902284534190617E-01
     z1=       2  0.268224956732341E-07  0.845274011848193E-08
     z1=       3  0.647822072785863E-10 -0.451045123667223E-05

     Lanczos iteration:     90
     alpha(00000090)=    -0.00000552794934    -0.00000028206560
     beta (00000090)=    13.59191702852553
     gamma(00000090)=    13.59191702852553     0.00000033472975
     z1=       1 -0.692194359343099E-08  0.418205879581913E-07
     z1=       2 -0.964473318354612E-01  0.833154531073445E-09
     z1=       3 -0.103700684517651E-05 -0.379380774954740E-09

     Lanczos iteration:     91
     alpha(00000091)=    -0.00000410053231    -0.00000051872794
     beta (00000091)=    14.33279822953649
     gamma(00000091)=    14.33279822953649     0.00000032989834
     z1=       1 -0.130633751214940E-08 -0.783867602937362E-01
     z1=       2 -0.620310269117932E-07 -0.597158703354206E-08
     z1=       3 -0.146734676028044E-09  0.391317268764635E-05

     Lanczos iteration:     92
     alpha(00000092)=    -0.00000661287971    -0.00000034542535
     beta (00000092)=    13.57709954815985
     gamma(00000092)=    13.57709954815985     0.00000033919919
     z1=       1  0.329164090948446E-08 -0.547307755135253E-07
     z1=       2  0.101376733286400E+00 -0.324207929584032E-08
     z1=       3  0.100079908902620E-05  0.284905946393182E-09

     Lanczos iteration:     93
     alpha(00000093)=    -0.00000963256375    -0.00000023409635
     beta (00000093)=    13.68704467826971
     gamma(00000093)=    13.68704467826970     0.00000041382872
     z1=       1  0.273349362360384E-08  0.745235523207304E-01
     z1=       2  0.110902712446633E-06  0.360125885912598E-08
     z1=       3  0.842418718385449E-10 -0.372047568854525E-05

     Lanczos iteration:     94
     alpha(00000094)=    -0.00001903596047    -0.00000003858457
     beta (00000094)=    13.28106958335851
     gamma(00000094)=    13.28106958335850     0.00000064640756
     z1=       1 -0.267166444983810E-08  0.122940942266858E-06
     z1=       2 -0.104443632665451E+00  0.650562562592725E-08
     z1=       3 -0.118552872509167E-05 -0.275913994050639E-09

     Lanczos iteration:     95
     alpha(00000095)=    -0.00002656111295     0.00000004174405
     beta (00000095)=    13.73781246518784
     gamma(00000095)=    13.73781246518780     0.00000102631516
     z1=       1 -0.678434583185472E-08 -0.840136303809950E-01
     z1=       2 -0.251228353136024E-06 -0.324821011952159E-08
     z1=       3 -0.555670929931025E-10  0.419813577076952E-05

     Lanczos iteration:     96
     alpha(00000096)=    -0.00005072529264     0.00000032158840
     beta (00000096)=    13.28836732363444
     gamma(00000096)=    13.28836732363434     0.00000167294686
     z1=       1  0.338293642871761E-08 -0.327080042756399E-06
     z1=       2  0.106476376424774E+00 -0.148125818001486E-07
     z1=       3  0.111516212486621E-05  0.910077851781439E-10

     Lanczos iteration:     97
     alpha(00000097)=    -0.00006846591974     0.00000052636628
     beta (00000097)=    13.80218743763525
     gamma(00000097)=    13.80218743763501     0.00000261087148
     z1=       1  0.183598327250736E-07  0.826826008939281E-01
     z1=       2  0.625243758502345E-06  0.567922365973631E-08
     z1=       3 -0.115148238748731E-09 -0.412928686912007E-05

     Lanczos iteration:     98
     alpha(00000098)=    -0.00014773371876     0.00000122618837
     beta (00000098)=    13.06874865875817
     gamma(00000098)=    13.06874865875744     0.00000438158614
     z1=       1 -0.653218560798967E-08  0.745431888301278E-06
     z1=       2 -0.110919195531699E+00  0.364029487381779E-07
     z1=       3 -0.135187684489550E-05 -0.324866091476896E-09

     Lanczos iteration:     99
     alpha(00000099)=    -0.00018812731272     0.00000155109206
     beta (00000099)=    13.91804805569255
     gamma(00000099)=    13.91804805569074     0.00000710571396
     z1=       1 -0.416890752628325E-07 -0.759291361316329E-01
     z1=       2 -0.175466812613174E-05 -0.148538894879704E-07
     z1=       3  0.203348531333551E-09  0.378966170020633E-05

     Lanczos iteration:    100
     alpha(00000100)=    -0.00034790007211     0.00000280060483
     beta (00000100)=    13.32234892861453
     gamma(00000100)=    13.32234892861024     0.00001069503828
     z1=       1  0.155554238834827E-07 -0.185763727845594E-05
     z1=       2  0.115335266126446E+00 -0.967311688132289E-07
     z1=       3  0.124833944751879E-05  0.195367855565343E-09
     End of Lanczos iterations
     Finished linear response calculation...
 
     lr_magnons_m :     57.44s CPU     60.00s WALL (       1 calls)
     lr_solve_e   :      0.31s CPU      0.34s WALL (       1 calls)
     one_step     :     54.16s CPU     56.39s WALL (     100 calls)
 
     lr_apply     :     53.69s CPU     55.90s WALL (     200 calls)
     lr_apply_int :     53.60s CPU     55.81s WALL (     200 calls)
 
     h_psi        :     18.68s CPU     19.28s WALL (    7242 calls)
     lr_calc_dens :     17.78s CPU     18.40s WALL (     200 calls)
     lr_dv_setup  :      0.00s CPU      0.00s WALL (       1 calls)
     dv_of_drho   :      0.04s CPU      0.04s WALL (     200 calls)
     ortho        :      0.71s CPU      0.73s WALL (    6432 calls)
 
 
     US routines
 
     General routines
     calbec       :      0.15s CPU      0.16s WALL (    7242 calls)
     fft          :      0.02s CPU      0.02s WALL (     614 calls)
     fftw         :     41.35s CPU     43.15s WALL ( 1427532 calls)
     interpolate  :      0.01s CPU      0.01s WALL (    1600 calls)
     davcio       :      0.35s CPU      0.40s WALL (   19640 calls)
 
     Parallel routines
 
 
     turboMAGNON  :     57.44s CPU   1m 0.01s WALL

 
   This run was terminated on:  10:47:16   1Jun2022            

=------------------------------------------------------------------------------=
   JOB DONE.
=------------------------------------------------------------------------------=
