=------------------------------------------------------------------------------=

     FPMD: variable-cell Car-Parrinello molecular dynamics
     using norm-conserving pseudopotentials

     Version: 2.1cvs - Tue Sep 6 13:11:13 CEST 2005                       
     Authors: Carlo Cavazzoni, Guido Chiarotti, Sandro Scandolo,
     Paolo Focher, Gerardo Ballabio

=------------------------------------------------------------------------------=

   This run was started on:  14:12:20   6Sep2005               

   Serial Build
Warning: card  &CELL ignored
Warning: card     CELL_DYNAMICS = 'NONE', ignored
Warning: card     CELL_VELOCITIES = 'ZERO', ignored
Warning: card     PRESS = 0.0D0, ignored
Warning: card  / ignored

   Job Title:  Water Molecule


   Atomic Pseudopotentials Parameters
   ----------------------------------

   Reading pseudopotential for specie #  1 from file :
   /tmp/giannozz/espresso/pseudo/O.BLYP.UPF
   file type is 20
 
   Type is UPF        and NONLOCAL. 
   Local component is ..... :   1
   Non local components are :   0
   Pseudo charge :    6.000

   Pseudopotentials Grid    : Channels =  2, Mesh =   631
                              dx   = 0.01734863831720
   point    radius        vloc         ( vnl - vloc )
       1  0.781250E-03 -0.253772E+02  0.392686E-02
     157  0.116993E-01 -0.239772E+02  0.588100E-01
     315  0.181383E+00 -0.201489E+02  0.915268E+00
     631  0.435987E+02 -0.137619E+00  0.000000E+00

   Atomic wavefunction Grid : Channels =  2, Mesh =   631
                              dx   = 0.01734863831720
   Channels occupation number :     0.0000    0.0000
   point      radius        wavefunction
       1  0.781250E-03  0.255544E-03  0.103901E-05
     157  0.116993E-01  0.382712E-02  0.232913E-03
     315  0.181383E+00  0.605741E-01  0.510268E-01
     631  0.435987E+02  0.000000E+00  0.000000E+00

   Warning XC functionals forced to be: BLYP                

   Reading pseudopotential for specie #  2 from file :
   /tmp/giannozz/espresso/pseudo/H.fpmd.UPF
   file type is 20
 
   Type is UPF        and LOCAL. 
   Local component is ..... :   0
   Pseudo charge :    1.000

   Pseudopotentials Grid    : Channels =  1, Mesh =   809
                              dx   = 0.02500000000000
   point    radius        vloc         ( vnl - vloc )
       1  0.112299E-02 -0.647505E+01
     202  0.170886E+00 -0.525294E+01
     404  0.266620E+02 -0.375065E-01
     809  0.665464E+06 -0.150271E-05

   Atomic wavefunction Grid : Channels =  1, Mesh =   809
                              dx   = 0.02500000000000
   Channels occupation number :     0.0000
   point      radius        wavefunction
       1  0.112299E-02  0.000000E+00
     202  0.170886E+00  0.000000E+00
     404  0.266620E+02  0.000000E+00
     809  0.665464E+06  0.000000E+00

   Warning XC functionals forced to be: BLYP                


   Main Simulation Parameters (from input)
   ---------------------------------------
   Restart Mode       =      -1   from_scratch   
   Number of MD Steps =      50
   Print out every           10 MD Steps
   Reads from unit    =      51
   Writes to unit     =      51
   MD Simulation time step            =       5.00
   Electronic fictitious mass (emass) =     400.00
   emass cut-off                      =       2.50

   Simulation Cell Parameters (from input)
   external pressure       =            0.00 [GPa]
   wmass (calculated)      =         2493.41 [AU]
   ibrav =   14
   alat  =    12.00000000
   a1    =    12.00000000    0.00000000    0.00000000
   a2    =     0.00000000   12.00000000    0.00000000
   a3    =     0.00000000    0.00000000   12.00000000
 
   b1    =     0.08333333    0.00000000    0.00000000
   b2    =     0.00000000    0.08333333    0.00000000
   b3    =     0.00000000    0.00000000    0.08333333
   omega =  1728.00000000

   Energy Cut-offs
   ---------------
   Ecutwfc =   80.0 Ryd.,    Ecutrho =  320.0 Ryd.,    Ecuts =  320.0 Ryd.
   Gcutwfc =   17.1     ,    Gcutrho =   34.2          Gcuts =   34.2
   NOTA BENE: refg, mmx =   0.050000  7680
   Eigenvalues calculated without the kinetic term contribution
   Orthog. with lagrange multipliers : eps =   0.50E-07,  max =  15
   Electron dynamics with steepest descent
   Electron dynamics : the temperature is not controlled
   initial random displacement of el. coordinates with  amplitude=  0.020000

   Electronic states
   -----------------
   Number of Electron =     8, of States =     4
   Occupation numbers :
   2.00 2.00 2.00 2.00


   Exchange and correlations functionals
   -------------------------------------
   Using Local Density Approximation with
     Exchange functional: SLATER                                                      
     Correlation functional: LEE, YANG, AND PARR                                         
   Using Generalized Gradient Corrections with
     Exchange functional: BECKE                                                       
     Correlation functional: PERDEW AND WANG                                             
     Exchange-correlation      = BLYP (1313)
 
   K points
   --------
   Gamma-point calculation
   Wavefunction type: REAL


   Ions Simulation Parameters
   --------------------------
   Ions are not allowed to move
   Ionic position (from input)
   sorted by specie, and converted to real a.u. coordinates
   Species   1 atoms =    1 mass =     29166.24 (a.u.),        16.00 (uma) rcmax =   0.80 (a.u.)
        0.009900     0.009900     0.000000
   Species   2 atoms =    2 mass =      1822.89 (a.u.),         1.00 (uma) rcmax =   0.80 (a.u.)
        1.832500    -0.224300    -0.000100
       -0.224300     1.832500     0.000200
   Ionic position read from input file


   Cell Dynamics Parameters (from STDIN)
   -------------------------------------
   internal stress tensor calculated
   Starting cell generated from CELLDM
   Constant VOLUME Molecular dynamics
   cell parameters are not allowed to move


   Potentials Parameters
   ---------------------
   Ewald sum over 3*3*3 cells

   Verbosity: iprsta =  1



   Simulation dimensions initialization
   ------------------------------------

   unit vectors of full simulation cell
   in real space:                         in reciprocal space (units 2pi/alat):
   1    12.0000    0.0000    0.0000              1.0000    0.0000    0.0000
   2     0.0000   12.0000    0.0000              0.0000    1.0000    0.0000
   3     0.0000    0.0000   12.0000              0.0000    0.0000    1.0000
 
   Stick Mesh
   ----------
   nst =  1837,  nstw =   459, nsts =  1837
        PEs    n.st   n.stw   n.sts    n.g    n.gw   n.gs
          1    3673     917    3673  167037   20815  167037
          0    3673     917    3673  167037   20815  167037
 
 
   Real Mesh
   ---------
   Global Dimensions   Local  Dimensions   Processor Grid
   .X.   .Y.   .Z.     .X.   .Y.   .Z.     .X.   .Y.   .Z.
    72    72    72      72    72    72       1     1     1
   Array leading dimensions ( nr1x, nr2x, nr3x )   =     72    72    72
   Local number of cell to store the grid ( nnrx ) =     373248
   Number of x-y planes for each processors: 
   nr3l =    72
 
   Smooth Real Mesh
   ----------------
   Global Dimensions   Local  Dimensions   Processor Grid
   .X.   .Y.   .Z.     .X.   .Y.   .Z.     .X.   .Y.   .Z.
    72    72    72      72    72    72       1     1     1
   Array leading dimensions ( nr1x, nr2x, nr3x )   =     72    72    72
   Local number of cell to store the grid ( nnrx ) =     373248
   Number of x-y planes for each processors: 
   nr3sl =    72
 
   Small Box Real Mesh
   -------------------
   Global Dimensions   Local  Dimensions   Processor Grid
   .X.   .Y.   .Z.     .X.   .Y.   .Z.     .X.   .Y.   .Z.
    10    10    10      10    10    10       1     1     1
   Array leading dimensions ( nr1x, nr2x, nr3x )   =     10    10    10
   Local number of cell to store the grid ( nnrx ) =       1000
 
   unit vectors of box grid cell
   in real space:                         in reciprocal space:
       1.6667    0.0000    0.0000              1.0000    0.0000    0.0000
       0.0000    1.6667    0.0000              0.0000    1.0000    0.0000
       0.0000    0.0000    1.6667              0.0000    0.0000    1.0000
 
   Reciprocal Space Mesh
   ---------------------
                Large Mesh
   PE   Global(ngmt)     Local(ngm) MaxLocal(ngmx)
    1          83519          83519          83519
                Smooth Mesh
   PE   Global(ngst)     Local(ngs) MaxLocal(ngsx)
    1          83519          83519          83519
                Wave function Mesh
   PE   Global(ngwt)     Local(ngw) MaxLocal(ngwx)
    1          10408          10408          10408

                Small box Mesh
   ngb =          231 not distributed to processors


   Estimated Sizes of the problem
   ------------------------------
   dimension of the problem (byte/pe) :     52865976


   System geometry initialization
   ------------------------------

   Scaled atomic positions                                from standard input
   Species   1 atoms =    1
    O       0.000825     0.000825     0.000000
   Species   2 atoms =    2
    H       0.152708    -0.018692    -0.000008
    H      -0.018692     0.152708     0.000017

   Position components with 0 are kept fixed
     ia  x  y  z 
      1  0  0  0
      2  1  1  1
      3  1  1  1


   Pseudopotentials initialization
   -------------------------------


   Common initialization

   Specie:     1
   1  indv=  1   ang. mom=  0
 
                        dion 
   3.2390

   Specie:     2
 
                        dion 
 
   Short Legend and Physical Units in the Output
   ---------------------------------------------
   NFI    [int]  - step index
   EKINC  [A.U.] - kinetic energy of the fictitious electronic dynamics
   TEMPH  [K]    - Temperature of the fictitious cell dynamics
   TEMP   [K]    - Ionic temperature
   ETOT   [A.U.] - Scf total energy (Kohn-Sham hamiltonian)
   ENTHAL [A.U.] - Enthalpy ( ETOT + P * V )
   ECONS  [A.U.] - Enthalpy + kinetic energy of ions and cell
   ETTT   [A.U.] - Constant of motion for the CP lagrangian
 
 

   Wave Initialization: random initial wave-functions
   Occupation number from init
   nbnd =     4
    2.00 2.00 2.00 2.00

   formf: eself=  18.94976
   formf:     vps(g=0)=  -0.0066199     rhops(g=0)=  -0.0034722
   formf: sum_g vps(g)=  -6.2805495 sum_g rhops(g)=  -1.0540044
   formf:     vps(g=0)=  -0.0011896     rhops(g=0)=  -0.0005787
   formf: sum_g vps(g)=  -2.5239213 sum_g rhops(g)=  -0.1756674

   from rhoofr: total integrated electronic density
   in g-space =    8.000000   in r-space =   8.000000

   ESR (real part of Ewald sum) =   0.14127921D+00

 
 
                      TOTAL ENERGY =      61.7595522481 A.U.
                    KINETIC ENERGY =      76.2994920592 A.U.
              ELECTROSTATIC ENERGY =      -7.6643120528 A.U.
                             ESELF =      18.9497583191 A.U.
                               ESR =       0.1412792100 A.U.
            PSEUDOPOTENTIAL ENERGY =      -4.6701383833 A.U.
        N-L PSEUDOPOTENTIAL ENERGY =       0.0094418839 A.U.
       EXCHANGE-CORRELATION ENERGY =      -2.2149312588 A.U.
 
   ATOMIC_POSITIONS
   O    0.990000E-02  0.990000E-02  0.000000E+00
   H    0.183250E+01 -0.224300E+00 -0.100000E-03
   H   -0.224300E+00  0.183250E+01  0.200000E-03
 
   ATOMIC_VELOCITIES
   O    0.000000E+00  0.000000E+00  0.000000E+00
   H    0.000000E+00  0.000000E+00  0.000000E+00
   H    0.000000E+00  0.000000E+00  0.000000E+00
 
   Forces acting on atoms (au):
   O   -0.256741E+01 -0.196264E+01  0.582203E-01
   H    0.132536E+01 -0.986507E-01  0.392929E-02
   H   -0.267928E+00  0.145868E+01  0.838439E-02

   Center of mass displacement (a.u.):   0.000000
 
   CELL_PARAMETERS
   12.00000000    0.00000000    0.00000000
    0.00000000   12.00000000    0.00000000
    0.00000000    0.00000000   12.00000000
 
   Total stress (GPa)
      721.80503830       -30.36801245        -2.84825861
      -30.36801245       828.87170906        -5.17666497
       -2.84825861        -5.17666497       797.80763719

   System Density [g/cm^3] :     0.1167

   Eigenvalues (eV), kp =   1 , spin =  1

    0.00    0.00    0.00    0.00


   Partial temperatures (for each ionic specie) 
   Species  Temp (K)   MSD (AU)
        1       0.00     0.0000
        2       0.00     0.0000


   nfi     ekinc  temph  tempp         etot       enthal        econs         ettt
     0   0.00000    0.0    0.0     61.75955     61.75955     61.75955     61.75955
     1   4.81318    0.0    0.0     52.21967     52.21967     52.21967     57.03285
     2   5.00702    0.0    0.0     42.04479     42.04479     42.04479     47.05180
     3   4.72995    0.0    0.0     32.27747     32.27747     32.27747     37.00742
     4   4.20503    0.0    0.0     23.53115     23.53115     23.53115     27.73618
     5   3.64590    0.0    0.0     15.93684     15.93684     15.93684     19.58275
     6   3.14788    0.0    0.0      9.38091      9.38091      9.38091     12.52880
     7   2.70295    0.0    0.0      3.72877      3.72877      3.72877      6.43171
     8   2.25655    0.0    0.0     -1.04093     -1.04093     -1.04093      1.21562
     9   1.79088    0.0    0.0     -4.87418     -4.87418     -4.87418     -3.08330

 * Physical Quantities at step:    10

   Simulated time t = 0.12094500D-02 ps

   from rhoofr: total integrated electronic density
   in g-space =    8.000000   in r-space =   8.000000

   MAIN:          EKINC   (thr)          DETOT   (thr)       MAXFORCE   (thr)
   MAIN:   0.135203D+01  0.1D-03  0.291740D+01  0.1D-08  0.679914D+00  0.1D+11
   MAIN: convergence NOT achieved for system relaxation
 
 
                      TOTAL ENERGY =      -7.7915759948 A.U.
                    KINETIC ENERGY =      17.5126768189 A.U.
              ELECTROSTATIC ENERGY =     -15.6483181969 A.U.
                             ESELF =      18.9497583191 A.U.
                               ESR =       0.1412792100 A.U.
            PSEUDOPOTENTIAL ENERGY =      -7.6676853099 A.U.
        N-L PSEUDOPOTENTIAL ENERGY =       1.2829237500 A.U.
       EXCHANGE-CORRELATION ENERGY =      -3.2711730569 A.U.
 
   ATOMIC_POSITIONS
   O    0.990000E-02  0.990000E-02  0.000000E+00
   H    0.183250E+01 -0.224300E+00 -0.100000E-03
   H   -0.224300E+00  0.183250E+01  0.200000E-03
 
   ATOMIC_VELOCITIES
   O    0.000000E+00  0.000000E+00  0.000000E+00
   H    0.000000E+00  0.000000E+00  0.000000E+00
   H    0.000000E+00  0.000000E+00  0.000000E+00
 
   Forces acting on atoms (au):
   O   -0.952101E+00 -0.128415E+00  0.536786E+00
   H    0.515440E+00 -0.700846E-01  0.801881E-01
   H   -0.281675E-01  0.679914E+00 -0.695309E-01

   Center of mass displacement (a.u.):   0.000000
 
   CELL_PARAMETERS
   12.00000000    0.00000000    0.00000000
    0.00000000   12.00000000    0.00000000
    0.00000000    0.00000000   12.00000000
 
   Total stress (GPa)
       62.00921067        -6.33154254        -1.49895658
       -6.33154254        90.85746414        -1.62518891
       -1.49895658        -1.62518891        55.39193861

   System Density [g/cm^3] :     0.1167

   Eigenvalues (eV), kp =   1 , spin =  1

  -32.22  -17.04    9.70   25.10


   Partial temperatures (for each ionic specie) 
   Species  Temp (K)   MSD (AU)
        1       0.00     0.0000
        2       0.00     0.0000


   nfi     ekinc  temph  tempp         etot       enthal        econs         ettt
    10   1.35203    0.0    0.0     -7.79158     -7.79158     -7.79158     -6.43955
    11   0.99141    0.0    0.0     -9.93583     -9.93583     -9.93583     -8.94442
    12   0.72210    0.0    0.0    -11.49547    -11.49547    -11.49547    -10.77337
    13   0.52974    0.0    0.0    -12.63612    -12.63612    -12.63612    -12.10637
    14   0.39397    0.0    0.0    -13.48123    -13.48123    -13.48123    -13.08726
    15   0.29776    0.0    0.0    -14.11742    -14.11742    -14.11742    -13.81966
    16   0.22889    0.0    0.0    -14.60449    -14.60449    -14.60449    -14.37561
    17   0.17896    0.0    0.0    -14.98381    -14.98381    -14.98381    -14.80484
    18   0.14227    0.0    0.0    -15.28419    -15.28419    -15.28419    -15.14191
    19   0.11494    0.0    0.0    -15.52595    -15.52595    -15.52595    -15.41101

 * Physical Quantities at step:    20

   Simulated time t = 0.24189000D-02 ps

   from rhoofr: total integrated electronic density
   in g-space =    8.000000   in r-space =   8.000000

   MAIN:          EKINC   (thr)          DETOT   (thr)       MAXFORCE   (thr)
   MAIN:   0.942776D-01  0.1D-03  0.197611D+00  0.1D-08  0.239174D+00  0.1D+11
   MAIN: convergence NOT achieved for system relaxation
 
 
                      TOTAL ENERGY =     -15.7235628351 A.U.
                    KINETIC ENERGY =      12.5240981889 A.U.
              ELECTROSTATIC ENERGY =     -17.6132772587 A.U.
                             ESELF =      18.9497583191 A.U.
                               ESR =       0.1412792100 A.U.
            PSEUDOPOTENTIAL ENERGY =      -8.6495728970 A.U.
        N-L PSEUDOPOTENTIAL ENERGY =       1.8977348865 A.U.
       EXCHANGE-CORRELATION ENERGY =      -3.8825457548 A.U.
 
   ATOMIC_POSITIONS
   O    0.990000E-02  0.990000E-02  0.000000E+00
   H    0.183250E+01 -0.224300E+00 -0.100000E-03
   H   -0.224300E+00  0.183250E+01  0.200000E-03
 
   ATOMIC_VELOCITIES
   O    0.000000E+00  0.000000E+00  0.000000E+00
   H    0.000000E+00  0.000000E+00  0.000000E+00
   H    0.000000E+00  0.000000E+00  0.000000E+00
 
   Forces acting on atoms (au):
   O   -0.176291E+00  0.112524E+00 -0.258198E-01
   H    0.177775E+00 -0.142514E+00  0.229413E-01
   H    0.978798E-01  0.239174E+00 -0.117225E+00

   Center of mass displacement (a.u.):   0.000000
 
   CELL_PARAMETERS
   12.00000000    0.00000000    0.00000000
    0.00000000   12.00000000    0.00000000
    0.00000000    0.00000000   12.00000000
 
   Total stress (GPa)
        8.41830312        -2.52716626        -1.72392564
       -2.52716626        10.86576173         0.54819337
       -1.72392564         0.54819337        -3.76970774

   System Density [g/cm^3] :     0.1167

   Eigenvalues (eV), kp =   1 , spin =  1

  -32.67  -16.95  -11.22   -3.10


   Partial temperatures (for each ionic specie) 
   Species  Temp (K)   MSD (AU)
        1       0.00     0.0000
        2       0.00     0.0000


   nfi     ekinc  temph  tempp         etot       enthal        econs         ettt
    20   0.09428    0.0    0.0    -15.72356    -15.72356    -15.72356    -15.62929
    21   0.07844    0.0    0.0    -15.88743    -15.88743    -15.88743    -15.80900
    22   0.06611    0.0    0.0    -16.02515    -16.02515    -16.02515    -15.95903
    23   0.05639    0.0    0.0    -16.14229    -16.14229    -16.14229    -16.08590
    24   0.04861    0.0    0.0    -16.24302    -16.24302    -16.24302    -16.19441
    25   0.04230    0.0    0.0    -16.33049    -16.33049    -16.33049    -16.28819
    26   0.03712    0.0    0.0    -16.40709    -16.40709    -16.40709    -16.36998
    27   0.03281    0.0    0.0    -16.47469    -16.47469    -16.47469    -16.44188
    28   0.02918    0.0    0.0    -16.53472    -16.53472    -16.53472    -16.50554
    29   0.02610    0.0    0.0    -16.58835    -16.58835    -16.58835    -16.56225

 * Physical Quantities at step:    30

   Simulated time t = 0.36283500D-02 ps

   from rhoofr: total integrated electronic density
   in g-space =    8.000000   in r-space =   8.000000

   MAIN:          EKINC   (thr)          DETOT   (thr)       MAXFORCE   (thr)
   MAIN:   0.234543D-01  0.1D-03  0.481388D-01  0.1D-08  0.121505D+00  0.1D+11
   MAIN: convergence NOT achieved for system relaxation
 
 
                      TOTAL ENERGY =     -16.6364890678 A.U.
                    KINETIC ENERGY =      12.4115453930 A.U.
              ELECTROSTATIC ENERGY =     -17.9376019658 A.U.
                             ESELF =      18.9497583191 A.U.
                               ESR =       0.1412792100 A.U.
            PSEUDOPOTENTIAL ENERGY =      -8.9053616520 A.U.
        N-L PSEUDOPOTENTIAL ENERGY =       1.8348559163 A.U.
       EXCHANGE-CORRELATION ENERGY =      -4.0399267593 A.U.
 
   ATOMIC_POSITIONS
   O    0.990000E-02  0.990000E-02  0.000000E+00
   H    0.183250E+01 -0.224300E+00 -0.100000E-03
   H   -0.224300E+00  0.183250E+01  0.200000E-03
 
   ATOMIC_VELOCITIES
   O    0.000000E+00  0.000000E+00  0.000000E+00
   H    0.000000E+00  0.000000E+00  0.000000E+00
   H    0.000000E+00  0.000000E+00  0.000000E+00
 
   Forces acting on atoms (au):
   O   -0.112150E+00  0.692546E-01 -0.599049E-01
   H    0.579934E-01 -0.103611E+00 -0.256205E-01
   H    0.651303E-01  0.121505E+00 -0.477881E-01

   Center of mass displacement (a.u.):   0.000000
 
   CELL_PARAMETERS
   12.00000000    0.00000000    0.00000000
    0.00000000   12.00000000    0.00000000
    0.00000000    0.00000000   12.00000000
 
   Total stress (GPa)
        3.74513977        -1.90563825        -1.18905980
       -1.90563825         0.20664796        -0.11365663
       -1.18905980        -0.11365663        -6.58971313

   System Density [g/cm^3] :     0.1167

   Eigenvalues (eV), kp =   1 , spin =  1

  -28.64  -14.54  -10.69   -6.50


   Partial temperatures (for each ionic specie) 
   Species  Temp (K)   MSD (AU)
        1       0.00     0.0000
        2       0.00     0.0000


   nfi     ekinc  temph  tempp         etot       enthal        econs         ettt
    30   0.02345    0.0    0.0    -16.63649    -16.63649    -16.63649    -16.61303
    31   0.02116    0.0    0.0    -16.67989    -16.67989    -16.67989    -16.65872
    32   0.01917    0.0    0.0    -16.71915    -16.71915    -16.71915    -16.69999
    33   0.01741    0.0    0.0    -16.75480    -16.75480    -16.75480    -16.73739
    34   0.01586    0.0    0.0    -16.78725    -16.78725    -16.78725    -16.77139
    35   0.01448    0.0    0.0    -16.81686    -16.81686    -16.81686    -16.80238
    36   0.01325    0.0    0.0    -16.84393    -16.84393    -16.84393    -16.83069
    37   0.01214    0.0    0.0    -16.86874    -16.86874    -16.86874    -16.85660
    38   0.01115    0.0    0.0    -16.89151    -16.89151    -16.89151    -16.88036
    39   0.01025    0.0    0.0    -16.91243    -16.91243    -16.91243    -16.90218

 * Physical Quantities at step:    40

   Simulated time t = 0.48378000D-02 ps

   from rhoofr: total integrated electronic density
   in g-space =    8.000000   in r-space =   8.000000

   MAIN:          EKINC   (thr)          DETOT   (thr)       MAXFORCE   (thr)
   MAIN:   0.943692D-02  0.1D-03  0.192573D-01  0.1D-08  0.702287D-01  0.1D+11
   MAIN: convergence NOT achieved for system relaxation
 
 
                      TOTAL ENERGY =     -16.9316910206 A.U.
                    KINETIC ENERGY =      12.5824894233 A.U.
              ELECTROSTATIC ENERGY =     -18.0611585663 A.U.
                             ESELF =      18.9497583191 A.U.
                               ESR =       0.1412792100 A.U.
            PSEUDOPOTENTIAL ENERGY =      -9.1114068256 A.U.
        N-L PSEUDOPOTENTIAL ENERGY =       1.7730317049 A.U.
       EXCHANGE-CORRELATION ENERGY =      -4.1146467570 A.U.
 
   ATOMIC_POSITIONS
   O    0.990000E-02  0.990000E-02  0.000000E+00
   H    0.183250E+01 -0.224300E+00 -0.100000E-03
   H   -0.224300E+00  0.183250E+01  0.200000E-03
 
   ATOMIC_VELOCITIES
   O    0.000000E+00  0.000000E+00  0.000000E+00
   H    0.000000E+00  0.000000E+00  0.000000E+00
   H    0.000000E+00  0.000000E+00  0.000000E+00
 
   Forces acting on atoms (au):
   O   -0.839067E-01  0.395492E-01 -0.414246E-01
   H   -0.695833E-03 -0.635835E-01 -0.338398E-01
   H    0.347860E-01  0.702287E-01 -0.144931E-01

   Center of mass displacement (a.u.):   0.000000
 
   CELL_PARAMETERS
   12.00000000    0.00000000    0.00000000
    0.00000000   12.00000000    0.00000000
    0.00000000    0.00000000   12.00000000
 
   Total stress (GPa)
        1.38323661        -1.17149408        -0.91571383
       -1.17149408        -2.27999193        -0.39441611
       -0.91571383        -0.39441611        -5.83608306

   System Density [g/cm^3] :     0.1167

   Eigenvalues (eV), kp =   1 , spin =  1

  -26.75  -13.74   -9.70   -7.10


   Partial temperatures (for each ionic specie) 
   Species  Temp (K)   MSD (AU)
        1       0.00     0.0000
        2       0.00     0.0000


   nfi     ekinc  temph  tempp         etot       enthal        econs         ettt
    40   0.00944    0.0    0.0    -16.93169    -16.93169    -16.93169    -16.92225
    41   0.00870    0.0    0.0    -16.94943    -16.94943    -16.94943    -16.94074
    42   0.00803    0.0    0.0    -16.96580    -16.96580    -16.96580    -16.95778
    43   0.00741    0.0    0.0    -16.98091    -16.98091    -16.98091    -16.97350
    44   0.00685    0.0    0.0    -16.99487    -16.99487    -16.99487    -16.98802
    45   0.00634    0.0    0.0    -17.00779    -17.00779    -17.00779    -17.00145
    46   0.00587    0.0    0.0    -17.01974    -17.01974    -17.01974    -17.01387
    47   0.00543    0.0    0.0    -17.03081    -17.03081    -17.03081    -17.02537
    48   0.00504    0.0    0.0    -17.04106    -17.04106    -17.04106    -17.03603
    49   0.00467    0.0    0.0    -17.05058    -17.05058    -17.05058    -17.04590

 * Physical Quantities at step:    50

   Simulated time t = 0.60472500D-02 ps

   from rhoofr: total integrated electronic density
   in g-space =    8.000000   in r-space =   8.000000

   MAIN:          EKINC   (thr)          DETOT   (thr)       MAXFORCE   (thr)
   MAIN:   0.433590D-02  0.1D-03  0.882614D-02  0.1D-08  0.442921D-01  0.1D+11
   MAIN: convergence NOT achieved for system relaxation
 
 
                      TOTAL ENERGY =     -17.0594028374 A.U.
                    KINETIC ENERGY =      12.7353891678 A.U.
              ELECTROSTATIC ENERGY =     -18.1212665080 A.U.
                             ESELF =      18.9497583191 A.U.
                               ESR =       0.1412792100 A.U.
            PSEUDOPOTENTIAL ENERGY =      -9.2569314269 A.U.
        N-L PSEUDOPOTENTIAL ENERGY =       1.7364203591 A.U.
       EXCHANGE-CORRELATION ENERGY =      -4.1530144293 A.U.
 
   ATOMIC_POSITIONS
   O    0.990000E-02  0.990000E-02  0.000000E+00
   H    0.183250E+01 -0.224300E+00 -0.100000E-03
   H   -0.224300E+00  0.183250E+01  0.200000E-03
 
   ATOMIC_VELOCITIES
   O    0.000000E+00  0.000000E+00  0.000000E+00
   H    0.000000E+00  0.000000E+00  0.000000E+00
   H    0.000000E+00  0.000000E+00  0.000000E+00
 
   Forces acting on atoms (au):
   O   -0.468594E-01  0.168854E-01 -0.284701E-01
   H   -0.244220E-01 -0.385631E-01 -0.287489E-01
   H    0.190621E-01  0.442921E-01 -0.175479E-02

   Center of mass displacement (a.u.):   0.000000
 
   CELL_PARAMETERS
   12.00000000    0.00000000    0.00000000
    0.00000000   12.00000000    0.00000000
    0.00000000    0.00000000   12.00000000
 
   Total stress (GPa)
       -0.10332048        -0.62142899        -0.65633339
       -0.62142899        -2.69635995        -0.42064871
       -0.65633339        -0.42064871        -4.79639242

   System Density [g/cm^3] :     0.1167

   Eigenvalues (eV), kp =   1 , spin =  1

  -25.86  -13.32   -9.25   -7.18


   Partial temperatures (for each ionic specie) 
   Species  Temp (K)   MSD (AU)
        1       0.00     0.0000
        2       0.00     0.0000


   nfi     ekinc  temph  tempp         etot       enthal        econs         ettt
    50   0.00434    0.0    0.0    -17.05940    -17.05940    -17.05940    -17.05507

   RESTART FILE WRITTEN COMPLETED IN    5.218 SEC.

 
   Execution time statistics (SEC)
   Mean time for MD step ..       1.725
 
   Wave functions FFT execution time statistics
   total number of ffts ..       306
   average time per fft ..   0.05291
   total fft time    .....  16.19111
 
 
   Charge density and potential FFT execution statistics
   total number of ffts ..       459
   average time per fft ..   0.09357
   total fft time    .....  42.94983
 

   PC3FFT TIMINGS
    FFTXP    FFTYP    FFTZP    TRASP    FFTXW    FFTYW    FFTZW    TRASW
    0.000    0.000    0.000    0.000    0.000    0.000    0.000    0.000


   Averaged Physical Quantities
                 accomulated    this run
   EKINC             0.75986     0.75986 (AU)
   TOTEL ENERGY     -9.47903    -9.47903 (AU)
   TEMPERATURE       0.00000     0.00000 (K )
   ENTHALPY         -9.47903    -9.47903 (AU)
   ECONS            -9.47903    -9.47903 (AU)
   PRESSURE        155.15190   155.15190 (Gpa)
   VOLUME         1728.00000  1728.00000 (AU)


 
   mp_buffers: high_watermark (bytes):            0
 
   mp: high_watermark (bytes):           12
 
     FPMD         :  1m30.88s CPU time

 
   This run was terminated on:  14:13:52   6Sep2005            

=------------------------------------------------------------------------------=
   ELAPSED SECONDS:    92.0
   JOB DONE.
=------------------------------------------------------------------------------=
