
     Program PW4GWW    v.4.0.4  starts ...
     Today is 22May2009 at 15:16:57 

     Parallel version (MPI)

     Number of processors in use:       4
     R & G space division:  proc/pool =    4

     Planes per process (thick) : nr3 = 30 npp =   8 ncplane =  900
 
     Proc/  planes cols     G    planes cols    G      columns  G
     Pool       (dense grid)       (smooth grid)      (wavefct grid)
       1      8    148     2766    8    148     2766     46      484
       2      8    148     2766    8    148     2766     46      484
       3      7    148     2766    7    148     2766     47      485
       4      7    149     2769    7    149     2769     46      482
     tot     30    593    11067   30    593    11067    185     1935
----------------------
.... etc .....
----------------------


 
     k prod       :    12.86s CPU (  132480 calls,   0.000 s avg)
     k inte       :     3.50s CPU (  132480 calls,   0.000 s avg)
     k add        :     0.05s CPU (  132480 calls,   0.000 s avg)
     k fft        :    92.52s CPU (  132480 calls,   0.001 s avg)
     k sum        :     4.57s CPU (  132480 calls,   0.000 s avg)
     k other      :     1.04s CPU (  132480 calls,   0.000 s avg)
 X energy           1  -1.32096336930429     
 X energy           2  -1.19212972288617     
 X energy           3  -1.19213002293713     
 X energy           4  -1.19212921099480     
 X energy           5  -1.19212949315753     
 X energy           6  -1.19212861078575     
 X energy           7  -1.19212895818551     
 X energy           8 -0.967358975314748     
 X energy           9 -0.967358872516757     
 X energy          11 -0.967358466751140     
 X energy          12 -0.967358204646503     
 X energy          13 -0.967358099610197     
 X energy          14 -0.908622400777785     
 X energy          15 -0.908622299543238     
 X energy          16 -0.908622250688578     
 X energy          17 -0.410654566608759     
 X energy          18 -0.410654484322599     
 X energy          19 -0.410654082470954     
 X energy          20 -0.410654075143990     
           1  0.154191828321136       0.154191479242735     
           2  0.154365723770192       0.154365374639065     
           3  0.154679028032291       0.154678678806714     
           4  0.155132588408618       0.155132239047558     
           5  0.155727540398997       0.155727190862447     
           6  0.156465365881039       0.156465016130346     
           7  0.157347903126136       0.157347553124332     
           8  0.158377353838992       0.158377003551138     
           9  0.159556290709358       0.159555940102893     
          10  0.160887666036746       0.160887315081851     
          11  0.162374821581651       0.162374470251628     
          12  0.164021499719083       0.164021147990739     
          13  0.165831855956186       0.165831503810250     
          14  0.167810472878188       0.167810120299728     
          15  0.169962375595440       0.169962022574311     
          16  0.172293048776303       0.172292695307610     
          17  0.174808455365887       0.174808101450467     
          18  0.177515057109198       0.177514702754132     
          19  0.180419837020168       0.180419482239301     
          20  0.183530323965933       0.183529968780428     
          21  0.186854619570178       0.186854264009091     
          22  0.190401427681795       0.190401071782668     
          23  0.194180086707446       0.194179730516919     
          24  0.198200605171481       0.198200248745934     
          25  0.202473700946994       0.202473344353192     
          26  0.207010844701109       0.207010488016880     
          27  0.211824308220933       0.211823951535837     
          28  0.216927218438766       0.216926861854789     
          29  0.222333618163778       0.222333261796014     
          30  0.228058534759593       0.228058178736933     
          31  0.234118058293659       0.234117702759458     
          32  0.240529431035858       0.240529076148586     
          33  0.247311150614691       0.247310796548558     
          34  0.254483089665245       0.254482736610756     
          35  0.262066635442806       0.262066283607299     
          36  0.270084853650785       0.270084503258855     
          37  0.278562681665350       0.278562332959206     
          38  0.287527157459620       0.287526810699321     
          39  0.297007691866701       0.297007347330268     
          40  0.307036393407255       0.307036051390606     
          41  0.317648456779545       0.317648117596263     
          42  0.328882628309334       0.328882292290175     
          43  0.340781764229328       0.340781431721398     
          44  0.353393500658234       0.353393172023759     
          45  0.366771057644253       0.366770733258623     
          46  0.380974203710417       0.380973883959046     
          47  0.396070412092555       0.396070097365658     
          48  0.412136245411392       0.412135936094816     
          49  0.429259011971841       0.429258708430593     
          50  0.447538744249326       0.447538446797281     
          51  0.467090558162277       0.467090267006414     
          52  0.488047459612664       0.488047174750751     
          53  0.510563670499166       0.510563391534535     
          54  0.534818545848930       0.534818271660870     
          55  0.561021139250066       0.561020867419893     
          56  0.589415432507108       0.589415158343258     
          57  0.620286157387313       0.620285872314599     
          58  0.653964974250064       0.653964663228856     
          59  0.690836498845458       0.690836136373913     
          60  0.731343247418430       0.731342791567387     
          61  0.775987974736149       0.775987358613293     
          62  0.825331114739525       0.825330234842344     
          63  0.879980165696439       0.879978866878409     
          64  0.940567052391949       0.940565109725364     
          65   1.00770902821986        1.00770612695846     
          66   1.08194894810154        1.08194466422026     
          67   1.16367221001260        1.16366599529587     
          68   1.25300073017230        1.25299190722948     
          69   1.34966913787954        1.34965691130690     
          70   1.45289463622212        1.45287812582382     
          71   1.56125871992656        1.56123701992862     
          72   1.67262455587416        1.67259682017516     
          73   1.78411626635914        1.78408181433792     
          74   1.89218363825466        1.89214206942392     
          75   1.99276673185543        1.99271803222243     
          76   2.08155980009943        2.08150442023590     
          77   2.15435510376297        2.15429398977933     
          78   2.20742893855927        2.20736350299805     
          79   2.23792575733786        2.23785778618793     
          80 -0.410654566608759      -0.410654484322599     
          81 -0.410282804996187      -0.410282722901320     
          82 -0.408701290009210      -0.408701208727298     
          83 -0.405878358485308      -0.405878278651157     
          84 -0.401851020414878      -0.401850942638703     
          85 -0.396672196158405      -0.396672121015472     
          86 -0.390408786744605      -0.390408714766178     
          87 -0.383139859131072      -0.383139790796668     
          88 -0.374954608294057      -0.374954544025174     
          89 -0.365950147463816      -0.365950087619261     
          90 -0.356229208050938      -0.356229152923809     
          91 -0.345897833287771      -0.345897783104086     
          92 -0.335063144760719      -0.335063099679634     
          93 -0.323831251935648      -0.323831212051133     
          94 -0.312305362779219      -0.312305328123046     
          95 -0.300584139733303      -0.300584110279145     
          96 -0.288760330640829      -0.288760306309253     
          97 -0.276919689708675      -0.276919670372812     
          98 -0.265140190057390      -0.265140175549051     
          99 -0.253491517507194      -0.253491507623229     
         100 -0.242034825444957      -0.242034819953642     
         101 -0.230822723163722      -0.230822721811020     
         102 -0.219899465028807      -0.219899467544347     
         103 -0.209301305100230      -0.209301311202887     
         104 -0.199056981197279      -0.199056990600274     
         105 -0.189188293503566      -0.189188305919014     
         106 -0.179710745304862      -0.179710760447750     
         107 -0.170634216937805      -0.170634234529377     
         108 -0.161963648130807      -0.161963667901374     
         109 -0.153699708303407      -0.153699729994598     
         110 -0.145839438774068      -0.145839462140572     
         111 -0.138376854987248      -0.138376879798074     
         112 -0.131303500648612      -0.131303526687940     
         113 -0.124608948951096      -0.124608976018745     
         114 -0.118281248833928      -0.118281276745525     
         115 -0.112307316433559      -0.112307345020428     
         116 -0.106673273583669      -0.106673302692519     
         117 -0.101364736447672      -0.101364765940100     
         118 -9.636705818158722E-002 -9.636708793346407E-002
         119 -9.166552999474298E-002 -9.166555989549105E-002
         120 -8.724554516776639E-002 -8.724557511957895E-002
         121 -8.309273056570125E-002 -8.309276048271852E-002
         122 -7.919305000626459E-002 -7.919307981373308E-002
         123 -7.553288355880816E-002 -7.553291319223734E-002
         124 -7.209908649946925E-002 -7.209911590380153E-002
         125 -6.887903126491564E-002 -6.887906039371938E-002
         126 -6.586063535585363E-002 -6.586066417054863E-002
         127 -6.303237776008211E-002 -6.303240622920114E-002
         128 -6.038330610559742E-002 -6.038333420408989E-002
         129 -5.790303642465657E-002 -5.790306413323577E-002
         130 -5.558174711372717E-002 -5.558177441826196E-002
         131 -5.341016841311674E-002 -5.341019530406903E-002
         132 -5.137956850308775E-002 -5.137959497499316E-002
         133 -4.948173711844221E-002 -4.948176316943555E-002
         134 -4.770896741816811E-002 -4.770899304954926E-002
         135 -4.605403670763582E-002 -4.605406192347587E-002
         136 -4.451018649479709E-002 -4.451021130158170E-002
         137 -4.307110226571765E-002 -4.307112667202638E-002
         138 -4.173089328563885E-002 -4.173091730185700E-002
         139 -4.048407266694459E-002 -4.048409630500602E-002
         140 -3.932553789257978E-002 -3.932556116573796E-002
         141 -3.825055194056589E-002 -3.825057486319172E-002
         142 -3.725472512057447E-002 -3.725474770797751E-002
         143 -3.633399770557010E-002 -3.633401997384240E-002
         144 -3.548462341911589E-002 -3.548464538499527E-002
         145 -3.470315382102766E-002 -3.470317550178000E-002
         146 -3.398642361985389E-002 -3.398644503317132E-002
         147 -3.333153692945846E-002 -3.333155809337250E-002
         148 -3.273585447825515E-002 -3.273587541106347E-002
         149 -3.219698177292159E-002 -3.219700249312649E-002
         150 -3.171275821334217E-002 -3.171277873959947E-002
         151 -3.128124715174740E-002 -3.128126750282515E-002
         152 -3.090072688620767E-002 -3.090074708095308E-002
         153 -3.056968257629111E-002 -3.056970263360416E-002
         154 -3.028679906573110E-002 -3.028681900454510E-002
         155 -3.005095458978971E-002 -3.005097442905665E-002
         156 -2.986121531851291E-002 -2.986123507719356E-002
         157 -2.971683055659435E-002 -2.971685025365178E-002
         158 -2.961722749043679E-002 -2.961724714483204E-002
         159 -2.956199113416426E-002 -2.956201076484708E-002
         160   2.24517557093463        2.24510699147795     
     k prod       :    12.86s CPU (  132480 calls,   0.000 s avg)
     k inte       :     3.50s CPU (  132480 calls,   0.000 s avg)
     k add        :     0.05s CPU (  132480 calls,   0.000 s avg)
     k fft        :    92.52s CPU (  132480 calls,   0.001 s avg)
     k sum        :     4.57s CPU (  132480 calls,   0.000 s avg)
     k other      :     1.04s CPU (  132480 calls,   0.000 s avg)
 AFTER dft_exchange_k
