
     Program PHONON v.5.0.2 (svn rev. 9400) starts on  7Dec2012 at 16:40:23 

     This program is part of the open-source Quantum ESPRESSO suite
     for quantum simulation of materials; please cite
         "P. Giannozzi et al., J. Phys.:Condens. Matter 21 395502 (2009);
          URL http://www.quantum-espresso.org", 
     in publications or presentations arising from this work. More details at
     http://www.quantum-espresso.org/quote.php

     Serial version

     Ultrasoft (Vanderbilt) Pseudopotentials

   Info: using nr1, nr2, nr3 values from input

   Info: using nr1s, nr2s, nr3s values from input

     IMPORTANT: XC functional enforced from input :
     Exchange-correlation      =  SLA  PZ   NOGX NOGC ( 1 1 0 0 0)
     EXX-fraction              =        0.00
     Any further DFT definition will be discarded
     Please, verify this is what you really want

               file Au.rel-pz-kjpaw.UPF: wavefunction(s)  6S 6P 6P 5D renormalized
 
     G-vector sticks info
     --------------------
     sticks:   dense  smooth     PW     G-vecs:    dense   smooth      PW
     Sum         595     283     91                 9841     3143     609
 

     Calculation of q =    1.0000000   0.0000000   0.0000000
 
     G-vector sticks info
     --------------------
     sticks:   dense  smooth     PW     G-vecs:    dense   smooth      PW
     Sum         595     283    121                 9841     3143     893
 


     bravais-lattice index     =            2
     lattice parameter (alat)  =       7.6660  a.u.
     unit-cell volume          =     112.6280 (a.u.)^3
     number of atoms/cell      =            1
     number of atomic types    =            1
     number of electrons       =        11.00
     number of Kohn-Sham states=           20
     kinetic-energy cutoff     =      35.0000  Ry
     charge density cutoff     =     300.0000  Ry
     Exchange-correlation      =  SLA  PZ   NOGX NOGC ( 1 1 0 0 0)
     EXX-fraction              =        0.00
     Non magnetic calculation with spin-orbit


     celldm(1)=   7.666000  celldm(2)=   0.000000  celldm(3)=   0.000000
     celldm(4)=   0.000000  celldm(5)=   0.000000  celldm(6)=   0.000000

     crystal axes: (cart. coord. in units of alat)
               a(1) = (  -0.500000   0.000000   0.500000 )  
               a(2) = (   0.000000   0.500000   0.500000 )  
               a(3) = (  -0.500000   0.500000   0.000000 )  

     reciprocal axes: (cart. coord. in units 2 pi/alat)
               b(1) = ( -1.000000 -1.000000  1.000000 )  
               b(2) = (  1.000000  1.000000  1.000000 )  
               b(3) = ( -1.000000  1.000000 -1.000000 )  


     PseudoPot. # 1 for Au read from file:
     /home/giannozz/trunk/espresso/pseudo/Au.rel-pz-kjpaw.UPF
     MD5 check sum: 5d4760394a1c1c8d002f32975df2ea42
     Pseudo is Projector augmented-wave + core cor, Zval = 11.0
     Generated using "atomic" code by A. Dal Corso  (Quantum ESPRESSO distribution)
     Shape of augmentation charge: PSQ
     Using radial grid of 1279 points, 10 beta functions with: 
                l(1) =   0
                l(2) =   0
                l(3) =   1
                l(4) =   1
                l(5) =   1
                l(6) =   1
                l(7) =   2
                l(8) =   2
                l(9) =   2
               l(10) =   2
     Q(r) pseudized with 0 coefficients 


     atomic species   valence    mass     pseudopotential
        Au            11.00   196.96655     Au( 1.00)

     48 Sym. Ops., with inversion, found



   Cartesian axes

     site n.     atom                  positions (alat units)
         1           Au  tau(   1) = (   0.0000000   0.0000000   0.0000000  )

     number of k points=    40  Methfessel-Paxton smearing, width (Ry)=  0.0400
                       cart. coord. in units 2pi/alat
        k(    1) = (  -0.1250000   0.1250000   0.1250000), wk =   0.0312500
        k(    2) = (   0.8750000   0.1250000   0.1250000), wk =   0.0000000
        k(    3) = (  -0.3750000   0.3750000  -0.1250000), wk =   0.0625000
        k(    4) = (   0.6250000   0.3750000  -0.1250000), wk =   0.0000000
        k(    5) = (   0.3750000  -0.3750000   0.6250000), wk =   0.0625000
        k(    6) = (   1.3750000  -0.3750000   0.6250000), wk =   0.0000000
        k(    7) = (   0.1250000  -0.1250000   0.3750000), wk =   0.0625000
        k(    8) = (   1.1250000  -0.1250000   0.3750000), wk =   0.0000000
        k(    9) = (  -0.1250000   0.6250000   0.1250000), wk =   0.0625000
        k(   10) = (   0.8750000   0.6250000   0.1250000), wk =   0.0000000
        k(   11) = (   0.6250000  -0.1250000   0.8750000), wk =   0.0625000
        k(   12) = (   1.6250000  -0.1250000   0.8750000), wk =   0.0000000
        k(   13) = (   0.3750000   0.1250000   0.6250000), wk =   0.0625000
        k(   14) = (   1.3750000   0.1250000   0.6250000), wk =   0.0000000
        k(   15) = (  -0.1250000  -0.8750000   0.1250000), wk =   0.0625000
        k(   16) = (   0.8750000  -0.8750000   0.1250000), wk =   0.0000000
        k(   17) = (  -0.3750000   0.3750000   0.3750000), wk =   0.0312500
        k(   18) = (   0.6250000   0.3750000   0.3750000), wk =   0.0000000
        k(   19) = (   0.3750000  -0.3750000   1.1250000), wk =   0.0625000
        k(   20) = (   1.3750000  -0.3750000   1.1250000), wk =   0.0000000
        k(   21) = (  -0.1250000  -0.3750000   0.3750000), wk =   0.0312500
        k(   22) = (   0.8750000  -0.3750000   0.3750000), wk =   0.0000000
        k(   23) = (   0.6250000   0.3750000  -0.3750000), wk =   0.0312500
        k(   24) = (   1.6250000   0.3750000  -0.3750000), wk =   0.0000000
        k(   25) = (   0.3750000   0.1250000  -0.1250000), wk =   0.0312500
        k(   26) = (   1.3750000   0.1250000  -0.1250000), wk =   0.0000000
        k(   27) = (   0.6250000   0.1250000  -0.1250000), wk =   0.0312500
        k(   28) = (   1.6250000   0.1250000  -0.1250000), wk =   0.0000000
        k(   29) = (  -0.1250000   0.8750000   0.6250000), wk =   0.0625000
        k(   30) = (   0.8750000   0.8750000   0.6250000), wk =   0.0000000
        k(   31) = (   0.8750000   0.6250000  -0.1250000), wk =   0.0625000
        k(   32) = (   1.8750000   0.6250000  -0.1250000), wk =   0.0000000
        k(   33) = (   0.1250000   0.6250000   0.3750000), wk =   0.0625000
        k(   34) = (   1.1250000   0.6250000   0.3750000), wk =   0.0000000
        k(   35) = (   0.6250000   0.3750000   0.1250000), wk =   0.0625000
        k(   36) = (   1.6250000   0.3750000   0.1250000), wk =   0.0000000
        k(   37) = (  -0.8750000   0.1250000  -0.1250000), wk =   0.0312500
        k(   38) = (   0.1250000   0.1250000  -0.1250000), wk =   0.0000000
        k(   39) = (   1.1250000   0.3750000  -0.3750000), wk =   0.0312500
        k(   40) = (   2.1250000   0.3750000  -0.3750000), wk =   0.0000000

     Dense  grid:     9841 G-vectors     FFT dimensions: (  30,  30,  30)

     Smooth grid:     3143 G-vectors     FFT dimensions: (  24,  24,  24)

     Largest allocated arrays     est. size (Mb)     dimensions
        Kohn-Sham Wavefunctions         0.24 Mb     (    800,   20)
        NL pseudopotentials             0.21 Mb     (    400,   34)
        Each V/rho on FFT grid          0.41 Mb     (  27000)
        Each G-vector array             0.08 Mb     (   9841)
        G-vector shells                 0.00 Mb     (    151)
     Largest temporary arrays     est. size (Mb)     dimensions
        Auxiliary wavefunctions         0.98 Mb     (    800,   80)
        Each subspace H/S matrix        0.10 Mb     (  80,  80)
        Each <psi_i|beta_j> matrix      0.02 Mb     (     34,   2,   20)

     The potential is recalculated from file :
     /home/giannozz/tmp/_ph0/Au.save/charge-density.dat

     Starting wfc are   18 atomic +    2 random wfc

     total cpu time spent up to now is        1.8 secs

     per-process dynamical memory:    41.5 Mb

     Band Structure Calculation
     Davidson diagonalization with overlap

     ethr =  9.09E-11,  avg # of iterations = 14.2

     total cpu time spent up to now is       10.7 secs

     End of band structure calculation

          k =-0.1250 0.1250 0.1250     band energies (ev):

     6.4062   6.4062  10.6221  10.6221  10.7066  10.7066  11.9335  11.9335
    12.9483  12.9483  13.1560  13.1560  31.9172  31.9172  32.8940  32.8940
    35.5687  35.5687  36.5512  36.5512

          k = 0.8750 0.1250 0.1250     band energies (ev):

     8.9336   8.9336   9.2538   9.2538  12.9211  12.9211  13.6018  13.6018
    14.5410  14.5410  17.1199  17.1199  22.6293  22.6293  25.5058  25.5058
    27.5802  27.5802  34.2842  34.2842

          k =-0.3750 0.3750-0.1250     band energies (ev):

     8.5027   8.5027  10.5479  10.5479  10.9417  10.9417  12.1383  12.1383
    12.8982  12.8982  14.3202  14.3202  25.8425  25.8425  30.6839  30.6839
    33.8623  33.8623  37.4672  37.4672

          k = 0.6250 0.3750-0.1250     band energies (ev):

     9.4157   9.4157  10.3807  10.3807  10.8935  10.8935  12.4891  12.4891
    13.6561  13.6561  16.0181  16.0181  23.0412  23.0412  28.0460  28.0460
    30.9462  30.9462  35.4363  35.4363

          k = 0.3750-0.3750 0.6250     band energies (ev):

     8.7867   8.7867  10.5079  10.5079  11.7134  11.7134  12.5209  12.5209
    14.1841  14.1841  16.3366  16.3366  19.7669  19.7669  30.7327  30.7327
    32.1095  32.1095  33.2173  33.2173

          k = 1.3750-0.3750 0.6250     band energies (ev):

     8.7867   8.7867  10.5079  10.5079  11.7134  11.7134  12.5209  12.5209
    14.1841  14.1841  16.3366  16.3366  19.7669  19.7669  30.7327  30.7327
    32.1095  32.1095  33.2173  33.2173

          k = 0.1250-0.1250 0.3750     band energies (ev):

     7.6802   7.6802  10.3030  10.3030  10.9489  10.9489  12.2875  12.2875
    12.7620  12.7620  13.5563  13.5563  29.2220  29.2220  33.0612  33.0612
    33.3980  33.3980  35.8539  35.8539

          k = 1.1250-0.1250 0.3750     band energies (ev):

     9.5612   9.5612   9.9956   9.9956  11.3471  11.3471  13.0245  13.0245
    14.2398  14.2398  19.1959  19.1959  21.1711  21.1711  24.8293  24.8293
    27.4713  27.4713  36.3249  36.3249

          k =-0.1250 0.6250 0.1250     band energies (ev):

     9.0441   9.0441   9.7126   9.7126  11.4268  11.4268  12.8710  12.8710
    13.7613  13.7613  14.5224  14.5224  26.0550  26.0550  29.3971  29.3971
    30.6295  30.6295  33.8515  33.8515

          k = 0.8750 0.6250 0.1250     band energies (ev):

     9.5612   9.5612   9.9956   9.9956  11.3471  11.3471  13.0245  13.0245
    14.2398  14.2398  19.1959  19.1959  21.1711  21.1711  24.8293  24.8293
    27.4713  27.4713  36.3249  36.3249

          k = 0.6250-0.1250 0.8750     band energies (ev):

     9.5612   9.5612   9.9956   9.9956  11.3471  11.3471  13.0245  13.0245
    14.2398  14.2398  19.1959  19.1959  21.1711  21.1711  24.8293  24.8293
    27.4713  27.4713  36.3249  36.3249

          k = 1.6250-0.1250 0.8750     band energies (ev):

     9.5612   9.5612   9.9956   9.9956  11.3471  11.3471  13.0245  13.0245
    14.2398  14.2398  19.1959  19.1959  21.1711  21.1711  24.8293  24.8293
    27.4713  27.4713  36.3249  36.3249

          k = 0.3750 0.1250 0.6250     band energies (ev):

     9.4157   9.4157  10.3807  10.3807  10.8935  10.8935  12.4891  12.4891
    13.6561  13.6561  16.0181  16.0181  23.0412  23.0412  28.0460  28.0460
    30.9462  30.9462  35.4363  35.4363

          k = 1.3750 0.1250 0.6250     band energies (ev):

     9.5214   9.5214  10.3476  10.3476  11.4231  11.4231  12.4138  12.4138
    13.8023  13.8023  17.9831  17.9831  20.8995  20.8995  25.9885  25.9885
    31.7109  31.7109  33.3295  33.3295

          k =-0.1250-0.8750 0.1250     band energies (ev):

     8.9336   8.9336   9.2538   9.2538  12.9211  12.9211  13.6018  13.6018
    14.5410  14.5410  17.1199  17.1199  22.6293  22.6293  25.5058  25.5058
    27.5802  27.5802  34.2842  34.2842

          k = 0.8750-0.8750 0.1250     band energies (ev):

     8.9336   8.9336   9.2538   9.2538  12.9211  12.9211  13.6018  13.6018
    14.5410  14.5410  17.1199  17.1199  22.6293  22.6293  25.5058  25.5058
    27.5802  27.5802  34.2842  34.2842

          k =-0.3750 0.3750 0.3750     band energies (ev):

     8.3735   8.3735  10.6002  10.6002  11.8248  11.8248  12.4557  12.4557
    13.6700  13.6700  14.1630  14.1630  22.3390  22.3390  31.6435  31.6435
    33.9030  33.9030  35.6464  35.6464

          k = 0.6250 0.3750 0.3750     band energies (ev):

     8.7867   8.7867  10.5079  10.5079  11.7134  11.7134  12.5209  12.5209
    14.1841  14.1841  16.3366  16.3366  19.7669  19.7669  30.7327  30.7327
    32.1095  32.1095  33.2173  33.2173

          k = 0.3750-0.3750 1.1250     band energies (ev):

     9.5214   9.5214  10.3476  10.3476  11.4231  11.4231  12.4138  12.4138
    13.8023  13.8023  17.9831  17.9831  20.8995  20.8995  25.9885  25.9885
    31.7109  31.7109  33.3295  33.3295

          k = 1.3750-0.3750 1.1250     band energies (ev):

     9.4157   9.4157  10.3807  10.3807  10.8935  10.8935  12.4891  12.4891
    13.6561  13.6561  16.0181  16.0181  23.0412  23.0412  28.0460  28.0460
    30.9462  30.9462  35.4363  35.4363

          k =-0.1250-0.3750 0.3750     band energies (ev):

     8.5027   8.5027  10.5479  10.5479  10.9417  10.9417  12.1383  12.1383
    12.8982  12.8982  14.3202  14.3202  25.8425  25.8425  30.6839  30.6839
    33.8623  33.8623  37.4672  37.4672

          k = 0.8750-0.3750 0.3750     band energies (ev):

     9.5214   9.5214  10.3476  10.3476  11.4231  11.4231  12.4138  12.4138
    13.8023  13.8023  17.9831  17.9831  20.8995  20.8995  25.9885  25.9885
    31.7109  31.7109  33.3295  33.3295

          k = 0.6250 0.3750-0.3750     band energies (ev):

     8.7867   8.7867  10.5079  10.5079  11.7134  11.7134  12.5209  12.5209
    14.1841  14.1841  16.3366  16.3366  19.7669  19.7669  30.7327  30.7327
    32.1095  32.1095  33.2173  33.2173

          k = 1.6250 0.3750-0.3750     band energies (ev):

     8.3735   8.3735  10.6002  10.6002  11.8248  11.8248  12.4557  12.4557
    13.6700  13.6700  14.1630  14.1630  22.3390  22.3390  31.6435  31.6435
    33.9030  33.9030  35.6464  35.6464

          k = 0.3750 0.1250-0.1250     band energies (ev):

     7.6802   7.6802  10.3030  10.3030  10.9489  10.9489  12.2875  12.2875
    12.7620  12.7620  13.5563  13.5563  29.2220  29.2220  33.0612  33.0612
    33.3980  33.3980  35.8539  35.8539

          k = 1.3750 0.1250-0.1250     band energies (ev):

     9.0441   9.0441   9.7126   9.7126  11.4268  11.4268  12.8710  12.8710
    13.7613  13.7613  14.5224  14.5224  26.0550  26.0550  29.3971  29.3971
    30.6295  30.6295  33.8515  33.8515

          k = 0.6250 0.1250-0.1250     band energies (ev):

     9.0441   9.0441   9.7126   9.7126  11.4268  11.4268  12.8710  12.8710
    13.7613  13.7613  14.5224  14.5224  26.0550  26.0550  29.3971  29.3971
    30.6295  30.6295  33.8515  33.8515

          k = 1.6250 0.1250-0.1250     band energies (ev):

     7.6802   7.6802  10.3030  10.3030  10.9489  10.9489  12.2875  12.2875
    12.7620  12.7620  13.5563  13.5563  29.2220  29.2220  33.0612  33.0612
    33.3980  33.3980  35.8539  35.8539

          k =-0.1250 0.8750 0.6250     band energies (ev):

     9.5612   9.5612   9.9956   9.9956  11.3471  11.3471  13.0245  13.0245
    14.2398  14.2398  19.1959  19.1959  21.1711  21.1711  24.8293  24.8293
    27.4713  27.4713  36.3249  36.3249

          k = 0.8750 0.8750 0.6250     band energies (ev):

     7.6802   7.6802  10.3030  10.3030  10.9489  10.9489  12.2875  12.2875
    12.7620  12.7620  13.5563  13.5563  29.2220  29.2220  33.0612  33.0612
    33.3980  33.3980  35.8539  35.8539

          k = 0.8750 0.6250-0.1250     band energies (ev):

     9.5612   9.5612   9.9956   9.9956  11.3471  11.3471  13.0245  13.0245
    14.2398  14.2398  19.1959  19.1959  21.1711  21.1711  24.8293  24.8293
    27.4713  27.4713  36.3249  36.3249

          k = 1.8750 0.6250-0.1250     band energies (ev):

     9.0441   9.0441   9.7126   9.7126  11.4268  11.4268  12.8710  12.8710
    13.7613  13.7613  14.5224  14.5224  26.0550  26.0550  29.3971  29.3971
    30.6295  30.6295  33.8515  33.8515

          k = 0.1250 0.6250 0.3750     band energies (ev):

     9.4157   9.4157  10.3807  10.3807  10.8935  10.8935  12.4891  12.4891
    13.6561  13.6561  16.0181  16.0181  23.0412  23.0412  28.0460  28.0460
    30.9462  30.9462  35.4363  35.4363

          k = 1.1250 0.6250 0.3750     band energies (ev):

     9.4157   9.4157  10.3807  10.3807  10.8935  10.8935  12.4891  12.4891
    13.6561  13.6561  16.0181  16.0181  23.0412  23.0412  28.0460  28.0460
    30.9462  30.9462  35.4363  35.4363

          k = 0.6250 0.3750 0.1250     band energies (ev):

     9.4157   9.4157  10.3807  10.3807  10.8935  10.8935  12.4891  12.4891
    13.6561  13.6561  16.0181  16.0181  23.0412  23.0412  28.0460  28.0460
    30.9462  30.9462  35.4363  35.4363

          k = 1.6250 0.3750 0.1250     band energies (ev):

     8.5027   8.5027  10.5479  10.5479  10.9417  10.9417  12.1383  12.1383
    12.8982  12.8982  14.3202  14.3202  25.8425  25.8425  30.6839  30.6839
    33.8623  33.8623  37.4672  37.4672

          k =-0.8750 0.1250-0.1250     band energies (ev):

     8.9336   8.9336   9.2538   9.2538  12.9211  12.9211  13.6018  13.6018
    14.5410  14.5410  17.1199  17.1199  22.6293  22.6293  25.5058  25.5058
    27.5802  27.5802  34.2842  34.2842

          k = 0.1250 0.1250-0.1250     band energies (ev):

     6.4062   6.4062  10.6221  10.6221  10.7066  10.7066  11.9335  11.9335
    12.9483  12.9483  13.1560  13.1560  31.9172  31.9172  32.8940  32.8940
    35.5687  35.5687  36.5512  36.5512

          k = 1.1250 0.3750-0.3750     band energies (ev):

     9.5214   9.5214  10.3476  10.3476  11.4231  11.4231  12.4138  12.4138
    13.8023  13.8023  17.9831  17.9831  20.8995  20.8995  25.9885  25.9885
    31.7109  31.7109  33.3295  33.3295

          k = 2.1250 0.3750-0.3750     band energies (ev):

     8.5027   8.5027  10.5479  10.5479  10.9417  10.9417  12.1383  12.1383
    12.8982  12.8982  14.3202  14.3202  25.8425  25.8425  30.6839  30.6839
    33.8623  33.8623  37.4672  37.4672

     the Fermi energy is    16.1641 ev

     Writing output data file Au.save

                                                                                

     bravais-lattice index     =            2
     lattice parameter (alat)  =       7.6660  a.u.
     unit-cell volume          =     112.6280 (a.u.)^3
     number of atoms/cell      =            1
     number of atomic types    =            1
     kinetic-energy cut-off    =      35.0000  Ry
     charge density cut-off    =     300.0000  Ry
     convergence threshold     =      1.0E-14
     beta                      =       0.7000
     number of iterations used =            4
     Exchange-correlation      =  SLA  PZ   NOGX NOGC ( 1 1 0 0 0)
     EXX-fraction              =        0.00
     Non magnetic calculation with spin-orbit

     celldm(1)=    7.66600  celldm(2)=    0.00000  celldm(3)=    0.00000
     celldm(4)=    0.00000  celldm(5)=    0.00000  celldm(6)=    0.00000

     crystal axes: (cart. coord. in units of alat)
               a(1) = ( -0.5000  0.0000  0.5000 )  
               a(2) = (  0.0000  0.5000  0.5000 )  
               a(3) = ( -0.5000  0.5000  0.0000 )  

     reciprocal axes: (cart. coord. in units 2 pi/alat)
               b(1) = ( -1.0000 -1.0000  1.0000 )  
               b(2) = (  1.0000  1.0000  1.0000 )  
               b(3) = ( -1.0000  1.0000 -1.0000 )  


     Atoms inside the unit cell: 

   Cartesian axes

     site n.  atom      mass           positions (alat units)
           1        Au 196.9666   tau(    1) = (    0.00000    0.00000    0.00000  )

     Computing dynamical matrix for 
                    q = (   1.0000000   0.0000000   0.0000000 )
 
     17 Sym.Ops. (with q -> -q+G )


     G cutoff =  446.5799  (   9841 G-vectors)     FFT grid: ( 30, 30, 30)
     G cutoff =  208.4039  (   3143 G-vectors)  smooth grid: ( 24, 24, 24)

     number of k points=    40  Methfessel-Paxton smearing, width (Ry)=  0.0400
                       cart. coord. in units 2pi/alat
        k(    1) = (  -0.1250000   0.1250000   0.1250000), wk =   0.0312500
        k(    2) = (   0.8750000   0.1250000   0.1250000), wk =   0.0000000
        k(    3) = (  -0.3750000   0.3750000  -0.1250000), wk =   0.0625000
        k(    4) = (   0.6250000   0.3750000  -0.1250000), wk =   0.0000000
        k(    5) = (   0.3750000  -0.3750000   0.6250000), wk =   0.0625000
        k(    6) = (   1.3750000  -0.3750000   0.6250000), wk =   0.0000000
        k(    7) = (   0.1250000  -0.1250000   0.3750000), wk =   0.0625000
        k(    8) = (   1.1250000  -0.1250000   0.3750000), wk =   0.0000000
        k(    9) = (  -0.1250000   0.6250000   0.1250000), wk =   0.0625000
        k(   10) = (   0.8750000   0.6250000   0.1250000), wk =   0.0000000
        k(   11) = (   0.6250000  -0.1250000   0.8750000), wk =   0.0625000
        k(   12) = (   1.6250000  -0.1250000   0.8750000), wk =   0.0000000
        k(   13) = (   0.3750000   0.1250000   0.6250000), wk =   0.0625000
        k(   14) = (   1.3750000   0.1250000   0.6250000), wk =   0.0000000
        k(   15) = (  -0.1250000  -0.8750000   0.1250000), wk =   0.0625000
        k(   16) = (   0.8750000  -0.8750000   0.1250000), wk =   0.0000000
        k(   17) = (  -0.3750000   0.3750000   0.3750000), wk =   0.0312500
        k(   18) = (   0.6250000   0.3750000   0.3750000), wk =   0.0000000
        k(   19) = (   0.3750000  -0.3750000   1.1250000), wk =   0.0625000
        k(   20) = (   1.3750000  -0.3750000   1.1250000), wk =   0.0000000
        k(   21) = (  -0.1250000  -0.3750000   0.3750000), wk =   0.0312500
        k(   22) = (   0.8750000  -0.3750000   0.3750000), wk =   0.0000000
        k(   23) = (   0.6250000   0.3750000  -0.3750000), wk =   0.0312500
        k(   24) = (   1.6250000   0.3750000  -0.3750000), wk =   0.0000000
        k(   25) = (   0.3750000   0.1250000  -0.1250000), wk =   0.0312500
        k(   26) = (   1.3750000   0.1250000  -0.1250000), wk =   0.0000000
        k(   27) = (   0.6250000   0.1250000  -0.1250000), wk =   0.0312500
        k(   28) = (   1.6250000   0.1250000  -0.1250000), wk =   0.0000000
        k(   29) = (  -0.1250000   0.8750000   0.6250000), wk =   0.0625000
        k(   30) = (   0.8750000   0.8750000   0.6250000), wk =   0.0000000
        k(   31) = (   0.8750000   0.6250000  -0.1250000), wk =   0.0625000
        k(   32) = (   1.8750000   0.6250000  -0.1250000), wk =   0.0000000
        k(   33) = (   0.1250000   0.6250000   0.3750000), wk =   0.0625000
        k(   34) = (   1.1250000   0.6250000   0.3750000), wk =   0.0000000
        k(   35) = (   0.6250000   0.3750000   0.1250000), wk =   0.0625000
        k(   36) = (   1.6250000   0.3750000   0.1250000), wk =   0.0000000
        k(   37) = (  -0.8750000   0.1250000  -0.1250000), wk =   0.0312500
        k(   38) = (   0.1250000   0.1250000  -0.1250000), wk =   0.0000000
        k(   39) = (   1.1250000   0.3750000  -0.3750000), wk =   0.0312500
        k(   40) = (   2.1250000   0.3750000  -0.3750000), wk =   0.0000000

     PseudoPot. # 1 for Au read from file:
     /home/giannozz/trunk/espresso/pseudo/Au.rel-pz-kjpaw.UPF
     MD5 check sum: 5d4760394a1c1c8d002f32975df2ea42
     Pseudo is Projector augmented-wave + core cor, Zval = 11.0
     Generated using "atomic" code by A. Dal Corso  (Quantum ESPRESSO distribution)
     Shape of augmentation charge: PSQ
     Using radial grid of 1279 points, 10 beta functions with: 
                l(1) =   0
                l(2) =   0
                l(3) =   1
                l(4) =   1
                l(5) =   1
                l(6) =   1
                l(7) =   2
                l(8) =   2
                l(9) =   2
               l(10) =   2
     Q(r) pseudized with 0 coefficients 



     Atomic displacements:
     There are   2 irreducible representations

     Representation     1      1 modes -A_2u X_4' M_4'  To be done

     Representation     2      2 modes -E_u  X_5' M_5'  To be done



     Alpha used in Ewald sum =   2.8000
     PHONON       :    22.51s CPU        23.83s WALL



     Representation #  1 mode #   1

     Self-consistent Calculation

      iter #   1 total cpu time :    26.7 secs   av.it.:   6.9
      thresh= 0.100E-01 alpha_mix =  0.700 |ddv_scf|^2 =  0.401E-03

      iter #   2 total cpu time :    29.6 secs   av.it.:   9.0
      thresh= 0.200E-02 alpha_mix =  0.700 |ddv_scf|^2 =  0.311E-03

      iter #   3 total cpu time :    32.6 secs   av.it.:   8.3
      thresh= 0.176E-02 alpha_mix =  0.700 |ddv_scf|^2 =  0.612E-08

      iter #   4 total cpu time :    35.7 secs   av.it.:   9.1
      thresh= 0.782E-05 alpha_mix =  0.700 |ddv_scf|^2 =  0.278E-09

      iter #   5 total cpu time :    38.6 secs   av.it.:   8.8
      thresh= 0.167E-05 alpha_mix =  0.700 |ddv_scf|^2 =  0.963E-12

      iter #   6 total cpu time :    41.6 secs   av.it.:   8.7
      thresh= 0.981E-07 alpha_mix =  0.700 |ddv_scf|^2 =  0.309E-14

     End of self-consistent calculation

     Convergence has been achieved 


     Representation #  2 modes #   2  3

     Self-consistent Calculation

      iter #   1 total cpu time :    47.6 secs   av.it.:   6.2
      thresh= 0.100E-01 alpha_mix =  0.700 |ddv_scf|^2 =  0.862E-05

      iter #   2 total cpu time :    53.5 secs   av.it.:  10.0
      thresh= 0.294E-03 alpha_mix =  0.700 |ddv_scf|^2 =  0.682E-06

      iter #   3 total cpu time :    59.6 secs   av.it.:   9.7
      thresh= 0.826E-04 alpha_mix =  0.700 |ddv_scf|^2 =  0.564E-09

      iter #   4 total cpu time :    65.5 secs   av.it.:  10.1
      thresh= 0.238E-05 alpha_mix =  0.700 |ddv_scf|^2 =  0.286E-11

      iter #   5 total cpu time :    71.2 secs   av.it.:   9.4
      thresh= 0.169E-06 alpha_mix =  0.700 |ddv_scf|^2 =  0.364E-13

      iter #   6 total cpu time :    77.0 secs   av.it.:   9.2
      thresh= 0.191E-07 alpha_mix =  0.700 |ddv_scf|^2 =  0.360E-15

     End of self-consistent calculation

     Convergence has been achieved 
 
     Number of q in the star =    3
     List of q in the star:
          1   1.000000000   0.000000000   0.000000000
          2   0.000000000   0.000000000   1.000000000
          3   0.000000000   1.000000000   0.000000000

     Diagonalizing the dynamical matrix

     q = (    1.000000000   0.000000000   0.000000000 ) 

 **************************************************************************
     omega(    1) =       2.576249 [THz] =      85.934404 [cm-1]
     omega(    2) =       2.576249 [THz] =      85.934404 [cm-1]
     omega(    3) =       4.652323 [THz] =     155.184802 [cm-1]
 **************************************************************************

     Mode symmetry, D_4h(4/mmm) point group:

     omega(  1 -  2) =         85.9  [cm-1]   --> E_u  X_5' M_5'     
     omega(  3 -  3) =        155.2  [cm-1]   --> A_2u X_4' M_4'     
 
     init_run     :      1.78s CPU      1.84s WALL (       1 calls)
     electrons    :      8.26s CPU      8.88s WALL (       1 calls)

     Called by init_run:
     wfcinit      :      0.00s CPU      0.00s WALL (       1 calls)
     potinit      :      0.14s CPU      0.14s WALL (       1 calls)

     Called by electrons:
     c_bands      :      8.26s CPU      8.88s WALL (       1 calls)
     v_of_rho     :      0.01s CPU      0.01s WALL (       2 calls)
     newd         :      0.24s CPU      0.25s WALL (       2 calls)

     Called by c_bands:
     init_us_2    :      0.10s CPU      0.12s WALL (     400 calls)
     cegterg      :      7.42s CPU      7.83s WALL (      40 calls)

     Called by *egterg:
     h_psi        :      5.02s CPU      5.32s WALL (     647 calls)
     s_psi        :      3.40s CPU      3.71s WALL (    8967 calls)
     g_psi        :      0.23s CPU      0.20s WALL (     567 calls)
     cdiaghg      :      0.89s CPU      0.97s WALL (     607 calls)

     Called by h_psi:
     add_vuspsi   :      1.70s CPU      1.74s WALL (    4627 calls)

     General routines
     calbec       :      2.94s CPU      3.14s WALL (    9907 calls)
     fft          :      0.10s CPU      0.08s WALL (     189 calls)
     ffts         :      0.02s CPU      0.02s WALL (     116 calls)
     fftw         :     24.85s CPU     26.49s WALL (  220976 calls)
     interpolate  :      0.01s CPU      0.01s WALL (       8 calls)
     davcio       :      0.29s CPU      1.77s WALL (    1823 calls)
 
 
     PAW routines
     PAW_pot      :      0.24s CPU      0.25s WALL (       2 calls)
 
     PHONON       :  1m11.90s CPU     1m17.24s WALL

     INITIALIZATION: 
     phq_setup    :      0.01s CPU      0.01s WALL (       1 calls)
     phq_init     :      9.40s CPU      9.74s WALL (       1 calls)
 
     phq_init     :      9.40s CPU      9.74s WALL (       1 calls)
     set_drhoc    :      1.09s CPU      1.13s WALL (       3 calls)
     init_vloc    :      0.00s CPU      0.00s WALL (       2 calls)
     init_us_1    :      2.63s CPU      2.72s WALL (       2 calls)
     newd         :      0.24s CPU      0.25s WALL (       2 calls)
     dvanqq       :      0.76s CPU      0.79s WALL (       1 calls)
     drho         :      6.97s CPU      7.21s WALL (       1 calls)
 
     DYNAMICAL MATRIX:
     dynmat0      :      1.11s CPU      1.15s WALL (       1 calls)
     phqscf       :     49.38s CPU     53.39s WALL (       1 calls)
     dynmatrix    :      0.01s CPU      0.01s WALL (       1 calls)
 
     phqscf       :     49.38s CPU     53.39s WALL (       1 calls)
     solve_linter :     48.96s CPU     52.93s WALL (       2 calls)
     drhodv       :      0.42s CPU      0.45s WALL (       2 calls)
 
     dynmat0      :      1.11s CPU      1.15s WALL (       1 calls)
     dynmat_us    :      0.38s CPU      0.39s WALL (       1 calls)
     d2ionq       :      0.00s CPU      0.00s WALL (       1 calls)
     dynmatcc     :      0.73s CPU      0.76s WALL (       1 calls)
 
     dynmat_us    :      0.38s CPU      0.39s WALL (       1 calls)
     addusdynmat  :      0.02s CPU      0.02s WALL (       1 calls)
 
     phqscf       :     49.38s CPU     53.39s WALL (       1 calls)
     solve_linter :     48.96s CPU     52.93s WALL (       2 calls)
 
     solve_linter :     48.96s CPU     52.93s WALL (       2 calls)
     dvqpsi_us    :      1.63s CPU      1.73s WALL (      60 calls)
     ortho        :      0.58s CPU      0.69s WALL (     360 calls)
     cgsolve      :     30.53s CPU     32.00s WALL (     360 calls)
     incdrhoscf   :      2.67s CPU      2.87s WALL (     360 calls)
     addusddens   :      2.87s CPU      2.98s WALL (      14 calls)
     vpsifft      :      2.15s CPU      2.34s WALL (     300 calls)
     dv_of_drho   :      0.05s CPU      0.05s WALL (      18 calls)
     mix_pot      :      0.04s CPU      0.09s WALL (      12 calls)
     symdvscf     :      0.46s CPU      0.48s WALL (      12 calls)
     newdq        :      3.36s CPU      3.49s WALL (      12 calls)
     adddvscf     :      0.45s CPU      0.43s WALL (     300 calls)
     drhodvus     :      0.00s CPU      0.00s WALL (       2 calls)
 
     dvqpsi_us    :      1.63s CPU      1.73s WALL (      60 calls)
     dvqpsi_us_on :      0.79s CPU      0.81s WALL (      60 calls)
 
     cgsolve      :     30.53s CPU     32.00s WALL (     360 calls)
     ch_psi       :     30.07s CPU     31.39s WALL (    3980 calls)
 
     ch_psi       :     30.07s CPU     31.39s WALL (    3980 calls)
     h_psiq       :     26.14s CPU     27.31s WALL (    3980 calls)
     last         :      3.81s CPU      3.96s WALL (    3980 calls)
 
     h_psiq       :     26.14s CPU     27.31s WALL (    3980 calls)
     firstfft     :     10.64s CPU     11.28s WALL (   38608 calls)
     secondfft    :      9.54s CPU      9.90s WALL (   38608 calls)
     add_vuspsi   :      1.70s CPU      1.74s WALL (    4627 calls)
 
     incdrhoscf   :      2.67s CPU      2.87s WALL (     360 calls)
 
     drhodvus     :      0.00s CPU      0.00s WALL (       2 calls)
 
      General routines
     calbec       :      2.94s CPU      3.14s WALL (    9907 calls)
     fft          :      0.10s CPU      0.08s WALL (     189 calls)
     ffts         :      0.02s CPU      0.02s WALL (     116 calls)
     fftw         :     24.85s CPU     26.49s WALL (  220976 calls)
     cinterpolate :      0.04s CPU      0.03s WALL (      39 calls)
     davcio       :      0.29s CPU      1.77s WALL (    1823 calls)
     write_rec    :      0.03s CPU      0.06s WALL (      14 calls)
 
 
     PHONON       :  1m11.90s CPU     1m17.24s WALL

 
   This run was terminated on:  16:41:40   7Dec2012            

=------------------------------------------------------------------------------=
   JOB DONE.
=------------------------------------------------------------------------------=
