
     Program FERMI v.6.0 (svn rev. 13286) starts on  7Feb2017 at 15:26:23 

     This program is part of the open-source Quantum ESPRESSO suite
     for quantum simulation of materials; please cite
         "P. Giannozzi et al., J. Phys.:Condens. Matter 21 395502 (2009);
          URL http://www.quantum-espresso.org", 
     in publications or presentations arising from this work. More details at
     http://www.quantum-espresso.org/quote

     Parallel version (MPI), running on     1 processors

   Info: using nr1, nr2, nr3 values from input

   Info: using nr1, nr2, nr3 values from input

     IMPORTANT: XC functional enforced from input :
     Exchange-correlation      =  SLA  PZ   NOGX NOGC ( 1  1  0  0 0 0)
     Any further DFT definition will be discarded
     Please, verify this is what you really want

               file Ni.pz-nd-rrkjus.UPF: wavefunction(s)  4S renormalized

     G-vector sticks info
     --------------------
     sticks:   dense  smooth     PW     G-vecs:    dense   smooth      PW
     Sum         421     139     55                 5601     1067     283


     Check: negative/imaginary core charge=   -0.000015    0.000000
        4 bands found crossing Ef =   15.092842

     FERMI        :     0.76s CPU         0.78s WALL


   This run was terminated on:  15:26:23   7Feb2017            

=------------------------------------------------------------------------------=
   JOB DONE.
=------------------------------------------------------------------------------=
