
     Program SIMPLE v.6.3 starts on 14Dec2018 at 22:21: 4 

     This program is part of the open-source Quantum ESPRESSO suite
     for quantum simulation of materials; please cite
         "P. Giannozzi et al., J. Phys.:Condens. Matter 21 395502 (2009);
         "P. Giannozzi et al., J. Phys.:Condens. Matter 29 465901 (2017);
          URL http://www.quantum-espresso.org", 
     in publications or presentations arising from this work. More details at
     http://www.quantum-espresso.org/quote

     Parallel version (MPI & OpenMP), running on      64 processor cores
     Number of MPI processes:                 4
     Threads/MPI process:                    16

     MPI processes distributed on     1 nodes
     R & G space division:  proc/nbgrp/npool/nimage =       4

     Reading data from directory:
     /marconi_scratch/userexternal/pumari00/tmp/si.save/

     IMPORTANT: XC functional enforced from input :
     Exchange-correlation      = PZ ( 1  1  0  0 0 0)
     Any further DFT definition will be discarded
     Please, verify this is what you really want

 
     Parallelization info
     --------------------
     sticks:   dense  smooth     PW     G-vecs:    dense   smooth      PW
     Min         124     124     40                 2096     2096     375
     Max         125     125     41                 2097     2097     376
     Sum         497     497    161                 8385     8385    1503
 
 nkstot=           8
 after first init
 after g stuff
 after wfc waves
 after davcio


     bravais-lattice index     =            8
     lattice parameter (alat)  =      10.2600  a.u.
     unit-cell volume          =    1080.0456 (a.u.)^3
     number of atoms/cell      =            8
     number of atomic types    =            1
     number of electrons       =        32.00
     number of Kohn-Sham states=           40
     kinetic-energy cutoff     =      15.0000  Ry
     charge density cutoff     =      60.0000  Ry
     Exchange-correlation      = PZ ( 1  1  0  0 0 0)

     celldm(1)=  10.260000  celldm(2)=   1.000000  celldm(3)=   1.000000
     celldm(4)=   0.000000  celldm(5)=   0.000000  celldm(6)=   0.000000

     crystal axes: (cart. coord. in units of alat)
               a(1) = (   1.000000   0.000000   0.000000 )  
               a(2) = (   0.000000   1.000000   0.000000 )  
               a(3) = (   0.000000   0.000000   1.000000 )  

     reciprocal axes: (cart. coord. in units 2 pi/alat)
               b(1) = (  1.000000  0.000000  0.000000 )  
               b(2) = (  0.000000  1.000000  0.000000 )  
               b(3) = (  0.000000  0.000000  1.000000 )  


     PseudoPot. # 1 for Si read from file:
     /marconi/home/userexternal/pumari00/QE_LAST/develop//pseudo/Si.pz-vbc.UPF
     MD5 check sum: 6dfa03ddd5817404712e03e4d12deb78
     Pseudo is Norm-conserving, Zval =  4.0
     Generated by new atomic code, or converted to UPF format
     Using radial grid of  431 points,  2 beta functions with: 
                l(1) =   0
                l(2) =   1

     atomic species   valence    mass     pseudopotential
        Si             4.00     1.00000     Si( 1.00)

     No symmetry found



   Cartesian axes

     site n.     atom                  positions (alat units)
         1           Si  tau(   1) = (   0.0000000   0.0000000   0.0000000  )
         2           Si  tau(   2) = (   0.5000000   0.5000000   0.0000000  )
         3           Si  tau(   3) = (   0.0000000   0.5000000   0.5000000  )
         4           Si  tau(   4) = (   0.5000000   0.0000000   0.5000000  )
         5           Si  tau(   5) = (   0.2500000   0.2500000   0.2500000  )
         6           Si  tau(   6) = (   0.7500000   0.7500000   0.2500000  )
         7           Si  tau(   7) = (   0.7500000   0.2500000   0.7500000  )
         8           Si  tau(   8) = (   0.2500000   0.7500000   0.7500000  )

     number of k points=     8
                       cart. coord. in units 2pi/alat
        k(    1) = (   0.2500000   0.0000000   0.0000000), wk =   0.2500000
        k(    2) = (   0.2500000   0.0000000  -0.5000000), wk =   0.2500000
        k(    3) = (   0.2500000  -0.5000000   0.0000000), wk =   0.2500000
        k(    4) = (   0.2500000  -0.5000000  -0.5000000), wk =   0.2500000
        k(    5) = (  -0.2500000   0.0000000   0.0000000), wk =   0.2500000
        k(    6) = (  -0.2500000   0.0000000  -0.5000000), wk =   0.2500000
        k(    7) = (  -0.2500000  -0.5000000   0.0000000), wk =   0.2500000
        k(    8) = (  -0.2500000  -0.5000000  -0.5000000), wk =   0.2500000

     Dense  grid:     8385 G-vectors     FFT dimensions: (  25,  25,  25)

          k = 0.2500 0.0000 0.0000     band energies (ev):

    -5.5738  -3.4462  -1.6179  -1.6179  -1.6179  -1.6179   0.3732   2.6281
     2.6281   2.6281   2.6281   3.4521   3.4521   4.7579   5.2622   5.2622
     6.6595   7.5982   8.0234   8.0234   8.0234   8.0234   8.0686   9.7881
     9.7881  10.3858  12.6678  13.9175  13.9175  13.9175  13.9175  14.1283
    14.1283  14.2887  14.8710  16.6075  16.6973  16.6973  16.6973  16.6973

          k = 0.2500 0.0000-0.5000     band energies (ev):

    -4.5225  -4.5225  -2.7240  -2.7239  -0.4586  -0.4586   1.8070   1.8070
     1.8076   1.8076   3.3371   3.3371   3.4691   3.4691   4.6360   4.6360
     8.5051   8.5051   8.9276   8.9276   9.9703   9.9703  10.2728  10.2729
    10.6142  10.6143  11.2854  11.2854  11.5804  11.5804  13.1023  13.1023
    13.9032  13.9032  13.9438  13.9438  15.3590  15.3590  16.3260  16.3260

          k = 0.2500-0.5000 0.0000     band energies (ev):

    -4.5225  -4.5225  -2.7240  -2.7239  -0.4586  -0.4586   1.8070   1.8070
     1.8076   1.8076   3.3371   3.3371   3.4691   3.4691   4.6360   4.6360
     8.5051   8.5051   8.9276   8.9276   9.9703   9.9703  10.2728  10.2729
    10.6142  10.6143  11.2854  11.2854  11.5804  11.5804  13.1023  13.1023
    13.9032  13.9032  13.9438  13.9438  15.3590  15.3590  16.3260  16.3260

          k = 0.2500-0.5000-0.5000     band energies (ev):

    -3.6669  -3.6669  -3.6669  -3.6669  -0.3000  -0.3000  -0.3000  -0.3000
     3.6025   3.6025   3.6025   3.6025   4.8009   4.8009   4.8009   4.8009
     8.4294   8.4294   8.4294   8.4294   9.6956   9.6956   9.6956   9.6956
     9.9762   9.9762   9.9762   9.9763  13.9005  13.9005  13.9005  13.9005
    14.2774  14.2774  14.2774  14.2774  15.2363  15.2363  15.2363  15.2363

          k =-0.2500 0.0000 0.0000     band energies (ev):

    -5.5738  -3.4462  -1.6179  -1.6179  -1.6179  -1.6179   0.3732   2.6281
     2.6281   2.6281   2.6281   3.4521   3.4521   4.7579   5.2622   5.2622
     6.6595   7.5982   8.0234   8.0234   8.0234   8.0234   8.0686   9.7881
     9.7881  10.3858  12.6678  13.9175  13.9175  13.9175  13.9175  14.1283
    14.1283  14.2887  14.8710  16.6075  16.6973  16.6973  16.6973  16.6973

          k =-0.2500 0.0000-0.5000     band energies (ev):

    -4.5225  -4.5225  -2.7240  -2.7239  -0.4586  -0.4586   1.8070   1.8070
     1.8076   1.8076   3.3371   3.3371   3.4691   3.4691   4.6360   4.6360
     8.5051   8.5051   8.9276   8.9276   9.9703   9.9703  10.2728  10.2729
    10.6142  10.6143  11.2854  11.2854  11.5804  11.5804  13.1023  13.1023
    13.9032  13.9032  13.9438  13.9438  15.3590  15.3590  16.3260  16.3260

          k =-0.2500-0.5000 0.0000     band energies (ev):

    -4.5225  -4.5225  -2.7240  -2.7239  -0.4586  -0.4586   1.8070   1.8070
     1.8076   1.8076   3.3371   3.3371   3.4691   3.4691   4.6360   4.6360
     8.5051   8.5051   8.9276   8.9276   9.9703   9.9703  10.2728  10.2729
    10.6142  10.6143  11.2854  11.2854  11.5804  11.5804  13.1023  13.1023
    13.9032  13.9032  13.9438  13.9438  15.3590  15.3590  16.3260  16.3260

          k =-0.2500-0.5000-0.5000     band energies (ev):

    -3.6669  -3.6669  -3.6669  -3.6669  -0.3000  -0.3000  -0.3000  -0.3000
     3.6025   3.6025   3.6025   3.6025   4.8009   4.8009   4.8009   4.8009
     8.4294   8.4294   8.4294   8.4294   9.6956   9.6956   9.6956   9.6956
     9.9762   9.9762   9.9762   9.9763  13.9005  13.9005  13.9005  13.9005
    14.2774  14.2774  14.2774  14.2774  15.2363  15.2363  15.2363  15.2363

     highest occupied, lowest unoccupied level (ev):     5.2622    6.6595
 NPWX NPW_MAX         272         340
 K POINT:            2
 DIMENSION OF BASIS          50
     wfc_loop     :      0.24s CPU      0.02s WALL (       1 calls)
     wfc_optimal  :      0.12s CPU      0.01s WALL (       1 calls)
     zgemm        :      0.08s CPU      0.01s WALL (      23 calls)
 K POINT:            3
 DIMENSION OF BASIS          57
     wfc_loop     :      0.39s CPU      0.04s WALL (       2 calls)
     wfc_optimal  :      0.21s CPU      0.02s WALL (       2 calls)
     zgemm        :      0.11s CPU      0.02s WALL (      42 calls)
 K POINT:            4
 DIMENSION OF BASIS          61
     wfc_loop     :      0.53s CPU      0.05s WALL (       3 calls)
     wfc_optimal  :      0.28s CPU      0.02s WALL (       3 calls)
     zgemm        :      0.14s CPU      0.02s WALL (      51 calls)
 K POINT:            5
 DIMENSION OF BASIS          69
     wfc_loop     :      0.69s CPU      0.06s WALL (       4 calls)
     wfc_optimal  :      0.36s CPU      0.03s WALL (       4 calls)
     zgemm        :      0.17s CPU      0.02s WALL (      66 calls)
 K POINT:            6
 DIMENSION OF BASIS          69
     wfc_loop     :      0.83s CPU      0.07s WALL (       5 calls)
     wfc_optimal  :      0.40s CPU      0.03s WALL (       5 calls)
     zgemm        :      0.20s CPU      0.02s WALL (      68 calls)
 K POINT:            7
 DIMENSION OF BASIS          70
     wfc_loop     :      0.93s CPU      0.08s WALL (       6 calls)
     wfc_optimal  :      0.44s CPU      0.03s WALL (       6 calls)
     zgemm        :      0.22s CPU      0.03s WALL (      74 calls)
 K POINT:            8
 DIMENSION OF BASIS          70
     wfc_loop     :      1.03s CPU      0.09s WALL (       7 calls)
     wfc_optimal  :      0.48s CPU      0.04s WALL (       7 calls)
     zgemm        :      0.24s CPU      0.03s WALL (      76 calls)
  IK           1
  IK           2
  IK           3
  IK           4
  IK           5
  IK           6
  IK           7
  IK           8
  
 TOTAL NUMBER OF OPTIMAL BASIS VECTORS :          70
  
 ***********************************************************
 Preparing for subsequent BSE calculation (for simple_bse.x)
 ***********************************************************
 Routine product_basis
 Forming products with            1
 Projecting out
 Calling Gram Schmidt
 PRODUCT BASIS: TOT NEW           54          54
     Product_cicl :      1.01s CPU      0.06s WALL (       1 calls)
     Product_gram :      0.28s CPU      0.02s WALL (       1 calls)
 Forming products with            2
 Projecting out
 Calling Gram Schmidt
 PRODUCT BASIS: TOT NEW           65          11
     Product_cicl :      2.04s CPU      0.13s WALL (       2 calls)
     Product_zgem :      0.01s CPU      0.00s WALL (       2 calls)
     Product_gram :      0.44s CPU      0.03s WALL (       2 calls)
 Forming products with            3
 Projecting out
 Calling Gram Schmidt
 PRODUCT BASIS: TOT NEW           66           1
     Product_cicl :      2.94s CPU      0.19s WALL (       3 calls)
     Product_zgem :      0.03s CPU      0.00s WALL (       4 calls)
     Product_gram :      0.55s CPU      0.03s WALL (       3 calls)
 Forming products with            4
 Projecting out
 Calling Gram Schmidt
 PRODUCT BASIS: TOT NEW           66           0
     Product_cicl :      3.80s CPU      0.25s WALL (       4 calls)
     Product_zgem :      0.04s CPU      0.00s WALL (       6 calls)
     Product_gram :      0.61s CPU      0.04s WALL (       4 calls)
 Forming products with            5
 Projecting out
 Calling Gram Schmidt
 PRODUCT BASIS: TOT NEW           66           0
     Product_cicl :      4.59s CPU      0.30s WALL (       5 calls)
     Product_zgem :      0.05s CPU      0.00s WALL (       8 calls)
     Product_gram :      0.68s CPU      0.04s WALL (       5 calls)
 Forming products with            6
 Projecting out
 Calling Gram Schmidt
 PRODUCT BASIS: TOT NEW           67           1
     Product_cicl :      5.47s CPU      0.36s WALL (       6 calls)
     Product_zgem :      0.07s CPU      0.00s WALL (      10 calls)
     Product_gram :      0.79s CPU      0.05s WALL (       6 calls)
 Forming products with            7
 Projecting out
 Calling Gram Schmidt
 PRODUCT BASIS: TOT NEW           75           8
     Product_cicl :      6.36s CPU      0.42s WALL (       7 calls)
     Product_zgem :      0.08s CPU      0.01s WALL (      12 calls)
     Product_gram :      0.93s CPU      0.06s WALL (       7 calls)
 Forming products with            8
 Projecting out
 Calling Gram Schmidt
 PRODUCT BASIS: TOT NEW           77           2
     Product_cicl :      7.20s CPU      0.48s WALL (       8 calls)
     Product_zgem :      0.10s CPU      0.01s WALL (      14 calls)
     Product_gram :      1.01s CPU      0.07s WALL (       8 calls)
 Forming products with            9
 Projecting out
 Calling Gram Schmidt
 PRODUCT BASIS: TOT NEW           77           0
     Product_cicl :      7.95s CPU      0.53s WALL (       9 calls)
     Product_zgem :      0.11s CPU      0.01s WALL (      16 calls)
     Product_gram :      1.05s CPU      0.07s WALL (       9 calls)
 Forming products with           10
 Projecting out
 Calling Gram Schmidt
 PRODUCT BASIS: TOT NEW           77           0
     Product_cicl :      8.74s CPU      0.58s WALL (      10 calls)
     Product_zgem :      0.12s CPU      0.01s WALL (      18 calls)
     Product_gram :      1.12s CPU      0.08s WALL (      10 calls)
 Forming products with           11
 Projecting out
 Calling Gram Schmidt
 PRODUCT BASIS: TOT NEW           78           1
     Product_cicl :      9.54s CPU      0.64s WALL (      11 calls)
     Product_zgem :      0.14s CPU      0.01s WALL (      20 calls)
     Product_gram :      1.22s CPU      0.08s WALL (      11 calls)
 Forming products with           12
 Projecting out
 Calling Gram Schmidt
 PRODUCT BASIS: TOT NEW           78           0
     Product_cicl :     10.34s CPU      0.69s WALL (      12 calls)
     Product_zgem :      0.15s CPU      0.01s WALL (      22 calls)
     Product_gram :      1.30s CPU      0.09s WALL (      12 calls)
 Forming products with           13
 Projecting out
 Calling Gram Schmidt
 PRODUCT BASIS: TOT NEW           78           0
     Product_cicl :     11.10s CPU      0.74s WALL (      13 calls)
     Product_zgem :      0.17s CPU      0.01s WALL (      24 calls)
     Product_gram :      1.37s CPU      0.09s WALL (      13 calls)
 Forming products with           14
 Projecting out
 Calling Gram Schmidt
 PRODUCT BASIS: TOT NEW           83           5
     Product_cicl :     11.88s CPU      0.80s WALL (      14 calls)
     Product_zgem :      0.18s CPU      0.01s WALL (      26 calls)
     Product_gram :      1.46s CPU      0.10s WALL (      14 calls)
 Forming products with           15
 Projecting out
 Calling Gram Schmidt
 PRODUCT BASIS: TOT NEW           83           0
     Product_cicl :     12.70s CPU      0.85s WALL (      15 calls)
     Product_zgem :      0.20s CPU      0.01s WALL (      28 calls)
     Product_gram :      1.52s CPU      0.11s WALL (      15 calls)
 Forming products with           16
 Projecting out
 Calling Gram Schmidt
 PRODUCT BASIS: TOT NEW           83           0
     Product_cicl :     13.47s CPU      0.91s WALL (      16 calls)
     Product_zgem :      0.21s CPU      0.01s WALL (      30 calls)
     Product_gram :      1.57s CPU      0.11s WALL (      16 calls)
 Forming products with           17
 Projecting out
 Calling Gram Schmidt
 PRODUCT BASIS: TOT NEW           83           0
     Product_cicl :     14.26s CPU      0.96s WALL (      17 calls)
     Product_zgem :      0.23s CPU      0.02s WALL (      32 calls)
     Product_gram :      1.64s CPU      0.11s WALL (      17 calls)
 Forming products with           18
 Projecting out
 Calling Gram Schmidt
 PRODUCT BASIS: TOT NEW           83           0
     Product_cicl :     15.05s CPU      1.01s WALL (      18 calls)
     Product_zgem :      0.24s CPU      0.02s WALL (      34 calls)
     Product_gram :      1.70s CPU      0.12s WALL (      18 calls)
 Forming products with           19
 Projecting out
 Calling Gram Schmidt
 PRODUCT BASIS: TOT NEW           84           1
     Product_cicl :     15.92s CPU      1.07s WALL (      19 calls)
     Product_zgem :      0.26s CPU      0.02s WALL (      36 calls)
     Product_gram :      1.82s CPU      0.13s WALL (      19 calls)
 Forming products with           20
 Projecting out
 Calling Gram Schmidt
 PRODUCT BASIS: TOT NEW           85           1
     Product_cicl :     16.81s CPU      1.13s WALL (      20 calls)
     Product_zgem :      0.27s CPU      0.02s WALL (      38 calls)
     Product_gram :      1.94s CPU      0.14s WALL (      20 calls)
 Forming products with           21
 Projecting out
 Calling Gram Schmidt
 PRODUCT BASIS: TOT NEW           86           1
     Product_cicl :     17.69s CPU      1.19s WALL (      21 calls)
     Product_zgem :      0.28s CPU      0.02s WALL (      40 calls)
     Product_gram :      2.07s CPU      0.15s WALL (      21 calls)
 Forming products with           22
 Projecting out
 Calling Gram Schmidt
 PRODUCT BASIS: TOT NEW           87           1
     Product_cicl :     18.60s CPU      1.26s WALL (      22 calls)
     Product_zgem :      0.30s CPU      0.02s WALL (      42 calls)
     Product_gram :      2.23s CPU      0.16s WALL (      22 calls)
 Forming products with           23
 Projecting out
 Calling Gram Schmidt
 PRODUCT BASIS: TOT NEW           87           0
     Product_cicl :     19.39s CPU      1.31s WALL (      23 calls)
     Product_zgem :      0.32s CPU      0.02s WALL (      44 calls)
     Product_gram :      2.28s CPU      0.16s WALL (      23 calls)
 Forming products with           24
 Projecting out
 Calling Gram Schmidt
 PRODUCT BASIS: TOT NEW           88           1
     Product_cicl :     20.20s CPU      1.36s WALL (      24 calls)
     Product_zgem :      0.33s CPU      0.02s WALL (      46 calls)
     Product_gram :      2.36s CPU      0.17s WALL (      24 calls)
 Forming products with           25
 Projecting out
 Calling Gram Schmidt
 PRODUCT BASIS: TOT NEW           89           1
     Product_cicl :     21.05s CPU      1.42s WALL (      25 calls)
     Product_zgem :      0.35s CPU      0.02s WALL (      48 calls)
     Product_gram :      2.46s CPU      0.17s WALL (      25 calls)
 Forming products with           26
 Projecting out
 Calling Gram Schmidt
 PRODUCT BASIS: TOT NEW           90           1
     Product_cicl :     21.91s CPU      1.48s WALL (      26 calls)
     Product_zgem :      0.36s CPU      0.03s WALL (      50 calls)
     Product_gram :      2.56s CPU      0.18s WALL (      26 calls)
 Forming products with           27
 Projecting out
 Calling Gram Schmidt
 PRODUCT BASIS: TOT NEW           90           0
     Product_cicl :     22.72s CPU      1.54s WALL (      27 calls)
     Product_zgem :      0.38s CPU      0.03s WALL (      52 calls)
     Product_gram :      2.63s CPU      0.19s WALL (      27 calls)
 Forming products with           28
 Projecting out
 Calling Gram Schmidt
 PRODUCT BASIS: TOT NEW           95           5
     Product_cicl :     23.53s CPU      1.59s WALL (      28 calls)
     Product_zgem :      0.39s CPU      0.03s WALL (      54 calls)
     Product_gram :      2.72s CPU      0.19s WALL (      28 calls)
 Forming products with           29
 Projecting out
 Calling Gram Schmidt
 PRODUCT BASIS: TOT NEW           96           1
     Product_cicl :     24.33s CPU      1.65s WALL (      29 calls)
     Product_zgem :      0.41s CPU      0.03s WALL (      56 calls)
     Product_gram :      2.80s CPU      0.20s WALL (      29 calls)
 Forming products with           30
 Projecting out
 Calling Gram Schmidt
 PRODUCT BASIS: TOT NEW           97           1
     Product_cicl :     25.17s CPU      1.70s WALL (      30 calls)
     Product_zgem :      0.42s CPU      0.03s WALL (      58 calls)
     Product_gram :      2.88s CPU      0.20s WALL (      30 calls)
 Forming products with           31
 Projecting out
 Calling Gram Schmidt
 PRODUCT BASIS: TOT NEW          100           3
     Product_cicl :     26.00s CPU      1.76s WALL (      31 calls)
     Product_zgem :      0.44s CPU      0.03s WALL (      60 calls)
     Product_gram :      2.97s CPU      0.21s WALL (      31 calls)
 Forming products with           32
 Projecting out
 Calling Gram Schmidt
 PRODUCT BASIS: TOT NEW          102           2
     Product_cicl :     26.83s CPU      1.82s WALL (      32 calls)
     Product_zgem :      0.45s CPU      0.03s WALL (      62 calls)
     Product_gram :      3.07s CPU      0.22s WALL (      32 calls)
 Forming products with           33
 Projecting out
 Calling Gram Schmidt
 PRODUCT BASIS: TOT NEW          104           2
     Product_cicl :     27.64s CPU      1.87s WALL (      33 calls)
     Product_zgem :      0.47s CPU      0.03s WALL (      64 calls)
     Product_gram :      3.13s CPU      0.22s WALL (      33 calls)
 Forming products with           34
 Projecting out
 Calling Gram Schmidt
 PRODUCT BASIS: TOT NEW          104           0
     Product_cicl :     28.41s CPU      1.93s WALL (      34 calls)
     Product_zgem :      0.49s CPU      0.04s WALL (      66 calls)
     Product_gram :      3.18s CPU      0.23s WALL (      34 calls)
 Forming products with           35
 Projecting out
 Calling Gram Schmidt
 PRODUCT BASIS: TOT NEW          104           0
     Product_cicl :     29.20s CPU      1.98s WALL (      35 calls)
     Product_zgem :      0.51s CPU      0.04s WALL (      68 calls)
     Product_gram :      3.25s CPU      0.23s WALL (      35 calls)
 Forming products with           36
 Projecting out
 Calling Gram Schmidt
 PRODUCT BASIS: TOT NEW          105           1
     Product_cicl :     30.01s CPU      2.03s WALL (      36 calls)
     Product_zgem :      0.53s CPU      0.04s WALL (      70 calls)
     Product_gram :      3.31s CPU      0.24s WALL (      36 calls)
 Forming products with           37
 Projecting out
 Calling Gram Schmidt
 PRODUCT BASIS: TOT NEW          106           1
     Product_cicl :     30.87s CPU      2.09s WALL (      37 calls)
     Product_zgem :      0.55s CPU      0.04s WALL (      72 calls)
     Product_gram :      3.42s CPU      0.24s WALL (      37 calls)
 Forming products with           38
 Projecting out
 Calling Gram Schmidt
 PRODUCT BASIS: TOT NEW          106           0
     Product_cicl :     31.71s CPU      2.15s WALL (      38 calls)
     Product_zgem :      0.56s CPU      0.04s WALL (      74 calls)
     Product_gram :      3.51s CPU      0.25s WALL (      38 calls)
 Forming products with           39
 Projecting out
 Calling Gram Schmidt
 PRODUCT BASIS: TOT NEW          106           0
     Product_cicl :     32.52s CPU      2.20s WALL (      39 calls)
     Product_zgem :      0.58s CPU      0.04s WALL (      76 calls)
     Product_gram :      3.55s CPU      0.25s WALL (      39 calls)
 Forming products with           40
 Projecting out
 Calling Gram Schmidt
 PRODUCT BASIS: TOT NEW          107           1
     Product_cicl :     33.38s CPU      2.25s WALL (      40 calls)
     Product_zgem :      0.60s CPU      0.04s WALL (      78 calls)
     Product_gram :      3.63s CPU      0.26s WALL (      40 calls)
 Forming products with           41
 Projecting out
 Calling Gram Schmidt
 PRODUCT BASIS: TOT NEW          107           0
     Product_cicl :     34.19s CPU      2.31s WALL (      41 calls)
     Product_zgem :      0.61s CPU      0.04s WALL (      80 calls)
     Product_gram :      3.69s CPU      0.26s WALL (      41 calls)
 Forming products with           42
 Projecting out
 Calling Gram Schmidt
 PRODUCT BASIS: TOT NEW          107           0
     Product_cicl :     34.96s CPU      2.36s WALL (      42 calls)
     Product_zgem :      0.63s CPU      0.05s WALL (      82 calls)
     Product_gram :      3.74s CPU      0.26s WALL (      42 calls)
 Forming products with           43
 Projecting out
 Calling Gram Schmidt
 PRODUCT BASIS: TOT NEW          107           0
     Product_cicl :     35.72s CPU      2.41s WALL (      43 calls)
     Product_zgem :      0.65s CPU      0.05s WALL (      84 calls)
     Product_gram :      3.79s CPU      0.27s WALL (      43 calls)
 Forming products with           44
 Projecting out
 Calling Gram Schmidt
 PRODUCT BASIS: TOT NEW          107           0
     Product_cicl :     36.53s CPU      2.46s WALL (      44 calls)
     Product_zgem :      0.67s CPU      0.05s WALL (      86 calls)
     Product_gram :      3.85s CPU      0.27s WALL (      44 calls)
 Forming products with           45
 Projecting out
 Calling Gram Schmidt
 PRODUCT BASIS: TOT NEW          107           0
     Product_cicl :     37.31s CPU      2.52s WALL (      45 calls)
     Product_zgem :      0.68s CPU      0.05s WALL (      88 calls)
     Product_gram :      3.92s CPU      0.28s WALL (      45 calls)
 Forming products with           46
 Projecting out
 Calling Gram Schmidt
 PRODUCT BASIS: TOT NEW          108           1
     Product_cicl :     38.09s CPU      2.57s WALL (      46 calls)
     Product_zgem :      0.70s CPU      0.05s WALL (      90 calls)
     Product_gram :      3.97s CPU      0.28s WALL (      46 calls)
 Forming products with           47
 Projecting out
 Calling Gram Schmidt
 PRODUCT BASIS: TOT NEW          108           0
     Product_cicl :     38.86s CPU      2.62s WALL (      47 calls)
     Product_zgem :      0.72s CPU      0.05s WALL (      92 calls)
     Product_gram :      4.01s CPU      0.29s WALL (      47 calls)
 Forming products with           48
 Projecting out
 Calling Gram Schmidt
 PRODUCT BASIS: TOT NEW          108           0
     Product_cicl :     39.64s CPU      2.68s WALL (      48 calls)
     Product_zgem :      0.74s CPU      0.05s WALL (      94 calls)
     Product_gram :      4.07s CPU      0.29s WALL (      48 calls)
 Forming products with           49
 Projecting out
 Calling Gram Schmidt
 PRODUCT BASIS: TOT NEW          110           2
     Product_cicl :     40.48s CPU      2.73s WALL (      49 calls)
     Product_zgem :      0.76s CPU      0.05s WALL (      96 calls)
     Product_gram :      4.21s CPU      0.30s WALL (      49 calls)
 Forming products with           50
 Projecting out
 Calling Gram Schmidt
 PRODUCT BASIS: TOT NEW          110           0
     Product_cicl :     41.24s CPU      2.79s WALL (      50 calls)
     Product_zgem :      0.77s CPU      0.06s WALL (      98 calls)
     Product_gram :      4.26s CPU      0.30s WALL (      50 calls)
 Forming products with           51
 Projecting out
 Calling Gram Schmidt
 PRODUCT BASIS: TOT NEW          110           0
     Product_cicl :     42.01s CPU      2.84s WALL (      51 calls)
     Product_zgem :      0.79s CPU      0.06s WALL (     100 calls)
     Product_gram :      4.32s CPU      0.31s WALL (      51 calls)
 Forming products with           52
 Projecting out
 Calling Gram Schmidt
 PRODUCT BASIS: TOT NEW          110           0
     Product_cicl :     42.82s CPU      2.89s WALL (      52 calls)
     Product_zgem :      0.81s CPU      0.06s WALL (     102 calls)
     Product_gram :      4.39s CPU      0.31s WALL (      52 calls)
 Forming products with           53
 Projecting out
 Calling Gram Schmidt
 PRODUCT BASIS: TOT NEW          110           0
     Product_cicl :     43.60s CPU      2.95s WALL (      53 calls)
     Product_zgem :      0.82s CPU      0.06s WALL (     104 calls)
     Product_gram :      4.46s CPU      0.32s WALL (      53 calls)
 Forming products with           54
 Projecting out
 Calling Gram Schmidt
 PRODUCT BASIS: TOT NEW          110           0
     Product_cicl :     44.38s CPU      3.00s WALL (      54 calls)
     Product_zgem :      0.84s CPU      0.06s WALL (     106 calls)
     Product_gram :      4.51s CPU      0.32s WALL (      54 calls)
 Forming products with           55
 Projecting out
 Calling Gram Schmidt
 PRODUCT BASIS: TOT NEW          110           0
     Product_cicl :     45.20s CPU      3.05s WALL (      55 calls)
     Product_zgem :      0.86s CPU      0.06s WALL (     108 calls)
     Product_gram :      4.58s CPU      0.33s WALL (      55 calls)
 Forming products with           56
 Projecting out
 Calling Gram Schmidt
 PRODUCT BASIS: TOT NEW          110           0
     Product_cicl :     45.99s CPU      3.11s WALL (      56 calls)
     Product_zgem :      0.88s CPU      0.06s WALL (     110 calls)
     Product_gram :      4.65s CPU      0.33s WALL (      56 calls)
 Forming products with           57
 Projecting out
 Calling Gram Schmidt
 PRODUCT BASIS: TOT NEW          112           2
     Product_cicl :     46.88s CPU      3.17s WALL (      57 calls)
     Product_zgem :      0.90s CPU      0.06s WALL (     112 calls)
     Product_gram :      4.80s CPU      0.34s WALL (      57 calls)
 Forming products with           58
 Projecting out
 Calling Gram Schmidt
 PRODUCT BASIS: TOT NEW          112           0
     Product_cicl :     47.69s CPU      3.22s WALL (      58 calls)
     Product_zgem :      0.91s CPU      0.06s WALL (     114 calls)
     Product_gram :      4.87s CPU      0.35s WALL (      58 calls)
 Forming products with           59
 Projecting out
 Calling Gram Schmidt
 PRODUCT BASIS: TOT NEW          112           0
     Product_cicl :     48.49s CPU      3.28s WALL (      59 calls)
     Product_zgem :      0.93s CPU      0.07s WALL (     116 calls)
     Product_gram :      4.94s CPU      0.35s WALL (      59 calls)
 Forming products with           60
 Projecting out
 Calling Gram Schmidt
 PRODUCT BASIS: TOT NEW          112           0
     Product_cicl :     49.28s CPU      3.33s WALL (      60 calls)
     Product_zgem :      0.95s CPU      0.07s WALL (     118 calls)
     Product_gram :      5.01s CPU      0.36s WALL (      60 calls)
 Forming products with           61
 Projecting out
 Calling Gram Schmidt
 PRODUCT BASIS: TOT NEW          112           0
     Product_cicl :     50.07s CPU      3.39s WALL (      61 calls)
     Product_zgem :      0.97s CPU      0.07s WALL (     120 calls)
     Product_gram :      5.08s CPU      0.36s WALL (      61 calls)
 Forming products with           62
 Projecting out
 Calling Gram Schmidt
 PRODUCT BASIS: TOT NEW          112           0
     Product_cicl :     50.87s CPU      3.44s WALL (      62 calls)
     Product_zgem :      0.99s CPU      0.07s WALL (     122 calls)
     Product_gram :      5.13s CPU      0.37s WALL (      62 calls)
 Forming products with           63
 Projecting out
 Calling Gram Schmidt
 PRODUCT BASIS: TOT NEW          113           1
     Product_cicl :     51.75s CPU      3.50s WALL (      63 calls)
     Product_zgem :      1.00s CPU      0.07s WALL (     124 calls)
     Product_gram :      5.26s CPU      0.38s WALL (      63 calls)
 Forming products with           64
 Projecting out
 Calling Gram Schmidt
 PRODUCT BASIS: TOT NEW          114           1
     Product_cicl :     52.61s CPU      3.56s WALL (      64 calls)
     Product_zgem :      1.02s CPU      0.07s WALL (     126 calls)
     Product_gram :      5.39s CPU      0.39s WALL (      64 calls)
 Forming products with           65
 Projecting out
 Calling Gram Schmidt
 PRODUCT BASIS: TOT NEW          115           1
     Product_cicl :     53.48s CPU      3.62s WALL (      65 calls)
     Product_zgem :      1.04s CPU      0.07s WALL (     128 calls)
     Product_gram :      5.50s CPU      0.39s WALL (      65 calls)
 Forming products with           66
 Projecting out
 Calling Gram Schmidt
 PRODUCT BASIS: TOT NEW          116           1
     Product_cicl :     54.35s CPU      3.68s WALL (      66 calls)
     Product_zgem :      1.06s CPU      0.07s WALL (     130 calls)
     Product_gram :      5.62s CPU      0.40s WALL (      66 calls)
 Forming products with           67
 Projecting out
 Calling Gram Schmidt
 PRODUCT BASIS: TOT NEW          117           1
     Product_cicl :     55.24s CPU      3.74s WALL (      67 calls)
     Product_zgem :      1.08s CPU      0.08s WALL (     132 calls)
     Product_gram :      5.74s CPU      0.41s WALL (      67 calls)
 Forming products with           68
 Projecting out
 Calling Gram Schmidt
 PRODUCT BASIS: TOT NEW          118           1
     Product_cicl :     56.13s CPU      3.80s WALL (      68 calls)
     Product_zgem :      1.10s CPU      0.08s WALL (     134 calls)
     Product_gram :      5.87s CPU      0.42s WALL (      68 calls)
 Forming products with           69
 Projecting out
 Calling Gram Schmidt
 PRODUCT BASIS: TOT NEW          121           3
     Product_cicl :     57.01s CPU      3.86s WALL (      69 calls)
     Product_zgem :      1.11s CPU      0.08s WALL (     136 calls)
     Product_gram :      5.98s CPU      0.43s WALL (      69 calls)
 Forming products with           70
 Projecting out
 Calling Gram Schmidt
 PRODUCT BASIS: TOT NEW          121           0
     Product_cicl :     57.83s CPU      3.92s WALL (      70 calls)
     Product_zgem :      1.13s CPU      0.08s WALL (     138 calls)
     Product_gram :      6.06s CPU      0.43s WALL (      70 calls)
 Routine v_product
 Out of v_product
 Subroutine epe
     optimal_basi :      1.50s CPU      0.12s WALL (       1 calls)
     simple       :    585.72s CPU    433.20s WALL (       1 calls)
