
     Program D3TOTEN   v.2.1    starts ...
     Today is 13Sep2004 at 14:48: 7 

     Reading file si.save ... 
     read complete

     Reading file si.save ... 
     read complete

     nbndx  =     4  nbnd   =     4  natomwfc =     8  npwx   =     534
     nelec  =    8.00 nkb   =     8  ngl    =      86
 READING PATTERNS FROM FILE si.drho_G.pat                                       
                                                                                
                                                                                
                                               

     Anharm at Gamma                                                            

     crystal is                     

     bravais-lattice index     =            2
     lattice parameter (a_0)   =      10.2000  a.u.
     unit-cell volume          =     265.3020 (a.u.)^3
     number of atoms/cell      =            2
     number of atomic types    =            1
     kinetic-energy cut-off    =      24.0000  Ry
     charge densisty cut-off   =      96.0000  Ry


     celldm(1)=   10.20000  celldm(2)=    0.00000  celldm(3)=    0.00000
     celldm(4)=    0.00000  celldm(5)=    0.00000  celldm(6)=    0.00000

     crystal axes: (cart. coord. in units of a_0)
               a(1) = ( -0.5000  0.0000  0.5000 )  
               a(2) = (  0.0000  0.5000  0.5000 )  
               a(3) = ( -0.5000  0.5000  0.0000 )  

     reciprocal axes: (cart. coord. in units 2 pi/a_0)
               b(1) = ( -1.0000 -1.0000  1.0000 )  
               b(2) = (  1.0000  1.0000  1.0000 )  
               b(3) = ( -1.0000  1.0000 -1.0000 )  


     Atoms inside the unit cell: 

   Cartesian axes

     site n.  atom      mass           positions (a_0 units)
        1        Si   0.0308   tau( 1) = (    0.00000    0.00000    0.00000  )
        2        Si   0.0308   tau( 2) = (    0.25000    0.25000    0.25000  )

     Computing dynamical matrix for 
                    q = (    0.00000    0.00000    0.00000 )

     Computing all the modes 
 
     48 + 1 = 49 q=0 Sym.Ops. 


     G cutoff =  252.9949  (   4279 G-vectors)     FFT grid: ( 24, 24, 24)
     number of k points=   10
                       cart. coord. in units 2pi/a_0
        k(    1) = (  -0.1250000   0.1250000   0.1250000), wk =   0.0625000
        k(    2) = (  -0.3750000   0.3750000  -0.1250000), wk =   0.1875000
        k(    3) = (   0.3750000  -0.3750000   0.6250000), wk =   0.1875000
        k(    4) = (   0.1250000  -0.1250000   0.3750000), wk =   0.1875000
        k(    5) = (  -0.1250000   0.6250000   0.1250000), wk =   0.1875000
        k(    6) = (   0.6250000  -0.1250000   0.8750000), wk =   0.3750000
        k(    7) = (   0.3750000   0.1250000   0.6250000), wk =   0.3750000
        k(    8) = (  -0.1250000  -0.8750000   0.1250000), wk =   0.1875000
        k(    9) = (  -0.3750000   0.3750000   0.3750000), wk =   0.0625000
        k(   10) = (   0.3750000  -0.3750000   1.1250000), wk =   0.1875000

     pseudo 1 is Si         zval =  4.0   lmax= 1   lloc= 0
     (in numerical form: 431 grid points, xmin =  0.00, dx = 0.0000)


     Atomic displacements:
     There are     2 irreducible representations

     Representation     1      3 modes - To be done

     Representation     2      3 modes - To be done

                    **   Complex  Version    **
     D3TOTEN      :     0.93s CPU time


     Nscf calculating of the perturbed wavefunctions

     Calculating for the wavevector q=0 at the original k-points


     Representation #  1 modes #   1  2  3


      thresh= 0.100E-04 total cpu time :    86.3 secs   av.it.: 157.8


     Representation #  2 modes #   4  5  6


      thresh= 0.100E-04 total cpu time :   171.1 secs   av.it.: 157.3
     gen_dwfc(3)   time:       170.15 sec    Total time:      171.08 sec

     Finished the ncf calculation of the perturbed wavefunctions

     calling gen_dpdvp
     gen_dpdvp     time:         0.00 sec    Total time:      171.08 sec

     Calculating the matrix elements <dpsi |dH |dpsi>

     calling dpsidvdpsi:  1
     dpsidvdpsi  1 time:         1.16 sec    Total time:      172.24 sec

     calling dpsidvdpsi:  2
     dpsidvdpsi  2 time:         1.14 sec    Total time:      173.38 sec

     calling dpsidvdpsi:  3
     dpsidvdpsi  3 time:         1.17 sec    Total time:      174.55 sec

     calling dpsidvdpsi:  4
     dpsidvdpsi  4 time:         1.14 sec    Total time:      175.69 sec

     calling dpsidvdpsi:  5
     dpsidvdpsi  5 time:         1.16 sec    Total time:      176.85 sec

     calling dpsidvdpsi:  6
     dpsidvdpsi  6 time:         1.13 sec    Total time:      177.98 sec

     Calculating the matrix elements <dpsi|dpsi>< psi|dH|psi> 

     calling dpsidpsidv
     dpsidpsidv    time:         0.11 sec    Total time:      178.09 sec

     Calculating the matrix elements <psi |d^2 v |dpsi>

     calling drhod2v
           1
  0.000000  0.000000    0.000000  0.000000    0.727740  0.000000
  0.000000  0.000000    0.000000  0.000000    0.000000  0.000000
  0.727740  0.000000    0.000000  0.000000    0.000000  0.000000
           2
  0.000000  0.000000    0.000000  0.000000    0.727740  0.000000
  0.000000  0.000000    0.000000  0.000000    0.000000  0.000000
  0.727740  0.000000    0.000000  0.000000    0.000000  0.000000
           1
  0.000000  0.000000    0.000000  0.000000    0.000000  0.000000
  0.000000  0.000000    0.000000  0.000000    0.727740  0.000000
  0.000000  0.000000    0.727740  0.000000    0.000000  0.000000
           2
  0.000000  0.000000    0.000000  0.000000    0.000000  0.000000
  0.000000  0.000000    0.000000  0.000000    0.727740  0.000000
  0.000000  0.000000    0.727740  0.000000    0.000000  0.000000
           1
  0.000000  0.000000    0.727740  0.000000    0.000000  0.000000
  0.727740  0.000000    0.000000  0.000000    0.000000  0.000000
  0.000000  0.000000    0.000000  0.000000    0.000000  0.000000
           2
  0.000000  0.000000    0.727740  0.000000    0.000000  0.000000
  0.727740  0.000000    0.000000  0.000000    0.000000  0.000000
  0.000000  0.000000    0.000000  0.000000    0.000000  0.000000
           1
  0.000000  0.000000    0.000000  0.000000    0.000000  0.000000
  0.000000  0.000000    0.000000  0.000000   -1.180450  0.000000
  0.000000  0.000000   -1.180450  0.000000    0.000000  0.000000
           2
  0.000000  0.000000    0.000000  0.000000    0.000000  0.000000
  0.000000  0.000000    0.000000  0.000000    1.180450  0.000000
  0.000000  0.000000    1.180450  0.000000    0.000000  0.000000
           1
  0.000000  0.000000    0.000000  0.000000   -1.180450  0.000000
  0.000000  0.000000    0.000000  0.000000    0.000000  0.000000
 -1.180450  0.000000    0.000000  0.000000    0.000000  0.000000
           2
  0.000000  0.000000    0.000000  0.000000    1.180450  0.000000
  0.000000  0.000000    0.000000  0.000000    0.000000  0.000000
  1.180450  0.000000    0.000000  0.000000    0.000000  0.000000
           1
  0.000000  0.000000   -1.180450  0.000000    0.000000  0.000000
 -1.180450  0.000000    0.000000  0.000000    0.000000  0.000000
  0.000000  0.000000    0.000000  0.000000    0.000000  0.000000
           2
  0.000000  0.000000    1.180450  0.000000    0.000000  0.000000
  1.180450  0.000000    0.000000  0.000000    0.000000  0.000000
  0.000000  0.000000    0.000000  0.000000    0.000000  0.000000
     drhod2v       time:         0.68 sec    Total time:      178.77 sec

     Calculating the matrix elements <psi |d^3v |psi>

     calling d3vrho
     d3vrho        time:         0.38 sec    Total time:      179.15 sec

     Calculating the Ewald contribution

     calling d3ionq

     Alpha used in Ewald sum =   1.0000
     d3ionq        time:         0.06 sec    Total time:      179.21 sec

     Calculating the valence contribution

     calling d3_valence
     d3_valence    time:         0.00 sec    Total time:      179.21 sec

     calling drho_cc(+1)
     drho_cc(+1)   time:         0.00 sec    Total time:      179.21 sec

     Calculating the exchange-correlation contribution

     calling d3_exc
     d3_exc        time:         0.26 sec    Total time:      179.47 sec

     Calculating the core-correction contribution

     calling d3dyn_cc
     d3dyn_cc      time:         0.00 sec    Total time:      179.47 sec

     Symmetrizing and writing the tensor to disc

     calling d3matrix
 
     Number of q in the star =    1
     List of q in the star:
          1   0.000000000   0.000000000   0.000000000
     d3matrix      time:         0.03 sec    Total time:      179.50 sec
 
     D3TOTEN      :  2m59.50s CPU time

     d3_setup     :     0.02s CPU
     phq_init     :     0.27s CPU
 
     solve_linter :   170.15s CPU (       2 calls,  85.075 s avg)
     ortho        :     0.00s CPU (      60 calls,   0.000 s avg)
     cgsolve      :   168.94s CPU (      60 calls,   2.816 s avg)
 
     cgsolve      :   168.94s CPU (      60 calls,   2.816 s avg)
     ch_psi       :   166.26s CPU (   10407 calls,   0.016 s avg)
 
     ch_psi       :   166.26s CPU (   10407 calls,   0.016 s avg)
     h_psiq       :   160.44s CPU (   10407 calls,   0.015 s avg)
     last         :     5.35s CPU (   10407 calls,   0.001 s avg)
 
     h_psiq       :   160.44s CPU (   10407 calls,   0.015 s avg)
     firstfft     :    71.73s CPU (   37888 calls,   0.002 s avg)
     secondfft    :    70.65s CPU (   37888 calls,   0.002 s avg)
 
      General routines
     ccalbec      :     3.82s CPU (   20854 calls,   0.000 s avg)
     cft3         :     0.06s CPU (      32 calls,   0.002 s avg)
     cft3s        :   138.67s CPU (   79136 calls,   0.002 s avg)
     davcio       :     0.38s CPU (    5668 calls,   0.000 s avg)
 
