
     Program D3TOTEN   v.2.1cvs starts ...
     Today is 26Jul2005 at 16:47:42 

     Reading file si.save ...      only dimensions
     read complete

     Reading file si.save ...      all except wavefuctions
     read complete

     nbndx  =     4  nbnd   =     4  natomwfc =     8  npwx   =     534
     nelec  =   8.00  nkb   =     8  ngl    =      86
     READING PATTERNS FROM FILE si.drho_X.pat
     READING PATTERNS FROM FILE si.drho_G.pat

     Anharm at the X-point                                                      

     crystal is                     

     bravais-lattice index     =            2
     lattice parameter (a_0)   =      10.2000  a.u.
     unit-cell volume          =     265.3020 (a.u.)^3
     number of atoms/cell      =            2
     number of atomic types    =            1
     kinetic-energy cut-off    =      24.0000  Ry
     charge densisty cut-off   =      96.0000  Ry

     celldm(1)=   10.20000  celldm(2)=    0.00000  celldm(3)=    0.00000
     celldm(4)=    0.00000  celldm(5)=    0.00000  celldm(6)=    0.00000

     crystal axes: (cart. coord. in units of a_0)
               a(1) = ( -0.5000  0.0000  0.5000 )  
               a(2) = (  0.0000  0.5000  0.5000 )  
               a(3) = ( -0.5000  0.5000  0.0000 )  

     reciprocal axes: (cart. coord. in units 2 pi/a_0)
               b(1) = ( -1.0000 -1.0000  1.0000 )  
               b(2) = (  1.0000  1.0000  1.0000 )  
               b(3) = ( -1.0000  1.0000 -1.0000 )  


     Atoms inside the unit cell: 

   Cartesian axes

     site n.  atom      mass           positions (a_0 units)
        1        Si   0.0308   tau( 1) = (    0.00000    0.00000    0.00000  )
        2        Si   0.0308   tau( 2) = (    0.25000    0.25000    0.25000  )

     Computing dynamical matrix for 
                    q = (    0.00000    0.00000    1.00000 )

     Computing all the modes 

     48 + 1 = 49 q=0 Sym.Ops. 


     17 Sym.Ops. (with q -> -q+G )


     G cutoff =  252.9949  (   4279 G-vectors)     FFT grid: ( 24, 24, 24)
     number of k points=   40
                       cart. coord. in units 2pi/a_0
        k(    1) = (  -0.1250000   0.1250000   0.1250000), wk =   0.0625000
        k(    2) = (  -0.1250000   0.1250000   1.1250000), wk =   0.0000000
        k(    3) = (  -0.3750000   0.3750000  -0.1250000), wk =   0.0625000
        k(    4) = (  -0.3750000   0.3750000   0.8750000), wk =   0.0000000
        k(    5) = (   0.3750000  -0.3750000   0.6250000), wk =   0.0625000
        k(    6) = (   0.3750000  -0.3750000   1.6250000), wk =   0.0000000
        k(    7) = (   0.1250000  -0.1250000   0.3750000), wk =   0.0625000
        k(    8) = (   0.1250000  -0.1250000   1.3750000), wk =   0.0000000
        k(    9) = (  -0.1250000   0.6250000   0.1250000), wk =   0.1250000
        k(   10) = (  -0.1250000   0.6250000   1.1250000), wk =   0.0000000
        k(   11) = (   0.6250000  -0.1250000   0.8750000), wk =   0.1250000
        k(   12) = (   0.6250000  -0.1250000   1.8750000), wk =   0.0000000
        k(   13) = (   0.3750000   0.1250000   0.6250000), wk =   0.1250000
        k(   14) = (   0.3750000   0.1250000   1.6250000), wk =   0.0000000
        k(   15) = (  -0.1250000  -0.8750000   0.1250000), wk =   0.1250000
        k(   16) = (  -0.1250000  -0.8750000   1.1250000), wk =   0.0000000
        k(   17) = (  -0.3750000   0.3750000   0.3750000), wk =   0.0625000
        k(   18) = (  -0.3750000   0.3750000   1.3750000), wk =   0.0000000
        k(   19) = (   0.3750000  -0.3750000   1.1250000), wk =   0.0625000
        k(   20) = (   0.3750000  -0.3750000   2.1250000), wk =   0.0000000
        k(   21) = (  -0.1250000  -0.3750000  -0.3750000), wk =   0.1250000
        k(   22) = (  -0.1250000  -0.3750000   0.6250000), wk =   0.0000000
        k(   23) = (   0.6250000   0.3750000   0.3750000), wk =   0.1250000
        k(   24) = (   0.6250000   0.3750000   1.3750000), wk =   0.0000000
        k(   25) = (   0.3750000   0.1250000   0.1250000), wk =   0.1250000
        k(   26) = (   0.3750000   0.1250000   1.1250000), wk =   0.0000000
        k(   27) = (   0.1250000   0.1250000   0.6250000), wk =   0.0625000
        k(   28) = (   0.1250000   0.1250000   1.6250000), wk =   0.0000000
        k(   29) = (   0.8750000   0.1250000   0.6250000), wk =   0.1250000
        k(   30) = (   0.8750000   0.1250000   1.6250000), wk =   0.0000000
        k(   31) = (  -0.6250000   0.8750000  -0.1250000), wk =   0.1250000
        k(   32) = (  -0.6250000   0.8750000   0.8750000), wk =   0.0000000
        k(   33) = (   0.6250000  -0.1250000   0.3750000), wk =   0.1250000
        k(   34) = (   0.6250000  -0.1250000   1.3750000), wk =   0.0000000
        k(   35) = (  -0.3750000   0.6250000   0.1250000), wk =   0.1250000
        k(   36) = (  -0.3750000   0.6250000   1.1250000), wk =   0.0000000
        k(   37) = (   0.1250000   0.1250000  -0.8750000), wk =   0.0625000
        k(   38) = (   0.1250000   0.1250000   0.1250000), wk =   0.0000000
        k(   39) = (   1.1250000   0.3750000   0.3750000), wk =   0.1250000
        k(   40) = (   1.1250000   0.3750000   1.3750000), wk =   0.0000000

     pseudo 1 is Si         zval =  4.0   lmax= 1   lloc= 0
     (in numerical form: 431 grid points, xmin =  0.00, dx = 0.0000)


     Atomic displacements (q=0 Repr):
     There are     2 irreducible representations

     Representation     1      3 modes - To be done

     Representation     2      3 modes - To be done


     Atomic displacements:
     There are     3 irreducible representations

     Representation     1      2 modes - To be done

     Representation     2      2 modes - To be done

     Representation     3      2 modes - To be done

                    **   Complex  Version    **
     D3TOTEN      :     1.05s CPU time


     Nscf calculating of the perturbed wavefunctions

     Calculating for the wavevector q


     Representation #  1 modes #   1  2
     kpoint   1 ibnd   5 linter: root not converged  0.235E-04
     kpoint   1 ibnd   5 linter: root not converged  0.236E-04
     kpoint  21 ibnd   5 linter: root not converged  0.139E-04
     kpoint  21 ibnd   5 linter: root not converged  0.139E-04
     kpoint  25 ibnd   5 linter: root not converged  0.169E-04
     kpoint  25 ibnd   5 linter: root not converged  0.168E-04


      thresh= 0.100E-04 total cpu time :    55.9 secs   av.it.: 158.6


     Representation #  2 modes #   3  4
     kpoint   1 ibnd   5 linter: root not converged  0.237E-04
     kpoint   1 ibnd   5 linter: root not converged  0.226E-04
     kpoint  17 ibnd   5 linter: root not converged  0.130E-04
     kpoint  17 ibnd   5 linter: root not converged  0.129E-04
     kpoint  21 ibnd   5 linter: root not converged  0.143E-04
     kpoint  21 ibnd   5 linter: root not converged  0.143E-04
     kpoint  25 ibnd   5 linter: root not converged  0.177E-04
     kpoint  25 ibnd   5 linter: root not converged  0.180E-04


      thresh= 0.100E-04 total cpu time :   113.3 secs   av.it.: 164.4


     Representation #  3 modes #   5  6
     kpoint   1 ibnd   5 linter: root not converged  0.121E-04


      thresh= 0.100E-04 total cpu time :   168.0 secs   av.it.: 156.7
     gen_dwfc(1)   time:       166.99 sec    Total time:      168.04 sec

     Calculating for the wavevector q=0 at the original k-points


     Representation #  1 modes #   1  2  3


      thresh= 0.100E-04 total cpu time :   251.2 secs   av.it.: 158.0


     Representation #  2 modes #   4  5  6


      thresh= 0.100E-04 total cpu time :   332.7 secs   av.it.: 157.4
     gen_dwfc(3)   time:       164.66 sec    Total time:      332.70 sec

     Calculating for the wavevector q=0 at the (k+q)-points

     calling gen_dwfc(2)


     Representation #  1 modes #   1  2  3


      thresh= 0.100E-04 total cpu time :   416.2 secs   av.it.: 158.1


     Representation #  2 modes #   4  5  6


      thresh= 0.100E-04 total cpu time :   498.2 secs   av.it.: 157.5
     gen_dwfc(2)   time:       165.45 sec    Total time:      498.15 sec

     Finished the ncf calculation of the perturbed wavefunctions

     calling gen_dpdvp
     gen_dpdvp     time:         0.00 sec    Total time:      498.15 sec

     Calculating the matrix elements <dpsi |dH |dpsi>

     calling dpsidvdpsi:  1
     dpsidvdpsi  1 time:         3.97 sec    Total time:      502.12 sec

     calling dpsidvdpsi:  2
     dpsidvdpsi  2 time:         3.99 sec    Total time:      506.11 sec

     calling dpsidvdpsi:  3
     dpsidvdpsi  3 time:         3.98 sec    Total time:      510.09 sec

     calling dpsidvdpsi:  4
     dpsidvdpsi  4 time:         4.02 sec    Total time:      514.11 sec

     calling dpsidvdpsi:  5
     dpsidvdpsi  5 time:         4.00 sec    Total time:      518.11 sec

     calling dpsidvdpsi:  6
     dpsidvdpsi  6 time:         4.02 sec    Total time:      522.13 sec

     Calculating the matrix elements <dpsi|dpsi>< psi|dH|psi> 

     calling dpsidpsidv
     dpsidpsidv    time:         1.30 sec    Total time:      523.43 sec

     Calculating the matrix elements <psi |d^2 v |dpsi>

     calling drhod2v
 1
  0.000000  0.000000    0.000000  0.000000    0.727576  0.000000  
  0.000000  0.000000    0.000000  0.000000    0.000000  0.000000  
  0.727576  0.000000    0.000000  0.000000    0.000000  0.000000
 2
  0.000000  0.000000    0.000000  0.000000    0.727576  0.000000  
  0.000000  0.000000    0.000000  0.000000    0.000000  0.000000  
  0.727576  0.000000    0.000000  0.000000    0.000000  0.000000
 1
  0.000000  0.000000    0.000000  0.000000    0.000000  0.000000  
  0.000000  0.000000    0.000000  0.000000    0.727576  0.000000  
  0.000000  0.000000    0.727576  0.000000    0.000000  0.000000
 2
  0.000000  0.000000    0.000000  0.000000    0.000000  0.000000  
  0.000000  0.000000    0.000000  0.000000    0.727576  0.000000  
  0.000000  0.000000    0.727576  0.000000    0.000000  0.000000
 1
  0.000000  0.000000    0.727576  0.000000    0.000000  0.000000  
  0.727576  0.000000    0.000000  0.000000    0.000000  0.000000  
  0.000000  0.000000    0.000000  0.000000    0.000000  0.000000
 2
  0.000000  0.000000    0.727576  0.000000    0.000000  0.000000  
  0.727576  0.000000    0.000000  0.000000    0.000000  0.000000  
  0.000000  0.000000    0.000000  0.000000    0.000000  0.000000
 1
  0.000000  0.000000    0.000000  0.000000    0.000000  0.000000  
  0.000000  0.000000    0.000000  0.000000   -1.180499  0.000000  
  0.000000  0.000000   -1.180499  0.000000    0.000000  0.000000
 2
  0.000000  0.000000    0.000000  0.000000    0.000000  0.000000  
  0.000000  0.000000    0.000000  0.000000    1.180499  0.000000  
  0.000000  0.000000    1.180499  0.000000    0.000000  0.000000
 1
  0.000000  0.000000    0.000000  0.000000   -1.180499  0.000000  
  0.000000  0.000000    0.000000  0.000000    0.000000  0.000000  
 -1.180499  0.000000    0.000000  0.000000    0.000000  0.000000
 2
  0.000000  0.000000    0.000000  0.000000    1.180499  0.000000  
  0.000000  0.000000    0.000000  0.000000    0.000000  0.000000  
  1.180499  0.000000    0.000000  0.000000    0.000000  0.000000
 1
  0.000000  0.000000   -1.180499  0.000000    0.000000  0.000000  
 -1.180499  0.000000    0.000000  0.000000    0.000000  0.000000  
  0.000000  0.000000    0.000000  0.000000    0.000000  0.000000
 2
  0.000000  0.000000    1.180499  0.000000    0.000000  0.000000  
  1.180499  0.000000    0.000000  0.000000    0.000000  0.000000  
  0.000000  0.000000    0.000000  0.000000    0.000000  0.000000
     drhod2v       time:         2.87 sec    Total time:      526.30 sec

     Calculating the matrix elements <psi |d^3v |psi>

     calling d3vrho
     d3vrho        time:         0.67 sec    Total time:      526.97 sec

     Calculating the Ewald contribution

     calling d3ionq

     Alpha used in Ewald sum =   1.0000
     d3ionq        time:         0.05 sec    Total time:      527.02 sec

     Calculating the valence contribution

     calling d3_valence
     d3_valence    time:         0.00 sec    Total time:      527.02 sec

     calling drho_cc(+1)
     drho_cc(+1)   time:         0.00 sec    Total time:      527.02 sec

     Calculating the exchange-correlation contribution

     calling d3_exc
     d3_exc        time:         0.99 sec    Total time:      528.01 sec

     Calculating the core-correction contribution

     calling d3dyn_cc
     d3dyn_cc      time:         0.00 sec    Total time:      528.01 sec

     Symmetrizing and writing the tensor to disc

     calling d3matrix

     Number of q in the star =    3
     List of q in the star:
          1   0.000000000   0.000000000   1.000000000
          2   1.000000000   0.000000000   0.000000000
          3   0.000000000   1.000000000   0.000000000
     d3matrix      time:         0.03 sec    Total time:      528.04 sec

     D3TOTEN      :  8m48.04s CPU time

     d3_setup     :     0.01s CPU
     phq_init     :     0.27s CPU

     solve_linter :   497.09s CPU (       7 calls,  71.013 s avg)
     ortho        :     0.08s CPU (     360 calls,   0.000 s avg)
     cgsolve      :   493.11s CPU (     360 calls,   1.370 s avg)
     symdvscf     :     0.13s CPU (       3 calls,   0.043 s avg)

     cgsolve      :   493.11s CPU (     360 calls,   1.370 s avg)
     ch_psi       :   483.00s CPU (   62936 calls,   0.008 s avg)

     ch_psi       :   483.00s CPU (   62936 calls,   0.008 s avg)
     h_psiq       :   457.86s CPU (   62936 calls,   0.007 s avg)
     last         :    23.74s CPU (   62936 calls,   0.000 s avg)

     h_psiq       :   457.86s CPU (   62936 calls,   0.007 s avg)
     firstfft     :   209.34s CPU (  228671 calls,   0.001 s avg)
     secondfft    :   199.41s CPU (  228671 calls,   0.001 s avg)

      General routines
     ccalbec      :    21.53s CPU (  125952 calls,   0.000 s avg)
     cft3         :     1.78s CPU (    1502 calls,   0.001 s avg)
     cft3s        :   392.28s CPU (  471742 calls,   0.001 s avg)
     davcio       :    10.39s CPU (   22838 calls,   0.000 s avg)

