
     Program PHONON    v.2.1cvs starts ...
     Today is 26Jul2005 at 16:46:43 

     Ultrasoft (Vanderbilt) Pseudopotentials

     Reading file si.save ...      only dimensions
     read complete

     Reading file si.save ...      all except wavefuctions
     read complete

     nbndx  =     4  nbnd   =     4  natomwfc =     8  npwx   =     534
     nelec  =   8.00  nkb   =     8  ngl    =      86
     WRITING PATTERNS TO FILE si.drho_X.pat

     phonons of Si at the X-point                                               

     crystal is                     

     bravais-lattice index     =            2
     lattice parameter (a_0)   =      10.2000  a.u.
     unit-cell volume          =     265.3020 (a.u.)^3
     number of atoms/cell      =            2
     number of atomic types    =            1
     kinetic-energy cut-off    =      24.0000  Ry
     charge density cut-off    =      96.0000  Ry
     convergence threshold     =      1.0E-12
     beta                      =       0.7000
     number of iterations used =            4

     celldm(1)=   10.20000  celldm(2)=    0.00000  celldm(3)=    0.00000
     celldm(4)=    0.00000  celldm(5)=    0.00000  celldm(6)=    0.00000

     crystal axes: (cart. coord. in units of a_0)
               a(1) = ( -0.5000  0.0000  0.5000 )  
               a(2) = (  0.0000  0.5000  0.5000 )  
               a(3) = ( -0.5000  0.5000  0.0000 )  

     reciprocal axes: (cart. coord. in units 2 pi/a_0)
               b(1) = ( -1.0000 -1.0000  1.0000 )  
               b(2) = (  1.0000  1.0000  1.0000 )  
               b(3) = ( -1.0000  1.0000 -1.0000 )  


     Atoms inside the unit cell: 

   Cartesian axes

     site n.  atom      mass           positions (a_0 units)
        1        Si  28.0855   tau( 1) = (    0.00000    0.00000    0.00000  )
        2        Si  28.0855   tau( 2) = (    0.25000    0.25000    0.25000  )

     Computing dynamical matrix for 
                    q = (    0.00000    0.00000    1.00000 )

     17 Sym.Ops. (with q -> -q+G )


     G cutoff =  252.9949  (   4279 G-vectors)     FFT grid: ( 24, 24, 24)
     number of k points=   40
                       cart. coord. in units 2pi/a_0
        k(    1) = (  -0.1250000   0.1250000   0.1250000), wk =   0.0625000
        k(    2) = (  -0.1250000   0.1250000   1.1250000), wk =   0.0000000
        k(    3) = (  -0.3750000   0.3750000  -0.1250000), wk =   0.0625000
        k(    4) = (  -0.3750000   0.3750000   0.8750000), wk =   0.0000000
        k(    5) = (   0.3750000  -0.3750000   0.6250000), wk =   0.0625000
        k(    6) = (   0.3750000  -0.3750000   1.6250000), wk =   0.0000000
        k(    7) = (   0.1250000  -0.1250000   0.3750000), wk =   0.0625000
        k(    8) = (   0.1250000  -0.1250000   1.3750000), wk =   0.0000000
        k(    9) = (  -0.1250000   0.6250000   0.1250000), wk =   0.1250000
        k(   10) = (  -0.1250000   0.6250000   1.1250000), wk =   0.0000000
        k(   11) = (   0.6250000  -0.1250000   0.8750000), wk =   0.1250000
        k(   12) = (   0.6250000  -0.1250000   1.8750000), wk =   0.0000000
        k(   13) = (   0.3750000   0.1250000   0.6250000), wk =   0.1250000
        k(   14) = (   0.3750000   0.1250000   1.6250000), wk =   0.0000000
        k(   15) = (  -0.1250000  -0.8750000   0.1250000), wk =   0.1250000
        k(   16) = (  -0.1250000  -0.8750000   1.1250000), wk =   0.0000000
        k(   17) = (  -0.3750000   0.3750000   0.3750000), wk =   0.0625000
        k(   18) = (  -0.3750000   0.3750000   1.3750000), wk =   0.0000000
        k(   19) = (   0.3750000  -0.3750000   1.1250000), wk =   0.0625000
        k(   20) = (   0.3750000  -0.3750000   2.1250000), wk =   0.0000000
        k(   21) = (  -0.1250000  -0.3750000  -0.3750000), wk =   0.1250000
        k(   22) = (  -0.1250000  -0.3750000   0.6250000), wk =   0.0000000
        k(   23) = (   0.6250000   0.3750000   0.3750000), wk =   0.1250000
        k(   24) = (   0.6250000   0.3750000   1.3750000), wk =   0.0000000
        k(   25) = (   0.3750000   0.1250000   0.1250000), wk =   0.1250000
        k(   26) = (   0.3750000   0.1250000   1.1250000), wk =   0.0000000
        k(   27) = (   0.1250000   0.1250000   0.6250000), wk =   0.0625000
        k(   28) = (   0.1250000   0.1250000   1.6250000), wk =   0.0000000
        k(   29) = (   0.8750000   0.1250000   0.6250000), wk =   0.1250000
        k(   30) = (   0.8750000   0.1250000   1.6250000), wk =   0.0000000
        k(   31) = (  -0.6250000   0.8750000  -0.1250000), wk =   0.1250000
        k(   32) = (  -0.6250000   0.8750000   0.8750000), wk =   0.0000000
        k(   33) = (   0.6250000  -0.1250000   0.3750000), wk =   0.1250000
        k(   34) = (   0.6250000  -0.1250000   1.3750000), wk =   0.0000000
        k(   35) = (  -0.3750000   0.6250000   0.1250000), wk =   0.1250000
        k(   36) = (  -0.3750000   0.6250000   1.1250000), wk =   0.0000000
        k(   37) = (   0.1250000   0.1250000  -0.8750000), wk =   0.0625000
        k(   38) = (   0.1250000   0.1250000   0.1250000), wk =   0.0000000
        k(   39) = (   1.1250000   0.3750000   0.3750000), wk =   0.1250000
        k(   40) = (   1.1250000   0.3750000   1.3750000), wk =   0.0000000

     pseudo 1 is Si         zval =  4.0   lmax= 1   lloc= 0
     (in numerical form: 431 grid points, xmin =  0.00, dx = 0.0000)


     Atomic displacements:
     There are   3 irreducible representations

     Representation     1      2 modes - To be done

     Representation     2      2 modes - To be done

     Representation     3      2 modes - To be done
     PHONON       :     0.32s CPU time


     Alpha used in Ewald sum =   1.0000


     Representation #  1 modes #   1  2

     Self-consistent Calculation

      iter #   1 total cpu time :     3.3 secs   av.it.:   5.7
      thresh= 0.100E-01 alpha_mix =  0.700 |ddv_scf|^2 =  0.108E-04

      iter #   2 total cpu time :     7.6 secs   av.it.:   9.7
      thresh= 0.329E-03 alpha_mix =  0.700 |ddv_scf|^2 =  0.148E-04

      iter #   3 total cpu time :    11.6 secs   av.it.:   8.8
      thresh= 0.385E-03 alpha_mix =  0.700 |ddv_scf|^2 =  0.297E-08

      iter #   4 total cpu time :    15.9 secs   av.it.:   9.5
      thresh= 0.545E-05 alpha_mix =  0.700 |ddv_scf|^2 =  0.494E-10

      iter #   5 total cpu time :    20.1 secs   av.it.:   9.2
      thresh= 0.703E-06 alpha_mix =  0.700 |ddv_scf|^2 =  0.138E-11

      iter #   6 total cpu time :    24.1 secs   av.it.:   9.0
      thresh= 0.117E-06 alpha_mix =  0.700 |ddv_scf|^2 =  0.477E-14

     End of self-consistent calculation

     Convergence has been achieved 


     Representation #  2 modes #   3  4

     Self-consistent Calculation

      iter #   1 total cpu time :    27.1 secs   av.it.:   5.6
      thresh= 0.100E-01 alpha_mix =  0.700 |ddv_scf|^2 =  0.227E-05

      iter #   2 total cpu time :    31.4 secs   av.it.:   9.8
      thresh= 0.151E-03 alpha_mix =  0.700 |ddv_scf|^2 =  0.636E-06

      iter #   3 total cpu time :    35.5 secs   av.it.:   9.4
      thresh= 0.798E-04 alpha_mix =  0.700 |ddv_scf|^2 =  0.124E-09

      iter #   4 total cpu time :    39.6 secs   av.it.:   9.2
      thresh= 0.111E-05 alpha_mix =  0.700 |ddv_scf|^2 =  0.102E-11

      iter #   5 total cpu time :    43.7 secs   av.it.:   9.3
      thresh= 0.101E-06 alpha_mix =  0.700 |ddv_scf|^2 =  0.299E-14

     End of self-consistent calculation

     Convergence has been achieved 


     Representation #  3 modes #   5  6

     Self-consistent Calculation

      iter #   1 total cpu time :    46.4 secs   av.it.:   4.7
      thresh= 0.100E-01 alpha_mix =  0.700 |ddv_scf|^2 =  0.758E-08

      iter #   2 total cpu time :    50.7 secs   av.it.:   9.8
      thresh= 0.870E-05 alpha_mix =  0.700 |ddv_scf|^2 =  0.389E-09

      iter #   3 total cpu time :    54.8 secs   av.it.:   9.2
      thresh= 0.197E-05 alpha_mix =  0.700 |ddv_scf|^2 =  0.130E-10

      iter #   4 total cpu time :    58.8 secs   av.it.:   9.3
      thresh= 0.360E-06 alpha_mix =  0.700 |ddv_scf|^2 =  0.148E-13

     End of self-consistent calculation

     Convergence has been achieved 

     Number of q in the star =    3
     List of q in the star:
          1   0.000000000   0.000000000   1.000000000
          2   1.000000000   0.000000000   0.000000000
          3   0.000000000   1.000000000   0.000000000

     Diagonalizing the dynamical matrix

     q = (    0.000000000   0.000000000   1.000000000 ) 


     omega( 1) =       4.242356 [THz] =     141.510713 [cm-1]
     omega( 2) =       4.242356 [THz] =     141.510713 [cm-1]
     omega( 3) =      12.229010 [THz] =     407.918568 [cm-1]
     omega( 4) =      12.229010 [THz] =     407.918568 [cm-1]
     omega( 5) =      13.711269 [THz] =     457.361755 [cm-1]
     omega( 6) =      13.711269 [THz] =     457.361755 [cm-1]
 **************************************************************************

     Calling punch_plot_ph
     Writing on file  si.drho_X                                                                                                                                                                                                                                                       

     PHONON       :    59.13s CPU time

     INITIALIZATION: 
     phq_setup    :     0.02s CPU
     phq_init     :     0.27s CPU

     phq_init     :     0.27s CPU
     init_vloc    :     0.00s CPU (       2 calls,   0.000 s avg)
     init_us_1    :     0.06s CPU

     DYNAMICAL MATRIX:
     dynmat0      :     0.08s CPU
     phqscf       :    58.52s CPU
     dynmatrix    :     0.01s CPU

     phqscf       :    58.52s CPU
     solve_linter :    58.30s CPU (       3 calls,  19.433 s avg)
     drhodv       :     0.22s CPU (       3 calls,   0.073 s avg)

     dynmat0      :     0.08s CPU
     dynmat_us    :     0.07s CPU
     d2ionq       :     0.01s CPU

     dynmat_us    :     0.07s CPU

     phqscf       :    58.52s CPU
     solve_linter :    58.30s CPU (       3 calls,  19.433 s avg)

     solve_linter :    58.30s CPU (       3 calls,  19.433 s avg)
     dvqpsi_us    :     1.18s CPU (     120 calls,   0.010 s avg)
     ortho        :     0.35s CPU (     600 calls,   0.001 s avg)
     cgsolve      :    43.60s CPU (     600 calls,   0.073 s avg)
     incdrhoscf   :     5.88s CPU (     600 calls,   0.010 s avg)
     vpsifft      :     3.58s CPU (     480 calls,   0.007 s avg)
     dv_of_drho   :     0.19s CPU (      30 calls,   0.006 s avg)
     mix_pot      :     0.80s CPU (      15 calls,   0.053 s avg)
     symdvscf     :     0.84s CPU (      18 calls,   0.047 s avg)

     dvqpsi_us    :     1.18s CPU (     120 calls,   0.010 s avg)
     dvqpsi_us_on :     0.04s CPU (     120 calls,   0.000 s avg)

     cgsolve      :    43.60s CPU (     600 calls,   0.073 s avg)
     ch_psi       :    42.58s CPU (    5787 calls,   0.007 s avg)

     ch_psi       :    42.58s CPU (    5787 calls,   0.007 s avg)
     h_psiq       :    40.20s CPU (    5787 calls,   0.007 s avg)
     last         :     2.15s CPU (    5787 calls,   0.000 s avg)

     h_psiq       :    40.20s CPU (    5787 calls,   0.007 s avg)
     firstfft     :    18.64s CPU (   21364 calls,   0.001 s avg)
     secondfft    :    17.61s CPU (   21364 calls,   0.001 s avg)
     add_vuspsi   :     0.69s CPU (    5787 calls,   0.000 s avg)

     incdrhoscf   :     5.88s CPU (     600 calls,   0.010 s avg)


      General routines
     ccalbec      :     2.31s CPU (   12854 calls,   0.000 s avg)
     cft3         :     0.09s CPU (      92 calls,   0.001 s avg)
     cft3s        :    42.00s CPU (   52466 calls,   0.001 s avg)
     davcio       :     2.27s CPU (    2556 calls,   0.001 s avg)
     write_rec    :     0.23s CPU (      15 calls,   0.015 s avg)

