
     Program LD1       v.4.0cvs starts ...
     Today is 23Apr2008 at 16:14:50 

     Parallel version (MPI)

     Number of processors in use:       1
     --------------------------- All-electron run ----------------------------

     Fe                                                                         
     scalar relativistic calculation

     atomic number is 26.00
     dft =PBE   lsd =0 sic =0 latt =0  beta=0.20 tr2=1.0E-14
     mesh =1191 r(mesh) = 101.18024 xmin = -7.00 dx = 0.01250
     1 Ry =  13.60569193 eV, c = 137.03599966

     n l     nl                  e(Ry)          e(Ha)          e(eV)
     1 0     1S 1( 2.00)      -514.4114      -257.2057     -6998.9237
     2 0     2S 1( 2.00)       -60.2488       -30.1244      -819.7263
     2 1     2P 1( 6.00)       -51.3354       -25.6677      -698.4538
     3 0     3S 1( 2.00)        -6.9102        -3.4551       -94.0175
     3 1     3P 1( 6.00)        -4.4131        -2.2065       -60.0427
     4 0     4S 1( 2.00)        -0.3889        -0.1945        -5.2918
     3 2     3D 1( 6.00)        -0.5516        -0.2758        -7.5047
     4 1     4P 1( 0.00)        -0.0974        -0.0487        -1.3253

     eps = 9.2E-15  iter = 30
 
     Etot =   -2544.902152 Ry,   -1272.451076 Ha,  -34625.154678 eV

     Ekin =    2575.338904 Ry,    1287.669452 Ha,   35039.267749 eV
     Encl =   -6085.383177 Ry,   -3042.691588 Ha,  -82795.848779 eV
     Eh   =    1076.231727 Ry,     538.115864 Ha,   14642.877327 eV
     Exc  =    -111.089607 Ry,     -55.544804 Ha,   -1511.450974 eV


     normalization and overlap integrals

     s(1S/1S) =  1.000000  <r> =   0.0585  <r2> =    0.0046  r(max) =   0.0385
     s(1S/2S) = -0.003170
     s(1S/3S) = -0.001166
     s(1S/4S) = -0.000293
     s(2S/2S) =  1.000000  <r> =   0.2669  <r2> =    0.0841  r(max) =   0.2213
     s(2S/3S) = -0.000665
     s(2S/4S) = -0.000164
     s(2P/2P) =  1.000000  <r> =   0.2355  <r2> =    0.0682  r(max) =   0.1790
     s(2P/3P) = -0.000526
     s(2P/4P) = -0.000086
     s(3S/3S) =  1.000000  <r> =   0.8106  <r2> =    0.7587  r(max) =   0.6990
     s(3S/4S) = -0.000094
     s(3P/3P) =  1.000000  <r> =   0.8577  <r2> =    0.8683  r(max) =   0.7167
     s(3P/4P) = -0.000052
     s(4S/4S) =  1.000000  <r> =   2.9886  <r2> =   10.4166  r(max) =   2.4095
     s(3D/3D) =  1.000000  <r> =   1.1409  <r2> =    1.7649  r(max) =   0.7078
     s(4P/4P) =  1.000000  <r> =   4.4716  <r2> =   24.1572  r(max) =   3.3348

     ------------------------ End of All-electron run ------------------------


     --------------------- Generating PAW atomic setup --------------------


      Generating local potential from pseudized AE potential:
      Matching radius rcloc =   2.2000
      Enforcing V''(0)=0 (lloc=-2)

      Local pseudo, rcloc= 2.208 Estimated cut-off energy=     6.57 Ry

      Computing core charge for nlcc: 

       r > 1.21 : true rho core
      Core charge pseudized with two Bessel functions
      Integrated core pseudo-charge :   9.36


      Wfc   3D  rcut= 1.517  Using Troullier-Martins method 
      Wfc-us  3D rcutus= 2.100  Estimated cut-off energy=    26.75 Ry


      Wfc   3D  rcut= 1.517  Using Troullier-Martins method 
      Wfc-us  3D rcutus= 2.100  Estimated cut-off energy=    42.79 Ry


      Wfc   4S  rcut= 1.517  Using Troullier-Martins method 
      Wfc-us  4S rcutus= 2.100  Estimated cut-off energy=     9.64 Ry


      Wfc   4S  rcut= 1.517  Using Troullier-Martins method 
      Wfc-us  4S rcutus= 2.100  Estimated cut-off energy=    10.41 Ry


      Wfc   4P  rcut= 1.517  Using Troullier-Martins method 
      Wfc-us  4P rcutus= 2.321  Estimated cut-off energy=    13.16 Ry


      Wfc   4P  rcut= 1.517  Using Troullier-Martins method 
      Wfc-us  4P rcutus= 2.321  Estimated cut-off energy=    13.63 Ry

      The bmat^-1 matrix
    -1.02715    -0.81221     0.00000     0.00000     0.00000     0.00000
    -0.66473    -0.65060     0.00000     0.00000     0.00000     0.00000
     0.00000     0.00000     0.26641     0.56448     0.00000     0.00000
     0.00000     0.00000     0.53566     1.13871     0.00000     0.00000
     0.00000     0.00000     0.00000     0.00000     0.06776     0.25365
     0.00000     0.00000     0.00000     0.00000     0.24869     0.93305

      The bmat matrix
    -1.37211    -0.84485     0.00000     0.00000     0.00000     0.00000
    -0.84475    -0.66718     0.00000     0.00000     0.00000     0.00000
     0.00000     0.00000     0.27507     0.55467     0.00000     0.00000
     0.00000     0.00000     0.55474     1.11737     0.00000     0.00000
     0.00000     0.00000     0.00000     0.00000     0.06800     0.24986
     0.00000     0.00000     0.00000     0.00000     0.24992     0.91578

      The qq matrix
     0.62538     0.32636     0.00000     0.00000     0.00000     0.00000
     0.32636     0.16573     0.00000     0.00000     0.00000     0.00000
     0.00000     0.00000    -0.02225    -0.04905     0.00000     0.00000
     0.00000     0.00000    -0.04905    -0.10674     0.00000     0.00000
     0.00000     0.00000     0.00000     0.00000    -0.00252    -0.01265
     0.00000     0.00000     0.00000     0.00000    -0.01265    -0.05756


    multipoles (all-electron charge) - (pseudo charge)
        ns l1:ns1 l2    l=0     l=1     l=2     l=3     l=4     l=5  
         1  2:  1  2  0.6254  0.0000  0.4304  0.0000  0.4554
         2  2:  1  2  0.3265  0.0000  0.1885  0.0000  0.1599
         2  2:  2  2  0.1657  0.0000  0.0771  0.0000  0.0468
         3  0:  1  2  0.0000  0.0000  0.0762
         3  0:  2  2  0.0000  0.0000  0.0754
         3  0:  3  0 -0.0223
         4  0:  1  2  0.0000  0.0000  0.1398
         4  0:  2  2  0.0000  0.0000  0.1451
         4  0:  3  0 -0.0490
         4  0:  4  0 -0.1067
         5  1:  1  2  0.0000 -0.0823  0.0000 -0.0749
         5  1:  2  2  0.0000 -0.0576  0.0000 -0.0552
         5  1:  3  0  0.0000  0.0244
         5  1:  4  0  0.0000  0.0502
         5  1:  5  1 -0.0025  0.0000 -0.0233
         6  1:  1  2  0.0000 -0.2847  0.0000 -0.2549
         6  1:  2  2  0.0000 -0.2042  0.0000 -0.1955
         6  1:  3  0  0.0000  0.0921
         6  1:  4  0  0.0000  0.1894
         6  1:  5  1 -0.0125  0.0000 -0.0869
         6  1:  6  1 -0.0576  0.0000 -0.3226
     Required augmentation: BESSEL
     Suggested rho cutoff for augmentation:  38.06 Ry

     Estimated PAW energy = -141.047541 Ryd

     The PAW screened D coefficients
    -1.37211    -0.84480     0.00000     0.00000     0.00000     0.00000
    -0.84480    -0.66718     0.00000     0.00000     0.00000     0.00000
     0.00000     0.00000     0.27507     0.55472     0.00000     0.00000
     0.00000     0.00000     0.55472     1.11737     0.00000     0.00000
     0.00000     0.00000     0.00000     0.00000     0.06800     0.24991
     0.00000     0.00000     0.00000     0.00000     0.24991     0.91578

     The PAW descreened D coefficients (US)
     0.00884    -0.19387     0.00000     0.00000     0.00000     0.00000
    -0.19387    -0.37741     0.00000     0.00000     0.00000     0.00000
     0.00000     0.00000     0.15905     0.31364     0.00000     0.00000
     0.00000     0.00000     0.31364     0.61752     0.00000     0.00000
     0.00000     0.00000     0.00000     0.00000     0.03286     0.11372
     0.00000     0.00000     0.00000     0.00000     0.11372     0.39101

     ------------------- End of pseudopotential generation -------------------

     --------------------------- All-electron run ----------------------------

     Fe                                                                         
     scalar relativistic calculation

     atomic number is 26.00
     dft = SLA  PW   PBX  PBC   lsd =0 sic =0 latt =0  beta=0.20 tr2=1.0E-14
     mesh =1191 r(mesh) = 101.18024 xmin = -7.00 dx = 0.01250
     1 Ry =  13.60569193 eV, c = 137.03599966

     n l     nl                  e(Ry)          e(Ha)          e(eV)
     1 0     1S 1( 2.00)      -514.4114      -257.2057     -6998.9237
     2 0     2S 1( 2.00)       -60.2488       -30.1244      -819.7263
     2 1     2P 1( 6.00)       -51.3354       -25.6677      -698.4538
     3 0     3S 1( 2.00)        -6.9102        -3.4551       -94.0175
     3 1     3P 1( 6.00)        -4.4131        -2.2065       -60.0427
     4 0     4S 1( 2.00)        -0.3889        -0.1945        -5.2918
     3 2     3D 1( 6.00)        -0.5516        -0.2758        -7.5047
     4 1     4P 1( 0.00)        -0.0974        -0.0487        -1.3253

     eps = 9.2E-15  iter = 30
 
     Etot =   -2544.902152 Ry,   -1272.451076 Ha,  -34625.154678 eV

     Ekin =    2575.338904 Ry,    1287.669452 Ha,   35039.267749 eV
     Encl =   -6085.383177 Ry,   -3042.691588 Ha,  -82795.848778 eV
     Eh   =    1076.231727 Ry,     538.115864 Ha,   14642.877326 eV
     Exc  =    -111.089607 Ry,     -55.544804 Ha,   -1511.450974 eV


     normalization and overlap integrals

     s(1S/1S) =  1.000000  <r> =   0.0585  <r2> =    0.0046  r(max) =   0.0385
     s(1S/2S) = -0.003170
     s(1S/3S) = -0.001166
     s(1S/4S) = -0.000293
     s(2S/2S) =  1.000000  <r> =   0.2669  <r2> =    0.0841  r(max) =   0.2213
     s(2S/3S) = -0.000665
     s(2S/4S) = -0.000164
     s(2P/2P) =  1.000000  <r> =   0.2355  <r2> =    0.0682  r(max) =   0.1790
     s(2P/3P) = -0.000526
     s(2P/4P) = -0.000086
     s(3S/3S) =  1.000000  <r> =   0.8106  <r2> =    0.7587  r(max) =   0.6990
     s(3S/4S) = -0.000094
     s(3P/3P) =  1.000000  <r> =   0.8577  <r2> =    0.8683  r(max) =   0.7167
     s(3P/4P) = -0.000052
     s(4S/4S) =  1.000000  <r> =   2.9886  <r2> =   10.4166  r(max) =   2.4095
     s(3D/3D) =  1.000000  <r> =   1.1409  <r2> =    1.7649  r(max) =   0.7078
     s(4P/4P) =  1.000000  <r> =   4.4716  <r2> =   24.1572  r(max) =   3.3348

     ------------------------ End of All-electron run ------------------------

     Computing logarithmic derivative in   2.30637
     Computing logarithmic derivative in   2.30637
     Computing the partial wave expansion 

     ---------------------- Testing the pseudopotential ----------------------

     Fe                                                                         
     scalar relativistic calculation

     atomic number is 26.00   valence charge is  8.00
     dft = SLA  PW   PBX  PBC   lsd =0 sic =0 latt =0  beta=0.20 tr2=1.0E-14
     mesh =1191 r(mesh) = 101.18024 xmin = -7.00 dx = 0.01250

     n l     nl             e AE (Ry)        e PS (Ry)    De AE-PS (Ry) 
     3 2     3D   1( 6.00)       -0.55159       -0.55159        0.00000
     1 0     4S   1( 2.00)       -0.38894       -0.38894        0.00000
     2 1     4P   1( 0.00)       -0.09741       -0.09741        0.00000

     eps = 9.0E-18  iter =  4
 
     Etot =   -2544.902152 Ry,   -1272.451076 Ha,  -34625.154678 eV
     Etotps =  -141.047546 Ry,     -70.523773 Ha,   -1919.049455 eV

     Ekin =      89.326407 Ry,      44.663203 Ha,    1215.347569 eV
     Encl =    -159.597332 Ry,     -79.798666 Ha,   -2171.432139 eV
     Ehrt =      40.312985 Ry,      20.156492 Ha,     548.486051 eV
     Ecxc =    -111.089605 Ry,     -55.544802 Ha,   -1511.450936 eV
     (Ecc =     -17.240969 Ry,      -8.620485 Ha,    -234.575316 eV)

     ---------------------- End of pseudopotential test ----------------------

