
     Program PW2WANNIER v.7.3.1 starts on 25Jul2024 at 12:38:56 

     This program is part of the open-source Quantum ESPRESSO suite
     for quantum simulation of materials; please cite
         "P. Giannozzi et al., J. Phys.:Condens. Matter 21 395502 (2009);
         "P. Giannozzi et al., J. Phys.:Condens. Matter 29 465901 (2017);
         "P. Giannozzi et al., J. Chem. Phys. 152 154105 (2020);
          URL http://www.quantum-espresso.org", 
     in publications or presentations arising from this work. More details at
     http://www.quantum-espresso.org/quote

     Parallel version (MPI), running on     1 processors

     MPI processes distributed on     1 nodes
     193395 MiB available memory on the printing compute node when the environment starts
 
 
     Reading nscf_save data

     Reading xml data from directory:

     /home/colonna_n/CODES/q-e-kcw-soc/tempdir/GaAs.save/

     IMPORTANT: XC functional enforced from input :
     Exchange-correlation= PW
                           (   1   4   0   0   0   0   0)
     Any further DFT definition will be discarded
     Please, verify this is what you really want

 
     G-vector sticks info
     --------------------
     sticks:   dense  smooth     PW     G-vecs:    dense   smooth      PW
     Sum         955     955    271                19195    19195    2975
 
     Using Slab Decomposition
 
     Reading collected, re-writing distributed wavefunctions
 
  Spin CASE ( default = unpolarized )
 
  Wannier mode is: standalone     
 
  -----------------
  *** Reading nnkp 
  -----------------
 
  Checking info from wannier.nnkp file
 
  - Real lattice is ok
  - Reciprocal lattice is ok
  - K-points are ok
  - Number of wannier functions is ok (  5)
  - All guiding functions are given 
 
  Projections:
    0.353553    1.060660    1.060660  2  1  1    1.000000
    0.353553    1.060660    1.060660  2  2  1    1.000000
    0.353553    1.060660    1.060660  2  3  1    1.000000
    0.353553    1.060660    1.060660  2  4  1    1.000000
    0.353553    1.060660    1.060660  2  5  1    1.000000
 
  Reading data about k-point neighbours 
 
  All neighbours are found 
 
  Opening pp-files 
 
 
  --------------------------
  *** Compute  A projections
  --------------------------
 
  Number of local k points =        8
       1       2       3       4       5       6       7       8
  AMN calculated
 
  ---------------
  *** Compute  M 
  ---------------
 
  Number of local k points =        8
       1       2       3       4       5       6       7       8
  MMN calculated
 
  -----------------------------------
  *** Orbital terms are not computed 
  -----------------------------------
 
  -----------------------------------
  *** SHC terms are not computed 
  -----------------------------------
 
  ----------------
  *** Write bands 
  ----------------
 
 
  -----------------------------
  *** Plot info is not printed 
  -----------------------------
 
  -----------------------------
  *** Parity info is not printed 
  -----------------------------
 
  ------------
  *** Stop pp 
  ------------
 
 
     init_pw2wan  :      0.14s CPU      0.15s WALL (       1 calls)
     compute_amn  :      0.90s CPU      0.91s WALL (       1 calls)
     compute_mmn  :      0.13s CPU      0.14s WALL (       1 calls)

     Internal routines:
     compute_u_kb :      0.13s CPU      0.13s WALL (      64 calls)
 
     PW2WANNIER   :      1.16s CPU      1.20s WALL

 
   This run was terminated on:  12:38:57  25Jul2024            

=------------------------------------------------------------------------------=
   JOB DONE.
=------------------------------------------------------------------------------=
 
