
     Program POST-PROC v.2.0    starts ...
     Today is  3Feb2004 at 15: 0:51 

     nbndx  =     8  nbnd   =     7  natomwfc =     8  npwx   =     212
     nelec  =    6.00 nkb   =     8  ngl    =     155
         PWCOND calculation is now starting...

  CBS calculation (ikind=0)

  left  boundary is    0.0000
  right boundary is    1.4140

     GEOMETRY:

     lattice parameter (a_0)   =       5.3000  a.u.
     the volume                =     210.5121 (a.u.)^3
     the cross section         =      28.0900 (a.u.)^2
     l of the unit cell        =       1.4140 (a_0)
     number of atoms/cell      =            2
     number of atomic types    =            1

     crystal axes: (cart. coord. in units of a_0)
               a(1) = (  1.0000  0.0000  0.0000 )  
               a(2) = (  0.0000  1.0000  0.0000 )  
               a(3) = (  0.0000  0.0000  1.4140 )  


   Cartesian axes

     site n.     atom                  positions (a_0 units)
         1           Al  tau( 1)=(  0.0000  0.0000  1.4140  )
         2           Al  tau( 2)=(  0.5000  0.5000  0.7070  )

     nr1s                      =           15
     nr2s                      =           15
     nr3s                      =           20
     nrx1s                     =           15
     nrx2s                     =           15
     nrx3s                     =           20
     nr1                       =           15
     nr2                       =           15
     nr3                       =           20
     nrx1                      =           15
     nrx2                      =           15
     nrx3                      =           20
     nrx                       =           15
     nry                       =           15
     nrz                       =           21
     nz1                       =           11

 _______________________________
  Radii of nonlocal spheres: 

     type       ibeta     ang. mom.          radius (a_0 units)
          Al      1         0                    0.5116
          Al      2         1                    0.5798

     norb                      =           12
     norbf                     =           12
     nocrosl                   =            4
     noinsl                    =            4
     noinss                    =            0
     nocrosr                   =            0
     noinsr                    =            0

     iorb  type   ibeta   ang. mom.   m       position (a_0)
       1       Al   1        0        1   taunew(  1)=(  0.0000  0.0000  0.0000)
       2       Al   2        1        1   taunew(  2)=(  0.0000  0.0000  0.0000)
       3       Al   2        1        2   taunew(  3)=(  0.0000  0.0000  0.0000)
       4       Al   2        1        3   taunew(  4)=(  0.0000  0.0000  0.0000)
       5       Al   1        0        1   taunew(  5)=(  0.5000  0.5000  0.7070)
       6       Al   2        1        1   taunew(  6)=(  0.5000  0.5000  0.7070)
       7       Al   2        1        2   taunew(  7)=(  0.5000  0.5000  0.7070)
       8       Al   2        1        3   taunew(  8)=(  0.5000  0.5000  0.7070)
       9       Al   1        0        1   taunew(  9)=(  0.0000  0.0000  1.4140)
      10       Al   2        1        1   taunew( 10)=(  0.0000  0.0000  1.4140)
      11       Al   2        1        2   taunew( 11)=(  0.0000  0.0000  1.4140)
      12       Al   2        1        3   taunew( 12)=(  0.0000  0.0000  1.4140)

     energy0               =         7.0E+00
     denergy               =        -4.0E-01
     nenergy               =         50
     ecut2d                =         1.5E+01
     ewind                 =         1.0E+00
     epsproj               =         1.0E-03

    k slab    z(k)  z(k+1)     crossing(iorb=1,norb)
    1   0.0000 0.0673 0.0673   111100000000
    2   0.0673 0.1347 0.0673   111101110000
    3   0.1347 0.2020 0.0673   111111110000
    4   0.2020 0.2693 0.0673   111111110000
    5   0.2693 0.3367 0.0673   111111110000
    6   0.3367 0.4040 0.0673   111111110000
    7   0.4040 0.4713 0.0673   111111110000
    8   0.4713 0.5387 0.0673   111111110000
    9   0.5387 0.6060 0.0673   011111110000
   10   0.6060 0.6733 0.0673   000011110000
   11   0.6733 0.7407 0.0673   000011110000
   12   0.7407 0.8080 0.0673   000011110000
   13   0.8080 0.8753 0.0673   000011110111
   14   0.8753 0.9427 0.0673   000011111111
   15   0.9427 1.0100 0.0673   000011111111
   16   1.0100 1.0773 0.0673   000011111111
   17   1.0773 1.1447 0.0673   000011111111
   18   1.1447 1.2120 0.0673   000011111111
   19   1.2120 1.2793 0.0673   000011111111
   20   1.2793 1.3467 0.0673   000001111111
   21   1.3467 1.4140 0.0673   000000001111
 ngper, shell number =           37           8
 ngper, n2d =           37          24
 Nchannels of the left tip =            4
        k1(2pi/a)    k2(2pi/a)       E-Ef (eV)
 
   0.4251416   0.0000000   7.0000000
   0.4251416   0.0000000   7.0000000
   0.4498759   0.0000000   7.0000000
   0.4637345   0.0000000   7.0000000
 Nchannels of the left tip =            4
        k1(2pi/a)    k2(2pi/a)       E-Ef (eV)
 
   0.3587571   0.0000000   6.6000000
   0.3587571   0.0000000   6.6000000
   0.4143030   0.0000000   6.6000000
   0.4332523   0.0000000   6.6000000
 Nchannels of the left tip =            4
        k1(2pi/a)    k2(2pi/a)       E-Ef (eV)
 
   0.2766945   0.0000000   6.2000000
   0.2766945   0.0000000   6.2000000
   0.3583019   0.0000000   6.2000000
   0.4164655   0.0000000   6.2000000
 Nchannels of the left tip =            4
        k1(2pi/a)    k2(2pi/a)       E-Ef (eV)
 
   0.1558439   0.0000000   5.8000000
   0.1558439   0.0000000   5.8000000
   0.2919423   0.0000000   5.8000000
   0.3995089   0.0000000   5.8000000
 Nchannels of the left tip =            2
        k1(2pi/a)    k2(2pi/a)       E-Ef (eV)
 
   0.2053814   0.0000000   5.4000000
   0.3823754   0.0000000   5.4000000
 Nchannels of the left tip =            1
        k1(2pi/a)    k2(2pi/a)       E-Ef (eV)
 
   0.3650575   0.0000000   5.0000000
 Nchannels of the left tip =            1
        k1(2pi/a)    k2(2pi/a)       E-Ef (eV)
 
   0.3475471   0.0000000   4.6000000
 Nchannels of the left tip =            1
        k1(2pi/a)    k2(2pi/a)       E-Ef (eV)
 
   0.3298355   0.0000000   4.2000000
 Nchannels of the left tip =            1
        k1(2pi/a)    k2(2pi/a)       E-Ef (eV)
 
   0.3119132   0.0000000   3.8000000
 Nchannels of the left tip =            1
        k1(2pi/a)    k2(2pi/a)       E-Ef (eV)
 
   0.2937696   0.0000000   3.4000000
 Nchannels of the left tip =            1
        k1(2pi/a)    k2(2pi/a)       E-Ef (eV)
 
   0.2753927   0.0000000   3.0000000
 Nchannels of the left tip =            1
        k1(2pi/a)    k2(2pi/a)       E-Ef (eV)
 
   0.2567692   0.0000000   2.6000000
 Nchannels of the left tip =            1
        k1(2pi/a)    k2(2pi/a)       E-Ef (eV)
 
   0.2378832   0.0000000   2.2000000
 Nchannels of the left tip =            1
        k1(2pi/a)    k2(2pi/a)       E-Ef (eV)
 
   0.2187157   0.0000000   1.8000000
 Nchannels of the left tip =            1
        k1(2pi/a)    k2(2pi/a)       E-Ef (eV)
 
   0.1992434   0.0000000   1.4000000
 Nchannels of the left tip =            1
        k1(2pi/a)    k2(2pi/a)       E-Ef (eV)
 
   0.1794360   0.0000000   1.0000000
 Nchannels of the left tip =            1
        k1(2pi/a)    k2(2pi/a)       E-Ef (eV)
 
   0.1592520   0.0000000   0.6000000
 Nchannels of the left tip =            1
        k1(2pi/a)    k2(2pi/a)       E-Ef (eV)
 
   0.1386309   0.0000000   0.2000000
 Nchannels of the left tip =            1
        k1(2pi/a)    k2(2pi/a)       E-Ef (eV)
 
   0.1174749   0.0000000  -0.2000000
 Nchannels of the left tip =            1
        k1(2pi/a)    k2(2pi/a)       E-Ef (eV)
 
   0.0956056   0.0000000  -0.6000000
 Nchannels of the left tip =            1
        k1(2pi/a)    k2(2pi/a)       E-Ef (eV)
 
   0.0726329   0.0000000  -1.0000000
 Nchannels of the left tip =            1
        k1(2pi/a)    k2(2pi/a)       E-Ef (eV)
 
   0.0473900   0.0000000  -1.4000000
 Nchannels of the left tip =            1
        k1(2pi/a)    k2(2pi/a)       E-Ef (eV)
 
   0.0097574   0.0000000  -1.8000000
 Nchannels of the left tip =            0
        k1(2pi/a)    k2(2pi/a)       E-Ef (eV)
 
 Nchannels of the left tip =            0
        k1(2pi/a)    k2(2pi/a)       E-Ef (eV)
 
 Nchannels of the left tip =            0
        k1(2pi/a)    k2(2pi/a)       E-Ef (eV)
 
 Nchannels of the left tip =            1
        k1(2pi/a)    k2(2pi/a)       E-Ef (eV)
 
  -0.0365032   0.0000000  -3.4000000
 Nchannels of the left tip =            1
        k1(2pi/a)    k2(2pi/a)       E-Ef (eV)
 
  -0.0664632   0.0000000  -3.8000000
 Nchannels of the left tip =            1
        k1(2pi/a)    k2(2pi/a)       E-Ef (eV)
 
  -0.0936282   0.0000000  -4.2000000
 Nchannels of the left tip =            1
        k1(2pi/a)    k2(2pi/a)       E-Ef (eV)
 
  -0.1203077   0.0000000  -4.6000000
 Nchannels of the left tip =            1
        k1(2pi/a)    k2(2pi/a)       E-Ef (eV)
 
  -0.1471356   0.0000000  -5.0000000
 Nchannels of the left tip =            1
        k1(2pi/a)    k2(2pi/a)       E-Ef (eV)
 
  -0.1744012   0.0000000  -5.4000000
 Nchannels of the left tip =            1
        k1(2pi/a)    k2(2pi/a)       E-Ef (eV)
 
  -0.2022863   0.0000000  -5.8000000
 Nchannels of the left tip =            1
        k1(2pi/a)    k2(2pi/a)       E-Ef (eV)
 
  -0.2309350   0.0000000  -6.2000000
 Nchannels of the left tip =            1
        k1(2pi/a)    k2(2pi/a)       E-Ef (eV)
 
  -0.2604830   0.0000000  -6.6000000
 Nchannels of the left tip =            1
        k1(2pi/a)    k2(2pi/a)       E-Ef (eV)
 
  -0.2910735   0.0000000  -7.0000000
 Nchannels of the left tip =            1
        k1(2pi/a)    k2(2pi/a)       E-Ef (eV)
 
  -0.3228686   0.0000000  -7.4000000
 Nchannels of the left tip =            1
        k1(2pi/a)    k2(2pi/a)       E-Ef (eV)
 
  -0.3560619   0.0000000  -7.8000000
 Nchannels of the left tip =            1
        k1(2pi/a)    k2(2pi/a)       E-Ef (eV)
 
  -0.3908929   0.0000000  -8.2000000
 Nchannels of the left tip =            1
        k1(2pi/a)    k2(2pi/a)       E-Ef (eV)
 
  -0.4276687   0.0000000  -8.6000000
 Nchannels of the left tip =            1
        k1(2pi/a)    k2(2pi/a)       E-Ef (eV)
 
  -0.4667983   0.0000000  -9.0000000
 Nchannels of the left tip =            1
        k1(2pi/a)    k2(2pi/a)       E-Ef (eV)
 
   0.4911521   0.0000000  -9.4000000
 Nchannels of the left tip =            1
        k1(2pi/a)    k2(2pi/a)       E-Ef (eV)
 
   0.4453494   0.0000000  -9.8000000
 Nchannels of the left tip =            1
        k1(2pi/a)    k2(2pi/a)       E-Ef (eV)
 
   0.3944873   0.0000000 -10.2000000
 Nchannels of the left tip =            1
        k1(2pi/a)    k2(2pi/a)       E-Ef (eV)
 
   0.3362742   0.0000000 -10.6000000
 Nchannels of the left tip =            1
        k1(2pi/a)    k2(2pi/a)       E-Ef (eV)
 
   0.2659227   0.0000000 -11.0000000
 Nchannels of the left tip =            1
        k1(2pi/a)    k2(2pi/a)       E-Ef (eV)
 
   0.1688862   0.0000000 -11.4000000
 Nchannels of the left tip =            0
        k1(2pi/a)    k2(2pi/a)       E-Ef (eV)
 
 Nchannels of the left tip =            0
        k1(2pi/a)    k2(2pi/a)       E-Ef (eV)
 
 Nchannels of the left tip =            0
        k1(2pi/a)    k2(2pi/a)       E-Ef (eV)
 
     cond         :  1m 7.70s CPU time

