
     Program POST-PROC v.2.1    starts ...
     Today is 28Jan2005 at 11:31:27 

     Reading file alw.save ...      only dimensions
     read complete

     Reading file alw.save ...      all except wavefuctions
     read complete

     nbndx  =     6  nbnd   =     6  natomwfc =     9  npwx   =    1381
     nelec  =    3.00 nkb   =     4  ngl    =     905
 
===== INPUT FILE containing the left lead =====

     GEOMETRY:

     lattice parameter (a_0)   =      12.0000  a.u.
     the volume                =     648.0000 (a.u.)^3
     the cross section         =     144.0000 (a.u.)^2
     l of the unit cell        =       0.3750 (a_0)
     number of atoms/cell      =            1
     number of atomic types    =            1

     crystal axes: (cart. coord. in units of a_0)
               a(1) = (  1.0000  0.0000  0.0000 )  
               a(2) = (  0.0000  1.0000  0.0000 )  
               a(3) = (  0.0000  0.0000  0.3750 )  


   Cartesian axes

     site n.     atom                  positions (a_0 units)
          1           Al  tau(  1)=(  0.0000  0.0000  0.3750  )

     nr1s                      =           40
     nr2s                      =           40
     nr3s                      =           15
     nrx1s                     =           40
     nrx2s                     =           40
     nrx3s                     =           15
     nr1                       =           48
     nr2                       =           48
     nr3                       =           18
     nrx1                      =           48
     nrx2                      =           48
     nrx3                      =           18

 _______________________________
  Radii of nonlocal spheres: 

     type       ibeta     ang. mom.          radius (a_0 units)
          Al      1         0                    0.2260
          Al      2         1                    0.2561

     Reading file alh.save ...      only dimensions
     read complete

     Reading file alh.save ...      all except wavefuctions
     read complete

     nbndx  =    12  nbnd   =    12  natomwfc =    46  npwx   =    6846
     nelec  =   16.00 nkb   =    20  ngl    =    5266
 
===== INPUT FILE containing the scat. region =====

     GEOMETRY:

     lattice parameter (a_0)   =      12.0000  a.u.
     the volume                =    3240.0000 (a.u.)^3
     the cross section         =     144.0000 (a.u.)^2
     l of the unit cell        =       1.8750 (a_0)
     number of atoms/cell      =            6
     number of atomic types    =            2

     crystal axes: (cart. coord. in units of a_0)
               a(1) = (  1.0000  0.0000  0.0000 )  
               a(2) = (  0.0000  1.0000  0.0000 )  
               a(3) = (  0.0000  0.0000  1.8750 )  


   Cartesian axes

     site n.     atom                  positions (a_0 units)
          1           Al  tau(  1)=(  0.0000  0.0000  1.8750  )
          2           Al  tau(  2)=(  0.0000  0.0000  0.3750  )
          3           Al  tau(  3)=( -0.0278  0.0000  0.7554  )
          4           H   tau(  4)=(  0.1927  0.0000  0.9375  )
          5           Al  tau(  5)=( -0.0278  0.0000  1.1196  )
          6           Al  tau(  6)=(  0.0000  0.0000  1.5000  )

     nr1s                      =           40
     nr2s                      =           40
     nr3s                      =           72
     nrx1s                     =           40
     nrx2s                     =           40
     nrx3s                     =           72
     nr1                       =           48
     nr2                       =           48
     nr3                       =           90
     nrx1                      =           48
     nrx2                      =           48
     nrx3                      =           90

 _______________________________
  Radii of nonlocal spheres: 

     type       ibeta     ang. mom.          radius (a_0 units)
          Al      1         0                    0.2260
          Al      2         1                    0.2561
----- General information -----
 
--- T calc. with identical leads (ikind=1) --- 

     nrx                       =           40
     nry                       =           40
     nz1                       =            1


     energy0               =         3.0E+00
     denergy               =         0.0E+00
     nenergy               =         18
     ecut2d                =         2.5E+01
     ewind                 =         1.0E+00
     epsproj               =         1.0E-03

----- Information about left/right lead -----

     nocros                   =            4
     noins                    =            0
     norb                     =            8
     norbf                    =           24
     nrz                      =           15

      iorb      type   ibeta   ang. mom.   m       position (a_0)
        1        1       1        0        1   taunew(   1)=(  0.0000  0.0000  0.0000)
        2        1       2        1        1   taunew(   2)=(  0.0000  0.0000  0.0000)
        3        1       2        1        2   taunew(   3)=(  0.0000  0.0000  0.0000)
        4        1       2        1        3   taunew(   4)=(  0.0000  0.0000  0.0000)
        5        1       1        0        1   taunew(   5)=(  0.0000  0.0000  0.3750)
        6        1       2        1        1   taunew(   6)=(  0.0000  0.0000  0.3750)
        7        1       2        1        2   taunew(   7)=(  0.0000  0.0000  0.3750)
        8        1       2        1        3   taunew(   8)=(  0.0000  0.0000  0.3750)
    k slab    z(k)  z(k+1)     crossing(iorb=1,norb)
    1   0.0000 0.0250 0.0250   11110000
    2   0.0250 0.0500 0.0250   11110000
    3   0.0500 0.0750 0.0250   11110000
    4   0.0750 0.1000 0.0250   11110000
    5   0.1000 0.1250 0.0250   11110111
    6   0.1250 0.1500 0.0250   11111111
    7   0.1500 0.1750 0.0250   11111111
    8   0.1750 0.2000 0.0250   11111111
    9   0.2000 0.2250 0.0250   11111111
   10   0.2250 0.2500 0.0250   11111111
   11   0.2500 0.2750 0.0250   01111111
   12   0.2750 0.3000 0.0250   00001111
   13   0.3000 0.3250 0.0250   00001111
   14   0.3250 0.3500 0.0250   00001111
   15   0.3500 0.3750 0.0250   00001111
----- Information about scattering region -----

     noins                    =           16
     norb                     =           24
     norbf                    =           24
     nrz                      =           73

      iorb      type   ibeta   ang. mom.   m       position (a_0)
        1        1       1        0        1   taunew(   1)=(  0.0000  0.0000  0.0000)
        2        1       2        1        1   taunew(   2)=(  0.0000  0.0000  0.0000)
        3        1       2        1        2   taunew(   3)=(  0.0000  0.0000  0.0000)
        4        1       2        1        3   taunew(   4)=(  0.0000  0.0000  0.0000)
        5        1       1        0        1   taunew(   5)=(  0.0000  0.0000  0.3750)
        6        1       2        1        1   taunew(   6)=(  0.0000  0.0000  0.3750)
        7        1       2        1        2   taunew(   7)=(  0.0000  0.0000  0.3750)
        8        1       2        1        3   taunew(   8)=(  0.0000  0.0000  0.3750)
        9        1       1        0        1   taunew(   9)=( -0.0278  0.0000  0.7554)
       10        1       2        1        1   taunew(  10)=( -0.0278  0.0000  0.7554)
       11        1       2        1        2   taunew(  11)=( -0.0278  0.0000  0.7554)
       12        1       2        1        3   taunew(  12)=( -0.0278  0.0000  0.7554)
       13        1       1        0        1   taunew(  13)=( -0.0278  0.0000  1.1196)
       14        1       2        1        1   taunew(  14)=( -0.0278  0.0000  1.1196)
       15        1       2        1        2   taunew(  15)=( -0.0278  0.0000  1.1196)
       16        1       2        1        3   taunew(  16)=( -0.0278  0.0000  1.1196)
       17        1       1        0        1   taunew(  17)=(  0.0000  0.0000  1.5000)
       18        1       2        1        1   taunew(  18)=(  0.0000  0.0000  1.5000)
       19        1       2        1        2   taunew(  19)=(  0.0000  0.0000  1.5000)
       20        1       2        1        3   taunew(  20)=(  0.0000  0.0000  1.5000)
       21        1       1        0        1   taunew(  21)=(  0.0000  0.0000  1.8750)
       22        1       2        1        1   taunew(  22)=(  0.0000  0.0000  1.8750)
       23        1       2        1        2   taunew(  23)=(  0.0000  0.0000  1.8750)
       24        1       2        1        3   taunew(  24)=(  0.0000  0.0000  1.8750)
    k slab    z(k)  z(k+1)     crossing(iorb=1,norb)
    1   0.0000 0.0257 0.0257   111100000000000000000000
    2   0.0257 0.0514 0.0257   111100000000000000000000
    3   0.0514 0.0771 0.0257   111100000000000000000000
    4   0.0771 0.1027 0.0257   111100000000000000000000
    5   0.1027 0.1284 0.0257   111101110000000000000000
    6   0.1284 0.1541 0.0257   111111110000000000000000
    7   0.1541 0.1798 0.0257   111111110000000000000000
    8   0.1798 0.2055 0.0257   111111110000000000000000
    9   0.2055 0.2312 0.0257   111111110000000000000000
   10   0.2312 0.2568 0.0257   011111110000000000000000
   11   0.2568 0.2825 0.0257   000011110000000000000000
   12   0.2825 0.3082 0.0257   000011110000000000000000
   13   0.3082 0.3339 0.0257   000011110000000000000000
   14   0.3339 0.3596 0.0257   000011110000000000000000
   15   0.3596 0.3853 0.0257   000011110000000000000000
   16   0.3853 0.4110 0.0257   000011110000000000000000
   17   0.4110 0.4366 0.0257   000011110000000000000000
   18   0.4366 0.4623 0.0257   000011110000000000000000
   19   0.4623 0.4880 0.0257   000011110000000000000000
   20   0.4880 0.5137 0.0257   000011110111000000000000
   21   0.5137 0.5394 0.0257   000011111111000000000000
   22   0.5394 0.5651 0.0257   000011111111000000000000
   23   0.5651 0.5908 0.0257   000011111111000000000000
   24   0.5908 0.6164 0.0257   000011111111000000000000
   25   0.6164 0.6421 0.0257   000001111111000000000000
   26   0.6421 0.6678 0.0257   000000001111000000000000
   27   0.6678 0.6935 0.0257   000000001111000000000000
   28   0.6935 0.7192 0.0257   000000001111000000000000
   29   0.7192 0.7449 0.0257   000000001111000000000000
   30   0.7449 0.7705 0.0257   000000001111000000000000
   31   0.7705 0.7962 0.0257   000000001111000000000000
   32   0.7962 0.8219 0.0257   000000001111000000000000
   33   0.8219 0.8476 0.0257   000000001111000000000000
   34   0.8476 0.8733 0.0257   000000001111011100000000
   35   0.8733 0.8990 0.0257   000000001111111100000000
   36   0.8990 0.9247 0.0257   000000001111111100000000
   37   0.9247 0.9503 0.0257   000000001111111100000000
   38   0.9503 0.9760 0.0257   000000001111111100000000
   39   0.9760 1.0017 0.0257   000000001111111100000000
   40   1.0017 1.0274 0.0257   000000000111111100000000
   41   1.0274 1.0531 0.0257   000000000000111100000000
   42   1.0531 1.0788 0.0257   000000000000111100000000
   43   1.0788 1.1045 0.0257   000000000000111100000000
   44   1.1045 1.1301 0.0257   000000000000111100000000
   45   1.1301 1.1558 0.0257   000000000000111100000000
   46   1.1558 1.1815 0.0257   000000000000111100000000
   47   1.1815 1.2072 0.0257   000000000000111100000000
   48   1.2072 1.2329 0.0257   000000000000111100000000
   49   1.2329 1.2586 0.0257   000000000000111101110000
   50   1.2586 1.2842 0.0257   000000000000111111110000
   51   1.2842 1.3099 0.0257   000000000000111111110000
   52   1.3099 1.3356 0.0257   000000000000111111110000
   53   1.3356 1.3613 0.0257   000000000000111111110000
   54   1.3613 1.3870 0.0257   000000000000011111110000
   55   1.3870 1.4127 0.0257   000000000000000011110000
   56   1.4127 1.4384 0.0257   000000000000000011110000
   57   1.4384 1.4640 0.0257   000000000000000011110000
   58   1.4640 1.4897 0.0257   000000000000000011110000
   59   1.4897 1.5154 0.0257   000000000000000011110000
   60   1.5154 1.5411 0.0257   000000000000000011110000
   61   1.5411 1.5668 0.0257   000000000000000011110000
   62   1.5668 1.5925 0.0257   000000000000000011110000
   63   1.5925 1.6182 0.0257   000000000000000011110000
   64   1.6182 1.6438 0.0257   000000000000000011110111
   65   1.6438 1.6695 0.0257   000000000000000011111111
   66   1.6695 1.6952 0.0257   000000000000000011111111
   67   1.6952 1.7209 0.0257   000000000000000011111111
   68   1.7209 1.7466 0.0257   000000000000000011111111
   69   1.7466 1.7723 0.0257   000000000000000001111111
   70   1.7723 1.7979 0.0257   000000000000000000001111
   71   1.7979 1.8236 0.0257   000000000000000000001111
   72   1.8236 1.8493 0.0257   000000000000000000001111
   73   1.8493 1.8750 0.0257   000000000000000000001111
 ngper, shell number =          293          41
 ngper, n2d =          293          39
 Nchannels of the left tip =            4
        k1(2pi/a)    k2(2pi/a)       E-Ef (eV)
 
   0.1235383   0.0000000   3.0000000
   0.3631131   0.0000000   3.0000000
   0.3631131   0.0000000   3.0000000
  -0.3805432   0.0000000   3.0000000
 to transmit
 T_ij for propagating states:
    1 -->     1   0.9321562
    1 -->     2   0.0084798
    1 -->     3   0.0000013
    1 -->     4   0.0003065
                 0.94094
    2 -->     1   0.0084798
    2 -->     2   0.5450180
    2 -->     3   0.0000523
    2 -->     4   0.0074811
                 0.56103
    3 -->     1   0.0000013
    3 -->     2   0.0000523
    3 -->     3   0.9855740
    3 -->     4   0.0000011
                 0.98563
    4 -->     1   0.0003065
    4 -->     2   0.0074811
    4 -->     3   0.0000011
    4 -->     4   0.9832809
                 0.99107
 Eigenchannel decomposition:
@    1  3.00000  0.50238
                      0.10843
                      0.88105
                      0.00013
                      0.01039
@    2  3.00000  0.98569
                      0.00000
                      0.00015
                      0.99985
                      0.00000
@    3  3.00000  0.99330
                      0.67259
                      0.05550
                      0.00001
                      0.27190
@    4  3.00000  0.99730
                      0.21898
                      0.06330
                      0.00001
                      0.71771
E-Ef(ev), TOTAL T =    3.0000000   3.4786735
 Nchannels of the left tip =            4
        k1(2pi/a)    k2(2pi/a)       E-Ef (eV)
 
   0.0566896   0.0000000   2.7000000
   0.3455977   0.0000000   2.7000000
   0.3455977   0.0000000   2.7000000
  -0.3936155   0.0000000   2.7000000
 to transmit
 T_ij for propagating states:
    1 -->     1   0.7755221
    1 -->     2   0.0119842
    1 -->     3   0.0000051
    1 -->     4   0.0001600
                 0.78767
    2 -->     1   0.0119842
    2 -->     2   0.5558671
    2 -->     3   0.0001299
    2 -->     4   0.0061339
                 0.57412
    3 -->     1   0.0000051
    3 -->     2   0.0001299
    3 -->     3   0.9799856
    3 -->     4   0.0000026
                 0.98012
    4 -->     1   0.0001600
    4 -->     2   0.0061339
    4 -->     3   0.0000026
    4 -->     4   0.9879747
                 0.99427
 Eigenchannel decomposition:
@    1  2.70000  0.47829
                      0.22853
                      0.76376
                      0.00033
                      0.00739
@    2  2.70000  0.87930
                      0.77138
                      0.22703
                      0.00010
                      0.00149
@    3  2.70000  0.98030
                      0.00000
                      0.00043
                      0.99957
                      0.00000
@    4  2.70000  0.99829
                      0.00009
                      0.00878
                      0.00000
                      0.99112
E-Ef(ev), TOTAL T =    2.7000000   3.3361811
 Nchannels of the left tip =            3
        k1(2pi/a)    k2(2pi/a)       E-Ef (eV)
 
   0.3334172   0.0000000   2.5000000
   0.3334172   0.0000000   2.5000000
  -0.4023717   0.0000000   2.5000000
 to transmit
 T_ij for propagating states:
    1 -->     1   0.5226598
    1 -->     2   0.0004903
    1 -->     3   0.0060583
                 0.52921
    2 -->     1   0.0004903
    2 -->     2   0.9755129
    2 -->     3   0.0000090
                 0.97601
    3 -->     1   0.0060583
    3 -->     2   0.0000090
    3 -->     3   0.9890984
                 0.99517
 Eigenchannel decomposition:
@    1  2.50000  0.52450
                      0.99002
                      0.00147
                      0.00852
@    2  2.50000  0.97668
                      0.00148
                      0.99852
                      0.00000
@    3  2.50000  0.99921
                      0.00850
                      0.00001
                      0.99148
E-Ef(ev), TOTAL T =    2.5000000   2.5003863
 Nchannels of the left tip =            3
        k1(2pi/a)    k2(2pi/a)       E-Ef (eV)
 
   0.2718744   0.0000000   1.6000000
   0.2719801   0.0000000   1.6000000
  -0.4444536   0.0000000   1.6000000
 to transmit
 T_ij for propagating states:
    1 -->     1   0.4536806
    1 -->     2   0.0000246
    1 -->     3   0.0031849
                 0.45689
    2 -->     1   0.0000246
    2 -->     2   0.9722044
    2 -->     3   0.0000002
                 0.97223
    3 -->     1   0.0031849
    3 -->     2   0.0000002
    3 -->     3   0.9884265
                 0.99161
 Eigenchannel decomposition:
@    1  1.60000  0.45256
                      0.99203
                      0.00007
                      0.00790
@    2  1.60000  0.97226
                      0.00007
                      0.99993
                      0.00000
@    3  1.60000  0.99590
                      0.00790
                      0.00000
                      0.99210
E-Ef(ev), TOTAL T =    1.6000000   2.4207309
 Nchannels of the left tip =            3
        k1(2pi/a)    k2(2pi/a)       E-Ef (eV)
 
   0.2216471   0.0000000   1.0000000
   0.2217764   0.0000000   1.0000000
  -0.4868874   0.0000000   1.0000000
 to transmit
 T_ij for propagating states:
    1 -->     1   0.4172214
    1 -->     2   0.0000029
    1 -->     3   0.0006256
                 0.41785
    2 -->     1   0.0000029
    2 -->     2   0.9895766
    2 -->     3   0.0000000
                 0.98958
    3 -->     1   0.0006256
    3 -->     2   0.0000000
    3 -->     3   0.8073923
                 0.80802
 Eigenchannel decomposition:
@    1  1.00000  0.41532
                      0.99360
                      0.00001
                      0.00639
@    2  1.00000  0.81054
                      0.00639
                      0.00000
                      0.99361
@    3  1.00000  0.98958
                      0.00001
                      0.99999
                      0.00000
E-Ef(ev), TOTAL T =    1.0000000   2.2154472
 Nchannels of the left tip =            2
        k1(2pi/a)    k2(2pi/a)       E-Ef (eV)
 
   0.2121224   0.0000000   0.9000000
   0.2122575   0.0000000   0.9000000
 to transmit
 T_ij for propagating states:
    1 -->     1   0.4272009
    1 -->     2   0.0000020
                 0.42720
    2 -->     1   0.0000020
    2 -->     2   0.9929045
                 0.99291
 Eigenchannel decomposition:
@    1  0.90000  0.42720
                      1.00000
                      0.00000
@    2  0.90000  0.99291
                      0.00000
                      1.00000
E-Ef(ev), TOTAL T =    0.9000000   1.4201094
 Nchannels of the left tip =            2
        k1(2pi/a)    k2(2pi/a)       E-Ef (eV)
 
   0.1092691   0.0000000   0.1000000
   0.1095306   0.0000000   0.1000000
 to transmit
 T_ij for propagating states:
    1 -->     1   0.2026906
    1 -->     2   0.0000000
                 0.20269
    2 -->     1   0.0000000
    2 -->     2   0.9991688
                 0.99917
 Eigenchannel decomposition:
@    1  0.10000  0.20269
                      1.00000
                      0.00000
@    2  0.10000  0.99917
                      0.00000
                      1.00000
E-Ef(ev), TOTAL T =    0.1000000   1.2018594
 Nchannels of the left tip =            2
        k1(2pi/a)    k2(2pi/a)       E-Ef (eV)
 
   0.0606135   0.0000000  -0.1000000
   0.0610835   0.0000000  -0.1000000
 to transmit
 T_ij for propagating states:
    1 -->     1   0.0599338
    1 -->     2   0.0000000
                 0.05993
    2 -->     1   0.0000000
    2 -->     2   0.8953094
                 0.89531
 Eigenchannel decomposition:
@    1 -0.10000  0.05993
                      1.00000
                      0.00000
@    2 -0.10000  0.89531
                      0.00000
                      1.00000
E-Ef(ev), TOTAL T =   -0.1000000   0.9552432
 Nchannels of the left tip =            0
        k1(2pi/a)    k2(2pi/a)       E-Ef (eV)
 
 to transmit
E-Ef(ev), TOTAL T =   -0.2500000   0.0000000
 Nchannels of the left tip =            0
        k1(2pi/a)    k2(2pi/a)       E-Ef (eV)
 
 to transmit
E-Ef(ev), TOTAL T =   -1.1500000   0.0000000
 Nchannels of the left tip =            1
        k1(2pi/a)    k2(2pi/a)       E-Ef (eV)
 
   0.4662427   0.0000000  -1.4500000
 to transmit
 T_ij for propagating states:
    1 -->     1   0.1439238
                 0.14392
 Eigenchannel decomposition:
@    1 -1.45000  0.14392
                      1.00000
E-Ef(ev), TOTAL T =   -1.4500000   0.1439238
 Nchannels of the left tip =            1
        k1(2pi/a)    k2(2pi/a)       E-Ef (eV)
 
   0.4360656   0.0000000  -1.9000000
 to transmit
 T_ij for propagating states:
    1 -->     1   0.0000151
                 0.00002
 Eigenchannel decomposition:
@    1 -1.90000  0.00002
                      1.00000
E-Ef(ev), TOTAL T =   -1.9000000   0.0000151
 Nchannels of the left tip =            1
        k1(2pi/a)    k2(2pi/a)       E-Ef (eV)
 
   0.3720207   0.0000000  -3.0000000
 to transmit
 T_ij for propagating states:
    1 -->     1   0.4240037
                 0.42400
 Eigenchannel decomposition:
@    1 -3.00000  0.42400
                      1.00000
E-Ef(ev), TOTAL T =   -3.0000000   0.4240037
 Nchannels of the left tip =            1
        k1(2pi/a)    k2(2pi/a)       E-Ef (eV)
 
   0.3097116   0.0000000  -4.0000000
 to transmit
 T_ij for propagating states:
    1 -->     1   0.5184841
                 0.51848
 Eigenchannel decomposition:
@    1 -4.00000  0.51848
                      1.00000
E-Ef(ev), TOTAL T =   -4.0000000   0.5184841
 Nchannels of the left tip =            1
        k1(2pi/a)    k2(2pi/a)       E-Ef (eV)
 
   0.2350666   0.0000000  -5.0000000
 to transmit
 T_ij for propagating states:
    1 -->     1   0.5066416
                 0.50664
 Eigenchannel decomposition:
@    1 -5.00000  0.50664
                      1.00000
E-Ef(ev), TOTAL T =   -5.0000000   0.5066416
 Nchannels of the left tip =            1
        k1(2pi/a)    k2(2pi/a)       E-Ef (eV)
 
   0.1256860   0.0000000  -6.0000000
 to transmit
 T_ij for propagating states:
    1 -->     1   0.3686790
                 0.36868
 Eigenchannel decomposition:
@    1 -6.00000  0.36868
                      1.00000
E-Ef(ev), TOTAL T =   -6.0000000   0.3686790
 Nchannels of the left tip =            1
        k1(2pi/a)    k2(2pi/a)       E-Ef (eV)
 
   0.0895879   0.0000000  -6.2000000
 to transmit
 T_ij for propagating states:
    1 -->     1   0.2377105
                 0.23771
 Eigenchannel decomposition:
@    1 -6.20000  0.23771
                      1.00000
E-Ef(ev), TOTAL T =   -6.2000000   0.2377105
 Nchannels of the left tip =            0
        k1(2pi/a)    k2(2pi/a)       E-Ef (eV)
 
 to transmit
E-Ef(ev), TOTAL T =   -6.4500000   0.0000000
 
     PWCOND       :    50.65s CPU time

     init         :     1.27s CPU
     poten        :     0.26s CPU (       2 calls,   0.130 s avg)
     local        :    18.96s CPU
 
     scatter_forw :    27.88s CPU (      36 calls,   0.774 s avg)
     integrals    :    13.93s CPU (      36 calls,   0.387 s avg)
     rotatef      :     3.65s CPU (    1548 calls,   0.002 s avg)
     rotateb      :     2.72s CPU (    1548 calls,   0.002 s avg)
     scatter_back :     5.76s CPU (      36 calls,   0.160 s avg)
 
     compbs       :     2.25s CPU (      18 calls,   0.125 s avg)
     compbs_2     :     1.97s CPU (      18 calls,   0.109 s avg)
 
