
     Program POST-PROC v.2.1cvs starts ...
     Today is 26Jul2005 at 16:26:46 

     Reading file alw.save ...      only dimensions
     read complete

     Reading file alw.save ...      all except wavefuctions
     read complete

     nbndx  =     6  nbnd   =     6  natomwfc =     9  npwx   =    1381
     nelec  =   3.00  nkb   =     4  ngl    =     905

===== INPUT FILE containing the left lead =====

     GEOMETRY:

     lattice parameter (a_0)   =      12.0000  a.u.
     the volume                =     648.0000 (a.u.)^3
     the cross section         =     144.0000 (a.u.)^2
     l of the unit cell        =       0.3750 (a_0)
     number of atoms/cell      =            1
     number of atomic types    =            1

     crystal axes: (cart. coord. in units of a_0)
               a(1) = (  1.0000  0.0000  0.0000 )  
               a(2) = (  0.0000  1.0000  0.0000 )  
               a(3) = (  0.0000  0.0000  0.3750 )  


   Cartesian axes

     site n.     atom                  positions (a_0 units)
          1           Al  tau(  1)=(  0.0000  0.0000  0.3750  )

     nr1s                      =           40
     nr2s                      =           40
     nr3s                      =           15
     nrx1s                     =           40
     nrx2s                     =           40
     nrx3s                     =           15
     nr1                       =           48
     nr2                       =           48
     nr3                       =           18
     nrx1                      =           48
     nrx2                      =           48
     nrx3                      =           18

 _______________________________
  Radii of nonlocal spheres: 

     type       ibeta     ang. mom.          radius (a_0 units)
          Al      1         0                    0.2260
          Al      2         1                    0.2561

     Reading file alw.save ...      only dimensions
     read complete

     Reading file alw.save ...      all except wavefuctions
     read complete

     nbndx  =     6  nbnd   =     6  natomwfc =     9  npwx   =    1381
     nelec  =   3.00  nkb   =     4  ngl    =     905

===== INPUT FILE containing the scat. region =====

     GEOMETRY:

     lattice parameter (a_0)   =      12.0000  a.u.
     the volume                =     648.0000 (a.u.)^3
     the cross section         =     144.0000 (a.u.)^2
     l of the unit cell        =       0.3750 (a_0)
     number of atoms/cell      =            1
     number of atomic types    =            1

     crystal axes: (cart. coord. in units of a_0)
               a(1) = (  1.0000  0.0000  0.0000 )  
               a(2) = (  0.0000  1.0000  0.0000 )  
               a(3) = (  0.0000  0.0000  0.3750 )  


   Cartesian axes

     site n.     atom                  positions (a_0 units)
          1           Al  tau(  1)=(  0.0000  0.0000  0.3750  )

     nr1s                      =           40
     nr2s                      =           40
     nr3s                      =           15
     nrx1s                     =           40
     nrx2s                     =           40
     nrx3s                     =           15
     nr1                       =           48
     nr2                       =           48
     nr3                       =           18
     nrx1                      =           48
     nrx2                      =           48
     nrx3                      =           18

 _______________________________
  Radii of nonlocal spheres: 

     type       ibeta     ang. mom.          radius (a_0 units)
          Al      1         0                    0.2260
          Al      2         1                    0.2561
----- General information -----

--- T calc. with identical leads (ikind=1) --- 

     nrx                       =           40
     nry                       =           40
     nz1                       =            1


     energy0               =         3.0E+00
     denergy               =        -1.0E-01
     nenergy               =        100
     ecut2d                =         2.5E+01
     ewind                 =         1.0E+00
     epsproj               =         1.0E-03

----- Information about left/right lead -----

     nocros                   =            4
     noins                    =            0
     norb                     =            8
     norbf                    =            8
     nrz                      =           15

      iorb      type   ibeta   ang. mom.   m       position (a_0)
        1        1       1        0        1   taunew(   1)=(  0.0000  0.0000  0.0000)
        2        1       2        1        1   taunew(   2)=(  0.0000  0.0000  0.0000)
        3        1       2        1        2   taunew(   3)=(  0.0000  0.0000  0.0000)
        4        1       2        1        3   taunew(   4)=(  0.0000  0.0000  0.0000)
        5        1       1        0        1   taunew(   5)=(  0.0000  0.0000  0.3750)
        6        1       2        1        1   taunew(   6)=(  0.0000  0.0000  0.3750)
        7        1       2        1        2   taunew(   7)=(  0.0000  0.0000  0.3750)
        8        1       2        1        3   taunew(   8)=(  0.0000  0.0000  0.3750)
    k slab    z(k)  z(k+1)     crossing(iorb=1,norb)
    1   0.0000 0.0250 0.0250   11110000
    2   0.0250 0.0500 0.0250   11110000
    3   0.0500 0.0750 0.0250   11110000
    4   0.0750 0.1000 0.0250   11110000
    5   0.1000 0.1250 0.0250   11110111
    6   0.1250 0.1500 0.0250   11111111
    7   0.1500 0.1750 0.0250   11111111
    8   0.1750 0.2000 0.0250   11111111
    9   0.2000 0.2250 0.0250   11111111
   10   0.2250 0.2500 0.0250   11111111
   11   0.2500 0.2750 0.0250   01111111
   12   0.2750 0.3000 0.0250   00001111
   13   0.3000 0.3250 0.0250   00001111
   14   0.3250 0.3500 0.0250   00001111
   15   0.3500 0.3750 0.0250   00001111
----- Information about scattering region -----

     noins                    =            0
     norb                     =            8
     norbf                    =            8
     nrz                      =           15

      iorb      type   ibeta   ang. mom.   m       position (a_0)
        1        1       1        0        1   taunew(   1)=(  0.0000  0.0000  0.0000)
        2        1       2        1        1   taunew(   2)=(  0.0000  0.0000  0.0000)
        3        1       2        1        2   taunew(   3)=(  0.0000  0.0000  0.0000)
        4        1       2        1        3   taunew(   4)=(  0.0000  0.0000  0.0000)
        5        1       1        0        1   taunew(   5)=(  0.0000  0.0000  0.3750)
        6        1       2        1        1   taunew(   6)=(  0.0000  0.0000  0.3750)
        7        1       2        1        2   taunew(   7)=(  0.0000  0.0000  0.3750)
        8        1       2        1        3   taunew(   8)=(  0.0000  0.0000  0.3750)
    k slab    z(k)  z(k+1)     crossing(iorb=1,norb)
    1   0.0000 0.0250 0.0250   11110000
    2   0.0250 0.0500 0.0250   11110000
    3   0.0500 0.0750 0.0250   11110000
    4   0.0750 0.1000 0.0250   11110000
    5   0.1000 0.1250 0.0250   11110111
    6   0.1250 0.1500 0.0250   11111111
    7   0.1500 0.1750 0.0250   11111111
    8   0.1750 0.2000 0.0250   11111111
    9   0.2000 0.2250 0.0250   11111111
   10   0.2250 0.2500 0.0250   11111111
   11   0.2500 0.2750 0.0250   01111111
   12   0.2750 0.3000 0.0250   00001111
   13   0.3000 0.3250 0.0250   00001111
   14   0.3250 0.3500 0.0250   00001111
   15   0.3500 0.3750 0.0250   00001111
 ngper, shell number =  293 41
 ngper, n2d =  293 30
 Nchannels of the left tip =  4
        k1(2pi/a)    k2(2pi/a)       E-Ef (eV)

   0.1148856   0.0000000   2.9500000
   0.3599320   0.0000000   2.9500000
   0.3599320   0.0000000   2.9500000
  -0.3828332   0.0000000   2.9500000
 to transmit
 T_ij for propagating states:
    1 -->     1   1.0000000
    1 -->     2   0.0000000
    1 -->     3   0.0000000
    1 -->     4   0.0000000
                 1.00000
    2 -->     1   0.0000000
    2 -->     2   1.0000000
    2 -->     3   0.0000000
    2 -->     4   0.0000000
                 1.00000
    3 -->     1   0.0000000
    3 -->     2   0.0000000
    3 -->     3   1.0000000
    3 -->     4   0.0000000
                 1.00000
    4 -->     1   0.0000000
    4 -->     2   0.0000000
    4 -->     3   0.0000000
    4 -->     4   1.0000000
                 1.00000
 Eigenchannel decomposition:
@    1  2.95000  1.00000
                      0.00252
                      0.39842
                      0.59443
                      0.00463
@    2  2.95000  1.00000
                      0.35635
                      0.15553
                      0.08571
                      0.40241
@    3  2.95000  1.00000
                      0.34958
                      0.06520
                      0.06235
                      0.52286
@    4  2.95000  1.00000
                      0.29155
                      0.38084
                      0.25750
                      0.07010
E-Ef(ev), T(x2 spins) =    2.9500000   8.0000000
 Nchannels of the left tip =  4
        k1(2pi/a)    k2(2pi/a)       E-Ef (eV)

   0.0957689   0.0000000   2.8500000
   0.3541371   0.0000000   2.8500000
   0.3541371   0.0000000   2.8500000
  -0.3871900   0.0000000   2.8500000
 to transmit
 T_ij for propagating states:
    1 -->     1   1.0000000
    1 -->     2   0.0000000
    1 -->     3   0.0000000
    1 -->     4   0.0000000
                 1.00000
    2 -->     1   0.0000000
    2 -->     2   1.0000000
    2 -->     3   0.0000000
    2 -->     4   0.0000000
                 1.00000
    3 -->     1   0.0000000
    3 -->     2   0.0000000
    3 -->     3   1.0000000
    3 -->     4   0.0000000
                 1.00000
    4 -->     1   0.0000000
    4 -->     2   0.0000000
    4 -->     3   0.0000000
    4 -->     4   1.0000000
                 1.00000
 Eigenchannel decomposition:
@    1  2.85000  1.00000
                      0.00494
                      0.60331
                      0.39159
                      0.00017
@    2  2.85000  1.00000
                      0.41748
                      0.18930
                      0.36219
                      0.03103
@    3  2.85000  1.00000
                      0.53088
                      0.17937
                      0.20706
                      0.08269
@    4  2.85000  1.00000
                      0.04670
                      0.02803
                      0.03917
                      0.88611
E-Ef(ev), T(x2 spins) =    2.8500000   8.0000000
 Nchannels of the left tip =  4
        k1(2pi/a)    k2(2pi/a)       E-Ef (eV)

   0.0718940   0.0000000   2.7500000
   0.3482474   0.0000000   2.7500000
   0.3482474   0.0000000   2.7500000
  -0.3915458   0.0000000   2.7500000
 to transmit
 T_ij for propagating states:
    1 -->     1   1.0000000
    1 -->     2   0.0000000
    1 -->     3   0.0000000
    1 -->     4   0.0000000
                 1.00000
    2 -->     1   0.0000000
    2 -->     2   1.0000000
    2 -->     3   0.0000000
    2 -->     4   0.0000000
                 1.00000
    3 -->     1   0.0000000
    3 -->     2   0.0000000
    3 -->     3   1.0000000
    3 -->     4   0.0000000
                 1.00000
    4 -->     1   0.0000000
    4 -->     2   0.0000000
    4 -->     3   0.0000000
    4 -->     4   1.0000000
                 1.00000
 Eigenchannel decomposition:
@    1  2.75000  1.00000
                      0.02244
                      0.32392
                      0.63218
                      0.02146
@    2  2.75000  1.00000
                      0.39912
                      0.04975
                      0.03362
                      0.51751
@    3  2.75000  1.00000
                      0.20791
                      0.38578
                      0.18359
                      0.22272
@    4  2.75000  1.00000
                      0.37053
                      0.24054
                      0.15061
                      0.23831
E-Ef(ev), T(x2 spins) =    2.7500000   8.0000000
 Nchannels of the left tip =  4
        k1(2pi/a)    k2(2pi/a)       E-Ef (eV)

   0.0344521   0.0000000   2.6500000
   0.3422577   0.0000000   2.6500000
   0.3422577   0.0000000   2.6500000
  -0.3959088   0.0000000   2.6500000
 to transmit
 T_ij for propagating states:
    1 -->     1   1.0000000
    1 -->     2   0.0000000
    1 -->     3   0.0000000
    1 -->     4   0.0000000
                 1.00000
    2 -->     1   0.0000000
    2 -->     2   1.0000000
    2 -->     3   0.0000000
    2 -->     4   0.0000000
                 1.00000
    3 -->     1   0.0000000
    3 -->     2   0.0000000
    3 -->     3   1.0000000
    3 -->     4   0.0000000
                 1.00000
    4 -->     1   0.0000000
    4 -->     2   0.0000000
    4 -->     3   0.0000000
    4 -->     4   1.0000000
                 1.00000
 Eigenchannel decomposition:
@    1  2.65000  1.00000
                      0.88840
                      0.03111
                      0.03621
                      0.04427
@    2  2.65000  1.00000
                      0.04697
                      0.39385
                      0.55583
                      0.00336
@    3  2.65000  1.00000
                      0.02510
                      0.25418
                      0.15617
                      0.56455
@    4  2.65000  1.00000
                      0.03953
                      0.32086
                      0.25179
                      0.38781
E-Ef(ev), T(x2 spins) =    2.6500000   8.0000000
 Nchannels of the left tip =  3
        k1(2pi/a)    k2(2pi/a)       E-Ef (eV)

   0.3361625   0.0000000   2.5500000
   0.3361625   0.0000000   2.5500000
  -0.4002871   0.0000000   2.5500000
 to transmit
 T_ij for propagating states:
    1 -->     1   1.0000000
    1 -->     2   0.0000000
    1 -->     3   0.0000000
                 1.00000
    2 -->     1   0.0000000
    2 -->     2   1.0000000
    2 -->     3   0.0000000
                 1.00000
    3 -->     1   0.0000000
    3 -->     2   0.0000000
    3 -->     3   1.0000000
                 1.00000
 Eigenchannel decomposition:
@    1  2.55000  1.00000
                      0.46159
                      0.53747
                      0.00093
@    2  2.55000  1.00000
                      0.37966
                      0.31145
                      0.30889
@    3  2.55000  1.00000
                      0.15875
                      0.15108
                      0.69018
E-Ef(ev), T(x2 spins) =    2.5500000   6.0000000
 Nchannels of the left tip =  3
        k1(2pi/a)    k2(2pi/a)       E-Ef (eV)

   0.3299558   0.0000000   2.4500000
   0.3299558   0.0000000   2.4500000
  -0.4046884   0.0000000   2.4500000
 to transmit
 T_ij for propagating states:
    1 -->     1   1.0000000
    1 -->     2   0.0000000
    1 -->     3   0.0000000
                 1.00000
    2 -->     1   0.0000000
    2 -->     2   1.0000000
    2 -->     3   0.0000000
                 1.00000
    3 -->     1   0.0000000
    3 -->     2   0.0000000
    3 -->     3   1.0000000
                 1.00000
 Eigenchannel decomposition:
@    1  2.45000  1.00000
                      0.43301
                      0.55887
                      0.00811
@    2  2.45000  1.00000
                      0.39850
                      0.29025
                      0.31125
@    3  2.45000  1.00000
                      0.16849
                      0.15088
                      0.68063
E-Ef(ev), T(x2 spins) =    2.4500000   6.0000000
 Nchannels of the left tip =  3
        k1(2pi/a)    k2(2pi/a)       E-Ef (eV)

   0.3236310   0.0000000   2.3500000
   0.3236310   0.0000000   2.3500000
  -0.4091214   0.0000000   2.3500000
 to transmit
 T_ij for propagating states:
    1 -->     1   1.0000000
    1 -->     2   0.0000000
    1 -->     3   0.0000000
                 1.00000
    2 -->     1   0.0000000
    2 -->     2   1.0000000
    2 -->     3   0.0000000
                 1.00000
    3 -->     1   0.0000000
    3 -->     2   0.0000000
    3 -->     3   1.0000000
                 1.00000
 Eigenchannel decomposition:
@    1  2.35000  1.00000
                      0.37061
                      0.62175
                      0.00763
@    2  2.35000  1.00000
                      0.39599
                      0.21426
                      0.38975
@    3  2.35000  1.00000
                      0.23340
                      0.16398
                      0.60262
E-Ef(ev), T(x2 spins) =    2.3500000   6.0000000
 Nchannels of the left tip =  3
        k1(2pi/a)    k2(2pi/a)       E-Ef (eV)

   0.3171809   0.0000000   2.2500000
   0.3171809   0.0000000   2.2500000
  -0.4135947   0.0000000   2.2500000
 to transmit
 T_ij for propagating states:
    1 -->     1   1.0000000
    1 -->     2   0.0000000
    1 -->     3   0.0000000
                 1.00000
    2 -->     1   0.0000000
    2 -->     2   1.0000000
    2 -->     3   0.0000000
                 1.00000
    3 -->     1   0.0000000
    3 -->     2   0.0000000
    3 -->     3   1.0000000
                 1.00000
 Eigenchannel decomposition:
@    1  2.25000  1.00000
                      0.10979
                      0.67797
                      0.21223
@    2  2.25000  1.00000
                      0.59326
                      0.11823
                      0.28851
@    3  2.25000  1.00000
                      0.29694
                      0.20380
                      0.49925
E-Ef(ev), T(x2 spins) =    2.2500000   6.0000000
 Nchannels of the left tip =  3
        k1(2pi/a)    k2(2pi/a)       E-Ef (eV)

   0.3105976   0.0000000   2.1500000
   0.3105976   0.0000000   2.1500000
  -0.4181187   0.0000000   2.1500000
 to transmit
 T_ij for propagating states:
    1 -->     1   1.0000000
    1 -->     2   0.0000000
    1 -->     3   0.0000000
                 1.00000
    2 -->     1   0.0000000
    2 -->     2   1.0000000
    2 -->     3   0.0000000
                 1.00000
    3 -->     1   0.0000000
    3 -->     2   0.0000000
    3 -->     3   1.0000000
                 1.00000
 Eigenchannel decomposition:
@    1  2.15000  1.00000
                      0.39317
                      0.59250
                      0.01433
@    2  2.15000  1.00000
                      0.36190
                      0.22129
                      0.41681
@    3  2.15000  1.00000
                      0.24493
                      0.18621
                      0.56886
E-Ef(ev), T(x2 spins) =    2.1500000   6.0000000
 Nchannels of the left tip =  3
        k1(2pi/a)    k2(2pi/a)       E-Ef (eV)

   0.3038723   0.0000000   2.0500000
   0.3038723   0.0000000   2.0500000
  -0.4227048   0.0000000   2.0500000
 to transmit
 T_ij for propagating states:
    1 -->     1   1.0000000
    1 -->     2   0.0000000
    1 -->     3   0.0000000
                 1.00000
    2 -->     1   0.0000000
    2 -->     2   1.0000000
    2 -->     3   0.0000000
                 1.00000
    3 -->     1   0.0000000
    3 -->     2   0.0000000
    3 -->     3   1.0000000
                 1.00000
 Eigenchannel decomposition:
@    1  2.05000  1.00000
                      0.44606
                      0.53280
                      0.02114
@    2  2.05000  1.00000
                      0.50103
                      0.40933
                      0.08963
@    3  2.05000  1.00000
                      0.05290
                      0.05787
                      0.88923
E-Ef(ev), T(x2 spins) =    2.0500000   6.0000000
 Nchannels of the left tip =  3
        k1(2pi/a)    k2(2pi/a)       E-Ef (eV)

   0.2969953   0.0000000   1.9500000
   0.2969953   0.0000000   1.9500000
  -0.4273672   0.0000000   1.9500000
 to transmit
 T_ij for propagating states:
    1 -->     1   1.0000000
    1 -->     2   0.0000000
    1 -->     3   0.0000000
                 1.00000
    2 -->     1   0.0000000
    2 -->     2   1.0000000
    2 -->     3   0.0000000
                 1.00000
    3 -->     1   0.0000000
    3 -->     2   0.0000000
    3 -->     3   1.0000000
                 1.00000
 Eigenchannel decomposition:
@    1  1.95000  1.00000
                      0.43817
                      0.55832
                      0.00350
@    2  1.95000  1.00000
                      0.43286
                      0.32857
                      0.23857
@    3  1.95000  1.00000
                      0.12897
                      0.11310
                      0.75793
E-Ef(ev), T(x2 spins) =    1.9500000   6.0000000
 Nchannels of the left tip =  3
        k1(2pi/a)    k2(2pi/a)       E-Ef (eV)

   0.2899556   0.0000000   1.8500000
   0.2899556   0.0000000   1.8500000
  -0.4321235   0.0000000   1.8500000
 to transmit
 T_ij for propagating states:
    1 -->     1   1.0000000
    1 -->     2   0.0000000
    1 -->     3   0.0000000
                 1.00000
    2 -->     1   0.0000000
    2 -->     2   1.0000000
    2 -->     3   0.0000000
                 1.00000
    3 -->     1   0.0000000
    3 -->     2   0.0000000
    3 -->     3   1.0000000
                 1.00000
 Eigenchannel decomposition:
@    1  1.85000  1.00000
                      0.12502
                      0.83004
                      0.04495
@    2  1.85000  1.00000
                      0.84088
                      0.14074
                      0.01838
@    3  1.85000  1.00000
                      0.03411
                      0.02922
                      0.93667
E-Ef(ev), T(x2 spins) =    1.8500000   6.0000000
 Nchannels of the left tip =  3
        k1(2pi/a)    k2(2pi/a)       E-Ef (eV)

   0.2827410   0.0000000   1.7500000
   0.2827410   0.0000000   1.7500000
  -0.4369960   0.0000000   1.7500000
 to transmit
 T_ij for propagating states:
    1 -->     1   1.0000000
    1 -->     2   0.0000000
    1 -->     3   0.0000000
                 1.00000
    2 -->     1   0.0000000
    2 -->     2   1.0000000
    2 -->     3   0.0000000
                 1.00000
    3 -->     1   0.0000000
    3 -->     2   0.0000000
    3 -->     3   1.0000000
                 1.00000
 Eigenchannel decomposition:
@    1  1.75000  1.00000
                      0.04234
                      0.68297
                      0.27470
@    2  1.75000  1.00000
                      0.16246
                      0.17615
                      0.66139
@    3  1.75000  1.00000
                      0.79521
                      0.14088
                      0.06391
E-Ef(ev), T(x2 spins) =    1.7500000   6.0000000
 Nchannels of the left tip =  3
        k1(2pi/a)    k2(2pi/a)       E-Ef (eV)

   0.2753378   0.0000000   1.6500000
   0.2753378   0.0000000   1.6500000
  -0.4420148   0.0000000   1.6500000
 to transmit
 T_ij for propagating states:
    1 -->     1   1.0000000
    1 -->     2   0.0000000
    1 -->     3   0.0000000
                 1.00000
    2 -->     1   0.0000000
    2 -->     2   1.0000000
    2 -->     3   0.0000000
                 1.00000
    3 -->     1   0.0000000
    3 -->     2   0.0000000
    3 -->     3   1.0000000
                 1.00000
 Eigenchannel decomposition:
@    1  1.65000  1.00000
                      0.27881
                      0.71815
                      0.00303
@    2  1.65000  1.00000
                      0.67326
                      0.25767
                      0.06907
@    3  1.65000  1.00000
                      0.04793
                      0.02417
                      0.92790
E-Ef(ev), T(x2 spins) =    1.6500000   6.0000000
 Nchannels of the left tip =  3
        k1(2pi/a)    k2(2pi/a)       E-Ef (eV)

   0.2677301   0.0000000   1.5500000
   0.2677301   0.0000000   1.5500000
  -0.4472220   0.0000000   1.5500000
 to transmit
 T_ij for propagating states:
    1 -->     1   1.0000000
    1 -->     2   0.0000000
    1 -->     3   0.0000000
                 1.00000
    2 -->     1   0.0000000
    2 -->     2   1.0000000
    2 -->     3   0.0000000
                 1.00000
    3 -->     1   0.0000000
    3 -->     2   0.0000000
    3 -->     3   1.0000000
                 1.00000
 Eigenchannel decomposition:
@    1  1.55000  1.00000
                      0.40707
                      0.46336
                      0.12957
@    2  1.55000  1.00000
                      0.33814
                      0.29748
                      0.36438
@    3  1.55000  1.00000
                      0.25479
                      0.23916
                      0.50605
E-Ef(ev), T(x2 spins) =    1.5500000   6.0000000
 Nchannels of the left tip =  3
        k1(2pi/a)    k2(2pi/a)       E-Ef (eV)

   0.2599000   0.0000000   1.4500000
   0.2599000   0.0000000   1.4500000
  -0.4526794   0.0000000   1.4500000
 to transmit
 T_ij for propagating states:
    1 -->     1   1.0000000
    1 -->     2   0.0000000
    1 -->     3   0.0000000
                 1.00000
    2 -->     1   0.0000000
    2 -->     2   1.0000000
    2 -->     3   0.0000000
                 1.00000
    3 -->     1   0.0000000
    3 -->     2   0.0000000
    3 -->     3   1.0000000
                 1.00000
 Eigenchannel decomposition:
@    1  1.45000  1.00000
                      0.41645
                      0.58253
                      0.00101
@    2  1.45000  1.00000
                      0.54499
                      0.38765
                      0.06736
@    3  1.45000  1.00000
                      0.03855
                      0.02982
                      0.93162
E-Ef(ev), T(x2 spins) =    1.4500000   6.0000000
 Nchannels of the left tip =  3
        k1(2pi/a)    k2(2pi/a)       E-Ef (eV)

   0.2518266   0.0000000   1.3500000
   0.2518266   0.0000000   1.3500000
  -0.4584847   0.0000000   1.3500000
 to transmit
 T_ij for propagating states:
    1 -->     1   1.0000000
    1 -->     2   0.0000000
    1 -->     3   0.0000000
                 1.00000
    2 -->     1   0.0000000
    2 -->     2   1.0000000
    2 -->     3   0.0000000
                 1.00000
    3 -->     1   0.0000000
    3 -->     2   0.0000000
    3 -->     3   1.0000000
                 1.00000
 Eigenchannel decomposition:
@    1  1.35000  1.00000
                      0.44560
                      0.27864
                      0.27576
@    2  1.35000  1.00000
                      0.22644
                      0.13017
                      0.64339
@    3  1.35000  1.00000
                      0.32796
                      0.59119
                      0.08085
E-Ef(ev), T(x2 spins) =    1.3500000   6.0000000
 Nchannels of the left tip =  3
        k1(2pi/a)    k2(2pi/a)       E-Ef (eV)

   0.2434857   0.0000000   1.2500000
   0.2434857   0.0000000   1.2500000
  -0.4648079   0.0000000   1.2500000
 to transmit
 T_ij for propagating states:
    1 -->     1   1.0000000
    1 -->     2   0.0000000
    1 -->     3   0.0000000
                 1.00000
    2 -->     1   0.0000000
    2 -->     2   1.0000000
    2 -->     3   0.0000000
                 1.00000
    3 -->     1   0.0000000
    3 -->     2   0.0000000
    3 -->     3   1.0000000
                 1.00000
 Eigenchannel decomposition:
@    1  1.25000  1.00000
                      0.82245
                      0.16292
                      0.01462
@    2  1.25000  1.00000
                      0.08657
                      0.55795
                      0.35547
@    3  1.25000  1.00000
                      0.09097
                      0.27912
                      0.62990
E-Ef(ev), T(x2 spins) =    1.2500000   6.0000000
 Nchannels of the left tip =  3
        k1(2pi/a)    k2(2pi/a)       E-Ef (eV)

   0.2348488   0.0000000   1.1500000
   0.2348488   0.0000000   1.1500000
  -0.4719948   0.0000000   1.1500000
 to transmit
 T_ij for propagating states:
    1 -->     1   1.0000000
    1 -->     2   0.0000000
    1 -->     3   0.0000000
                 1.00000
    2 -->     1   0.0000000
    2 -->     2   1.0000000
    2 -->     3   0.0000000
                 1.00000
    3 -->     1   0.0000000
    3 -->     2   0.0000000
    3 -->     3   1.0000000
                 1.00000
 Eigenchannel decomposition:
@    1  1.15000  1.00000
                      0.25893
                      0.73650
                      0.00457
@    2  1.15000  1.00000
                      0.31013
                      0.09818
                      0.59169
@    3  1.15000  1.00000
                      0.43093
                      0.16533
                      0.40374
E-Ef(ev), T(x2 spins) =    1.1500000   6.0000000
 Nchannels of the left tip =  3
        k1(2pi/a)    k2(2pi/a)       E-Ef (eV)

   0.2258817   0.0000000   1.0500000
   0.2258817   0.0000000   1.0500000
  -0.4809961   0.0000000   1.0500000
 to transmit
 T_ij for propagating states:
    1 -->     1   1.0000000
    1 -->     2   0.0000000
    1 -->     3   0.0000000
                 1.00000
    2 -->     1   0.0000000
    2 -->     2   1.0000000
    2 -->     3   0.0000000
                 1.00000
    3 -->     1   0.0000000
    3 -->     2   0.0000000
    3 -->     3   1.0000000
                 1.00000
 Eigenchannel decomposition:
@    1  1.05000  1.00000
                      0.04651
                      0.78074
                      0.17275
@    2  1.05000  1.00000
                      0.06895
                      0.17311
                      0.75794
@    3  1.05000  1.00000
                      0.88455
                      0.04615
                      0.06931
E-Ef(ev), T(x2 spins) =    1.0500000   6.0000000
 Nchannels of the left tip =  2
        k1(2pi/a)    k2(2pi/a)       E-Ef (eV)

   0.2165435   0.0000000   0.9500000
   0.2165435   0.0000000   0.9500000
 to transmit
 T_ij for propagating states:
    1 -->     1   1.0000000
    1 -->     2   0.0000000
                 1.00000
    2 -->     1   0.0000000
    2 -->     2   1.0000000
                 1.00000
 Eigenchannel decomposition:
@    1  0.95000  1.00000
                      0.25495
                      0.74505
@    2  0.95000  1.00000
                      0.74505
                      0.25495
E-Ef(ev), T(x2 spins) =    0.9500000   4.0000000
 Nchannels of the left tip =  2
        k1(2pi/a)    k2(2pi/a)       E-Ef (eV)

   0.2067838   0.0000000   0.8500000
   0.2067838   0.0000000   0.8500000
 to transmit
 T_ij for propagating states:
    1 -->     1   1.0000000
    1 -->     2   0.0000000
                 1.00000
    2 -->     1   0.0000000
    2 -->     2   1.0000000
                 1.00000
 Eigenchannel decomposition:
@    1  0.85000  1.00000
                      0.09215
                      0.90785
@    2  0.85000  1.00000
                      0.90785
                      0.09215
E-Ef(ev), T(x2 spins) =    0.8500000   4.0000000
 Nchannels of the left tip =  2
        k1(2pi/a)    k2(2pi/a)       E-Ef (eV)

   0.1965398   0.0000000   0.7500000
   0.1965398   0.0000000   0.7500000
 to transmit
 T_ij for propagating states:
    1 -->     1   1.0000000
    1 -->     2   0.0000000
                 1.00000
    2 -->     1   0.0000000
    2 -->     2   1.0000000
                 1.00000
 Eigenchannel decomposition:
@    1  0.75000  1.00000
                      0.17547
                      0.82453
@    2  0.75000  1.00000
                      0.82453
                      0.17547
E-Ef(ev), T(x2 spins) =    0.7500000   4.0000000
 Nchannels of the left tip =  2
        k1(2pi/a)    k2(2pi/a)       E-Ef (eV)

   0.1857313   0.0000000   0.6500000
   0.1857313   0.0000000   0.6500000
 to transmit
 T_ij for propagating states:
    1 -->     1   1.0000000
    1 -->     2   0.0000000
                 1.00000
    2 -->     1   0.0000000
    2 -->     2   1.0000000
                 1.00000
 Eigenchannel decomposition:
@    1  0.65000  1.00000
                      0.12523
                      0.87477
@    2  0.65000  1.00000
                      0.87477
                      0.12523
E-Ef(ev), T(x2 spins) =    0.6500000   4.0000000
 Nchannels of the left tip =  2
        k1(2pi/a)    k2(2pi/a)       E-Ef (eV)

   0.1742533   0.0000000   0.5500000
   0.1742533   0.0000000   0.5500000
 to transmit
 T_ij for propagating states:
    1 -->     1   1.0000000
    1 -->     2   0.0000000
                 1.00000
    2 -->     1   0.0000000
    2 -->     2   1.0000000
                 1.00000
 Eigenchannel decomposition:
@    1  0.55000  1.00000
                      0.20303
                      0.79697
@    2  0.55000  1.00000
                      0.79697
                      0.20303
E-Ef(ev), T(x2 spins) =    0.5500000   4.0000000
 Nchannels of the left tip =  2
        k1(2pi/a)    k2(2pi/a)       E-Ef (eV)

   0.1619636   0.0000000   0.4500000
   0.1619636   0.0000000   0.4500000
 to transmit
 T_ij for propagating states:
    1 -->     1   1.0000000
    1 -->     2   0.0000000
                 1.00000
    2 -->     1   0.0000000
    2 -->     2   1.0000000
                 1.00000
 Eigenchannel decomposition:
@    1  0.45000  1.00000
                      0.05342
                      0.94658
@    2  0.45000  1.00000
                      0.94658
                      0.05342
E-Ef(ev), T(x2 spins) =    0.4500000   4.0000000
 Nchannels of the left tip =  2
        k1(2pi/a)    k2(2pi/a)       E-Ef (eV)

   0.1486607   0.0000000   0.3500000
   0.1486607   0.0000000   0.3500000
 to transmit
 T_ij for propagating states:
    1 -->     1   1.0000000
    1 -->     2   0.0000000
                 1.00000
    2 -->     1   0.0000000
    2 -->     2   1.0000000
                 1.00000
 Eigenchannel decomposition:
@    1  0.35000  1.00000
                      0.11705
                      0.88295
@    2  0.35000  1.00000
                      0.88295
                      0.11705
E-Ef(ev), T(x2 spins) =    0.3500000   4.0000000
 Nchannels of the left tip =  2
        k1(2pi/a)    k2(2pi/a)       E-Ef (eV)

   0.1340434   0.0000000   0.2500000
   0.1340434   0.0000000   0.2500000
 to transmit
 T_ij for propagating states:
    1 -->     1   1.0000000
    1 -->     2   0.0000000
                 1.00000
    2 -->     1   0.0000000
    2 -->     2   1.0000000
                 1.00000
 Eigenchannel decomposition:
@    1  0.25000  1.00000
                      0.16008
                      0.83992
@    2  0.25000  1.00000
                      0.83992
                      0.16008
E-Ef(ev), T(x2 spins) =    0.2500000   4.0000000
 Nchannels of the left tip =  2
        k1(2pi/a)    k2(2pi/a)       E-Ef (eV)

   0.1176227   0.0000000   0.1500000
   0.1176227   0.0000000   0.1500000
 to transmit
 T_ij for propagating states:
    1 -->     1   1.0000000
    1 -->     2   0.0000000
                 1.00000
    2 -->     1   0.0000000
    2 -->     2   1.0000000
                 1.00000
 Eigenchannel decomposition:
@    1  0.15000  1.00000
                      0.15874
                      0.84126
@    2  0.15000  1.00000
                      0.84126
                      0.15874
E-Ef(ev), T(x2 spins) =    0.1500000   4.0000000
 Nchannels of the left tip =  2
        k1(2pi/a)    k2(2pi/a)       E-Ef (eV)

   0.0985006   0.0000000   0.0500000
   0.0985006   0.0000000   0.0500000
 to transmit
 T_ij for propagating states:
    1 -->     1   1.0000000
    1 -->     2   0.0000000
                 1.00000
    2 -->     1   0.0000000
    2 -->     2   1.0000000
                 1.00000
 Eigenchannel decomposition:
@    1  0.05000  1.00000
                      0.02735
                      0.97265
@    2  0.05000  1.00000
                      0.97265
                      0.02735
E-Ef(ev), T(x2 spins) =    0.0500000   4.0000000
 Nchannels of the left tip =  2
        k1(2pi/a)    k2(2pi/a)       E-Ef (eV)

   0.0746287   0.0000000  -0.0500000
   0.0746287   0.0000000  -0.0500000
 to transmit
 T_ij for propagating states:
    1 -->     1   1.0000000
    1 -->     2   0.0000000
                 1.00000
    2 -->     1   0.0000000
    2 -->     2   1.0000000
                 1.00000
 Eigenchannel decomposition:
@    1 -0.05000  1.00000
                      0.19151
                      0.80849
@    2 -0.05000  1.00000
                      0.80849
                      0.19151
E-Ef(ev), T(x2 spins) =   -0.0500000   4.0000000
 Nchannels of the left tip =  2
        k1(2pi/a)    k2(2pi/a)       E-Ef (eV)

   0.0378989   0.0000000  -0.1500000
   0.0378989   0.0000000  -0.1500000
 to transmit
 T_ij for propagating states:
    1 -->     1   1.0000000
    1 -->     2   0.0000000
                 1.00000
    2 -->     1   0.0000000
    2 -->     2   1.0000000
                 1.00000
 Eigenchannel decomposition:
@    1 -0.15000  1.00000
                      0.37544
                      0.62456
@    2 -0.15000  1.00000
                      0.62456
                      0.37544
E-Ef(ev), T(x2 spins) =   -0.1500000   4.0000000
 Nchannels of the left tip =  0
        k1(2pi/a)    k2(2pi/a)       E-Ef (eV)

 to transmit
          E-Ef(ev), T =   -0.2500000   0.0000000
 Nchannels of the left tip =  0
        k1(2pi/a)    k2(2pi/a)       E-Ef (eV)

 to transmit
          E-Ef(ev), T =   -0.3500000   0.0000000
 Nchannels of the left tip =  0
        k1(2pi/a)    k2(2pi/a)       E-Ef (eV)

 to transmit
          E-Ef(ev), T =   -0.4500000   0.0000000
 Nchannels of the left tip =  0
        k1(2pi/a)    k2(2pi/a)       E-Ef (eV)

 to transmit
          E-Ef(ev), T =   -0.5500000   0.0000000
 Nchannels of the left tip =  0
        k1(2pi/a)    k2(2pi/a)       E-Ef (eV)

 to transmit
          E-Ef(ev), T =   -0.6500000   0.0000000
 Nchannels of the left tip =  0
        k1(2pi/a)    k2(2pi/a)       E-Ef (eV)

 to transmit
          E-Ef(ev), T =   -0.7500000   0.0000000
 Nchannels of the left tip =  0
        k1(2pi/a)    k2(2pi/a)       E-Ef (eV)

 to transmit
          E-Ef(ev), T =   -0.8500000   0.0000000
 Nchannels of the left tip =  0
        k1(2pi/a)    k2(2pi/a)       E-Ef (eV)

 to transmit
          E-Ef(ev), T =   -0.9500000   0.0000000
 Nchannels of the left tip =  0
        k1(2pi/a)    k2(2pi/a)       E-Ef (eV)

 to transmit
          E-Ef(ev), T =   -1.0500000   0.0000000
 Nchannels of the left tip =  0
        k1(2pi/a)    k2(2pi/a)       E-Ef (eV)

 to transmit
          E-Ef(ev), T =   -1.1500000   0.0000000
 Nchannels of the left tip =  1
        k1(2pi/a)    k2(2pi/a)       E-Ef (eV)

   0.4871559   0.0000000  -1.2500000
 to transmit
 T_ij for propagating states:
    1 -->     1   1.0000000
                 1.00000
 Eigenchannel decomposition:
@    1 -1.25000  1.00000
                      1.00000
E-Ef(ev), T(x2 spins) =   -1.2500000   2.0000000
 Nchannels of the left tip =  1
        k1(2pi/a)    k2(2pi/a)       E-Ef (eV)

   0.4747895   0.0000000  -1.3500000
 to transmit
 T_ij for propagating states:
    1 -->     1   1.0000000
                 1.00000
 Eigenchannel decomposition:
@    1 -1.35000  1.00000
                      1.00000
E-Ef(ev), T(x2 spins) =   -1.3500000   2.0000000
 Nchannels of the left tip =  1
        k1(2pi/a)    k2(2pi/a)       E-Ef (eV)

   0.4660343   0.0000000  -1.4500000
 to transmit
 T_ij for propagating states:
    1 -->     1   1.0000000
                 1.00000
 Eigenchannel decomposition:
@    1 -1.45000  1.00000
                      1.00000
E-Ef(ev), T(x2 spins) =   -1.4500000   2.0000000
 Nchannels of the left tip =  1
        k1(2pi/a)    k2(2pi/a)       E-Ef (eV)

   0.4585209   0.0000000  -1.5500000
 to transmit
 T_ij for propagating states:
    1 -->     1   1.0000000
                 1.00000
 Eigenchannel decomposition:
@    1 -1.55000  1.00000
                      1.00000
E-Ef(ev), T(x2 spins) =   -1.5500000   2.0000000
 Nchannels of the left tip =  1
        k1(2pi/a)    k2(2pi/a)       E-Ef (eV)

   0.4516532   0.0000000  -1.6500000
 to transmit
 T_ij for propagating states:
    1 -->     1   1.0000000
                 1.00000
 Eigenchannel decomposition:
@    1 -1.65000  1.00000
                      1.00000
E-Ef(ev), T(x2 spins) =   -1.6500000   2.0000000
 Nchannels of the left tip =  1
        k1(2pi/a)    k2(2pi/a)       E-Ef (eV)

   0.4451751   0.0000000  -1.7500000
 to transmit
 T_ij for propagating states:
    1 -->     1   1.0000000
                 1.00000
 Eigenchannel decomposition:
@    1 -1.75000  1.00000
                      1.00000
E-Ef(ev), T(x2 spins) =   -1.7500000   2.0000000
 Nchannels of the left tip =  1
        k1(2pi/a)    k2(2pi/a)       E-Ef (eV)

   0.4389506   0.0000000  -1.8500000
 to transmit
 T_ij for propagating states:
    1 -->     1   1.0000000
                 1.00000
 Eigenchannel decomposition:
@    1 -1.85000  1.00000
                      1.00000
E-Ef(ev), T(x2 spins) =   -1.8500000   2.0000000
 Nchannels of the left tip =  1
        k1(2pi/a)    k2(2pi/a)       E-Ef (eV)

   0.4328973   0.0000000  -1.9500000
 to transmit
 T_ij for propagating states:
    1 -->     1   1.0000000
                 1.00000
 Eigenchannel decomposition:
@    1 -1.95000  1.00000
                      1.00000
E-Ef(ev), T(x2 spins) =   -1.9500000   2.0000000
 Nchannels of the left tip =  1
        k1(2pi/a)    k2(2pi/a)       E-Ef (eV)

   0.4269616   0.0000000  -2.0500000
 to transmit
 T_ij for propagating states:
    1 -->     1   1.0000000
                 1.00000
 Eigenchannel decomposition:
@    1 -2.05000  1.00000
                      1.00000
E-Ef(ev), T(x2 spins) =   -2.0500000   2.0000000
 Nchannels of the left tip =  1
        k1(2pi/a)    k2(2pi/a)       E-Ef (eV)

   0.4211057   0.0000000  -2.1500000
 to transmit
 T_ij for propagating states:
    1 -->     1   1.0000000
                 1.00000
 Eigenchannel decomposition:
@    1 -2.15000  1.00000
                      1.00000
E-Ef(ev), T(x2 spins) =   -2.1500000   2.0000000
 Nchannels of the left tip =  1
        k1(2pi/a)    k2(2pi/a)       E-Ef (eV)

   0.4153022   0.0000000  -2.2500000
 to transmit
 T_ij for propagating states:
    1 -->     1   1.0000000
                 1.00000
 Eigenchannel decomposition:
@    1 -2.25000  1.00000
                      1.00000
E-Ef(ev), T(x2 spins) =   -2.2500000   2.0000000
 Nchannels of the left tip =  1
        k1(2pi/a)    k2(2pi/a)       E-Ef (eV)

   0.4095301   0.0000000  -2.3500000
 to transmit
 T_ij for propagating states:
    1 -->     1   1.0000000
                 1.00000
 Eigenchannel decomposition:
@    1 -2.35000  1.00000
                      1.00000
E-Ef(ev), T(x2 spins) =   -2.3500000   2.0000000
 Nchannels of the left tip =  1
        k1(2pi/a)    k2(2pi/a)       E-Ef (eV)

   0.4037730   0.0000000  -2.4500000
 to transmit
 T_ij for propagating states:
    1 -->     1   1.0000000
                 1.00000
 Eigenchannel decomposition:
@    1 -2.45000  1.00000
                      1.00000
E-Ef(ev), T(x2 spins) =   -2.4500000   2.0000000
 Nchannels of the left tip =  1
        k1(2pi/a)    k2(2pi/a)       E-Ef (eV)

   0.3980172   0.0000000  -2.5500000
 to transmit
 T_ij for propagating states:
    1 -->     1   1.0000000
                 1.00000
 Eigenchannel decomposition:
@    1 -2.55000  1.00000
                      1.00000
E-Ef(ev), T(x2 spins) =   -2.5500000   2.0000000
 Nchannels of the left tip =  1
        k1(2pi/a)    k2(2pi/a)       E-Ef (eV)

   0.3922517   0.0000000  -2.6500000
 to transmit
 T_ij for propagating states:
    1 -->     1   1.0000000
                 1.00000
 Eigenchannel decomposition:
@    1 -2.65000  1.00000
                      1.00000
E-Ef(ev), T(x2 spins) =   -2.6500000   2.0000000
 Nchannels of the left tip =  1
        k1(2pi/a)    k2(2pi/a)       E-Ef (eV)

   0.3864666   0.0000000  -2.7500000
 to transmit
 T_ij for propagating states:
    1 -->     1   1.0000000
                 1.00000
 Eigenchannel decomposition:
@    1 -2.75000  1.00000
                      1.00000
E-Ef(ev), T(x2 spins) =   -2.7500000   2.0000000
 Nchannels of the left tip =  1
        k1(2pi/a)    k2(2pi/a)       E-Ef (eV)

   0.3806534   0.0000000  -2.8500000
 to transmit
 T_ij for propagating states:
    1 -->     1   1.0000000
                 1.00000
 Eigenchannel decomposition:
@    1 -2.85000  1.00000
                      1.00000
E-Ef(ev), T(x2 spins) =   -2.8500000   2.0000000
 Nchannels of the left tip =  1
        k1(2pi/a)    k2(2pi/a)       E-Ef (eV)

   0.3748044   0.0000000  -2.9500000
 to transmit
 T_ij for propagating states:
    1 -->     1   1.0000000
                 1.00000
 Eigenchannel decomposition:
@    1 -2.95000  1.00000
                      1.00000
E-Ef(ev), T(x2 spins) =   -2.9500000   2.0000000
 Nchannels of the left tip =  1
        k1(2pi/a)    k2(2pi/a)       E-Ef (eV)

   0.3689124   0.0000000  -3.0500000
 to transmit
 T_ij for propagating states:
    1 -->     1   1.0000000
                 1.00000
 Eigenchannel decomposition:
@    1 -3.05000  1.00000
                      1.00000
E-Ef(ev), T(x2 spins) =   -3.0500000   2.0000000
 Nchannels of the left tip =  1
        k1(2pi/a)    k2(2pi/a)       E-Ef (eV)

   0.3629707   0.0000000  -3.1500000
 to transmit
 T_ij for propagating states:
    1 -->     1   1.0000000
                 1.00000
 Eigenchannel decomposition:
@    1 -3.15000  1.00000
                      1.00000
E-Ef(ev), T(x2 spins) =   -3.1500000   2.0000000
 Nchannels of the left tip =  1
        k1(2pi/a)    k2(2pi/a)       E-Ef (eV)

   0.3569727   0.0000000  -3.2500000
 to transmit
 T_ij for propagating states:
    1 -->     1   1.0000000
                 1.00000
 Eigenchannel decomposition:
@    1 -3.25000  1.00000
                      1.00000
E-Ef(ev), T(x2 spins) =   -3.2500000   2.0000000
 Nchannels of the left tip =  1
        k1(2pi/a)    k2(2pi/a)       E-Ef (eV)

   0.3509120   0.0000000  -3.3500000
 to transmit
 T_ij for propagating states:
    1 -->     1   1.0000000
                 1.00000
 Eigenchannel decomposition:
@    1 -3.35000  1.00000
                      1.00000
E-Ef(ev), T(x2 spins) =   -3.3500000   2.0000000
 Nchannels of the left tip =  1
        k1(2pi/a)    k2(2pi/a)       E-Ef (eV)

   0.3447823   0.0000000  -3.4500000
 to transmit
 T_ij for propagating states:
    1 -->     1   1.0000000
                 1.00000
 Eigenchannel decomposition:
@    1 -3.45000  1.00000
                      1.00000
E-Ef(ev), T(x2 spins) =   -3.4500000   2.0000000
 Nchannels of the left tip =  1
        k1(2pi/a)    k2(2pi/a)       E-Ef (eV)

   0.3385771   0.0000000  -3.5500000
 to transmit
 T_ij for propagating states:
    1 -->     1   1.0000000
                 1.00000
 Eigenchannel decomposition:
@    1 -3.55000  1.00000
                      1.00000
E-Ef(ev), T(x2 spins) =   -3.5500000   2.0000000
 Nchannels of the left tip =  1
        k1(2pi/a)    k2(2pi/a)       E-Ef (eV)

   0.3322897   0.0000000  -3.6500000
 to transmit
 T_ij for propagating states:
    1 -->     1   1.0000000
                 1.00000
 Eigenchannel decomposition:
@    1 -3.65000  1.00000
                      1.00000
E-Ef(ev), T(x2 spins) =   -3.6500000   2.0000000
 Nchannels of the left tip =  1
        k1(2pi/a)    k2(2pi/a)       E-Ef (eV)

   0.3259133   0.0000000  -3.7500000
 to transmit
 T_ij for propagating states:
    1 -->     1   1.0000000
                 1.00000
 Eigenchannel decomposition:
@    1 -3.75000  1.00000
                      1.00000
E-Ef(ev), T(x2 spins) =   -3.7500000   2.0000000
 Nchannels of the left tip =  1
        k1(2pi/a)    k2(2pi/a)       E-Ef (eV)

   0.3194404   0.0000000  -3.8500000
 to transmit
 T_ij for propagating states:
    1 -->     1   1.0000000
                 1.00000
 Eigenchannel decomposition:
@    1 -3.85000  1.00000
                      1.00000
E-Ef(ev), T(x2 spins) =   -3.8500000   2.0000000
 Nchannels of the left tip =  1
        k1(2pi/a)    k2(2pi/a)       E-Ef (eV)

   0.3128635   0.0000000  -3.9500000
 to transmit
 T_ij for propagating states:
    1 -->     1   1.0000000
                 1.00000
 Eigenchannel decomposition:
@    1 -3.95000  1.00000
                      1.00000
E-Ef(ev), T(x2 spins) =   -3.9500000   2.0000000
 Nchannels of the left tip =  1
        k1(2pi/a)    k2(2pi/a)       E-Ef (eV)

   0.3061742   0.0000000  -4.0500000
 to transmit
 T_ij for propagating states:
    1 -->     1   1.0000000
                 1.00000
 Eigenchannel decomposition:
@    1 -4.05000  1.00000
                      1.00000
E-Ef(ev), T(x2 spins) =   -4.0500000   2.0000000
 Nchannels of the left tip =  1
        k1(2pi/a)    k2(2pi/a)       E-Ef (eV)

   0.2993635   0.0000000  -4.1500000
 to transmit
 T_ij for propagating states:
    1 -->     1   1.0000000
                 1.00000
 Eigenchannel decomposition:
@    1 -4.15000  1.00000
                      1.00000
E-Ef(ev), T(x2 spins) =   -4.1500000   2.0000000
 Nchannels of the left tip =  1
        k1(2pi/a)    k2(2pi/a)       E-Ef (eV)

   0.2924216   0.0000000  -4.2500000
 to transmit
 T_ij for propagating states:
    1 -->     1   1.0000000
                 1.00000
 Eigenchannel decomposition:
@    1 -4.25000  1.00000
                      1.00000
E-Ef(ev), T(x2 spins) =   -4.2500000   2.0000000
 Nchannels of the left tip =  1
        k1(2pi/a)    k2(2pi/a)       E-Ef (eV)

   0.2853377   0.0000000  -4.3500000
 to transmit
 T_ij for propagating states:
    1 -->     1   1.0000000
                 1.00000
 Eigenchannel decomposition:
@    1 -4.35000  1.00000
                      1.00000
E-Ef(ev), T(x2 spins) =   -4.3500000   2.0000000
 Nchannels of the left tip =  1
        k1(2pi/a)    k2(2pi/a)       E-Ef (eV)

   0.2780999   0.0000000  -4.4500000
 to transmit
 T_ij for propagating states:
    1 -->     1   1.0000000
                 1.00000
 Eigenchannel decomposition:
@    1 -4.45000  1.00000
                      1.00000
E-Ef(ev), T(x2 spins) =   -4.4500000   2.0000000
 Nchannels of the left tip =  1
        k1(2pi/a)    k2(2pi/a)       E-Ef (eV)

   0.2706946   0.0000000  -4.5500000
 to transmit
 T_ij for propagating states:
    1 -->     1   1.0000000
                 1.00000
 Eigenchannel decomposition:
@    1 -4.55000  1.00000
                      1.00000
E-Ef(ev), T(x2 spins) =   -4.5500000   2.0000000
 Nchannels of the left tip =  1
        k1(2pi/a)    k2(2pi/a)       E-Ef (eV)

   0.2631068   0.0000000  -4.6500000
 to transmit
 T_ij for propagating states:
    1 -->     1   1.0000000
                 1.00000
 Eigenchannel decomposition:
@    1 -4.65000  1.00000
                      1.00000
E-Ef(ev), T(x2 spins) =   -4.6500000   2.0000000
 Nchannels of the left tip =  1
        k1(2pi/a)    k2(2pi/a)       E-Ef (eV)

   0.2553194   0.0000000  -4.7500000
 to transmit
 T_ij for propagating states:
    1 -->     1   1.0000000
                 1.00000
 Eigenchannel decomposition:
@    1 -4.75000  1.00000
                      1.00000
E-Ef(ev), T(x2 spins) =   -4.7500000   2.0000000
 Nchannels of the left tip =  1
        k1(2pi/a)    k2(2pi/a)       E-Ef (eV)

   0.2473125   0.0000000  -4.8500000
 to transmit
 T_ij for propagating states:
    1 -->     1   1.0000000
                 1.00000
 Eigenchannel decomposition:
@    1 -4.85000  1.00000
                      1.00000
E-Ef(ev), T(x2 spins) =   -4.8500000   2.0000000
 Nchannels of the left tip =  1
        k1(2pi/a)    k2(2pi/a)       E-Ef (eV)

   0.2390634   0.0000000  -4.9500000
 to transmit
 T_ij for propagating states:
    1 -->     1   1.0000000
                 1.00000
 Eigenchannel decomposition:
@    1 -4.95000  1.00000
                      1.00000
E-Ef(ev), T(x2 spins) =   -4.9500000   2.0000000
 Nchannels of the left tip =  1
        k1(2pi/a)    k2(2pi/a)       E-Ef (eV)

   0.2305453   0.0000000  -5.0500000
 to transmit
 T_ij for propagating states:
    1 -->     1   1.0000000
                 1.00000
 Eigenchannel decomposition:
@    1 -5.05000  1.00000
                      1.00000
E-Ef(ev), T(x2 spins) =   -5.0500000   2.0000000
 Nchannels of the left tip =  1
        k1(2pi/a)    k2(2pi/a)       E-Ef (eV)

   0.2217263   0.0000000  -5.1500000
 to transmit
 T_ij for propagating states:
    1 -->     1   1.0000000
                 1.00000
 Eigenchannel decomposition:
@    1 -5.15000  1.00000
                      1.00000
E-Ef(ev), T(x2 spins) =   -5.1500000   2.0000000
 Nchannels of the left tip =  1
        k1(2pi/a)    k2(2pi/a)       E-Ef (eV)

   0.2125684   0.0000000  -5.2500000
 to transmit
 T_ij for propagating states:
    1 -->     1   1.0000000
                 1.00000
 Eigenchannel decomposition:
@    1 -5.25000  1.00000
                      1.00000
E-Ef(ev), T(x2 spins) =   -5.2500000   2.0000000
 Nchannels of the left tip =  1
        k1(2pi/a)    k2(2pi/a)       E-Ef (eV)

   0.2030251   0.0000000  -5.3500000
 to transmit
 T_ij for propagating states:
    1 -->     1   1.0000000
                 1.00000
 Eigenchannel decomposition:
@    1 -5.35000  1.00000
                      1.00000
E-Ef(ev), T(x2 spins) =   -5.3500000   2.0000000
 Nchannels of the left tip =  1
        k1(2pi/a)    k2(2pi/a)       E-Ef (eV)

   0.1930385   0.0000000  -5.4500000
 to transmit
 T_ij for propagating states:
    1 -->     1   1.0000000
                 1.00000
 Eigenchannel decomposition:
@    1 -5.45000  1.00000
                      1.00000
E-Ef(ev), T(x2 spins) =   -5.4500000   2.0000000
 Nchannels of the left tip =  1
        k1(2pi/a)    k2(2pi/a)       E-Ef (eV)

   0.1825354   0.0000000  -5.5500000
 to transmit
 T_ij for propagating states:
    1 -->     1   1.0000000
                 1.00000
 Eigenchannel decomposition:
@    1 -5.55000  1.00000
                      1.00000
E-Ef(ev), T(x2 spins) =   -5.5500000   2.0000000
 Nchannels of the left tip =  1
        k1(2pi/a)    k2(2pi/a)       E-Ef (eV)

   0.1714199   0.0000000  -5.6500000
 to transmit
 T_ij for propagating states:
    1 -->     1   1.0000000
                 1.00000
 Eigenchannel decomposition:
@    1 -5.65000  1.00000
                      1.00000
E-Ef(ev), T(x2 spins) =   -5.6500000   2.0000000
 Nchannels of the left tip =  1
        k1(2pi/a)    k2(2pi/a)       E-Ef (eV)

   0.1595637   0.0000000  -5.7500000
 to transmit
 T_ij for propagating states:
    1 -->     1   1.0000000
                 1.00000
 Eigenchannel decomposition:
@    1 -5.75000  1.00000
                      1.00000
E-Ef(ev), T(x2 spins) =   -5.7500000   2.0000000
 Nchannels of the left tip =  1
        k1(2pi/a)    k2(2pi/a)       E-Ef (eV)

   0.1467869   0.0000000  -5.8500000
 to transmit
 T_ij for propagating states:
    1 -->     1   1.0000000
                 1.00000
 Eigenchannel decomposition:
@    1 -5.85000  1.00000
                      1.00000
E-Ef(ev), T(x2 spins) =   -5.8500000   2.0000000
 Nchannels of the left tip =  1
        k1(2pi/a)    k2(2pi/a)       E-Ef (eV)

   0.1328232   0.0000000  -5.9500000
 to transmit
 T_ij for propagating states:
    1 -->     1   1.0000000
                 1.00000
 Eigenchannel decomposition:
@    1 -5.95000  1.00000
                      1.00000
E-Ef(ev), T(x2 spins) =   -5.9500000   2.0000000
 Nchannels of the left tip =  1
        k1(2pi/a)    k2(2pi/a)       E-Ef (eV)

   0.1172490   0.0000000  -6.0500000
 to transmit
 T_ij for propagating states:
    1 -->     1   1.0000000
                 1.00000
 Eigenchannel decomposition:
@    1 -6.05000  1.00000
                      1.00000
E-Ef(ev), T(x2 spins) =   -6.0500000   2.0000000
 Nchannels of the left tip =  1
        k1(2pi/a)    k2(2pi/a)       E-Ef (eV)

   0.0993082   0.0000000  -6.1500000
 to transmit
 T_ij for propagating states:
    1 -->     1   1.0000000
                 1.00000
 Eigenchannel decomposition:
@    1 -6.15000  1.00000
                      1.00000
E-Ef(ev), T(x2 spins) =   -6.1500000   2.0000000
 Nchannels of the left tip =  1
        k1(2pi/a)    k2(2pi/a)       E-Ef (eV)

   0.0773713   0.0000000  -6.2500000
 to transmit
 T_ij for propagating states:
    1 -->     1   1.0000000
                 1.00000
 Eigenchannel decomposition:
@    1 -6.25000  1.00000
                      1.00000
E-Ef(ev), T(x2 spins) =   -6.2500000   2.0000000
 Nchannels of the left tip =  1
        k1(2pi/a)    k2(2pi/a)       E-Ef (eV)

   0.0460408   0.0000000  -6.3500000
 to transmit
 T_ij for propagating states:
    1 -->     1   1.0000000
                 1.00000
 Eigenchannel decomposition:
@    1 -6.35000  1.00000
                      1.00000
E-Ef(ev), T(x2 spins) =   -6.3500000   2.0000000
 Nchannels of the left tip =  0
        k1(2pi/a)    k2(2pi/a)       E-Ef (eV)

 to transmit
          E-Ef(ev), T =   -6.4500000   0.0000000
 Nchannels of the left tip =  0
        k1(2pi/a)    k2(2pi/a)       E-Ef (eV)

 to transmit
          E-Ef(ev), T =   -6.5500000   0.0000000
 Nchannels of the left tip =  0
        k1(2pi/a)    k2(2pi/a)       E-Ef (eV)

 to transmit
          E-Ef(ev), T =   -6.6500000   0.0000000
 Nchannels of the left tip =  0
        k1(2pi/a)    k2(2pi/a)       E-Ef (eV)

 to transmit
          E-Ef(ev), T =   -6.7500000   0.0000000
 Nchannels of the left tip =  0
        k1(2pi/a)    k2(2pi/a)       E-Ef (eV)

 to transmit
          E-Ef(ev), T =   -6.8500000   0.0000000
 Nchannels of the left tip =  0
        k1(2pi/a)    k2(2pi/a)       E-Ef (eV)

 to transmit
          E-Ef(ev), T =   -6.9500000   0.0000000

     PWCOND       :    34.47s CPU time

     init         :     0.32s CPU
     poten        :     0.03s CPU (       2 calls,   0.015 s avg)
     local        :     6.81s CPU

     scatter_forw :    22.51s CPU (     200 calls,   0.113 s avg)
     integrals    :    12.85s CPU (     200 calls,   0.064 s avg)
     rotatef      :     2.24s CPU (    2800 calls,   0.001 s avg)
     rotateb      :     1.95s CPU (    2800 calls,   0.001 s avg)
     scatter_back :     4.28s CPU (     200 calls,   0.021 s avg)

     compbs       :     4.33s CPU (     100 calls,   0.043 s avg)
     compbs_2     :     3.64s CPU (     100 calls,   0.036 s avg)

