
     Program POST-PROC v.2.1    starts ...
     Today is  2Sep2004 at 11:53:29 

     Reading file ni.save ... 
     read complete

     Reading file ni.save ... 
     read complete

     nbndx  =    14  nbnd   =    14  natomwfc =    12  npwx   =     288
     nelec  =   20.00 nkb   =    36  ngl    =     662
  warning: negative or imaginary core charge    -0.000002    0.000000
         PWCOND calculation is now starting...

  CBS calculation (ikind=0)

  left  boundary is    0.0000
  right boundary is    1.4140

     GEOMETRY:

     lattice parameter (a_0)   =       4.5700  a.u.
     the volume                =     134.9578 (a.u.)^3
     the cross section         =      20.8849 (a.u.)^2
     l of the unit cell        =       1.4140 (a_0)
     number of atoms/cell      =            2
     number of atomic types    =            1

     crystal axes: (cart. coord. in units of a_0)
               a(1) = (  1.0000  0.0000  0.0000 )  
               a(2) = (  0.0000  1.0000  0.0000 )  
               a(3) = (  0.0000  0.0000  1.4140 )  


   Cartesian axes

     site n.     atom                  positions (a_0 units)
         1           Ni  tau( 1)=(  0.0000  0.0000  1.4140  )
         2           Ni  tau( 2)=(  0.5000  0.5000  0.7070  )

     nr1s                      =           15
     nr2s                      =           15
     nr3s                      =           24
     nrx1s                     =           15
     nrx2s                     =           15
     nrx3s                     =           24
     nr1                       =           24
     nr2                       =           24
     nr3                       =           36
     nrx1                      =           24
     nrx2                      =           24
     nrx3                      =           36
     nrx                       =           15
     nry                       =           15
     nrz                       =           25
     nz1                       =           11

 _______________________________
  Radii of nonlocal spheres: 

     type       ibeta     ang. mom.          radius (a_0 units)
          Ni      1         0                    0.6067
          Ni      2         0                    0.6067
          Ni      3         1                    0.6067
          Ni      4         1                    0.6067
          Ni      5         2                    0.6067
          Ni      6         2                    0.6067

     norb                      =           54
     norbf                     =           54
     nocrosl                   =           18
     noinsl                    =           18
     noinss                    =            0
     nocrosr                   =            0
     noinsr                    =            0

     iorb  type   ibeta   ang. mom.   m       position (a_0)
       1       Ni   1        0        1   taunew(  1)=(  0.0000  0.0000  0.0000)
       2       Ni   2        0        1   taunew(  2)=(  0.0000  0.0000  0.0000)
       3       Ni   3        1        1   taunew(  3)=(  0.0000  0.0000  0.0000)
       4       Ni   3        1        2   taunew(  4)=(  0.0000  0.0000  0.0000)
       5       Ni   3        1        3   taunew(  5)=(  0.0000  0.0000  0.0000)
       6       Ni   4        1        1   taunew(  6)=(  0.0000  0.0000  0.0000)
       7       Ni   4        1        2   taunew(  7)=(  0.0000  0.0000  0.0000)
       8       Ni   4        1        3   taunew(  8)=(  0.0000  0.0000  0.0000)
       9       Ni   5        2        1   taunew(  9)=(  0.0000  0.0000  0.0000)
      10       Ni   5        2        2   taunew( 10)=(  0.0000  0.0000  0.0000)
      11       Ni   5        2        3   taunew( 11)=(  0.0000  0.0000  0.0000)
      12       Ni   5        2        4   taunew( 12)=(  0.0000  0.0000  0.0000)
      13       Ni   5        2        5   taunew( 13)=(  0.0000  0.0000  0.0000)
      14       Ni   6        2        1   taunew( 14)=(  0.0000  0.0000  0.0000)
      15       Ni   6        2        2   taunew( 15)=(  0.0000  0.0000  0.0000)
      16       Ni   6        2        3   taunew( 16)=(  0.0000  0.0000  0.0000)
      17       Ni   6        2        4   taunew( 17)=(  0.0000  0.0000  0.0000)
      18       Ni   6        2        5   taunew( 18)=(  0.0000  0.0000  0.0000)
      19       Ni   1        0        1   taunew( 19)=(  0.5000  0.5000  0.7070)
      20       Ni   2        0        1   taunew( 20)=(  0.5000  0.5000  0.7070)
      21       Ni   3        1        1   taunew( 21)=(  0.5000  0.5000  0.7070)
      22       Ni   3        1        2   taunew( 22)=(  0.5000  0.5000  0.7070)
      23       Ni   3        1        3   taunew( 23)=(  0.5000  0.5000  0.7070)
      24       Ni   4        1        1   taunew( 24)=(  0.5000  0.5000  0.7070)
      25       Ni   4        1        2   taunew( 25)=(  0.5000  0.5000  0.7070)
      26       Ni   4        1        3   taunew( 26)=(  0.5000  0.5000  0.7070)
      27       Ni   5        2        1   taunew( 27)=(  0.5000  0.5000  0.7070)
      28       Ni   5        2        2   taunew( 28)=(  0.5000  0.5000  0.7070)
      29       Ni   5        2        3   taunew( 29)=(  0.5000  0.5000  0.7070)
      30       Ni   5        2        4   taunew( 30)=(  0.5000  0.5000  0.7070)
      31       Ni   5        2        5   taunew( 31)=(  0.5000  0.5000  0.7070)
      32       Ni   6        2        1   taunew( 32)=(  0.5000  0.5000  0.7070)
      33       Ni   6        2        2   taunew( 33)=(  0.5000  0.5000  0.7070)
      34       Ni   6        2        3   taunew( 34)=(  0.5000  0.5000  0.7070)
      35       Ni   6        2        4   taunew( 35)=(  0.5000  0.5000  0.7070)
      36       Ni   6        2        5   taunew( 36)=(  0.5000  0.5000  0.7070)
      37       Ni   1        0        1   taunew( 37)=(  0.0000  0.0000  1.4140)
      38       Ni   2        0        1   taunew( 38)=(  0.0000  0.0000  1.4140)
      39       Ni   3        1        1   taunew( 39)=(  0.0000  0.0000  1.4140)
      40       Ni   3        1        2   taunew( 40)=(  0.0000  0.0000  1.4140)
      41       Ni   3        1        3   taunew( 41)=(  0.0000  0.0000  1.4140)
      42       Ni   4        1        1   taunew( 42)=(  0.0000  0.0000  1.4140)
      43       Ni   4        1        2   taunew( 43)=(  0.0000  0.0000  1.4140)
      44       Ni   4        1        3   taunew( 44)=(  0.0000  0.0000  1.4140)
      45       Ni   5        2        1   taunew( 45)=(  0.0000  0.0000  1.4140)
      46       Ni   5        2        2   taunew( 46)=(  0.0000  0.0000  1.4140)
      47       Ni   5        2        3   taunew( 47)=(  0.0000  0.0000  1.4140)
      48       Ni   5        2        4   taunew( 48)=(  0.0000  0.0000  1.4140)
      49       Ni   5        2        5   taunew( 49)=(  0.0000  0.0000  1.4140)
      50       Ni   6        2        1   taunew( 50)=(  0.0000  0.0000  1.4140)
      51       Ni   6        2        2   taunew( 51)=(  0.0000  0.0000  1.4140)
      52       Ni   6        2        3   taunew( 52)=(  0.0000  0.0000  1.4140)
      53       Ni   6        2        4   taunew( 53)=(  0.0000  0.0000  1.4140)
      54       Ni   6        2        5   taunew( 54)=(  0.0000  0.0000  1.4140)

     energy0               =         1.0E+00
     denergy               =        -1.0E+00
     nenergy               =          3
     ecut2d                =         2.5E+01
     ewind                 =         2.0E+00
     epsproj               =         1.0E-03


         Calculations are done for: 
  spin index =      2
    k slab    z(k)  z(k+1)     crossing(iorb=1,norb)
    1   0.0000 0.0566 0.0566   111111111111111111000000000000000000000000000000000000
    2   0.0566 0.1131 0.0566   111111111111111111111111111111111111000000000000000000
    3   0.1131 0.1697 0.0566   111111111111111111111111111111111111000000000000000000
    4   0.1697 0.2262 0.0566   111111111111111111111111111111111111000000000000000000
    5   0.2262 0.2828 0.0566   111111111111111111111111111111111111000000000000000000
    6   0.2828 0.3394 0.0566   111111111111111111111111111111111111000000000000000000
    7   0.3394 0.3959 0.0566   111111111111111111111111111111111111000000000000000000
    8   0.3959 0.4525 0.0566   111111111111111111111111111111111111000000000000000000
    9   0.4525 0.5090 0.0566   111111111111111111111111111111111111000000000000000000
   10   0.5090 0.5656 0.0566   111111111111111111111111111111111111000000000000000000
   11   0.5656 0.6222 0.0566   111111111111111111111111111111111111000000000000000000
   12   0.6222 0.6787 0.0566   000000000000000000111111111111111111000000000000000000
   13   0.6787 0.7353 0.0566   000000000000000000111111111111111111000000000000000000
   14   0.7353 0.7918 0.0566   000000000000000000111111111111111111000000000000000000
   15   0.7918 0.8484 0.0566   000000000000000000111111111111111111111111111111111111
   16   0.8484 0.9050 0.0566   000000000000000000111111111111111111111111111111111111
   17   0.9050 0.9615 0.0566   000000000000000000111111111111111111111111111111111111
   18   0.9615 1.0181 0.0566   000000000000000000111111111111111111111111111111111111
   19   1.0181 1.0746 0.0566   000000000000000000111111111111111111111111111111111111
   20   1.0746 1.1312 0.0566   000000000000000000111111111111111111111111111111111111
   21   1.1312 1.1878 0.0566   000000000000000000111111111111111111111111111111111111
   22   1.1878 1.2443 0.0566   000000000000000000111111111111111111111111111111111111
   23   1.2443 1.3009 0.0566   000000000000000000111111111111111111111111111111111111
   24   1.3009 1.3574 0.0566   000000000000000000111111111111111111111111111111111111
   25   1.3574 1.4140 0.0566   000000000000000000000000000000000000111111111111111111
 ngper, shell number =           45           9
 ngper, n2d =           45          27
 Nchannels of the left tip =            1
        k1(2pi/a)    k2(2pi/a)       E-Ef (eV)
 
  -0.1761991   0.0000000   1.0000000
 Nchannels of the left tip =            4
        k1(2pi/a)    k2(2pi/a)       E-Ef (eV)
 
  -0.2394169   0.0000000   0.0000000
  -0.2394169   0.0000000   0.0000000
  -0.2505931   0.0000000   0.0000000
  -0.3121330   0.0000000   0.0000000
 Nchannels of the left tip =            4
        k1(2pi/a)    k2(2pi/a)       E-Ef (eV)
 
  -0.2649065   0.0000000  -1.0000000
  -0.3494625   0.0000000  -1.0000000
   0.4852556   0.0000000  -1.0000000
   0.4852556   0.0000000  -1.0000000
     cond         :    31.45s CPU time

