=------------------------------------------------------------------------------=

     CP: variable-cell Car-Parrinello molecular dynamics
     using norm-conserving and ultrasoft Vanderbilt pseudopotentials

     Version: 3.0 - Mon Oct 24 02:34:10 CEST 2005                         
     Authors: Alfredo Pasquarello, Kari Laasonen, Andrea Trave, Roberto Car,
       Paolo Giannozzi, Nicola Marzari, Carlo Cavazzoni, Guido Chiarotti,
       Sandro Scandolo, Paolo Focher, Gerardo Ballabio, and others

=------------------------------------------------------------------------------=

   This run was started on:   3:48:35   2Nov2005               

   Serial Build

   Job Title:  Water 64 molecules


   Atomic Pseudopotentials Parameters
   ----------------------------------

   Reading pseudopotential for specie #  1 from file :
   /scr/giannozz/espresso/pseudo/O.BLYP.UPF
   file type is 20
 
   Type is UPF        and NONLOCAL. 
   Local component is ..... :   1
   Non local components are :   0
   Pseudo charge :    6.000

   Pseudopotentials Grid    : Channels =  2, Mesh =   631
                              dx   = 0.01734863831720
   point    radius        vloc         ( vnl - vloc )
       1  0.781250E-03 -0.253772E+02  0.392686E-02
     157  0.116993E-01 -0.239772E+02  0.588100E-01
     315  0.181383E+00 -0.201489E+02  0.915268E+00
     631  0.435987E+02 -0.137619E+00  0.000000E+00

   Atomic wavefunction Grid : Channels =  2, Mesh =   631
                              dx   = 0.01734863831720
   Channels occupation number :     0.0000    0.0000
   point      radius        wavefunction
       1  0.781250E-03  0.255544E-03  0.103901E-05
     157  0.116993E-01  0.382712E-02  0.232913E-03
     315  0.181383E+00  0.605741E-01  0.510268E-01
     631  0.435987E+02  0.000000E+00  0.000000E+00

   Warning XC functionals forced to be: BLYP                

   Reading pseudopotential for specie #  2 from file :
   /scr/giannozz/espresso/pseudo/H.fpmd.UPF
   file type is 20
 
   Type is UPF        and LOCAL. 
   Local component is ..... :   0
   Pseudo charge :    1.000

   Pseudopotentials Grid    : Channels =  1, Mesh =   809
                              dx   = 0.02500000000000
   point    radius        vloc         ( vnl - vloc )
       1  0.112299E-02 -0.647505E+01
     202  0.170886E+00 -0.525294E+01
     404  0.266620E+02 -0.375065E-01
     809  0.665464E+06 -0.150271E-05

   Atomic wavefunction Grid : Channels =  1, Mesh =   809
                              dx   = 0.02500000000000
   Channels occupation number :     0.0000
   point      radius        wavefunction
       1  0.112299E-02  0.000000E+00
     202  0.170886E+00  0.000000E+00
     404  0.266620E+02  0.000000E+00
     809  0.665464E+06  0.000000E+00

   Warning XC functionals forced to be: BLYP                


   Main Simulation Parameters (from input)
   ---------------------------------------
   Restart Mode       =      -1   from_scratch   
   Number of MD Steps =      10
   Print out every           10 MD Steps
   Reads from unit    =      50
   Writes to unit     =      -1
   MD Simulation time step            =       5.00
   Electronic fictitious mass (emass) =     400.00
   emass cut-off                      =       2.50

   Simulation Cell Parameters (from input)
   external pressure       =            0.00 [GPa]
   wmass (read from input) =        70000.00 [AU]
   ibrav =   14
   alat  =    18.65000000
   a1    =    18.65000000    0.00000000    0.00000000
   a2    =     0.00000000   18.65000000    0.00000000
   a3    =     0.00000000    0.00000000   37.30000000
 
   b1    =     0.05361930    0.00000000    0.00000000
   b2    =     0.00000000    0.05361930    0.00000000
   b3    =     0.00000000    0.00000000    0.02680965
   omega = 12973.77925000

   Energy Cut-offs
   ---------------
   Ecutwfc =   70.0 Ryd.,    Ecutrho =  280.0 Ryd.,    Ecuts =  280.0 Ryd.
   Gcutwfc =   24.8     ,    Gcutrho =   49.7          Gcuts =   49.7
   modified kinetic energy functional, with parameters:
   ecutz =  68.0000  ecsig =  8.0000  ecfix =  68.00
   NOTA BENE: refg, mmx =   0.050000  6720
   Eigenvalues calculated without the kinetic term contribution
   Orthog. with lagrange multipliers : eps =   0.50E-07,  max =  15
   Electron dynamics with steepest descent
   Electron dynamics : the temperature is not controlled
   initial random displacement of el. coordinates with  amplitude=  0.020000

   Electronic states
   -----------------
   Number of Electron =   512, of States =   256
   Occupation numbers :
   2.00 2.00 2.00 2.00 2.00 2.00 2.00 2.00 2.00 2.00
   2.00 2.00 2.00 2.00 2.00 2.00 2.00 2.00 2.00 2.00
   2.00 2.00 2.00 2.00 2.00 2.00 2.00 2.00 2.00 2.00
   2.00 2.00 2.00 2.00 2.00 2.00 2.00 2.00 2.00 2.00
   2.00 2.00 2.00 2.00 2.00 2.00 2.00 2.00 2.00 2.00
   2.00 2.00 2.00 2.00 2.00 2.00 2.00 2.00 2.00 2.00
   2.00 2.00 2.00 2.00 2.00 2.00 2.00 2.00 2.00 2.00
   2.00 2.00 2.00 2.00 2.00 2.00 2.00 2.00 2.00 2.00
   2.00 2.00 2.00 2.00 2.00 2.00 2.00 2.00 2.00 2.00
   2.00 2.00 2.00 2.00 2.00 2.00 2.00 2.00 2.00 2.00
   2.00 2.00 2.00 2.00 2.00 2.00 2.00 2.00 2.00 2.00
   2.00 2.00 2.00 2.00 2.00 2.00 2.00 2.00 2.00 2.00
   2.00 2.00 2.00 2.00 2.00 2.00 2.00 2.00 2.00 2.00
   2.00 2.00 2.00 2.00 2.00 2.00 2.00 2.00 2.00 2.00
   2.00 2.00 2.00 2.00 2.00 2.00 2.00 2.00 2.00 2.00
   2.00 2.00 2.00 2.00 2.00 2.00 2.00 2.00 2.00 2.00
   2.00 2.00 2.00 2.00 2.00 2.00 2.00 2.00 2.00 2.00
   2.00 2.00 2.00 2.00 2.00 2.00 2.00 2.00 2.00 2.00
   2.00 2.00 2.00 2.00 2.00 2.00 2.00 2.00 2.00 2.00
   2.00 2.00 2.00 2.00 2.00 2.00 2.00 2.00 2.00 2.00
   2.00 2.00 2.00 2.00 2.00 2.00 2.00 2.00 2.00 2.00
   2.00 2.00 2.00 2.00 2.00 2.00 2.00 2.00 2.00 2.00
   2.00 2.00 2.00 2.00 2.00 2.00 2.00 2.00 2.00 2.00
   2.00 2.00 2.00 2.00 2.00 2.00 2.00 2.00 2.00 2.00
   2.00 2.00 2.00 2.00 2.00 2.00 2.00 2.00 2.00 2.00
   2.00 2.00 2.00 2.00 2.00 2.00


   Exchange and correlations functionals
   -------------------------------------
   Using Local Density Approximation with
     Exchange functional: SLATER                                                      
     Correlation functional: LEE, YANG, AND PARR                                         
   Using Generalized Gradient Corrections with
     Exchange functional: BECKE                                                       
     Correlation functional: PERDEW AND WANG                                             
     Exchange-correlation      = BLYP (1313)
 
   K points
   --------
   Gamma-point calculation
   Wavefunction type: REAL


   Ions Simulation Parameters
   --------------------------
   Ions are not allowed to move
   Ionic position (from input)
   sorted by specie, and converted to real a.u. coordinates
   Species   1 atoms =   64 mass =     29166.24 (a.u.),        16.00 (amu) rcmax =   0.80 (a.u.)
        6.232830     7.195170     3.174230
       12.460065     1.439780     1.857540
        9.127310     5.132480    18.023360
       15.617510     0.307725    16.568660
        7.765860     2.622190    10.022510
       17.158000     5.121290    13.950200
       17.340770    12.605535     1.018290
        9.692405    10.766645     4.606550
       15.764845     4.304420     4.718450
       13.204200     8.414880     2.055230
       11.743905    12.568235     8.761770
       12.847985     8.258220    15.106500
       17.294145    16.522035     5.125020
       13.539900    17.851780     8.418610
       17.790235    11.743905    11.756960
        1.182410     7.827405     4.972090
        0.164120     2.627785     9.459280
       14.998330     8.159375     9.216830
       13.019565     3.530445    10.880410
        5.423420     9.694270     9.761410
        3.422275     7.405915    14.561920
        4.569250     3.774760     6.479010
        5.710630     2.935510    14.908810
        8.327225    15.645485     4.028400
        3.601315    10.701370     0.089520
        3.504335    18.025225     3.543500
        1.633740    12.433955     7.616660
        4.918005    13.942740    14.696200
        9.703595    11.803585    13.454110
        6.926610    16.342995     9.138500
       14.761475    15.460850    13.155710
        2.678140    18.461635    17.337040
        6.232830     7.195170    21.824230
       12.460065     1.439780    20.507540
        9.127310     5.132480    36.673360
       15.617510     0.307725    35.218660
        7.765860     2.622190    28.672510
       17.158000     5.121290    32.600200
       17.340770    12.605535    19.668290
        9.692405    10.766645    23.256550
       15.764845     4.304420    23.368450
       13.204200     8.414880    20.705230
       11.743905    12.568235    27.411770
       12.847985     8.258220    33.756500
       17.294145    16.522035    23.775020
       13.539900    17.851780    27.068610
       17.790235    11.743905    30.406960
        1.182410     7.827405    23.622090
        0.164120     2.627785    28.109280
       14.998330     8.159375    27.866830
       13.019565     3.530445    29.530410
        5.423420     9.694270    28.411410
        3.422275     7.405915    33.211920
        4.569250     3.774760    25.129010
        5.710630     2.935510    33.558810
        8.327225    15.645485    22.678400
        3.601315    10.701370    18.739520
        3.504335    18.025225    22.193500
        1.633740    12.433955    26.266660
        4.918005    13.942740    33.346200
        9.703595    11.803585    32.104110
        6.926610    16.342995    27.788500
       14.761475    15.460850    31.805710
        2.678140    18.461635    35.987040
   Species   2 atoms =  128 mass =      1837.29 (a.u.),         1.01 (amu) rcmax =   0.50 (a.u.)
        6.978830     6.266400     1.730720
        5.874750     6.016490     4.610280
       17.540325     3.364460     8.422340
       11.305630     0.160390     2.558780
       13.485815     0.660210     0.492360
       10.182900     3.733730    18.433660
       10.261230     6.096685    16.840950
       15.921505     1.956385    15.815200
        7.928115     0.805680     9.716650
        6.941530     2.877695    11.701010
       13.131465     0.906390     9.157150
       17.489970     4.086215    12.346300
       16.939795    13.687235     2.450610
       11.078100    10.076595     3.577070
        8.230245     9.586100     4.296960
       14.873375     3.026895     3.614370
       17.439615     4.643850     4.047050
       13.978175     7.075810     3.289860
       14.489185     9.811765     1.768020
       13.506330    12.100120     8.418610
       10.839380    11.480940     7.519680
       14.192650     7.443215    14.147890
       13.526845     8.483885    16.807380
       18.286325    15.140070     5.889670
       16.363510    17.221410     6.542420
       15.416090    17.590680    15.266890
       12.008735    16.885710     8.687170
       16.969635    13.207930    12.570100
        2.137290     6.480875     5.837450
        2.195105     8.564080     3.610640
        1.835160     3.476360     9.213100
       16.285180     9.144095    10.130680
       15.789090     7.547655     7.653960
       11.158295     3.448385    10.738670
       13.530575     5.345090    10.477570
        4.602820    11.208650     9.228020
        6.816575    10.279880    10.753590
        4.136570     8.351470    13.025160
        4.237280     5.645355    14.427640
        0.165985     5.915780    14.453750
        5.979190     3.274940     7.694990
        4.304420     2.331250     5.222000
        4.513300     1.915355    15.945750
        6.997480     3.660995    16.229230
        6.484605    15.962535     3.543500
        8.836370    13.834570     3.920230
        0.553905    12.357490     1.126460
        4.975820     9.996400     1.119000
        3.153715    18.431795     1.786670
        1.775480    17.489970     4.173870
        0.300265    12.100120     8.892320
        1.753100    10.703235     6.956450
        5.087720    13.045675    16.341130
        6.622615    13.948335    14.021070
       10.839380    10.399240    14.136700
       10.453325    12.340705    11.842750
        3.246965     9.584235    17.314660
        5.643490    15.028170     9.481660
        7.584955    15.988645     7.348100
       13.129600    14.854725    13.737590
       14.390340    16.053920    11.372770
        0.276020    11.270195    13.174360
        3.420410    16.993880    16.154630
        0.917580    18.452310    17.169190
        6.978830     6.266400    20.380720
        5.874750     6.016490    23.260280
       17.540325     3.364460    27.072340
       11.305630     0.160390    21.208780
       13.485815     0.660210    19.142360
       10.182900     3.733730    37.083660
       10.261230     6.096685    35.490950
       15.921505     1.956385    34.465200
        7.928115     0.805680    28.366650
        6.941530     2.877695    30.351010
       13.131465     0.906390    27.807150
       17.489970     4.086215    30.996300
       16.939795    13.687235    21.100610
       11.078100    10.076595    22.227070
        8.230245     9.586100    22.946960
       14.873375     3.026895    22.264370
       17.439615     4.643850    22.697050
       13.978175     7.075810    21.939860
       14.489185     9.811765    20.418020
       13.506330    12.100120    27.068610
       10.839380    11.480940    26.169680
       14.192650     7.443215    32.797890
       13.526845     8.483885    35.457380
       18.286325    15.140070    24.539670
       16.363510    17.221410    25.192420
       15.416090    17.590680    33.916890
       12.008735    16.885710    27.337170
       16.969635    13.207930    31.220100
        2.137290     6.480875    24.487450
        2.195105     8.564080    22.260640
        1.835160     3.476360    27.863100
       16.285180     9.144095    28.780680
       15.789090     7.547655    26.303960
       11.158295     3.448385    29.388670
       13.530575     5.345090    29.127570
        4.602820    11.208650    27.878020
        6.816575    10.279880    29.403590
        4.136570     8.351470    31.675160
        4.237280     5.645355    33.077640
        0.165985     5.915780    33.103750
        5.979190     3.274940    26.344990
        4.304420     2.331250    23.872000
        4.513300     1.915355    34.595750
        6.997480     3.660995    34.879230
        6.484605    15.962535    22.193500
        8.836370    13.834570    22.570230
        0.553905    12.357490    19.776460
        4.975820     9.996400    19.769000
        3.153715    18.431795    20.436670
        1.775480    17.489970    22.823870
        0.300265    12.100120    27.542320
        1.753100    10.703235    25.606450
        5.087720    13.045675    34.991130
        6.622615    13.948335    32.671070
       10.839380    10.399240    32.786700
       10.453325    12.340705    30.492750
        3.246965     9.584235    35.964660
        5.643490    15.028170    28.131660
        7.584955    15.988645    25.998100
       13.129600    14.854725    32.387590
       14.390340    16.053920    30.022770
        0.276020    11.270195    31.824360
        3.420410    16.993880    34.804630
        0.917580    18.452310    35.819190
   Ionic position read from input file


   Cell Dynamics Parameters (from STDIN)
   -------------------------------------
   internal stress tensor calculated
   Starting cell generated from CELLDM
   Constant VOLUME Molecular dynamics
   cell parameters are not allowed to move


   Potentials Parameters
   ---------------------
   Ewald sum over 3*3*3 cells

   Verbosity: iprsta =  1



   Simulation dimensions initialization
   ------------------------------------

   unit vectors of full simulation cell
   in real space:                         in reciprocal space (units 2pi/alat):
   1    18.6500    0.0000    0.0000              1.0000    0.0000    0.0000
   2     0.0000   18.6500    0.0000              0.0000    1.0000    0.0000
   3     0.0000    0.0000   37.3000              0.0000    0.0000    0.5000
 
   Stick Mesh
   ----------
   nst =  3881,  nstw =   967, nsts =  3881
        PEs    n.st   n.stw   n.sts    n.g    n.gw   n.gs
          1    7761    1933    7761 1026143  128263 1026143
          0    7761    1933    7761 1026143  128263 1026143
 
 
   Real Mesh
   ---------
   Global Dimensions   Local  Dimensions   Processor Grid
   .X.   .Y.   .Z.     .X.   .Y.   .Z.     .X.   .Y.   .Z.
   100   100   200     100   100   200       1     1     1
   Array leading dimensions ( nr1x, nr2x, nr3x )   =    100   100   200
   Local number of cell to store the grid ( nnrx ) =    2000000
   Number of x-y planes for each processors: 
   nr3l =   200
 
   Smooth Real Mesh
   ----------------
   Global Dimensions   Local  Dimensions   Processor Grid
   .X.   .Y.   .Z.     .X.   .Y.   .Z.     .X.   .Y.   .Z.
   100   100   200     100   100   200       1     1     1
   Array leading dimensions ( nr1x, nr2x, nr3x )   =    100   100   200
   Local number of cell to store the grid ( nnrx ) =    2000000
   Number of x-y planes for each processors: 
   nr3sl =   200
 
   Small Box Real Mesh
   -------------------
   Global Dimensions   Local  Dimensions   Processor Grid
   .X.   .Y.   .Z.     .X.   .Y.   .Z.     .X.   .Y.   .Z.
     1     1     1       1     1     1       1     1     1
   Array leading dimensions ( nr1x, nr2x, nr3x )   =      1     1     1
   Local number of cell to store the grid ( nnrx ) =          1
 
   unit vectors of box grid cell
   in real space:                         in reciprocal space:
       0.1865    0.0000    0.0000              1.0000    0.0000    0.0000
       0.0000    0.1865    0.0000              0.0000    1.0000    0.0000
       0.0000    0.0000    0.1865              0.0000    0.0000    1.0000
 
   Reciprocal Space Mesh
   ---------------------
                Large Mesh
   PE   Global(ngmt)     Local(ngm) MaxLocal(ngmx)
    1         513072         513072         513072
                Smooth Mesh
   PE   Global(ngst)     Local(ngs) MaxLocal(ngsx)
    1         513072         513072         513072
                Wave function Mesh
   PE   Global(ngwt)     Local(ngw) MaxLocal(ngwx)
    1          64132          64132          64132

                Small box Mesh
   ngb =            1 not distributed to processors


   Estimated Sizes of the problem
   ------------------------------
   dimension of the problem (byte/pe) :   1845311168


   System geometry initialization
   ------------------------------

   Scaled atomic positions                                from standard input
   Species   1 atoms =   64
    O       0.334200     0.385800     0.085100
    O       0.668100     0.077200     0.049800
    O       0.489400     0.275200     0.483200
    O       0.837400     0.016500     0.444200
    O       0.416400     0.140600     0.268700
    O       0.920000     0.274600     0.374000
    O       0.929800     0.675900     0.027300
    O       0.519700     0.577300     0.123500
    O       0.845300     0.230800     0.126500
    O       0.708000     0.451200     0.055100
    O       0.629700     0.673900     0.234900
    O       0.688900     0.442800     0.405000
    O       0.927300     0.885900     0.137400
    O       0.726000     0.957200     0.225700
    O       0.953900     0.629700     0.315200
    O       0.063400     0.419700     0.133300
    O       0.008800     0.140900     0.253600
    O       0.804200     0.437500     0.247100
    O       0.698100     0.189300     0.291700
    O       0.290800     0.519800     0.261700
    O       0.183500     0.397100     0.390400
    O       0.245000     0.202400     0.173700
    O       0.306200     0.157400     0.399700
    O       0.446500     0.838900     0.108000
    O       0.193100     0.573800     0.002400
    O       0.187900     0.966500     0.095000
    O       0.087600     0.666700     0.204200
    O       0.263700     0.747600     0.394000
    O       0.520300     0.632900     0.360700
    O       0.371400     0.876300     0.245000
    O       0.791500     0.829000     0.352700
    O       0.143600     0.989900     0.464800
    O       0.334200     0.385800     0.585100
    O       0.668100     0.077200     0.549800
    O       0.489400     0.275200     0.983200
    O       0.837400     0.016500     0.944200
    O       0.416400     0.140600     0.768700
    O       0.920000     0.274600     0.874000
    O       0.929800     0.675900     0.527300
    O       0.519700     0.577300     0.623500
    O       0.845300     0.230800     0.626500
    O       0.708000     0.451200     0.555100
    O       0.629700     0.673900     0.734900
    O       0.688900     0.442800     0.905000
    O       0.927300     0.885900     0.637400
    O       0.726000     0.957200     0.725700
    O       0.953900     0.629700     0.815200
    O       0.063400     0.419700     0.633300
    O       0.008800     0.140900     0.753600
    O       0.804200     0.437500     0.747100
    O       0.698100     0.189300     0.791700
    O       0.290800     0.519800     0.761700
    O       0.183500     0.397100     0.890400
    O       0.245000     0.202400     0.673700
    O       0.306200     0.157400     0.899700
    O       0.446500     0.838900     0.608000
    O       0.193100     0.573800     0.502400
    O       0.187900     0.966500     0.595000
    O       0.087600     0.666700     0.704200
    O       0.263700     0.747600     0.894000
    O       0.520300     0.632900     0.860700
    O       0.371400     0.876300     0.745000
    O       0.791500     0.829000     0.852700
    O       0.143600     0.989900     0.964800
   Species   2 atoms =  128
    H       0.374200     0.336000     0.046400
    H       0.315000     0.322600     0.123600
    H       0.940500     0.180400     0.225800
    H       0.606200     0.008600     0.068600
    H       0.723100     0.035400     0.013200
    H       0.546000     0.200200     0.494200
    H       0.550200     0.326900     0.451500
    H       0.853700     0.104900     0.424000
    H       0.425100     0.043200     0.260500
    H       0.372200     0.154300     0.313700
    H       0.704100     0.048600     0.245500
    H       0.937800     0.219100     0.331000
    H       0.908300     0.733900     0.065700
    H       0.594000     0.540300     0.095900
    H       0.441300     0.514000     0.115200
    H       0.797500     0.162300     0.096900
    H       0.935100     0.249000     0.108500
    H       0.749500     0.379400     0.088200
    H       0.776900     0.526100     0.047400
    H       0.724200     0.648800     0.225700
    H       0.581200     0.615600     0.201600
    H       0.761000     0.399100     0.379300
    H       0.725300     0.454900     0.450600
    H       0.980500     0.811800     0.157900
    H       0.877400     0.923400     0.175400
    H       0.826600     0.943200     0.409300
    H       0.643900     0.905400     0.232900
    H       0.909900     0.708200     0.337000
    H       0.114600     0.347500     0.156500
    H       0.117700     0.459200     0.096800
    H       0.098400     0.186400     0.247000
    H       0.873200     0.490300     0.271600
    H       0.846600     0.404700     0.205200
    H       0.598300     0.184900     0.287900
    H       0.725500     0.286600     0.280900
    H       0.246800     0.601000     0.247400
    H       0.365500     0.551200     0.288300
    H       0.221800     0.447800     0.349200
    H       0.227200     0.302700     0.386800
    H       0.008900     0.317200     0.387500
    H       0.320600     0.175600     0.206300
    H       0.230800     0.125000     0.140000
    H       0.242000     0.102700     0.427500
    H       0.375200     0.196300     0.435100
    H       0.347700     0.855900     0.095000
    H       0.473800     0.741800     0.105100
    H       0.029700     0.662600     0.030200
    H       0.266800     0.536000     0.030000
    H       0.169100     0.988300     0.047900
    H       0.095200     0.937800     0.111900
    H       0.016100     0.648800     0.238400
    H       0.094000     0.573900     0.186500
    H       0.272800     0.699500     0.438100
    H       0.355100     0.747900     0.375900
    H       0.581200     0.557600     0.379000
    H       0.560500     0.661700     0.317500
    H       0.174100     0.513900     0.464200
    H       0.302600     0.805800     0.254200
    H       0.406700     0.857300     0.197000
    H       0.704000     0.796500     0.368300
    H       0.771600     0.860800     0.304900
    H       0.014800     0.604300     0.353200
    H       0.183400     0.911200     0.433100
    H       0.049200     0.989400     0.460300
    H       0.374200     0.336000     0.546400
    H       0.315000     0.322600     0.623600
    H       0.940500     0.180400     0.725800
    H       0.606200     0.008600     0.568600
    H       0.723100     0.035400     0.513200
    H       0.546000     0.200200     0.994200
    H       0.550200     0.326900     0.951500
    H       0.853700     0.104900     0.924000
    H       0.425100     0.043200     0.760500
    H       0.372200     0.154300     0.813700
    H       0.704100     0.048600     0.745500
    H       0.937800     0.219100     0.831000
    H       0.908300     0.733900     0.565700
    H       0.594000     0.540300     0.595900
    H       0.441300     0.514000     0.615200
    H       0.797500     0.162300     0.596900
    H       0.935100     0.249000     0.608500
    H       0.749500     0.379400     0.588200
    H       0.776900     0.526100     0.547400
    H       0.724200     0.648800     0.725700
    H       0.581200     0.615600     0.701600
    H       0.761000     0.399100     0.879300
    H       0.725300     0.454900     0.950600
    H       0.980500     0.811800     0.657900
    H       0.877400     0.923400     0.675400
    H       0.826600     0.943200     0.909300
    H       0.643900     0.905400     0.732900
    H       0.909900     0.708200     0.837000
    H       0.114600     0.347500     0.656500
    H       0.117700     0.459200     0.596800
    H       0.098400     0.186400     0.747000
    H       0.873200     0.490300     0.771600
    H       0.846600     0.404700     0.705200
    H       0.598300     0.184900     0.787900
    H       0.725500     0.286600     0.780900
    H       0.246800     0.601000     0.747400
    H       0.365500     0.551200     0.788300
    H       0.221800     0.447800     0.849200
    H       0.227200     0.302700     0.886800
    H       0.008900     0.317200     0.887500
    H       0.320600     0.175600     0.706300
    H       0.230800     0.125000     0.640000
    H       0.242000     0.102700     0.927500
    H       0.375200     0.196300     0.935100
    H       0.347700     0.855900     0.595000
    H       0.473800     0.741800     0.605100
    H       0.029700     0.662600     0.530200
    H       0.266800     0.536000     0.530000
    H       0.169100     0.988300     0.547900
    H       0.095200     0.937800     0.611900
    H       0.016100     0.648800     0.738400
    H       0.094000     0.573900     0.686500
    H       0.272800     0.699500     0.938100
    H       0.355100     0.747900     0.875900
    H       0.581200     0.557600     0.879000
    H       0.560500     0.661700     0.817500
    H       0.174100     0.513900     0.964200
    H       0.302600     0.805800     0.754200
    H       0.406700     0.857300     0.697000
    H       0.704000     0.796500     0.868300
    H       0.771600     0.860800     0.804900
    H       0.014800     0.604300     0.853200
    H       0.183400     0.911200     0.933100
    H       0.049200     0.989400     0.960300


   Pseudopotentials initialization
   -------------------------------


   Common initialization

   Specie:     1
   1  indv=  1   ang. mom=  0
 
                        dion 
   3.2390

   Specie:     2
 
                        dion 
 
   Short Legend and Physical Units in the Output
   ---------------------------------------------
   NFI    [int]  - step index
   EKINC  [A.U.] - kinetic energy of the fictitious electronic dynamics
   TEMPH  [K]    - Temperature of the fictitious cell dynamics
   TEMP   [K]    - Ionic temperature
   ETOT   [A.U.] - Scf total energy (Kohn-Sham hamiltonian)
   ENTHAL [A.U.] - Enthalpy ( ETOT + P * V )
   ECONS  [A.U.] - Enthalpy + kinetic energy of ions and cell
   ECONT  [A.U.] - Constant of motion for the CP lagrangian
 


   Wave Initialization: random initial wave-functions
   Occupation number from init
   nbnd =   256
    2.00 2.00 2.00 2.00 2.00 2.00 2.00 2.00 2.00 2.00
    2.00 2.00 2.00 2.00 2.00 2.00 2.00 2.00 2.00 2.00
    2.00 2.00 2.00 2.00 2.00 2.00 2.00 2.00 2.00 2.00
    2.00 2.00 2.00 2.00 2.00 2.00 2.00 2.00 2.00 2.00
    2.00 2.00 2.00 2.00 2.00 2.00 2.00 2.00 2.00 2.00
    2.00 2.00 2.00 2.00 2.00 2.00 2.00 2.00 2.00 2.00
    2.00 2.00 2.00 2.00 2.00 2.00 2.00 2.00 2.00 2.00
    2.00 2.00 2.00 2.00 2.00 2.00 2.00 2.00 2.00 2.00
    2.00 2.00 2.00 2.00 2.00 2.00 2.00 2.00 2.00 2.00
    2.00 2.00 2.00 2.00 2.00 2.00 2.00 2.00 2.00 2.00
    2.00 2.00 2.00 2.00 2.00 2.00 2.00 2.00 2.00 2.00
    2.00 2.00 2.00 2.00 2.00 2.00 2.00 2.00 2.00 2.00
    2.00 2.00 2.00 2.00 2.00 2.00 2.00 2.00 2.00 2.00
    2.00 2.00 2.00 2.00 2.00 2.00 2.00 2.00 2.00 2.00
    2.00 2.00 2.00 2.00 2.00 2.00 2.00 2.00 2.00 2.00
    2.00 2.00 2.00 2.00 2.00 2.00 2.00 2.00 2.00 2.00
    2.00 2.00 2.00 2.00 2.00 2.00 2.00 2.00 2.00 2.00
    2.00 2.00 2.00 2.00 2.00 2.00 2.00 2.00 2.00 2.00
    2.00 2.00 2.00 2.00 2.00 2.00 2.00 2.00 2.00 2.00
    2.00 2.00 2.00 2.00 2.00 2.00 2.00 2.00 2.00 2.00
    2.00 2.00 2.00 2.00 2.00 2.00 2.00 2.00 2.00 2.00
    2.00 2.00 2.00 2.00 2.00 2.00 2.00 2.00 2.00 2.00
    2.00 2.00 2.00 2.00 2.00 2.00 2.00 2.00 2.00 2.00
    2.00 2.00 2.00 2.00 2.00 2.00 2.00 2.00 2.00 2.00
    2.00 2.00 2.00 2.00 2.00 2.00 2.00 2.00 2.00 2.00
    2.00 2.00 2.00 2.00 2.00 2.00

   formf: eself=1251.08299
   formf:     vps(g=0)=  -0.0008817     rhops(g=0)=  -0.0004625
   formf: sum_g vps(g)=  -6.3376607 sum_g rhops(g)=  -1.0524995
   formf:     vps(g=0)=  -0.0000640     rhops(g=0)=  -0.0000771
   formf: sum_g vps(g)=  -2.0908651 sum_g rhops(g)=  -0.7183869

   from rhoofr: total integrated electronic density
   in g-space =  512.000000   in r-space = 512.000000

   ESR (real part of Ewald sum) =   0.20387057D+01

 
 
                      TOTAL ENERGY =    3677.1576846668 A.U.
                    KINETIC ENERGY =    4266.8966992765 A.U.
              ELECTROSTATIC ENERGY =    -418.9076667346 A.U.
                             ESELF =    1251.0829913389 A.U.
                               ESR =       2.0387056597 A.U.
            PSEUDOPOTENTIAL ENERGY =     -33.1491982873 A.U.
        N-L PSEUDOPOTENTIAL ENERGY =       8.3066929426 A.U.
       EXCHANGE-CORRELATION ENERGY =    -145.9888425304 A.U.
 
   ATOMIC_POSITIONS
   O    0.623283E+01  0.719517E+01  0.317423E+01
   O    0.124601E+02  0.143978E+01  0.185754E+01
   O    0.912731E+01  0.513248E+01  0.180234E+02
   O    0.156175E+02  0.307725E+00  0.165687E+02
   O    0.776586E+01  0.262219E+01  0.100225E+02
   O    0.171580E+02  0.512129E+01  0.139502E+02
   O    0.173408E+02  0.126055E+02  0.101829E+01
   O    0.969241E+01  0.107666E+02  0.460655E+01
   O    0.157648E+02  0.430442E+01  0.471845E+01
   O    0.132042E+02  0.841488E+01  0.205523E+01
   O    0.117439E+02  0.125682E+02  0.876177E+01
   O    0.128480E+02  0.825822E+01  0.151065E+02
   O    0.172941E+02  0.165220E+02  0.512502E+01
   O    0.135399E+02  0.178518E+02  0.841861E+01
   O    0.177902E+02  0.117439E+02  0.117570E+02
   O    0.118241E+01  0.782740E+01  0.497209E+01
   O    0.164120E+00  0.262778E+01  0.945928E+01
   O    0.149983E+02  0.815937E+01  0.921683E+01
   O    0.130196E+02  0.353044E+01  0.108804E+02
   O    0.542342E+01  0.969427E+01  0.976141E+01
   O    0.342227E+01  0.740591E+01  0.145619E+02
   O    0.456925E+01  0.377476E+01  0.647901E+01
   O    0.571063E+01  0.293551E+01  0.149088E+02
   O    0.832723E+01  0.156455E+02  0.402840E+01
   O    0.360131E+01  0.107014E+02  0.895200E-01
   O    0.350433E+01  0.180252E+02  0.354350E+01
   O    0.163374E+01  0.124340E+02  0.761666E+01
   O    0.491800E+01  0.139427E+02  0.146962E+02
   O    0.970359E+01  0.118036E+02  0.134541E+02
   O    0.692661E+01  0.163430E+02  0.913850E+01
   O    0.147615E+02  0.154608E+02  0.131557E+02
   O    0.267814E+01  0.184616E+02  0.173370E+02
   O    0.623283E+01  0.719517E+01  0.218242E+02
   O    0.124601E+02  0.143978E+01  0.205075E+02
   O    0.912731E+01  0.513248E+01  0.366734E+02
   O    0.156175E+02  0.307725E+00  0.352187E+02
   O    0.776586E+01  0.262219E+01  0.286725E+02
   O    0.171580E+02  0.512129E+01  0.326002E+02
   O    0.173408E+02  0.126055E+02  0.196683E+02
   O    0.969241E+01  0.107666E+02  0.232566E+02
   O    0.157648E+02  0.430442E+01  0.233684E+02
   O    0.132042E+02  0.841488E+01  0.207052E+02
   O    0.117439E+02  0.125682E+02  0.274118E+02
   O    0.128480E+02  0.825822E+01  0.337565E+02
   O    0.172941E+02  0.165220E+02  0.237750E+02
   O    0.135399E+02  0.178518E+02  0.270686E+02
   O    0.177902E+02  0.117439E+02  0.304070E+02
   O    0.118241E+01  0.782740E+01  0.236221E+02
   O    0.164120E+00  0.262778E+01  0.281093E+02
   O    0.149983E+02  0.815937E+01  0.278668E+02
   O    0.130196E+02  0.353044E+01  0.295304E+02
   O    0.542342E+01  0.969427E+01  0.284114E+02
   O    0.342227E+01  0.740591E+01  0.332119E+02
   O    0.456925E+01  0.377476E+01  0.251290E+02
   O    0.571063E+01  0.293551E+01  0.335588E+02
   O    0.832723E+01  0.156455E+02  0.226784E+02
   O    0.360131E+01  0.107014E+02  0.187395E+02
   O    0.350433E+01  0.180252E+02  0.221935E+02
   O    0.163374E+01  0.124340E+02  0.262667E+02
   O    0.491800E+01  0.139427E+02  0.333462E+02
   O    0.970359E+01  0.118036E+02  0.321041E+02
   O    0.692661E+01  0.163430E+02  0.277885E+02
   O    0.147615E+02  0.154608E+02  0.318057E+02
   O    0.267814E+01  0.184616E+02  0.359870E+02
   H    0.697883E+01  0.626640E+01  0.173072E+01
   H    0.587475E+01  0.601649E+01  0.461028E+01
   H    0.175403E+02  0.336446E+01  0.842234E+01
   H    0.113056E+02  0.160390E+00  0.255878E+01
   H    0.134858E+02  0.660210E+00  0.492360E+00
   H    0.101829E+02  0.373373E+01  0.184337E+02
   H    0.102612E+02  0.609668E+01  0.168409E+02
   H    0.159215E+02  0.195638E+01  0.158152E+02
   H    0.792811E+01  0.805680E+00  0.971665E+01
   H    0.694153E+01  0.287769E+01  0.117010E+02
   H    0.131315E+02  0.906390E+00  0.915715E+01
   H    0.174900E+02  0.408621E+01  0.123463E+02
   H    0.169398E+02  0.136872E+02  0.245061E+01
   H    0.110781E+02  0.100766E+02  0.357707E+01
   H    0.823025E+01  0.958610E+01  0.429696E+01
   H    0.148734E+02  0.302689E+01  0.361437E+01
   H    0.174396E+02  0.464385E+01  0.404705E+01
   H    0.139782E+02  0.707581E+01  0.328986E+01
   H    0.144892E+02  0.981176E+01  0.176802E+01
   H    0.135063E+02  0.121001E+02  0.841861E+01
   H    0.108394E+02  0.114809E+02  0.751968E+01
   H    0.141926E+02  0.744321E+01  0.141479E+02
   H    0.135268E+02  0.848388E+01  0.168074E+02
   H    0.182863E+02  0.151401E+02  0.588967E+01
   H    0.163635E+02  0.172214E+02  0.654242E+01
   H    0.154161E+02  0.175907E+02  0.152669E+02
   H    0.120087E+02  0.168857E+02  0.868717E+01
   H    0.169696E+02  0.132079E+02  0.125701E+02
   H    0.213729E+01  0.648087E+01  0.583745E+01
   H    0.219510E+01  0.856408E+01  0.361064E+01
   H    0.183516E+01  0.347636E+01  0.921310E+01
   H    0.162852E+02  0.914410E+01  0.101307E+02
   H    0.157891E+02  0.754765E+01  0.765396E+01
   H    0.111583E+02  0.344839E+01  0.107387E+02
   H    0.135306E+02  0.534509E+01  0.104776E+02
   H    0.460282E+01  0.112086E+02  0.922802E+01
   H    0.681657E+01  0.102799E+02  0.107536E+02
   H    0.413657E+01  0.835147E+01  0.130252E+02
   H    0.423728E+01  0.564536E+01  0.144276E+02
   H    0.165985E+00  0.591578E+01  0.144537E+02
   H    0.597919E+01  0.327494E+01  0.769499E+01
   H    0.430442E+01  0.233125E+01  0.522200E+01
   H    0.451330E+01  0.191535E+01  0.159457E+02
   H    0.699748E+01  0.366099E+01  0.162292E+02
   H    0.648460E+01  0.159625E+02  0.354350E+01
   H    0.883637E+01  0.138346E+02  0.392023E+01
   H    0.553905E+00  0.123575E+02  0.112646E+01
   H    0.497582E+01  0.999640E+01  0.111900E+01
   H    0.315371E+01  0.184318E+02  0.178667E+01
   H    0.177548E+01  0.174900E+02  0.417387E+01
   H    0.300265E+00  0.121001E+02  0.889232E+01
   H    0.175310E+01  0.107032E+02  0.695645E+01
   H    0.508772E+01  0.130457E+02  0.163411E+02
   H    0.662261E+01  0.139483E+02  0.140211E+02
   H    0.108394E+02  0.103992E+02  0.141367E+02
   H    0.104533E+02  0.123407E+02  0.118427E+02
   H    0.324696E+01  0.958423E+01  0.173147E+02
   H    0.564349E+01  0.150282E+02  0.948166E+01
   H    0.758495E+01  0.159886E+02  0.734810E+01
   H    0.131296E+02  0.148547E+02  0.137376E+02
   H    0.143903E+02  0.160539E+02  0.113728E+02
   H    0.276020E+00  0.112702E+02  0.131744E+02
   H    0.342041E+01  0.169939E+02  0.161546E+02
   H    0.917580E+00  0.184523E+02  0.171692E+02
   H    0.697883E+01  0.626640E+01  0.203807E+02
   H    0.587475E+01  0.601649E+01  0.232603E+02
   H    0.175403E+02  0.336446E+01  0.270723E+02
   H    0.113056E+02  0.160390E+00  0.212088E+02
   H    0.134858E+02  0.660210E+00  0.191424E+02
   H    0.101829E+02  0.373373E+01  0.370837E+02
   H    0.102612E+02  0.609668E+01  0.354909E+02
   H    0.159215E+02  0.195638E+01  0.344652E+02
   H    0.792811E+01  0.805680E+00  0.283666E+02
   H    0.694153E+01  0.287769E+01  0.303510E+02
   H    0.131315E+02  0.906390E+00  0.278072E+02
   H    0.174900E+02  0.408621E+01  0.309963E+02
   H    0.169398E+02  0.136872E+02  0.211006E+02
   H    0.110781E+02  0.100766E+02  0.222271E+02
   H    0.823025E+01  0.958610E+01  0.229470E+02
   H    0.148734E+02  0.302689E+01  0.222644E+02
   H    0.174396E+02  0.464385E+01  0.226971E+02
   H    0.139782E+02  0.707581E+01  0.219399E+02
   H    0.144892E+02  0.981176E+01  0.204180E+02
   H    0.135063E+02  0.121001E+02  0.270686E+02
   H    0.108394E+02  0.114809E+02  0.261697E+02
   H    0.141926E+02  0.744321E+01  0.327979E+02
   H    0.135268E+02  0.848388E+01  0.354574E+02
   H    0.182863E+02  0.151401E+02  0.245397E+02
   H    0.163635E+02  0.172214E+02  0.251924E+02
   H    0.154161E+02  0.175907E+02  0.339169E+02
   H    0.120087E+02  0.168857E+02  0.273372E+02
   H    0.169696E+02  0.132079E+02  0.312201E+02
   H    0.213729E+01  0.648087E+01  0.244874E+02
   H    0.219510E+01  0.856408E+01  0.222606E+02
   H    0.183516E+01  0.347636E+01  0.278631E+02
   H    0.162852E+02  0.914410E+01  0.287807E+02
   H    0.157891E+02  0.754765E+01  0.263040E+02
   H    0.111583E+02  0.344839E+01  0.293887E+02
   H    0.135306E+02  0.534509E+01  0.291276E+02
   H    0.460282E+01  0.112086E+02  0.278780E+02
   H    0.681657E+01  0.102799E+02  0.294036E+02
   H    0.413657E+01  0.835147E+01  0.316752E+02
   H    0.423728E+01  0.564536E+01  0.330776E+02
   H    0.165985E+00  0.591578E+01  0.331037E+02
   H    0.597919E+01  0.327494E+01  0.263450E+02
   H    0.430442E+01  0.233125E+01  0.238720E+02
   H    0.451330E+01  0.191535E+01  0.345957E+02
   H    0.699748E+01  0.366099E+01  0.348792E+02
   H    0.648460E+01  0.159625E+02  0.221935E+02
   H    0.883637E+01  0.138346E+02  0.225702E+02
   H    0.553905E+00  0.123575E+02  0.197765E+02
   H    0.497582E+01  0.999640E+01  0.197690E+02
   H    0.315371E+01  0.184318E+02  0.204367E+02
   H    0.177548E+01  0.174900E+02  0.228239E+02
   H    0.300265E+00  0.121001E+02  0.275423E+02
   H    0.175310E+01  0.107032E+02  0.256064E+02
   H    0.508772E+01  0.130457E+02  0.349911E+02
   H    0.662261E+01  0.139483E+02  0.326711E+02
   H    0.108394E+02  0.103992E+02  0.327867E+02
   H    0.104533E+02  0.123407E+02  0.304927E+02
   H    0.324696E+01  0.958423E+01  0.359647E+02
   H    0.564349E+01  0.150282E+02  0.281317E+02
   H    0.758495E+01  0.159886E+02  0.259981E+02
   H    0.131296E+02  0.148547E+02  0.323876E+02
   H    0.143903E+02  0.160539E+02  0.300228E+02
   H    0.276020E+00  0.112702E+02  0.318244E+02
   H    0.342041E+01  0.169939E+02  0.348046E+02
   H    0.917580E+00  0.184523E+02  0.358192E+02
 
   ATOMIC_VELOCITIES
   O    0.000000E+00  0.000000E+00  0.000000E+00
   O    0.000000E+00  0.000000E+00  0.000000E+00
   O    0.000000E+00  0.000000E+00  0.000000E+00
   O    0.000000E+00  0.000000E+00  0.000000E+00
   O    0.000000E+00  0.000000E+00  0.000000E+00
   O    0.000000E+00  0.000000E+00  0.000000E+00
   O    0.000000E+00  0.000000E+00  0.000000E+00
   O    0.000000E+00  0.000000E+00  0.000000E+00
   O    0.000000E+00  0.000000E+00  0.000000E+00
   O    0.000000E+00  0.000000E+00  0.000000E+00
   O    0.000000E+00  0.000000E+00  0.000000E+00
   O    0.000000E+00  0.000000E+00  0.000000E+00
   O    0.000000E+00  0.000000E+00  0.000000E+00
   O    0.000000E+00  0.000000E+00  0.000000E+00
   O    0.000000E+00  0.000000E+00  0.000000E+00
   O    0.000000E+00  0.000000E+00  0.000000E+00
   O    0.000000E+00  0.000000E+00  0.000000E+00
   O    0.000000E+00  0.000000E+00  0.000000E+00
   O    0.000000E+00  0.000000E+00  0.000000E+00
   O    0.000000E+00  0.000000E+00  0.000000E+00
   O    0.000000E+00  0.000000E+00  0.000000E+00
   O    0.000000E+00  0.000000E+00  0.000000E+00
   O    0.000000E+00  0.000000E+00  0.000000E+00
   O    0.000000E+00  0.000000E+00  0.000000E+00
   O    0.000000E+00  0.000000E+00  0.000000E+00
   O    0.000000E+00  0.000000E+00  0.000000E+00
   O    0.000000E+00  0.000000E+00  0.000000E+00
   O    0.000000E+00  0.000000E+00  0.000000E+00
   O    0.000000E+00  0.000000E+00  0.000000E+00
   O    0.000000E+00  0.000000E+00  0.000000E+00
   O    0.000000E+00  0.000000E+00  0.000000E+00
   O    0.000000E+00  0.000000E+00  0.000000E+00
   O    0.000000E+00  0.000000E+00  0.000000E+00
   O    0.000000E+00  0.000000E+00  0.000000E+00
   O    0.000000E+00  0.000000E+00  0.000000E+00
   O    0.000000E+00  0.000000E+00  0.000000E+00
   O    0.000000E+00  0.000000E+00  0.000000E+00
   O    0.000000E+00  0.000000E+00  0.000000E+00
   O    0.000000E+00  0.000000E+00  0.000000E+00
   O    0.000000E+00  0.000000E+00  0.000000E+00
   O    0.000000E+00  0.000000E+00  0.000000E+00
   O    0.000000E+00  0.000000E+00  0.000000E+00
   O    0.000000E+00  0.000000E+00  0.000000E+00
   O    0.000000E+00  0.000000E+00  0.000000E+00
   O    0.000000E+00  0.000000E+00  0.000000E+00
   O    0.000000E+00  0.000000E+00  0.000000E+00
   O    0.000000E+00  0.000000E+00  0.000000E+00
   O    0.000000E+00  0.000000E+00  0.000000E+00
   O    0.000000E+00  0.000000E+00  0.000000E+00
   O    0.000000E+00  0.000000E+00  0.000000E+00
   O    0.000000E+00  0.000000E+00  0.000000E+00
   O    0.000000E+00  0.000000E+00  0.000000E+00
   O    0.000000E+00  0.000000E+00  0.000000E+00
   O    0.000000E+00  0.000000E+00  0.000000E+00
   O    0.000000E+00  0.000000E+00  0.000000E+00
   O    0.000000E+00  0.000000E+00  0.000000E+00
   O    0.000000E+00  0.000000E+00  0.000000E+00
   O    0.000000E+00  0.000000E+00  0.000000E+00
   O    0.000000E+00  0.000000E+00  0.000000E+00
   O    0.000000E+00  0.000000E+00  0.000000E+00
   O    0.000000E+00  0.000000E+00  0.000000E+00
   O    0.000000E+00  0.000000E+00  0.000000E+00
   O    0.000000E+00  0.000000E+00  0.000000E+00
   O    0.000000E+00  0.000000E+00  0.000000E+00
   H    0.000000E+00  0.000000E+00  0.000000E+00
   H    0.000000E+00  0.000000E+00  0.000000E+00
   H    0.000000E+00  0.000000E+00  0.000000E+00
   H    0.000000E+00  0.000000E+00  0.000000E+00
   H    0.000000E+00  0.000000E+00  0.000000E+00
   H    0.000000E+00  0.000000E+00  0.000000E+00
   H    0.000000E+00  0.000000E+00  0.000000E+00
   H    0.000000E+00  0.000000E+00  0.000000E+00
   H    0.000000E+00  0.000000E+00  0.000000E+00
   H    0.000000E+00  0.000000E+00  0.000000E+00
   H    0.000000E+00  0.000000E+00  0.000000E+00
   H    0.000000E+00  0.000000E+00  0.000000E+00
   H    0.000000E+00  0.000000E+00  0.000000E+00
   H    0.000000E+00  0.000000E+00  0.000000E+00
   H    0.000000E+00  0.000000E+00  0.000000E+00
   H    0.000000E+00  0.000000E+00  0.000000E+00
   H    0.000000E+00  0.000000E+00  0.000000E+00
   H    0.000000E+00  0.000000E+00  0.000000E+00
   H    0.000000E+00  0.000000E+00  0.000000E+00
   H    0.000000E+00  0.000000E+00  0.000000E+00
   H    0.000000E+00  0.000000E+00  0.000000E+00
   H    0.000000E+00  0.000000E+00  0.000000E+00
   H    0.000000E+00  0.000000E+00  0.000000E+00
   H    0.000000E+00  0.000000E+00  0.000000E+00
   H    0.000000E+00  0.000000E+00  0.000000E+00
   H    0.000000E+00  0.000000E+00  0.000000E+00
   H    0.000000E+00  0.000000E+00  0.000000E+00
   H    0.000000E+00  0.000000E+00  0.000000E+00
   H    0.000000E+00  0.000000E+00  0.000000E+00
   H    0.000000E+00  0.000000E+00  0.000000E+00
   H    0.000000E+00  0.000000E+00  0.000000E+00
   H    0.000000E+00  0.000000E+00  0.000000E+00
   H    0.000000E+00  0.000000E+00  0.000000E+00
   H    0.000000E+00  0.000000E+00  0.000000E+00
   H    0.000000E+00  0.000000E+00  0.000000E+00
   H    0.000000E+00  0.000000E+00  0.000000E+00
   H    0.000000E+00  0.000000E+00  0.000000E+00
   H    0.000000E+00  0.000000E+00  0.000000E+00
   H    0.000000E+00  0.000000E+00  0.000000E+00
   H    0.000000E+00  0.000000E+00  0.000000E+00
   H    0.000000E+00  0.000000E+00  0.000000E+00
   H    0.000000E+00  0.000000E+00  0.000000E+00
   H    0.000000E+00  0.000000E+00  0.000000E+00
   H    0.000000E+00  0.000000E+00  0.000000E+00
   H    0.000000E+00  0.000000E+00  0.000000E+00
   H    0.000000E+00  0.000000E+00  0.000000E+00
   H    0.000000E+00  0.000000E+00  0.000000E+00
   H    0.000000E+00  0.000000E+00  0.000000E+00
   H    0.000000E+00  0.000000E+00  0.000000E+00
   H    0.000000E+00  0.000000E+00  0.000000E+00
   H    0.000000E+00  0.000000E+00  0.000000E+00
   H    0.000000E+00  0.000000E+00  0.000000E+00
   H    0.000000E+00  0.000000E+00  0.000000E+00
   H    0.000000E+00  0.000000E+00  0.000000E+00
   H    0.000000E+00  0.000000E+00  0.000000E+00
   H    0.000000E+00  0.000000E+00  0.000000E+00
   H    0.000000E+00  0.000000E+00  0.000000E+00
   H    0.000000E+00  0.000000E+00  0.000000E+00
   H    0.000000E+00  0.000000E+00  0.000000E+00
   H    0.000000E+00  0.000000E+00  0.000000E+00
   H    0.000000E+00  0.000000E+00  0.000000E+00
   H    0.000000E+00  0.000000E+00  0.000000E+00
   H    0.000000E+00  0.000000E+00  0.000000E+00
   H    0.000000E+00  0.000000E+00  0.000000E+00
   H    0.000000E+00  0.000000E+00  0.000000E+00
   H    0.000000E+00  0.000000E+00  0.000000E+00
   H    0.000000E+00  0.000000E+00  0.000000E+00
   H    0.000000E+00  0.000000E+00  0.000000E+00
   H    0.000000E+00  0.000000E+00  0.000000E+00
   H    0.000000E+00  0.000000E+00  0.000000E+00
   H    0.000000E+00  0.000000E+00  0.000000E+00
   H    0.000000E+00  0.000000E+00  0.000000E+00
   H    0.000000E+00  0.000000E+00  0.000000E+00
   H    0.000000E+00  0.000000E+00  0.000000E+00
   H    0.000000E+00  0.000000E+00  0.000000E+00
   H    0.000000E+00  0.000000E+00  0.000000E+00
   H    0.000000E+00  0.000000E+00  0.000000E+00
   H    0.000000E+00  0.000000E+00  0.000000E+00
   H    0.000000E+00  0.000000E+00  0.000000E+00
   H    0.000000E+00  0.000000E+00  0.000000E+00
   H    0.000000E+00  0.000000E+00  0.000000E+00
   H    0.000000E+00  0.000000E+00  0.000000E+00
   H    0.000000E+00  0.000000E+00  0.000000E+00
   H    0.000000E+00  0.000000E+00  0.000000E+00
   H    0.000000E+00  0.000000E+00  0.000000E+00
   H    0.000000E+00  0.000000E+00  0.000000E+00
   H    0.000000E+00  0.000000E+00  0.000000E+00
   H    0.000000E+00  0.000000E+00  0.000000E+00
   H    0.000000E+00  0.000000E+00  0.000000E+00
   H    0.000000E+00  0.000000E+00  0.000000E+00
   H    0.000000E+00  0.000000E+00  0.000000E+00
   H    0.000000E+00  0.000000E+00  0.000000E+00
   H    0.000000E+00  0.000000E+00  0.000000E+00
   H    0.000000E+00  0.000000E+00  0.000000E+00
   H    0.000000E+00  0.000000E+00  0.000000E+00
   H    0.000000E+00  0.000000E+00  0.000000E+00
   H    0.000000E+00  0.000000E+00  0.000000E+00
   H    0.000000E+00  0.000000E+00  0.000000E+00
   H    0.000000E+00  0.000000E+00  0.000000E+00
   H    0.000000E+00  0.000000E+00  0.000000E+00
   H    0.000000E+00  0.000000E+00  0.000000E+00
   H    0.000000E+00  0.000000E+00  0.000000E+00
   H    0.000000E+00  0.000000E+00  0.000000E+00
   H    0.000000E+00  0.000000E+00  0.000000E+00
   H    0.000000E+00  0.000000E+00  0.000000E+00
   H    0.000000E+00  0.000000E+00  0.000000E+00
   H    0.000000E+00  0.000000E+00  0.000000E+00
   H    0.000000E+00  0.000000E+00  0.000000E+00
   H    0.000000E+00  0.000000E+00  0.000000E+00
   H    0.000000E+00  0.000000E+00  0.000000E+00
   H    0.000000E+00  0.000000E+00  0.000000E+00
   H    0.000000E+00  0.000000E+00  0.000000E+00
   H    0.000000E+00  0.000000E+00  0.000000E+00
   H    0.000000E+00  0.000000E+00  0.000000E+00
   H    0.000000E+00  0.000000E+00  0.000000E+00
   H    0.000000E+00  0.000000E+00  0.000000E+00
   H    0.000000E+00  0.000000E+00  0.000000E+00
   H    0.000000E+00  0.000000E+00  0.000000E+00
   H    0.000000E+00  0.000000E+00  0.000000E+00
   H    0.000000E+00  0.000000E+00  0.000000E+00
   H    0.000000E+00  0.000000E+00  0.000000E+00
   H    0.000000E+00  0.000000E+00  0.000000E+00
   H    0.000000E+00  0.000000E+00  0.000000E+00
   H    0.000000E+00  0.000000E+00  0.000000E+00
   H    0.000000E+00  0.000000E+00  0.000000E+00
   H    0.000000E+00  0.000000E+00  0.000000E+00
   H    0.000000E+00  0.000000E+00  0.000000E+00
   H    0.000000E+00  0.000000E+00  0.000000E+00
 
   Forces acting on atoms (au):
   O    0.233409E+00  0.880788E+00 -0.478505E+00
   O   -0.657850E+00  0.314128E+00  0.788257E-01
   O   -0.123946E+01 -0.919046E-01  0.392144E+00
   O   -0.395270E+00 -0.792945E+00  0.200387E+01
   O    0.103202E+01  0.142142E+01 -0.445313E+00
   O   -0.834345E+00 -0.126187E+00  0.229601E+01
   O   -0.200670E+01 -0.208900E-01 -0.222481E+01
   O    0.377786E-01  0.133035E+01  0.170613E-01
   O   -0.915745E+00 -0.271751E-01  0.144616E+00
   O   -0.819936E+00  0.122032E+00 -0.124011E+01
   O   -0.688975E+00  0.131731E+01  0.535120E+00
   O   -0.149299E+01  0.706163E+00  0.215563E+00
   O   -0.608578E+00  0.569745E+00 -0.274078E+01
   O    0.882233E+00 -0.388577E+00 -0.157434E+01
   O    0.292350E+00 -0.194443E-01  0.621800E-02
   O   -0.206571E+01  0.381751E+00 -0.834722E+00
   O    0.736623E+00 -0.277684E+01  0.147412E+01
   O   -0.233786E+01 -0.143099E+00 -0.244095E+00
   O   -0.190148E+00 -0.120702E+01  0.114054E+01
   O    0.427393E+00 -0.240435E+01 -0.483903E+00
   O   -0.973563E+00  0.515843E+00  0.148876E+01
   O   -0.247937E+00  0.514364E+00 -0.174515E+00
   O    0.686277E+00 -0.110155E+01 -0.130038E+01
   O    0.162241E+01  0.178163E+01 -0.187167E+01
   O   -0.569381E+00  0.206394E+01  0.274310E+00
   O    0.159223E+01 -0.897941E-01  0.597358E-01
   O    0.120792E+01  0.292476E+01 -0.114249E+01
   O   -0.129273E+01  0.178417E+01 -0.366458E+00
   O   -0.151437E+01  0.115977E+01  0.249547E+01
   O   -0.894725E-01  0.123348E+01  0.157884E+01
   O    0.117374E+01  0.362899E+00  0.212846E+01
   O    0.914767E+00  0.459401E+00  0.377157E+00
   O    0.200026E+00  0.920072E+00 -0.408615E+00
   O   -0.920989E+00  0.322139E+00  0.102952E+00
   O   -0.125187E+01 -0.114674E+00  0.421275E+00
   O    0.218209E+00 -0.887696E+00  0.251715E+01
   O    0.100270E+01  0.146927E+01 -0.228013E+00
   O   -0.838760E+00 -0.278658E+00  0.249022E+01
   O   -0.204803E+01 -0.182243E+00 -0.224275E+01
   O   -0.690400E-01  0.141145E+01  0.607370E-01
   O   -0.980508E+00  0.542308E-01  0.330429E+00
   O   -0.803383E+00  0.167807E+00 -0.120719E+01
   O   -0.657485E+00  0.130203E+01  0.672300E+00
   O   -0.155776E+01  0.666709E+00  0.314374E+00
   O   -0.637285E+00  0.404918E+00 -0.242236E+01
   O    0.882340E+00 -0.377940E+00 -0.133618E+01
   O    0.326114E+00  0.449386E-01  0.232661E+00
   O   -0.205427E+01  0.435754E+00 -0.681576E+00
   O    0.795644E+00 -0.275789E+01  0.173542E+01
   O   -0.225365E+01 -0.129354E+00 -0.618138E-01
   O   -0.141809E+00 -0.123223E+01  0.134830E+01
   O    0.422704E+00 -0.231376E+01 -0.289339E+00
   O   -0.945003E+00  0.540629E+00  0.165243E+01
   O   -0.177268E+00  0.525403E+00 -0.208189E-01
   O    0.596529E+00 -0.122029E+01 -0.108431E+01
   O    0.154950E+01  0.174895E+01 -0.173199E+01
   O   -0.529729E+00  0.203688E+01  0.268750E+00
   O    0.179654E+01 -0.122302E+00  0.401673E+00
   O    0.116632E+01  0.280210E+01 -0.957882E+00
   O   -0.131652E+01  0.178634E+01 -0.192113E+00
   O   -0.157863E+01  0.117614E+01  0.265691E+01
   O   -0.121857E+00  0.117463E+01  0.188683E+01
   O    0.122414E+01  0.496842E+00  0.237569E+01
   O    0.202600E-01  0.510284E+00  0.114345E+01
   H    0.489402E+00 -0.805989E+00 -0.110791E+01
   H    0.529067E-01 -0.802274E+00  0.901165E+00
   H   -0.110822E+01  0.498278E+00 -0.933518E+00
   H   -0.106738E+01 -0.118007E+01  0.466540E+00
   H    0.633405E+00 -0.821724E+00 -0.101176E+01
   H    0.897600E+00 -0.149897E+01  0.331786E+00
   H    0.742200E+00  0.668502E+00 -0.938181E+00
   H    0.192737E+00  0.132065E+01 -0.429748E+00
   H    0.266735E+00 -0.135570E+01 -0.142827E+00
   H   -0.534438E+00  0.184959E+00  0.122553E+01
   H   -0.376828E+00  0.103782E+01  0.316502E+00
   H    0.290328E+00 -0.840596E+00 -0.825193E+00
   H   -0.614874E+00  0.935976E+00  0.985917E+00
   H    0.993833E+00 -0.257068E+00 -0.853250E+00
   H   -0.967750E+00 -0.678858E+00 -0.163501E+00
   H   -0.541466E+00 -0.959960E+00 -0.868179E+00
   H    0.147997E+01  0.115616E+00 -0.945859E+00
   H    0.384308E+00 -0.775765E+00  0.674027E+00
   H    0.936347E+00  0.116740E+01 -0.332120E+00
   H    0.151803E+01 -0.247575E+00 -0.476654E+00
   H   -0.674923E+00 -0.856050E+00 -0.783956E+00
   H    0.100176E+01 -0.584766E+00 -0.625825E+00
   H    0.656558E+00  0.353248E+00  0.144272E+01
   H    0.740386E+00 -0.103245E+01  0.508288E+00
   H   -0.642558E+00  0.558931E+00  0.991232E+00
   H   -0.151776E+00 -0.910550E+00 -0.594060E+00
   H   -0.143245E+01 -0.762090E+00  0.118981E+00
   H   -0.380843E+00  0.114518E+01  0.828311E+00
   H    0.614799E+00 -0.104222E+01  0.644594E+00
   H    0.658337E+00  0.627860E+00 -0.132623E+01
   H    0.134163E+01  0.510803E+00  0.442492E-01
   H    0.952731E+00  0.652747E+00  0.698302E+00
   H    0.518647E+00 -0.449237E+00 -0.141620E+01
   H   -0.150128E+01  0.180605E-01  0.162246E-01
   H    0.260848E-01  0.113240E+01 -0.266252E+00
   H   -0.531958E+00  0.138888E+01 -0.437576E+00
   H    0.134742E+01  0.356087E+00  0.891709E+00
   H    0.522787E+00  0.628375E+00 -0.950389E+00
   H    0.415454E+00 -0.994927E+00 -0.954457E-01
   H    0.110236E+01  0.523023E+00  0.661902E+00
   H    0.952781E+00 -0.261017E+00  0.577704E+00
   H   -0.111816E+00 -0.978747E+00 -0.101690E+01
   H   -0.730230E+00 -0.729493E+00  0.704732E+00
   H    0.767494E+00  0.145001E+00  0.737195E+00
   H   -0.113629E+01  0.146635E+00 -0.667776E+00
   H    0.427507E+00 -0.103374E+01 -0.512089E+00
   H    0.127831E+01 -0.159418E-01 -0.120120E-01
   H    0.120819E+01 -0.268799E+00  0.696751E+00
   H   -0.263144E+00  0.417979E+00 -0.140968E+01
   H   -0.109319E+01 -0.320154E+00  0.307595E+00
   H   -0.965276E+00  0.171839E-01  0.704860E+00
   H    0.140484E+00 -0.117627E+01 -0.637592E+00
   H    0.336710E+00 -0.419378E+00  0.135708E+01
   H    0.148652E+01  0.350620E+00 -0.410002E+00
   H    0.497751E+00 -0.723956E+00  0.635750E+00
   H    0.431232E+00  0.533563E+00 -0.944989E+00
   H   -0.414604E+00 -0.837092E+00 -0.105036E+01
   H   -0.118275E+01 -0.913575E+00  0.401756E+00
   H    0.401399E+00 -0.135858E+00 -0.112363E+01
   H   -0.158128E+01 -0.424347E+00  0.930575E+00
   H   -0.158674E+00  0.460281E+00 -0.104157E+01
   H    0.959042E+00 -0.313944E+00  0.140333E+01
   H    0.464086E+00 -0.858421E+00 -0.751144E+00
   H   -0.170810E+01 -0.236862E-01 -0.165270E+00
   H    0.481825E+00 -0.801319E+00 -0.108907E+01
   H    0.636807E-01 -0.800898E+00  0.923761E+00
   H   -0.109674E+01  0.501616E+00 -0.909606E+00
   H   -0.108930E+01 -0.118155E+01  0.487644E+00
   H    0.557249E+00 -0.809206E+00 -0.975114E+00
   H    0.894656E+00 -0.149205E+01  0.331295E+00
   H    0.745450E+00  0.653537E+00 -0.937794E+00
   H    0.227370E+00  0.127676E+01 -0.357754E+00
   H    0.266663E+00 -0.137622E+01 -0.103066E+00
   H   -0.526367E+00  0.178795E+00  0.127082E+01
   H   -0.381945E+00  0.104984E+01  0.343920E+00
   H    0.286704E+00 -0.835456E+00 -0.780443E+00
   H   -0.600789E+00  0.908372E+00  0.983853E+00
   H    0.987296E+00 -0.241845E+00 -0.834202E+00
   H   -0.970473E+00 -0.671890E+00 -0.146546E+00
   H   -0.559545E+00 -0.942007E+00 -0.827770E+00
   H    0.147099E+01  0.145597E+00 -0.899955E+00
   H    0.365273E+00 -0.774422E+00  0.685417E+00
   H    0.930306E+00  0.116624E+01 -0.327256E+00
   H    0.152499E+01 -0.254616E+00 -0.452407E+00
   H   -0.675188E+00 -0.862307E+00 -0.756003E+00
   H    0.100132E+01 -0.581894E+00 -0.600930E+00
   H    0.668996E+00  0.344309E+00  0.147019E+01
   H    0.741594E+00 -0.105594E+01  0.529407E+00
   H   -0.655163E+00  0.553871E+00  0.101592E+01
   H   -0.984504E-01 -0.894914E+00 -0.521074E+00
   H   -0.143798E+01 -0.758066E+00  0.156449E+00
   H   -0.382308E+00  0.116080E+01  0.860551E+00
   H    0.619019E+00 -0.104106E+01  0.683062E+00
   H    0.646988E+00  0.628045E+00 -0.130602E+01
   H    0.133520E+01  0.514385E+00  0.883999E-01
   H    0.960105E+00  0.656898E+00  0.703425E+00
   H    0.520709E+00 -0.418341E+00 -0.139286E+01
   H   -0.151354E+01  0.152404E-01  0.439775E-01
   H    0.224542E-01  0.114231E+01 -0.223552E+00
   H   -0.526432E+00  0.138105E+01 -0.400895E+00
   H    0.134436E+01  0.370448E+00  0.914939E+00
   H    0.527423E+00  0.635778E+00 -0.916246E+00
   H    0.421613E+00 -0.102569E+01 -0.664936E-01
   H    0.109923E+01  0.508533E+00  0.698716E+00
   H    0.949641E+00 -0.269065E+00  0.593922E+00
   H   -0.824404E-01 -0.968735E+00 -0.968212E+00
   H   -0.759640E+00 -0.752131E+00  0.728565E+00
   H    0.745663E+00  0.128259E+00  0.756961E+00
   H   -0.113471E+01  0.144883E+00 -0.644647E+00
   H    0.427042E+00 -0.104041E+01 -0.491991E+00
   H    0.127222E+01 -0.584236E-01  0.439056E-02
   H    0.122779E+01 -0.266650E+00  0.697101E+00
   H   -0.160961E+00  0.404986E+00 -0.132391E+01
   H   -0.106273E+01 -0.345772E+00  0.378288E+00
   H   -0.946326E+00 -0.129815E-01  0.738957E+00
   H    0.140880E+00 -0.117852E+01 -0.596820E+00
   H    0.336154E+00 -0.411873E+00  0.135904E+01
   H    0.149331E+01  0.359543E+00 -0.383721E+00
   H    0.492566E+00 -0.718400E+00  0.652471E+00
   H    0.425706E+00  0.540098E+00 -0.910423E+00
   H   -0.435698E+00 -0.834049E+00 -0.104275E+01
   H   -0.118389E+01 -0.909757E+00  0.435993E+00
   H    0.418308E+00 -0.145020E+00 -0.109127E+01
   H   -0.156698E+01 -0.396764E+00  0.969142E+00
   H   -0.162974E+00  0.453198E+00 -0.100273E+01
   H    0.970077E+00 -0.294943E+00  0.142790E+01
   H    0.403740E+00 -0.826226E+00 -0.685360E+00
   H   -0.188591E+01  0.347392E-01  0.298676E+00

   Center of mass displacement (a.u.):   0.000000
 
   CELL_PARAMETERS
   18.65000000    0.00000000    0.00000000
    0.00000000   18.65000000    0.00000000
    0.00000000    0.00000000   37.30000000
 
   Total stress (GPa)
     6046.05731272       -17.73186986       -31.17971692
      -17.73186986      6023.14748837        27.85127877
      -31.17971692        27.85127877      5969.41715972

   System Density [g/cm^3] :     0.9959

   Eigenvalues (eV), kp =   1 , spin =  1

    0.00    0.00    0.00    0.00    0.00    0.00    0.00    0.00    0.00    0.00
    0.00    0.00    0.00    0.00    0.00    0.00    0.00    0.00    0.00    0.00
    0.00    0.00    0.00    0.00    0.00    0.00    0.00    0.00    0.00    0.00
    0.00    0.00    0.00    0.00    0.00    0.00    0.00    0.00    0.00    0.00
    0.00    0.00    0.00    0.00    0.00    0.00    0.00    0.00    0.00    0.00
    0.00    0.00    0.00    0.00    0.00    0.00    0.00    0.00    0.00    0.00
    0.00    0.00    0.00    0.00    0.00    0.00    0.00    0.00    0.00    0.00
    0.00    0.00    0.00    0.00    0.00    0.00    0.00    0.00    0.00    0.00
    0.00    0.00    0.00    0.00    0.00    0.00    0.00    0.00    0.00    0.00
    0.00    0.00    0.00    0.00    0.00    0.00    0.00    0.00    0.00    0.00
    0.00    0.00    0.00    0.00    0.00    0.00    0.00    0.00    0.00    0.00
    0.00    0.00    0.00    0.00    0.00    0.00    0.00    0.00    0.00    0.00
    0.00    0.00    0.00    0.00    0.00    0.00    0.00    0.00    0.00    0.00
    0.00    0.00    0.00    0.00    0.00    0.00    0.00    0.00    0.00    0.00
    0.00    0.00    0.00    0.00    0.00    0.00    0.00    0.00    0.00    0.00
    0.00    0.00    0.00    0.00    0.00    0.00    0.00    0.00    0.00    0.00
    0.00    0.00    0.00    0.00    0.00    0.00    0.00    0.00    0.00    0.00
    0.00    0.00    0.00    0.00    0.00    0.00    0.00    0.00    0.00    0.00
    0.00    0.00    0.00    0.00    0.00    0.00    0.00    0.00    0.00    0.00
    0.00    0.00    0.00    0.00    0.00    0.00    0.00    0.00    0.00    0.00
    0.00    0.00    0.00    0.00    0.00    0.00    0.00    0.00    0.00    0.00
    0.00    0.00    0.00    0.00    0.00    0.00    0.00    0.00    0.00    0.00
    0.00    0.00    0.00    0.00    0.00    0.00    0.00    0.00    0.00    0.00
    0.00    0.00    0.00    0.00    0.00    0.00    0.00    0.00    0.00    0.00
    0.00    0.00    0.00    0.00    0.00    0.00    0.00    0.00    0.00    0.00
    0.00    0.00    0.00    0.00    0.00    0.00


   Partial temperatures (for each ionic specie) 
   Species  Temp (K)   MSD (AU)
        1       0.00     0.0000
        2       0.00     0.0000


   nfi     ekinc  temph  tempp         etot       enthal        econs         ettt
     0   0.00000    0.0    0.0   3677.15768   3677.15768   3677.15768   3677.15768
     1 258.87069    0.0    0.0   3178.22888   3178.22888   3178.22888   3437.09957
     2 299.37666    0.0    0.0   2584.23808   2584.23808   2584.23808   2883.61475
     3 308.70381    0.0    0.0   1955.92448   1955.92448   1955.92448   2264.62829
     4 287.57387    0.0    0.0   1359.22831   1359.22831   1359.22831   1646.80219
     5 247.42634    0.0    0.0    838.49529    838.49529    838.49529   1085.92163
     6 200.85699    0.0    0.0    411.76850    411.76850    411.76850    612.62550
     7 157.04085    0.0    0.0     76.39918     76.39918     76.39918    233.44003
     8 120.31848    0.0    0.0   -181.11029   -181.11029   -181.11029    -60.79182
     9  91.40925    0.0    0.0   -376.82626   -376.82626   -376.82626   -285.41702

 * Physical Quantities at step:    10

   Simulated time t = 0.12094500D-02 ps

   from rhoofr: total integrated electronic density
   in g-space =  512.000000   in r-space = 512.000000

   MAIN:          EKINC   (thr)          DETOT   (thr)       MAXFORCE   (thr)
   MAIN:   0.693547D+02  0.1D-05  0.148405D+03  0.1D-07  0.950928D+00  0.1D+11
   MAIN: convergence NOT achieved for system relaxation
 
 
                      TOTAL ENERGY =    -525.2311384229 A.U.
                    KINETIC ENERGY =     873.3399171594 A.U.
              ELECTROSTATIC ENERGY =   -1034.2650528554 A.U.
                             ESELF =    1251.0829913389 A.U.
                               ESR =       2.0387056597 A.U.
            PSEUDOPOTENTIAL ENERGY =    -315.9451147367 A.U.
        N-L PSEUDOPOTENTIAL ENERGY =     153.1561538208 A.U.
       EXCHANGE-CORRELATION ENERGY =    -201.5170418110 A.U.
 
   ATOMIC_POSITIONS
   O    0.623283E+01  0.719517E+01  0.317423E+01
   O    0.124601E+02  0.143978E+01  0.185754E+01
   O    0.912731E+01  0.513248E+01  0.180234E+02
   O    0.156175E+02  0.307725E+00  0.165687E+02
   O    0.776586E+01  0.262219E+01  0.100225E+02
   O    0.171580E+02  0.512129E+01  0.139502E+02
   O    0.173408E+02  0.126055E+02  0.101829E+01
   O    0.969241E+01  0.107666E+02  0.460655E+01
   O    0.157648E+02  0.430442E+01  0.471845E+01
   O    0.132042E+02  0.841488E+01  0.205523E+01
   O    0.117439E+02  0.125682E+02  0.876177E+01
   O    0.128480E+02  0.825822E+01  0.151065E+02
   O    0.172941E+02  0.165220E+02  0.512502E+01
   O    0.135399E+02  0.178518E+02  0.841861E+01
   O    0.177902E+02  0.117439E+02  0.117570E+02
   O    0.118241E+01  0.782740E+01  0.497209E+01
   O    0.164120E+00  0.262778E+01  0.945928E+01
   O    0.149983E+02  0.815937E+01  0.921683E+01
   O    0.130196E+02  0.353044E+01  0.108804E+02
   O    0.542342E+01  0.969427E+01  0.976141E+01
   O    0.342227E+01  0.740591E+01  0.145619E+02
   O    0.456925E+01  0.377476E+01  0.647901E+01
   O    0.571063E+01  0.293551E+01  0.149088E+02
   O    0.832723E+01  0.156455E+02  0.402840E+01
   O    0.360131E+01  0.107014E+02  0.895200E-01
   O    0.350433E+01  0.180252E+02  0.354350E+01
   O    0.163374E+01  0.124340E+02  0.761666E+01
   O    0.491800E+01  0.139427E+02  0.146962E+02
   O    0.970359E+01  0.118036E+02  0.134541E+02
   O    0.692661E+01  0.163430E+02  0.913850E+01
   O    0.147615E+02  0.154608E+02  0.131557E+02
   O    0.267814E+01  0.184616E+02  0.173370E+02
   O    0.623283E+01  0.719517E+01  0.218242E+02
   O    0.124601E+02  0.143978E+01  0.205075E+02
   O    0.912731E+01  0.513248E+01  0.366734E+02
   O    0.156175E+02  0.307725E+00  0.352187E+02
   O    0.776586E+01  0.262219E+01  0.286725E+02
   O    0.171580E+02  0.512129E+01  0.326002E+02
   O    0.173408E+02  0.126055E+02  0.196683E+02
   O    0.969241E+01  0.107666E+02  0.232566E+02
   O    0.157648E+02  0.430442E+01  0.233684E+02
   O    0.132042E+02  0.841488E+01  0.207052E+02
   O    0.117439E+02  0.125682E+02  0.274118E+02
   O    0.128480E+02  0.825822E+01  0.337565E+02
   O    0.172941E+02  0.165220E+02  0.237750E+02
   O    0.135399E+02  0.178518E+02  0.270686E+02
   O    0.177902E+02  0.117439E+02  0.304070E+02
   O    0.118241E+01  0.782740E+01  0.236221E+02
   O    0.164120E+00  0.262778E+01  0.281093E+02
   O    0.149983E+02  0.815937E+01  0.278668E+02
   O    0.130196E+02  0.353044E+01  0.295304E+02
   O    0.542342E+01  0.969427E+01  0.284114E+02
   O    0.342227E+01  0.740591E+01  0.332119E+02
   O    0.456925E+01  0.377476E+01  0.251290E+02
   O    0.571063E+01  0.293551E+01  0.335588E+02
   O    0.832723E+01  0.156455E+02  0.226784E+02
   O    0.360131E+01  0.107014E+02  0.187395E+02
   O    0.350433E+01  0.180252E+02  0.221935E+02
   O    0.163374E+01  0.124340E+02  0.262667E+02
   O    0.491800E+01  0.139427E+02  0.333462E+02
   O    0.970359E+01  0.118036E+02  0.321041E+02
   O    0.692661E+01  0.163430E+02  0.277885E+02
   O    0.147615E+02  0.154608E+02  0.318057E+02
   O    0.267814E+01  0.184616E+02  0.359870E+02
   H    0.697883E+01  0.626640E+01  0.173072E+01
   H    0.587475E+01  0.601649E+01  0.461028E+01
   H    0.175403E+02  0.336446E+01  0.842234E+01
   H    0.113056E+02  0.160390E+00  0.255878E+01
   H    0.134858E+02  0.660210E+00  0.492360E+00
   H    0.101829E+02  0.373373E+01  0.184337E+02
   H    0.102612E+02  0.609668E+01  0.168409E+02
   H    0.159215E+02  0.195638E+01  0.158152E+02
   H    0.792811E+01  0.805680E+00  0.971665E+01
   H    0.694153E+01  0.287769E+01  0.117010E+02
   H    0.131315E+02  0.906390E+00  0.915715E+01
   H    0.174900E+02  0.408621E+01  0.123463E+02
   H    0.169398E+02  0.136872E+02  0.245061E+01
   H    0.110781E+02  0.100766E+02  0.357707E+01
   H    0.823025E+01  0.958610E+01  0.429696E+01
   H    0.148734E+02  0.302689E+01  0.361437E+01
   H    0.174396E+02  0.464385E+01  0.404705E+01
   H    0.139782E+02  0.707581E+01  0.328986E+01
   H    0.144892E+02  0.981176E+01  0.176802E+01
   H    0.135063E+02  0.121001E+02  0.841861E+01
   H    0.108394E+02  0.114809E+02  0.751968E+01
   H    0.141926E+02  0.744321E+01  0.141479E+02
   H    0.135268E+02  0.848388E+01  0.168074E+02
   H    0.182863E+02  0.151401E+02  0.588967E+01
   H    0.163635E+02  0.172214E+02  0.654242E+01
   H    0.154161E+02  0.175907E+02  0.152669E+02
   H    0.120087E+02  0.168857E+02  0.868717E+01
   H    0.169696E+02  0.132079E+02  0.125701E+02
   H    0.213729E+01  0.648087E+01  0.583745E+01
   H    0.219510E+01  0.856408E+01  0.361064E+01
   H    0.183516E+01  0.347636E+01  0.921310E+01
   H    0.162852E+02  0.914410E+01  0.101307E+02
   H    0.157891E+02  0.754765E+01  0.765396E+01
   H    0.111583E+02  0.344839E+01  0.107387E+02
   H    0.135306E+02  0.534509E+01  0.104776E+02
   H    0.460282E+01  0.112086E+02  0.922802E+01
   H    0.681657E+01  0.102799E+02  0.107536E+02
   H    0.413657E+01  0.835147E+01  0.130252E+02
   H    0.423728E+01  0.564536E+01  0.144276E+02
   H    0.165985E+00  0.591578E+01  0.144537E+02
   H    0.597919E+01  0.327494E+01  0.769499E+01
   H    0.430442E+01  0.233125E+01  0.522200E+01
   H    0.451330E+01  0.191535E+01  0.159457E+02
   H    0.699748E+01  0.366099E+01  0.162292E+02
   H    0.648460E+01  0.159625E+02  0.354350E+01
   H    0.883637E+01  0.138346E+02  0.392023E+01
   H    0.553905E+00  0.123575E+02  0.112646E+01
   H    0.497582E+01  0.999640E+01  0.111900E+01
   H    0.315371E+01  0.184318E+02  0.178667E+01
   H    0.177548E+01  0.174900E+02  0.417387E+01
   H    0.300265E+00  0.121001E+02  0.889232E+01
   H    0.175310E+01  0.107032E+02  0.695645E+01
   H    0.508772E+01  0.130457E+02  0.163411E+02
   H    0.662261E+01  0.139483E+02  0.140211E+02
   H    0.108394E+02  0.103992E+02  0.141367E+02
   H    0.104533E+02  0.123407E+02  0.118427E+02
   H    0.324696E+01  0.958423E+01  0.173147E+02
   H    0.564349E+01  0.150282E+02  0.948166E+01
   H    0.758495E+01  0.159886E+02  0.734810E+01
   H    0.131296E+02  0.148547E+02  0.137376E+02
   H    0.143903E+02  0.160539E+02  0.113728E+02
   H    0.276020E+00  0.112702E+02  0.131744E+02
   H    0.342041E+01  0.169939E+02  0.161546E+02
   H    0.917580E+00  0.184523E+02  0.171692E+02
   H    0.697883E+01  0.626640E+01  0.203807E+02
   H    0.587475E+01  0.601649E+01  0.232603E+02
   H    0.175403E+02  0.336446E+01  0.270723E+02
   H    0.113056E+02  0.160390E+00  0.212088E+02
   H    0.134858E+02  0.660210E+00  0.191424E+02
   H    0.101829E+02  0.373373E+01  0.370837E+02
   H    0.102612E+02  0.609668E+01  0.354909E+02
   H    0.159215E+02  0.195638E+01  0.344652E+02
   H    0.792811E+01  0.805680E+00  0.283666E+02
   H    0.694153E+01  0.287769E+01  0.303510E+02
   H    0.131315E+02  0.906390E+00  0.278072E+02
   H    0.174900E+02  0.408621E+01  0.309963E+02
   H    0.169398E+02  0.136872E+02  0.211006E+02
   H    0.110781E+02  0.100766E+02  0.222271E+02
   H    0.823025E+01  0.958610E+01  0.229470E+02
   H    0.148734E+02  0.302689E+01  0.222644E+02
   H    0.174396E+02  0.464385E+01  0.226971E+02
   H    0.139782E+02  0.707581E+01  0.219399E+02
   H    0.144892E+02  0.981176E+01  0.204180E+02
   H    0.135063E+02  0.121001E+02  0.270686E+02
   H    0.108394E+02  0.114809E+02  0.261697E+02
   H    0.141926E+02  0.744321E+01  0.327979E+02
   H    0.135268E+02  0.848388E+01  0.354574E+02
   H    0.182863E+02  0.151401E+02  0.245397E+02
   H    0.163635E+02  0.172214E+02  0.251924E+02
   H    0.154161E+02  0.175907E+02  0.339169E+02
   H    0.120087E+02  0.168857E+02  0.273372E+02
   H    0.169696E+02  0.132079E+02  0.312201E+02
   H    0.213729E+01  0.648087E+01  0.244874E+02
   H    0.219510E+01  0.856408E+01  0.222606E+02
   H    0.183516E+01  0.347636E+01  0.278631E+02
   H    0.162852E+02  0.914410E+01  0.287807E+02
   H    0.157891E+02  0.754765E+01  0.263040E+02
   H    0.111583E+02  0.344839E+01  0.293887E+02
   H    0.135306E+02  0.534509E+01  0.291276E+02
   H    0.460282E+01  0.112086E+02  0.278780E+02
   H    0.681657E+01  0.102799E+02  0.294036E+02
   H    0.413657E+01  0.835147E+01  0.316752E+02
   H    0.423728E+01  0.564536E+01  0.330776E+02
   H    0.165985E+00  0.591578E+01  0.331037E+02
   H    0.597919E+01  0.327494E+01  0.263450E+02
   H    0.430442E+01  0.233125E+01  0.238720E+02
   H    0.451330E+01  0.191535E+01  0.345957E+02
   H    0.699748E+01  0.366099E+01  0.348792E+02
   H    0.648460E+01  0.159625E+02  0.221935E+02
   H    0.883637E+01  0.138346E+02  0.225702E+02
   H    0.553905E+00  0.123575E+02  0.197765E+02
   H    0.497582E+01  0.999640E+01  0.197690E+02
   H    0.315371E+01  0.184318E+02  0.204367E+02
   H    0.177548E+01  0.174900E+02  0.228239E+02
   H    0.300265E+00  0.121001E+02  0.275423E+02
   H    0.175310E+01  0.107032E+02  0.256064E+02
   H    0.508772E+01  0.130457E+02  0.349911E+02
   H    0.662261E+01  0.139483E+02  0.326711E+02
   H    0.108394E+02  0.103992E+02  0.327867E+02
   H    0.104533E+02  0.123407E+02  0.304927E+02
   H    0.324696E+01  0.958423E+01  0.359647E+02
   H    0.564349E+01  0.150282E+02  0.281317E+02
   H    0.758495E+01  0.159886E+02  0.259981E+02
   H    0.131296E+02  0.148547E+02  0.323876E+02
   H    0.143903E+02  0.160539E+02  0.300228E+02
   H    0.276020E+00  0.112702E+02  0.318244E+02
   H    0.342041E+01  0.169939E+02  0.348046E+02
   H    0.917580E+00  0.184523E+02  0.358192E+02
 
   ATOMIC_VELOCITIES
   O    0.000000E+00  0.000000E+00  0.000000E+00
   O    0.000000E+00  0.000000E+00  0.000000E+00
   O    0.000000E+00  0.000000E+00  0.000000E+00
   O    0.000000E+00  0.000000E+00  0.000000E+00
   O    0.000000E+00  0.000000E+00  0.000000E+00
   O    0.000000E+00  0.000000E+00  0.000000E+00
   O    0.000000E+00  0.000000E+00  0.000000E+00
   O    0.000000E+00  0.000000E+00  0.000000E+00
   O    0.000000E+00  0.000000E+00  0.000000E+00
   O    0.000000E+00  0.000000E+00  0.000000E+00
   O    0.000000E+00  0.000000E+00  0.000000E+00
   O    0.000000E+00  0.000000E+00  0.000000E+00
   O    0.000000E+00  0.000000E+00  0.000000E+00
   O    0.000000E+00  0.000000E+00  0.000000E+00
   O    0.000000E+00  0.000000E+00  0.000000E+00
   O    0.000000E+00  0.000000E+00  0.000000E+00
   O    0.000000E+00  0.000000E+00  0.000000E+00
   O    0.000000E+00  0.000000E+00  0.000000E+00
   O    0.000000E+00  0.000000E+00  0.000000E+00
   O    0.000000E+00  0.000000E+00  0.000000E+00
   O    0.000000E+00  0.000000E+00  0.000000E+00
   O    0.000000E+00  0.000000E+00  0.000000E+00
   O    0.000000E+00  0.000000E+00  0.000000E+00
   O    0.000000E+00  0.000000E+00  0.000000E+00
   O    0.000000E+00  0.000000E+00  0.000000E+00
   O    0.000000E+00  0.000000E+00  0.000000E+00
   O    0.000000E+00  0.000000E+00  0.000000E+00
   O    0.000000E+00  0.000000E+00  0.000000E+00
   O    0.000000E+00  0.000000E+00  0.000000E+00
   O    0.000000E+00  0.000000E+00  0.000000E+00
   O    0.000000E+00  0.000000E+00  0.000000E+00
   O    0.000000E+00  0.000000E+00  0.000000E+00
   O    0.000000E+00  0.000000E+00  0.000000E+00
   O    0.000000E+00  0.000000E+00  0.000000E+00
   O    0.000000E+00  0.000000E+00  0.000000E+00
   O    0.000000E+00  0.000000E+00  0.000000E+00
   O    0.000000E+00  0.000000E+00  0.000000E+00
   O    0.000000E+00  0.000000E+00  0.000000E+00
   O    0.000000E+00  0.000000E+00  0.000000E+00
   O    0.000000E+00  0.000000E+00  0.000000E+00
   O    0.000000E+00  0.000000E+00  0.000000E+00
   O    0.000000E+00  0.000000E+00  0.000000E+00
   O    0.000000E+00  0.000000E+00  0.000000E+00
   O    0.000000E+00  0.000000E+00  0.000000E+00
   O    0.000000E+00  0.000000E+00  0.000000E+00
   O    0.000000E+00  0.000000E+00  0.000000E+00
   O    0.000000E+00  0.000000E+00  0.000000E+00
   O    0.000000E+00  0.000000E+00  0.000000E+00
   O    0.000000E+00  0.000000E+00  0.000000E+00
   O    0.000000E+00  0.000000E+00  0.000000E+00
   O    0.000000E+00  0.000000E+00  0.000000E+00
   O    0.000000E+00  0.000000E+00  0.000000E+00
   O    0.000000E+00  0.000000E+00  0.000000E+00
   O    0.000000E+00  0.000000E+00  0.000000E+00
   O    0.000000E+00  0.000000E+00  0.000000E+00
   O    0.000000E+00  0.000000E+00  0.000000E+00
   O    0.000000E+00  0.000000E+00  0.000000E+00
   O    0.000000E+00  0.000000E+00  0.000000E+00
   O    0.000000E+00  0.000000E+00  0.000000E+00
   O    0.000000E+00  0.000000E+00  0.000000E+00
   O    0.000000E+00  0.000000E+00  0.000000E+00
   O    0.000000E+00  0.000000E+00  0.000000E+00
   O    0.000000E+00  0.000000E+00  0.000000E+00
   O    0.000000E+00  0.000000E+00  0.000000E+00
   H    0.000000E+00  0.000000E+00  0.000000E+00
   H    0.000000E+00  0.000000E+00  0.000000E+00
   H    0.000000E+00  0.000000E+00  0.000000E+00
   H    0.000000E+00  0.000000E+00  0.000000E+00
   H    0.000000E+00  0.000000E+00  0.000000E+00
   H    0.000000E+00  0.000000E+00  0.000000E+00
   H    0.000000E+00  0.000000E+00  0.000000E+00
   H    0.000000E+00  0.000000E+00  0.000000E+00
   H    0.000000E+00  0.000000E+00  0.000000E+00
   H    0.000000E+00  0.000000E+00  0.000000E+00
   H    0.000000E+00  0.000000E+00  0.000000E+00
   H    0.000000E+00  0.000000E+00  0.000000E+00
   H    0.000000E+00  0.000000E+00  0.000000E+00
   H    0.000000E+00  0.000000E+00  0.000000E+00
   H    0.000000E+00  0.000000E+00  0.000000E+00
   H    0.000000E+00  0.000000E+00  0.000000E+00
   H    0.000000E+00  0.000000E+00  0.000000E+00
   H    0.000000E+00  0.000000E+00  0.000000E+00
   H    0.000000E+00  0.000000E+00  0.000000E+00
   H    0.000000E+00  0.000000E+00  0.000000E+00
   H    0.000000E+00  0.000000E+00  0.000000E+00
   H    0.000000E+00  0.000000E+00  0.000000E+00
   H    0.000000E+00  0.000000E+00  0.000000E+00
   H    0.000000E+00  0.000000E+00  0.000000E+00
   H    0.000000E+00  0.000000E+00  0.000000E+00
   H    0.000000E+00  0.000000E+00  0.000000E+00
   H    0.000000E+00  0.000000E+00  0.000000E+00
   H    0.000000E+00  0.000000E+00  0.000000E+00
   H    0.000000E+00  0.000000E+00  0.000000E+00
   H    0.000000E+00  0.000000E+00  0.000000E+00
   H    0.000000E+00  0.000000E+00  0.000000E+00
   H    0.000000E+00  0.000000E+00  0.000000E+00
   H    0.000000E+00  0.000000E+00  0.000000E+00
   H    0.000000E+00  0.000000E+00  0.000000E+00
   H    0.000000E+00  0.000000E+00  0.000000E+00
   H    0.000000E+00  0.000000E+00  0.000000E+00
   H    0.000000E+00  0.000000E+00  0.000000E+00
   H    0.000000E+00  0.000000E+00  0.000000E+00
   H    0.000000E+00  0.000000E+00  0.000000E+00
   H    0.000000E+00  0.000000E+00  0.000000E+00
   H    0.000000E+00  0.000000E+00  0.000000E+00
   H    0.000000E+00  0.000000E+00  0.000000E+00
   H    0.000000E+00  0.000000E+00  0.000000E+00
   H    0.000000E+00  0.000000E+00  0.000000E+00
   H    0.000000E+00  0.000000E+00  0.000000E+00
   H    0.000000E+00  0.000000E+00  0.000000E+00
   H    0.000000E+00  0.000000E+00  0.000000E+00
   H    0.000000E+00  0.000000E+00  0.000000E+00
   H    0.000000E+00  0.000000E+00  0.000000E+00
   H    0.000000E+00  0.000000E+00  0.000000E+00
   H    0.000000E+00  0.000000E+00  0.000000E+00
   H    0.000000E+00  0.000000E+00  0.000000E+00
   H    0.000000E+00  0.000000E+00  0.000000E+00
   H    0.000000E+00  0.000000E+00  0.000000E+00
   H    0.000000E+00  0.000000E+00  0.000000E+00
   H    0.000000E+00  0.000000E+00  0.000000E+00
   H    0.000000E+00  0.000000E+00  0.000000E+00
   H    0.000000E+00  0.000000E+00  0.000000E+00
   H    0.000000E+00  0.000000E+00  0.000000E+00
   H    0.000000E+00  0.000000E+00  0.000000E+00
   H    0.000000E+00  0.000000E+00  0.000000E+00
   H    0.000000E+00  0.000000E+00  0.000000E+00
   H    0.000000E+00  0.000000E+00  0.000000E+00
   H    0.000000E+00  0.000000E+00  0.000000E+00
   H    0.000000E+00  0.000000E+00  0.000000E+00
   H    0.000000E+00  0.000000E+00  0.000000E+00
   H    0.000000E+00  0.000000E+00  0.000000E+00
   H    0.000000E+00  0.000000E+00  0.000000E+00
   H    0.000000E+00  0.000000E+00  0.000000E+00
   H    0.000000E+00  0.000000E+00  0.000000E+00
   H    0.000000E+00  0.000000E+00  0.000000E+00
   H    0.000000E+00  0.000000E+00  0.000000E+00
   H    0.000000E+00  0.000000E+00  0.000000E+00
   H    0.000000E+00  0.000000E+00  0.000000E+00
   H    0.000000E+00  0.000000E+00  0.000000E+00
   H    0.000000E+00  0.000000E+00  0.000000E+00
   H    0.000000E+00  0.000000E+00  0.000000E+00
   H    0.000000E+00  0.000000E+00  0.000000E+00
   H    0.000000E+00  0.000000E+00  0.000000E+00
   H    0.000000E+00  0.000000E+00  0.000000E+00
   H    0.000000E+00  0.000000E+00  0.000000E+00
   H    0.000000E+00  0.000000E+00  0.000000E+00
   H    0.000000E+00  0.000000E+00  0.000000E+00
   H    0.000000E+00  0.000000E+00  0.000000E+00
   H    0.000000E+00  0.000000E+00  0.000000E+00
   H    0.000000E+00  0.000000E+00  0.000000E+00
   H    0.000000E+00  0.000000E+00  0.000000E+00
   H    0.000000E+00  0.000000E+00  0.000000E+00
   H    0.000000E+00  0.000000E+00  0.000000E+00
   H    0.000000E+00  0.000000E+00  0.000000E+00
   H    0.000000E+00  0.000000E+00  0.000000E+00
   H    0.000000E+00  0.000000E+00  0.000000E+00
   H    0.000000E+00  0.000000E+00  0.000000E+00
   H    0.000000E+00  0.000000E+00  0.000000E+00
   H    0.000000E+00  0.000000E+00  0.000000E+00
   H    0.000000E+00  0.000000E+00  0.000000E+00
   H    0.000000E+00  0.000000E+00  0.000000E+00
   H    0.000000E+00  0.000000E+00  0.000000E+00
   H    0.000000E+00  0.000000E+00  0.000000E+00
   H    0.000000E+00  0.000000E+00  0.000000E+00
   H    0.000000E+00  0.000000E+00  0.000000E+00
   H    0.000000E+00  0.000000E+00  0.000000E+00
   H    0.000000E+00  0.000000E+00  0.000000E+00
   H    0.000000E+00  0.000000E+00  0.000000E+00
   H    0.000000E+00  0.000000E+00  0.000000E+00
   H    0.000000E+00  0.000000E+00  0.000000E+00
   H    0.000000E+00  0.000000E+00  0.000000E+00
   H    0.000000E+00  0.000000E+00  0.000000E+00
   H    0.000000E+00  0.000000E+00  0.000000E+00
   H    0.000000E+00  0.000000E+00  0.000000E+00
   H    0.000000E+00  0.000000E+00  0.000000E+00
   H    0.000000E+00  0.000000E+00  0.000000E+00
   H    0.000000E+00  0.000000E+00  0.000000E+00
   H    0.000000E+00  0.000000E+00  0.000000E+00
   H    0.000000E+00  0.000000E+00  0.000000E+00
   H    0.000000E+00  0.000000E+00  0.000000E+00
   H    0.000000E+00  0.000000E+00  0.000000E+00
   H    0.000000E+00  0.000000E+00  0.000000E+00
   H    0.000000E+00  0.000000E+00  0.000000E+00
   H    0.000000E+00  0.000000E+00  0.000000E+00
   H    0.000000E+00  0.000000E+00  0.000000E+00
   H    0.000000E+00  0.000000E+00  0.000000E+00
   H    0.000000E+00  0.000000E+00  0.000000E+00
   H    0.000000E+00  0.000000E+00  0.000000E+00
   H    0.000000E+00  0.000000E+00  0.000000E+00
   H    0.000000E+00  0.000000E+00  0.000000E+00
   H    0.000000E+00  0.000000E+00  0.000000E+00
   H    0.000000E+00  0.000000E+00  0.000000E+00
 
   Forces acting on atoms (au):
   O   -0.394233E-01  0.808597E+00  0.809987E-02
   O    0.295708E+00  0.896689E+00  0.299067E+00
   O   -0.420871E+00  0.424281E+00  0.125826E+00
   O   -0.168933E+00 -0.253516E+00  0.620280E+00
   O    0.173517E+00  0.535976E+00 -0.533064E+00
   O   -0.611794E+00  0.146985E+00  0.594544E-01
   O   -0.324553E+00 -0.268996E+00 -0.239803E+00
   O   -0.169225E-01  0.489288E+00  0.436437E+00
   O   -0.314202E+00  0.333520E+00  0.653143E+00
   O   -0.732799E+00 -0.198172E+00 -0.164828E+00
   O   -0.326792E+00  0.394509E+00  0.543507E+00
   O   -0.632898E+00  0.155179E+00 -0.168392E+00
   O    0.830956E-01  0.233743E+00 -0.517003E+00
   O    0.574840E+00 -0.282606E+00 -0.201439E+00
   O   -0.139911E+00 -0.405359E+00 -0.823900E+00
   O   -0.375387E+00  0.134063E+00  0.212830E+00
   O   -0.137108E+00 -0.443929E+00  0.461298E+00
   O   -0.563329E+00 -0.171381E+00  0.488926E+00
   O    0.718110E+00 -0.378959E+00  0.150457E+00
   O   -0.273625E+00 -0.654304E+00 -0.435766E+00
   O   -0.225429E+00  0.132381E+00  0.404508E+00
   O   -0.499224E+00  0.375959E+00  0.449896E-01
   O    0.163826E+00  0.470301E+00 -0.510294E+00
   O    0.424611E+00  0.405072E+00  0.430941E+00
   O   -0.525935E-01  0.415323E+00  0.756181E-01
   O    0.575625E+00  0.252279E-01  0.471692E+00
   O    0.245840E+00  0.486954E+00 -0.105994E+00
   O   -0.668598E+00  0.136637E+00 -0.105669E+00
   O   -0.183208E+00  0.204582E+00  0.111598E+00
   O    0.242587E+00  0.676977E+00  0.484510E-01
   O    0.762522E+00  0.479365E-01  0.135671E+00
   O    0.391659E+00  0.529824E+00  0.484983E+00
   O   -0.244903E+00  0.747184E+00  0.896172E-02
   O    0.352980E+00  0.868965E+00 -0.651774E-01
   O   -0.667673E+00  0.443235E+00  0.366047E+00
   O    0.575473E-02 -0.196793E+00  0.444833E+00
   O   -0.579478E-02  0.322005E+00 -0.398065E+00
   O   -0.678153E+00 -0.460069E-01 -0.736098E-01
   O   -0.902239E-01 -0.245301E+00 -0.497466E+00
   O   -0.161001E+00  0.744525E+00  0.216046E+00
   O   -0.147373E+00  0.154897E+00  0.445672E+00
   O   -0.664867E+00 -0.218474E+00 -0.944678E-01
   O   -0.362002E+00  0.557294E+00  0.448244E+00
   O   -0.807293E+00  0.223999E+00 -0.372425E+00
   O   -0.626233E-01  0.773528E-01 -0.535094E+00
   O    0.731495E+00 -0.343573E+00 -0.141185E+00
   O    0.302086E-01 -0.259212E+00 -0.829638E+00
   O   -0.408551E+00  0.699046E-01  0.134467E+00
   O    0.194361E-01 -0.327743E+00  0.494946E+00
   O   -0.244981E+00 -0.177359E+00  0.365455E+00
   O    0.753243E+00 -0.361232E+00  0.219692E+00
   O   -0.296504E+00 -0.552087E+00 -0.284980E+00
   O   -0.346182E+00  0.179363E+00  0.379271E+00
   O   -0.398416E+00  0.520606E+00  0.179706E+00
   O   -0.158628E+00  0.392589E+00 -0.404399E+00
   O    0.120053E+00  0.367718E+00  0.523030E+00
   O   -0.283371E+00  0.448748E+00  0.674412E-01
   O    0.533061E+00 -0.418438E-01  0.333094E+00
   O    0.725591E-01  0.572446E+00 -0.162788E+00
   O   -0.828808E+00 -0.150712E-01 -0.187455E+00
   O   -0.601927E+00 -0.710561E-02  0.280848E+00
   O    0.376015E+00  0.381657E+00  0.291901E+00
   O    0.496787E+00  0.846648E-01  0.593302E-01
   O    0.608437E+00  0.455823E+00  0.950928E+00
   H    0.240059E+00 -0.222331E+00 -0.428633E+00
   H   -0.989628E-01 -0.311163E+00  0.367103E+00
   H   -0.501242E+00  0.285755E+00 -0.340433E+00
   H   -0.311174E+00 -0.392153E+00  0.205938E+00
   H    0.305903E+00 -0.193227E+00 -0.396903E+00
   H    0.366388E+00 -0.484675E+00  0.156817E+00
   H    0.308238E+00  0.257181E+00 -0.296031E+00
   H    0.810821E-01  0.512947E+00 -0.237360E+00
   H    0.709860E-01 -0.545595E+00 -0.118395E+00
   H   -0.244936E+00  0.109776E+00  0.475539E+00
   H   -0.968746E-01  0.420505E+00  0.201157E+00
   H    0.648242E-01 -0.244277E+00 -0.408413E+00
   H   -0.135747E+00  0.348714E+00  0.475577E+00
   H    0.359286E+00 -0.180086E+00 -0.270278E+00
   H   -0.366210E+00 -0.293111E+00 -0.559514E-01
   H   -0.238221E+00 -0.327387E+00 -0.241141E+00
   H    0.550653E+00  0.116336E+00 -0.173174E+00
   H    0.128620E+00 -0.261468E+00  0.277699E+00
   H    0.329671E+00  0.366244E+00 -0.504232E-01
   H    0.545140E+00 -0.165594E+00 -0.914239E-01
   H   -0.255338E+00 -0.284979E+00 -0.316967E+00
   H    0.420115E+00 -0.280573E+00 -0.299404E+00
   H    0.172312E+00  0.273022E-01  0.499562E+00
   H    0.312822E+00 -0.419976E+00  0.236257E+00
   H   -0.289263E+00  0.223396E+00  0.488377E+00
   H   -0.334430E-01 -0.313707E+00 -0.334035E+00
   H   -0.469648E+00 -0.295602E+00  0.928948E-01
   H   -0.277535E+00  0.402509E+00  0.199637E+00
   H    0.262179E+00 -0.399942E+00  0.211701E+00
   H    0.324198E+00  0.219941E+00 -0.394134E+00
   H    0.479802E+00  0.254370E+00 -0.773722E-01
   H    0.371377E+00  0.286700E+00  0.296303E+00
   H    0.285973E+00 -0.228785E+00 -0.455504E+00
   H   -0.489144E+00 -0.479848E-01 -0.497441E-01
   H    0.187865E+00  0.448670E+00 -0.108804E+00
   H   -0.277962E+00  0.503308E+00 -0.209447E+00
   H    0.532179E+00  0.199729E+00  0.347986E+00
   H    0.161540E+00  0.209501E+00 -0.361240E+00
   H    0.192646E+00 -0.383768E+00 -0.187907E-01
   H    0.395834E+00  0.205795E+00  0.109261E+00
   H    0.316854E+00 -0.144425E+00  0.308891E+00
   H   -0.699195E-01 -0.347966E+00 -0.284855E+00
   H   -0.309512E+00 -0.228137E+00  0.265968E+00
   H    0.214342E+00  0.137904E+00  0.211880E+00
   H   -0.466193E+00  0.893412E-01 -0.103295E+00
   H    0.115581E+00 -0.491200E+00 -0.788292E-02
   H    0.578943E+00 -0.973187E-01  0.619833E-01
   H    0.377293E+00 -0.198622E+00  0.300384E+00
   H   -0.136339E+00  0.139811E+00 -0.549743E+00
   H   -0.382049E+00 -0.115601E+00  0.144210E+00
   H   -0.371637E+00 -0.621777E-01  0.296889E+00
   H   -0.105496E-02 -0.472272E+00 -0.197191E+00
   H    0.262118E-01 -0.242800E+00  0.479433E+00
   H    0.570552E+00  0.131635E-01 -0.266967E+00
   H    0.263936E+00 -0.321850E+00  0.136945E+00
   H    0.244604E+00  0.183385E+00 -0.483100E+00
   H   -0.655042E-01 -0.348312E+00 -0.400464E+00
   H   -0.390382E+00 -0.342788E+00  0.914308E-01
   H    0.161789E+00 -0.457828E-01 -0.376415E+00
   H   -0.528977E+00 -0.236615E+00  0.152475E+00
   H   -0.261159E-01  0.163829E+00 -0.489104E+00
   H    0.308883E+00 -0.160829E+00  0.408902E+00
   H    0.143860E+00 -0.283165E+00 -0.216598E+00
   H   -0.659312E+00  0.770483E-02 -0.331220E-01
   H    0.184589E+00 -0.266631E+00 -0.402053E+00
   H   -0.105882E+00 -0.258663E+00  0.359985E+00
   H   -0.541438E+00  0.274555E+00 -0.377691E+00
   H   -0.326038E+00 -0.365012E+00  0.214045E+00
   H    0.275330E+00 -0.163141E+00 -0.340056E+00
   H    0.367470E+00 -0.444379E+00  0.186014E+00
   H    0.295489E+00  0.314218E+00 -0.319520E+00
   H    0.674719E-01  0.534084E+00 -0.255442E+00
   H    0.430113E-01 -0.540379E+00 -0.897786E-01
   H   -0.209633E+00  0.673484E-01  0.411550E+00
   H   -0.832793E-01  0.423414E+00  0.128450E+00
   H    0.394160E-01 -0.199703E+00 -0.362127E+00
   H   -0.971326E-01  0.364416E+00  0.514477E+00
   H    0.386472E+00 -0.189458E+00 -0.291922E+00
   H   -0.366381E+00 -0.289835E+00 -0.823412E-01
   H   -0.226881E+00 -0.307020E+00 -0.263076E+00
   H    0.525194E+00  0.907173E-01 -0.136927E+00
   H    0.106887E+00 -0.307737E+00  0.241340E+00
   H    0.304127E+00  0.377636E+00 -0.560693E-01
   H    0.560038E+00 -0.135327E+00 -0.985987E-01
   H   -0.258776E+00 -0.236524E+00 -0.316127E+00
   H    0.430701E+00 -0.245729E+00 -0.302424E+00
   H    0.197793E+00  0.295383E-01  0.510721E+00
   H    0.315365E+00 -0.439625E+00  0.226665E+00
   H   -0.317270E+00  0.231760E+00  0.465593E+00
   H   -0.560992E-01 -0.337453E+00 -0.359267E+00
   H   -0.505236E+00 -0.304051E+00  0.103339E+00
   H   -0.256725E+00  0.375668E+00  0.174805E+00
   H    0.276550E+00 -0.400014E+00  0.250309E+00
   H    0.304435E+00  0.209842E+00 -0.430837E+00
   H    0.450340E+00  0.268766E+00 -0.499006E-01
   H    0.392168E+00  0.257999E+00  0.255866E+00
   H    0.259093E+00 -0.197586E+00 -0.450216E+00
   H   -0.541064E+00 -0.203939E-01 -0.442973E-01
   H    0.186055E+00  0.443623E+00 -0.954062E-01
   H   -0.263518E+00  0.492737E+00 -0.174329E+00
   H    0.495670E+00  0.193922E+00  0.346331E+00
   H    0.151587E+00  0.233268E+00 -0.340507E+00
   H    0.139113E+00 -0.362672E+00 -0.178270E-01
   H    0.452120E+00  0.219413E+00  0.100528E+00
   H    0.291114E+00 -0.128280E+00  0.236919E+00
   H   -0.499929E-01 -0.275135E+00 -0.270714E+00
   H   -0.309320E+00 -0.215270E+00  0.239594E+00
   H    0.209233E+00  0.152000E+00  0.242443E+00
   H   -0.514171E+00  0.440561E-01 -0.124477E+00
   H    0.145315E+00 -0.495436E+00  0.858309E-02
   H    0.534933E+00 -0.916997E-01  0.538651E-01
   H    0.412731E+00 -0.282770E+00  0.295584E+00
   H   -0.138419E+00  0.139043E+00 -0.523927E+00
   H   -0.428354E+00 -0.134980E+00  0.162490E+00
   H   -0.380229E+00 -0.136656E+00  0.321965E+00
   H    0.111685E-01 -0.501343E+00 -0.196370E+00
   H    0.286340E-01 -0.291292E+00  0.485851E+00
   H    0.588581E+00  0.584236E-02 -0.282037E+00
   H    0.247410E+00 -0.315410E+00  0.157110E+00
   H    0.192631E+00  0.126535E+00 -0.486903E+00
   H   -0.891928E-01 -0.310593E+00 -0.406375E+00
   H   -0.388170E+00 -0.382515E+00  0.102521E+00
   H    0.167912E+00 -0.856315E-01 -0.430230E+00
   H   -0.465655E+00 -0.174990E+00  0.140751E+00
   H   -0.124109E+00  0.109654E+00 -0.459269E+00
   H    0.358593E+00 -0.162828E+00  0.352393E+00
   H    0.145035E+00 -0.277399E+00 -0.206299E+00
   H   -0.634638E+00  0.505116E-02  0.380577E-01

   Center of mass displacement (a.u.):   0.000000
 
   CELL_PARAMETERS
   18.65000000    0.00000000    0.00000000
    0.00000000   18.65000000    0.00000000
    0.00000000    0.00000000   37.30000000
 
   Total stress (GPa)
      504.35722445         4.06859144       -11.64335692
        4.06859144       486.88682092         2.66992890
      -11.64335692         2.66992890       488.12827262

   System Density [g/cm^3] :     0.9959

   Eigenvalues (eV), kp =   1 , spin =  1

  -34.61  -34.37  -33.84  -33.56  -33.38  -33.22  -33.12  -32.98  -32.68  -32.63
  -32.56  -32.25  -32.17  -32.04  -31.96  -31.88  -31.68  -31.61  -31.49  -31.41
  -31.18  -31.09  -30.94  -30.78  -30.69  -30.61  -30.43  -30.41  -30.29  -30.27
  -29.87  -29.72  -29.69  -29.48  -29.35  -29.06  -28.95  -28.83  -28.71  -28.68
  -28.48  -28.26  -28.02  -27.91  -27.83  -27.64  -27.30  -27.19  -27.03  -26.71
  -26.46  -26.40  -26.18  -26.06  -25.59  -25.42  -25.05  -24.63  -24.27  -24.00
  -23.03  -22.87  -22.48  -21.52   -5.03   -4.67   -4.46   -4.07   -3.72   -3.44
   -3.20   -2.97   -2.88   -2.58   -2.38   -2.11   -1.84   -1.69   -1.56   -1.47
   -1.28   -0.96   -0.85   -0.59   -0.44   -0.34   -0.23    0.03    0.20    0.40
    0.73    0.87    1.21    1.38    1.59    1.75    1.86    2.11    2.25    2.45
    2.67    2.76    3.01    3.18    3.34    3.58    3.66    3.98    4.09    4.35
    4.48    4.57    4.80    5.04    5.08    5.40    5.57    5.86    6.20    6.28
    6.36    6.64    6.82    7.07    7.33    7.47    7.55    7.75    7.90    8.20
    8.30    8.66    8.80    8.98    9.44    9.57    9.77    9.94   10.22   10.34
   10.40   10.87   10.98   11.36   11.53   11.63   11.73   12.02   12.14   12.25
   12.54   12.83   13.21   13.37   13.53   13.90   14.25   14.52   14.74   15.02
   15.19   15.42   15.64   15.81   16.01   16.24   16.47   16.88   17.10   17.46
   17.51   17.77   18.18   18.21   18.32   18.66   19.03   19.11   19.51   19.68
   20.12   20.28   20.50   20.87   20.96   21.26   21.63   21.85   21.98   22.28
   22.36   22.70   22.87   23.03   23.24   23.49   23.95   24.13   24.34   24.67
   25.00   25.16   25.25   25.80   26.16   26.27   26.38   26.44   26.89   27.11
   27.56   27.61   27.96   28.14   28.47   28.53   28.87   29.04   29.43   29.58
   29.73   29.96   30.22   30.46   30.72   31.13   31.38   31.43   31.53   31.72
   32.15   32.27   32.61   32.98   33.15   33.55   33.60   33.78   34.11   34.26
   34.62   34.85   35.07   35.24   35.32   35.44   35.95   36.11   36.53   36.82
   37.16   37.28   38.03   38.29   38.42   39.39


   Partial temperatures (for each ionic specie) 
   Species  Temp (K)   MSD (AU)
        1       0.00     0.0000
        2       0.00     0.0000


   nfi     ekinc  temph  tempp         etot       enthal        econs         ettt
    10  69.35469    0.0    0.0   -525.23114   -525.23114   -525.23114   -455.87644
 
   Execution time statistics (SEC)
   Mean time for MD step ..     208.166
 
   Wave functions FFT execution time statistics
   total number of ffts ..      4224
   average time per fft ..   0.36437
   total fft time    .....1539.11689
 
 
   Charge density and potential FFT execution statistics
   total number of ffts ..        99
   average time per fft ..   0.76469
   total fft time    .....  75.70439
 

   PC3FFT TIMINGS
    FFTXP    FFTYP    FFTZP    TRASP    FFTXW    FFTYW    FFTZW    TRASW
    0.000    0.000    0.000    0.000    0.000    0.000    0.000    0.000


   Averaged Physical Quantities
                 accomulated    this run
   EKINC           204.09316   204.09316 (AU)
   TOTEL ENERGY    932.11150   932.11150 (AU)
   TEMPERATURE       0.00000     0.00000 (K )
   ENTHALPY        932.11150   932.11150 (AU)
   ECONS           932.11150   932.11150 (AU)
   PRESSURE       5460.89900  5460.89900 (Gpa)
   VOLUME        12973.77925 12973.77925 (AU)


 
   mp_buffers: high_watermark (bytes):            0
 
   mp: high_watermark (bytes):           12
 
     CP           : 39m40.86s CPU time

 
   This run was terminated on:   4:28:18   2Nov2005            

=------------------------------------------------------------------------------=
   ELAPSED SECONDS:  2383.0
   JOB DONE.
=------------------------------------------------------------------------------=
