
     Program PROJWFC v.5.1.1 (svn rev. 11314) starts on 27Jan2015 at 11:16:59 

     This program is part of the open-source Quantum ESPRESSO suite
     for quantum simulation of materials; please cite
         "P. Giannozzi et al., J. Phys.:Condens. Matter 21 395502 (2009);
          URL http://www.quantum-espresso.org", 
     in publications or presentations arising from this work. More details at
     http://www.quantum-espresso.org/quote

     Parallel version (MPI), running on     1 processors

     Reading data from directory:
     /home/guido/InCorso.d/2015.d/MOPDOS.d/2015.01.19_espresso_svn11314.d/tempdir/H2AB.save

   Info: using nr1, nr2, nr3 values from input

   Info: using nr1s, nr2s, nr3s values from input

     IMPORTANT: XC functional enforced from input :
     Exchange-correlation      = PBE ( 1  4  3  4 0 0)
     Any further DFT definition will be discarded
     Please, verify this is what you really want


    ============================================================
    |  pseudopotential report for atomic species:  1           |
    |        pseudo potential version   7   3   2              |
    ------------------------------------------------------------
    |  hydrogen            PBE                  exchange-corr  |
    |  z =   1.    zv( 1) =   1.    exfact =   5.00000         |
    |  ifpcor =  0           atomic energy =  -0.91772 Ry      |
    |  index    orbital      occupation    energy              |
    |    1        100           1.00       -0.48               |
    |  rinner =  0.5000                                        |
    |    new generation scheme:                                |
    |    nbeta =  1     kkbeta =  271     rcloc =    0.6000    |
    |    ibeta    l     epsilon   rcut                         |
    |      1       0      -0.48   0.80                         |
    ============================================================
 
     G-vector sticks info
     --------------------
     sticks:   dense  smooth     PW     G-vecs:    dense   smooth      PW
     Sum        1725    1725    429               107209   107209   13363
     Tot         863     863    215
 

     negative rho (up, down):  2.081E-02 0.000E+00

     Gaussian broadening (read from input): ngauss,degauss=   0    0.007430


     Calling projwave .... 
     gamma-point specific algorithms are used

     Atomic states used for projection
     (read from pseudopotential files):

     state #   1: atom   1 (H  ), wfc  1 (l=0 m= 1)
     state #   2: atom   2 (H  ), wfc  1 (l=0 m= 1)
     state #   3: atom   3 (H  ), wfc  1 (l=0 m= 1)
     state #   4: atom   4 (H  ), wfc  1 (l=0 m= 1)

 k =   0.0000000000  0.0000000000  0.0000000000
==== e(   1) =    -9.01141 eV ==== 
     psi = 0.491*[#   3]+0.491*[#   4]+
    |psi|^2 = 0.983
==== e(   2) =    -8.71503 eV ==== 
     psi = 0.493*[#   1]+0.493*[#   2]+
    |psi|^2 = 0.987
==== e(   3) =    -1.46925 eV ==== 
     psi = 0.441*[#   1]+0.441*[#   2]+
    |psi|^2 = 0.882
==== e(   4) =    -0.87638 eV ==== 
     psi = 0.410*[#   3]+0.410*[#   4]+
    |psi|^2 = 0.820
==== e(   5) =    -0.75307 eV ==== 
     psi = 0.001*[#   3]+0.001*[#   4]+
    |psi|^2 = 0.004
==== e(   6) =    -0.38630 eV ==== 
     psi = 
    |psi|^2 = 0.000
==== e(   7) =    -0.12192 eV ==== 
     psi = 0.001*[#   3]+0.001*[#   4]+0.001*[#   1]+0.001*[#   2]+
    |psi|^2 = 0.005
==== e(   8) =     1.00619 eV ==== 
     psi = 
    |psi|^2 = 0.000

Lowdin Charges: 

     Atom #   1: total charge =   0.9865, s =  0.9865, 
     Atom #   2: total charge =   0.9865, s =  0.9865, 
     Atom #   3: total charge =   0.9827, s =  0.9827, 
     Atom #   4: total charge =   0.9827, s =  0.9827, 
     Spilling Parameter:   0.0154
 
     PROJWFC      :     0.41s CPU         0.43s WALL

 
   This run was terminated on:  11:17: 0  27Jan2015            

=------------------------------------------------------------------------------=
   JOB DONE.
=------------------------------------------------------------------------------=
