
     Program PHONON v.5.0.2 (svn rev. 9400) starts on  6Dec2012 at 16:11: 5 

     This program is part of the open-source Quantum ESPRESSO suite
     for quantum simulation of materials; please cite
         "P. Giannozzi et al., J. Phys.:Condens. Matter 21 395502 (2009);
          URL http://www.quantum-espresso.org", 
     in publications or presentations arising from this work. More details at
     http://www.quantum-espresso.org/quote.php

     Serial version

     Ultrasoft (Vanderbilt) Pseudopotentials

   Info: using nr1, nr2, nr3 values from input

   Info: using nr1s, nr2s, nr3s values from input

     IMPORTANT: XC functional enforced from input :
     Exchange-correlation      =  SLA  PZ   NOGX NOGC ( 1 1 0 0 0)
     EXX-fraction              =        0.00
     Any further DFT definition will be discarded
     Please, verify this is what you really want

 
     G-vector sticks info
     --------------------
     sticks:   dense  smooth     PW     G-vecs:    dense   smooth      PW
     Sum         151     151     61                 1243     1243     307
 

     Calculation of q =    0.0000000   0.0000000   0.0000000

                                                                                

     bravais-lattice index     =            2
     lattice parameter (alat)  =      10.5750  a.u.
     unit-cell volume          =     295.6522 (a.u.)^3
     number of atoms/cell      =            2
     number of atomic types    =            2
     kinetic-energy cut-off    =      10.0000  Ry
     charge density cut-off    =      40.0000  Ry
     convergence threshold     =      1.0E-12
     beta                      =       0.7000
     number of iterations used =            4
     Exchange-correlation      =  SLA  PZ   NOGX NOGC ( 1 1 0 0 0)
     EXX-fraction              =        0.00


     celldm(1)=   10.57500  celldm(2)=    0.00000  celldm(3)=    0.00000
     celldm(4)=    0.00000  celldm(5)=    0.00000  celldm(6)=    0.00000

     crystal axes: (cart. coord. in units of alat)
               a(1) = ( -0.5000  0.0000  0.5000 )  
               a(2) = (  0.0000  0.5000  0.5000 )  
               a(3) = ( -0.5000  0.5000  0.0000 )  

     reciprocal axes: (cart. coord. in units 2 pi/alat)
               b(1) = ( -1.0000 -1.0000  1.0000 )  
               b(2) = (  1.0000  1.0000  1.0000 )  
               b(3) = ( -1.0000  1.0000 -1.0000 )  


     Atoms inside the unit cell: 

   Cartesian axes

     site n.  atom      mass           positions (alat units)
        1        Al  26.9800   tau( 1) = (    0.00000    0.00000    0.00000  )
        2        As  74.9200   tau( 2) = (    0.25000    0.25000    0.25000  )

     Computing dynamical matrix for 
                    q = (   0.0000000   0.0000000   0.0000000 )
 
     25 Sym.Ops. (with q -> -q+G )


     G cutoff =  113.3081  (   1243 G-vectors)     FFT grid: ( 15, 15, 15)
     number of k points=    10
                       cart. coord. in units 2pi/alat
        k(    1) = (  -0.1250000   0.1250000   0.1250000), wk =   0.0625000
        k(    2) = (  -0.3750000   0.3750000  -0.1250000), wk =   0.1875000
        k(    3) = (   0.3750000  -0.3750000   0.6250000), wk =   0.1875000
        k(    4) = (   0.1250000  -0.1250000   0.3750000), wk =   0.1875000
        k(    5) = (  -0.1250000   0.6250000   0.1250000), wk =   0.1875000
        k(    6) = (   0.6250000  -0.1250000   0.8750000), wk =   0.3750000
        k(    7) = (   0.3750000   0.1250000   0.6250000), wk =   0.3750000
        k(    8) = (  -0.1250000  -0.8750000   0.1250000), wk =   0.1875000
        k(    9) = (  -0.3750000   0.3750000   0.3750000), wk =   0.0625000
        k(   10) = (   0.3750000  -0.3750000   1.1250000), wk =   0.1875000

     PseudoPot. # 1 for Al read from file:
     /home/giannozz/trunk/espresso/pseudo/Al.pz-vbc.UPF
     MD5 check sum: 614279c88ff8d45c90147292d03ed420
     Pseudo is Norm-conserving, Zval =  3.0
     Generated by new atomic code, or converted to UPF format
     Using radial grid of  171 points,  2 beta functions with: 
                l(1) =   0
                l(2) =   1

     PseudoPot. # 2 for As read from file:
     /home/giannozz/trunk/espresso/pseudo/As.pz-bhs.UPF
     MD5 check sum: 451cd3365afcfc94d28b1934951c34a8
     Pseudo is Norm-conserving, Zval =  5.0
     Generated by new atomic code, or converted to UPF format
     Using radial grid of  525 points,  2 beta functions with: 
                l(1) =   0
                l(2) =   1


     Electric field:
     Dielectric constant
     Born effective charges as d Force / d E
     Raman tensor
     Electro-optic tensor


     Atomic displacements:
     There are   2 irreducible representations

     Representation     1      3 modes -T_2  G_15 P_4  To be done

     Representation     2      3 modes -T_2  G_15 P_4  To be done



     Alpha used in Ewald sum =   0.4000
     PHONON       :     0.42s CPU         0.52s WALL


     Electric Fields Calculation

      iter #   1 total cpu time :     0.9 secs   av.it.:   6.0
      thresh= 0.100E-01 alpha_mix =  0.700 |ddv_scf|^2 =  0.275E-05

      iter #   2 total cpu time :     1.0 secs   av.it.:   9.5
      thresh= 0.166E-03 alpha_mix =  0.700 |ddv_scf|^2 =  0.137E-06

      iter #   3 total cpu time :     1.2 secs   av.it.:   9.3
      thresh= 0.370E-04 alpha_mix =  0.700 |ddv_scf|^2 =  0.868E-09

      iter #   4 total cpu time :     1.4 secs   av.it.:   9.4
      thresh= 0.295E-05 alpha_mix =  0.700 |ddv_scf|^2 =  0.379E-11

      iter #   5 total cpu time :     1.6 secs   av.it.:   8.9
      thresh= 0.195E-06 alpha_mix =  0.700 |ddv_scf|^2 =  0.780E-13

     End of electric fields calculation

          Dielectric constant in cartesian axis 

          (       8.814840952       0.000000000       0.000000000 )
          (       0.000000000       8.814840952       0.000000000 )
          (       0.000000000       0.000000000       8.814840952 )

          Effective charges (d Force / dE) in cartesian axis

           atom      1   Al 
      Ex  (        2.14172        0.00000        0.00000 )
      Ey  (        0.00000        2.14172        0.00000 )
      Ez  (        0.00000        0.00000        2.14172 )
           atom      2   As 
      Ex  (       -2.14328        0.00000        0.00000 )
      Ey  (        0.00000       -2.14328        0.00000 )
      Ez  (        0.00000        0.00000       -2.14328 )

     Calling punch_plot_e
     Writing on file  alas.drho                                                                                                                                                                                                                                                       

     Computing Pc [DH,Drho] |psi> 

     Derivative coefficient:  0.001000    Threshold: 1.00E-12
     Non-scf  u_k: avg # of iterations = 15.2
     Non-scf Du_k: avg # of iterations = 21.2

          Dielectric constant from finite-differences

          (       8.811550918       0.000000000       0.000000000 )
          (       0.000000000       8.811550918       0.000000000 )
          (       0.000000000       0.000000000       8.811550918 )

              Electro-optic tensor is defined as 
            the derivative of the dielectric tensor 
              with respect to one electric field 
                 units are Rydberg a.u. 

            to obtain the static chi^2 multiply by 1/2  

            to convert to pm/Volt multiply per 2.7502  


          Electro-optic tensor in cartesian axis: 

          (       0.000000000       0.000000000       0.000000000 )
          (       0.000000000       0.000000000      40.456614579 )
          (       0.000000000      40.456614579       0.000000000 )

          (       0.000000000       0.000000000      40.456614579 )
          (       0.000000000       0.000000000       0.000000000 )
          (      40.456614579       0.000000000       0.000000000 )

          (       0.000000000      40.456614579       0.000000000 )
          (      40.456614579       0.000000000       0.000000000 )
          (       0.000000000       0.000000000       0.000000000 )


          Electro-optic tensor: contribution #   1

          (       0.000000000       0.000000000       0.000000000 )
          (       0.000000000       0.000000000      40.457546139 )
          (       0.000000000      40.457546139       0.000000000 )

          (       0.000000000       0.000000000      40.457546139 )
          (       0.000000000       0.000000000       0.000000000 )
          (      40.457546139       0.000000000       0.000000000 )

          (       0.000000000      40.457546139       0.000000000 )
          (      40.457546139       0.000000000       0.000000000 )
          (       0.000000000       0.000000000       0.000000000 )


          Electro-optic tensor: contribution #   2

          (       0.000000000       0.000000000       0.000000000 )
          (       0.000000000       0.000000000      -0.000931559 )
          (       0.000000000      -0.000931559       0.000000000 )

          (       0.000000000       0.000000000      -0.000931559 )
          (       0.000000000       0.000000000       0.000000000 )
          (      -0.000931559       0.000000000       0.000000000 )

          (       0.000000000      -0.000931559       0.000000000 )
          (      -0.000931559       0.000000000       0.000000000 )
          (       0.000000000       0.000000000       0.000000000 )


     Computing Second order response 


      iter #   1   av.it.:   8.9
      thresh= 0.100E-01 alpha_mix =  0.700 |ddv_scf|^2 =  0.251E-04


      iter #   2   av.it.:   9.9
      thresh= 0.501E-03 alpha_mix =  0.700 |ddv_scf|^2 =  0.198E-05


      iter #   3   av.it.:   9.7
      thresh= 0.141E-03 alpha_mix =  0.700 |ddv_scf|^2 =  0.776E-07


      iter #   4   av.it.:   9.7
      thresh= 0.279E-04 alpha_mix =  0.700 |ddv_scf|^2 =  0.247E-08


      iter #   5   av.it.:   9.7
      thresh= 0.497E-05 alpha_mix =  0.700 |ddv_scf|^2 =  0.467E-10


      iter #   6   av.it.:   9.8
      thresh= 0.683E-06 alpha_mix =  0.700 |ddv_scf|^2 =  0.104E-11


      iter #   7   av.it.:   9.8
      thresh= 0.102E-06 alpha_mix =  0.700 |ddv_scf|^2 =  0.280E-13

          Raman tensor (au^-1) in cartesian axis 

           atom      1
          (       0.000000000       0.000000000       0.000000000 )
          (       0.000000000       0.000000000      -0.785047630 )
          (       0.000000000      -0.785047630       0.000000000 )

          (       0.000000000       0.000000000      -0.785047630 )
          (       0.000000000       0.000000000       0.000000000 )
          (      -0.785047630       0.000000000       0.000000000 )

          (       0.000000000      -0.785047630       0.000000000 )
          (      -0.785047630       0.000000000       0.000000000 )
          (       0.000000000       0.000000000       0.000000000 )

           atom      2
          (       0.000000000       0.000000000       0.000000000 )
          (       0.000000000       0.000000000       0.793487986 )
          (       0.000000000       0.793487986       0.000000000 )

          (       0.000000000       0.000000000       0.793487986 )
          (       0.000000000       0.000000000       0.000000000 )
          (       0.793487986       0.000000000       0.000000000 )

          (       0.000000000       0.793487986       0.000000000 )
          (       0.793487986       0.000000000       0.000000000 )
          (       0.000000000       0.000000000       0.000000000 )


     Raman tensor (A^2)

     atom #    1    pol.  1
     -0.731448518688E-15     -0.731448518688E-15      0.731448518688E-15
     -0.914310648360E-15     -0.237720768573E-14     -0.517213130646E+01
     -0.731448518688E-15     -0.517213130646E+01      0.182862129672E-14
     atom #    1    pol.  2
     -0.182862129672E-14      0.128003490770E-14     -0.517213130646E+01
      0.000000000000E+00      0.219434555606E-14      0.000000000000E+00
     -0.517213130646E+01      0.000000000000E+00     -0.219434555606E-14
     atom #    1    pol.  3
      0.000000000000E+00     -0.517213130646E+01      0.109717277803E-14
     -0.517213130646E+01     -0.237720768573E-14      0.000000000000E+00
     -0.544776761314E-15     -0.731448518688E-15      0.182862129672E-14
     atom #    2    pol.  1
     -0.548586389016E-15     -0.548586389016E-15     -0.128003490770E-14
     -0.182862129672E-15     -0.365724259344E-15      0.522773892382E+01
     -0.365724259344E-15      0.522773892382E+01      0.548586389016E-15
     atom #    2    pol.  2
     -0.182862129672E-15      0.182862129672E-15      0.522773892382E+01
      0.000000000000E+00     -0.365724259344E-15     -0.146289703738E-14
      0.522773892382E+01     -0.731448518688E-15     -0.182862129672E-15
     atom #    2    pol.  3
     -0.914310648360E-15      0.522773892382E+01     -0.146289703738E-14
      0.522773892382E+01      0.365724259344E-15     -0.731448518688E-15
     -0.396201280956E-15      0.365724259344E-15      0.731448518688E-15


     Representation #  1 modes #   1  2  3

     Self-consistent Calculation

      iter #   1 total cpu time :     8.7 secs   av.it.:   5.7
      thresh= 0.100E-01 alpha_mix =  0.700 |ddv_scf|^2 =  0.106E-05

      iter #   2 total cpu time :     8.9 secs   av.it.:   9.3
      thresh= 0.103E-03 alpha_mix =  0.700 |ddv_scf|^2 =  0.520E-07

      iter #   3 total cpu time :     9.1 secs   av.it.:   9.2
      thresh= 0.228E-04 alpha_mix =  0.700 |ddv_scf|^2 =  0.624E-10

      iter #   4 total cpu time :     9.3 secs   av.it.:   9.2
      thresh= 0.790E-06 alpha_mix =  0.700 |ddv_scf|^2 =  0.140E-11

      iter #   5 total cpu time :     9.4 secs   av.it.:   9.1
      thresh= 0.118E-06 alpha_mix =  0.700 |ddv_scf|^2 =  0.153E-13

     End of self-consistent calculation

     Convergence has been achieved 


     Representation #  2 modes #   4  5  6

     Self-consistent Calculation

      iter #   1 total cpu time :     9.6 secs   av.it.:   4.8
      thresh= 0.100E-01 alpha_mix =  0.700 |ddv_scf|^2 =  0.658E-07

      iter #   2 total cpu time :     9.7 secs   av.it.:   9.4
      thresh= 0.256E-04 alpha_mix =  0.700 |ddv_scf|^2 =  0.579E-09

      iter #   3 total cpu time :     9.9 secs   av.it.:   9.2
      thresh= 0.241E-05 alpha_mix =  0.700 |ddv_scf|^2 =  0.475E-10

      iter #   4 total cpu time :    10.1 secs   av.it.:   9.1
      thresh= 0.689E-06 alpha_mix =  0.700 |ddv_scf|^2 =  0.290E-11

      iter #   5 total cpu time :    10.3 secs   av.it.:   9.1
      thresh= 0.170E-06 alpha_mix =  0.700 |ddv_scf|^2 =  0.103E-14

     End of self-consistent calculation

     Convergence has been achieved 
 
     Number of q in the star =    1
     List of q in the star:
          1   0.000000000   0.000000000   0.000000000

          Dielectric constant in cartesian axis 

          (       8.811550918       0.000000000       0.000000000 )
          (       0.000000000       8.811550918       0.000000000 )
          (       0.000000000       0.000000000       8.811550918 )

          Effective charges (d Force / dE) in cartesian axis

           atom      1   Al 
      Ex  (        2.14172        0.00000        0.00000 )
      Ey  (        0.00000        2.14172        0.00000 )
      Ez  (        0.00000        0.00000        2.14172 )
           atom      2   As 
      Ex  (       -2.14328        0.00000        0.00000 )
      Ey  (        0.00000       -2.14328        0.00000 )
      Ez  (        0.00000        0.00000       -2.14328 )

     Diagonalizing the dynamical matrix

     q = (    0.000000000   0.000000000   0.000000000 ) 

 **************************************************************************
     omega( 1) =      -0.157073 [THz] =      -5.239377 [cm-1]
     omega( 2) =      -0.157073 [THz] =      -5.239377 [cm-1]
     omega( 3) =      -0.157073 [THz] =      -5.239377 [cm-1]
     omega( 4) =      10.583132 [THz] =     353.015274 [cm-1]
     omega( 5) =      10.583132 [THz] =     353.015274 [cm-1]
     omega( 6) =      10.583132 [THz] =     353.015274 [cm-1]
 **************************************************************************

     Mode symmetry, T_d (-43m)  point group:

     omega(  1 -  3) =         -5.2  [cm-1]   --> T_2  G_15 P_4   I+R
     omega(  4 -  6) =        353.0  [cm-1]   --> T_2  G_15 P_4   I+R
 
     PHONON       :     8.40s CPU        10.29s WALL

     INITIALIZATION: 
     phq_setup    :      0.01s CPU      0.01s WALL (       1 calls)
     phq_init     :      0.01s CPU      0.02s WALL (       1 calls)
 
     phq_init     :      0.01s CPU      0.02s WALL (       1 calls)
     init_vloc    :      0.00s CPU      0.00s WALL (       1 calls)
     init_us_1    :      0.02s CPU      0.02s WALL (       1 calls)
 
     DIELECTRIC CONSTANT AND EFFECTIVE CHARGES:
     solve_e      :      0.88s CPU      1.03s WALL (       1 calls)
     dielec       :      0.00s CPU      0.00s WALL (       1 calls)
     zstar_eu     :      0.02s CPU      0.03s WALL (       1 calls)
 
     RAMAN COEFFICIENTS, THIRD-ORDER CHI:
     dhdrhopsi    :      3.37s CPU      4.36s WALL (       1 calls)
     el_opt       :      0.00s CPU      0.00s WALL (       1 calls)
     dvpsi_e2     :      0.06s CPU      0.07s WALL (       1 calls)
     solve_e2     :      2.10s CPU      2.40s WALL (       1 calls)
 
     DYNAMICAL MATRIX:
     dynmat0      :      0.00s CPU      0.00s WALL (       1 calls)
     phqscf       :      1.42s CPU      1.72s WALL (       1 calls)
     dynmatrix    :      0.00s CPU      0.01s WALL (       1 calls)
 
     phqscf       :      1.42s CPU      1.72s WALL (       1 calls)
     solve_linter :      1.41s CPU      1.70s WALL (       2 calls)
     drhodv       :      0.00s CPU      0.01s WALL (       2 calls)
 
     dynmat0      :      0.00s CPU      0.00s WALL (       1 calls)
     dynmat_us    :      0.00s CPU      0.00s WALL (       1 calls)
     d2ionq       :      0.00s CPU      0.00s WALL (       1 calls)
 
     dynmat_us    :      0.00s CPU      0.00s WALL (       1 calls)
 
     phqscf       :      1.42s CPU      1.72s WALL (       1 calls)
     solve_linter :      1.41s CPU      1.70s WALL (       2 calls)
 
     solve_linter :      1.41s CPU      1.70s WALL (       2 calls)
     dvqpsi_us    :      0.15s CPU      0.17s WALL (     360 calls)
     ortho        :      0.00s CPU      0.02s WALL (     660 calls)
     cgsolve      :      6.22s CPU      7.54s WALL (    1260 calls)
     incdrhoscf   :      0.28s CPU      0.32s WALL (     870 calls)
     vpsifft      :      0.08s CPU      0.09s WALL (     240 calls)
     dv_of_drho   :      0.03s CPU      0.02s WALL (      96 calls)
     mix_pot      :      0.02s CPU      0.05s WALL (      22 calls)
     symdvscf     :      0.10s CPU      0.12s WALL (      10 calls)
 
     dvqpsi_us    :      0.15s CPU      0.17s WALL (     360 calls)
     dvqpsi_us_on :      0.02s CPU      0.01s WALL (     360 calls)
 
     cgsolve      :      6.22s CPU      7.54s WALL (    1260 calls)
     ch_psi       :      6.04s CPU      7.31s WALL (   17626 calls)
 
     ch_psi       :      6.04s CPU      7.31s WALL (   17626 calls)
     h_psiq       :      5.45s CPU      6.57s WALL (   17626 calls)
     last         :      0.51s CPU      0.66s WALL (   17626 calls)
 
     h_psiq       :      5.45s CPU      6.57s WALL (   17626 calls)
     firstfft     :      2.17s CPU      2.69s WALL (   64524 calls)
     secondfft    :      2.25s CPU      2.66s WALL (   64524 calls)
     add_vuspsi   :      0.16s CPU      0.26s WALL (   21171 calls)
 
     incdrhoscf   :      0.28s CPU      0.32s WALL (     870 calls)
 
 
      General routines
     calbec       :      0.45s CPU      0.55s WALL (   43648 calls)
     fft          :      0.02s CPU      0.02s WALL (     292 calls)
     ffts         :      0.03s CPU      0.02s WALL (     372 calls)
     fftw         :      4.86s CPU      5.76s WALL (  154842 calls)
     davcio       :      0.07s CPU      0.14s WALL (    4235 calls)
     write_rec    :      0.08s CPU      0.12s WALL (      24 calls)
 
 
     PHONON       :     8.40s CPU        10.29s WALL

 
   This run was terminated on:  16:11:16   6Dec2012            

=------------------------------------------------------------------------------=
   JOB DONE.
=------------------------------------------------------------------------------=
