
     Program Q2R v.6.2 starts on 18Oct2017 at 11:10:18 

     This program is part of the open-source Quantum ESPRESSO suite
     for quantum simulation of materials; please cite
         "P. Giannozzi et al., J. Phys.:Condens. Matter 21 395502 (2009);
         "P. Giannozzi et al., http://arxiv.org/abs/1709.10010;
          URL http://www.quantum-espresso.org", 
     in publications or presentations arising from this work. More details at
     http://www.quantum-espresso.org/quote

     Parallel version (MPI), running on     4 processors

     MPI processes distributed on     1 nodes
     R & G space division:  proc/nbgrp/npool/nimage =       4

     reading grid info from file bn.disp.dyn0    
  reading force constants from file bn.disp.dyn1
 macroscopic fields = T
   2.16225   0.00000   0.00000
   0.00000   2.16225   0.00000
   0.00000   0.00000   1.19210
  na=            1
   2.71726   0.00000   0.00000
   0.00000   2.71726   0.00000
   0.00000   0.00000   0.24434
  na=            2
  -2.69651   0.00000   0.00000
   0.00000  -2.69651   0.00000
   0.00000   0.00000  -0.22275
  nqs=            1
 q=   0.00000000  0.00000000  0.00000000
  reading force constants from file bn.disp.dyn2
  nqs=            6
 q=   0.00000000  0.14433757  0.00000000
 q=   0.00000000 -0.14433757  0.00000000
 q=  -0.12500000 -0.07216878  0.00000000
 q=   0.12500000  0.07216878  0.00000000
 q=   0.12500000 -0.07216878  0.00000000
 q=  -0.12500000  0.07216878  0.00000000
  reading force constants from file bn.disp.dyn3
  nqs=            6
 q=   0.00000000  0.28867514  0.00000000
 q=   0.00000000 -0.28867514  0.00000000
 q=  -0.25000000 -0.14433757  0.00000000
 q=   0.25000000  0.14433757  0.00000000
 q=   0.25000000 -0.14433757  0.00000000
 q=  -0.25000000  0.14433757  0.00000000
  reading force constants from file bn.disp.dyn4
  nqs=            6
 q=   0.00000000  0.43301270  0.00000000
 q=   0.00000000 -0.43301270  0.00000000
 q=  -0.37500000 -0.21650635  0.00000000
 q=   0.37500000  0.21650635  0.00000000
 q=   0.37500000 -0.21650635  0.00000000
 q=  -0.37500000  0.21650635  0.00000000
  reading force constants from file bn.disp.dyn5
  nqs=            3
 q=   0.00000000 -0.57735027  0.00000000
 q=   0.50000000  0.28867514  0.00000000
 q=  -0.50000000  0.28867514  0.00000000
  reading force constants from file bn.disp.dyn6
  nqs=            6
 q=   0.12500000  0.21650635  0.00000000
 q=  -0.12500000  0.21650635  0.00000000
 q=  -0.12500000 -0.21650635  0.00000000
 q=   0.25000000  0.00000000  0.00000000
 q=  -0.25000000  0.00000000  0.00000000
 q=   0.12500000 -0.21650635  0.00000000
  reading force constants from file bn.disp.dyn7
  nqs=           12
 q=   0.12500000  0.36084392  0.00000000
 q=  -0.12500000 -0.36084392  0.00000000
 q=  -0.12500000  0.36084392  0.00000000
 q=   0.12500000 -0.36084392  0.00000000
 q=  -0.25000000 -0.28867514  0.00000000
 q=   0.25000000  0.28867514  0.00000000
 q=   0.37500000 -0.07216878  0.00000000
 q=  -0.37500000  0.07216878  0.00000000
 q=  -0.37500000 -0.07216878  0.00000000
 q=   0.37500000  0.07216878  0.00000000
 q=   0.25000000 -0.28867514  0.00000000
 q=  -0.25000000  0.28867514  0.00000000
  reading force constants from file bn.disp.dyn8
  nqs=           12
 q=   0.12500000  0.50518149  0.00000000
 q=  -0.12500000 -0.50518149  0.00000000
 q=  -0.12500000  0.50518149  0.00000000
 q=   0.12500000 -0.50518149  0.00000000
 q=  -0.37500000 -0.36084392  0.00000000
 q=   0.37500000  0.36084392  0.00000000
 q=   0.50000000 -0.14433757  0.00000000
 q=  -0.50000000  0.14433757  0.00000000
 q=  -0.50000000 -0.14433757  0.00000000
 q=   0.50000000  0.14433757  0.00000000
 q=   0.37500000 -0.36084392  0.00000000
 q=  -0.37500000  0.36084392  0.00000000
  reading force constants from file bn.disp.dyn9
  nqs=            6
 q=   0.25000000  0.43301270  0.00000000
 q=  -0.25000000  0.43301270  0.00000000
 q=  -0.25000000 -0.43301270  0.00000000
 q=   0.50000000  0.00000000  0.00000000
 q=  -0.50000000  0.00000000  0.00000000
 q=   0.25000000 -0.43301270  0.00000000
  reading force constants from file bn.disp.dyn10
  nqs=            6
 q=   0.25000000  0.57735027  0.00000000
 q=  -0.25000000  0.57735027  0.00000000
 q=  -0.37500000 -0.50518149  0.00000000
 q=   0.62500000 -0.07216878  0.00000000
 q=  -0.62500000 -0.07216878  0.00000000
 q=   0.37500000 -0.50518149  0.00000000

      q-space grid ok, #points =   64

      fft-check warning: sum of imaginary terms = 4.319552E-06
 
     Q2R          :     0.02s CPU         0.03s WALL

 
   This run was terminated on:  11:10:18  18Oct2017            

=------------------------------------------------------------------------------=
   JOB DONE.
=------------------------------------------------------------------------------=
