
     program ld1 starts. version 24-Sep-02
     today is 23Dec2003 at 10:46: 3 

     -------------------- All-electron run ------------------------------

     Ar                                                                         

     atomic number is 18.00
     dft =LDA   lsd =1 sic =1 latt =0  beta=0.30 tr2=1.0E-14
     mesh =1081 r(mesh) = 100.44680 ibound = 0 xmin = -6.00 dx = 0.01250

     n l     nl                  e(Ryd)         e(Ha)          e(eV)
     1 0     1S 1( 1.00)      -236.5834      -118.2917     -3218.9067
     2 0     2S 1( 1.00)       -23.1882       -11.5941      -315.4944
     2 1     2P 1( 3.00)       -18.8248        -9.4124      -256.1269
     3 0     3S 1( 1.00)        -2.2210        -1.1105       -30.2190
     3 1     3P 1( 3.00)        -1.1586        -0.5793       -15.7633
     1 0     1S 2( 1.00)      -236.5834      -118.2917     -3218.9067
     2 0     2S 2( 1.00)       -23.1882       -11.5941      -315.4944
     2 1     2P 2( 3.00)       -18.8248        -9.4124      -256.1269
     3 0     3S 2( 1.00)        -2.2210        -1.1105       -30.2190
     3 1     3P 2( 3.00)        -1.1586        -0.5793       -15.7633

     eps = 8.7E-15  iter = 64
 
     Etot =   -1056.854109 Ry,    -528.427055 Ha,  -14379.345640 eV

     Ekin =    1055.678475 Ry,     527.839238 Ha,   14363.350201 eV
     Encl =   -2512.915862 Ry,   -1256.457931 Ha,  -34190.230631 eV
     Eh   =     464.001471 Ry,     232.000735 Ha,    6313.111209 eV
     Exc  =     -63.618194 Ry,     -31.809097 Ha,    -865.576419 eV
     Evxt =       0.000000 Ry,       0.000000 Ha,       0.000000 eV
     Epseu=       0.000000 Ry,       0.000000 Ha,       0.000000 eV
 
     SIC information:
     Esich=     -45.328235 Ry,     -22.664118 Ha,    -616.726904 eV
     Esicxc=     40.341087 Ry,      20.170544 Ha,     548.872765 eV
     Esictot=    -4.987148 Ry,      -2.493574 Ha,     -67.854139 eV
 
     tot-Exc=   -58.631046 Ry,     -29.315523 Ha,    -797.722280 eV
     int-Exc=   -18.289958 Ry,      -9.144979 Ha,    -248.849515 eV
     int-Eh=    418.673235 Ry,     209.336618 Ha,    5696.384305 eV


     normalization and overlap integrals

     s(1S/1S) =  1.000000  <r> =   0.0861  <r2> =    0.0099  r(max) =   0.0563
     s(1S/2S) =  0.004037
     s(1S/3S) =  0.001015
     s(1S/1S) =  1.000000
     s(1S/2S) =  0.004037
     s(1S/3S) =  0.001015
     s(2S/2S) =  1.000000  <r> =   0.4182  <r2> =    0.2075  r(max) =   0.3403
     s(2S/3S) =  0.003320
     s(2S/1S) =  0.004037
     s(2S/2S) =  1.000000
     s(2S/3S) =  0.003320
     s(2P/2P) =  1.000000  <r> =   0.3763  <r2> =    0.1758  r(max) =   0.2821
     s(2P/3P) =  0.008009
     s(2P/2P) =  1.000000
     s(2P/3P) =  0.008009
     s(3S/3S) =  1.000000  <r> =   1.4177  <r2> =    2.3464  r(max) =   1.1731
     s(3S/1S) =  0.001015
     s(3S/2S) =  0.003320
     s(3S/3S) =  1.000000
     s(3P/3P) =  1.000000  <r> =   1.6636  <r2> =    3.3385  r(max) =   1.2964
     s(3P/2P) =  0.008009
     s(3P/3P) =  1.000000
     s(1S/1S) =  1.000000  <r> =   0.0861  <r2> =    0.0099  r(max) =   0.0563
     s(1S/2S) =  0.004037
     s(1S/3S) =  0.001015
     s(2S/2S) =  1.000000  <r> =   0.4182  <r2> =    0.2075  r(max) =   0.3403
     s(2S/3S) =  0.003320
     s(2P/2P) =  1.000000  <r> =   0.3763  <r2> =    0.1758  r(max) =   0.2821
     s(2P/3P) =  0.008009
     s(3S/3S) =  1.000000  <r> =   1.4177  <r2> =    2.3464  r(max) =   1.1731
     s(3P/3P) =  1.000000  <r> =   1.6636  <r2> =    3.3385  r(max) =   1.2964

     -------------------- End of All-electron run ----------------------

