
     program ld1 starts. version 20-May-04
     today is  6Jul2004 at 18:27:58 

     -------------------- All-electron run ------------------------------

     Cu +                                                                       
     dirac relativistic calculation

     atomic number is 29.00
     dft =SL1-NOC   lsd =0 sic =0 latt =1  beta=0.20 tr2=1.0E-14
     mesh =1119 r(mesh) = 100.25372 xmin = -6.00 dx = 0.01250

     n l j   nl                  e(Ryd)         e(Ha)          e(eV)
     Spin orbit splitted results
     1 0 0.5 1S 1( 2.00)      -658.0637      -329.0318     -8953.4825
     2 0 0.5 2S 1( 2.00)       -80.5567       -40.2784     -1096.0384
     2 1 0.5 2P 1( 2.00)       -71.1799       -35.5899      -968.4592
     2 1 1.5 2P 1( 4.00)       -69.6254       -34.8127      -947.3087
     3 0 0.5 3S 1( 2.00)        -9.6408        -4.8204      -131.1710
     3 1 0.5 3P 1( 2.00)        -6.6446        -3.3223       -90.4051
     3 1 1.5 3P 1( 4.00)        -6.4470        -3.2235       -87.7159
     3 2 1.5 3D 1( 4.00)        -1.4622        -0.7311       -19.8942
     3 2 2.5 3D 1( 6.00)        -1.4395        -0.7197       -19.5849
     Averaged results
     1 0     1S 1( 2.00)      -658.0637      -329.0318     -8953.4825
     2 0     2S 1( 2.00)       -80.5567       -40.2784     -1096.0384
     2 1     2P 1( 6.00)       -70.1435       -35.0718      -954.3589
     3 0     3S 1( 2.00)        -9.6408        -4.8204      -131.1710
     3 1     3P 1( 6.00)        -6.5128        -3.2564       -88.6123
     3 2     3D 1(10.00)        -1.4485        -0.7243       -19.7086

     eps = 8.8E-15  iter = 28
 
     Etot =   -3361.945855 Ry,   -1680.972927 Ha,  -45741.962909 eV

     Ekin =    3421.775833 Ry,    1710.887916 Ha,   46555.997627 eV
     Encl =   -8047.826570 Ry,   -4023.913285 Ha, -109497.118741 eV
     Eh   =    1454.447322 Ry,     727.223661 Ha,   19788.919377 eV
     Exc  =    -190.342440 Ry,     -95.171220 Ha,   -2589.761172 eV
     Evxt =       0.000000 Ry,       0.000000 Ha,       0.000000 eV
     Epseu=       0.000000 Ry,       0.000000 Ha,       0.000000 eV


     normalization and overlap integrals

     s(1S/1S) =  0.989006  <r> =   0.0514  <r2> =    0.0036  r(max) =   0.0341
     s(1S/2S) = -0.004040
     s(1S/3S) = -0.001498
     s(2S/2S) =  0.997899  <r> =   0.2331  <r2> =    0.0642  r(max) =   0.1960
     s(2S/3S) = -0.000877
     s(2P/2P) =  0.997905  <r> =   0.2019  <r2> =    0.0501  r(max) =   0.1545
     s(2P/2P) =  0.997788
     s(2P/3P) = -0.000709
     s(2P/3P) =  0.007574
     s(2P/2P) =  0.997940  <r> =   0.2049  <r2> =    0.0516  r(max) =   0.1585
     s(2P/3P) = -0.009190
     s(2P/3P) = -0.000696
     s(3S/3S) =  0.999535  <r> =   0.7046  <r2> =    0.5742  r(max) =   0.6112
     s(3P/3P) =  0.999581  <r> =   0.7303  <r2> =    0.6307  r(max) =   0.6036
     s(3P/3P) =  0.999367
     s(3P/3P) =  0.999590  <r> =   0.7408  <r2> =    0.6489  r(max) =   0.6112
     s(3D/3D) =  0.999726  <r> =   0.9443  <r2> =    1.2137  r(max) =   0.5887
     s(3D/3D) =  0.999700
     s(3D/3D) =  0.999729  <r> =   0.9527  <r2> =    1.2376  r(max) =   0.5887

     -------------------- End of All-electron run ----------------------

