
     program ld1 starts. version 08-Feb-05
     today is  8Feb2005 at 14:25:47 

     -------------------- All-electron run ------------------------------

     Fe                                                                         
     dirac relativistic calculation

     atomic number is 26.00
     dft =NOX-NOC   lsd =0 sic =1 latt =0  beta=0.20 tr2=1.0E-14
     mesh =1157 r(mesh) = 179.81049 xmin = -6.00 dx = 0.01250

     n l j   nl                  e(Ryd)         e(Ha)          e(eV)
     Spin orbit split results
     1 0 0.5 1S 1( 2.00)      -527.1693      -263.5846     -7172.5596
     2 0 0.5 2S 1( 2.00)       -61.2959       -30.6479      -833.9796
     2 1 0.5 2P 1( 2.00)       -53.7129       -26.8565      -730.8073
     2 1 1.5 2P 1( 4.00)       -52.7805       -26.3903      -718.1213
     3 0 0.5 3S 1( 2.00)        -7.0877        -3.5439       -96.4344
     3 1 0.5 3P 1( 2.00)        -4.6811        -2.3405       -63.6898
     3 1 1.5 3P 1( 4.00)        -4.5612        -2.2806       -62.0594
     3 2 1.5 3D 1( 4.00)        -0.7507        -0.3754       -10.2141
     3 2 2.5 3D 1( 2.00)        -0.7355        -0.3678       -10.0076
     4 0 0.5 4S 1( 2.00)        -0.4890        -0.2445        -6.6535
     Averaged results
     1 0     1S 1( 2.00)      -527.1693      -263.5846     -7172.5596
     2 0     2S 1( 2.00)       -61.2959       -30.6479      -833.9796
     2 1     2P 1( 6.00)       -53.0913       -26.5457      -722.3500
     3 0     3S 1( 2.00)        -7.0877        -3.5439       -96.4344
     3 1     3P 1( 6.00)        -4.6012        -2.3006       -62.6029
     3 2     3D 1( 6.00)        -0.7416        -0.3708       -10.0902
     4 0     4S 1( 2.00)        -0.4890        -0.2445        -6.6535

     eps = 7.2E-15  iter =107
 
     Etot =   -2510.719569 Ry,   -1255.359784 Ha,  -34160.348309 eV

     Ekin =    2547.523197 Ry,    1273.761598 Ha,   34661.091108 eV
     Encl =   -6026.249446 Ry,   -3013.124723 Ha,  -81991.944711 eV
     Eh   =    1043.492997 Ry,     521.746498 Ha,   14197.557017 eV
     Exc  =     -75.486316 Ry,     -37.743158 Ha,   -1027.051723 eV
     Evxt =       0.000000 Ry,       0.000000 Ha,       0.000000 eV
     Epseu=       0.000000 Ry,       0.000000 Ha,       0.000000 eV
 
     SIC information:
     Esich=     -75.486316 Ry,     -37.743158 Ha,   -1027.051723 eV
     Esicxc=      0.000000 Ry,       0.000000 Ha,       0.000000 eV
     Esictot=   -75.486316 Ry,     -37.743158 Ha,   -1027.051723 eV
 
     tot-Exc=     0.000000 Ry,       0.000000 Ha,       0.000000 eV
     int-Exc=     0.000000 Ry,       0.000000 Ha,       0.000000 eV
     int-Eh=    968.006681 Ry,     484.003340 Ha,   13170.505294 eV


     normalization and overlap integrals

     s(1S/1S) =  0.991224  <r> =   0.0577  <r2> =    0.0045  r(max) =   0.0385
     s(1S/2S) =  0.005227
     s(1S/3S) =  0.001752
     s(1S/4S) =  0.000382
     s(2S/2S) =  0.998436  <r> =   0.2699  <r2> =    0.0861  r(max) =   0.2269
     s(2S/3S) =  0.012621
     s(2S/4S) =  0.002679
     s(2P/2P) =  0.998440  <r> =   0.2352  <r2> =    0.0680  r(max) =   0.1790
     s(2P/2P) =  0.998365
     s(2P/3P) =  0.017980
     s(2P/3P) =  0.024320
     s(2P/2P) =  0.998463  <r> =   0.2380  <r2> =    0.0696  r(max) =   0.1812
     s(2P/3P) =  0.011475
     s(2P/3P) =  0.017955
     s(3S/3S) =  0.999659  <r> =   0.8275  <r2> =    0.7921  r(max) =   0.7167
     s(3S/4S) =  0.025721
     s(3P/3P) =  0.999701  <r> =   0.8752  <r2> =    0.9062  r(max) =   0.7257
     s(3P/3P) =  0.999555
     s(3P/3P) =  0.999707  <r> =   0.8857  <r2> =    0.9282  r(max) =   0.7348
     s(3D/3D) =  0.999837  <r> =   1.2411  <r2> =    2.0859  r(max) =   0.7441
     s(3D/3D) =  0.999809
     s(3D/3D) =  0.999838  <r> =   1.2523  <r2> =    2.1268  r(max) =   0.7441
     s(4S/4S) =  0.999978  <r> =   3.4042  <r2> =   13.5138  r(max) =   2.7303

     -------------------- End of All-electron run ----------------------

