
     program ld1 starts. version 11-Feb-05
     today is 11Feb2005 at 12:23:25 

     -------------------- All-electron run ------------------------------

     Pt                                                                         
     dirac relativistic calculation

     atomic number is 78.00
     dft =SL1-NOC   lsd =0 sic =0 latt =1  beta=0.20 tr2=1.0E-14
     mesh =1197 r(mesh) =  98.81913 xmin = -6.00 dx = 0.01250

     n l j   nl                  e(Ryd)         e(Ha)          e(eV)
     Spin orbit split results
     1 0 0.5 1S 1( 2.00)     -5780.7723     -2890.3861    -78652.0312
     2 0 0.5 2S 1( 2.00)     -1019.2692      -509.6346    -13867.9731
     2 1 0.5 2P 1( 2.00)      -978.5896      -489.2948    -13314.4949
     2 1 1.5 2P 1( 4.00)      -850.1080      -425.0540    -11566.3993
     3 0 0.5 3S 1( 2.00)      -240.7170      -120.3585     -3275.1467
     3 1 0.5 3P 1( 2.00)      -222.1692      -111.0846     -3022.7897
     3 1 1.5 3P 1( 4.00)      -193.8009       -96.9004     -2636.8161
     4 0 0.5 4S 1( 2.00)       -52.3952       -26.1976      -712.8787
     4 1 0.5 4P 1( 2.00)       -44.4335       -22.2167      -604.5528
     4 1 1.5 4P 1( 4.00)       -37.6340       -18.8170      -512.0411
     3 2 1.5 3D 1( 4.00)      -162.6031       -81.3016     -2212.3459
     3 2 2.5 3D 1( 6.00)      -156.4497       -78.2248     -2128.6230
     5 0 0.5 5S 1( 2.00)        -7.9783        -3.9891      -108.5508
     5 1 0.5 5P 1( 2.00)        -5.3929        -2.6964       -73.3740
     5 1 1.5 5P 1( 4.00)        -4.2401        -2.1200       -57.6896
     4 2 1.5 4D 1( 4.00)       -24.4818       -12.2409      -333.0950
     4 2 2.5 4D 1( 6.00)       -23.2041       -11.6021      -315.7104
     4 3 2.5 4F 1( 6.00)        -6.2665        -3.1333       -85.2614
     4 3 3.5 4F 1( 8.00)        -5.9966        -2.9983       -81.5889
     5 2 1.5 5D 1( 4.00)        -0.8067        -0.4034       -10.9761
     5 2 2.5 5D 1( 5.00)        -0.6953        -0.3476        -9.4597
     6 0 0.5 6S 1( 1.00)        -0.5936        -0.2968        -8.0765
     Averaged results
     1 0     1S 1( 2.00)     -5780.7723     -2890.3861    -78652.0312
     2 0     2S 1( 2.00)     -1019.2692      -509.6346    -13867.9731
     2 1     2P 1( 6.00)      -892.9352      -446.4676    -12149.0978
     3 0     3S 1( 2.00)      -240.7170      -120.3585     -3275.1467
     3 1     3P 1( 6.00)      -203.2570      -101.6285     -2765.4740
     4 0     4S 1( 2.00)       -52.3952       -26.1976      -712.8787
     4 1     4P 1( 6.00)       -39.9005       -19.9503      -542.8783
     3 2     3D 1(10.00)      -158.9111       -79.4555     -2162.1122
     5 0     5S 1( 2.00)        -7.9783        -3.9891      -108.5508
     5 1     5P 1( 6.00)        -4.6243        -2.3122       -62.9177
     4 2     4D 1(10.00)       -23.7152       -11.8576      -322.6642
     4 3     4F 1(14.00)        -6.1123        -3.0562       -83.1628
     5 2     5D 1( 9.00)        -0.7398        -0.3699       -10.0662
     6 0     6S 1( 1.00)        -0.5936        -0.2968        -8.0765

     eps = 4.8E-15  iter = 28
 
     Etot =  -37195.710635 Ry,  -18597.855318 Ha, -506077.399763 eV

     Ekin =   42570.351354 Ry,   21285.175677 Ha,  579203.686448 eV
     Encl =  -93312.350375 Ry,  -46656.175188 Ha,-1269589.176734 eV
     Eh   =   14571.875048 Ry,    7285.937524 Ha,  198262.017530 eV
     Exc  =   -1025.586662 Ry,    -512.793331 Ha,  -13953.927007 eV
     Evxt =       0.000000 Ry,       0.000000 Ha,       0.000000 eV
     Epseu=       0.000000 Ry,       0.000000 Ha,       0.000000 eV


     normalization and overlap integrals

     s(1S/1S) =  0.912293  <r> =   0.0156  <r2> =    0.0004  r(max) =   0.0106
     s(1S/2S) = -0.034343
     s(1S/3S) = -0.015184
     s(1S/4S) = -0.007515
     s(1S/5S) = -0.003340
     s(1S/6S) = -0.000978
     s(2S/2S) =  0.979889  <r> =   0.0708  <r2> =    0.0061  r(max) =   0.0612
     s(2S/3S) = -0.010119
     s(2S/4S) = -0.004773
     s(2S/5S) = -0.002100
     s(2S/6S) = -0.000614
     s(2P/2P) =  0.979786  <r> =   0.0584  <r2> =    0.0043  r(max) =   0.0459
     s(2P/2P) =  0.972224
     s(2P/3P) = -0.008511
     s(2P/3P) =  0.066169
     s(2P/4P) = -0.003812
     s(2P/4P) =  0.026362
     s(2P/5P) = -0.001558
     s(2P/5P) =  0.010315
     s(2P/2P) =  0.981977  <r> =   0.0661  <r2> =    0.0054  r(max) =   0.0526
     s(2P/3P) = -0.095009
     s(2P/3P) = -0.007731
     s(2P/4P) = -0.036292
     s(2P/4P) = -0.003449
     s(2P/5P) = -0.014407
     s(2P/5P) = -0.001379
     s(3S/3S) =  0.993277  <r> =   0.1853  <r2> =    0.0395  r(max) =   0.1726
     s(3S/4S) = -0.003506
     s(3S/5S) = -0.001490
     s(3S/6S) = -0.000433
     s(3P/3P) =  0.993323  <r> =   0.1754  <r2> =    0.0360  r(max) =   0.1601
     s(3P/3P) =  0.980854
     s(3P/4P) = -0.003181
     s(3P/4P) =  0.070792
     s(3P/5P) = -0.001255
     s(3P/5P) =  0.024233
     s(3P/3P) =  0.993960  <r> =   0.1906  <r2> =    0.0423  r(max) =   0.1748
     s(3P/4P) = -0.093317
     s(3P/4P) = -0.002865
     s(3P/5P) = -0.030874
     s(3P/5P) = -0.001108
     s(4S/4S) =  0.997724  <r> =   0.4120  <r2> =    0.1920  r(max) =   0.3890
     s(4S/5S) = -0.001049
     s(4S/6S) = -0.000300
     s(4P/4P) =  0.997814  <r> =   0.4143  <r2> =    0.1957  r(max) =   0.3842
     s(4P/4P) =  0.983598
     s(4P/5P) = -0.000908
     s(4P/5P) =  0.066994
     s(4P/4P) =  0.998060  <r> =   0.4477  <r2> =    0.2282  r(max) =   0.4141
     s(4P/5P) = -0.087020
     s(4P/5P) = -0.000789
     s(3D/3D) =  0.994064  <r> =   0.1660  <r2> =    0.0325  r(max) =   0.1361
     s(3D/3D) =  0.993658
     s(3D/4D) = -0.002199
     s(3D/4D) =  0.016535
     s(3D/5D) = -0.000619
     s(3D/5D) =  0.004060
     s(3D/3D) =  0.994238  <r> =   0.1703  <r2> =    0.0341  r(max) =   0.1413
     s(3D/4D) = -0.021670
     s(3D/4D) = -0.002132
     s(3D/5D) = -0.005501
     s(3D/5D) = -0.000586
     s(5S/5S) =  0.999430  <r> =   0.9404  <r2> =    0.9931  r(max) =   0.8550
     s(5S/6S) = -0.000174
     s(5P/5P) =  0.999513  <r> =   1.0168  <r2> =    1.1694  r(max) =   0.9101
     s(5P/5P) =  0.983853
     s(5P/5P) =  0.999588  <r> =   1.1144  <r2> =    1.4066  r(max) =   0.9933
     s(4D/4D) =  0.998253  <r> =   0.4562  <r2> =    0.2409  r(max) =   0.4089
     s(4D/4D) =  0.997402
     s(4D/5D) = -0.000488
     s(4D/5D) =  0.015058
     s(4D/4D) =  0.998318  <r> =   0.4670  <r2> =    0.2524  r(max) =   0.4193
     s(4D/5D) = -0.017318
     s(4D/5D) = -0.000458
     s(4F/4F) =  0.998684  <r> =   0.4995  <r2> =    0.3028  r(max) =   0.3794
     s(4F/4F) =  0.998590
     s(4F/4F) =  0.998710  <r> =   0.5062  <r2> =    0.3111  r(max) =   0.3794
     s(5D/5D) =  0.999780  <r> =   1.5545  <r2> =    2.8990  r(max) =   1.1982
     s(5D/5D) =  0.998049
     s(5D/5D) =  0.999798  <r> =   1.6313  <r2> =    3.2193  r(max) =   1.2439
     s(6S/6S) =  0.999941  <r> =   2.9183  <r2> =    9.9219  r(max) =   2.2951

     -------------------- End of All-electron run ----------------------

