
     program ld1 starts. version 3.0   
     today is 27Oct2005 at 11:19:47 

     -------------------- All-electron run ------------------------------

     W                                                                          
     dirac relativistic calculation

     atomic number is 74.00
     dft =SL1-NOC   lsd =0 sic =0 latt =1  beta=0.20 tr2=1.0E-14
     mesh =1193 r(mesh) =  99.08072 xmin = -6.00 dx = 0.01250

     n l j   nl                  e(Ryd)         e(Ha)          e(eV)
     Spin orbit split results
     1 0 0.5 1S 1( 2.00)     -5124.5983     -2562.2992    -69724.2598
     2 0 0.5 2S 1( 2.00)      -888.7350      -444.3675    -12091.9511
     2 1 0.5 2P 1( 2.00)      -851.4848      -425.7424    -11585.1316
     2 1 1.5 2P 1( 4.00)      -750.9119      -375.4559    -10216.7569
     3 0 0.5 3S 1( 2.00)      -206.4549      -103.2274     -2808.9835
     3 1 0.5 3P 1( 2.00)      -189.5966       -94.7983     -2579.6141
     3 1 1.5 3P 1( 4.00)      -167.7420       -83.8710     -2282.2639
     4 0 0.5 4S 1( 2.00)       -43.8241       -21.9121      -596.2623
     4 1 0.5 4P 1( 2.00)       -36.7473       -18.3737      -499.9765
     4 1 1.5 4P 1( 4.00)       -31.6550       -15.8275      -430.6918
     3 2 1.5 3D 1( 4.00)      -139.0662       -69.5331     -1892.1070
     3 2 2.5 3D 1( 6.00)      -134.2798       -67.1399     -1826.9840
     5 0 0.5 5S 1( 2.00)        -7.0643        -3.5321       -96.1151
     5 1 0.5 5P 1( 2.00)        -4.9119        -2.4559       -66.8299
     5 1 1.5 5P 1( 4.00)        -4.1357        -2.0679       -56.2696
     4 2 1.5 4D 1( 4.00)       -19.9263        -9.9632      -271.1133
     4 2 2.5 4D 1( 6.00)       -18.9775        -9.4887      -258.2038
     4 3 2.5 4F 1( 6.00)        -4.1512        -2.0756       -56.4801
     4 3 3.5 4F 1( 8.00)        -3.9739        -1.9870       -54.0682
     5 2 1.5 5D 1( 3.00)        -1.3231        -0.6616       -18.0022
     5 2 2.5 5D 1( 0.00)        -1.2505        -0.6252       -17.0137
     6 0 0.5 6S 1( 2.00)        -1.1488        -0.5744       -15.6309
     Averaged results
     1 0     1S 1( 2.00)     -5124.5983     -2562.2992    -69724.2598
     2 0     2S 1( 2.00)      -888.7350      -444.3675    -12091.9511
     2 1     2P 1( 6.00)      -784.4362      -392.2181    -10672.8818
     3 0     3S 1( 2.00)      -206.4549      -103.2274     -2808.9835
     3 1     3P 1( 6.00)      -175.0269       -87.5134     -2381.3806
     4 0     4S 1( 2.00)       -43.8241       -21.9121      -596.2623
     4 1     4P 1( 6.00)       -33.3524       -16.6762      -453.7867
     3 2     3D 1(10.00)      -136.1944       -68.0972     -1853.0332
     5 0     5S 1( 2.00)        -7.0643        -3.5321       -96.1151
     5 1     5P 1( 6.00)        -4.3944        -2.1972       -59.7897
     4 2     4D 1(10.00)       -19.3570        -9.6785      -263.3676
     4 3     4F 1(14.00)        -4.0499        -2.0249       -55.1019
     5 2     5D 1( 3.00)        -1.2795        -0.6398       -17.4091
     6 0     6S 1( 2.00)        -1.1488        -0.5744       -15.6309

     eps = 5.2E-15  iter = 32
 
     Etot =  -32605.423298 Ry,  -16302.711649 Ha, -443622.868313 eV

     Ekin =   36744.832850 Ry,   18372.416425 Ha,  499942.846787 eV
     Encl =  -81191.317752 Ry,  -40595.658876 Ha,-1104672.831071 eV
     Eh   =   12772.966443 Ry,    6386.483222 Ha,  173786.426834 eV
     Exc  =    -931.904839 Ry,    -465.952420 Ha,  -12679.310864 eV
     Evxt =       0.000000 Ry,       0.000000 Ha,       0.000000 eV
     Epseu=       0.000000 Ry,       0.000000 Ha,       0.000000 eV


     normalization and overlap integrals

     s(1S/1S) =  1.000000  <r> =   0.0183  <r2> =    0.0005  r(max) =   0.0115
     s(1S/2S) =  0.000000
     s(1S/3S) =  0.000000
     s(1S/4S) =  0.000000
     s(1S/5S) =  0.000000
     s(1S/6S) =  0.000000
     s(2S/2S) =  1.000000  <r> =   0.0767  <r2> =    0.0070  r(max) =   0.0653
     s(2S/3S) =  0.000000
     s(2S/4S) =  0.000000
     s(2S/5S) =  0.000000
     s(2S/6S) =  0.000000
     s(2P/2P) =  1.000000  <r> =   0.0634  <r2> =    0.0050  r(max) =   0.0490
     s(2P/3P) =  0.000000
     s(2P/4P) =  0.000000
     s(2P/5P) =  0.000000
     s(2P/2P) =  1.000000  <r> =   0.0713  <r2> =    0.0062  r(max) =   0.0555
     s(2P/3P) =  0.000000
     s(2P/4P) =  0.000000
     s(2P/5P) =  0.000000
     s(3S/3S) =  1.000000  <r> =   0.1996  <r2> =    0.0457  r(max) =   0.1842
     s(3S/4S) =  0.000000
     s(3S/5S) =  0.000000
     s(3S/6S) =  0.000000
     s(3P/3P) =  1.000000  <r> =   0.1894  <r2> =    0.0418  r(max) =   0.1731
     s(3P/4P) =  0.000000
     s(3P/5P) =  0.000000
     s(3P/3P) =  1.000000  <r> =   0.2041  <r2> =    0.0484  r(max) =   0.1865
     s(3P/4P) =  0.000000
     s(3P/5P) =  0.000000
     s(4S/4S) =  1.000000  <r> =   0.4466  <r2> =    0.2254  r(max) =   0.4204
     s(4S/5S) =  0.000000
     s(4S/6S) =  0.000000
     s(4P/4P) =  1.000000  <r> =   0.4510  <r2> =    0.2317  r(max) =   0.4204
     s(4P/5P) =  0.000000
     s(4P/4P) =  1.000000  <r> =   0.4839  <r2> =    0.2664  r(max) =   0.4475
     s(4P/5P) =  0.000000
     s(3D/3D) =  1.000000  <r> =   0.1784  <r2> =    0.0374  r(max) =   0.1471
     s(3D/4D) =  0.000000
     s(3D/5D) =  0.000000
     s(3D/3D) =  1.000000  <r> =   0.1829  <r2> =    0.0392  r(max) =   0.1508
     s(3D/4D) =  0.000000
     s(3D/5D) =  0.000000
     s(5S/5S) =  1.000000  <r> =   1.0487  <r2> =    1.2351  r(max) =   0.9474
     s(5S/6S) =  0.000000
     s(5P/5P) =  1.000000  <r> =   1.1468  <r2> =    1.4879  r(max) =   1.0212
     s(5P/5P) =  1.000000  <r> =   1.2441  <r2> =    1.7517  r(max) =   1.1007
     s(4D/4D) =  1.000000  <r> =   0.4988  <r2> =    0.2884  r(max) =   0.4419
     s(4D/5D) =  0.000000
     s(4D/4D) =  1.000000  <r> =   0.5100  <r2> =    0.3013  r(max) =   0.4531
     s(4D/5D) =  0.000000
     s(4F/4F) =  1.000000  <r> =   0.5815  <r2> =    0.4200  r(max) =   0.4204
     s(4F/4F) =  1.000000  <r> =   0.5902  <r2> =    0.4330  r(max) =   0.4257
     s(5D/5D) =  1.000000  <r> =   1.7450  <r2> =    3.5879  r(max) =   1.3784
     s(5D/5D) =  1.000000  <r> =   1.8035  <r2> =    3.8393  r(max) =   1.4133
     s(6S/6S) =  1.000000  <r> =   2.8380  <r2> =    9.1227  r(max) =   2.4496

     -------------------- End of All-electron run ----------------------

