
     Program PHONON    v.2.1cvs starts ...
     Today is  3Jun2005 at 12:23:24 

     Ultrasoft (Vanderbilt) Pseudopotentials

     Reading file alas.save ...      only dimensions
     read complete

     Reading file alas.save ...      all except wavefuctions
     read complete

     nbndx  =     4  nbnd   =     4  natomwfc =    13  npwx   =     311
     nelec  =   8.00  nkb   =     8  ngl    =      61

     phonons of AlAs at Gamma                                                   

     crystal is                     

     bravais-lattice index     =            2
     lattice parameter (a_0)   =      10.5000  a.u.
     unit-cell volume          =     289.4062 (a.u.)^3
     number of atoms/cell      =            2
     number of atomic types    =            2
     kinetic-energy cut-off    =      16.0000  Ry
     charge density cut-off    =      64.0000  Ry
     convergence threshold     =      1.0E-12
     beta                      =       0.7000
     number of iterations used =            4

     celldm(1)=   10.50000  celldm(2)=    0.00000  celldm(3)=    0.00000
     celldm(4)=    0.00000  celldm(5)=    0.00000  celldm(6)=    0.00000

     crystal axes: (cart. coord. in units of a_0)
               a(1) = ( -0.5000  0.0000  0.5000 )  
               a(2) = (  0.0000  0.5000  0.5000 )  
               a(3) = ( -0.5000  0.5000  0.0000 )  

     reciprocal axes: (cart. coord. in units 2 pi/a_0)
               b(1) = ( -1.0000 -1.0000  1.0000 )  
               b(2) = (  1.0000  1.0000  1.0000 )  
               b(3) = ( -1.0000  1.0000 -1.0000 )  


     Atoms inside the unit cell: 

   Cartesian axes

     site n.  atom      mass           positions (a_0 units)
        1        Al  26.9800   tau( 1) = (    0.00000    0.00000    0.00000  )
        2        As  74.9200   tau( 2) = (    0.25000    0.25000    0.25000  )

     Computing dynamical matrix for 
                    q = (    0.00000    0.00000    0.00000 )
 
     25 Sym.Ops. (with q -> -q+G )


     G cutoff =  178.7306  (   2445 G-vectors)     FFT grid: ( 20, 20, 20)
     number of k points=    2
                       cart. coord. in units 2pi/a_0
        k(    1) = (   0.2500000   0.2500000   0.2500000), wk =   0.5000000
        k(    2) = (   0.2500000   0.2500000   0.7500000), wk =   1.5000000

     pseudo 1 is Al         zval =  3.0   lmax= 1   lloc= 0
     (in numerical form: 171 grid points, xmin =  0.00, dx = 0.0000)

     pseudo 2 is As         zval =  5.0   lmax= 1   lloc= 0
     (in numerical form: 525 grid points, xmin =  0.00, dx = 0.0000)


     Atomic displacements:
     There are   2 irreducible representations

     Representation     1      3 modes - To be done

     Representation     2      3 modes - To be done
     PHONON       :     0.22s CPU time


     Alpha used in Ewald sum =   0.7000

     Electric Fields Calculation

      iter #   1 total cpu time :     1.6 secs   av.it.:   6.0
      thresh= 0.100E-01 alpha_mix =  0.700 |ddv_scf|^2 =  0.133E-05

      iter #   2 total cpu time :     2.3 secs   av.it.:   9.3
      thresh= 0.115E-03 alpha_mix =  0.700 |ddv_scf|^2 =  0.651E-07

      iter #   3 total cpu time :     3.0 secs   av.it.:   9.3
      thresh= 0.255E-04 alpha_mix =  0.700 |ddv_scf|^2 =  0.641E-09

      iter #   4 total cpu time :     3.7 secs   av.it.:   9.8
      thresh= 0.253E-05 alpha_mix =  0.700 |ddv_scf|^2 =  0.311E-11

      iter #   5 total cpu time :     4.3 secs   av.it.:   8.8
      thresh= 0.176E-06 alpha_mix =  0.700 |ddv_scf|^2 =  0.154E-13

     End of electric fields calculation

          Dielectric constant in cartesian axis 

          (      13.743924431       0.000000000       0.000000000 )
          (       0.000000000      13.743924431       0.000000000 )
          (       0.000000000       0.000000000      13.743924431 )

          Effective charges E-U in cartesian axis 

           atom      1
          (        1.88268        0.00000        0.00000 )
          (        0.00000        1.88268        0.00000 )
          (        0.00000        0.00000        1.88268 )
           atom      2
          (       -3.23372        0.00000        0.00000 )
          (        0.00000       -3.23372        0.00000 )
          (        0.00000        0.00000       -3.23372 )


     Representation #  1 modes #   1  2  3

     Self-consistent Calculation

      iter #   1 total cpu time :     5.0 secs   av.it.:   4.8
      thresh= 0.100E-01 alpha_mix =  0.700 |ddv_scf|^2 =  0.291E-07

      iter #   2 total cpu time :     5.7 secs   av.it.:  10.0
      thresh= 0.171E-04 alpha_mix =  0.700 |ddv_scf|^2 =  0.321E-09

      iter #   3 total cpu time :     6.5 secs   av.it.:   9.3
      thresh= 0.179E-05 alpha_mix =  0.700 |ddv_scf|^2 =  0.299E-10

      iter #   4 total cpu time :     7.2 secs   av.it.:   9.5
      thresh= 0.547E-06 alpha_mix =  0.700 |ddv_scf|^2 =  0.123E-11

      iter #   5 total cpu time :     7.9 secs   av.it.:   9.5
      thresh= 0.111E-06 alpha_mix =  0.700 |ddv_scf|^2 =  0.473E-15

     End of self-consistent calculation

     Convergence has been achieved 


     Representation #  2 modes #   4  5  6

     Self-consistent Calculation

      iter #   1 total cpu time :     8.5 secs   av.it.:   5.8
      thresh= 0.100E-01 alpha_mix =  0.700 |ddv_scf|^2 =  0.466E-06

      iter #   2 total cpu time :     9.2 secs   av.it.:   9.8
      thresh= 0.683E-04 alpha_mix =  0.700 |ddv_scf|^2 =  0.226E-07

      iter #   3 total cpu time :    10.0 secs   av.it.:   9.5
      thresh= 0.150E-04 alpha_mix =  0.700 |ddv_scf|^2 =  0.379E-10

      iter #   4 total cpu time :    10.7 secs   av.it.:   9.8
      thresh= 0.616E-06 alpha_mix =  0.700 |ddv_scf|^2 =  0.717E-12

     End of self-consistent calculation

     Convergence has been achieved 
 
     Number of q in the star =    1
     List of q in the star:
          1   0.000000000   0.000000000   0.000000000

          Dielectric constant in cartesian axis 

          (       13.74392        0.00000        0.00000 )
          (        0.00000       13.74392        0.00000 )
          (        0.00000        0.00000       13.74392 )

          Effective charges E-U in cartesian axis 

           atom     1
          (        1.88268        0.00000        0.00000 )
          (        0.00000        1.88268        0.00000 )
          (        0.00000        0.00000        1.88268 )
           atom     2
          (       -3.23372        0.00000        0.00000 )
          (        0.00000       -3.23372        0.00000 )
          (        0.00000        0.00000       -3.23372 )

     Diagonalizing the dynamical matrix

     q = (    0.000000000   0.000000000   0.000000000 ) 

 **************************************************************************
     omega( 1) =       0.201528 [THz] =       6.722304 [cm-1]
     omega( 2) =       0.201528 [THz] =       6.722304 [cm-1]
     omega( 3) =       0.201528 [THz] =       6.722304 [cm-1]
     omega( 4) =      11.258647 [THz] =     375.550532 [cm-1]
     omega( 5) =      11.258647 [THz] =     375.550532 [cm-1]
     omega( 6) =      11.258647 [THz] =     375.550532 [cm-1]
 **************************************************************************
 
     PHONON       :    10.74s CPU time

     INITIALIZATION: 
     phq_setup    :     0.01s CPU
     phq_init     :     0.19s CPU
 
     phq_init     :     0.19s CPU
     init_vloc    :     0.01s CPU (       2 calls,   0.005 s avg)
     init_us_1    :     0.07s CPU
 
     DIELECTRIC CONSTANT AND EFFECTIVE CHARGES:
     solve_e      :     4.11s CPU
     dielec       :     0.00s CPU
     zstar_eu     :     0.12s CPU
 
     DYNAMICAL MATRIX:
     dynmat0      :     0.02s CPU
     phqscf       :     6.25s CPU
     dynmatrix    :     0.01s CPU
 
     phqscf       :     6.25s CPU
     solve_linter :     6.21s CPU (       2 calls,   3.105 s avg)
     drhodv       :     0.04s CPU (       2 calls,   0.020 s avg)
 
     dynmat0      :     0.02s CPU
     dynmat_us    :     0.01s CPU
     d2ionq       :     0.01s CPU
 
     dynmat_us    :     0.01s CPU
 
     phqscf       :     6.25s CPU
     solve_linter :     6.21s CPU (       2 calls,   3.105 s avg)
 
     solve_linter :     6.21s CPU (       2 calls,   3.105 s avg)
     dvqpsi_us    :     0.23s CPU (      24 calls,   0.010 s avg)
     ortho        :     0.01s CPU (      54 calls,   0.000 s avg)
     cgsolve      :     6.95s CPU (      90 calls,   0.077 s avg)
     incdrhoscf   :     0.76s CPU (      84 calls,   0.009 s avg)
     vpsifft      :     0.26s CPU (      42 calls,   0.006 s avg)
     dv_of_drho   :     0.24s CPU (      42 calls,   0.006 s avg)
     mix_pot      :     0.18s CPU (      14 calls,   0.013 s avg)
     symdvscf     :     1.00s CPU (       9 calls,   0.111 s avg)
 
     dvqpsi_us    :     0.23s CPU (      24 calls,   0.010 s avg)
     dvqpsi_us_on :     0.00s CPU (      24 calls,   0.000 s avg)
 
     cgsolve      :     6.95s CPU (      90 calls,   0.077 s avg)
     ch_psi       :     6.72s CPU (     986 calls,   0.007 s avg)
 
     ch_psi       :     6.72s CPU (     986 calls,   0.007 s avg)
     h_psiq       :     6.46s CPU (     986 calls,   0.007 s avg)
     last         :     0.22s CPU (     986 calls,   0.000 s avg)
 
     h_psiq       :     6.46s CPU (     986 calls,   0.007 s avg)
     firstfft     :     3.20s CPU (    3496 calls,   0.001 s avg)
     secondfft    :     2.43s CPU (    3496 calls,   0.001 s avg)
     add_vuspsi   :     0.16s CPU (     986 calls,   0.000 s avg)
 
     incdrhoscf   :     0.76s CPU (      84 calls,   0.009 s avg)
 
 
      General routines
     ccalbec      :     0.28s CPU (    2136 calls,   0.000 s avg)
     cft3         :     0.20s CPU (     128 calls,   0.002 s avg)
     cft3s        :     6.30s CPU (    8420 calls,   0.001 s avg)
     davcio       :     0.15s CPU (     408 calls,   0.000 s avg)
     write_rec    :     0.05s CPU (       9 calls,   0.006 s avg)
 
