  reading dyn.mat. from file alas.dynG                                          
                              
 macroscopic fields = T
  13.74305   0.00000   0.00000
   0.00000  13.74305   0.00000
   0.00000   0.00000  13.74305
  na=            1
   1.88256   0.00000   0.00000
   0.00000   1.88256   0.00000
   0.00000   0.00000   1.88256
  na=            2
  -3.23328   0.00000   0.00000
   0.00000  -3.23328   0.00000
   0.00000   0.00000  -3.23328
  nqs=            1
 q=   0.00000000  0.00000000  0.00000000
  reading dyn.mat. from file dyn.-0.25,-.25,0.25                                
                              
  nqs=            8
 q=  -0.25000000 -0.25000000  0.25000000
 q=   0.25000000  0.25000000 -0.25000000
 q=   0.25000000  0.25000000  0.25000000
 q=  -0.25000000 -0.25000000 -0.25000000
 q=   0.25000000 -0.25000000 -0.25000000
 q=  -0.25000000  0.25000000  0.25000000
 q=  -0.25000000  0.25000000 -0.25000000
 q=   0.25000000 -0.25000000  0.25000000
  reading dyn.mat. from file dyn.-0.50,-.50,0.50                                
                              
  nqs=            4
 q=  -0.50000000 -0.50000000  0.50000000
 q=   0.50000000  0.50000000  0.50000000
 q=   0.50000000 -0.50000000 -0.50000000
 q=  -0.50000000  0.50000000 -0.50000000
  reading dyn.mat. from file dyn.0.00,0.00,0.50                                 
                              
  nqs=            6
 q=   0.00000000  0.00000000  0.50000000
 q=   0.00000000  0.00000000 -0.50000000
 q=   0.00000000  0.50000000  0.00000000
 q=   0.00000000 -0.50000000  0.00000000
 q=   0.50000000  0.00000000  0.00000000
 q=  -0.50000000  0.00000000  0.00000000
  reading dyn.mat. from file dyn.-0.25,-.25,0.75                                
                              
  nqs=           24
 q=  -0.25000000 -0.25000000  0.75000000
 q=   0.25000000  0.25000000 -0.75000000
 q=   0.25000000  0.25000000  0.75000000
 q=  -0.25000000 -0.25000000 -0.75000000
 q=   0.25000000 -0.25000000 -0.75000000
 q=  -0.25000000  0.25000000  0.75000000
 q=  -0.25000000  0.25000000 -0.75000000
 q=   0.25000000 -0.25000000  0.75000000
 q=  -0.25000000  0.75000000 -0.25000000
 q=   0.25000000 -0.75000000  0.25000000
 q=   0.25000000  0.75000000  0.25000000
 q=  -0.25000000 -0.75000000 -0.25000000
 q=  -0.25000000 -0.75000000  0.25000000
 q=   0.25000000  0.75000000 -0.25000000
 q=   0.25000000 -0.75000000 -0.25000000
 q=  -0.25000000  0.75000000  0.25000000
 q=   0.75000000 -0.25000000 -0.25000000
 q=  -0.75000000  0.25000000  0.25000000
 q=   0.75000000  0.25000000  0.25000000
 q=  -0.75000000 -0.25000000 -0.25000000
 q=  -0.75000000  0.25000000 -0.25000000
 q=   0.75000000 -0.25000000  0.25000000
 q=  -0.75000000 -0.25000000  0.25000000
 q=   0.75000000  0.25000000 -0.25000000
  reading dyn.mat. from file dyn.-0.50,-.50,1.00                                
                              
  nqs=           12
 q=  -0.50000000 -0.50000000  1.00000000
 q=   0.50000000  0.50000000  1.00000000
 q=   0.50000000 -0.50000000 -1.00000000
 q=  -0.50000000  0.50000000 -1.00000000
 q=  -0.50000000  1.00000000 -0.50000000
 q=   0.50000000  1.00000000  0.50000000
 q=  -0.50000000 -1.00000000  0.50000000
 q=   0.50000000 -1.00000000 -0.50000000
 q=   1.00000000 -0.50000000 -0.50000000
 q=   1.00000000  0.50000000  0.50000000
 q=  -1.00000000  0.50000000 -0.50000000
 q=  -1.00000000 -0.50000000  0.50000000
  reading dyn.mat. from file dyn.-0.50,0.00,1.00                                
                              
  nqs=            6
 q=  -0.50000000  0.00000000  1.00000000
 q=   0.50000000  0.00000000  1.00000000
 q=   0.00000000  1.00000000 -0.50000000
 q=   0.00000000  1.00000000  0.50000000
 q=   1.00000000 -0.50000000  0.00000000
 q=   1.00000000  0.50000000  0.00000000
  reading dyn.mat. from file dyn.0.00,0.00,1.00                                 
                              
  nqs=            3
 q=   0.00000000  0.00000000  1.00000000
 q=   0.00000000  1.00000000  0.00000000
 q=   1.00000000  0.00000000  0.00000000

      q-space grid ok, #points =   64

      fft-check: imaginary sum = .1376609E-13
