
     Program WANNIER_HAM v.4.2  starts on  6May2010 at 17:47:34 

     This program is part of the open-source Quantum ESPRESSO suite
     for quantum simulation of materials; please acknowledge
         "P. Giannozzi et al., J. Phys.:Condens. Matter 21 395502 (2009);
          URL http://www.quantum-espresso.org", 
     in publications or presentations arising from this work. More details at
     http://www.quantum-espresso.org/wiki/index.php/Citing_Quantum-ESPRESSO
     file Ni.pz-nd-rrkjus.UPF: wavefunction(s)  4S renormalized
     file O.pz-rrkjus.UPF: wavefunction(s)  2S renormalized

     Check: negative/imaginary core charge=   -0.000114    0.000000

     negative rho (up, down):  0.322E-05 0.000E+00
     Spin 1
       Wannier #  1 centered on atom Ni  (position  0.00000 0.00000 0.00000 )
         Bands for generation: from   2 to   9
         Trial wavefunction ingredients:
          1.0000000000 of l=2, m=1
       Wannier #  2 centered on atom Ni  (position  0.00000 0.00000 0.00000 )
         Bands for generation: from   2 to   9
         Trial wavefunction ingredients:
          1.0000000000 of l=2, m=2
       Wannier #  3 centered on atom Ni  (position  0.00000 0.00000 0.00000 )
         Bands for generation: from   2 to   9
         Trial wavefunction ingredients:
          1.0000000000 of l=2, m=3
       Wannier #  4 centered on atom Ni  (position  0.00000 0.00000 0.00000 )
         Bands for generation: from   2 to   9
         Trial wavefunction ingredients:
          1.0000000000 of l=2, m=4
       Wannier #  5 centered on atom Ni  (position  0.00000 0.00000 0.00000 )
         Bands for generation: from   2 to   9
         Trial wavefunction ingredients:
          1.0000000000 of l=2, m=5
       Wannier #  6 centered on atom O   (position  0.50000 0.50000 0.50000 )
         Bands for generation: from   2 to   9
         Trial wavefunction ingredients:
          1.0000000000 of l=1, m=1
       Wannier #  7 centered on atom O   (position  0.50000 0.50000 0.50000 )
         Bands for generation: from   2 to   9
         Trial wavefunction ingredients:
          1.0000000000 of l=1, m=2
       Wannier #  8 centered on atom O   (position  0.50000 0.50000 0.50000 )
         Bands for generation: from   2 to   9
         Trial wavefunction ingredients:
          1.0000000000 of l=1, m=3
 Atomic wfc used for LDA+U Projector are orthogonalized

     Spin 1:
       Wannier#  1
         occupation:0.653
         energy: 10.268 eV
       Wannier#  2
         occupation:0.989
         energy:  9.947 eV
       Wannier#  3
         occupation:0.989
         energy:  9.947 eV
       Wannier#  4
         occupation:0.653
         energy: 10.268 eV
       Wannier#  5
         occupation:0.989
         energy:  9.947 eV
       Wannier#  6
         occupation:0.909
         energy:  6.721 eV
       Wannier#  7
         occupation:0.909
         energy:  6.721 eV
       Wannier#  8
         occupation:0.909
         energy:  6.721 eV
       Wannier occupation matrix:

         0.653  0.000  0.000  0.000  0.000 -0.005 -0.003 -0.003
         0.000  0.989  0.000  0.000  0.000  0.001 -0.001 -0.012
         0.000  0.000  0.989  0.000  0.000  0.001 -0.012 -0.001
         0.000  0.000  0.000  0.653  0.000  0.000  0.005 -0.005
         0.000  0.000  0.000  0.000  0.989 -0.012  0.001  0.001
        -0.005  0.001  0.001  0.000 -0.012  0.909  0.000  0.000
        -0.003 -0.001 -0.012  0.005  0.001  0.000  0.909  0.000
        -0.003 -0.012 -0.001 -0.005  0.001  0.000  0.000  0.909

     Hamiltonian is in the JK format, 1728 k-points
     ATTENTION: All k-points weights are real weights

  
     Projected Hamiltonian eigenvalues (eV):
       spin1       6.7185   6.7208   6.7208   9.9473   9.9473   9.9496  10.2681  10.2681
  
