
     Program PHONON    v.2.0    starts ...
     Today is 27May2004 at 13:25:56 

     Ultrasoft (Vanderbilt) Pseudopotentials

     Reading file alas.save ... 
     read complete

     Reading file alas.save ... 
     read complete

     nbndx  =     4  nbnd   =     4  natomwfc =    13  npwx   =     165
     nelec  =    8.00 nkb   =     8  ngl    =      39
 WRITING PATTERNS ON FILE alas.drhoe.pat                                        
                                                                                
                                                                                
                                             

     phonons of AlAs at Gamma                                                   

     crystal is                     

     bravais-lattice index     =            2
     lattice parameter (a_0)   =      10.5750  a.u.
     unit-cell volume          =     295.6522 (a.u.)^3
     number of atoms/cell      =            2
     number of atomic types    =            2
     kinetic-energy cut-off    =      10.0000  Ry
     charge density cut-off    =      40.0000  Ry
     convergence threshold     =      1.0E-12
     beta                      =       0.7000
     number of iterations used =            4

     celldm(1)=   10.57500  celldm(2)=    0.00000  celldm(3)=    0.00000
     celldm(4)=    0.00000  celldm(5)=    0.00000  celldm(6)=    0.00000

     crystal axes: (cart. coord. in units of a_0)
               a(1) = ( -0.5000  0.0000  0.5000 )  
               a(2) = (  0.0000  0.5000  0.5000 )  
               a(3) = ( -0.5000  0.5000  0.0000 )  

     reciprocal axes: (cart. coord. in units 2 pi/a_0)
               b(1) = ( -1.0000 -1.0000  1.0000 )  
               b(2) = (  1.0000  1.0000  1.0000 )  
               b(3) = ( -1.0000  1.0000 -1.0000 )  


     Atoms inside the unit cell: 

   Cartesian axes

     site n.  atom      mass           positions (a_0 units)
        1        Al  69.7200   tau( 1) = (    0.00000    0.00000    0.00000  )
        2        As  26.9800   tau( 2) = (    0.25000    0.25000    0.25000  )

     Computing dynamical matrix for 
                    q = (    0.00000    0.00000    0.00000 )
 
     25 Sym.Ops. (with q -> -q+G )


     G cutoff =  113.3081  (   1243 G-vectors)     FFT grid: ( 16, 16, 16)
     number of k points=   10
                       cart. coord. in units 2pi/a_0
        k(    1) = (  -0.1250000   0.1250000   0.1250000), wk =   0.0625000
        k(    2) = (  -0.3750000   0.3750000  -0.1250000), wk =   0.1875000
        k(    3) = (   0.3750000  -0.3750000   0.6250000), wk =   0.1875000
        k(    4) = (   0.1250000  -0.1250000   0.3750000), wk =   0.1875000
        k(    5) = (  -0.1250000   0.6250000   0.1250000), wk =   0.1875000
        k(    6) = (   0.6250000  -0.1250000   0.8750000), wk =   0.3750000
        k(    7) = (   0.3750000   0.1250000   0.6250000), wk =   0.3750000
        k(    8) = (  -0.1250000  -0.8750000   0.1250000), wk =   0.1875000
        k(    9) = (  -0.3750000   0.3750000   0.3750000), wk =   0.0625000
        k(   10) = (   0.3750000  -0.3750000   1.1250000), wk =   0.1875000

     pseudo 1 is Al         zval =  3.0   lmax= 1   lloc= 0
     (in numerical form: 171 grid points, xmin =  0.00, dx = 0.0000)

     pseudo 2 is As         zval =  5.0   lmax= 1   lloc= 0
     (in numerical form: 525 grid points, xmin =  0.00, dx = 0.0000)


     Atomic displacements:
     There are   2 irreducible representations

     Representation     1      3 modes - To be done

     Representation     2      3 modes - To be done
     PHONON       :     0.19s CPU time


      Computing electric fields


      iter #   1 total cpu time :     3.3 secs   av.it.:   6.0
      thresh= 0.100E-01 alpha_mix =  0.700 |ddv_scf|^2 =  0.227E-05


      iter #   2 total cpu time :     5.4 secs   av.it.:   9.6
      thresh= 0.151E-03 alpha_mix =  0.700 |ddv_scf|^2 =  0.113E-06


      iter #   3 total cpu time :     7.5 secs   av.it.:   9.3
      thresh= 0.336E-04 alpha_mix =  0.700 |ddv_scf|^2 =  0.715E-09


      iter #   4 total cpu time :     9.6 secs   av.it.:   9.4
      thresh= 0.267E-05 alpha_mix =  0.700 |ddv_scf|^2 =  0.312E-11


      iter #   5 total cpu time :    11.6 secs   av.it.:   8.9
      thresh= 0.177E-06 alpha_mix =  0.700 |ddv_scf|^2 =  0.643E-13

          Dielectric constant in cartesian axis 

          (       8.814163945       0.000000000       0.000000000 )
          (       0.000000000       8.814163945       0.000000000 )
          (       0.000000000       0.000000000       8.814163945 )

          Effective charges E-U in cartesian axis 

           atom      1
          (        2.14187        0.00000        0.00000 )
          (        0.00000        2.14187        0.00000 )
          (        0.00000        0.00000        2.14187 )
           atom      2
          (       -2.14330        0.00000        0.00000 )
          (        0.00000       -2.14330        0.00000 )
          (        0.00000        0.00000       -2.14330 )

     Calling punch_plot_e
     Writing on file  alas.drhoe                                                                      
 
     PHONON       :    12.17s CPU time

     INITIALIZATION: 
     phq_setup    :     0.01s CPU
     phq_init     :     0.17s CPU
 
     phq_init     :     0.17s CPU
     init_vloc    :     0.01s CPU (       2 calls,   0.005 s avg)
     init_us_1    :     0.08s CPU
 
     DIELECTRIC CONSTANT AND EFFECTIVE CHARGES:
     solve_e      :    11.39s CPU
     dielec       :     0.00s CPU
     zstar_eu     :     0.50s CPU
 
 
 
 
     dvqpsi_us    :     0.47s CPU (      60 calls,   0.008 s avg)
     cgsolve      :     8.86s CPU (     180 calls,   0.049 s avg)
     incdrhoscf   :     0.94s CPU (     150 calls,   0.006 s avg)
     dv_of_drho   :     0.05s CPU (      15 calls,   0.003 s avg)
     mix_pot      :     0.10s CPU (       5 calls,   0.020 s avg)
 
     dvqpsi_us    :     0.47s CPU (      60 calls,   0.008 s avg)
     dvqpsi_us_on :     0.05s CPU (      60 calls,   0.001 s avg)
 
     cgsolve      :     8.86s CPU (     180 calls,   0.049 s avg)
     ch_psi       :     8.58s CPU (    1911 calls,   0.004 s avg)
 
     ch_psi       :     8.58s CPU (    1911 calls,   0.004 s avg)
     h_psiq       :     8.02s CPU (    1911 calls,   0.004 s avg)
     last         :     0.51s CPU (    1911 calls,   0.000 s avg)
 
     h_psiq       :     8.02s CPU (    1911 calls,   0.004 s avg)
     firstfft     :     3.45s CPU (    6907 calls,   0.000 s avg)
     secondfft    :     3.29s CPU (    6907 calls,   0.000 s avg)
     add_vuspsi   :     0.24s CPU (    1911 calls,   0.000 s avg)
 
     incdrhoscf   :     0.94s CPU (     150 calls,   0.006 s avg)
 
 
      General routines
     ccalbec      :     0.38s CPU (    4612 calls,   0.000 s avg)
     cft3         :     0.04s CPU (      46 calls,   0.001 s avg)
     cft3s        :     7.81s CPU (   16514 calls,   0.000 s avg)
     davcio       :     0.14s CPU (     834 calls,   0.000 s avg)
 
