
     Program PHONON    v.2.0    starts ...
     Today is 27May2004 at 13:26:34 

     Ultrasoft (Vanderbilt) Pseudopotentials

     Reading file alas.save ... 
     read complete

     Reading file alas.save ... 
     read complete

     nbndx  =     4  nbnd   =     4  natomwfc =    13  npwx   =     165
     nelec  =    8.00 nkb   =     8  ngl    =      39
 WRITING PATTERNS ON FILE alas.drhou.pat                                        
                                                                                
                                                                                
                                             

     phonons of AlAs at Gamma                                                   

     crystal is                     

     bravais-lattice index     =            2
     lattice parameter (a_0)   =      10.5750  a.u.
     unit-cell volume          =     295.6522 (a.u.)^3
     number of atoms/cell      =            2
     number of atomic types    =            2
     kinetic-energy cut-off    =      10.0000  Ry
     charge density cut-off    =      40.0000  Ry
     convergence threshold     =      1.0E-12
     beta                      =       0.7000
     number of iterations used =            4

     celldm(1)=   10.57500  celldm(2)=    0.00000  celldm(3)=    0.00000
     celldm(4)=    0.00000  celldm(5)=    0.00000  celldm(6)=    0.00000

     crystal axes: (cart. coord. in units of a_0)
               a(1) = ( -0.5000  0.0000  0.5000 )  
               a(2) = (  0.0000  0.5000  0.5000 )  
               a(3) = ( -0.5000  0.5000  0.0000 )  

     reciprocal axes: (cart. coord. in units 2 pi/a_0)
               b(1) = ( -1.0000 -1.0000  1.0000 )  
               b(2) = (  1.0000  1.0000  1.0000 )  
               b(3) = ( -1.0000  1.0000 -1.0000 )  


     Atoms inside the unit cell: 

   Cartesian axes

     site n.  atom      mass           positions (a_0 units)
        1        Al  69.7200   tau( 1) = (    0.00000    0.00000    0.00000  )
        2        As  26.9800   tau( 2) = (    0.25000    0.25000    0.25000  )

     Computing dynamical matrix for 
                    q = (    0.00000    0.00000    0.00000 )
 
     25 Sym.Ops. (with q -> -q+G )


     G cutoff =  113.3081  (   1243 G-vectors)     FFT grid: ( 16, 16, 16)
     number of k points=   10
                       cart. coord. in units 2pi/a_0
        k(    1) = (  -0.1250000   0.1250000   0.1250000), wk =   0.0625000
        k(    2) = (  -0.3750000   0.3750000  -0.1250000), wk =   0.1875000
        k(    3) = (   0.3750000  -0.3750000   0.6250000), wk =   0.1875000
        k(    4) = (   0.1250000  -0.1250000   0.3750000), wk =   0.1875000
        k(    5) = (  -0.1250000   0.6250000   0.1250000), wk =   0.1875000
        k(    6) = (   0.6250000  -0.1250000   0.8750000), wk =   0.3750000
        k(    7) = (   0.3750000   0.1250000   0.6250000), wk =   0.3750000
        k(    8) = (  -0.1250000  -0.8750000   0.1250000), wk =   0.1875000
        k(    9) = (  -0.3750000   0.3750000   0.3750000), wk =   0.0625000
        k(   10) = (   0.3750000  -0.3750000   1.1250000), wk =   0.1875000

     pseudo 1 is Al         zval =  3.0   lmax= 1   lloc= 0
     (in numerical form: 171 grid points, xmin =  0.00, dx = 0.0000)

     pseudo 2 is As         zval =  5.0   lmax= 1   lloc= 0
     (in numerical form: 525 grid points, xmin =  0.00, dx = 0.0000)


     Atomic displacements:
     There are   2 irreducible representations

     Representation     1      3 modes - To be done

     Representation     2      3 modes - To be done
     PHONON       :     0.21s CPU time


     Alpha used in Ewald sum =   0.4000


     Representation #  1 modes #   1  2  3


      iter #   1 total cpu time :     1.5 secs   av.it.:   4.8
      thresh= 0.100E-01 alpha_mix =  0.700 |ddv_scf|^2 =  0.542E-07


      iter #   2 total cpu time :     3.5 secs   av.it.:   9.3
      thresh= 0.233E-04 alpha_mix =  0.700 |ddv_scf|^2 =  0.464E-09


      iter #   3 total cpu time :     5.5 secs   av.it.:   9.2
      thresh= 0.215E-05 alpha_mix =  0.700 |ddv_scf|^2 =  0.387E-10


      iter #   4 total cpu time :     7.4 secs   av.it.:   8.9
      thresh= 0.622E-06 alpha_mix =  0.700 |ddv_scf|^2 =  0.225E-11


      iter #   5 total cpu time :     9.4 secs   av.it.:   9.3
      thresh= 0.150E-06 alpha_mix =  0.700 |ddv_scf|^2 =  0.845E-15

     Convergence has been achieved 


     Representation #  2 modes #   4  5  6


      iter #   1 total cpu time :    12.8 secs   av.it.:   5.7
      thresh= 0.100E-01 alpha_mix =  0.700 |ddv_scf|^2 =  0.877E-06


      iter #   2 total cpu time :    14.9 secs   av.it.:   9.5
      thresh= 0.936E-04 alpha_mix =  0.700 |ddv_scf|^2 =  0.429E-07


      iter #   3 total cpu time :    17.0 secs   av.it.:   9.3
      thresh= 0.207E-04 alpha_mix =  0.700 |ddv_scf|^2 =  0.509E-10


      iter #   4 total cpu time :    19.1 secs   av.it.:   9.5
      thresh= 0.714E-06 alpha_mix =  0.700 |ddv_scf|^2 =  0.117E-11


      iter #   5 total cpu time :    21.1 secs   av.it.:   9.3
      thresh= 0.108E-06 alpha_mix =  0.700 |ddv_scf|^2 =  0.124E-13

     Convergence has been achieved 
 
     Number of q in the star =    1
     List of q in the star:
          1   0.000000000   0.000000000   0.000000000

          Effective charges U-E in cartesian axis 

                    Z_{s,alpha}{beta} 

           atom      1
          (        2.14198        0.00000        0.00000 )
          (        0.00000        2.14198        0.00000 )
          (        0.00000        0.00000        2.14198 )
           atom      2
          (       -2.14341        0.00000        0.00000 )
          (        0.00000       -2.14341        0.00000 )
          (        0.00000        0.00000       -2.14341 )

     Diagonalizing the dynamical matrix

     q = (    0.000000000   0.000000000   0.000000000 ) 

 **************************************************************************
     omega( 1) =       0.153346 [THz] =       5.115092 [cm-1]
     omega( 2) =       0.153346 [THz] =       5.115092 [cm-1]
     omega( 3) =       0.153346 [THz] =       5.115092 [cm-1]
     omega( 4) =      10.689958 [THz] =     356.580971 [cm-1]
     omega( 5) =      10.689958 [THz] =     356.580971 [cm-1]
     omega( 6) =      10.689958 [THz] =     356.580971 [cm-1]
 **************************************************************************

     Calling punch_plot_ph
     Writing on file  alas.drhou                                                                      
 
     PHONON       :    21.29s CPU time

     INITIALIZATION: 
     phq_setup    :     0.01s CPU
     phq_init     :     0.18s CPU
 
     phq_init     :     0.18s CPU
     init_vloc    :     0.01s CPU (       2 calls,   0.005 s avg)
     init_us_1    :     0.09s CPU
 
     DYNAMICAL MATRIX:
     dynmat0      :     0.02s CPU
     phqscf       :    20.90s CPU
     dynmatrix    :     0.02s CPU
 
     phqscf       :    20.90s CPU
     solve_linter :    18.82s CPU (       2 calls,   9.410 s avg)
     drhodv       :     0.07s CPU (       2 calls,   0.035 s avg)
     add_zstar_ue :     2.01s CPU (       2 calls,   1.005 s avg)
 
     dynmat0      :     0.02s CPU
     dynmat_us    :     0.01s CPU
     d2ionq       :     0.01s CPU
 
     dynmat_us    :     0.01s CPU
 
     phqscf       :    20.90s CPU
     solve_linter :    18.82s CPU (       2 calls,   9.410 s avg)
 
     solve_linter :    18.82s CPU (       2 calls,   9.410 s avg)
     dvqpsi_us    :     0.40s CPU (      60 calls,   0.007 s avg)
     ortho        :     0.13s CPU (     300 calls,   0.000 s avg)
     cgsolve      :    15.79s CPU (     330 calls,   0.048 s avg)
     incdrhoscf   :     1.72s CPU (     300 calls,   0.006 s avg)
     vpsifft      :     1.32s CPU (     240 calls,   0.006 s avg)
     dv_of_drho   :     0.09s CPU (      30 calls,   0.003 s avg)
     mix_pot      :     0.20s CPU (      10 calls,   0.020 s avg)
     symdvscf     :     0.84s CPU (      12 calls,   0.070 s avg)
 
     dvqpsi_us    :     0.40s CPU (      60 calls,   0.007 s avg)
     dvqpsi_us_on :     0.04s CPU (      60 calls,   0.001 s avg)
 
     cgsolve      :    15.79s CPU (     330 calls,   0.048 s avg)
     ch_psi       :    15.18s CPU (    3295 calls,   0.005 s avg)
 
     ch_psi       :    15.18s CPU (    3295 calls,   0.005 s avg)
     h_psiq       :    14.47s CPU (    3295 calls,   0.004 s avg)
     last         :     0.62s CPU (    3295 calls,   0.000 s avg)
 
     h_psiq       :    14.47s CPU (    3295 calls,   0.004 s avg)
     firstfft     :     6.27s CPU (   12082 calls,   0.001 s avg)
     secondfft    :     6.07s CPU (   12082 calls,   0.001 s avg)
     add_vuspsi   :     0.37s CPU (    3295 calls,   0.000 s avg)
 
     incdrhoscf   :     1.72s CPU (     300 calls,   0.006 s avg)
 
 
      General routines
     ccalbec      :     0.87s CPU (    8280 calls,   0.000 s avg)
     cft3         :     0.07s CPU (      92 calls,   0.001 s avg)
     cft3s        :    13.98s CPU (   29036 calls,   0.000 s avg)
     davcio       :     0.28s CPU (    1368 calls,   0.000 s avg)
     write_rec    :     0.00s CPU (      10 calls,   0.000 s avg)
 
