     diagonalizing the dynamical matrix ...

 q =       0.0000      0.0000      0.0000
 **************************************************************************
     omega( 1) =       0.000000 [THz] =      -0.000009 [cm-1]
 (  0.009580   0.000000    -0.153871   0.000000    -0.126865   0.000000   )
 (  0.029558   0.000000     0.144000   0.000000     0.076128   0.000000   )
 (  0.009646   0.000000     0.725160   0.000000     0.419018   0.000000   )
 (  0.030163   0.000000    -0.401877   0.000000    -0.262281   0.000000   )
     omega( 2) =       0.000000 [THz] =      -0.000004 [cm-1]
 ( -0.123902   0.000000    -0.407081   0.000000    -0.144479   0.000000   )
 ( -0.347296   0.000000     0.411481   0.000000    -0.018977   0.000000   )
 ( -0.123680   0.000000    -0.211150   0.000000    -0.460366   0.000000   )
 ( -0.347383   0.000000     0.290119   0.000000     0.176365   0.000000   )
     omega( 3) =       0.000000 [THz] =      -0.000003 [cm-1]
 ( -0.377134   0.000000     0.536736   0.000000    -0.168221   0.000000   )
 ( -0.208636   0.000000     0.149645   0.000000    -0.129920   0.000000   )
 ( -0.377304   0.000000     0.362585   0.000000     0.054775   0.000000   )
 ( -0.208587   0.000000     0.257657   0.000000    -0.268073   0.000000   )
     omega( 4) =       0.000000 [THz] =       0.000002 [cm-1]
 (  0.170559   0.000000     0.199292   0.000000     0.487776   0.000000   )
 ( -0.043909   0.000000     0.383504   0.000000     0.260942   0.000000   )
 (  0.170767   0.000000     0.338852   0.000000     0.156591   0.000000   )
 ( -0.044026   0.000000     0.296894   0.000000     0.466461   0.000000   )
     omega( 5) =       0.000000 [THz] =       0.000004 [cm-1]
 (  0.320232   0.000000     0.140481   0.000000    -0.307676   0.000000   )
 (  0.321656   0.000000     0.325953   0.000000    -0.198393   0.000000   )
 (  0.320219   0.000000     0.017519   0.000000    -0.375978   0.000000   )
 (  0.321576   0.000000     0.402406   0.000000    -0.156320   0.000000   )
     omega( 6) =       0.000000 [THz] =       0.000008 [cm-1]
 ( -0.213431   0.000000    -0.004715   0.000000    -0.238952   0.000000   )
 (  0.236547   0.000000     0.072010   0.000000     0.504382   0.000000   )
 ( -0.213882   0.000000    -0.454497   0.000000     0.365187   0.000000   )
 (  0.236688   0.000000     0.351418   0.000000     0.128823   0.000000   )
     omega( 7) =       1.419347 [THz] =      47.344315 [cm-1]
 (  0.056424   0.000000     0.053191   0.000000     0.050312   0.000000   )
 ( -0.057794   0.000000    -0.025945   0.000000     0.273989   0.000000   )
 (  0.077537   0.000000     0.017416   0.000000    -0.611166   0.000000   )
 ( -0.071936   0.000000    -0.128807   0.000000    -0.714680   0.000000   )
     omega( 8) =       3.166425 [THz] =     105.620578 [cm-1]
 (  0.013065   0.000000    -0.107020   0.000000    -0.025201   0.000000   )
 ( -0.012128   0.000000    -0.220862   0.000000     0.043213   0.000000   )
 (  0.001063   0.000000     0.568930   0.000000    -0.124081   0.000000   )
 ( -0.004896   0.000000     0.771556   0.000000     0.050443   0.000000   )
     omega( 9) =       4.729964 [THz] =     157.774610 [cm-1]
 ( -0.273729   0.000000    -0.185578   0.000000     0.340932   0.000000   )
 (  0.273956   0.000000     0.133770   0.000000    -0.200895   0.000000   )
 ( -0.262614   0.000000    -0.082514   0.000000     0.064690   0.000000   )
 (  0.261682   0.000000     0.294323   0.000000    -0.637205   0.000000   )
     omega(10) =       6.437040 [THz] =     214.716539 [cm-1]
 ( -0.194166   0.000000    -0.000494   0.000000    -0.000257   0.000000   )
 ( -0.139105   0.000000    -0.000806   0.000000    -0.000706   0.000000   )
 (  0.764319   0.000000     0.012359   0.000000    -0.016895   0.000000   )
 (  0.598200   0.000000    -0.007043   0.000000     0.020835   0.000000   )
     omega(11) =       8.282457 [THz] =     276.273037 [cm-1]
 ( -0.215085   0.000000     0.002327   0.000000     0.010838   0.000000   )
 (  0.238963   0.000000     0.002077   0.000000     0.020694   0.000000   )
 ( -0.025101   0.000000     0.330849   0.000000    -0.634859   0.000000   )
 ( -0.072523   0.000000    -0.348857   0.000000     0.505947   0.000000   )
     omega(12) =      10.118885 [THz] =     337.529685 [cm-1]
 (  0.085985   0.000000     0.001333   0.000000     0.006760   0.000000   )
 ( -0.122938   0.000000     0.003422   0.000000     0.008452   0.000000   )
 ( -0.596754   0.000000     0.081346   0.000000    -0.178214   0.000000   )
 (  0.747831   0.000000    -0.100786   0.000000     0.116020   0.000000   )
 **************************************************************************
