=------------------------------------------------------------------------------=

     CPV: variable-cell Car-Parrinello molecular dynamics
     using ultrasoft Vanderbilt pseudopotentials

     Version: 2.1cvs - Fri Jan 28 17:56:02 NFT 2005                       
     Authors: Alfredo Pasquarello, Kari Laasonen, Andrea Trave, Roberto Car,
       Paolo Giannozzi, Nicola Marzari, and others

=------------------------------------------------------------------------------=

   This run was started on:  17:18:59   7Sep2005               

   MPI Parallel Build
   Tasks =    1  This task id =    0

   Job Title: MD Simulation


   Atomic Pseudopotentials Parameters
   ----------------------------------

   Reading pseudopotential for specie #  1 from file :
   /sp5/usercin/acv0/sfs/espresso/pseudo/H_US.van
   file type is  1

    ============================================================
    |  pseudopotential report for atomic species:  1           |
    |        pseudo potential version   7   3   2              |
    ------------------------------------------------------------
    |  hydrogen            PBE                  exchange-corr  |
    |  z =   1.    zv( 1) =   1.    exfact =   5.00000         |
    |  ifpcor =  0           atomic energy =  -0.91772 Ry      |
    |  index    orbital      occupation    energy              |
    |    1        100           1.00       -0.48               |
    |  rinner =  0.5000                                        |
    |    new generation scheme:                                |
    |    nbeta =  1     kkbeta =  271     rcloc =    0.6000    |
    |    ibeta    l     epsilon   rcut                         |
    |      1       0      -0.48   0.80                         |
    ============================================================

   Warning XC functionals forced to be: PBE                 


   Main Simulation Parameters (from input)
   ---------------------------------------
   Restart Mode       =       1   restart        
   Number of MD Steps =      60
   Print out every          100 MD Steps
   Reads from unit    =      60
   Writes to unit     =      60
   MD Simulation time step            =      10.00
   Electronic fictitious mass (emass) =     500.00
   emass cut-off                      =       2.50

   Simulation Cell Parameters (from input)
   external pressure       =            0.00 [GPa]
   wmass (calculated)      =          415.57 [AU]
   ibrav =    1
   alat  =    10.00000000
   a1    =    10.00000000    0.00000000    0.00000000
   a2    =     0.00000000   10.00000000    0.00000000
   a3    =     0.00000000    0.00000000   10.00000000
 
   b1    =     0.10000000    0.00000000    0.00000000
   b2    =     0.00000000    0.10000000    0.00000000
   b3    =     0.00000000    0.00000000    0.10000000
   omega =  1000.00000000
   
  INIT_PATH : linear interpolation used 
   

   Energy Cut-offs
   ---------------
   Ecutwfc =   15.0 Ryd.,    Ecutrho =  100.0 Ryd.,    Ecuts =   60.0 Ryd.
   Gcutwfc =    6.2     ,    Gcutrho =   15.9          Gcuts =   12.3
   NOTA BENE: refg, mmx =   0.050000  2400
   Eigenvalues calculated without the kinetic term contribution
   Orthog. with lagrange multipliers : eps =   0.10E-07,  max =  20
   verlet algorithm for electron dynamics
   with friction frice =  0.1000 , grease =  1.0000
   Electron dynamics : the temperature is not controlled

   Electronic states
   -----------------
   Local Spin Density calculation
   Number of Electron =     3
   Spins up   =     2, occupations: 
   1.00 1.00
   Spins down =     1, occupations: 
   1.00


   Exchange and correlations functionals
   -------------------------------------
   Using Local Density Approximation with
     Exchange functional: SLATER                                                      
     Correlation functional: PERDEW AND WANG                                             
   Using Generalized Gradient Corrections with
     Exchange functional: PERDEW BURKE ERNZERHOF                                      
     Correlation functional: PERDEW BURKE ERNZERHOF                                      
     Exchange-correlation      = PBE (1434)


   Ions Simulation Parameters
   --------------------------
   Ions are not allowed to move
   Ionic position (from input)
   sorted by specie, and converted to real a.u. coordinates
   Species   1 atoms =    3 mass =      1822.89 (a.u.),         1.00 (uma) rcmax =   0.80 (a.u.)
        0.000000     0.000000     0.000000
        0.000000     0.000000     0.000000
        0.000000     0.000000     0.000000
   Ionic position will be re-read from restart file


   Cell Dynamics Parameters (from STDIN)
   -------------------------------------
   Starting cell generated from CELLDM
   Cell parameters will be re-read from restart file
   Constant VOLUME Molecular dynamics
   cell parameters are not allowed to move

   Verbosity: iprsta =  1



   Simulation dimensions initialization
   ------------------------------------

   unit vectors of full simulation cell
   in real space:                         in reciprocal space (units 2pi/alat):
   1    10.0000    0.0000    0.0000              1.0000    0.0000    0.0000
   2     0.0000   10.0000    0.0000              0.0000    1.0000    0.0000
   3     0.0000    0.0000   10.0000              0.0000    0.0000    1.0000
 
   Stick Mesh
   ----------
   nst =   397,  nstw =    61, nsts =   241
        PEs    n.st   n.stw   n.sts    n.g    n.gw   n.gs
          1     793     121     481   16879     949    7809
          0     793     121     481   16879     949    7809
 
 
   Real Mesh
   ---------
   Global Dimensions   Local  Dimensions   Processor Grid
   .X.   .Y.   .Z.     .X.   .Y.   .Z.     .X.   .Y.   .Z.
    32    32    32      32    32    32       1     1     1
   Array leading dimensions ( nr1x, nr2x, nr3x )   =     33    32    33
   Local number of cell to store the grid ( nnrx ) =      34848
   Number of x-y planes for each processors: 
   nr3l =    32
 
   Smooth Real Mesh
   ----------------
   Global Dimensions   Local  Dimensions   Processor Grid
   .X.   .Y.   .Z.     .X.   .Y.   .Z.     .X.   .Y.   .Z.
    28    28    28      28    28    28       1     1     1
   Array leading dimensions ( nr1x, nr2x, nr3x )   =     28    28    28
   Local number of cell to store the grid ( nnrx ) =      21952
   Number of x-y planes for each processors: 
   nr3sl =    28
 
   Small Box Real Mesh
   -------------------
   Global Dimensions   Local  Dimensions   Processor Grid
   .X.   .Y.   .Z.     .X.   .Y.   .Z.     .X.   .Y.   .Z.
    16    16    16      16    16    16       1     1     1
   Array leading dimensions ( nr1x, nr2x, nr3x )   =     17    16    16
   Local number of cell to store the grid ( nnrx ) =       4352
 
   unit vectors of box grid cell
   in real space:                         in reciprocal space:
       5.0000    0.0000    0.0000              1.0000    0.0000    0.0000
       0.0000    5.0000    0.0000              0.0000    1.0000    0.0000
       0.0000    0.0000    5.0000              0.0000    0.0000    1.0000
 
   Reciprocal Space Mesh
   ---------------------
                Large Mesh
   PE   Global(ngmt)     Local(ngm) MaxLocal(ngmx)
    1           8440           8440           8440
                Smooth Mesh
   PE   Global(ngst)     Local(ngs) MaxLocal(ngsx)
    1           3905           3905           3905
                Wave function Mesh
   PE   Global(ngwt)     Local(ngw) MaxLocal(ngwx)
    1            475            475            475

                Small box Mesh
   ngb =         1052 not distributed to processors
                                                  
  ================================================
                                                  
  CPSMD : replica = 0 ..  8
                                                  
                                                  
  String Method : 
                                                  
                                                  
       smd_lm    =  F
       CPMD    =  T
       smd_linr    =  T
       smd_polm    =  F Pt =  2
       smd_stcd    =  F
       SMfile  =  20
       TFOR  =  F
                                                  
                                                  
  ================================================
  UNIT8 = /scratch/acv0/tmp//fort.8                                                                                                                                                                                                                                       
    NOTA BENE: refg, mmx =  0.500000000000000028E-01 2400
 ibrav =    1       cell parameters 

      10.00000       0.00000       0.00000
       0.00000      10.00000       0.00000
       0.00000       0.00000      10.00000
 
  out from init


   Pseudopotentials initialization
   -------------------------------
  nlinit  nh(is), ngb, is, kkbeta, lmaxq =  1 1052 1 271 1
 
                        qqq 
   9.4958
 


   Common initialization

   Specie:     1
   1  indv=  1   ang. mom=  0
 
                        dion 
   3.3279
  out from nlinit
  Allocation begun, smpm =  7
  Allocation for W.F. s : successful 
  Allocation for CP core : successful 
  Allocation for SM variables : successful 
  Allocation for pointers : successful 
  Allocation ended 

   formf: eself=   1.49603
   formf:     vps(g=0)=  -0.0017921     rhops(g=0)=  -0.0010000
   formf: sum_g vps(g)=  -1.0579820 sum_g rhops(g)=  -0.1758329

   formf: eself=   1.49603
   formf:     vps(g=0)=  -0.0017921     rhops(g=0)=  -0.0010000
   formf: sum_g vps(g)=  -1.0579820 sum_g rhops(g)=  -0.1758329

   formf: eself=   1.49603
   formf:     vps(g=0)=  -0.0017921     rhops(g=0)=  -0.0010000
   formf: sum_g vps(g)=  -1.0579820 sum_g rhops(g)=  -0.1758329

   formf: eself=   1.49603
   formf:     vps(g=0)=  -0.0017921     rhops(g=0)=  -0.0010000
   formf: sum_g vps(g)=  -1.0579820 sum_g rhops(g)=  -0.1758329

   formf: eself=   1.49603
   formf:     vps(g=0)=  -0.0017921     rhops(g=0)=  -0.0010000
   formf: sum_g vps(g)=  -1.0579820 sum_g rhops(g)=  -0.1758329

   formf: eself=   1.49603
   formf:     vps(g=0)=  -0.0017921     rhops(g=0)=  -0.0010000
   formf: sum_g vps(g)=  -1.0579820 sum_g rhops(g)=  -0.1758329

   formf: eself=   1.49603
   formf:     vps(g=0)=  -0.0017921     rhops(g=0)=  -0.0010000
   formf: sum_g vps(g)=  -1.0579820 sum_g rhops(g)=  -0.1758329
  
  Center of mass 
  
   0  0.00000 0.00000 1.98543
   1  0.00000 0.00000 2.05158
   2  0.00000 0.00000 2.11772
   3  0.00000 0.00000 2.18386
   4  0.00000 0.00000 2.25000
   5  0.00000 0.00000 2.31614
   6  0.00000 0.00000 2.38228
   7  0.00000 0.00000 2.44843
   8  0.00000 0.00000 2.51457
  
  _____________________________________________
  
  *****    Entering SMD LOOP   ***** 
  _____________________________________________


                total energy =       -1.57965 a.u.
              kinetic energy =        1.33930 a.u.
        electrostatic energy =        0.00000 a.u.
                         esr =        0.02346 a.u.
                       eself =        1.49603 a.u.
      pseudopotential energy =       -0.64381 a.u.
  n-l pseudopotential energy =        0.03261 a.u.
 exchange-correlation energy =       -0.94693 a.u.
           average potential =        0.00000 a.u.




                total energy =       -1.55916 a.u.
              kinetic energy =        1.29464 a.u.
        electrostatic energy =        0.00000 a.u.
                         esr =        0.01144 a.u.
                       eself =        1.49603 a.u.
      pseudopotential energy =       -0.59986 a.u.
  n-l pseudopotential energy =        0.03040 a.u.
 exchange-correlation energy =       -0.92266 a.u.
           average potential =        0.00000 a.u.




                total energy =       -1.51601 a.u.
              kinetic energy =        1.25990 a.u.
        electrostatic energy =        0.00000 a.u.
                         esr =        0.00594 a.u.
                       eself =        1.49603 a.u.
      pseudopotential energy =       -0.56142 a.u.
  n-l pseudopotential energy =        0.02838 a.u.
 exchange-correlation energy =       -0.89564 a.u.
           average potential =        0.00000 a.u.




                total energy =       -1.44391 a.u.
              kinetic energy =        1.22597 a.u.
        electrostatic energy =        0.00000 a.u.
                         esr =        0.00437 a.u.
                       eself =        1.49603 a.u.
      pseudopotential energy =       -0.52103 a.u.
  n-l pseudopotential energy =        0.02628 a.u.
 exchange-correlation energy =       -0.86201 a.u.
           average potential =        0.00000 a.u.




                total energy =       -1.35635 a.u.
              kinetic energy =        1.18711 a.u.
        electrostatic energy =        0.00000 a.u.
                         esr =        0.00594 a.u.
                       eself =        1.49603 a.u.
      pseudopotential energy =       -0.48084 a.u.
  n-l pseudopotential energy =        0.02425 a.u.
 exchange-correlation energy =       -0.82729 a.u.
           average potential =        0.00000 a.u.




                total energy =       -1.29248 a.u.
              kinetic energy =        1.15990 a.u.
        electrostatic energy =        0.00000 a.u.
                         esr =        0.01144 a.u.
                       eself =        1.49603 a.u.
      pseudopotential energy =       -0.46178 a.u.
  n-l pseudopotential energy =        0.02335 a.u.
 exchange-correlation energy =       -0.80863 a.u.
           average potential =        0.00000 a.u.




                total energy =       -1.27064 a.u.
              kinetic energy =        1.16731 a.u.
        electrostatic energy =        0.00000 a.u.
                         esr =        0.02346 a.u.
                       eself =        1.49603 a.u.
      pseudopotential energy =       -0.48014 a.u.
  n-l pseudopotential energy =        0.02431 a.u.
 exchange-correlation energy =       -0.81428 a.u.
           average potential =        0.00000 a.u.


  

  nfi   SUM(E)   con_ite     con_usat     cons_pls     max_ekinc   deviation   maxforce
  
  
  -----------  REPLICA :  1
  


                total energy =       -1.63103 a.u.
              kinetic energy =        1.30842 a.u.
        electrostatic energy =        0.00000 a.u.
                         esr =        0.02346 a.u.
                       eself =        1.49603 a.u.
      pseudopotential energy =       -0.64845 a.u.
  n-l pseudopotential energy =        0.03294 a.u.
 exchange-correlation energy =       -0.95756 a.u.
           average potential =        0.00000 a.u.


  
  -----------  REPLICA :  2
  


                total energy =       -1.62171 a.u.
              kinetic energy =        1.26077 a.u.
        electrostatic energy =        0.00000 a.u.
                         esr =        0.01144 a.u.
                       eself =        1.49603 a.u.
      pseudopotential energy =       -0.60678 a.u.
  n-l pseudopotential energy =        0.03084 a.u.
 exchange-correlation energy =       -0.93465 a.u.
           average potential =        0.00000 a.u.


  
  -----------  REPLICA :  3
  


                total energy =       -1.61365 a.u.
              kinetic energy =        1.22972 a.u.
        electrostatic energy =        0.00000 a.u.
                         esr =        0.00594 a.u.
                       eself =        1.49603 a.u.
      pseudopotential energy =       -0.58137 a.u.
  n-l pseudopotential energy =        0.02947 a.u.
 exchange-correlation energy =       -0.91894 a.u.
           average potential =        0.00000 a.u.


  
  -----------  REPLICA :  4
  


                total energy =       -1.61050 a.u.
              kinetic energy =        1.21881 a.u.
        electrostatic energy =        0.00000 a.u.
                         esr =        0.00437 a.u.
                       eself =        1.49603 a.u.
      pseudopotential energy =       -0.57274 a.u.
  n-l pseudopotential energy =        0.02899 a.u.
 exchange-correlation energy =       -0.91327 a.u.
           average potential =        0.00000 a.u.


  
  -----------  REPLICA :  5
  


                total energy =       -1.61360 a.u.
              kinetic energy =        1.22973 a.u.
        electrostatic energy =        0.00000 a.u.
                         esr =        0.00594 a.u.
                       eself =        1.49603 a.u.
      pseudopotential energy =       -0.58134 a.u.
  n-l pseudopotential energy =        0.02947 a.u.
 exchange-correlation energy =       -0.91894 a.u.
           average potential =        0.00000 a.u.


  
  -----------  REPLICA :  6
  


                total energy =       -1.62165 a.u.
              kinetic energy =        1.26071 a.u.
        electrostatic energy =        0.00000 a.u.
                         esr =        0.01144 a.u.
                       eself =        1.49603 a.u.
      pseudopotential energy =       -0.60671 a.u.
  n-l pseudopotential energy =        0.03083 a.u.
 exchange-correlation energy =       -0.93463 a.u.
           average potential =        0.00000 a.u.


  
  -----------  REPLICA :  7
  


                total energy =       -1.63106 a.u.
              kinetic energy =        1.30858 a.u.
        electrostatic energy =        0.00000 a.u.
                         esr =        0.02346 a.u.
                       eself =        1.49603 a.u.
      pseudopotential energy =       -0.64852 a.u.
  n-l pseudopotential energy =        0.03295 a.u.
 exchange-correlation energy =       -0.95765 a.u.
           average potential =        0.00000 a.u.


  
  ---------------------- Replica :  1
  


 eigenvalues at k-point:  0.000 0.000 0.000
  -10.54   -6.34


 eigenvalues at k-point:  0.000 0.000 0.000
   -9.82
 
 
  
  ---------------------- Replica :  2
  


 eigenvalues at k-point:  0.000 0.000 0.000
  -10.46   -6.14


 eigenvalues at k-point:  0.000 0.000 0.000
   -9.57
 
 
  
  ---------------------- Replica :  3
  


 eigenvalues at k-point:  0.000 0.000 0.000
  -10.43   -6.00


 eigenvalues at k-point:  0.000 0.000 0.000
   -9.42
 
 
  
  ---------------------- Replica :  4
  


 eigenvalues at k-point:  0.000 0.000 0.000
  -10.42   -5.94


 eigenvalues at k-point:  0.000 0.000 0.000
   -9.37
 
 
  
  ---------------------- Replica :  5
  


 eigenvalues at k-point:  0.000 0.000 0.000
  -10.43   -5.99


 eigenvalues at k-point:  0.000 0.000 0.000
   -9.42
 
 
  
  ---------------------- Replica :  6
  


 eigenvalues at k-point:  0.000 0.000 0.000
  -10.46   -6.14


 eigenvalues at k-point:  0.000 0.000 0.000
   -9.57
 
 
  
  ---------------------- Replica :  7
  


 eigenvalues at k-point:  0.000 0.000 0.000
  -10.54   -6.34


 eigenvalues at k-point:  0.000 0.000 0.000
   -9.82
 
 
     initialize   :     0.27s CPU
     formf        :     0.05s CPU (       7 calls,   0.007 s avg)
     rhoofr       :     2.57s CPU (     420 calls,   0.006 s avg)
     vofrho       :    57.89s CPU (     420 calls,   0.138 s avg)
     dforce       :     0.72s CPU (     840 calls,   0.001 s avg)
     calphi       :     0.01s CPU (     420 calls,   0.000 s avg)
     ortho        :     0.09s CPU (     420 calls,   0.000 s avg)
     updatc       :     0.00s CPU (     420 calls,   0.000 s avg)
     newd         :     0.44s CPU (     420 calls,   0.001 s avg)
     calbec       :     0.00s CPU (     427 calls,   0.000 s avg)
     prefor       :     0.01s CPU (     840 calls,   0.000 s avg)
     strucf       :     0.09s CPU (     427 calls,   0.000 s avg)
     rhov         :     1.06s CPU (     420 calls,   0.003 s avg)
     nlsm1        :     0.03s CPU (    1267 calls,   0.000 s avg)
     fft          :     6.45s CPU (    5880 calls,   0.001 s avg)
     ffts         :     0.63s CPU (     840 calls,   0.001 s avg)
     fftw         :     0.95s CPU (    2520 calls,   0.000 s avg)
     rsg          :     0.01s CPU (     840 calls,   0.000 s avg)
Estimated size (kB) of each process: 62056

   PE(1) MEMORY STATISTICS 
   total space in arena :175769696
 
     CP90         :  1m 3.46s CPU time

 
   This run was terminated on:  17:20: 6   7Sep2005            

=------------------------------------------------------------------------------=
   ELAPSED SECONDS:    67.0
   JOB DONE.
=------------------------------------------------------------------------------=
