=------------------------------------------------------------------------------=

     CPV: variable-cell Car-Parrinello molecular dynamics
     using ultrasoft Vanderbilt pseudopotentials

     Version: 2.1cvs - Fri Jan 28 17:56:02 NFT 2005                       
     Authors: Alfredo Pasquarello, Kari Laasonen, Andrea Trave, Roberto Car,
       Paolo Giannozzi, Nicola Marzari, and others

=------------------------------------------------------------------------------=

   This run was started on:  17:25:39   7Sep2005               

   MPI Parallel Build
   Tasks =    1  This task id =    0

   Job Title: MD Simulation


   Atomic Pseudopotentials Parameters
   ----------------------------------

   Reading pseudopotential for specie #  1 from file :
   /sp5/usercin/acv0/sfs/espresso/pseudo/H_US.van
   file type is  1

    ============================================================
    |  pseudopotential report for atomic species:  1           |
    |        pseudo potential version   7   3   2              |
    ------------------------------------------------------------
    |  hydrogen            PBE                  exchange-corr  |
    |  z =   1.    zv( 1) =   1.    exfact =   5.00000         |
    |  ifpcor =  0           atomic energy =  -0.91772 Ry      |
    |  index    orbital      occupation    energy              |
    |    1        100           1.00       -0.48               |
    |  rinner =  0.5000                                        |
    |    new generation scheme:                                |
    |    nbeta =  1     kkbeta =  271     rcloc =    0.6000    |
    |    ibeta    l     epsilon   rcut                         |
    |      1       0      -0.48   0.80                         |
    ============================================================

   Warning XC functionals forced to be: PBE                 


   Main Simulation Parameters (from input)
   ---------------------------------------
   Restart Mode       =       1   restart        
   Number of MD Steps =      50
   Print out every          100 MD Steps
   Reads from unit    =      70
   Writes to unit     =      70
   MD Simulation time step            =      10.00
   Electronic fictitious mass (emass) =     500.00
   emass cut-off                      =       2.50

   Simulation Cell Parameters (from input)
   external pressure       =            0.00 [GPa]
   wmass (calculated)      =          415.57 [AU]
   ibrav =    1
   alat  =    10.00000000
   a1    =    10.00000000    0.00000000    0.00000000
   a2    =     0.00000000   10.00000000    0.00000000
   a3    =     0.00000000    0.00000000   10.00000000
 
   b1    =     0.10000000    0.00000000    0.00000000
   b2    =     0.00000000    0.10000000    0.00000000
   b3    =     0.00000000    0.00000000    0.10000000
   omega =  1000.00000000
   
  INIT_PATH : linear interpolation used 
   

   Energy Cut-offs
   ---------------
   Ecutwfc =   15.0 Ryd.,    Ecutrho =  100.0 Ryd.,    Ecuts =   60.0 Ryd.
   Gcutwfc =    6.2     ,    Gcutrho =   15.9          Gcuts =   12.3
   NOTA BENE: refg, mmx =   0.050000  2400
   Eigenvalues calculated without the kinetic term contribution
   Orthog. with lagrange multipliers : eps =   0.10E-07,  max =  20
   verlet algorithm for electron dynamics
   with friction frice =  0.5000 , grease =  1.0000
   Electron dynamics : the temperature is not controlled

   Electronic states
   -----------------
   Local Spin Density calculation
   Number of Electron =     3
   Spins up   =     2, occupations: 
   1.00 1.00
   Spins down =     1, occupations: 
   1.00


   Exchange and correlations functionals
   -------------------------------------
   Using Local Density Approximation with
     Exchange functional: SLATER                                                      
     Correlation functional: PERDEW AND WANG                                             
   Using Generalized Gradient Corrections with
     Exchange functional: PERDEW BURKE ERNZERHOF                                      
     Correlation functional: PERDEW BURKE ERNZERHOF                                      
     Exchange-correlation      = PBE (1434)


   Ions Simulation Parameters
   --------------------------
   Ions are allowed to move
   Ions dynamics with newton equations
   the temperature is computed for     9 degrees of freedom
   ion dynamics with fricp =  0.2000 and greasp =  1.0000
   Ionic position (from input)
   sorted by specie, and converted to real a.u. coordinates
   Species   1 atoms =    3 mass =      1822.89 (a.u.),         1.00 (uma) rcmax =   0.80 (a.u.)
        0.000000     0.000000     0.000000
        0.000000     0.000000     0.000000
        0.000000     0.000000     0.000000
   Ionic position will be re-read from restart file

   All atoms are allowed to move
   Ionic temperature is not controlled


   Cell Dynamics Parameters (from STDIN)
   -------------------------------------
   Starting cell generated from CELLDM
   Cell parameters will be re-read from restart file
   Constant VOLUME Molecular dynamics
   cell parameters are not allowed to move

   Verbosity: iprsta =  1



   Simulation dimensions initialization
   ------------------------------------

   unit vectors of full simulation cell
   in real space:                         in reciprocal space (units 2pi/alat):
   1    10.0000    0.0000    0.0000              1.0000    0.0000    0.0000
   2     0.0000   10.0000    0.0000              0.0000    1.0000    0.0000
   3     0.0000    0.0000   10.0000              0.0000    0.0000    1.0000
 
   Stick Mesh
   ----------
   nst =   397,  nstw =    61, nsts =   241
        PEs    n.st   n.stw   n.sts    n.g    n.gw   n.gs
          1     793     121     481   16879     949    7809
          0     793     121     481   16879     949    7809
 
 
   Real Mesh
   ---------
   Global Dimensions   Local  Dimensions   Processor Grid
   .X.   .Y.   .Z.     .X.   .Y.   .Z.     .X.   .Y.   .Z.
    32    32    32      32    32    32       1     1     1
   Array leading dimensions ( nr1x, nr2x, nr3x )   =     33    32    33
   Local number of cell to store the grid ( nnrx ) =      34848
   Number of x-y planes for each processors: 
   nr3l =    32
 
   Smooth Real Mesh
   ----------------
   Global Dimensions   Local  Dimensions   Processor Grid
   .X.   .Y.   .Z.     .X.   .Y.   .Z.     .X.   .Y.   .Z.
    28    28    28      28    28    28       1     1     1
   Array leading dimensions ( nr1x, nr2x, nr3x )   =     28    28    28
   Local number of cell to store the grid ( nnrx ) =      21952
   Number of x-y planes for each processors: 
   nr3sl =    28
 
   Small Box Real Mesh
   -------------------
   Global Dimensions   Local  Dimensions   Processor Grid
   .X.   .Y.   .Z.     .X.   .Y.   .Z.     .X.   .Y.   .Z.
    16    16    16      16    16    16       1     1     1
   Array leading dimensions ( nr1x, nr2x, nr3x )   =     17    16    16
   Local number of cell to store the grid ( nnrx ) =       4352
 
   unit vectors of box grid cell
   in real space:                         in reciprocal space:
       5.0000    0.0000    0.0000              1.0000    0.0000    0.0000
       0.0000    5.0000    0.0000              0.0000    1.0000    0.0000
       0.0000    0.0000    5.0000              0.0000    0.0000    1.0000
 
   Reciprocal Space Mesh
   ---------------------
                Large Mesh
   PE   Global(ngmt)     Local(ngm) MaxLocal(ngmx)
    1           8440           8440           8440
                Smooth Mesh
   PE   Global(ngst)     Local(ngs) MaxLocal(ngsx)
    1           3905           3905           3905
                Wave function Mesh
   PE   Global(ngwt)     Local(ngw) MaxLocal(ngwx)
    1            475            475            475

                Small box Mesh
   ngb =         1052 not distributed to processors
                                                  
  ================================================
                                                  
  CPSMD : replica = 0 ..  8
                                                  
                                                  
  String Method : 
                                                  
                                                  
       smd_lm    =  T
       CPMD    =  F
       smd_linr    =  T
       smd_polm    =  F Pt =  2
       smd_stcd    =  F
       SMfile  =  20
       TFOR  =  T
                                                  
       CONST. smd_tol  =  0.100000000000000008E-04
       Frequency   =  1
                                                  
  ================================================
  UNIT8 = /scratch/acv0/tmp//fort.8                                                                                                                                                                                                                                       
    NOTA BENE: refg, mmx =  0.500000000000000028E-01 2400
 ibrav =    1       cell parameters 

      10.00000       0.00000       0.00000
       0.00000      10.00000       0.00000
       0.00000       0.00000      10.00000
 
  out from init


   Pseudopotentials initialization
   -------------------------------
  nlinit  nh(is), ngb, is, kkbeta, lmaxq =  1 1052 1 271 1
 
                        qqq 
   9.4958
 


   Common initialization

   Specie:     1
   1  indv=  1   ang. mom=  0
 
                        dion 
   3.3279
  out from nlinit
  Allocation begun, smpm =  7
  Allocation for W.F. s : successful 
  Allocation for CP core : successful 
  Allocation for SM variables : successful 
  Allocation for pointers : successful 
  Allocation ended 

   formf: eself=   1.49603
   formf:     vps(g=0)=  -0.0017921     rhops(g=0)=  -0.0010000
   formf: sum_g vps(g)=  -1.0579820 sum_g rhops(g)=  -0.1758329

   formf: eself=   1.49603
   formf:     vps(g=0)=  -0.0017921     rhops(g=0)=  -0.0010000
   formf: sum_g vps(g)=  -1.0579820 sum_g rhops(g)=  -0.1758329

   formf: eself=   1.49603
   formf:     vps(g=0)=  -0.0017921     rhops(g=0)=  -0.0010000
   formf: sum_g vps(g)=  -1.0579820 sum_g rhops(g)=  -0.1758329

   formf: eself=   1.49603
   formf:     vps(g=0)=  -0.0017921     rhops(g=0)=  -0.0010000
   formf: sum_g vps(g)=  -1.0579820 sum_g rhops(g)=  -0.1758329

   formf: eself=   1.49603
   formf:     vps(g=0)=  -0.0017921     rhops(g=0)=  -0.0010000
   formf: sum_g vps(g)=  -1.0579820 sum_g rhops(g)=  -0.1758329

   formf: eself=   1.49603
   formf:     vps(g=0)=  -0.0017921     rhops(g=0)=  -0.0010000
   formf: sum_g vps(g)=  -1.0579820 sum_g rhops(g)=  -0.1758329

   formf: eself=   1.49603
   formf:     vps(g=0)=  -0.0017921     rhops(g=0)=  -0.0010000
   formf: sum_g vps(g)=  -1.0579820 sum_g rhops(g)=  -0.1758329
  
  Center of mass 
  
   0  0.00000 0.00000 1.98543
   1  0.00000 0.00000 2.06795
   2  0.00000 0.00000 2.13678
   3  0.00000 0.00000 2.19615
   4  0.00000 0.00000 2.24981
   5  0.00000 0.00000 2.30351
   6  0.00000 0.00000 2.36288
   7  0.00001 0.00000 2.43192
   8  0.00000 0.00000 2.51457
  
  _____________________________________________
  
  *****    Entering SMD LOOP   ***** 
  _____________________________________________


                total energy =       -1.63323 a.u.
              kinetic energy =        1.32254 a.u.
        electrostatic energy =        0.00000 a.u.
                         esr =        0.02909 a.u.
                       eself =        1.49603 a.u.
      pseudopotential energy =       -0.66293 a.u.
  n-l pseudopotential energy =        0.03365 a.u.
 exchange-correlation energy =       -0.96417 a.u.
           average potential =        0.00000 a.u.




                total energy =       -1.62572 a.u.
              kinetic energy =        1.27560 a.u.
        electrostatic energy =        0.00000 a.u.
                         esr =        0.01525 a.u.
                       eself =        1.49603 a.u.
      pseudopotential energy =       -0.62072 a.u.
  n-l pseudopotential energy =        0.03156 a.u.
 exchange-correlation energy =       -0.94202 a.u.
           average potential =        0.00000 a.u.




                total energy =       -1.61768 a.u.
              kinetic energy =        1.24146 a.u.
        electrostatic energy =        0.00000 a.u.
                         esr =        0.00774 a.u.
                       eself =        1.49603 a.u.
      pseudopotential energy =       -0.59143 a.u.
  n-l pseudopotential energy =        0.03001 a.u.
 exchange-correlation energy =       -0.92506 a.u.
           average potential =        0.00000 a.u.




                total energy =       -1.61426 a.u.
              kinetic energy =        1.22898 a.u.
        electrostatic energy =        0.00000 a.u.
                         esr =        0.00549 a.u.
                       eself =        1.49603 a.u.
      pseudopotential energy =       -0.58104 a.u.
  n-l pseudopotential energy =        0.02944 a.u.
 exchange-correlation energy =       -0.91867 a.u.
           average potential =        0.00000 a.u.




                total energy =       -1.61765 a.u.
              kinetic energy =        1.24148 a.u.
        electrostatic energy =        0.00000 a.u.
                         esr =        0.00776 a.u.
                       eself =        1.49603 a.u.
      pseudopotential energy =       -0.59142 a.u.
  n-l pseudopotential energy =        0.03002 a.u.
 exchange-correlation energy =       -0.92507 a.u.
           average potential =        0.00000 a.u.




                total energy =       -1.62567 a.u.
              kinetic energy =        1.27546 a.u.
        electrostatic energy =        0.00000 a.u.
                         esr =        0.01526 a.u.
                       eself =        1.49603 a.u.
      pseudopotential energy =       -0.62063 a.u.
  n-l pseudopotential energy =        0.03156 a.u.
 exchange-correlation energy =       -0.94197 a.u.
           average potential =        0.00000 a.u.




                total energy =       -1.63328 a.u.
              kinetic energy =        1.32262 a.u.
        electrostatic energy =        0.00000 a.u.
                         esr =        0.02912 a.u.
                       eself =        1.49603 a.u.
      pseudopotential energy =       -0.66300 a.u.
  n-l pseudopotential energy =        0.03365 a.u.
 exchange-correlation energy =       -0.96422 a.u.
           average potential =        0.00000 a.u.


  

  nfi   SUM(E)   con_ite     con_usat     cons_pls     max_ekinc   deviation   maxforce
  
   51      -14.64028     0  0.00000E+00   1  0.00000  0.00000  0.36281E-01  0.20354+237
   52      -14.64110     1  0.14524E-05   8  0.00001  0.00001  0.35788E-01  0.20354+237
   53      -14.64215     1  0.16776E-05   8  0.00001  0.00000  0.34902E-01  0.20354+237
   54      -14.64335     1  0.18905E-05   8  0.00001  0.00000  0.33771E-01  0.20354+237
   55      -14.64461     1  0.20866E-05   8  0.00002  0.00000  0.32559E-01  0.20354+237
   56      -14.64591     1  0.22504E-05   8  0.00002  0.00000  0.31378E-01  0.20354+237
   57      -14.64722     1  0.23802E-05   8  0.00002  0.00000  0.30293E-01  0.20354+237
   58      -14.64852     1  0.24806E-05   8  0.00003  0.00000  0.29339E-01  0.20354+237
   59      -14.64981     1  0.25551E-05   8  0.00003  0.00000  0.28511E-01  0.20354+237
   60      -14.65109     1  0.26130E-05   8  0.00003  0.00000  0.27813E-01  0.20354+237
   61      -14.65233     1  0.26572E-05   8  0.00003  0.00000  0.27216E-01  0.20354+237
   62      -14.65356     1  0.26937E-05   8  0.00003  0.00000  0.26710E-01  0.20354+237
   63      -14.65476     1  0.27228E-05   8  0.00003  0.00000  0.26268E-01  0.20354+237
   64      -14.65588     1  0.27437E-05   8  0.00003  0.00000  0.25867E-01  0.20354+237
   65      -14.65697     1  0.27587E-05   8  0.00003  0.00000  0.25507E-01  0.20354+237
   66      -14.65810     1  0.27653E-05   8  0.00003  0.00000  0.25178E-01  0.20354+237
   67      -14.65919     1  0.27610E-05   8  0.00003  0.00000  0.24870E-01  0.20354+237
   68      -14.66029     1  0.27473E-05   8  0.00003  0.00000  0.24570E-01  0.20354+237
   69      -14.66134     1  0.27239E-05   8  0.00003  0.00000  0.24280E-01  0.20354+237
   70      -14.66238     1  0.26883E-05   8  0.00003  0.00000  0.23992E-01  0.20354+237
   71      -14.66340     1  0.26433E-05   8  0.00003  0.00000  0.23705E-01  0.20354+237
   72      -14.66440     1  0.25913E-05   8  0.00003  0.00000  0.23424E-01  0.20354+237
   73      -14.66538     1  0.25272E-05   8  0.00003  0.00000  0.23135E-01  0.20354+237
   74      -14.66634     1  0.24511E-05   8  0.00003  0.00000  0.22862E-01  0.20354+237
   75      -14.66719     1  0.23735E-05   8  0.00003  0.00000  0.22576E-01  0.20354+237
   76      -14.66811     1  0.22851E-05   8  0.00003  0.00000  0.22305E-01  0.20354+237
   77      -14.66901     1  0.21917E-05   8  0.00003  0.00000  0.22032E-01  0.20354+237
   78      -14.66989     1  0.20881E-05   8  0.00003  0.00000  0.21766E-01  0.20354+237
   79      -14.67076     1  0.19806E-05   8  0.00003  0.00000  0.21500E-01  0.20354+237
   80      -14.67161     1  0.18690E-05   8  0.00003  0.00000  0.21239E-01  0.20354+237
   81      -14.67244     1  0.17544E-05   8  0.00003  0.00000  0.20976E-01  0.20354+237
   82      -14.67326     1  0.16303E-05   8  0.00003  0.00000  0.20726E-01  0.20354+237
   83      -14.67405     1  0.15090E-05   8  0.00003  0.00000  0.20471E-01  0.20354+237
   84      -14.67483     1  0.13821E-05   8  0.00003  0.00000  0.20220E-01  0.20354+237
   85      -14.67554     1  0.12516E-05   8  0.00003  0.00000  0.19966E-01  0.20354+237
   86      -14.67630     1  0.11121E-05   8  0.00003  0.00000  0.19720E-01  0.20354+237
   87      -14.67702     1  0.97685E-06   8  0.00003  0.00000  0.19481E-01  0.20354+237
   88      -14.67774     1  0.84432E-06   8  0.00003  0.00000  0.19243E-01  0.20354+237
   89      -14.67845     1  0.71185E-06   8  0.00003  0.00000  0.19006E-01  0.20354+237
   90      -14.67914     1  0.56715E-06   1  0.00003  0.00000  0.18774E-01  0.20354+237
   91      -14.67980     1  0.43107E-06   1  0.00003  0.00000  0.18543E-01  0.20354+237
   92      -14.68047     1  0.28999E-06   1  0.00003  0.00000  0.18314E-01  0.20354+237
   93      -14.68112     1  0.14350E-06   1  0.00003  0.00000  0.18086E-01  0.20354+237
   94      -14.68174     1  0.65107E-08   2  0.00003  0.00000  0.17866E-01  0.20354+237
   95      -14.68236     1  0.14389E-06   8  0.00003  0.00000  0.17639E-01  0.20354+237
   96      -14.68297     1  0.29209E-06   8  0.00002  0.00000  0.17422E-01  0.20354+237
   97      -14.68356     1  0.43893E-06   8  0.00002  0.00000  0.17206E-01  0.20354+237
   98      -14.68414     1  0.58718E-06   8  0.00002  0.00000  0.16989E-01  0.20354+237
   99      -14.68462     1  0.73882E-06   8  0.00002  0.00000  0.16775E-01  0.20354+237

   from rhoofr: total integrated electronic density
   spin up
   in g-space =    2.000000   in r-space =   2.000000
   spin down
   in g-space =    1.000000   in r-space =   1.000000
  
  -----------  REPLICA :  1
  


                total energy =       -1.63551 a.u.
              kinetic energy =        1.36042 a.u.
        electrostatic energy =        0.00000 a.u.
                         esr =        0.04219 a.u.
                       eself =        1.49603 a.u.
      pseudopotential energy =       -0.69642 a.u.
  n-l pseudopotential energy =        0.03519 a.u.
 exchange-correlation energy =       -0.98090 a.u.
           average potential =        0.00000 a.u.



   from rhoofr: total integrated electronic density
   spin up
   in g-space =    2.000000   in r-space =   2.000000
   spin down
   in g-space =    1.000000   in r-space =   1.000000
  
  -----------  REPLICA :  2
  


                total energy =       -1.63284 a.u.
              kinetic energy =        1.32883 a.u.
        electrostatic energy =        0.00000 a.u.
                         esr =        0.02925 a.u.
                       eself =        1.49603 a.u.
      pseudopotential energy =       -0.66556 a.u.
  n-l pseudopotential energy =        0.03376 a.u.
 exchange-correlation energy =       -0.96662 a.u.
           average potential =        0.00000 a.u.



   from rhoofr: total integrated electronic density
   spin up
   in g-space =    2.000000   in r-space =   2.000000
   spin down
   in g-space =    1.000000   in r-space =   1.000000
  
  -----------  REPLICA :  3
  


                total energy =       -1.62649 a.u.
              kinetic energy =        1.28672 a.u.
        electrostatic energy =        0.00000 a.u.
                         esr =        0.01505 a.u.
                       eself =        1.49603 a.u.
      pseudopotential energy =       -0.62584 a.u.
  n-l pseudopotential energy =        0.03182 a.u.
 exchange-correlation energy =       -0.94694 a.u.
           average potential =        0.00000 a.u.



   from rhoofr: total integrated electronic density
   spin up
   in g-space =    2.000000   in r-space =   2.000000
   spin down
   in g-space =    1.000000   in r-space =   1.000000
  
  -----------  REPLICA :  4
  


                total energy =       -1.62289 a.u.
              kinetic energy =        1.26831 a.u.
        electrostatic energy =        0.00000 a.u.
                         esr =        0.00992 a.u.
                       eself =        1.49603 a.u.
      pseudopotential energy =       -0.60911 a.u.
  n-l pseudopotential energy =        0.03095 a.u.
 exchange-correlation energy =       -0.93810 a.u.
           average potential =        0.00000 a.u.



   from rhoofr: total integrated electronic density
   spin up
   in g-space =    2.000000   in r-space =   2.000000
   spin down
   in g-space =    1.000000   in r-space =   1.000000
  
  -----------  REPLICA :  5
  


                total energy =       -1.62648 a.u.
              kinetic energy =        1.28673 a.u.
        electrostatic energy =        0.00000 a.u.
                         esr =        0.01506 a.u.
                       eself =        1.49603 a.u.
      pseudopotential energy =       -0.62585 a.u.
  n-l pseudopotential energy =        0.03182 a.u.
 exchange-correlation energy =       -0.94695 a.u.
           average potential =        0.00000 a.u.



   from rhoofr: total integrated electronic density
   spin up
   in g-space =    2.000000   in r-space =   2.000000
   spin down
   in g-space =    1.000000   in r-space =   1.000000
  
  -----------  REPLICA :  6
  


                total energy =       -1.63267 a.u.
              kinetic energy =        1.32860 a.u.
        electrostatic energy =        0.00000 a.u.
                         esr =        0.02920 a.u.
                       eself =        1.49603 a.u.
      pseudopotential energy =       -0.66531 a.u.
  n-l pseudopotential energy =        0.03375 a.u.
 exchange-correlation energy =       -0.96648 a.u.
           average potential =        0.00000 a.u.



   from rhoofr: total integrated electronic density
   spin up
   in g-space =    2.000000   in r-space =   2.000000
   spin down
   in g-space =    1.000000   in r-space =   1.000000
  
  -----------  REPLICA :  7
  


                total energy =       -1.63550 a.u.
              kinetic energy =        1.36056 a.u.
        electrostatic energy =        0.00000 a.u.
                         esr =        0.04223 a.u.
                       eself =        1.49603 a.u.
      pseudopotential energy =       -0.69654 a.u.
  n-l pseudopotential energy =        0.03519 a.u.
 exchange-correlation energy =       -0.98094 a.u.
           average potential =        0.00000 a.u.


  100      -14.68517     1  0.88785E-06   8  0.00002  0.00000  0.16570E-01  0.20354+237
  
  ---------------------- Replica :  1
  


 eigenvalues at k-point:  0.000 0.000 0.000
  -10.84   -6.41


 eigenvalues at k-point:  0.000 0.000 0.000
  -10.19
 
 
  
  ---------------------- Replica :  2
  


 eigenvalues at k-point:  0.000 0.000 0.000
  -10.95   -6.16


 eigenvalues at k-point:  0.000 0.000 0.000
  -10.15
 
 
  
  ---------------------- Replica :  3
  


 eigenvalues at k-point:  0.000 0.000 0.000
  -10.98   -5.90


 eigenvalues at k-point:  0.000 0.000 0.000
  -10.00
 
 
  
  ---------------------- Replica :  4
  


 eigenvalues at k-point:  0.000 0.000 0.000
  -10.99   -5.79


 eigenvalues at k-point:  0.000 0.000 0.000
   -9.93
 
 
  
  ---------------------- Replica :  5
  


 eigenvalues at k-point:  0.000 0.000 0.000
  -10.98   -5.90


 eigenvalues at k-point:  0.000 0.000 0.000
  -10.00
 
 
  
  ---------------------- Replica :  6
  


 eigenvalues at k-point:  0.000 0.000 0.000
  -10.95   -6.16


 eigenvalues at k-point:  0.000 0.000 0.000
  -10.14
 
 
  
  ---------------------- Replica :  7
  


 eigenvalues at k-point:  0.000 0.000 0.000
  -10.84   -6.41


 eigenvalues at k-point:  0.000 0.000 0.000
  -10.19
 
 
     initialize   :     0.25s CPU
     formf        :     0.03s CPU (       7 calls,   0.004 s avg)
     rhoofr       :     2.14s CPU (     350 calls,   0.006 s avg)
     vofrho       :    49.29s CPU (     350 calls,   0.141 s avg)
     dforce       :     0.67s CPU (     700 calls,   0.001 s avg)
     calphi       :     0.01s CPU (     350 calls,   0.000 s avg)
     ortho        :     0.05s CPU (     350 calls,   0.000 s avg)
     updatc       :     0.01s CPU (     350 calls,   0.000 s avg)
     newd         :     1.39s CPU (     350 calls,   0.004 s avg)
     calbec       :     0.01s CPU (     364 calls,   0.000 s avg)
     prefor       :     0.01s CPU (     700 calls,   0.000 s avg)
     strucf       :     0.08s CPU (     357 calls,   0.000 s avg)
     nlfl         :     0.01s CPU (     350 calls,   0.000 s avg)
     nlfq         :     0.03s CPU (     350 calls,   0.000 s avg)
     rhov         :     0.78s CPU (     350 calls,   0.002 s avg)
     nlsm1        :     0.03s CPU (    1064 calls,   0.000 s avg)
     nlsm2        :     0.03s CPU (     350 calls,   0.000 s avg)
     fft          :     5.16s CPU (    4900 calls,   0.001 s avg)
     ffts         :     0.55s CPU (     700 calls,   0.001 s avg)
     fftw         :     0.94s CPU (    2100 calls,   0.000 s avg)
     rsg          :     0.00s CPU (     700 calls,   0.000 s avg)
Estimated size (kB) of each process: 34684

   PE(1) MEMORY STATISTICS 
   total space in arena :146277696
 
     CP90         :    55.72s CPU time

 
   This run was terminated on:  17:26:38   7Sep2005            

=------------------------------------------------------------------------------=
   ELAPSED SECONDS:    59.0
   JOB DONE.
=------------------------------------------------------------------------------=
