************************************************************************
****                                                                ****
****  CPV: variable-cell Car-Parrinello molecular dynamics          ****
****  using ultrasoft Vanderbilt pseudopotentials - v.2.1           ****
****                                                                ****
************************************************************************

     Parallel version (MPI)
     Number of processors in use:      1
Warning: card K_POINTS ( GAMMA ) ignored
reading ppot for species #  1 from file /home/ballabio/espresso/pseudo/Si.vbc.UPF
reading ppot for species #  2 from file /home/ballabio/espresso/pseudo/H.vbc.UPF
   
  INIT_PATH : linear interpolation used 
   
   wmass (calculated) =        36015.99



 nbeg=  1 nomore=    300    iprint= 100
 reads from 70 writes on 70
 time step =   10.0000

 parameters for electron dynamics:
 emass=     500.00  emaec=       2.50ry
 orthog. with lagrange multipliers: eps=  0.10E-07 max= 20
 verlet algorithm for electron dynamics
 with friction frice =  0.1000 , grease =  1.0000


 ions are allowed to move
 ion dynamics with fricp =  0.0100 and greasp =  1.0000
 ion dynamics: the temperature is not controlled


 iprsta =  1

                                                  
  ================================================
                                                  
  CPSMD : replica = 0 ..            9
                                                  
                                                  
  String Method : 
                                                  
                                                  
       SMLM    =  T
       CPMD    =  F
       LINR    =  T
       POLM    =  F Pt =            2
       STCD    =  F
       SMfile  =           20
       TFOR  =  T
                                                  
       CONST. TOL  =   1.000000000000000E-005
       Frequency   =            1
                                                  
  ================================================
  UNIT8 = 
 /home/ballabio/tmp//fort.8                                                     
                                                                                
                                                                                
                    
 
 unit vectors of full simulation cell
 in real space:                         in reciprocal space:
   14.3967    0.0000    0.0000              1.0000    0.0000    0.0000
    0.0000   14.3967    0.0000              0.0000    1.0000    0.0000
    0.0000    0.0000   18.7157              0.0000    0.0000    0.7692
 
   Stick Mesh
   ----------
   nst =   397,  nstw =    97, nsts =   397
        PEs    n.st   n.stw   n.sts    n.g    n.gw   n.gs
          1     793     193     793   21737    2709   21737
          0     793     193     793   21737    2709   21737
 
 
   Real Mesh Report 
   ---------------- 
   Global Dimensions   Local  Dimensions   Processor Grid
   .X.   .Y.   .Z.     .X.   .Y.   .Z.     .X.   .Y.   .Z.
    32    32    45      32    32    45       1     1     1
   nr3l =    45
 
   Smooth Real Mesh Report 
   ----------------------- 
   Global Dimensions   Local  Dimensions   Processor Grid
   .X.   .Y.   .Z.     .X.   .Y.   .Z.     .X.   .Y.   .Z.
    32    32    45      32    32    45       1     1     1
   nr3sl =    45
 
   Small Box Real Mesh Report 
   -------------------------- 
   Global Dimensions   Local  Dimensions   Processor Grid
   .X.   .Y.   .Z.     .X.   .Y.   .Z.     .X.   .Y.   .Z.
    16    16    16      16    16    16       1     1     1
 
 ggen:  # of g vectors < gcut   ng=  10869
 ggen:  # of g vectors < gcuts ngs=  10869
 ggen:  # of g vectors < gcutw ngw=   1355
 ggen:  # of g shells  < gcut  ngl=   1412
 
 
 unit vectors of box grid cell
 in real space:                         in reciprocal space:
    7.1983    0.0000    0.0000              1.0000    0.0000    0.0000
    0.0000    7.1983    0.0000              0.0000    1.0000    0.0000
    0.0000    0.0000    6.6545              0.0000    0.0000    1.0817
 
 ggenb: # of gb vectors < gcutb ngb =    972
 ggenb: # of gb shells  < gcutb ngbl=    169
 initialization 

 ibrav= 14 alat= 14.397 omega= 3879.1111
 gcut=  252.00    gcuts=  252.00 gcutw=   63.00
 k-points: nkpt= 1


 meshes:
  dense grid: nr1 ,nr2, nr3  =   32  32  45  nr1x, nr2x, nr3x =   32  32  45
 smooth grid: nr1s,nr2s,nr3s =   32  32  45  nr1sx,nr2sx,nr3sx=   32  32  45
    box grid: nr1b,nr2b,nr3b =   16  16  16  nr1bx,nr2bx,nr3bx=   16  16  16

 exchange-correlation potential:  SLA  PZ   NOGX NOGC

 ecutw=   12.0 ryd    ecuts=   48.0 ryd    ecut=   48.0 ryd

 # of electrons=   80 # of states=   40


 nspin= 1
 occupation numbers:
 2.0 2.0 2.0 2.0 2.0 2.0 2.0 2.0 2.0 2.0 2.0 2.0 2.0 2.0 2.0 2.0 2.0 2.0 2.0 2.0
 2.0 2.0 2.0 2.0 2.0 2.0 2.0 2.0 2.0 2.0 2.0 2.0 2.0 2.0 2.0 2.0 2.0 2.0 2.0 2.0

 # of atomic species    2
 is=  1
  na=  18  atomic mass= 10.00 gaussian rcmax=  1.00
 atomic coordinates:
      10.78   1.06   3.34
      10.75   6.06   3.33
       8.38   0.02  -0.34
       8.25   7.04  -0.25
      13.28   7.17  -0.22
      13.20   0.15  -0.33
       7.18   3.53  -2.61
       7.31  -3.66  -2.45
      14.39   3.68  -2.59
      14.26  -3.54  -2.43
      10.79   3.60  -5.16
      10.79  -3.61  -5.16
      17.98  -3.60  -4.90
      17.98   3.60  -5.10
      10.80   7.20  -7.60
      18.00   7.20  -7.60
      10.80   0.00  -7.60
      18.00   0.00  -7.60
 is=  2
  na=   8  atomic mass= 10.00 gaussian rcmax=  1.00
 atomic coordinates:
      12.90   7.20  -9.40
       8.70   7.20  -9.40
      20.10   7.20  -9.40
      15.90   7.20  -9.40
      12.90   0.00  -9.40
       8.70   0.00  -9.40
      20.10   0.00  -9.40
      15.90   0.00  -9.40
    NOTA BENE: refg, mmx =   9.599999999999999E-003        5001
 ibrav =   14       cell parameters 

      14.39670       0.00000       0.00000
       0.00000      14.39670       0.00000
       0.00000       0.00000      18.71571
 
  out from init
   betagx  
   1  indv=  1   ang. mom=  0
   2  indv=  2   ang. mom=  1
   3  indv=  2   ang. mom=  1
   4  indv=  2   ang. mom=  1
 
                        dion 
   0.7619   0.0000
   0.0000   1.8417
   betagx  
 
                        dion 
  out from nlinit
  Allocation begun, smpm =            8
  Allocation for W.F. s : successful 
  Allocation for CP core : successful 
  Allocation for SM variables : successful 
  Allocation for pointers : successful 
  Allocation ended 
  formf: eself= 118.08691
  formf:     vps(g=0)=  -0.0038732     rhops(g=0)=  -0.0010312
  formf: sum_g vps(g)=  -2.3721135 sum_g rhops(g)=  -0.3596807
  formf:     vps(g=0)=  -0.0008213     rhops(g=0)=  -0.0002578
  formf: sum_g vps(g)=  -1.5871998 sum_g rhops(g)=  -0.0899202
  formf: eself= 118.08691
  formf:     vps(g=0)=  -0.0038732     rhops(g=0)=  -0.0010312
  formf: sum_g vps(g)=  -2.3721135 sum_g rhops(g)=  -0.3596807
  formf:     vps(g=0)=  -0.0008213     rhops(g=0)=  -0.0002578
  formf: sum_g vps(g)=  -1.5871998 sum_g rhops(g)=  -0.0899202
  formf: eself= 118.08691
  formf:     vps(g=0)=  -0.0038732     rhops(g=0)=  -0.0010312
  formf: sum_g vps(g)=  -2.3721135 sum_g rhops(g)=  -0.3596807
  formf:     vps(g=0)=  -0.0008213     rhops(g=0)=  -0.0002578
  formf: sum_g vps(g)=  -1.5871998 sum_g rhops(g)=  -0.0899202
  formf: eself= 118.08691
  formf:     vps(g=0)=  -0.0038732     rhops(g=0)=  -0.0010312
  formf: sum_g vps(g)=  -2.3721135 sum_g rhops(g)=  -0.3596807
  formf:     vps(g=0)=  -0.0008213     rhops(g=0)=  -0.0002578
  formf: sum_g vps(g)=  -1.5871998 sum_g rhops(g)=  -0.0899202
  formf: eself= 118.08691
  formf:     vps(g=0)=  -0.0038732     rhops(g=0)=  -0.0010312
  formf: sum_g vps(g)=  -2.3721135 sum_g rhops(g)=  -0.3596807
  formf:     vps(g=0)=  -0.0008213     rhops(g=0)=  -0.0002578
  formf: sum_g vps(g)=  -1.5871998 sum_g rhops(g)=  -0.0899202
  formf: eself= 118.08691
  formf:     vps(g=0)=  -0.0038732     rhops(g=0)=  -0.0010312
  formf: sum_g vps(g)=  -2.3721135 sum_g rhops(g)=  -0.3596807
  formf:     vps(g=0)=  -0.0008213     rhops(g=0)=  -0.0002578
  formf: sum_g vps(g)=  -1.5871998 sum_g rhops(g)=  -0.0899202
  formf: eself= 118.08691
  formf:     vps(g=0)=  -0.0038732     rhops(g=0)=  -0.0010312
  formf: sum_g vps(g)=  -2.3721135 sum_g rhops(g)=  -0.3596807
  formf:     vps(g=0)=  -0.0008213     rhops(g=0)=  -0.0002578
  formf: sum_g vps(g)=  -1.5871998 sum_g rhops(g)=  -0.0899202
  formf: eself= 118.08691
  formf:     vps(g=0)=  -0.0038732     rhops(g=0)=  -0.0010312
  formf: sum_g vps(g)=  -2.3721135 sum_g rhops(g)=  -0.3596807
  formf:     vps(g=0)=  -0.0008213     rhops(g=0)=  -0.0002578
  formf: sum_g vps(g)=  -1.5871998 sum_g rhops(g)=  -0.0899202
  
  Center of mass 
  
   0 13.00312 2.48911-5.01791
   1 13.00183 2.48950-5.04707
   2 13.00069 2.48972-5.07345
   3 12.99952 2.49013-5.09551
   4 12.99865 2.49042-5.11209
   5 12.99794 2.49065-5.12562
   6 12.99718 2.49087-5.13940
   7 12.99623 2.49114-5.15663
   8 12.99496 2.49149-5.17987
   9 12.99305 2.49195-5.21029
  
  _____________________________________________
  
  *****    Entering SMD LOOP   ***** 
  _____________________________________________
  
  -----------  REPLICA :            1
  


 subroutine rhoofr: total integrated electronic density
 in g-space = 80.000000     in r-space = 80.000000


                total energy =      -75.01138 a.u.
              kinetic energy =       31.47300 a.u.
        electrostatic energy =      -86.73077 a.u.
                         esr =        0.07051 a.u.
                       eself =      118.08691 a.u.
      pseudopotential energy =      -13.15744 a.u.
  n-l pseudopotential energy =       17.43329 a.u.
 exchange-correlation energy =      -24.02946 a.u.
           average potential =       -0.34439 a.u.


  
  -----------  REPLICA :            2
  


 subroutine rhoofr: total integrated electronic density
 in g-space = 80.000000     in r-space = 80.000000


                total energy =      -74.98975 a.u.
              kinetic energy =       31.68230 a.u.
        electrostatic energy =      -86.79892 a.u.
                         esr =        0.07072 a.u.
                       eself =      118.08691 a.u.
      pseudopotential energy =      -13.18563 a.u.
  n-l pseudopotential energy =       17.42028 a.u.
 exchange-correlation energy =      -24.10778 a.u.
           average potential =       -0.34341 a.u.


  
  -----------  REPLICA :            3
  


 subroutine rhoofr: total integrated electronic density
 in g-space = 80.000000     in r-space = 80.000000


                total energy =      -74.96830 a.u.
              kinetic energy =       31.74746 a.u.
        electrostatic energy =      -86.82955 a.u.
                         esr =        0.07094 a.u.
                       eself =      118.08691 a.u.
      pseudopotential energy =      -13.21250 a.u.
  n-l pseudopotential energy =       17.45904 a.u.
 exchange-correlation energy =      -24.13274 a.u.
           average potential =       -0.34311 a.u.


  
  -----------  REPLICA :            4
  


 subroutine rhoofr: total integrated electronic density
 in g-space = 80.000000     in r-space = 80.000000


                total energy =      -74.94864 a.u.
              kinetic energy =       31.76543 a.u.
        electrostatic energy =      -86.83628 a.u.
                         esr =        0.07109 a.u.
                       eself =      118.08691 a.u.
      pseudopotential energy =      -13.23038 a.u.
  n-l pseudopotential energy =       17.49137 a.u.
 exchange-correlation energy =      -24.13878 a.u.
           average potential =       -0.34320 a.u.


  
  -----------  REPLICA :            5
  


 subroutine rhoofr: total integrated electronic density
 in g-space = 80.000000     in r-space = 80.000000


                total energy =      -74.94711 a.u.
              kinetic energy =       31.75664 a.u.
        electrostatic energy =      -86.84308 a.u.
                         esr =        0.07109 a.u.
                       eself =      118.08691 a.u.
      pseudopotential energy =      -13.24163 a.u.
  n-l pseudopotential energy =       17.51931 a.u.
 exchange-correlation energy =      -24.13834 a.u.
           average potential =       -0.34340 a.u.


  
  -----------  REPLICA :            6
  


 subroutine rhoofr: total integrated electronic density
 in g-space = 80.000000     in r-space = 80.000000


                total energy =      -74.96765 a.u.
              kinetic energy =       31.75117 a.u.
        electrostatic energy =      -86.85694 a.u.
                         esr =        0.07099 a.u.
                       eself =      118.08691 a.u.
      pseudopotential energy =      -13.24095 a.u.
  n-l pseudopotential energy =       17.52359 a.u.
 exchange-correlation energy =      -24.14452 a.u.
           average potential =       -0.34329 a.u.


  
  -----------  REPLICA :            7
  


 subroutine rhoofr: total integrated electronic density
 in g-space = 80.000000     in r-space = 80.000000


                total energy =      -74.99849 a.u.
              kinetic energy =       31.76315 a.u.
        electrostatic energy =      -86.87564 a.u.
                         esr =        0.07087 a.u.
                       eself =      118.08691 a.u.
      pseudopotential energy =      -13.23319 a.u.
  n-l pseudopotential energy =       17.50845 a.u.
 exchange-correlation energy =      -24.16126 a.u.
           average potential =       -0.34279 a.u.


  
  -----------  REPLICA :            8
  


 subroutine rhoofr: total integrated electronic density
 in g-space = 80.000000     in r-space = 80.000000


                total energy =      -75.02394 a.u.
              kinetic energy =       31.79961 a.u.
        electrostatic energy =      -86.90411 a.u.
                         esr =        0.07081 a.u.
                       eself =      118.08691 a.u.
      pseudopotential energy =      -13.23191 a.u.
  n-l pseudopotential energy =       17.49964 a.u.
 exchange-correlation energy =      -24.18718 a.u.
           average potential =       -0.34214 a.u.


  

  nfi   SUM(E)   con_ite     con_usat     cons_pls     max_ekinc   deviation   maxforce
  
  301     -749.90871     0  0.00000E+00   1  0.00000  0.00000  0.35090E-01  0.22509E-01
  
  ---------------------- Replica :            1
  


 eigenvalues at k-point:  0.000 0.000 0.000
  -11.21   -9.80   -9.35   -9.15   -9.01   -8.88   -8.39   -8.17   -7.25   -7.22
   -7.21   -6.28   -6.22   -5.73   -5.53   -5.46   -5.35   -4.75   -4.26   -3.99
   -3.44   -2.99   -2.91   -2.71   -2.43   -2.09   -2.01   -1.98   -1.63   -1.43
   -1.37   -1.09   -0.98   -0.80   -0.67   -0.66   -0.64   -0.43   -0.37    0.27
 
 
  
  ---------------------- Replica :            2
  


 eigenvalues at k-point:  0.000 0.000 0.000
  -11.21   -9.87   -9.24   -9.12   -9.06   -8.79   -8.35   -8.31   -7.16   -7.10
   -7.08   -6.36   -6.18   -5.64   -5.53   -5.42   -5.30   -4.69   -4.23   -4.18
   -3.34   -2.91   -2.84   -2.62   -2.43   -2.02   -1.93   -1.91   -1.66   -1.57
   -1.39   -1.02   -0.91   -0.65   -0.58   -0.57   -0.55   -0.39   -0.35    0.28
 
 
  
  ---------------------- Replica :            3
  


 eigenvalues at k-point:  0.000 0.000 0.000
  -11.29   -9.94   -9.28   -9.24   -9.08   -8.74   -8.39   -8.32   -7.16   -7.15
   -7.11   -6.45   -6.20   -5.65   -5.62   -5.43   -5.25   -4.68   -4.21   -4.20
   -3.31   -2.94   -2.84   -2.66   -2.52   -2.06   -1.97   -1.90   -1.72   -1.71
   -1.37   -0.90   -0.85   -0.68   -0.63   -0.58   -0.56   -0.34   -0.23    0.21
 
 
  
  ---------------------- Replica :            4
  


 eigenvalues at k-point:  0.000 0.000 0.000
  -11.34   -9.98   -9.32   -9.31   -9.09   -8.70   -8.44   -8.29   -7.21   -7.14
   -7.13   -6.50   -6.21   -5.73   -5.64   -5.45   -5.20   -4.67   -4.19   -4.16
   -3.27   -2.96   -2.83   -2.70   -2.63   -2.10   -2.01   -1.90   -1.81   -1.72
   -1.37   -0.88   -0.77   -0.69   -0.66   -0.58   -0.56   -0.33   -0.17    0.27
 
 
  
  ---------------------- Replica :            5
  


 eigenvalues at k-point:  0.000 0.000 0.000
  -11.38  -10.00   -9.36   -9.32   -9.10   -8.68   -8.44   -8.26   -7.27   -7.15
   -7.13   -6.51   -6.23   -5.82   -5.65   -5.46   -5.14   -4.66   -4.21   -4.06
   -3.22   -2.99   -2.84   -2.73   -2.71   -2.15   -2.06   -1.91   -1.86   -1.70
   -1.36   -0.88   -0.82   -0.72   -0.69   -0.59   -0.57   -0.34   -0.18    0.34
 
 
  
  ---------------------- Replica :            6
  


 eigenvalues at k-point:  0.000 0.000 0.000
  -11.41  -10.00   -9.40   -9.29   -9.12   -8.70   -8.39   -8.24   -7.33   -7.19
   -7.15   -6.48   -6.23   -5.87   -5.68   -5.46   -5.07   -4.68   -4.26   -3.94
   -3.17   -3.01   -2.89   -2.74   -2.70   -2.20   -2.08   -1.94   -1.89   -1.63
   -1.35   -0.94   -0.90   -0.76   -0.71   -0.61   -0.59   -0.37   -0.17    0.25
 
 
  
  ---------------------- Replica :            7
  


 eigenvalues at k-point:  0.000 0.000 0.000
  -11.45  -10.00   -9.44   -9.28   -9.15   -8.73   -8.30   -8.23   -7.40   -7.22
   -7.18   -6.44   -6.23   -5.92   -5.70   -5.43   -4.99   -4.70   -4.34   -3.86
   -3.12   -3.03   -2.94   -2.74   -2.63   -2.23   -2.10   -1.96   -1.91   -1.55
   -1.34   -1.08   -0.92   -0.80   -0.71   -0.64   -0.62   -0.40   -0.20    0.09
 
 
  
  ---------------------- Replica :            8
  


 eigenvalues at k-point:  0.000 0.000 0.000
  -11.52  -10.01   -9.47   -9.32   -9.17   -8.77   -8.23   -8.21   -7.48   -7.25
   -7.19   -6.41   -6.26   -5.99   -5.71   -5.37   -4.94   -4.71   -4.41   -3.84
   -3.08   -3.05   -2.99   -2.76   -2.55   -2.26   -2.11   -1.96   -1.92   -1.52
   -1.34   -1.20   -0.93   -0.84   -0.71   -0.67   -0.64   -0.42   -0.31    0.06
 
 
  302     -749.90916     1  0.19401E-06   1  0.00001  0.00001  0.36153E-01  0.23184E-01
  303     -749.90968     0  0.75471E-05   1  0.00002  0.00001  0.37704E-01  0.24144E-01
  304     -749.91024     1  0.32056E-06   1  0.00003  0.00001  0.39035E-01  0.24939E-01
  305     -749.91085     0  0.64175E-05   9  0.00003  0.00000  0.39661E-01  0.25295E-01
  306     -749.91153     1  0.22831E-06   1  0.00003  0.00000  0.39476E-01  0.25173E-01
  307     -749.91225     0  0.83644E-05   1  0.00003  0.00000  0.38706E-01  0.24719E-01
  308     -749.91301     1  0.36324E-06   1  0.00003  0.00000  0.37734E-01  0.24168E-01
  309     -749.91381     0  0.69277E-05   2  0.00003  0.00000  0.36899E-01  0.23734E-01
  310     -749.91466     1  0.28987E-06   1  0.00003  0.00000  0.36382E-01  0.23518E-01
  311     -749.91556     0  0.92104E-05   1  0.00004  0.00000  0.36183E-01  0.23483E-01
  312     -749.91650     1  0.40954E-06   1  0.00004  0.00000  0.36164E-01  0.23519E-01
  313     -749.91747     0  0.79254E-05   2  0.00004  0.00000  0.36137E-01  0.23527E-01
  314     -749.91848     1  0.36650E-06   1  0.00004  0.00000  0.35968E-01  0.23449E-01
  315     -749.91952     1  0.23370E-06   1  0.00004  0.00000  0.35617E-01  0.23261E-01
  316     -749.92059     0  0.40555E-05   5  0.00004  0.00000  0.35124E-01  0.23000E-01
  317     -749.92168     1  0.99197E-07   9  0.00004  0.00000  0.34567E-01  0.22720E-01
  318     -749.92281     0  0.10208E-05   9  0.00004  0.00000  0.34026E-01  0.22457E-01
  319     -749.92396     0  0.33485E-05   5  0.00004  0.00000  0.33547E-01  0.22226E-01
  320     -749.92513     1  0.13076E-06   9  0.00004  0.00000  0.33137E-01  0.22022E-01
  321     -749.92632     0  0.15338E-05   1  0.00005  0.00000  0.32771E-01  0.21829E-01
  322     -749.92753     0  0.46708E-05   5  0.00005  0.00000  0.32416E-01  0.21634E-01
  323     -749.92876     1  0.25117E-06   9  0.00005  0.00000  0.32046E-01  0.21434E-01
  324     -749.93000     0  0.35399E-05   9  0.00005  0.00000  0.31651E-01  0.21224E-01
  325     -749.93126     0  0.74494E-05   1  0.00005  0.00000  0.31232E-01  0.21005E-01
  326     -749.93252     1  0.23129E-06   1  0.00006  0.00000  0.30800E-01  0.20778E-01
  327     -749.93379     0  0.63343E-05   1  0.00006  0.00000  0.30368E-01  0.20548E-01
  328     -749.93508     1  0.38449E-06   1  0.00006  0.00000  0.29941E-01  0.20323E-01
  329     -749.93636     0  0.82212E-05   1  0.00006  0.00000  0.29527E-01  0.20114E-01
  330     -749.93765     1  0.37235E-06   1  0.00006  0.00000  0.29125E-01  0.19901E-01
  331     -749.93895     0  0.76588E-05   1  0.00006  0.00000  0.28733E-01  0.19690E-01
  332     -749.94025     1  0.51704E-06   1  0.00007  0.00000  0.28344E-01  0.19489E-01
  333     -749.94154     0  0.94818E-05   1  0.00007  0.00000  0.27959E-01  0.19290E-01
  334     -749.94284     1  0.47949E-06   1  0.00007  0.00000  0.27576E-01  0.19089E-01
  335     -749.94413     0  0.94005E-05   1  0.00007  0.00000  0.27194E-01  0.18886E-01
  336     -749.94542     1  0.72676E-06   9  0.00007  0.00000  0.26808E-01  0.18682E-01
  337     -749.94671     1  0.34913E-06   1  0.00007  0.00000  0.26428E-01  0.18470E-01
  338     -749.94799     0  0.37817E-05   5  0.00007  0.00000  0.26053E-01  0.18254E-01
  339     -749.94927     1  0.65428E-06   9  0.00008  0.00000  0.25684E-01  0.18038E-01
  340     -749.95054     0  0.25024E-05   9  0.00008  0.00000  0.25323E-01  0.17824E-01
  341     -749.95179     0  0.62055E-05   9  0.00008  0.00000  0.24970E-01  0.17613E-01
  342     -749.95305     1  0.54702E-06   9  0.00008  0.00000  0.24622E-01  0.17405E-01
  343     -749.95429     0  0.31190E-05   1  0.00008  0.00000  0.24279E-01  0.17199E-01
  344     -749.95552     0  0.71238E-05   2  0.00008  0.00000  0.23942E-01  0.16992E-01
  345     -749.95675     1  0.76222E-06   9  0.00008  0.00000  0.23604E-01  0.16786E-01
  346     -749.95796     0  0.78815E-05   9  0.00008  0.00000  0.23271E-01  0.16574E-01
  347     -749.95916     1  0.49001E-06   1  0.00008  0.00000  0.22944E-01  0.16356E-01
  348     -749.96035     0  0.85261E-05   2  0.00008  0.00000  0.22625E-01  0.16140E-01
  349     -749.96153     1  0.11407E-05   9  0.00008  0.00000  0.22309E-01  0.15933E-01
  350     -749.96269     0  0.99064E-05   9  0.00008  0.00000  0.22001E-01  0.15728E-01
  351     -749.96384     1  0.72566E-06   1  0.00008  0.00000  0.21700E-01  0.15519E-01
  352     -749.96498     1  0.59758E-06   1  0.00008  0.00000  0.21402E-01  0.15313E-01
  353     -749.96610     0  0.35647E-05   9  0.00008  0.00000  0.21110E-01  0.15107E-01
  354     -749.96721     0  0.87080E-05   9  0.00008  0.00000  0.20823E-01  0.14900E-01
  355     -749.96831     1  0.15156E-05   9  0.00008  0.00000  0.20537E-01  0.14695E-01
  356     -749.96940     0  0.52087E-05   3  0.00008  0.00000  0.20256E-01  0.14489E-01
  357     -749.97047     0  0.76355E-05   3  0.00008  0.00000  0.19983E-01  0.14283E-01
  358     -749.97152     0  0.76458E-05   1  0.00008  0.00000  0.19716E-01  0.14077E-01
  359     -749.97256     1  0.51170E-06   1  0.00008  0.00000  0.19454E-01  0.13874E-01
  360     -749.97358     0  0.98653E-05   3  0.00008  0.00000  0.19197E-01  0.13674E-01
  361     -749.97459     1  0.10101E-05   9  0.00008  0.00000  0.18942E-01  0.13476E-01
  362     -749.97559     0  0.86683E-05   1  0.00008  0.00000  0.18693E-01  0.13279E-01
  363     -749.97657     1  0.71967E-06   1  0.00008  0.00000  0.18448E-01  0.13081E-01
  364     -749.97754     1  0.12775E-05   9  0.00008  0.00000  0.18208E-01  0.12884E-01
  365     -749.97849     0  0.27252E-05   2  0.00008  0.00000  0.17974E-01  0.12686E-01
  366     -749.97942     0  0.76869E-05   3  0.00008  0.00000  0.17745E-01  0.12491E-01
  367     -749.98035     1  0.18380E-05   9  0.00008  0.00000  0.17518E-01  0.12302E-01
  368     -749.98126     0  0.67240E-05   2  0.00008  0.00000  0.17295E-01  0.12112E-01
  369     -749.98216     1  0.71349E-06   1  0.00008  0.00000  0.17078E-01  0.11918E-01
  370     -749.98303     0  0.95321E-05   2  0.00008  0.00000  0.16866E-01  0.11727E-01
  371     -749.98390     1  0.21184E-05   9  0.00008  0.00000  0.16657E-01  0.11545E-01
  372     -749.98476     1  0.73544E-06   1  0.00008  0.00000  0.16453E-01  0.11362E-01
  373     -749.98559     0  0.41923E-05   2  0.00008  0.00000  0.16253E-01  0.11179E-01
  374     -749.98641     0  0.93516E-05   2  0.00008  0.00000  0.16058E-01  0.10996E-01
  375     -749.98723     1  0.23460E-05   9  0.00008  0.00000  0.15864E-01  0.10818E-01
  376     -749.98803     0  0.98017E-05   2  0.00008  0.00000  0.15674E-01  0.10637E-01
  377     -749.98881     1  0.14034E-05   9  0.00008  0.00000  0.15488E-01  0.10453E-01
  378     -749.98959     1  0.13846E-05   9  0.00007  0.00000  0.15306E-01  0.10276E-01
  379     -749.99034     0  0.59221E-05   9  0.00007  0.00000  0.15131E-01  0.10104E-01
  380     -749.99109     1  0.94614E-06   9  0.00007  0.00000  0.14958E-01  0.99370E-02
  381     -749.99182     0  0.35895E-05   1  0.00007  0.00000  0.14790E-01  0.97716E-02
  382     -749.99254     0  0.79704E-05   1  0.00007  0.00000  0.14625E-01  0.96059E-02
  383     -749.99326     1  0.18835E-05   9  0.00007  0.00000  0.14463E-01  0.94404E-02
  384     -749.99395     0  0.95294E-05   1  0.00007  0.00000  0.14304E-01  0.92713E-02
  385     -749.99464     1  0.12962E-05   1  0.00007  0.00000  0.14144E-01  0.90994E-02
  386     -749.99531     1  0.11943E-05   9  0.00007  0.00000  0.13990E-01  0.89336E-02
  387     -749.99597     0  0.46559E-05   9  0.00007  0.00000  0.13841E-01  0.87748E-02
  388     -749.99662     0  0.95778E-05   9  0.00007  0.00000  0.13698E-01  0.86221E-02
  389     -749.99727     1  0.17386E-05   9  0.00007  0.00000  0.13556E-01  0.84728E-02
  390     -749.99790     0  0.53178E-05   3  0.00007  0.00000  0.13417E-01  0.83227E-02
  391     -749.99852     0  0.89724E-05   9  0.00006  0.00000  0.13281E-01  0.81849E-02
  392     -749.99913     1  0.10436E-05   1  0.00006  0.00000  0.13150E-01  0.80523E-02
  393     -749.99972     1  0.59327E-06   1  0.00006  0.00000  0.13019E-01  0.79187E-02
  394     -750.00031     0  0.29150E-05   2  0.00006  0.00000  0.12890E-01  0.77871E-02
  395     -750.00088     0  0.78090E-05   7  0.00006  0.00000  0.12764E-01  0.76594E-02
  396     -750.00146     1  0.28281E-05   9  0.00006  0.00000  0.12644E-01  0.75426E-02
  397     -750.00202     0  0.78196E-05   1  0.00006  0.00000  0.12526E-01  0.74254E-02
  398     -750.00257     1  0.19922E-05   9  0.00006  0.00000  0.12407E-01  0.73008E-02
  399     -750.00311     1  0.15806E-05   9  0.00006  0.00000  0.12294E-01  0.72705E-02
  400     -750.00364     0  0.62258E-05   9  0.00006  0.00000  0.12185E-01  0.72400E-02
 Creating dir : RESTART71

 %%%%%%%%%%%%%%%%%%%%%%%%%%%%%%%%%%%%%%%%%%%%%%%%%%%%%%%%%%%%%%%%%%%%%%%%%%%%%%
     from  cp_writefile  : error #        -1
      unable to create directory RESTART71                                                                                                                                                                                                                                                       
 %%%%%%%%%%%%%%%%%%%%%%%%%%%%%%%%%%%%%%%%%%%%%%%%%%%%%%%%%%%%%%%%%%%%%%%%%%%%%%

 Creating dir : RESTART71/K00001

 %%%%%%%%%%%%%%%%%%%%%%%%%%%%%%%%%%%%%%%%%%%%%%%%%%%%%%%%%%%%%%%%%%%%%%%%%%%%%%
     from  cp_writefile  : error #        -1
      unable to create directory RESTART71/K00001                                                                                                                                                                                                                                                
 %%%%%%%%%%%%%%%%%%%%%%%%%%%%%%%%%%%%%%%%%%%%%%%%%%%%%%%%%%%%%%%%%%%%%%%%%%%%%%

 Opening file restart.xml
 Creating dir : RESTART72

 %%%%%%%%%%%%%%%%%%%%%%%%%%%%%%%%%%%%%%%%%%%%%%%%%%%%%%%%%%%%%%%%%%%%%%%%%%%%%%
     from  cp_writefile  : error #        -1
      unable to create directory RESTART72                                                                                                                                                                                                                                                       
 %%%%%%%%%%%%%%%%%%%%%%%%%%%%%%%%%%%%%%%%%%%%%%%%%%%%%%%%%%%%%%%%%%%%%%%%%%%%%%

 Creating dir : RESTART72/K00001

 %%%%%%%%%%%%%%%%%%%%%%%%%%%%%%%%%%%%%%%%%%%%%%%%%%%%%%%%%%%%%%%%%%%%%%%%%%%%%%
     from  cp_writefile  : error #        -1
      unable to create directory RESTART72/K00001                                                                                                                                                                                                                                                
 %%%%%%%%%%%%%%%%%%%%%%%%%%%%%%%%%%%%%%%%%%%%%%%%%%%%%%%%%%%%%%%%%%%%%%%%%%%%%%

 Opening file restart.xml
 Creating dir : RESTART73

 %%%%%%%%%%%%%%%%%%%%%%%%%%%%%%%%%%%%%%%%%%%%%%%%%%%%%%%%%%%%%%%%%%%%%%%%%%%%%%
     from  cp_writefile  : error #        -1
      unable to create directory RESTART73                                                                                                                                                                                                                                                       
 %%%%%%%%%%%%%%%%%%%%%%%%%%%%%%%%%%%%%%%%%%%%%%%%%%%%%%%%%%%%%%%%%%%%%%%%%%%%%%

 Creating dir : RESTART73/K00001

 %%%%%%%%%%%%%%%%%%%%%%%%%%%%%%%%%%%%%%%%%%%%%%%%%%%%%%%%%%%%%%%%%%%%%%%%%%%%%%
     from  cp_writefile  : error #        -1
      unable to create directory RESTART73/K00001                                                                                                                                                                                                                                                
 %%%%%%%%%%%%%%%%%%%%%%%%%%%%%%%%%%%%%%%%%%%%%%%%%%%%%%%%%%%%%%%%%%%%%%%%%%%%%%

 Opening file restart.xml
 Creating dir : RESTART74

 %%%%%%%%%%%%%%%%%%%%%%%%%%%%%%%%%%%%%%%%%%%%%%%%%%%%%%%%%%%%%%%%%%%%%%%%%%%%%%
     from  cp_writefile  : error #        -1
      unable to create directory RESTART74                                                                                                                                                                                                                                                       
 %%%%%%%%%%%%%%%%%%%%%%%%%%%%%%%%%%%%%%%%%%%%%%%%%%%%%%%%%%%%%%%%%%%%%%%%%%%%%%

 Creating dir : RESTART74/K00001

 %%%%%%%%%%%%%%%%%%%%%%%%%%%%%%%%%%%%%%%%%%%%%%%%%%%%%%%%%%%%%%%%%%%%%%%%%%%%%%
     from  cp_writefile  : error #        -1
      unable to create directory RESTART74/K00001                                                                                                                                                                                                                                                
 %%%%%%%%%%%%%%%%%%%%%%%%%%%%%%%%%%%%%%%%%%%%%%%%%%%%%%%%%%%%%%%%%%%%%%%%%%%%%%

 Opening file restart.xml
 Creating dir : RESTART75

 %%%%%%%%%%%%%%%%%%%%%%%%%%%%%%%%%%%%%%%%%%%%%%%%%%%%%%%%%%%%%%%%%%%%%%%%%%%%%%
     from  cp_writefile  : error #        -1
      unable to create directory RESTART75                                                                                                                                                                                                                                                       
 %%%%%%%%%%%%%%%%%%%%%%%%%%%%%%%%%%%%%%%%%%%%%%%%%%%%%%%%%%%%%%%%%%%%%%%%%%%%%%

 Creating dir : RESTART75/K00001

 %%%%%%%%%%%%%%%%%%%%%%%%%%%%%%%%%%%%%%%%%%%%%%%%%%%%%%%%%%%%%%%%%%%%%%%%%%%%%%
     from  cp_writefile  : error #        -1
      unable to create directory RESTART75/K00001                                                                                                                                                                                                                                                
 %%%%%%%%%%%%%%%%%%%%%%%%%%%%%%%%%%%%%%%%%%%%%%%%%%%%%%%%%%%%%%%%%%%%%%%%%%%%%%

 Opening file restart.xml
 Creating dir : RESTART76

 %%%%%%%%%%%%%%%%%%%%%%%%%%%%%%%%%%%%%%%%%%%%%%%%%%%%%%%%%%%%%%%%%%%%%%%%%%%%%%
     from  cp_writefile  : error #        -1
      unable to create directory RESTART76                                                                                                                                                                                                                                                       
 %%%%%%%%%%%%%%%%%%%%%%%%%%%%%%%%%%%%%%%%%%%%%%%%%%%%%%%%%%%%%%%%%%%%%%%%%%%%%%

 Creating dir : RESTART76/K00001

 %%%%%%%%%%%%%%%%%%%%%%%%%%%%%%%%%%%%%%%%%%%%%%%%%%%%%%%%%%%%%%%%%%%%%%%%%%%%%%
     from  cp_writefile  : error #        -1
      unable to create directory RESTART76/K00001                                                                                                                                                                                                                                                
 %%%%%%%%%%%%%%%%%%%%%%%%%%%%%%%%%%%%%%%%%%%%%%%%%%%%%%%%%%%%%%%%%%%%%%%%%%%%%%

 Opening file restart.xml
 Creating dir : RESTART77

 %%%%%%%%%%%%%%%%%%%%%%%%%%%%%%%%%%%%%%%%%%%%%%%%%%%%%%%%%%%%%%%%%%%%%%%%%%%%%%
     from  cp_writefile  : error #        -1
      unable to create directory RESTART77                                                                                                                                                                                                                                                       
 %%%%%%%%%%%%%%%%%%%%%%%%%%%%%%%%%%%%%%%%%%%%%%%%%%%%%%%%%%%%%%%%%%%%%%%%%%%%%%

 Creating dir : RESTART77/K00001

 %%%%%%%%%%%%%%%%%%%%%%%%%%%%%%%%%%%%%%%%%%%%%%%%%%%%%%%%%%%%%%%%%%%%%%%%%%%%%%
     from  cp_writefile  : error #        -1
      unable to create directory RESTART77/K00001                                                                                                                                                                                                                                                
 %%%%%%%%%%%%%%%%%%%%%%%%%%%%%%%%%%%%%%%%%%%%%%%%%%%%%%%%%%%%%%%%%%%%%%%%%%%%%%

 Opening file restart.xml
 Creating dir : RESTART78

 %%%%%%%%%%%%%%%%%%%%%%%%%%%%%%%%%%%%%%%%%%%%%%%%%%%%%%%%%%%%%%%%%%%%%%%%%%%%%%
     from  cp_writefile  : error #        -1
      unable to create directory RESTART78                                                                                                                                                                                                                                                       
 %%%%%%%%%%%%%%%%%%%%%%%%%%%%%%%%%%%%%%%%%%%%%%%%%%%%%%%%%%%%%%%%%%%%%%%%%%%%%%

 Creating dir : RESTART78/K00001

 %%%%%%%%%%%%%%%%%%%%%%%%%%%%%%%%%%%%%%%%%%%%%%%%%%%%%%%%%%%%%%%%%%%%%%%%%%%%%%
     from  cp_writefile  : error #        -1
      unable to create directory RESTART78/K00001                                                                                                                                                                                                                                                
 %%%%%%%%%%%%%%%%%%%%%%%%%%%%%%%%%%%%%%%%%%%%%%%%%%%%%%%%%%%%%%%%%%%%%%%%%%%%%%

 Opening file restart.xml
  
  -----------  REPLICA :            1
  


 subroutine rhoofr: total integrated electronic density
 in g-space = 80.000000     in r-space = 80.000000


                total energy =      -75.01468 a.u.
              kinetic energy =       31.49616 a.u.
        electrostatic energy =      -86.74756 a.u.
                         esr =        0.07054 a.u.
                       eself =      118.08691 a.u.
      pseudopotential energy =      -13.16512 a.u.
  n-l pseudopotential energy =       17.44259 a.u.
 exchange-correlation energy =      -24.04075 a.u.
           average potential =       -0.34417 a.u.


  
  -----------  REPLICA :            2
  


 subroutine rhoofr: total integrated electronic density
 in g-space = 80.000000     in r-space = 80.000000


                total energy =      -75.00015 a.u.
              kinetic energy =       31.74775 a.u.
        electrostatic energy =      -86.85122 a.u.
                         esr =        0.07069 a.u.
                       eself =      118.08691 a.u.
      pseudopotential energy =      -13.20488 a.u.
  n-l pseudopotential energy =       17.44933 a.u.
 exchange-correlation energy =      -24.14112 a.u.
           average potential =       -0.34266 a.u.


  
  -----------  REPLICA :            3
  


 subroutine rhoofr: total integrated electronic density
 in g-space = 80.000000     in r-space = 80.000000


                total energy =      -74.98717 a.u.
              kinetic energy =       31.75477 a.u.
        electrostatic energy =      -86.85460 a.u.
                         esr =        0.07073 a.u.
                       eself =      118.08691 a.u.
      pseudopotential energy =      -13.21333 a.u.
  n-l pseudopotential energy =       17.47107 a.u.
 exchange-correlation energy =      -24.14508 a.u.
           average potential =       -0.34260 a.u.


  
  -----------  REPLICA :            4
  


 subroutine rhoofr: total integrated electronic density
 in g-space = 80.000000     in r-space = 80.000000


                total energy =      -74.96870 a.u.
              kinetic energy =       31.71410 a.u.
        electrostatic energy =      -86.82970 a.u.
                         esr =        0.07076 a.u.
                       eself =      118.08691 a.u.
      pseudopotential energy =      -13.21540 a.u.
  n-l pseudopotential energy =       17.48946 a.u.
 exchange-correlation energy =      -24.12716 a.u.
           average potential =       -0.34308 a.u.


  
  -----------  REPLICA :            5
  


 subroutine rhoofr: total integrated electronic density
 in g-space = 80.000000     in r-space = 80.000000


                total energy =      -74.96224 a.u.
              kinetic energy =       31.66212 a.u.
        electrostatic energy =      -86.80636 a.u.
                         esr =        0.07075 a.u.
                       eself =      118.08691 a.u.
      pseudopotential energy =      -13.21695 a.u.
  n-l pseudopotential energy =       17.50542 a.u.
 exchange-correlation energy =      -24.10646 a.u.
           average potential =       -0.34375 a.u.


  
  -----------  REPLICA :            6
  


 subroutine rhoofr: total integrated electronic density
 in g-space = 80.000000     in r-space = 80.000000


                total energy =      -74.98011 a.u.
              kinetic energy =       31.63505 a.u.
        electrostatic energy =      -86.79746 a.u.
                         esr =        0.07070 a.u.
                       eself =      118.08691 a.u.
      pseudopotential energy =      -13.20694 a.u.
  n-l pseudopotential energy =       17.49042 a.u.
 exchange-correlation energy =      -24.10118 a.u.
           average potential =       -0.34388 a.u.


  
  -----------  REPLICA :            7
  


 subroutine rhoofr: total integrated electronic density
 in g-space = 80.000000     in r-space = 80.000000


                total energy =      -75.00894 a.u.
              kinetic energy =       31.64650 a.u.
        electrostatic energy =      -86.80745 a.u.
                         esr =        0.07066 a.u.
                       eself =      118.08691 a.u.
      pseudopotential energy =      -13.19540 a.u.
  n-l pseudopotential energy =       17.46308 a.u.
 exchange-correlation energy =      -24.11566 a.u.
           average potential =       -0.34344 a.u.


  
  -----------  REPLICA :            8
  


 subroutine rhoofr: total integrated electronic density
 in g-space = 80.000000     in r-space = 80.000000


                total energy =      -75.02874 a.u.
              kinetic energy =       31.71907 a.u.
        electrostatic energy =      -86.85393 a.u.
                         esr =        0.07069 a.u.
                       eself =      118.08691 a.u.
      pseudopotential energy =      -13.20549 a.u.
  n-l pseudopotential energy =       17.46569 a.u.
 exchange-correlation energy =      -24.15408 a.u.
           average potential =       -0.34265 a.u.


  401     -750.00417     1  0.79061E-06   9  0.00006  0.00000  0.12075E-01  0.72099E-02
  
  ---------------------- Replica :            1
  


 eigenvalues at k-point:  0.000 0.000 0.000
  -11.23   -9.79   -9.38   -9.16   -9.03   -8.93   -8.41   -8.11   -7.26   -7.24
   -7.24   -6.23   -6.22   -5.73   -5.53   -5.44   -5.40   -4.75   -4.26   -3.88
   -3.45   -3.00   -2.92   -2.69   -2.41   -2.12   -2.04   -1.98   -1.57   -1.44
   -1.39   -1.12   -0.99   -0.82   -0.69   -0.69   -0.66   -0.46   -0.35    0.23
 
 
  
  ---------------------- Replica :            2
  


 eigenvalues at k-point:  0.000 0.000 0.000
  -11.30   -9.90   -9.28   -9.20   -9.09   -8.87   -8.38   -8.27   -7.19   -7.13
   -7.12   -6.34   -6.15   -5.64   -5.48   -5.40   -5.39   -4.70   -4.23   -4.18
   -3.37   -2.95   -2.86   -2.55   -2.39   -2.10   -1.97   -1.89   -1.59   -1.54
   -1.38   -1.14   -0.93   -0.70   -0.61   -0.61   -0.57   -0.42   -0.36    0.22
 
 
  
  ---------------------- Replica :            3
  


 eigenvalues at k-point:  0.000 0.000 0.000
  -11.36   -9.93   -9.33   -9.26   -9.11   -8.81   -8.36   -8.31   -7.19   -7.17
   -7.16   -6.41   -6.14   -5.64   -5.55   -5.40   -5.32   -4.69   -4.24   -4.19
   -3.33   -2.97   -2.86   -2.58   -2.42   -2.13   -2.01   -1.87   -1.69   -1.60
   -1.33   -1.01   -0.92   -0.74   -0.63   -0.62   -0.58   -0.36   -0.24    0.11
 
 
  
  ---------------------- Replica :            4
  


 eigenvalues at k-point:  0.000 0.000 0.000
  -11.38   -9.93   -9.36   -9.26   -9.11   -8.76   -8.36   -8.30   -7.20   -7.18
   -7.17   -6.48   -6.13   -5.63   -5.62   -5.42   -5.23   -4.68   -4.25   -4.14
   -3.26   -2.98   -2.83   -2.62   -2.49   -2.16   -2.03   -1.87   -1.84   -1.60
   -1.33   -0.91   -0.90   -0.74   -0.62   -0.61   -0.57   -0.34   -0.09    0.12
 
 
  
  ---------------------- Replica :            5
  


 eigenvalues at k-point:  0.000 0.000 0.000
  -11.38   -9.91   -9.37   -9.21   -9.10   -8.74   -8.36   -8.26   -7.24   -7.18
   -7.14   -6.50   -6.13   -5.72   -5.62   -5.44   -5.13   -4.66   -4.27   -4.05
   -3.20   -2.99   -2.80   -2.68   -2.55   -2.20   -2.06   -1.91   -1.87   -1.58
   -1.34   -0.92   -0.89   -0.75   -0.62   -0.60   -0.57   -0.32   -0.14    0.26
 
 
  
  ---------------------- Replica :            6
  


 eigenvalues at k-point:  0.000 0.000 0.000
  -11.38   -9.89   -9.40   -9.17   -9.11   -8.73   -8.29   -8.23   -7.30   -7.19
   -7.15   -6.47   -6.15   -5.79   -5.65   -5.43   -5.04   -4.68   -4.31   -3.95
   -3.14   -3.00   -2.86   -2.70   -2.56   -2.23   -2.09   -1.93   -1.90   -1.52
   -1.34   -1.02   -0.90   -0.77   -0.63   -0.61   -0.59   -0.34   -0.14    0.19
 
 
  
  ---------------------- Replica :            7
  


 eigenvalues at k-point:  0.000 0.000 0.000
  -11.40   -9.91   -9.41   -9.19   -9.12   -8.73   -8.22   -8.18   -7.36   -7.21
   -7.17   -6.42   -6.16   -5.89   -5.67   -5.37   -4.97   -4.69   -4.37   -3.88
   -3.08   -3.02   -2.93   -2.68   -2.53   -2.25   -2.08   -1.94   -1.93   -1.45
   -1.34   -1.14   -0.92   -0.79   -0.64   -0.63   -0.61   -0.36   -0.18    0.07
 
 
  
  ---------------------- Replica :            8
  


 eigenvalues at k-point:  0.000 0.000 0.000
  -11.47   -9.95   -9.45   -9.28   -9.15   -8.76   -8.22   -8.12   -7.45   -7.23
   -7.18   -6.38   -6.22   -6.01   -5.69   -5.30   -4.94   -4.70   -4.40   -3.86
   -3.05   -3.04   -2.98   -2.71   -2.49   -2.28   -2.08   -1.96   -1.94   -1.50
   -1.35   -1.23   -0.93   -0.82   -0.66   -0.65   -0.62   -0.40   -0.30    0.10
 
 
  402     -750.00468     0  0.44432E-05   1  0.00006  0.00000  0.11969E-01  0.71796E-02
  403     -750.00519     0  0.90240E-05   1  0.00006  0.00000  0.11865E-01  0.71488E-02
  404     -750.00569     1  0.20352E-05   9  0.00006  0.00000  0.11771E-01  0.71163E-02
  405     -750.00618     1  0.12277E-05   1  0.00005  0.00000  0.11671E-01  0.70853E-02
  406     -750.00666     0  0.45360E-05   2  0.00005  0.00000  0.11572E-01  0.70545E-02
  407     -750.00714     0  0.91043E-05   2  0.00005  0.00000  0.11474E-01  0.70230E-02
  408     -750.00761     1  0.26229E-05   9  0.00005  0.00000  0.11387E-01  0.69892E-02
  409     -750.00807     1  0.13629E-05   1  0.00005  0.00000  0.11295E-01  0.69560E-02
  410     -750.00852     0  0.49248E-05   2  0.00005  0.00000  0.11205E-01  0.69223E-02
  411     -750.00897     0  0.97290E-05   2  0.00005  0.00000  0.11118E-01  0.68878E-02
  412     -750.00941     1  0.24061E-05   9  0.00005  0.00000  0.11043E-01  0.68515E-02
  413     -750.00984     1  0.14657E-05   1  0.00005  0.00000  0.10960E-01  0.68166E-02
  414     -750.01027     0  0.51606E-05   2  0.00005  0.00000  0.10876E-01  0.67820E-02
  415     -750.01069     1  0.14122E-05   9  0.00005  0.00000  0.10801E-01  0.67461E-02
  416     -750.01111     0  0.74245E-05   9  0.00005  0.00000  0.10727E-01  0.67099E-02
  417     -750.01151     1  0.14092E-05   1  0.00005  0.00000  0.10644E-01  0.66738E-02
  418     -750.01192     0  0.97967E-05   1  0.00005  0.00000  0.10565E-01  0.66363E-02
  419     -750.01231     1  0.25260E-05   9  0.00005  0.00000  0.10506E-01  0.66152E-02
  420     -750.01271     1  0.17626E-05   1  0.00005  0.00000  0.10437E-01  0.66442E-02
  421     -750.01309     0  0.60923E-05   2  0.00004  0.00000  0.10367E-01  0.66703E-02
  422     -750.01347     1  0.17781E-05   9  0.00004  0.00000  0.10308E-01  0.66962E-02
  423     -750.01385     0  0.88615E-05   1  0.00004  0.00000  0.10246E-01  0.67186E-02
  424     -750.01422     1  0.19170E-05   1  0.00004  0.00000  0.10168E-01  0.67356E-02
  425     -750.01458     1  0.16690E-05   1  0.00004  0.00000  0.10106E-01  0.67541E-02
  426     -750.01494     0  0.54075E-05   1  0.00004  0.00000  0.10047E-01  0.67721E-02
  427     -750.01530     0  0.93280E-05   1  0.00004  0.00000  0.99911E-02  0.67892E-02
  428     -750.01565     1  0.10665E-05   1  0.00004  0.00000  0.99279E-02  0.68038E-02
  429     -750.01600     1  0.12249E-05   1  0.00004  0.00000  0.98753E-02  0.68182E-02
  430     -750.01634     0  0.38181E-05   1  0.00004  0.00000  0.98234E-02  0.68302E-02
  431     -750.01667     0  0.67390E-05   1  0.00004  0.00000  0.97705E-02  0.68396E-02
  432     -750.01701     1  0.18602E-05   9  0.00004  0.00000  0.97114E-02  0.68467E-02
  433     -750.01734     0  0.74224E-05   9  0.00004  0.00000  0.96540E-02  0.68526E-02
  434     -750.01766     1  0.13871E-05   1  0.00004  0.00000  0.96115E-02  0.68592E-02
  435     -750.01798     1  0.10028E-05   1  0.00004  0.00000  0.95609E-02  0.68631E-02
  436     -750.01830     0  0.39203E-05   2  0.00004  0.00000  0.95102E-02  0.68653E-02
  437     -750.01861     0  0.83883E-05   2  0.00004  0.00000  0.94603E-02  0.68662E-02
  438     -750.01892     1  0.23185E-05   9  0.00004  0.00000  0.94209E-02  0.68682E-02
  439     -750.01923     0  0.95005E-05   2  0.00004  0.00000  0.93794E-02  0.68674E-02
  440     -750.01953     1  0.27569E-05   9  0.00004  0.00000  0.93171E-02  0.68603E-02
  441     -750.01983     1  0.20576E-05   9  0.00004  0.00000  0.92744E-02  0.68558E-02
  442     -750.02012     0  0.70641E-05   1  0.00003  0.00000  0.92345E-02  0.68510E-02
  443     -750.02041     1  0.14015E-05   1  0.00003  0.00000  0.91835E-02  0.68438E-02
  444     -750.02070     0  0.89967E-05   1  0.00003  0.00000  0.91362E-02  0.68364E-02
  445     -750.02098     1  0.24847E-05   1  0.00003  0.00000  0.91130E-02  0.68321E-02
  446     -750.02127     1  0.20115E-05   1  0.00003  0.00000  0.90701E-02  0.68223E-02
  447     -750.02154     0  0.68730E-05   2  0.00003  0.00000  0.90245E-02  0.68098E-02
  448     -750.02182     1  0.18181E-05   9  0.00003  0.00000  0.89926E-02  0.67983E-02
  449     -750.02209     0  0.97959E-05   1  0.00003  0.00000  0.89576E-02  0.67846E-02
  450     -750.02236     1  0.26585E-05   1  0.00003  0.00000  0.88971E-02  0.67652E-02
  451     -750.02263     1  0.23131E-05   1  0.00003  0.00000  0.88610E-02  0.67501E-02
  452     -750.02289     0  0.80191E-05   1  0.00003  0.00000  0.88288E-02  0.67354E-02
  453     -750.02315     1  0.17565E-05   1  0.00003  0.00000  0.87832E-02  0.67177E-02
  454     -750.02341     1  0.16339E-05   1  0.00003  0.00000  0.87543E-02  0.67019E-02
  455     -750.02366     0  0.58434E-05   1  0.00003  0.00000  0.87249E-02  0.66947E-02
  456     -750.02391     1  0.11938E-05   1  0.00003  0.00000  0.86823E-02  0.66797E-02
  457     -750.02416     0  0.71707E-05   1  0.00003  0.00000  0.86396E-02  0.66631E-02
  458     -750.02441     1  0.20931E-05   1  0.00003  0.00000  0.86169E-02  0.66557E-02
  459     -750.02465     1  0.17593E-05   1  0.00003  0.00000  0.85771E-02  0.66386E-02
  460     -750.02489     0  0.63482E-05   2  0.00003  0.00000  0.85372E-02  0.66204E-02
  461     -750.02513     1  0.15744E-05   1  0.00003  0.00000  0.85125E-02  0.66097E-02
  462     -750.02537     0  0.85831E-05   1  0.00003  0.00000  0.84856E-02  0.65963E-02
  463     -750.02560     1  0.25074E-05   1  0.00003  0.00000  0.84330E-02  0.65689E-02
  464     -750.02584     1  0.22226E-05   1  0.00003  0.00000  0.84030E-02  0.65520E-02
  465     -750.02607     0  0.78508E-05   1  0.00003  0.00000  0.83750E-02  0.65351E-02
  466     -750.02629     1  0.18302E-05   1  0.00003  0.00000  0.83314E-02  0.65102E-02
  467     -750.02652     1  0.17152E-05   1  0.00003  0.00000  0.83059E-02  0.64932E-02
  468     -750.02674     0  0.62063E-05   1  0.00003  0.00000  0.82804E-02  0.64752E-02
  469     -750.02696     1  0.13700E-05   1  0.00003  0.00000  0.82407E-02  0.64495E-02
  470     -750.02718     0  0.77649E-05   1  0.00003  0.00000  0.82017E-02  0.64231E-02
  471     -750.02739     1  0.23792E-05   1  0.00003  0.00000  0.81861E-02  0.64075E-02
  472     -750.02761     1  0.20730E-05   1  0.00003  0.00000  0.81494E-02  0.63807E-02
  473     -750.02782     0  0.73236E-05   2  0.00003  0.00000  0.81117E-02  0.63526E-02
  474     -750.02803     1  0.19058E-05   1  0.00003  0.00000  0.80922E-02  0.63331E-02
  475     -750.02824     1  0.17574E-05   1  0.00003  0.00000  0.80545E-02  0.63040E-02
  476     -750.02844     0  0.65692E-05   2  0.00003  0.00000  0.80170E-02  0.62742E-02
  477     -750.02864     1  0.16251E-05   1  0.00003  0.00000  0.79963E-02  0.62524E-02
  478     -750.02885     0  0.84883E-05   1  0.00003  0.00000  0.79736E-02  0.62287E-02
  479     -750.02905     1  0.26774E-05   1  0.00003  0.00000  0.79236E-02  0.61912E-02
  480     -750.02924     1  0.24304E-05   1  0.00003  0.00000  0.78983E-02  0.61651E-02
  481     -750.02944     0  0.84927E-05   1  0.00003  0.00000  0.78743E-02  0.61391E-02
  482     -750.02963     1  0.21258E-05   1  0.00003  0.00000  0.78311E-02  0.61041E-02
  483     -750.02982     1  0.20313E-05   1  0.00003  0.00000  0.78090E-02  0.60785E-02
  484     -750.03001     0  0.71610E-05   1  0.00003  0.00000  0.77867E-02  0.60521E-02
  485     -750.03020     1  0.17217E-05   1  0.00002  0.00000  0.77468E-02  0.60171E-02
  486     -750.03039     0  0.93791E-05   1  0.00002  0.00000  0.77084E-02  0.59822E-02
  487     -750.03057     1  0.30305E-05   1  0.00002  0.00000  0.77002E-02  0.59613E-02
  488     -750.03075     1  0.27100E-05   1  0.00002  0.00000  0.76643E-02  0.59268E-02
  489     -750.03094     0  0.91671E-05   2  0.00002  0.00000  0.76269E-02  0.58910E-02
  490     -750.03112     1  0.26020E-05   1  0.00002  0.00000  0.76137E-02  0.58665E-02
  491     -750.03129     1  0.24500E-05   1  0.00002  0.00000  0.75751E-02  0.58296E-02
  492     -750.03147     0  0.85287E-05   2  0.00002  0.00000  0.75366E-02  0.57924E-02
  493     -750.03164     1  0.23575E-05   1  0.00002  0.00000  0.75219E-02  0.57666E-02
  494     -750.03182     1  0.22234E-05   1  0.00002  0.00000  0.74860E-02  0.57305E-02
  495     -750.03199     0  0.79699E-05   2  0.00002  0.00000  0.74506E-02  0.56942E-02
  496     -750.03216     1  0.21739E-05   1  0.00002  0.00000  0.74367E-02  0.56680E-02
  497     -750.03232     1  0.20483E-05   1  0.00002  0.00000  0.74020E-02  0.56315E-02
  498     -750.03249     0  0.75464E-05   2  0.00002  0.00000  0.73667E-02  0.55944E-02
  499     -750.03265     1  0.20365E-05   1  0.00002  0.00000  0.73509E-02  0.55664E-02
  500     -750.03282     1  0.19161E-05   1  0.00002  0.00000  0.73160E-02  0.55291E-02
 Creating dir : RESTART71

 %%%%%%%%%%%%%%%%%%%%%%%%%%%%%%%%%%%%%%%%%%%%%%%%%%%%%%%%%%%%%%%%%%%%%%%%%%%%%%
     from  cp_writefile  : error #        -1
      unable to create directory RESTART71                                                                                                                                                                                                                                                       
 %%%%%%%%%%%%%%%%%%%%%%%%%%%%%%%%%%%%%%%%%%%%%%%%%%%%%%%%%%%%%%%%%%%%%%%%%%%%%%

 Creating dir : RESTART71/K00001

 %%%%%%%%%%%%%%%%%%%%%%%%%%%%%%%%%%%%%%%%%%%%%%%%%%%%%%%%%%%%%%%%%%%%%%%%%%%%%%
     from  cp_writefile  : error #        -1
      unable to create directory RESTART71/K00001                                                                                                                                                                                                                                                
 %%%%%%%%%%%%%%%%%%%%%%%%%%%%%%%%%%%%%%%%%%%%%%%%%%%%%%%%%%%%%%%%%%%%%%%%%%%%%%

 Opening file restart.xml
 Creating dir : RESTART72

 %%%%%%%%%%%%%%%%%%%%%%%%%%%%%%%%%%%%%%%%%%%%%%%%%%%%%%%%%%%%%%%%%%%%%%%%%%%%%%
     from  cp_writefile  : error #        -1
      unable to create directory RESTART72                                                                                                                                                                                                                                                       
 %%%%%%%%%%%%%%%%%%%%%%%%%%%%%%%%%%%%%%%%%%%%%%%%%%%%%%%%%%%%%%%%%%%%%%%%%%%%%%

 Creating dir : RESTART72/K00001

 %%%%%%%%%%%%%%%%%%%%%%%%%%%%%%%%%%%%%%%%%%%%%%%%%%%%%%%%%%%%%%%%%%%%%%%%%%%%%%
     from  cp_writefile  : error #        -1
      unable to create directory RESTART72/K00001                                                                                                                                                                                                                                                
 %%%%%%%%%%%%%%%%%%%%%%%%%%%%%%%%%%%%%%%%%%%%%%%%%%%%%%%%%%%%%%%%%%%%%%%%%%%%%%

 Opening file restart.xml
 Creating dir : RESTART73

 %%%%%%%%%%%%%%%%%%%%%%%%%%%%%%%%%%%%%%%%%%%%%%%%%%%%%%%%%%%%%%%%%%%%%%%%%%%%%%
     from  cp_writefile  : error #        -1
      unable to create directory RESTART73                                                                                                                                                                                                                                                       
 %%%%%%%%%%%%%%%%%%%%%%%%%%%%%%%%%%%%%%%%%%%%%%%%%%%%%%%%%%%%%%%%%%%%%%%%%%%%%%

 Creating dir : RESTART73/K00001

 %%%%%%%%%%%%%%%%%%%%%%%%%%%%%%%%%%%%%%%%%%%%%%%%%%%%%%%%%%%%%%%%%%%%%%%%%%%%%%
     from  cp_writefile  : error #        -1
      unable to create directory RESTART73/K00001                                                                                                                                                                                                                                                
 %%%%%%%%%%%%%%%%%%%%%%%%%%%%%%%%%%%%%%%%%%%%%%%%%%%%%%%%%%%%%%%%%%%%%%%%%%%%%%

 Opening file restart.xml
 Creating dir : RESTART74

 %%%%%%%%%%%%%%%%%%%%%%%%%%%%%%%%%%%%%%%%%%%%%%%%%%%%%%%%%%%%%%%%%%%%%%%%%%%%%%
     from  cp_writefile  : error #        -1
      unable to create directory RESTART74                                                                                                                                                                                                                                                       
 %%%%%%%%%%%%%%%%%%%%%%%%%%%%%%%%%%%%%%%%%%%%%%%%%%%%%%%%%%%%%%%%%%%%%%%%%%%%%%

 Creating dir : RESTART74/K00001

 %%%%%%%%%%%%%%%%%%%%%%%%%%%%%%%%%%%%%%%%%%%%%%%%%%%%%%%%%%%%%%%%%%%%%%%%%%%%%%
     from  cp_writefile  : error #        -1
      unable to create directory RESTART74/K00001                                                                                                                                                                                                                                                
 %%%%%%%%%%%%%%%%%%%%%%%%%%%%%%%%%%%%%%%%%%%%%%%%%%%%%%%%%%%%%%%%%%%%%%%%%%%%%%

 Opening file restart.xml
 Creating dir : RESTART75

 %%%%%%%%%%%%%%%%%%%%%%%%%%%%%%%%%%%%%%%%%%%%%%%%%%%%%%%%%%%%%%%%%%%%%%%%%%%%%%
     from  cp_writefile  : error #        -1
      unable to create directory RESTART75                                                                                                                                                                                                                                                       
 %%%%%%%%%%%%%%%%%%%%%%%%%%%%%%%%%%%%%%%%%%%%%%%%%%%%%%%%%%%%%%%%%%%%%%%%%%%%%%

 Creating dir : RESTART75/K00001

 %%%%%%%%%%%%%%%%%%%%%%%%%%%%%%%%%%%%%%%%%%%%%%%%%%%%%%%%%%%%%%%%%%%%%%%%%%%%%%
     from  cp_writefile  : error #        -1
      unable to create directory RESTART75/K00001                                                                                                                                                                                                                                                
 %%%%%%%%%%%%%%%%%%%%%%%%%%%%%%%%%%%%%%%%%%%%%%%%%%%%%%%%%%%%%%%%%%%%%%%%%%%%%%

 Opening file restart.xml
 Creating dir : RESTART76

 %%%%%%%%%%%%%%%%%%%%%%%%%%%%%%%%%%%%%%%%%%%%%%%%%%%%%%%%%%%%%%%%%%%%%%%%%%%%%%
     from  cp_writefile  : error #        -1
      unable to create directory RESTART76                                                                                                                                                                                                                                                       
 %%%%%%%%%%%%%%%%%%%%%%%%%%%%%%%%%%%%%%%%%%%%%%%%%%%%%%%%%%%%%%%%%%%%%%%%%%%%%%

 Creating dir : RESTART76/K00001

 %%%%%%%%%%%%%%%%%%%%%%%%%%%%%%%%%%%%%%%%%%%%%%%%%%%%%%%%%%%%%%%%%%%%%%%%%%%%%%
     from  cp_writefile  : error #        -1
      unable to create directory RESTART76/K00001                                                                                                                                                                                                                                                
 %%%%%%%%%%%%%%%%%%%%%%%%%%%%%%%%%%%%%%%%%%%%%%%%%%%%%%%%%%%%%%%%%%%%%%%%%%%%%%

 Opening file restart.xml
 Creating dir : RESTART77

 %%%%%%%%%%%%%%%%%%%%%%%%%%%%%%%%%%%%%%%%%%%%%%%%%%%%%%%%%%%%%%%%%%%%%%%%%%%%%%
     from  cp_writefile  : error #        -1
      unable to create directory RESTART77                                                                                                                                                                                                                                                       
 %%%%%%%%%%%%%%%%%%%%%%%%%%%%%%%%%%%%%%%%%%%%%%%%%%%%%%%%%%%%%%%%%%%%%%%%%%%%%%

 Creating dir : RESTART77/K00001

 %%%%%%%%%%%%%%%%%%%%%%%%%%%%%%%%%%%%%%%%%%%%%%%%%%%%%%%%%%%%%%%%%%%%%%%%%%%%%%
     from  cp_writefile  : error #        -1
      unable to create directory RESTART77/K00001                                                                                                                                                                                                                                                
 %%%%%%%%%%%%%%%%%%%%%%%%%%%%%%%%%%%%%%%%%%%%%%%%%%%%%%%%%%%%%%%%%%%%%%%%%%%%%%

 Opening file restart.xml
 Creating dir : RESTART78

 %%%%%%%%%%%%%%%%%%%%%%%%%%%%%%%%%%%%%%%%%%%%%%%%%%%%%%%%%%%%%%%%%%%%%%%%%%%%%%
     from  cp_writefile  : error #        -1
      unable to create directory RESTART78                                                                                                                                                                                                                                                       
 %%%%%%%%%%%%%%%%%%%%%%%%%%%%%%%%%%%%%%%%%%%%%%%%%%%%%%%%%%%%%%%%%%%%%%%%%%%%%%

 Creating dir : RESTART78/K00001

 %%%%%%%%%%%%%%%%%%%%%%%%%%%%%%%%%%%%%%%%%%%%%%%%%%%%%%%%%%%%%%%%%%%%%%%%%%%%%%
     from  cp_writefile  : error #        -1
      unable to create directory RESTART78/K00001                                                                                                                                                                                                                                                
 %%%%%%%%%%%%%%%%%%%%%%%%%%%%%%%%%%%%%%%%%%%%%%%%%%%%%%%%%%%%%%%%%%%%%%%%%%%%%%

 Opening file restart.xml
  
  -----------  REPLICA :            1
  


 subroutine rhoofr: total integrated electronic density
 in g-space = 80.000000     in r-space = 80.000000


                total energy =      -75.01495 a.u.
              kinetic energy =       31.50949 a.u.
        electrostatic energy =      -86.75714 a.u.
                         esr =        0.07056 a.u.
                       eself =      118.08691 a.u.
      pseudopotential energy =      -13.17056 a.u.
  n-l pseudopotential energy =       17.45027 a.u.
 exchange-correlation energy =      -24.04701 a.u.
           average potential =       -0.34404 a.u.


  
  -----------  REPLICA :            2
  


 subroutine rhoofr: total integrated electronic density
 in g-space = 80.000000     in r-space = 80.000000


                total energy =      -75.00258 a.u.
              kinetic energy =       31.78125 a.u.
        electrostatic energy =      -86.87907 a.u.
                         esr =        0.07074 a.u.
                       eself =      118.08691 a.u.
      pseudopotential energy =      -13.21926 a.u.
  n-l pseudopotential energy =       17.47294 a.u.
 exchange-correlation energy =      -24.15844 a.u.
           average potential =       -0.34229 a.u.


  
  -----------  REPLICA :            3
  


 subroutine rhoofr: total integrated electronic density
 in g-space = 80.000000     in r-space = 80.000000


                total energy =      -74.99216 a.u.
              kinetic energy =       31.77738 a.u.
        electrostatic energy =      -86.87706 a.u.
                         esr =        0.07073 a.u.
                       eself =      118.08691 a.u.
      pseudopotential energy =      -13.22204 a.u.
  n-l pseudopotential energy =       17.48873 a.u.
 exchange-correlation energy =      -24.15917 a.u.
           average potential =       -0.34224 a.u.


  
  -----------  REPLICA :            4
  


 subroutine rhoofr: total integrated electronic density
 in g-space = 80.000000     in r-space = 80.000000


                total energy =      -74.97653 a.u.
              kinetic energy =       31.71988 a.u.
        electrostatic energy =      -86.84158 a.u.
                         esr =        0.07071 a.u.
                       eself =      118.08691 a.u.
      pseudopotential energy =      -13.21473 a.u.
  n-l pseudopotential energy =       17.49577 a.u.
 exchange-correlation energy =      -24.13587 a.u.
           average potential =       -0.34275 a.u.


  
  -----------  REPLICA :            5
  


 subroutine rhoofr: total integrated electronic density
 in g-space = 80.000000     in r-space = 80.000000


                total energy =      -74.96777 a.u.
              kinetic energy =       31.64975 a.u.
        electrostatic energy =      -86.80464 a.u.
                         esr =        0.07069 a.u.
                       eself =      118.08691 a.u.
      pseudopotential energy =      -13.21003 a.u.
  n-l pseudopotential energy =       17.50504 a.u.
 exchange-correlation energy =      -24.10789 a.u.
           average potential =       -0.34353 a.u.


  
  -----------  REPLICA :            6
  


 subroutine rhoofr: total integrated electronic density
 in g-space = 80.000000     in r-space = 80.000000


                total energy =      -74.98382 a.u.
              kinetic energy =       31.61856 a.u.
        electrostatic energy =      -86.78974 a.u.
                         esr =        0.07064 a.u.
                       eself =      118.08691 a.u.
      pseudopotential energy =      -13.19810 a.u.
  n-l pseudopotential energy =       17.48505 a.u.
 exchange-correlation energy =      -24.09959 a.u.
           average potential =       -0.34375 a.u.


  
  -----------  REPLICA :            7
  


 subroutine rhoofr: total integrated electronic density
 in g-space = 80.000000     in r-space = 80.000000


                total energy =      -75.01222 a.u.
              kinetic energy =       31.63450 a.u.
        electrostatic energy =      -86.79969 a.u.
                         esr =        0.07061 a.u.
                       eself =      118.08691 a.u.
      pseudopotential energy =      -13.18702 a.u.
  n-l pseudopotential energy =       17.45320 a.u.
 exchange-correlation energy =      -24.11322 a.u.
           average potential =       -0.34339 a.u.


  
  -----------  REPLICA :            8
  


 subroutine rhoofr: total integrated electronic density
 in g-space = 80.000000     in r-space = 80.000000


                total energy =      -75.02950 a.u.
              kinetic energy =       31.71315 a.u.
        electrostatic energy =      -86.84934 a.u.
                         esr =        0.07067 a.u.
                       eself =      118.08691 a.u.
      pseudopotential energy =      -13.20191 a.u.
  n-l pseudopotential energy =       17.46034 a.u.
 exchange-correlation energy =      -24.15174 a.u.
           average potential =       -0.34268 a.u.


  501     -750.03298     0  0.72244E-05   2  0.00002  0.00000  0.72811E-02  0.54916E-02
  
  ---------------------- Replica :            1
  


 eigenvalues at k-point:  0.000 0.000 0.000
  -11.25   -9.79   -9.40   -9.18   -9.01   -8.96   -8.41   -8.08   -7.28   -7.26
   -7.25   -6.23   -6.21   -5.73   -5.53   -5.44   -5.41   -4.76   -4.24   -3.84
   -3.46   -3.01   -2.93   -2.69   -2.40   -2.15   -2.06   -1.98   -1.54   -1.43
   -1.40   -1.11   -0.99   -0.85   -0.72   -0.70   -0.66   -0.48   -0.34    0.21
 
 
  
  ---------------------- Replica :            2
  


 eigenvalues at k-point:  0.000 0.000 0.000
  -11.34   -9.90   -9.33   -9.19   -9.12   -8.94   -8.39   -8.26   -7.21   -7.17
   -7.17   -6.33   -6.19   -5.65   -5.48   -5.43   -5.40   -4.70   -4.22   -4.15
   -3.39   -2.96   -2.89   -2.56   -2.37   -2.17   -2.01   -1.88   -1.56   -1.51
   -1.36   -1.15   -0.93   -0.75   -0.66   -0.65   -0.60   -0.44   -0.38    0.21
 
 
  
  ---------------------- Replica :            3
  


 eigenvalues at k-point:  0.000 0.000 0.000
  -11.40   -9.93   -9.36   -9.24   -9.13   -8.90   -8.38   -8.30   -7.22   -7.19
   -7.18   -6.37   -6.18   -5.64   -5.52   -5.40   -5.38   -4.70   -4.25   -4.14
   -3.34   -2.97   -2.89   -2.54   -2.37   -2.20   -2.02   -1.87   -1.62   -1.56
   -1.31   -1.09   -0.94   -0.77   -0.65   -0.64   -0.60   -0.38   -0.32    0.12
 
 
  
  ---------------------- Replica :            4
  


 eigenvalues at k-point:  0.000 0.000 0.000
  -11.42   -9.95   -9.37   -9.26   -9.13   -8.80   -8.36   -8.32   -7.21   -7.18
   -7.18   -6.44   -6.14   -5.62   -5.58   -5.41   -5.27   -4.69   -4.30   -4.11
   -3.27   -2.97   -2.85   -2.59   -2.42   -2.21   -2.01   -1.89   -1.78   -1.58
   -1.30   -0.99   -0.92   -0.76   -0.63   -0.60   -0.58   -0.35   -0.11    0.05
 
 
  
  ---------------------- Replica :            5
  


 eigenvalues at k-point:  0.000 0.000 0.000
  -11.42   -9.95   -9.38   -9.22   -9.12   -8.75   -8.36   -8.27   -7.23   -7.18
   -7.16   -6.47   -6.13   -5.69   -5.61   -5.44   -5.14   -4.67   -4.36   -4.02
   -3.19   -2.98   -2.79   -2.68   -2.49   -2.23   -2.02   -1.92   -1.89   -1.58
   -1.33   -0.98   -0.90   -0.76   -0.60   -0.58   -0.57   -0.32   -0.10    0.18
 
 
  
  ---------------------- Replica :            6
  


 eigenvalues at k-point:  0.000 0.000 0.000
  -11.41   -9.94   -9.39   -9.17   -9.12   -8.73   -8.31   -8.23   -7.28   -7.18
   -7.16   -6.45   -6.14   -5.80   -5.63   -5.43   -5.02   -4.68   -4.41   -3.92
   -3.12   -2.99   -2.83   -2.71   -2.52   -2.24   -2.05   -1.95   -1.92   -1.52
   -1.33   -1.06   -0.91   -0.77   -0.60   -0.58   -0.57   -0.34   -0.12    0.14
 
 
  
  ---------------------- Replica :            7
  


 eigenvalues at k-point:  0.000 0.000 0.000
  -11.42   -9.93   -9.40   -9.18   -9.12   -8.72   -8.21   -8.20   -7.34   -7.18
   -7.17   -6.40   -6.15   -5.91   -5.65   -5.37   -4.95   -4.69   -4.42   -3.86
   -3.06   -3.00   -2.92   -2.68   -2.51   -2.25   -2.05   -1.98   -1.92   -1.45
   -1.34   -1.17   -0.92   -0.78   -0.61   -0.60   -0.58   -0.35   -0.20    0.06
 
 
  
  ---------------------- Replica :            8
  


 eigenvalues at k-point:  0.000 0.000 0.000
  -11.48   -9.96   -9.43   -9.28   -9.14   -8.75   -8.22   -8.14   -7.44   -7.21
   -7.17   -6.38   -6.21   -6.02   -5.68   -5.31   -4.94   -4.70   -4.41   -3.85
   -3.04   -3.02   -2.98   -2.71   -2.50   -2.28   -2.07   -1.98   -1.93   -1.50
   -1.35   -1.24   -0.93   -0.80   -0.66   -0.63   -0.61   -0.40   -0.32    0.11
 
 
  502     -750.03314     1  0.19364E-05   1  0.00002  0.00000  0.72653E-02  0.54633E-02
  503     -750.03330     0  0.95277E-05   1  0.00002  0.00000  0.72466E-02  0.54329E-02
  504     -750.03345     1  0.32311E-05   9  0.00002  0.00000  0.71959E-02  0.53875E-02
  505     -750.03361     1  0.30156E-05   1  0.00002  0.00000  0.71746E-02  0.53558E-02
  506     -750.03376     1  0.16861E-05   1  0.00002  0.00000  0.71410E-02  0.53186E-02
  507     -750.03392     0  0.75556E-05   2  0.00002  0.00000  0.71107E-02  0.52832E-02
  508     -750.03407     1  0.21897E-05   1  0.00002  0.00000  0.71022E-02  0.52582E-02
  509     -750.03422     1  0.20197E-05   1  0.00002  0.00000  0.70723E-02  0.52225E-02
  510     -750.03437     0  0.75914E-05   2  0.00002  0.00000  0.70392E-02  0.51846E-02
  511     -750.03451     1  0.21185E-05   1  0.00002  0.00000  0.70236E-02  0.51549E-02
  512     -750.03466     1  0.19887E-05   1  0.00002  0.00000  0.69876E-02  0.51153E-02
  513     -750.03480     0  0.74853E-05   2  0.00002  0.00000  0.69523E-02  0.50760E-02
  514     -750.03495     1  0.20932E-05   1  0.00002  0.00000  0.69381E-02  0.50475E-02
  515     -750.03509     1  0.19651E-05   1  0.00002  0.00000  0.69067E-02  0.50109E-02
  516     -750.03523     0  0.74324E-05   2  0.00002  0.00000  0.68760E-02  0.49745E-02
  517     -750.03537     1  0.20921E-05   1  0.00002  0.00000  0.68644E-02  0.49474E-02
  518     -750.03551     0  0.99855E-05   1  0.00002  0.00000  0.68485E-02  0.49174E-02
  519     -750.03564     1  0.34662E-05   9  0.00002  0.00000  0.67987E-02  0.48711E-02
  520     -750.03578     1  0.32902E-05   1  0.00002  0.00000  0.67791E-02  0.48391E-02
  521     -750.03591     1  0.18661E-05   1  0.00002  0.00000  0.67467E-02  0.48015E-02
  522     -750.03605     0  0.81636E-05   2  0.00002  0.00000  0.67184E-02  0.47664E-02
  523     -750.03618     1  0.25043E-05   1  0.00002  0.00000  0.67141E-02  0.47435E-02
  524     -750.03631     1  0.23158E-05   1  0.00002  0.00000  0.66870E-02  0.47091E-02
  525     -750.03644     0  0.84251E-05   2  0.00002  0.00000  0.66565E-02  0.46725E-02
  526     -750.03657     1  0.25114E-05   1  0.00002  0.00000  0.66455E-02  0.46452E-02
  527     -750.03670     1  0.23649E-05   1  0.00002  0.00000  0.66113E-02  0.46063E-02
  528     -750.03682     0  0.85163E-05   2  0.00002  0.00000  0.65777E-02  0.45677E-02
  529     -750.03695     1  0.25592E-05   1  0.00002  0.00000  0.65681E-02  0.45416E-02
  530     -750.03707     1  0.24143E-05   1  0.00002  0.00000  0.65387E-02  0.45061E-02
  531     -750.03720     0  0.86442E-05   2  0.00002  0.00000  0.65102E-02  0.44712E-02
  532     -750.03732     1  0.26268E-05   1  0.00002  0.00000  0.65042E-02  0.44477E-02
  533     -750.03744     1  0.24788E-05   1  0.00002  0.00000  0.64752E-02  0.44126E-02
  534     -750.03756     0  0.88279E-05   2  0.00002  0.00000  0.64451E-02  0.43765E-02
  535     -750.03768     1  0.27103E-05   1  0.00002  0.00000  0.64374E-02  0.43518E-02
  536     -750.03780     1  0.25607E-05   1  0.00002  0.00000  0.64073E-02  0.43158E-02
  537     -750.03791     0  0.90383E-05   2  0.00002  0.00000  0.63778E-02  0.42801E-02
  538     -750.03803     1  0.28084E-05   1  0.00002  0.00000  0.63723E-02  0.42572E-02
  539     -750.03814     1  0.26576E-05   1  0.00002  0.00000  0.63443E-02  0.42229E-02
  540     -750.03826     0  0.92973E-05   2  0.00002  0.00000  0.63164E-02  0.41887E-02
  541     -750.03837     1  0.29226E-05   1  0.00002  0.00000  0.63121E-02  0.41671E-02
  542     -750.03848     1  0.27706E-05   1  0.00002  0.00000  0.62840E-02  0.41329E-02
  543     -750.03859     0  0.95974E-05   2  0.00001  0.00000  0.62558E-02  0.41093E-02
  544     -750.03870     1  0.30525E-05   1  0.00001  0.00000  0.62521E-02  0.41060E-02
  545     -750.03881     1  0.29002E-05   1  0.00001  0.00000  0.62245E-02  0.40841E-02
  546     -750.03892     0  0.99374E-05   2  0.00001  0.00000  0.61972E-02  0.40670E-02
  547     -750.03903     1  0.31986E-05   1  0.00001  0.00000  0.61951E-02  0.40764E-02
  548     -750.03914     1  0.30466E-05   1  0.00001  0.00000  0.61683E-02  0.40678E-02
  549     -750.03924     1  0.19573E-05   1  0.00001  0.00000  0.61545E-02  0.40688E-02
  550     -750.03935     0  0.75150E-05   1  0.00001  0.00000  0.61384E-02  0.40680E-02
  551     -750.03945     1  0.22194E-05   9  0.00001  0.00000  0.61069E-02  0.40553E-02
  552     -750.03956     1  0.22056E-05   1  0.00001  0.00000  0.60935E-02  0.40550E-02
  553     -750.03966     0  0.70675E-05   1  0.00001  0.00000  0.60812E-02  0.40545E-02
  554     -750.03976     1  0.19440E-05   9  0.00001  0.00000  0.60563E-02  0.40445E-02
  555     -750.03986     1  0.20189E-05   1  0.00001  0.00000  0.60463E-02  0.40457E-02
  556     -750.03996     0  0.64458E-05   1  0.00001  0.00000  0.60346E-02  0.40459E-02
  557     -750.04006     1  0.17604E-05   9  0.00001  0.00000  0.60098E-02  0.40365E-02
  558     -750.04016     0  0.90124E-05   1  0.00001  0.00000  0.59861E-02  0.40269E-02
  559     -750.04026     1  0.33775E-05   1  0.00001  0.00000  0.59870E-02  0.40359E-02
  560     -750.04036     1  0.30829E-05   1  0.00001  0.00000  0.59652E-02  0.40266E-02
  561     -750.04045     1  0.20368E-05   1  0.00001  0.00000  0.59551E-02  0.40269E-02
  562     -750.04055     0  0.76462E-05   1  0.00001  0.00000  0.59417E-02  0.40268E-02
  563     -750.04064     1  0.22989E-05   9  0.00001  0.00000  0.59131E-02  0.40202E-02
  564     -750.04074     1  0.23071E-05   1  0.00001  0.00000  0.59015E-02  0.40203E-02
  565     -750.04083     0  0.72784E-05   1  0.00001  0.00000  0.58910E-02  0.40206E-02
  566     -750.04093     1  0.20504E-05   9  0.00001  0.00000  0.58691E-02  0.40158E-02
  567     -750.04102     1  0.21498E-05   1  0.00001  0.00000  0.58618E-02  0.40171E-02
  568     -750.04111     0  0.67493E-05   1  0.00001  0.00000  0.58531E-02  0.40175E-02
  569     -750.04120     1  0.18989E-05   9  0.00001  0.00000  0.58316E-02  0.40125E-02
  570     -750.04129     0  0.96270E-05   1  0.00001  0.00000  0.58109E-02  0.40074E-02
  571     -750.04138     1  0.36684E-05   1  0.00001  0.00000  0.58140E-02  0.40121E-02
  572     -750.04147     1  0.33785E-05   1  0.00001  0.00000  0.57944E-02  0.40067E-02
  573     -750.04156     1  0.22600E-05   1  0.00001  0.00000  0.57865E-02  0.40062E-02
  574     -750.04165     0  0.83288E-05   1  0.00001  0.00000  0.57756E-02  0.40042E-02
  575     -750.04174     1  0.25827E-05   9  0.00001  0.00000  0.57494E-02  0.39955E-02
  576     -750.04182     1  0.26162E-05   1  0.00001  0.00000  0.57405E-02  0.39940E-02
  577     -750.04191     0  0.81214E-05   1  0.00001  0.00000  0.57327E-02  0.39925E-02
  578     -750.04200     1  0.23787E-05   9  0.00001  0.00000  0.57128E-02  0.39857E-02
  579     -750.04208     1  0.25114E-05   1  0.00001  0.00000  0.57079E-02  0.39853E-02
  580     -750.04217     0  0.77467E-05   1  0.00001  0.00000  0.57016E-02  0.39841E-02
  581     -750.04225     1  0.22786E-05   9  0.00001  0.00000  0.56815E-02  0.39769E-02
  582     -750.04233     1  0.23942E-05   1  0.00001  0.00000  0.56741E-02  0.39749E-02
  583     -750.04242     0  0.73832E-05   1  0.00001  0.00000  0.56654E-02  0.39720E-02
  584     -750.04250     1  0.21608E-05   9  0.00001  0.00000  0.56455E-02  0.39637E-02
  585     -750.04258     1  0.22816E-05   1  0.00001  0.00000  0.56386E-02  0.39611E-02
  586     -750.04266     0  0.70337E-05   1  0.00001  0.00000  0.56315E-02  0.39581E-02
  587     -750.04275     1  0.20610E-05   9  0.00001  0.00000  0.56141E-02  0.39504E-02
  588     -750.04283     1  0.21755E-05   1  0.00001  0.00000  0.56082E-02  0.39478E-02
  589     -750.04291     0  0.67084E-05   1  0.00001  0.00000  0.56010E-02  0.39445E-02
  590     -750.04299     1  0.19588E-05   9  0.00001  0.00000  0.55837E-02  0.39365E-02
  591     -750.04307     0  0.97431E-05   1  0.00001  0.00000  0.55678E-02  0.39287E-02
  592     -750.04315     1  0.38430E-05   1  0.00001  0.00000  0.55723E-02  0.39301E-02
  593     -750.04322     1  0.35914E-05   1  0.00001  0.00000  0.55572E-02  0.39223E-02
  594     -750.04330     1  0.24765E-05   1  0.00001  0.00000  0.55522E-02  0.39191E-02
  595     -750.04338     0  0.89083E-05   1  0.00001  0.00000  0.55439E-02  0.39144E-02
  596     -750.04346     1  0.28976E-05   9  0.00001  0.00000  0.55216E-02  0.39030E-02
  597     -750.04353     1  0.29773E-05   1  0.00001  0.00000  0.55151E-02  0.38987E-02
  598     -750.04361     0  0.90750E-05   1  0.00001  0.00000  0.55094E-02  0.38944E-02
  599     -750.04369     1  0.28163E-05   9  0.00001  0.00000  0.54925E-02  0.38846E-02
  
  -----------  REPLICA :            1
  


                total energy =      -75.01496 a.u.
              kinetic energy =       31.53397 a.u.
        electrostatic energy =      -86.77361 a.u.
                         esr =        0.07059 a.u.
                       eself =      118.08691 a.u.
      pseudopotential energy =      -13.17844 a.u.
  n-l pseudopotential energy =       17.46052 a.u.
 exchange-correlation energy =      -24.05739 a.u.
           average potential =       -0.34387 a.u.


  
  -----------  REPLICA :            2
  


                total energy =      -75.00473 a.u.
              kinetic energy =       31.81180 a.u.
        electrostatic energy =      -86.90226 a.u.
                         esr =        0.07077 a.u.
                       eself =      118.08691 a.u.
      pseudopotential energy =      -13.23101 a.u.
  n-l pseudopotential energy =       17.49010 a.u.
 exchange-correlation energy =      -24.17336 a.u.
           average potential =       -0.34202 a.u.


  
  -----------  REPLICA :            3
  


                total energy =      -74.99407 a.u.
              kinetic energy =       31.81024 a.u.
        electrostatic energy =      -86.89931 a.u.
                         esr =        0.07077 a.u.
                       eself =      118.08691 a.u.
      pseudopotential energy =      -13.23192 a.u.
  n-l pseudopotential energy =       17.50166 a.u.
 exchange-correlation energy =      -24.17474 a.u.
           average potential =       -0.34195 a.u.


  
  -----------  REPLICA :            4
  


                total energy =      -74.97956 a.u.
              kinetic energy =       31.75058 a.u.
        electrostatic energy =      -86.86182 a.u.
                         esr =        0.07072 a.u.
                       eself =      118.08691 a.u.
      pseudopotential energy =      -13.22116 a.u.
  n-l pseudopotential energy =       17.50474 a.u.
 exchange-correlation energy =      -24.15191 a.u.
           average potential =       -0.34240 a.u.


  
  -----------  REPLICA :            5
  


                total energy =      -74.97028 a.u.
              kinetic energy =       31.67340 a.u.
        electrostatic energy =      -86.82008 a.u.
                         esr =        0.07068 a.u.
                       eself =      118.08691 a.u.
      pseudopotential energy =      -13.21257 a.u.
  n-l pseudopotential energy =       17.51136 a.u.
 exchange-correlation energy =      -24.12238 a.u.
           average potential =       -0.34314 a.u.


  
  -----------  REPLICA :            6
  


                total energy =      -74.98485 a.u.
              kinetic energy =       31.63773 a.u.
        electrostatic energy =      -86.80226 a.u.
                         esr =        0.07064 a.u.
                       eself =      118.08691 a.u.
      pseudopotential energy =      -13.20048 a.u.
  n-l pseudopotential energy =       17.49240 a.u.
 exchange-correlation energy =      -24.11223 a.u.
           average potential =       -0.34342 a.u.


  
  -----------  REPLICA :            7
  


                total energy =      -75.01257 a.u.
              kinetic energy =       31.65207 a.u.
        electrostatic energy =      -86.81041 a.u.
                         esr =        0.07061 a.u.
                       eself =      118.08691 a.u.
      pseudopotential energy =      -13.19010 a.u.
  n-l pseudopotential energy =       17.45931 a.u.
 exchange-correlation energy =      -24.12344 a.u.
           average potential =       -0.34315 a.u.


  
  -----------  REPLICA :            8
  


                total energy =      -75.02929 a.u.
              kinetic energy =       31.71640 a.u.
        electrostatic energy =      -86.85075 a.u.
                         esr =        0.07067 a.u.
                       eself =      118.08691 a.u.
      pseudopotential energy =      -13.20224 a.u.
  n-l pseudopotential energy =       17.46090 a.u.
 exchange-correlation energy =      -24.15360 a.u.
           average potential =       -0.34263 a.u.


  600     -750.04376     1  0.30101E-05   1  0.00001  0.00000  0.54901E-02  0.38817E-02
  
  ---------------------- Replica :            1
  


 eigenvalues at k-point:  0.000 0.000 0.000
  -11.27   -9.80   -9.41   -9.19   -9.03   -8.97   -8.42   -8.08   -7.28   -7.28
   -7.26   -6.24   -6.21   -5.73   -5.53   -5.44   -5.41   -4.76   -4.24   -3.84
   -3.47   -3.01   -2.93   -2.70   -2.39   -2.17   -2.08   -1.97   -1.54   -1.44
   -1.39   -1.11   -0.99   -0.86   -0.74   -0.71   -0.67   -0.49   -0.35    0.22
 
 
  
  ---------------------- Replica :            2
  


 eigenvalues at k-point:  0.000 0.000 0.000
  -11.37   -9.93   -9.36   -9.21   -9.13   -8.96   -8.39   -8.26   -7.22   -7.20
   -7.19   -6.33   -6.21   -5.66   -5.49   -5.43   -5.39   -4.71   -4.22   -4.14
   -3.39   -2.98   -2.89   -2.58   -2.36   -2.20   -2.03   -1.88   -1.57   -1.50
   -1.38   -1.14   -0.94   -0.78   -0.69   -0.68   -0.60   -0.46   -0.39    0.20
 
 
  
  ---------------------- Replica :            3
  


 eigenvalues at k-point:  0.000 0.000 0.000
  -11.43   -9.94   -9.39   -9.27   -9.14   -8.94   -8.38   -8.29   -7.22   -7.21
   -7.20   -6.37   -6.21   -5.64   -5.52   -5.40   -5.39   -4.70   -4.25   -4.13
   -3.35   -2.98   -2.91   -2.55   -2.37   -2.24   -2.04   -1.87   -1.60   -1.56
   -1.31   -1.10   -0.94   -0.79   -0.68   -0.67   -0.61   -0.38   -0.35    0.12
 
 
  
  ---------------------- Replica :            4
  


 eigenvalues at k-point:  0.000 0.000 0.000
  -11.47   -9.97   -9.40   -9.30   -9.14   -8.86   -8.36   -8.33   -7.23   -7.20
   -7.19   -6.42   -6.18   -5.62   -5.58   -5.40   -5.30   -4.69   -4.32   -4.10
   -3.28   -2.98   -2.88   -2.58   -2.40   -2.26   -2.02   -1.89   -1.73   -1.58
   -1.29   -1.02   -0.93   -0.77   -0.63   -0.62   -0.59   -0.34   -0.17    0.05
 
 
  
  ---------------------- Replica :            5
  


 eigenvalues at k-point:  0.000 0.000 0.000
  -11.48   -9.99   -9.40   -9.27   -9.13   -8.79   -8.36   -8.29   -7.25   -7.19
   -7.17   -6.45   -6.16   -5.69   -5.61   -5.42   -5.16   -4.68   -4.41   -4.01
   -3.20   -2.98   -2.81   -2.68   -2.47   -2.26   -2.01   -1.94   -1.86   -1.59
   -1.32   -1.00   -0.91   -0.77   -0.61   -0.58   -0.58   -0.32   -0.10    0.14
 
 
  
  ---------------------- Replica :            6
  


 eigenvalues at k-point:  0.000 0.000 0.000
  -11.48   -9.99   -9.41   -9.22   -9.12   -8.77   -8.31   -8.25   -7.31   -7.18
   -7.17   -6.43   -6.17   -5.81   -5.63   -5.42   -5.02   -4.68   -4.48   -3.90
   -3.13   -2.99   -2.81   -2.74   -2.51   -2.26   -2.03   -1.99   -1.90   -1.54
   -1.34   -1.08   -0.91   -0.78   -0.60   -0.58   -0.57   -0.33   -0.12    0.13
 
 
  
  ---------------------- Replica :            7
  


 eigenvalues at k-point:  0.000 0.000 0.000
  -11.46   -9.96   -9.41   -9.21   -9.12   -8.75   -8.22   -8.20   -7.37   -7.18
   -7.17   -6.40   -6.17   -5.93   -5.65   -5.36   -4.94   -4.70   -4.46   -3.85
   -3.07   -3.00   -2.92   -2.70   -2.51   -2.25   -2.04   -2.01   -1.91   -1.48
   -1.34   -1.18   -0.92   -0.78   -0.61   -0.59   -0.58   -0.35   -0.21    0.09
 
 
  
  ---------------------- Replica :            8
  


 eigenvalues at k-point:  0.000 0.000 0.000
  -11.49   -9.96   -9.44   -9.29   -9.14   -8.76   -8.22   -8.13   -7.45   -7.20
   -7.17   -6.38   -6.22   -6.03   -5.69   -5.30   -4.94   -4.70   -4.41   -3.85
   -3.05   -3.02   -2.97   -2.72   -2.50   -2.27   -2.06   -1.99   -1.92   -1.52
   -1.35   -1.24   -0.93   -0.80   -0.66   -0.62   -0.61   -0.40   -0.32    0.12
 
 
 Creating dir : RESTART71

 %%%%%%%%%%%%%%%%%%%%%%%%%%%%%%%%%%%%%%%%%%%%%%%%%%%%%%%%%%%%%%%%%%%%%%%%%%%%%%
     from  cp_writefile  : error #        -1
      unable to create directory RESTART71                                                                                                                                                                                                                                                       
 %%%%%%%%%%%%%%%%%%%%%%%%%%%%%%%%%%%%%%%%%%%%%%%%%%%%%%%%%%%%%%%%%%%%%%%%%%%%%%

 Creating dir : RESTART71/K00001

 %%%%%%%%%%%%%%%%%%%%%%%%%%%%%%%%%%%%%%%%%%%%%%%%%%%%%%%%%%%%%%%%%%%%%%%%%%%%%%
     from  cp_writefile  : error #        -1
      unable to create directory RESTART71/K00001                                                                                                                                                                                                                                                
 %%%%%%%%%%%%%%%%%%%%%%%%%%%%%%%%%%%%%%%%%%%%%%%%%%%%%%%%%%%%%%%%%%%%%%%%%%%%%%

 Opening file restart.xml
 Creating dir : RESTART72

 %%%%%%%%%%%%%%%%%%%%%%%%%%%%%%%%%%%%%%%%%%%%%%%%%%%%%%%%%%%%%%%%%%%%%%%%%%%%%%
     from  cp_writefile  : error #        -1
      unable to create directory RESTART72                                                                                                                                                                                                                                                       
 %%%%%%%%%%%%%%%%%%%%%%%%%%%%%%%%%%%%%%%%%%%%%%%%%%%%%%%%%%%%%%%%%%%%%%%%%%%%%%

 Creating dir : RESTART72/K00001

 %%%%%%%%%%%%%%%%%%%%%%%%%%%%%%%%%%%%%%%%%%%%%%%%%%%%%%%%%%%%%%%%%%%%%%%%%%%%%%
     from  cp_writefile  : error #        -1
      unable to create directory RESTART72/K00001                                                                                                                                                                                                                                                
 %%%%%%%%%%%%%%%%%%%%%%%%%%%%%%%%%%%%%%%%%%%%%%%%%%%%%%%%%%%%%%%%%%%%%%%%%%%%%%

 Opening file restart.xml
 Creating dir : RESTART73

 %%%%%%%%%%%%%%%%%%%%%%%%%%%%%%%%%%%%%%%%%%%%%%%%%%%%%%%%%%%%%%%%%%%%%%%%%%%%%%
     from  cp_writefile  : error #        -1
      unable to create directory RESTART73                                                                                                                                                                                                                                                       
 %%%%%%%%%%%%%%%%%%%%%%%%%%%%%%%%%%%%%%%%%%%%%%%%%%%%%%%%%%%%%%%%%%%%%%%%%%%%%%

 Creating dir : RESTART73/K00001

 %%%%%%%%%%%%%%%%%%%%%%%%%%%%%%%%%%%%%%%%%%%%%%%%%%%%%%%%%%%%%%%%%%%%%%%%%%%%%%
     from  cp_writefile  : error #        -1
      unable to create directory RESTART73/K00001                                                                                                                                                                                                                                                
 %%%%%%%%%%%%%%%%%%%%%%%%%%%%%%%%%%%%%%%%%%%%%%%%%%%%%%%%%%%%%%%%%%%%%%%%%%%%%%

 Opening file restart.xml
 Creating dir : RESTART74

 %%%%%%%%%%%%%%%%%%%%%%%%%%%%%%%%%%%%%%%%%%%%%%%%%%%%%%%%%%%%%%%%%%%%%%%%%%%%%%
     from  cp_writefile  : error #        -1
      unable to create directory RESTART74                                                                                                                                                                                                                                                       
 %%%%%%%%%%%%%%%%%%%%%%%%%%%%%%%%%%%%%%%%%%%%%%%%%%%%%%%%%%%%%%%%%%%%%%%%%%%%%%

 Creating dir : RESTART74/K00001

 %%%%%%%%%%%%%%%%%%%%%%%%%%%%%%%%%%%%%%%%%%%%%%%%%%%%%%%%%%%%%%%%%%%%%%%%%%%%%%
     from  cp_writefile  : error #        -1
      unable to create directory RESTART74/K00001                                                                                                                                                                                                                                                
 %%%%%%%%%%%%%%%%%%%%%%%%%%%%%%%%%%%%%%%%%%%%%%%%%%%%%%%%%%%%%%%%%%%%%%%%%%%%%%

 Opening file restart.xml
 Creating dir : RESTART75

 %%%%%%%%%%%%%%%%%%%%%%%%%%%%%%%%%%%%%%%%%%%%%%%%%%%%%%%%%%%%%%%%%%%%%%%%%%%%%%
     from  cp_writefile  : error #        -1
      unable to create directory RESTART75                                                                                                                                                                                                                                                       
 %%%%%%%%%%%%%%%%%%%%%%%%%%%%%%%%%%%%%%%%%%%%%%%%%%%%%%%%%%%%%%%%%%%%%%%%%%%%%%

 Creating dir : RESTART75/K00001

 %%%%%%%%%%%%%%%%%%%%%%%%%%%%%%%%%%%%%%%%%%%%%%%%%%%%%%%%%%%%%%%%%%%%%%%%%%%%%%
     from  cp_writefile  : error #        -1
      unable to create directory RESTART75/K00001                                                                                                                                                                                                                                                
 %%%%%%%%%%%%%%%%%%%%%%%%%%%%%%%%%%%%%%%%%%%%%%%%%%%%%%%%%%%%%%%%%%%%%%%%%%%%%%

 Opening file restart.xml
 Creating dir : RESTART76

 %%%%%%%%%%%%%%%%%%%%%%%%%%%%%%%%%%%%%%%%%%%%%%%%%%%%%%%%%%%%%%%%%%%%%%%%%%%%%%
     from  cp_writefile  : error #        -1
      unable to create directory RESTART76                                                                                                                                                                                                                                                       
 %%%%%%%%%%%%%%%%%%%%%%%%%%%%%%%%%%%%%%%%%%%%%%%%%%%%%%%%%%%%%%%%%%%%%%%%%%%%%%

 Creating dir : RESTART76/K00001

 %%%%%%%%%%%%%%%%%%%%%%%%%%%%%%%%%%%%%%%%%%%%%%%%%%%%%%%%%%%%%%%%%%%%%%%%%%%%%%
     from  cp_writefile  : error #        -1
      unable to create directory RESTART76/K00001                                                                                                                                                                                                                                                
 %%%%%%%%%%%%%%%%%%%%%%%%%%%%%%%%%%%%%%%%%%%%%%%%%%%%%%%%%%%%%%%%%%%%%%%%%%%%%%

 Opening file restart.xml
 Creating dir : RESTART77

 %%%%%%%%%%%%%%%%%%%%%%%%%%%%%%%%%%%%%%%%%%%%%%%%%%%%%%%%%%%%%%%%%%%%%%%%%%%%%%
     from  cp_writefile  : error #        -1
      unable to create directory RESTART77                                                                                                                                                                                                                                                       
 %%%%%%%%%%%%%%%%%%%%%%%%%%%%%%%%%%%%%%%%%%%%%%%%%%%%%%%%%%%%%%%%%%%%%%%%%%%%%%

 Creating dir : RESTART77/K00001

 %%%%%%%%%%%%%%%%%%%%%%%%%%%%%%%%%%%%%%%%%%%%%%%%%%%%%%%%%%%%%%%%%%%%%%%%%%%%%%
     from  cp_writefile  : error #        -1
      unable to create directory RESTART77/K00001                                                                                                                                                                                                                                                
 %%%%%%%%%%%%%%%%%%%%%%%%%%%%%%%%%%%%%%%%%%%%%%%%%%%%%%%%%%%%%%%%%%%%%%%%%%%%%%

 Opening file restart.xml
     initialize   :    23.76s CPU
     formf        :    10.49s CPU (       8 calls,   1.311 s avg)
     rhoofr       :  1826.41s CPU (    2400 calls,   0.761 s avg)
     vofrho       :  1091.92s CPU (    2400 calls,   0.455 s avg)
     dforce       :  3538.19s CPU (   48000 calls,   0.074 s avg)
     calphi       :    27.08s CPU (    2400 calls,   0.011 s avg)
     ortho        :   119.88s CPU (    2400 calls,   0.050 s avg)
     updatc       :    77.24s CPU (    2400 calls,   0.032 s avg)
     newd         :     9.44s CPU (    2400 calls,   0.004 s avg)
     calbec       :   101.83s CPU (    2416 calls,   0.042 s avg)
     prefor       :    48.38s CPU (    4800 calls,   0.010 s avg)
     strucf       :    58.39s CPU (    2408 calls,   0.024 s avg)
     nlfl         :     0.01s CPU (    2400 calls,   0.000 s avg)
     nlfq         :   308.46s CPU (    2400 calls,   0.129 s avg)
     nlsm1        :   101.82s CPU (    7216 calls,   0.014 s avg)
     nlsm2        :   305.41s CPU (    2400 calls,   0.127 s avg)
     fft          :   205.10s CPU (    7200 calls,   0.028 s avg)
     ffts         :   138.84s CPU (    4800 calls,   0.029 s avg)
     fftw         :  4097.79s CPU (  144000 calls,   0.028 s avg)
     rsg          :     6.17s CPU (    2400 calls,   0.003 s avg)
 Creating dir : RESTART78

 %%%%%%%%%%%%%%%%%%%%%%%%%%%%%%%%%%%%%%%%%%%%%%%%%%%%%%%%%%%%%%%%%%%%%%%%%%%%%%
     from  cp_writefile  : error #        -1
      unable to create directory RESTART78                                                                                                                                                                                                                                                       
 %%%%%%%%%%%%%%%%%%%%%%%%%%%%%%%%%%%%%%%%%%%%%%%%%%%%%%%%%%%%%%%%%%%%%%%%%%%%%%

 Creating dir : RESTART78/K00001

 %%%%%%%%%%%%%%%%%%%%%%%%%%%%%%%%%%%%%%%%%%%%%%%%%%%%%%%%%%%%%%%%%%%%%%%%%%%%%%
     from  cp_writefile  : error #        -1
      unable to create directory RESTART78/K00001                                                                                                                                                                                                                                                
 %%%%%%%%%%%%%%%%%%%%%%%%%%%%%%%%%%%%%%%%%%%%%%%%%%%%%%%%%%%%%%%%%%%%%%%%%%%%%%

 Opening file restart.xml
     CP           :     2h 2m CPU time


   MEMORY STATISTICS FROM PE(1) : 
