
     Program VdW       v.4.0 starts ...
     Today is 28Apr2008 at 16:41:49 

     Effective Potential Calculation


          Charge difference due to FFT   0.01788486

          Charge difference due to V_eff (initial)   0.01198253

          iter #     1   charge diff.   0.01266868   thresh_veff   0.00960000

          iter #     2   charge diff.   0.00944867   thresh_veff   0.00960000


     End of Effective Potential Calculation


     Frequency Dependent Polarizability Calculation


      iter #   1 total cpu time :     1.1 secs   av.it.:   6.0
      thresh= 0.100E-01 al_mix_vdw =  0.100 |ddv_scf|^2 =  0.439E-07

      iter #   2 total cpu time :     2.8 secs   av.it.:  12.0
      thresh= 0.210E-04 al_mix_vdw =  0.100 |ddv_scf|^2 =  0.286E-07

      iter #   3 total cpu time :     4.4 secs   av.it.:  13.0
      thresh= 0.169E-04 al_mix_vdw =  0.100 |ddv_scf|^2 =  0.129E-08

      iter #   4 total cpu time :     6.1 secs   av.it.:  14.0
      thresh= 0.359E-05 al_mix_vdw =  0.100 |ddv_scf|^2 =  0.964E-09

      iter #   5 total cpu time :     7.5 secs   av.it.:  12.0
      thresh= 0.310E-05 al_mix_vdw =  0.100 |ddv_scf|^2 =  0.145E-10

      iter #   6 total cpu time :     8.8 secs   av.it.:  10.0
      thresh= 0.381E-06 al_mix_vdw =  0.100 |ddv_scf|^2 =  0.888E-11

      iter #   7 total cpu time :    10.0 secs   av.it.:  10.0
      thresh= 0.298E-06 al_mix_vdw =  0.100 |ddv_scf|^2 =  0.266E-12

      iter #   8 total cpu time :    11.3 secs   av.it.:  11.0
      thresh= 0.516E-07 al_mix_vdw =  0.100 |ddv_scf|^2 =  0.219E-13

      iter #   9 total cpu time :    12.7 secs   av.it.:  11.0
      thresh= 0.148E-07 al_mix_vdw =  0.100 |ddv_scf|^2 =  0.281E-14

          Polarizability in cartesian axis at frequency  1.50

          (       6.193787429       0.000000000       0.000000000 )
          (       0.000000000       6.193787429       0.000000000 )
          (       0.000000000       0.000000000       6.193787429 )

      iter #   1 total cpu time :    13.6 secs   av.it.:   7.0
      thresh= 0.100E-01 al_mix_vdw =  0.100 |ddv_scf|^2 =  0.255E-05

      iter #   2 total cpu time :    15.1 secs   av.it.:  13.0
      thresh= 0.160E-03 al_mix_vdw =  0.100 |ddv_scf|^2 =  0.526E-07

      iter #   3 total cpu time :    16.5 secs   av.it.:  12.0
      thresh= 0.229E-04 al_mix_vdw =  0.100 |ddv_scf|^2 =  0.121E-07

      iter #   4 total cpu time :    17.9 secs   av.it.:  12.0
      thresh= 0.110E-04 al_mix_vdw =  0.100 |ddv_scf|^2 =  0.557E-09

      iter #   5 total cpu time :    19.4 secs   av.it.:  12.0
      thresh= 0.236E-05 al_mix_vdw =  0.100 |ddv_scf|^2 =  0.342E-09

      iter #   6 total cpu time :    20.7 secs   av.it.:  11.0
      thresh= 0.185E-05 al_mix_vdw =  0.100 |ddv_scf|^2 =  0.283E-10

      iter #   7 total cpu time :    22.0 secs   av.it.:  11.0
      thresh= 0.532E-06 al_mix_vdw =  0.100 |ddv_scf|^2 =  0.328E-11

      iter #   8 total cpu time :    23.5 secs   av.it.:  10.0
      thresh= 0.181E-06 al_mix_vdw =  0.100 |ddv_scf|^2 =  0.143E-11

      iter #   9 total cpu time :    25.1 secs   av.it.:  12.0
      thresh= 0.120E-06 al_mix_vdw =  0.100 |ddv_scf|^2 =  0.629E-13

      iter #  10 total cpu time :    26.4 secs   av.it.:  10.0
      thresh= 0.251E-07 al_mix_vdw =  0.100 |ddv_scf|^2 =  0.417E-13

      iter #  11 total cpu time :    27.8 secs   av.it.:  12.0
      thresh= 0.204E-07 al_mix_vdw =  0.100 |ddv_scf|^2 =  0.264E-14

          Polarizability in cartesian axis at frequency  0.00

          (      14.093867807       0.000000000       0.000000000 )
          (       0.000000000      14.093867807       0.000000000 )
          (       0.000000000       0.000000000      14.093867807 )

     End of Frequency Dependent Polarizability Calculation


     End of vdW calculation
