=------------------------------------------------------------------------------=

     CP: variable-cell Car-Parrinello molecular dynamics
     using norm-conserving and ultrasoft Vanderbilt pseudopotentials

     Version: 3.0 - Mon Oct 24 02:34:10 CEST 2005                         
     Authors: Alfredo Pasquarello, Kari Laasonen, Andrea Trave, Roberto Car,
       Paolo Giannozzi, Nicola Marzari, Carlo Cavazzoni, Guido Chiarotti,
       Sandro Scandolo, Paolo Focher, Gerardo Ballabio, and others

=------------------------------------------------------------------------------=

   This run was started on:   5:27:51  10Nov2005               

   Serial Build
Warning: card &CELL ignored
Warning: card   CELL_DYNAMICS = 'NONE', ignored
Warning: card / ignored

   Job Title: MD Simulation


   Atomic Pseudopotentials Parameters
   ----------------------------------

   Reading pseudopotential for specie #  1 from file :
   /scr/giannozz/espresso/pseudo/O.pz-rrkjus.UPF
   file type is 20

   Reading pseudopotential for specie #  2 from file :
   /scr/giannozz/espresso/pseudo/Mg.pz-n-vbc.UPF
   file type is 20


   Main Simulation Parameters (from input)
   ---------------------------------------
   Restart Mode       =       1   restart        
   Number of MD Steps =       1
   Print out every            1 MD Steps
   Reads from unit    =      50
   Writes to unit     =      50
   MD Simulation time step            =       1.00
   Electronic fictitious mass (emass) =    1000.00
   emass cut-off                      =       4.00

   Simulation Cell Parameters (from input)
   external pressure       =            0.00 [GPa]
   wmass (calculated)      =       160952.68 [AU]
   ibrav =    1
   alat  =    15.91200000
   a1    =    15.91200000    0.00000000    0.00000000
   a2    =     0.00000000   15.91200000    0.00000000
   a3    =     0.00000000    0.00000000   15.91200000
 
   b1    =     0.06284565    0.00000000    0.00000000
   b2    =     0.00000000    0.06284565    0.00000000
   b3    =     0.00000000    0.00000000    0.06284565
   omega =  4028.78703053

    =====================================
    |  CONJUGATE GRADIENT               |
    =====================================
    | iterations   =       250            |
    | etresh       =   0.00000 a.u.     |
    | passop       =   0.30000 a.u.     |
    =====================================

   Energy Cut-offs
   ---------------
   Ecutwfc =   20.0 Ryd.,    Ecutrho =  160.0 Ryd.,    Ecuts =   80.0 Ryd.
   Gcutwfc =   11.3     ,    Gcutrho =   32.0          Gcuts =   22.7
   NOTA BENE: refg, mmx =   0.050000  3840
   Orthog. with Gram-Schmidt
   Electron dynamics with newton equations
   Electron dynamics : the temperature is not controlled
   initial random displacement of el. coordinates with  amplitude=  0.020000

   Electronic states
   -----------------
   Number of Electron =   256, of States =   128
   Occupation numbers :
   2.00 2.00 2.00 2.00 2.00 2.00 2.00 2.00 2.00 2.00
   2.00 2.00 2.00 2.00 2.00 2.00 2.00 2.00 2.00 2.00
   2.00 2.00 2.00 2.00 2.00 2.00 2.00 2.00 2.00 2.00
   2.00 2.00 2.00 2.00 2.00 2.00 2.00 2.00 2.00 2.00
   2.00 2.00 2.00 2.00 2.00 2.00 2.00 2.00 2.00 2.00
   2.00 2.00 2.00 2.00 2.00 2.00 2.00 2.00 2.00 2.00
   2.00 2.00 2.00 2.00 2.00 2.00 2.00 2.00 2.00 2.00
   2.00 2.00 2.00 2.00 2.00 2.00 2.00 2.00 2.00 2.00
   2.00 2.00 2.00 2.00 2.00 2.00 2.00 2.00 2.00 2.00
   2.00 2.00 2.00 2.00 2.00 2.00 2.00 2.00 2.00 2.00
   2.00 2.00 2.00 2.00 2.00 2.00 2.00 2.00 2.00 2.00
   2.00 2.00 2.00 2.00 2.00 2.00 2.00 2.00 2.00 2.00
   2.00 2.00 2.00 2.00 2.00 2.00 2.00 2.00


   Exchange and correlations functionals
   -------------------------------------
   Using Local Density Approximation with
     Exchange functional: SLATER                                                      
     Correlation functional: PERDEW AND ZUNGER                                           
     Exchange-correlation      =  SLA  PZ   NOGX NOGC (1100)


   Ions Simulation Parameters
   --------------------------
   Ions are not allowed to move
   Ionic position (from input)
   sorted by specie, and converted to real a.u. coordinates
   Species   1 atoms =   32 mass =     21892.91 (a.u.),        12.01 (amu) rcmax =   0.80 (a.u.)
        0.066300     0.066300     4.044300
        4.044300     4.044300     4.044300
        4.044300     0.066300     8.022300
        0.066300     4.044300     8.022300
        0.066300     0.066300    12.000300
        4.044300     4.044300    12.000300
        4.044300     0.066300    15.978300
        0.066300     4.044300    15.978300
        0.066300     8.022300     4.044300
        4.044300    12.000300     4.044300
        4.044300     8.022300     8.022300
        0.066300    12.000300     8.022300
        0.066300     8.022300    12.000300
        4.044300    12.000300    12.000300
        4.044300     8.022300    15.978300
        0.066300    12.000300    15.978300
        8.022300     0.066300     4.044300
       12.000300     4.044300     4.044300
       12.000300     0.066300     8.022300
        8.022300     4.044300     8.022300
        8.022300     0.066300    12.000300
       12.000300     4.044300    12.000300
       12.000300     0.066300    15.978300
        8.022300     4.044300    15.978300
        8.022300     8.022300     4.044300
       12.000300    12.000300     4.044300
       12.000300     8.022300     8.022300
        8.022300    12.000300     8.022300
        8.022300     8.022300    12.000300
       12.000300    12.000300    12.000300
       12.000300     8.022300    15.978300
        8.022300    12.000300    15.978300
   Species   2 atoms =   32 mass =     44296.23 (a.u.),        24.30 (amu) rcmax =   0.50 (a.u.)
        0.066300     0.066300     0.066300
        4.044300     4.044300     0.066300
        4.044300     0.066300     4.044300
        0.066300     4.044300     4.044300
        0.066300     0.066300     8.022300
        4.044300     4.044300     8.022300
        4.044300     0.066300    12.000300
        0.066300     4.044300    12.000300
        0.066300     8.022300     0.066300
        4.044300    12.000300     0.066300
        4.044300     8.022300     4.044300
        0.066300    12.000300     4.044300
        0.066300     8.022300     8.022300
        4.044300    12.000300     8.022300
        4.044300     8.022300    12.000300
        0.066300    12.000300    12.000300
        8.022300     0.066300     0.066300
       12.000300     4.044300     0.066300
       12.000300     0.066300     4.044300
        8.022300     4.044300     4.044300
        8.022300     0.066300     8.022300
       12.000300     4.044300     8.022300
       12.000300     0.066300    12.000300
        8.022300     4.044300    12.000300
        8.022300     8.022300     0.066300
       12.000300    12.000300     0.066300
       12.000300     8.022300     4.044300
        8.022300    12.000300     4.044300
        8.022300     8.022300     8.022300
       12.000300    12.000300     8.022300
       12.000300     8.022300    12.000300
        8.022300    12.000300    12.000300
   Ionic position read from input file


   Cell Dynamics Parameters (from STDIN)
   -------------------------------------
   Starting cell generated from CELLDM
   Cell parameters will be re-read from restart file
   Constant VOLUME Molecular dynamics
   cell parameters are not allowed to move

    =====================================
    |  BERRY PHASE ELECTRIC FIELD        
    =====================================
    | direction    =         3            
    | intensity    =   0.00100 a.u.     
    =====================================

   Verbosity: iprsta =  1



   Simulation dimensions initialization
   ------------------------------------

   unit vectors of full simulation cell
   in real space:                         in reciprocal space (units 2pi/alat):
   1    15.9120    0.0000    0.0000              1.0000    0.0000    0.0000
   2     0.0000   15.9120    0.0000              0.0000    1.0000    0.0000
   3     0.0000    0.0000   15.9120              0.0000    0.0000    1.0000
 
   Stick Mesh
   ----------
   nst =  1617,  nstw =   203, nsts =   805
        PEs    n.st   n.stw   n.sts    n.g    n.gw   n.gs
          1    3233     405    1609  137929    6043   48693
          0    3233     405    1609  137929    6043   48693
 
 
   Real Mesh
   ---------
   Global Dimensions   Local  Dimensions   Processor Grid
   .X.   .Y.   .Z.     .X.   .Y.   .Z.     .X.   .Y.   .Z.
    72    72    72      72    72    72       1     1     1
   Array leading dimensions ( nr1x, nr2x, nr3x )   =     72    72    72
   Local number of cell to store the grid ( nnrx ) =     373248
   Number of x-y planes for each processors: 
   nr3l =    72
 
   Smooth Real Mesh
   ----------------
   Global Dimensions   Local  Dimensions   Processor Grid
   .X.   .Y.   .Z.     .X.   .Y.   .Z.     .X.   .Y.   .Z.
    45    45    45      45    45    45       1     1     1
   Array leading dimensions ( nr1x, nr2x, nr3x )   =     45    45    45
   Local number of cell to store the grid ( nnrx ) =      91125
   Number of x-y planes for each processors: 
   nr3sl =    45
 
   Small Box Real Mesh
   -------------------
   Global Dimensions   Local  Dimensions   Processor Grid
   .X.   .Y.   .Z.     .X.   .Y.   .Z.     .X.   .Y.   .Z.
    30    30    30      30    30    30       1     1     1
   Array leading dimensions ( nr1x, nr2x, nr3x )   =     30    30    30
   Local number of cell to store the grid ( nnrx ) =      27000
 
   unit vectors of box grid cell
   in real space:                         in reciprocal space:
       6.6300    0.0000    0.0000              1.0000    0.0000    0.0000
       0.0000    6.6300    0.0000              0.0000    1.0000    0.0000
       0.0000    0.0000    6.6300              0.0000    0.0000    1.0000
 
   Reciprocal Space Mesh
   ---------------------
                Large Mesh
   PE   Global(ngmt)     Local(ngm) MaxLocal(ngmx)
    1          68965          68965          68965
                Smooth Mesh
   PE   Global(ngst)     Local(ngs) MaxLocal(ngsx)
    1          24347          24347          24347
                Wave function Mesh
   PE   Global(ngwt)     Local(ngw) MaxLocal(ngwx)
    1           3022           3022           3022

                Small box Mesh
   ngb =         4970 not distributed to processors


   System geometry initialization
   ------------------------------

   Scaled atomic positions                                from standard input
   Species   1 atoms =   32
    O       0.004167     0.004167     0.254167
    O       0.254167     0.254167     0.254167
    O       0.254167     0.004167     0.504167
    O       0.004167     0.254167     0.504167
    O       0.004167     0.004167     0.754167
    O       0.254167     0.254167     0.754167
    O       0.254167     0.004167     1.004167
    O       0.004167     0.254167     1.004167
    O       0.004167     0.504167     0.254167
    O       0.254167     0.754167     0.254167
    O       0.254167     0.504167     0.504167
    O       0.004167     0.754167     0.504167
    O       0.004167     0.504167     0.754167
    O       0.254167     0.754167     0.754167
    O       0.254167     0.504167     1.004167
    O       0.004167     0.754167     1.004167
    O       0.504167     0.004167     0.254167
    O       0.754167     0.254167     0.254167
    O       0.754167     0.004167     0.504167
    O       0.504167     0.254167     0.504167
    O       0.504167     0.004167     0.754167
    O       0.754167     0.254167     0.754167
    O       0.754167     0.004167     1.004167
    O       0.504167     0.254167     1.004167
    O       0.504167     0.504167     0.254167
    O       0.754167     0.754167     0.254167
    O       0.754167     0.504167     0.504167
    O       0.504167     0.754167     0.504167
    O       0.504167     0.504167     0.754167
    O       0.754167     0.754167     0.754167
    O       0.754167     0.504167     1.004167
    O       0.504167     0.754167     1.004167
   Species   2 atoms =   32
    Mg      0.004167     0.004167     0.004167
    Mg      0.254167     0.254167     0.004167
    Mg      0.254167     0.004167     0.254167
    Mg      0.004167     0.254167     0.254167
    Mg      0.004167     0.004167     0.504167
    Mg      0.254167     0.254167     0.504167
    Mg      0.254167     0.004167     0.754167
    Mg      0.004167     0.254167     0.754167
    Mg      0.004167     0.504167     0.004167
    Mg      0.254167     0.754167     0.004167
    Mg      0.254167     0.504167     0.254167
    Mg      0.004167     0.754167     0.254167
    Mg      0.004167     0.504167     0.504167
    Mg      0.254167     0.754167     0.504167
    Mg      0.254167     0.504167     0.754167
    Mg      0.004167     0.754167     0.754167
    Mg      0.504167     0.004167     0.004167
    Mg      0.754167     0.254167     0.004167
    Mg      0.754167     0.004167     0.254167
    Mg      0.504167     0.254167     0.254167
    Mg      0.504167     0.004167     0.504167
    Mg      0.754167     0.254167     0.504167
    Mg      0.754167     0.004167     0.754167
    Mg      0.504167     0.254167     0.754167
    Mg      0.504167     0.504167     0.004167
    Mg      0.754167     0.754167     0.004167
    Mg      0.754167     0.504167     0.254167
    Mg      0.504167     0.754167     0.254167
    Mg      0.504167     0.504167     0.504167
    Mg      0.754167     0.754167     0.504167
    Mg      0.754167     0.504167     0.754167
    Mg      0.504167     0.754167     0.754167
   ibrav =    1       cell parameters 

      15.91200       0.00000       0.00000
       0.00000      15.91200       0.00000
       0.00000       0.00000      15.91200
 


   Pseudopotentials initialization
   -------------------------------
  nlinit  nh(is), ngb, is, kkbeta, lmaxq =            8        4970           1
         865           3
 
                        qqq 
  -0.0987   0.4865   0.0000   0.0000
   0.4865  -2.1787   0.0000   0.0000
   0.0000   0.0000   0.2330   0.2950
   0.0000   0.0000   0.2950   0.3737
 


   Common initialization

   Specie:     1
   1  indv=  1   ang. mom=  0
   2  indv=  2   ang. mom=  0
   3  indv=  3   ang. mom=  1
   4  indv=  3   ang. mom=  1
   5  indv=  3   ang. mom=  1
   6  indv=  4   ang. mom=  1
   7  indv=  4   ang. mom=  1
   8  indv=  4   ang. mom=  1
 
                        dion 
   0.4817  -1.2813   0.0000   0.0000
  -1.2813   2.3075   0.0000   0.0000
   0.0000   0.0000   0.6338   0.8752
   0.0000   0.0000   0.8752   1.2039

   Specie:     2
   1  indv=  1   ang. mom=  0
   2  indv=  2   ang. mom=  1
   3  indv=  2   ang. mom=  1
   4  indv=  2   ang. mom=  1
 
                        dion 
   3.2181   0.0000
   0.0000  12.0575
 
   Short Legend and Physical Units in the Output
   ---------------------------------------------
   NFI    [int]  - step index
   EKINC  [HARTREE A.U.] - kinetic energy of the fictitious electronic dynamics
   TEMPH  [K]    - Temperature of the fictitious cell dynamics
   TEMP   [K]    - Ionic temperature
   ETOT   [HARTREE A.U.] - Scf total energy (Kohn-Sham hamiltonian)
   ENTHAL [HARTREE A.U.] - Enthalpy ( ETOT + P * V )
   ECONS  [HARTREE A.U.] - Enthalpy + kinetic energy of ions and cell
   ECONT  [HARTREE A.U.] - Constant of motion for the CP lagrangian
 

   reading restart file: .//mgo_50.save
   restart file read in    0.234 sec.


   formf: eself= 676.60611
   formf:     vps(g=0)=  -0.0020774     rhops(g=0)=  -0.0014893
   formf: sum_g vps(g)=  -1.4455266 sum_g rhops(g)=  -1.0530008
   formf:     vps(g=0)=   0.0012432     rhops(g=0)=  -0.0004964
   formf: sum_g vps(g)=   1.6241241 sum_g rhops(g)=  -1.4102948
Initialize Berry phase electric field
 #not found, gtable:    405.000000000000     
 #not found, gtabin:    405.000000000000     

 * Physical Quantities at step:     2
 PERFORMING CONJUGATE GRADIENT MINIMIZATION OF EL. STATES
 


                total energy =     -547.28628 Hartree a.u.
              kinetic energy =      235.43096 Hartree a.u.
        electrostatic energy =     -588.81023 Hartree a.u.
                         esr =        0.00000 Hartree a.u.
                       eself =      676.60611 Hartree a.u.
      pseudopotential energy =     -167.87987 Hartree a.u.
  n-l pseudopotential energy =      108.84067 Hartree a.u.
 exchange-correlation energy =     -134.85134 Hartree a.u.
           average potential =        0.00000 Hartree a.u.



   Eigenvalues (eV), kp =   1 , spin =  1

  -14.79  -14.01  -14.01  -14.01  -14.01  -14.01  -14.01  -13.53  -13.53  -13.53
  -13.53  -13.53  -13.53  -13.53  -13.53  -13.53  -13.53  -13.53  -13.53  -13.47
  -13.47  -13.47  -13.47  -13.14  -13.14  -13.14  -13.11  -13.11  -13.11  -13.11
  -13.11  -13.11   -2.27   -2.27   -2.27   -2.27   -1.83   -1.83   -1.83   -1.15
   -1.15   -1.15   -1.15   -1.15   -1.15   -1.15   -1.15   -1.15   -1.15   -1.15
   -1.15   -0.69   -0.69   -0.69   -0.69   -0.69   -0.69   -0.69   -0.69   -0.69
   -0.69   -0.69   -0.69   -0.21   -0.21   -0.21   -0.21   -0.21   -0.21    0.33
    0.33    0.33    0.33    0.33    0.33    0.33    0.33    0.33    0.33    0.33
    0.33    0.63    0.63    0.63    0.63    0.63    0.63    1.02    1.02    1.02
    1.02    1.02    1.02    1.75    1.75    1.75    1.75    1.75    1.75    1.75
    1.75    1.75    1.75    1.75    1.75    1.87    1.87    1.87    1.87    1.87
    1.87    1.87    1.87    1.87    1.87    1.87    1.87    1.92    1.92    1.92
    1.92    1.92    1.92    1.92    1.92    2.46    2.46    2.46
 
   CELL_PARAMETERS
   15.91200000    0.00000000    0.00000000
    0.00000000   15.91200000    0.00000000
    0.00000000    0.00000000   15.91200000

   System Density [g/cm^3] :     3.2319


   Center of mass square displacement (a.u.):   0.000000

   Total stress (GPa)
        0.00000000         0.00000000         0.00000000
        0.00000000         0.00000000         0.00000000
        0.00000000         0.00000000         0.00000000
 
   ATOMIC_POSITIONS
   Mg   0.663000E-01  0.663000E-01  0.663000E-01
   Mg   0.404430E+01  0.404430E+01  0.663000E-01
   Mg   0.404430E+01  0.663000E-01  0.404430E+01
   Mg   0.663000E-01  0.404430E+01  0.404430E+01
   Mg   0.663000E-01  0.663000E-01  0.802230E+01
   Mg   0.404430E+01  0.404430E+01  0.802230E+01
   Mg   0.404430E+01  0.663000E-01  0.120003E+02
   Mg   0.663000E-01  0.404430E+01  0.120003E+02
   Mg   0.663000E-01  0.802230E+01  0.663000E-01
   Mg   0.404430E+01  0.120003E+02  0.663000E-01
   Mg   0.404430E+01  0.802230E+01  0.404430E+01
   Mg   0.663000E-01  0.120003E+02  0.404430E+01
   Mg   0.663000E-01  0.802230E+01  0.802230E+01
   Mg   0.404430E+01  0.120003E+02  0.802230E+01
   Mg   0.404430E+01  0.802230E+01  0.120003E+02
   Mg   0.663000E-01  0.120003E+02  0.120003E+02
   Mg   0.802230E+01  0.663000E-01  0.663000E-01
   Mg   0.120003E+02  0.404430E+01  0.663000E-01
   Mg   0.120003E+02  0.663000E-01  0.404430E+01
   Mg   0.802230E+01  0.404430E+01  0.404430E+01
   Mg   0.802230E+01  0.663000E-01  0.802230E+01
   Mg   0.120003E+02  0.404430E+01  0.802230E+01
   Mg   0.120003E+02  0.663000E-01  0.120003E+02
   Mg   0.802230E+01  0.404430E+01  0.120003E+02
   Mg   0.802230E+01  0.802230E+01  0.663000E-01
   Mg   0.120003E+02  0.120003E+02  0.663000E-01
   Mg   0.120003E+02  0.802230E+01  0.404430E+01
   Mg   0.802230E+01  0.120003E+02  0.404430E+01
   Mg   0.802230E+01  0.802230E+01  0.802230E+01
   Mg   0.120003E+02  0.120003E+02  0.802230E+01
   Mg   0.120003E+02  0.802230E+01  0.120003E+02
   Mg   0.802230E+01  0.120003E+02  0.120003E+02
   O    0.663000E-01  0.663000E-01  0.404430E+01
   O    0.404430E+01  0.404430E+01  0.404430E+01
   O    0.404430E+01  0.663000E-01  0.802230E+01
   O    0.663000E-01  0.404430E+01  0.802230E+01
   O    0.663000E-01  0.663000E-01  0.120003E+02
   O    0.404430E+01  0.404430E+01  0.120003E+02
   O    0.404430E+01  0.663000E-01  0.159783E+02
   O    0.663000E-01  0.404430E+01  0.159783E+02
   O    0.663000E-01  0.802230E+01  0.404430E+01
   O    0.404430E+01  0.120003E+02  0.404430E+01
   O    0.404430E+01  0.802230E+01  0.802230E+01
   O    0.663000E-01  0.120003E+02  0.802230E+01
   O    0.663000E-01  0.802230E+01  0.120003E+02
   O    0.404430E+01  0.120003E+02  0.120003E+02
   O    0.404430E+01  0.802230E+01  0.159783E+02
   O    0.663000E-01  0.120003E+02  0.159783E+02
   O    0.802230E+01  0.663000E-01  0.404430E+01
   O    0.120003E+02  0.404430E+01  0.404430E+01
   O    0.120003E+02  0.663000E-01  0.802230E+01
   O    0.802230E+01  0.404430E+01  0.802230E+01
   O    0.802230E+01  0.663000E-01  0.120003E+02
   O    0.120003E+02  0.404430E+01  0.120003E+02
   O    0.120003E+02  0.663000E-01  0.159783E+02
   O    0.802230E+01  0.404430E+01  0.159783E+02
   O    0.802230E+01  0.802230E+01  0.404430E+01
   O    0.120003E+02  0.120003E+02  0.404430E+01
   O    0.120003E+02  0.802230E+01  0.802230E+01
   O    0.802230E+01  0.120003E+02  0.802230E+01
   O    0.802230E+01  0.802230E+01  0.120003E+02
   O    0.120003E+02  0.120003E+02  0.120003E+02
   O    0.120003E+02  0.802230E+01  0.159783E+02
   O    0.802230E+01  0.120003E+02  0.159783E+02
 
   ATOMIC_VELOCITIES
   Mg   0.000000E+00  0.000000E+00  0.000000E+00
   Mg   0.000000E+00  0.000000E+00  0.000000E+00
   Mg   0.000000E+00  0.000000E+00  0.000000E+00
   Mg   0.000000E+00  0.000000E+00  0.000000E+00
   Mg   0.000000E+00  0.000000E+00  0.000000E+00
   Mg   0.000000E+00  0.000000E+00  0.000000E+00
   Mg   0.000000E+00  0.000000E+00  0.000000E+00
   Mg   0.000000E+00  0.000000E+00  0.000000E+00
   Mg   0.000000E+00  0.000000E+00  0.000000E+00
   Mg   0.000000E+00  0.000000E+00  0.000000E+00
   Mg   0.000000E+00  0.000000E+00  0.000000E+00
   Mg   0.000000E+00  0.000000E+00  0.000000E+00
   Mg   0.000000E+00  0.000000E+00  0.000000E+00
   Mg   0.000000E+00  0.000000E+00  0.000000E+00
   Mg   0.000000E+00  0.000000E+00  0.000000E+00
   Mg   0.000000E+00  0.000000E+00  0.000000E+00
   Mg   0.000000E+00  0.000000E+00  0.000000E+00
   Mg   0.000000E+00  0.000000E+00  0.000000E+00
   Mg   0.000000E+00  0.000000E+00  0.000000E+00
   Mg   0.000000E+00  0.000000E+00  0.000000E+00
   Mg   0.000000E+00  0.000000E+00  0.000000E+00
   Mg   0.000000E+00  0.000000E+00  0.000000E+00
   Mg   0.000000E+00  0.000000E+00  0.000000E+00
   Mg   0.000000E+00  0.000000E+00  0.000000E+00
   Mg   0.000000E+00  0.000000E+00  0.000000E+00
   Mg   0.000000E+00  0.000000E+00  0.000000E+00
   Mg   0.000000E+00  0.000000E+00  0.000000E+00
   Mg   0.000000E+00  0.000000E+00  0.000000E+00
   Mg   0.000000E+00  0.000000E+00  0.000000E+00
   Mg   0.000000E+00  0.000000E+00  0.000000E+00
   Mg   0.000000E+00  0.000000E+00  0.000000E+00
   Mg   0.000000E+00  0.000000E+00  0.000000E+00
   O    0.000000E+00  0.000000E+00  0.000000E+00
   O    0.000000E+00  0.000000E+00  0.000000E+00
   O    0.000000E+00  0.000000E+00  0.000000E+00
   O    0.000000E+00  0.000000E+00  0.000000E+00
   O    0.000000E+00  0.000000E+00  0.000000E+00
   O    0.000000E+00  0.000000E+00  0.000000E+00
   O    0.000000E+00  0.000000E+00  0.000000E+00
   O    0.000000E+00  0.000000E+00  0.000000E+00
   O    0.000000E+00  0.000000E+00  0.000000E+00
   O    0.000000E+00  0.000000E+00  0.000000E+00
   O    0.000000E+00  0.000000E+00  0.000000E+00
   O    0.000000E+00  0.000000E+00  0.000000E+00
   O    0.000000E+00  0.000000E+00  0.000000E+00
   O    0.000000E+00  0.000000E+00  0.000000E+00
   O    0.000000E+00  0.000000E+00  0.000000E+00
   O    0.000000E+00  0.000000E+00  0.000000E+00
   O    0.000000E+00  0.000000E+00  0.000000E+00
   O    0.000000E+00  0.000000E+00  0.000000E+00
   O    0.000000E+00  0.000000E+00  0.000000E+00
   O    0.000000E+00  0.000000E+00  0.000000E+00
   O    0.000000E+00  0.000000E+00  0.000000E+00
   O    0.000000E+00  0.000000E+00  0.000000E+00
   O    0.000000E+00  0.000000E+00  0.000000E+00
   O    0.000000E+00  0.000000E+00  0.000000E+00
   O    0.000000E+00  0.000000E+00  0.000000E+00
   O    0.000000E+00  0.000000E+00  0.000000E+00
   O    0.000000E+00  0.000000E+00  0.000000E+00
   O    0.000000E+00  0.000000E+00  0.000000E+00
   O    0.000000E+00  0.000000E+00  0.000000E+00
   O    0.000000E+00  0.000000E+00  0.000000E+00
   O    0.000000E+00  0.000000E+00  0.000000E+00
   O    0.000000E+00  0.000000E+00  0.000000E+00
 
   Forces acting on atoms (au):
   Mg   0.247035E-04  0.247029E-04  0.198669E-02
   Mg   0.247062E-04  0.247081E-04  0.198668E-02
   Mg   0.246990E-04  0.247035E-04  0.198669E-02
   Mg   0.247018E-04  0.247003E-04  0.198668E-02
   Mg   0.247048E-04  0.247022E-04  0.198668E-02
   Mg   0.247098E-04  0.247090E-04  0.198669E-02
   Mg   0.247009E-04  0.247046E-04  0.198669E-02
   Mg   0.247030E-04  0.246996E-04  0.198669E-02
   Mg   0.247040E-04  0.247053E-04  0.198669E-02
   Mg   0.247064E-04  0.247000E-04  0.198668E-02
   Mg   0.246988E-04  0.247046E-04  0.198669E-02
   Mg   0.247059E-04  0.247079E-04  0.198668E-02
   Mg   0.247057E-04  0.247060E-04  0.198668E-02
   Mg   0.247099E-04  0.246992E-04  0.198669E-02
   Mg   0.246999E-04  0.247036E-04  0.198669E-02
   Mg   0.247039E-04  0.247085E-04  0.198669E-02
   Mg   0.247047E-04  0.247027E-04  0.198669E-02
   Mg   0.247020E-04  0.247076E-04  0.198668E-02
   Mg   0.247092E-04  0.247078E-04  0.198668E-02
   Mg   0.247065E-04  0.247001E-04  0.198669E-02
   Mg   0.247033E-04  0.247022E-04  0.198668E-02
   Mg   0.246984E-04  0.247082E-04  0.198669E-02
   Mg   0.247073E-04  0.247054E-04  0.198669E-02
   Mg   0.247051E-04  0.246986E-04  0.198668E-02
   Mg   0.247041E-04  0.247055E-04  0.198669E-02
   Mg   0.247018E-04  0.247007E-04  0.198668E-02
   Mg   0.247093E-04  0.247005E-04  0.198668E-02
   Mg   0.247023E-04  0.247082E-04  0.198669E-02
   Mg   0.247024E-04  0.247061E-04  0.198668E-02
   Mg   0.246983E-04  0.247001E-04  0.198669E-02
   Mg   0.247082E-04  0.247028E-04  0.198669E-02
   Mg   0.247043E-04  0.247095E-04  0.198668E-02
   O   -0.470349E-04 -0.470347E-04 -0.200927E-02
   O   -0.470354E-04 -0.470344E-04 -0.200927E-02
   O   -0.470339E-04 -0.470362E-04 -0.200927E-02
   O   -0.470350E-04 -0.470345E-04 -0.200927E-02
   O   -0.470350E-04 -0.470352E-04 -0.200927E-02
   O   -0.470345E-04 -0.470350E-04 -0.200927E-02
   O   -0.470362E-04 -0.470356E-04 -0.200927E-02
   O   -0.470358E-04 -0.470351E-04 -0.200927E-02
   O   -0.470344E-04 -0.470348E-04 -0.200927E-02
   O   -0.470355E-04 -0.470350E-04 -0.200927E-02
   O   -0.470343E-04 -0.470331E-04 -0.200927E-02
   O   -0.470333E-04 -0.470348E-04 -0.200927E-02
   O   -0.470346E-04 -0.470343E-04 -0.200927E-02
   O   -0.470343E-04 -0.470342E-04 -0.200927E-02
   O   -0.470365E-04 -0.470338E-04 -0.200927E-02
   O   -0.470344E-04 -0.470344E-04 -0.200927E-02
   O   -0.470346E-04 -0.470347E-04 -0.200927E-02
   O   -0.470337E-04 -0.470348E-04 -0.200927E-02
   O   -0.470356E-04 -0.470343E-04 -0.200927E-02
   O   -0.470343E-04 -0.470348E-04 -0.200927E-02
   O   -0.470345E-04 -0.470352E-04 -0.200927E-02
   O   -0.470349E-04 -0.470355E-04 -0.200927E-02
   O   -0.470335E-04 -0.470343E-04 -0.200927E-02
   O   -0.470335E-04 -0.470354E-04 -0.200927E-02
   O   -0.470349E-04 -0.470346E-04 -0.200927E-02
   O   -0.470338E-04 -0.470342E-04 -0.200927E-02
   O   -0.470353E-04 -0.470350E-04 -0.200927E-02
   O   -0.470360E-04 -0.470345E-04 -0.200927E-02
   O   -0.470350E-04 -0.470343E-04 -0.200927E-02
   O   -0.470350E-04 -0.470340E-04 -0.200927E-02
   O   -0.470330E-04 -0.470351E-04 -0.200927E-02
   O   -0.470350E-04 -0.470339E-04 -0.200927E-02


   Partial temperatures (for each ionic specie) 
   Species  Temp (K)   Mean Square Displacement (a.u.)
        1       0.00     0.0000
        2       0.00     0.0000
 
  nfi    ekinc  temph  tempp        etot      enthal       econs       econt    vnhh   xnhh0    vnhp   xnhp0
 
       nfi   tempp            E -T.S-mu.nbsp         +K_p #Iter
Step     2       0   -547.28628   -547.28628   -547.28628    16
  Elct. dipole   15.415240  Ionic dipole    1.060800


              averaged quantities :
         ekinc          ekin          epot          etot     tempp
       0.00000     235.43101    -891.54167    -547.27818       0.0
     initialize   :     6.59s CPU
     total_time   :   451.25s CPU
     formf        :     0.28s CPU
     rhoofr       :    36.58s CPU (      32 calls,   1.143 s avg)
     vofrho       :    37.47s CPU (      31 calls,   1.209 s avg)
     dforce       :    42.11s CPU (    1024 calls,   0.041 s avg)
     gram         :    48.53s CPU (      31 calls,   1.565 s avg)
     newd         :    77.02s CPU (      16 calls,   4.814 s avg)
     calbec       :    36.23s CPU (     140 calls,   0.259 s avg)
     prefor       :     0.51s CPU (      17 calls,   0.030 s avg)
     strucf       :     0.13s CPU (       2 calls,   0.065 s avg)
     nlfl         :     0.04s CPU
     nlfq         :     0.71s CPU
     set_cc       :     4.69s CPU (      32 calls,   0.147 s avg)
     rhov         :     9.35s CPU (      32 calls,   0.292 s avg)
     nlsm1        :    36.23s CPU (     140 calls,   0.259 s avg)
     nlsm2        :     0.69s CPU
     forcecc      :     9.57s CPU (      31 calls,   0.309 s avg)
     fft          :    13.12s CPU (     157 calls,   0.084 s avg)
     ffts         :     1.18s CPU (      63 calls,   0.019 s avg)
     fftw         :    33.89s CPU (    4096 calls,   0.008 s avg)
     fftb         :    54.42s CPU (   12496 calls,   0.004 s avg)

   writing restart file: .//mgo_50.save
   restart file written in    5.179 sec.



======================== end cp ========================


 
     CP           :  7m43.10s CPU time

 
   This run was terminated on:   5:35:36  10Nov2005            

=------------------------------------------------------------------------------=
   ELAPSED SECONDS:   465.0
   JOB DONE.
=------------------------------------------------------------------------------=

   MEMORY STATISTICS FROM PE(1) : 
