=------------------------------------------------------------------------------=

     CP: variable-cell Car-Parrinello molecular dynamics
     using norm-conserving and ultrasoft Vanderbilt pseudopotentials

     Version: 3.2cvs - Fri Oct 6 02:32:59 CEST 2006                       
     Authors: Alfredo Pasquarello, Kari Laasonen, Andrea Trave, Roberto Car,
       Paolo Giannozzi, Nicola Marzari, Carlo Cavazzoni, Guido Chiarotti,
       Sandro Scandolo, Paolo Focher, Gerardo Ballabio, and others

=------------------------------------------------------------------------------=

   This run was started on:   6:19:28  17Oct2006               

   Serial Build
Warning: card &CELL ignored
Warning: card   CELL_DYNAMICS = 'NONE', ignored
Warning: card / ignored

   Job Title: MD Simulation


   Atomic Pseudopotentials Parameters
   ----------------------------------

   Reading pseudopotential for specie #  1 from file :
   /scr/giannozz/espresso/pseudo/O.pz-rrkjus.UPF
   file type is 20: UPF

   Reading pseudopotential for specie #  2 from file :
   /scr/giannozz/espresso/pseudo/Mg.pz-n-vbc.UPF
   file type is 20: UPF


   Main Simulation Parameters (from input)
   ---------------------------------------
   Restart Mode       =       1   restart        
   Number of MD Steps =      20
   Print out every          100 MD Steps
   Reads from unit    =      50
   Writes to unit     =      50
   MD Simulation time step            =      10.00
   Electronic fictitious mass (emass) =     250.00
   emass cut-off                      =       3.00

   Simulation Cell Parameters (from input)
   external pressure       =            0.00 [GPa]
   wmass (calculated)      =         8865.47 [AU]
   ibrav =    1
   alat  =    15.91200000
   a1    =    15.91200000    0.00000000    0.00000000
   a2    =     0.00000000   15.91200000    0.00000000
   a3    =     0.00000000    0.00000000   15.91200000
 
   b1    =     0.06284565    0.00000000    0.00000000
   b2    =     0.00000000    0.06284565    0.00000000
   b3    =     0.00000000    0.00000000    0.06284565
   omega =  4028.78703053

   Energy Cut-offs
   ---------------
   Ecutwfc =   20.0 Ryd.,    Ecutrho =  160.0 Ryd.,    Ecuts =   80.0 Ryd.
   Gcutwfc =   11.3     ,    Gcutrho =   32.0          Gcuts =   22.7
   NOTA BENE: refg, mmx =   0.050000  3840
   Eigenvalues calculated without the kinetic term contribution
   Orthog. with lagrange multipliers : eps =   0.10E-07,  max =  30
   verlet algorithm for electron dynamics
   with friction frice =  0.0500 , grease =  1.0000
   Electron dynamics : the temperature is not controlled
   initial random displacement of el. coordinates with  amplitude=  0.020000

   Electronic states
   -----------------
   Number of Electron =   256, of States =   128
   Occupation numbers :
   2.00 2.00 2.00 2.00 2.00 2.00 2.00 2.00 2.00 2.00
   2.00 2.00 2.00 2.00 2.00 2.00 2.00 2.00 2.00 2.00
   2.00 2.00 2.00 2.00 2.00 2.00 2.00 2.00 2.00 2.00
   2.00 2.00 2.00 2.00 2.00 2.00 2.00 2.00 2.00 2.00
   2.00 2.00 2.00 2.00 2.00 2.00 2.00 2.00 2.00 2.00
   2.00 2.00 2.00 2.00 2.00 2.00 2.00 2.00 2.00 2.00
   2.00 2.00 2.00 2.00 2.00 2.00 2.00 2.00 2.00 2.00
   2.00 2.00 2.00 2.00 2.00 2.00 2.00 2.00 2.00 2.00
   2.00 2.00 2.00 2.00 2.00 2.00 2.00 2.00 2.00 2.00
   2.00 2.00 2.00 2.00 2.00 2.00 2.00 2.00 2.00 2.00
   2.00 2.00 2.00 2.00 2.00 2.00 2.00 2.00 2.00 2.00
   2.00 2.00 2.00 2.00 2.00 2.00 2.00 2.00 2.00 2.00
   2.00 2.00 2.00 2.00 2.00 2.00 2.00 2.00


   Exchange and correlations functionals
   -------------------------------------
   Using Local Density Approximation with
     Exchange functional: SLATER                                                      
     Correlation functional: PERDEW AND ZUNGER                                           
     Exchange-correlation      =  SLA  PZ   NOGX NOGC (1100)


   Ions Simulation Parameters
   --------------------------
   Ions are allowed to move
   Ions dynamics with newton equations
   the temperature is computed for   192 degrees of freedom
   ion dynamics with fricp =  0.0000 and greasp =  1.0000
   Ionic position (from input)
   sorted by specie, and converted to real a.u. coordinates
   Species   1 atoms =   32 mass =      1822.89 (a.u.),         1.00 (amu) rcmax =   0.50 (a.u.)
        0.066300     0.066300     4.044300
        4.044300     4.044300     4.044300
        4.044300     0.066300     8.022300
        0.066300     4.044300     8.022300
        0.066300     0.066300    12.000300
        4.044300     4.044300    12.000300
        4.044300     0.066300    15.978300
        0.066300     4.044300    15.978300
        0.066300     8.022300     4.044300
        4.044300    12.000300     4.044300
        4.044300     8.022300     8.022300
        0.066300    12.000300     8.022300
        0.066300     8.022300    12.000300
        4.044300    12.000300    12.000300
        4.044300     8.022300    15.978300
        0.066300    12.000300    15.978300
        8.022300     0.066300     4.044300
       12.000300     4.044300     4.044300
       12.000300     0.066300     8.022300
        8.022300     4.044300     8.022300
        8.022300     0.066300    12.000300
       12.000300     4.044300    12.000300
       12.000300     0.066300    15.978300
        8.022300     4.044300    15.978300
        8.022300     8.022300     4.044300
       12.000300    12.000300     4.044300
       12.000300     8.022300     8.022300
        8.022300    12.000300     8.022300
        8.022300     8.022300    12.000300
       12.000300    12.000300    12.000300
       12.000300     8.022300    15.978300
        8.022300    12.000300    15.978300
   Species   2 atoms =   32 mass =      1822.89 (a.u.),         1.00 (amu) rcmax =   0.50 (a.u.)
        0.066300     0.066300     0.066300
        4.044300     4.044300     0.066300
        4.044300     0.066300     4.044300
        0.066300     4.044300     4.044300
        0.066300     0.066300     8.022300
        4.044300     4.044300     8.022300
        4.044300     0.066300    12.000300
        0.066300     4.044300    12.000300
        0.066300     8.022300     0.066300
        4.044300    12.000300     0.066300
        4.044300     8.022300     4.044300
        0.066300    12.000300     4.044300
        0.066300     8.022300     8.022300
        4.044300    12.000300     8.022300
        4.044300     8.022300    12.000300
        0.066300    12.000300    12.000300
        8.022300     0.066300     0.066300
       12.000300     4.044300     0.066300
       12.000300     0.066300     4.044300
        8.022300     4.044300     4.044300
        8.022300     0.066300     8.022300
       12.000300     4.044300     8.022300
       12.000300     0.066300    12.000300
        8.022300     4.044300    12.000300
        8.022300     8.022300     0.066300
       12.000300    12.000300     0.066300
       12.000300     8.022300     4.044300
        8.022300    12.000300     4.044300
        8.022300     8.022300     8.022300
       12.000300    12.000300     8.022300
       12.000300     8.022300    12.000300
        8.022300    12.000300    12.000300
   Ionic position will be re-read from restart file

   All atoms are allowed to move
   Ionic temperature is not controlled


   Cell Dynamics Parameters (from STDIN)
   -------------------------------------
   Starting cell generated from CELLDM
   Cell parameters will be re-read from restart file
   Constant VOLUME Molecular dynamics
   cell parameters are not allowed to move

    =====================================
    |  BERRY PHASE ELECTRIC FIELD 1        
    =====================================
    | direction    =         3            
    | intensity    =   0.00100 a.u.     
    =====================================

   Verbosity: iprsta =  1



   Simulation dimensions initialization
   ------------------------------------

   unit vectors of full simulation cell
   in real space:                         in reciprocal space (units 2pi/alat):
   1    15.9120    0.0000    0.0000              1.0000    0.0000    0.0000
   2     0.0000   15.9120    0.0000              0.0000    1.0000    0.0000
   3     0.0000    0.0000   15.9120              0.0000    0.0000    1.0000
 
   Stick Mesh
   ----------
   nst =  1617,  nstw =   203, nsts =   805
        PEs    n.st   n.stw   n.sts    n.g    n.gw   n.gs
          1    3233     405    1609  137929    6043   48693
          0    3233     405    1609  137929    6043   48693
 
 
   Real Mesh
   ---------
   Global Dimensions   Local  Dimensions   Processor Grid
   .X.   .Y.   .Z.     .X.   .Y.   .Z.     .X.   .Y.   .Z.
    72    72    72      72    72    72       1     1     1
   Array leading dimensions ( nr1x, nr2x, nr3x )   =     72    72    72
   Local number of cell to store the grid ( nnrx ) =     373248
   Number of x-y planes for each processors: 
   nr3l =    72
 
   Smooth Real Mesh
   ----------------
   Global Dimensions   Local  Dimensions   Processor Grid
   .X.   .Y.   .Z.     .X.   .Y.   .Z.     .X.   .Y.   .Z.
    45    45    45      45    45    45       1     1     1
   Array leading dimensions ( nr1x, nr2x, nr3x )   =     45    45    45
   Local number of cell to store the grid ( nnrx ) =      91125
   Number of x-y planes for each processors: 
   nr3sl =    45
 
   Small Box Real Mesh
   -------------------
   Global Dimensions   Local  Dimensions   Processor Grid
   .X.   .Y.   .Z.     .X.   .Y.   .Z.     .X.   .Y.   .Z.
    30    30    30      30    30    30       1     1     1
   Array leading dimensions ( nr1x, nr2x, nr3x )   =     30    30    30
   Local number of cell to store the grid ( nnrx ) =      27000
 
   unit vectors of box grid cell
   in real space:                         in reciprocal space:
       6.6300    0.0000    0.0000              1.0000    0.0000    0.0000
       0.0000    6.6300    0.0000              0.0000    1.0000    0.0000
       0.0000    0.0000    6.6300              0.0000    0.0000    1.0000
 
   Reciprocal Space Mesh
   ---------------------
                Large Mesh
   PE   Global(ngmt)     Local(ngm) MaxLocal(ngmx)
    1          68965          68965          68965
                Smooth Mesh
   PE   Global(ngst)     Local(ngs) MaxLocal(ngsx)
    1          24347          24347          24347
                Wave function Mesh
   PE   Global(ngwt)     Local(ngw) MaxLocal(ngwx)
    1           3022           3022           3022

                Small box Mesh
   ngb =         4970 not distributed to processors


   System geometry initialization
   ------------------------------

   Scaled atomic positions                                from standard input
   Species   1 atoms =   32
    O       0.004167     0.004167     0.254167
    O       0.254167     0.254167     0.254167
    O       0.254167     0.004167     0.504167
    O       0.004167     0.254167     0.504167
    O       0.004167     0.004167     0.754167
    O       0.254167     0.254167     0.754167
    O       0.254167     0.004167     1.004167
    O       0.004167     0.254167     1.004167
    O       0.004167     0.504167     0.254167
    O       0.254167     0.754167     0.254167
    O       0.254167     0.504167     0.504167
    O       0.004167     0.754167     0.504167
    O       0.004167     0.504167     0.754167
    O       0.254167     0.754167     0.754167
    O       0.254167     0.504167     1.004167
    O       0.004167     0.754167     1.004167
    O       0.504167     0.004167     0.254167
    O       0.754167     0.254167     0.254167
    O       0.754167     0.004167     0.504167
    O       0.504167     0.254167     0.504167
    O       0.504167     0.004167     0.754167
    O       0.754167     0.254167     0.754167
    O       0.754167     0.004167     1.004167
    O       0.504167     0.254167     1.004167
    O       0.504167     0.504167     0.254167
    O       0.754167     0.754167     0.254167
    O       0.754167     0.504167     0.504167
    O       0.504167     0.754167     0.504167
    O       0.504167     0.504167     0.754167
    O       0.754167     0.754167     0.754167
    O       0.754167     0.504167     1.004167
    O       0.504167     0.754167     1.004167
   Species   2 atoms =   32
    Mg      0.004167     0.004167     0.004167
    Mg      0.254167     0.254167     0.004167
    Mg      0.254167     0.004167     0.254167
    Mg      0.004167     0.254167     0.254167
    Mg      0.004167     0.004167     0.504167
    Mg      0.254167     0.254167     0.504167
    Mg      0.254167     0.004167     0.754167
    Mg      0.004167     0.254167     0.754167
    Mg      0.004167     0.504167     0.004167
    Mg      0.254167     0.754167     0.004167
    Mg      0.254167     0.504167     0.254167
    Mg      0.004167     0.754167     0.254167
    Mg      0.004167     0.504167     0.504167
    Mg      0.254167     0.754167     0.504167
    Mg      0.254167     0.504167     0.754167
    Mg      0.004167     0.754167     0.754167
    Mg      0.504167     0.004167     0.004167
    Mg      0.754167     0.254167     0.004167
    Mg      0.754167     0.004167     0.254167
    Mg      0.504167     0.254167     0.254167
    Mg      0.504167     0.004167     0.504167
    Mg      0.754167     0.254167     0.504167
    Mg      0.754167     0.004167     0.754167
    Mg      0.504167     0.254167     0.754167
    Mg      0.504167     0.504167     0.004167
    Mg      0.754167     0.754167     0.004167
    Mg      0.754167     0.504167     0.254167
    Mg      0.504167     0.754167     0.254167
    Mg      0.504167     0.504167     0.504167
    Mg      0.754167     0.754167     0.504167
    Mg      0.754167     0.504167     0.754167
    Mg      0.504167     0.754167     0.754167
   ibrav =    1       cell parameters 

      15.91200       0.00000       0.00000
       0.00000      15.91200       0.00000
       0.00000       0.00000      15.91200
 


   Pseudopotentials initialization
   -------------------------------
  nlinit  nh(is), ngb, is, kkbeta, lmaxq =            8        4970           1
         865           3
 
                        qqq 
  -0.0987   0.4865   0.0000   0.0000
   0.4865  -2.1787   0.0000   0.0000
   0.0000   0.0000   0.2330   0.2950
   0.0000   0.0000   0.2950   0.3737
 


   Common initialization

   Specie:     1
   1  indv=  1   ang. mom=  0
   2  indv=  2   ang. mom=  0
   3  indv=  3   ang. mom=  1
   4  indv=  3   ang. mom=  1
   5  indv=  3   ang. mom=  1
   6  indv=  4   ang. mom=  1
   7  indv=  4   ang. mom=  1
   8  indv=  4   ang. mom=  1
 
                        dion 
   0.4817  -1.2813   0.0000   0.0000
  -1.2813   2.3075   0.0000   0.0000
   0.0000   0.0000   0.6338   0.8752
   0.0000   0.0000   0.8752   1.2039

   Specie:     2
   1  indv=  1   ang. mom=  0
   2  indv=  2   ang. mom=  1
   3  indv=  2   ang. mom=  1
   4  indv=  2   ang. mom=  1
 
                        dion 
   3.2181   0.0000
   0.0000  12.0575
 
   Short Legend and Physical Units in the Output
   ---------------------------------------------
   NFI    [int]          - step index
   EKINC  [HARTREE A.U.] - kinetic energy of the fictitious electronic dynamics
   TEMPH  [K]            - Temperature of the fictitious cell dynamics
   TEMP   [K]            - Ionic temperature
   ETOT   [HARTREE A.U.] - Scf total energy (Kohn-Sham hamiltonian)
   ENTHAL [HARTREE A.U.] - Enthalpy ( ETOT + P * V )
   ECONS  [HARTREE A.U.] - Enthalpy + kinetic energy of ions and cell
   ECONT  [HARTREE A.U.] - Constant of motion for the CP lagrangian
 
   ortho mmul, time for serial driver =   0.00279
   ortho mmul, best time for paralle driver =   0.00279 with    1 procs
   ortho diag, time for parallel and serial driver =   0.02834  0.01992

   reading restart file: /scr/giannozz/tmp//mgo_50.save
   restart file read in    0.204 sec.

 nprint_nfi=           -2
 nprint_nfi=            2

   formf: eself=1021.29224
   formf:     vps(g=0)=  -0.0002527     rhops(g=0)=  -0.0014893
   formf: sum_g vps(g)=   1.0836538 sum_g rhops(g)=  -4.2308845
   formf:     vps(g=0)=   0.0012432     rhops(g=0)=  -0.0004964
   formf: sum_g vps(g)=   1.6241241 sum_g rhops(g)=  -1.4102948
Initialize Berry phase electric field
 #not found, gtable:    405.000000000000     
 #not found, gtabin:    405.000000000000     
 
  nfi    ekinc  temph  tempp        etot      enthal       econs       econt    vnhh   xnhh0    vnhp   xnhp0
    3  0.00000    0.0    0.0  -547.29392  -547.27745  -547.27745  -547.27745  0.0000  0.0000  0.0000  0.0000
Elct. dipole 1   15.415235  Ionic dipole 1    1.060800
    4  0.00000    0.0    0.0  -547.29393  -547.27746  -547.27745  -547.27745  0.0000  0.0000  0.0000  0.0000
Elct. dipole 1   15.421352  Ionic dipole 1    1.047746
    5  0.00001    0.0    0.1  -547.29395  -547.27748  -547.27746  -547.27745  0.0000  0.0000  0.0000  0.0000
Elct. dipole 1   15.444437  Ionic dipole 1    1.025551
    6  0.00003    0.0    0.1  -547.29398  -547.27749  -547.27745  -547.27743  0.0000  0.0000  0.0000  0.0000
Elct. dipole 1   15.492300  Ionic dipole 1    0.998010
    7  0.00003    0.0    0.2  -547.29401  -547.27749  -547.27743  -547.27740  0.0000  0.0000  0.0000  0.0000
Elct. dipole 1   15.562243  Ionic dipole 1    0.963225
    8  0.00003    0.0    0.3  -547.29406  -547.27749  -547.27740  -547.27737  0.0000  0.0000  0.0000  0.0000
Elct. dipole 1   15.647962  Ionic dipole 1    0.918195
    9  0.00005    0.0    0.4  -547.29411  -547.27749  -547.27737  -547.27732  0.0000  0.0000  0.0000  0.0000
Elct. dipole 1   15.749135  Ionic dipole 1    0.863603
   10  0.00007    0.0    0.5  -547.29415  -547.27747  -547.27733  -547.27726  0.0000  0.0000  0.0000  0.0000
Elct. dipole 1   15.869688  Ionic dipole 1    0.802914
   11  0.00009    0.0    0.5  -547.26237  -547.27745  -547.27728  -547.27719  0.0000  0.0000  0.0000  0.0000
Elct. dipole 1  -15.815029  Ionic dipole 1    0.737765
   12  0.00009    0.0    0.7  -547.26243  -547.27743  -547.27723  -547.27714  0.0000  0.0000  0.0000  0.0000
Elct. dipole 1  -15.664188  Ionic dipole 1    0.666497
   13  0.00010    0.0    0.8  -547.26250  -547.27742  -547.27718  -547.27708  0.0000  0.0000  0.0000  0.0000
Elct. dipole 1  -15.507768  Ionic dipole 1    0.587444
   14  0.00011    0.0    0.9  -547.26255  -547.27740  -547.27712  -547.27701  0.0000  0.0000  0.0000  0.0000
Elct. dipole 1  -15.344551  Ionic dipole 1    0.501898
   15  0.00014    0.0    1.0  -547.26262  -547.27737  -547.27708  -547.27695  0.0000  0.0000  0.0000  0.0000
Elct. dipole 1  -15.170046  Ionic dipole 1    0.412692
   16  0.00015    0.0    1.0  -547.26267  -547.27733  -547.27702  -547.27687  0.0000  0.0000  0.0000  0.0000
Elct. dipole 1  -14.984174  Ionic dipole 1    0.320884
   17  0.00015    0.0    1.1  -547.26273  -547.27730  -547.27695  -547.27681  0.0000  0.0000  0.0000  0.0000
Elct. dipole 1  -14.791920  Ionic dipole 1    0.225303
   18  0.00015    0.0    1.2  -547.26279  -547.27726  -547.27689  -547.27674  0.0000  0.0000  0.0000  0.0000
Elct. dipole 1  -14.596880  Ionic dipole 1    0.125202
   19  0.00016    0.0    1.3  -547.26284  -547.27722  -547.27683  -547.27667  0.0000  0.0000  0.0000  0.0000
Elct. dipole 1  -14.397395  Ionic dipole 1    0.021972
   20  0.00017    0.0    1.3  -547.26290  -547.27717  -547.27678  -547.27661  0.0000  0.0000  0.0000  0.0000
Elct. dipole 1  -14.190391  Ionic dipole 1   -0.082313
   21  0.00017    0.0    1.3  -547.26295  -547.27711  -547.27671  -547.27654  0.0000  0.0000  0.0000  0.0000
Elct. dipole 1  -13.976963  Ionic dipole 1   -0.187117

 * Physical Quantities at step:    22
 


                total energy =     -547.26299 Hartree a.u.
              kinetic energy =      235.43259 Hartree a.u.
        electrostatic energy =     -733.49452 Hartree a.u.
                         esr =        0.00000 Hartree a.u.
                       eself =     1021.29224 Hartree a.u.
      pseudopotential energy =      -23.20517 Hartree a.u.
  n-l pseudopotential energy =      108.84211 Hartree a.u.
 exchange-correlation energy =     -134.85206 Hartree a.u.
           average potential =        0.00000 Hartree a.u.



   Eigenvalues (eV), kp =   1 , spin =  1

  -13.20  -12.42  -12.42  -12.42  -12.42  -12.42  -12.42  -11.95  -11.95  -11.95
  -11.95  -11.95  -11.95  -11.95  -11.95  -11.95  -11.95  -11.95  -11.95  -11.88
  -11.88  -11.88  -11.88  -11.55  -11.55  -11.55  -11.52  -11.52  -11.52  -11.52
  -11.52  -11.52   -0.68   -0.68   -0.68   -0.68   -0.24   -0.24   -0.24    0.44
    0.44    0.44    0.44    0.44    0.44    0.44    0.44    0.44    0.44    0.44
    0.44    0.90    0.90    0.90    0.90    0.90    0.90    0.90    0.90    0.90
    0.90    0.90    0.90    1.38    1.38    1.38    1.38    1.38    1.38    1.92
    1.92    1.92    1.92    1.92    1.92    1.92    1.92    1.92    1.92    1.92
    1.92    2.22    2.22    2.22    2.22    2.22    2.22    2.61    2.61    2.61
    2.61    2.61    2.61    3.34    3.34    3.34    3.34    3.34    3.34    3.34
    3.34    3.34    3.34    3.34    3.34    3.46    3.46    3.46    3.46    3.46
    3.46    3.46    3.46    3.46    3.46    3.46    3.46    3.51    3.51    3.51
    3.51    3.51    3.51    3.51    3.51    4.04    4.04    4.04
 
   Allocated memory (kb) =      1852
 
   CELL_PARAMETERS
   15.91200000    0.00000000    0.00000000
    0.00000000   15.91200000    0.00000000
    0.00000000    0.00000000   15.91200000

   System Density [g/cm^3] :     0.1780


   Center of mass square displacement (a.u.):   0.453232

   Total stress (GPa)
        0.00000000         0.00000000         0.00000000
        0.00000000         0.00000000         0.00000000
        0.00000000         0.00000000         0.00000000
   ATOMIC_POSITIONS
   Mg   0.664900E-01  0.664900E-01  0.768785E-01
   Mg   0.404449E+01  0.404449E+01  0.768785E-01
   Mg   0.404449E+01  0.664900E-01  0.405488E+01
   Mg   0.664900E-01  0.404449E+01  0.405488E+01
   Mg   0.664900E-01  0.664900E-01  0.803288E+01
   Mg   0.404449E+01  0.404449E+01  0.803288E+01
   Mg   0.404449E+01  0.664900E-01  0.120109E+02
   Mg   0.664900E-01  0.404449E+01  0.120109E+02
   Mg   0.664900E-01  0.802249E+01  0.768785E-01
   Mg   0.404449E+01  0.120005E+02  0.768785E-01
   Mg   0.404449E+01  0.802249E+01  0.405488E+01
   Mg   0.664900E-01  0.120005E+02  0.405488E+01
   Mg   0.664900E-01  0.802249E+01  0.803288E+01
   Mg   0.404449E+01  0.120005E+02  0.803288E+01
   Mg   0.404449E+01  0.802249E+01  0.120109E+02
   Mg   0.664900E-01  0.120005E+02  0.120109E+02
   Mg   0.802249E+01  0.664900E-01  0.768785E-01
   Mg   0.120005E+02  0.404449E+01  0.768785E-01
   Mg   0.120005E+02  0.664900E-01  0.405488E+01
   Mg   0.802249E+01  0.404449E+01  0.405488E+01
   Mg   0.802249E+01  0.664900E-01  0.803288E+01
   Mg   0.120005E+02  0.404449E+01  0.803288E+01
   Mg   0.120005E+02  0.664900E-01  0.120109E+02
   Mg   0.802249E+01  0.404449E+01  0.120109E+02
   Mg   0.802249E+01  0.802249E+01  0.768785E-01
   Mg   0.120005E+02  0.120005E+02  0.768785E-01
   Mg   0.120005E+02  0.802249E+01  0.405488E+01
   Mg   0.802249E+01  0.120005E+02  0.405488E+01
   Mg   0.802249E+01  0.802249E+01  0.803288E+01
   Mg   0.120005E+02  0.120005E+02  0.803288E+01
   Mg   0.120005E+02  0.802249E+01  0.120109E+02
   Mg   0.802249E+01  0.120005E+02  0.120109E+02
   O    0.661100E-01  0.661100E-01  0.403372E+01
   O    0.404411E+01  0.404411E+01  0.403372E+01
   O    0.404411E+01  0.661100E-01  0.801172E+01
   O    0.661100E-01  0.404411E+01  0.801172E+01
   O    0.661100E-01  0.661100E-01  0.119897E+02
   O    0.404411E+01  0.404411E+01  0.119897E+02
   O    0.404411E+01  0.661100E-01  0.159677E+02
   O    0.661100E-01  0.404411E+01  0.159677E+02
   O    0.661100E-01  0.802211E+01  0.403372E+01
   O    0.404411E+01  0.120001E+02  0.403372E+01
   O    0.404411E+01  0.802211E+01  0.801172E+01
   O    0.661100E-01  0.120001E+02  0.801172E+01
   O    0.661100E-01  0.802211E+01  0.119897E+02
   O    0.404411E+01  0.120001E+02  0.119897E+02
   O    0.404411E+01  0.802211E+01  0.159677E+02
   O    0.661100E-01  0.120001E+02  0.159677E+02
   O    0.802211E+01  0.661100E-01  0.403372E+01
   O    0.120001E+02  0.404411E+01  0.403372E+01
   O    0.120001E+02  0.661100E-01  0.801172E+01
   O    0.802211E+01  0.404411E+01  0.801172E+01
   O    0.802211E+01  0.661100E-01  0.119897E+02
   O    0.120001E+02  0.404411E+01  0.119897E+02
   O    0.120001E+02  0.661100E-01  0.159677E+02
   O    0.802211E+01  0.404411E+01  0.159677E+02
   O    0.802211E+01  0.802211E+01  0.403372E+01
   O    0.120001E+02  0.120001E+02  0.403372E+01
   O    0.120001E+02  0.802211E+01  0.801172E+01
   O    0.802211E+01  0.120001E+02  0.801172E+01
   O    0.802211E+01  0.802211E+01  0.119897E+02
   O    0.120001E+02  0.120001E+02  0.119897E+02
   O    0.120001E+02  0.802211E+01  0.159677E+02
   O    0.802211E+01  0.120001E+02  0.159677E+02
 
   ATOMIC_VELOCITIES
   Mg   0.150814E-05  0.150814E-05  0.834861E-04
   Mg   0.150814E-05  0.150814E-05  0.834861E-04
   Mg   0.150814E-05  0.150814E-05  0.834861E-04
   Mg   0.150814E-05  0.150814E-05  0.834861E-04
   Mg   0.150814E-05  0.150814E-05  0.834861E-04
   Mg   0.150814E-05  0.150814E-05  0.834861E-04
   Mg   0.150814E-05  0.150814E-05  0.834861E-04
   Mg   0.150814E-05  0.150814E-05  0.834861E-04
   Mg   0.150814E-05  0.150814E-05  0.834861E-04
   Mg   0.150814E-05  0.150814E-05  0.834861E-04
   Mg   0.150814E-05  0.150814E-05  0.834861E-04
   Mg   0.150814E-05  0.150814E-05  0.834861E-04
   Mg   0.150814E-05  0.150814E-05  0.834861E-04
   Mg   0.150814E-05  0.150814E-05  0.834861E-04
   Mg   0.150814E-05  0.150814E-05  0.834861E-04
   Mg   0.150814E-05  0.150814E-05  0.834861E-04
   Mg   0.150814E-05  0.150814E-05  0.834861E-04
   Mg   0.150814E-05  0.150814E-05  0.834861E-04
   Mg   0.150814E-05  0.150814E-05  0.834861E-04
   Mg   0.150814E-05  0.150814E-05  0.834861E-04
   Mg   0.150814E-05  0.150814E-05  0.834861E-04
   Mg   0.150814E-05  0.150814E-05  0.834861E-04
   Mg   0.150814E-05  0.150814E-05  0.834861E-04
   Mg   0.150814E-05  0.150814E-05  0.834861E-04
   Mg   0.150814E-05  0.150814E-05  0.834861E-04
   Mg   0.150814E-05  0.150814E-05  0.834861E-04
   Mg   0.150814E-05  0.150814E-05  0.834861E-04
   Mg   0.150814E-05  0.150814E-05  0.834861E-04
   Mg   0.150814E-05  0.150814E-05  0.834861E-04
   Mg   0.150814E-05  0.150814E-05  0.834861E-04
   Mg   0.150814E-05  0.150814E-05  0.834861E-04
   Mg   0.150814E-05  0.150814E-05  0.834861E-04
   O   -0.150814E-05 -0.150814E-05 -0.834861E-04
   O   -0.150814E-05 -0.150814E-05 -0.834861E-04
   O   -0.150814E-05 -0.150814E-05 -0.834861E-04
   O   -0.150814E-05 -0.150814E-05 -0.834861E-04
   O   -0.150814E-05 -0.150814E-05 -0.834861E-04
   O   -0.150814E-05 -0.150814E-05 -0.834861E-04
   O   -0.150814E-05 -0.150814E-05 -0.834861E-04
   O   -0.150814E-05 -0.150814E-05 -0.834861E-04
   O   -0.150814E-05 -0.150814E-05 -0.834861E-04
   O   -0.150814E-05 -0.150814E-05 -0.834861E-04
   O   -0.150814E-05 -0.150814E-05 -0.834861E-04
   O   -0.150814E-05 -0.150814E-05 -0.834861E-04
   O   -0.150814E-05 -0.150814E-05 -0.834861E-04
   O   -0.150814E-05 -0.150814E-05 -0.834861E-04
   O   -0.150814E-05 -0.150814E-05 -0.834861E-04
   O   -0.150814E-05 -0.150814E-05 -0.834861E-04
   O   -0.150814E-05 -0.150814E-05 -0.834861E-04
   O   -0.150814E-05 -0.150814E-05 -0.834861E-04
   O   -0.150814E-05 -0.150814E-05 -0.834861E-04
   O   -0.150814E-05 -0.150814E-05 -0.834861E-04
   O   -0.150814E-05 -0.150814E-05 -0.834861E-04
   O   -0.150814E-05 -0.150814E-05 -0.834861E-04
   O   -0.150814E-05 -0.150814E-05 -0.834861E-04
   O   -0.150814E-05 -0.150814E-05 -0.834861E-04
   O   -0.150814E-05 -0.150814E-05 -0.834861E-04
   O   -0.150814E-05 -0.150814E-05 -0.834861E-04
   O   -0.150814E-05 -0.150814E-05 -0.834861E-04
   O   -0.150814E-05 -0.150814E-05 -0.834861E-04
   O   -0.150814E-05 -0.150814E-05 -0.834861E-04
   O   -0.150814E-05 -0.150814E-05 -0.834861E-04
   O   -0.150814E-05 -0.150814E-05 -0.834861E-04
   O   -0.150814E-05 -0.150814E-05 -0.834861E-04
 
   Forces acting on atoms (au):
   Mg   0.396399E-05  0.396396E-05  0.207527E-03
   Mg   0.396397E-05  0.396395E-05  0.207527E-03
   Mg   0.396398E-05  0.396396E-05  0.207527E-03
   Mg   0.396402E-05  0.396396E-05  0.207527E-03
   Mg   0.396395E-05  0.396395E-05  0.207527E-03
   Mg   0.396398E-05  0.396394E-05  0.207527E-03
   Mg   0.396396E-05  0.396395E-05  0.207527E-03
   Mg   0.396399E-05  0.396394E-05  0.207527E-03
   Mg   0.396399E-05  0.396397E-05  0.207527E-03
   Mg   0.396400E-05  0.396398E-05  0.207527E-03
   Mg   0.396400E-05  0.396396E-05  0.207527E-03
   Mg   0.396393E-05  0.396394E-05  0.207527E-03
   Mg   0.396394E-05  0.396398E-05  0.207527E-03
   Mg   0.396398E-05  0.396398E-05  0.207527E-03
   Mg   0.396398E-05  0.396399E-05  0.207527E-03
   Mg   0.396392E-05  0.396398E-05  0.207527E-03
   Mg   0.396398E-05  0.396396E-05  0.207527E-03
   Mg   0.396397E-05  0.396394E-05  0.207527E-03
   Mg   0.396397E-05  0.396396E-05  0.207527E-03
   Mg   0.396394E-05  0.396395E-05  0.207527E-03
   Mg   0.396397E-05  0.396396E-05  0.207527E-03
   Mg   0.396398E-05  0.396395E-05  0.207527E-03
   Mg   0.396399E-05  0.396397E-05  0.207527E-03
   Mg   0.396396E-05  0.396394E-05  0.207527E-03
   Mg   0.396397E-05  0.396397E-05  0.207527E-03
   Mg   0.396396E-05  0.396397E-05  0.207527E-03
   Mg   0.396395E-05  0.396395E-05  0.207527E-03
   Mg   0.396400E-05  0.396397E-05  0.207527E-03
   Mg   0.396398E-05  0.396396E-05  0.207527E-03
   Mg   0.396399E-05  0.396398E-05  0.207527E-03
   Mg   0.396399E-05  0.396395E-05  0.207527E-03
   Mg   0.396400E-05  0.396401E-05  0.207527E-03
   O   -0.396396E-05 -0.396406E-05 -0.207527E-03
   O   -0.396385E-05 -0.396405E-05 -0.207527E-03
   O   -0.396401E-05 -0.396405E-05 -0.207527E-03
   O   -0.396390E-05 -0.396394E-05 -0.207527E-03
   O   -0.396409E-05 -0.396386E-05 -0.207527E-03
   O   -0.396409E-05 -0.396385E-05 -0.207527E-03
   O   -0.396407E-05 -0.396405E-05 -0.207527E-03
   O   -0.396401E-05 -0.396388E-05 -0.207527E-03
   O   -0.396382E-05 -0.396397E-05 -0.207527E-03
   O   -0.396389E-05 -0.396389E-05 -0.207527E-03
   O   -0.396387E-05 -0.396387E-05 -0.207527E-03
   O   -0.396398E-05 -0.396401E-05 -0.207527E-03
   O   -0.396398E-05 -0.396391E-05 -0.207527E-03
   O   -0.396399E-05 -0.396395E-05 -0.207527E-03
   O   -0.396398E-05 -0.396388E-05 -0.207527E-03
   O   -0.396398E-05 -0.396400E-05 -0.207527E-03
   O   -0.396400E-05 -0.396404E-05 -0.207527E-03
   O   -0.396400E-05 -0.396403E-05 -0.207527E-03
   O   -0.396390E-05 -0.396392E-05 -0.207527E-03
   O   -0.396404E-05 -0.396402E-05 -0.207527E-03
   O   -0.396403E-05 -0.396392E-05 -0.207527E-03
   O   -0.396395E-05 -0.396400E-05 -0.207527E-03
   O   -0.396405E-05 -0.396386E-05 -0.207527E-03
   O   -0.396403E-05 -0.396395E-05 -0.207527E-03
   O   -0.396402E-05 -0.396388E-05 -0.207527E-03
   O   -0.396387E-05 -0.396390E-05 -0.207527E-03
   O   -0.396396E-05 -0.396410E-05 -0.207527E-03
   O   -0.396387E-05 -0.396390E-05 -0.207527E-03
   O   -0.396393E-05 -0.396407E-05 -0.207527E-03
   O   -0.396407E-05 -0.396399E-05 -0.207527E-03
   O   -0.396398E-05 -0.396403E-05 -0.207527E-03
   O   -0.396400E-05 -0.396393E-05 -0.207527E-03
 


   Partial temperatures (for each ionic specie) 
   Species  Temp (K)   Mean Square Displacement (a.u.)
        1       1.34     0.4676
        2       1.34     0.4391
   22  0.00017    0.0    1.3  -547.26299  -547.27704  -547.27664  -547.27647  0.0000  0.0000  0.0000  0.0000
Elct. dipole 1  -13.761932  Ionic dipole 1   -0.293250

   writing restart file: /scr/giannozz/tmp//mgo_50.save
   restart file written in    0.444 sec.



   Averaged Physical Quantities
                      accomulated      this run
   ekinc         :        0.00009       0.00009 (AU)
   ekin          :      235.43135     235.43139 (AU)
   epot          :     -891.54912    -891.54987 (AU)
   totel energy  :     -547.27549    -547.27522 (AU)
   temperature   :        0.63453       0.69799 (K )
   enthalpy      :     -497.52488    -547.27737 (AU)
   econs         :     -547.27725    -547.27715 (AU)
   pressure      :       -2.35854       0.00000 (Gpa)
   volume        :     4028.78703    4028.78703 (AU)


     initialize   :     5.41s CPU
     total_time   :   565.92s CPU (      20 calls,  28.296 s avg)
     formf        :     0.29s CPU
     rhoofr       :    27.02s CPU (      20 calls,   1.351 s avg)
     vofrho       :    23.51s CPU (      20 calls,   1.175 s avg)
     dforce       :    53.75s CPU (    1280 calls,   0.042 s avg)
     calphi       :     2.45s CPU (      20 calls,   0.123 s avg)
     ortho        :    14.88s CPU (      20 calls,   0.744 s avg)
     updatc       :     1.22s CPU (      20 calls,   0.061 s avg)
     newd         :   107.28s CPU (      20 calls,   5.364 s avg)
     calbec       :     8.10s CPU (      41 calls,   0.198 s avg)
     prefor       :     1.15s CPU (      41 calls,   0.028 s avg)
     strucf       :     1.38s CPU (      21 calls,   0.066 s avg)
     nlfl         :     0.72s CPU (      20 calls,   0.036 s avg)
     nlfq         :    18.92s CPU (      20 calls,   0.946 s avg)
     set_cc       :     2.64s CPU (      20 calls,   0.132 s avg)
     rhov         :     5.54s CPU (      20 calls,   0.277 s avg)
     nlsm1        :    16.14s CPU (      81 calls,   0.199 s avg)
     nlsm2        :    18.45s CPU (      20 calls,   0.923 s avg)
     forcecc      :     6.28s CPU (      20 calls,   0.314 s avg)
     fft          :     8.19s CPU (     100 calls,   0.082 s avg)
     ffts         :     0.76s CPU (      40 calls,   0.019 s avg)
     fftw         :    41.53s CPU (    3840 calls,   0.011 s avg)
     fftb         :    72.06s CPU (   14080 calls,   0.005 s avg)
     rsg          :     0.23s CPU (      20 calls,   0.012 s avg)
 
 
 
     CP           :  9m31.67s CPU time

 
   This run was terminated on:   6:29: 8  17Oct2006            

=------------------------------------------------------------------------------=
   JOB DONE.
=------------------------------------------------------------------------------=
