=------------------------------------------------------------------------------=

     CP: variable-cell Car-Parrinello molecular dynamics
     using norm-conserving and ultrasoft Vanderbilt pseudopotentials

     Version: 3.1 - Wed May 3 10:11:42 CEST 2006                          
     Authors: Alfredo Pasquarello, Kari Laasonen, Andrea Trave, Roberto Car,
       Paolo Giannozzi, Nicola Marzari, Carlo Cavazzoni, Guido Chiarotti,
       Sandro Scandolo, Paolo Focher, Gerardo Ballabio, and others

=------------------------------------------------------------------------------=

   This run was started on:  14:54:17   5May2006               

   Serial Build
Warning: card &CELL ignored
Warning: card   CELL_DYNAMICS = 'NONE', ignored
Warning: card / ignored

   Job Title: MD Simulation


   Atomic Pseudopotentials Parameters
   ----------------------------------

   Reading pseudopotential for specie #  1 from file :
   /home/umari/espresso/pseudo/O.pz-rrkjus.UPF
   file type is 20: UPF

   Reading pseudopotential for specie #  2 from file :
   /home/umari/espresso/pseudo/Mg.pz-n-vbc.UPF
   file type is 20: UPF


   Main Simulation Parameters (from input)
   ---------------------------------------
   Restart Mode       =      -1   from_scratch   
   Number of MD Steps =       1
   Print out every            1 MD Steps
   Reads from unit    =      50
   Writes to unit     =      50
   MD Simulation time step            =       1.00
   Electronic fictitious mass (emass) =    1000.00
   emass cut-off                      =       4.00

   Simulation Cell Parameters (from input)
   external pressure       =            0.00 [GPa]
   wmass (calculated)      =       160952.68 [AU]
   ibrav =    1
   alat  =    15.91200000
   a1    =    15.91200000    0.00000000    0.00000000
   a2    =     0.00000000   15.91200000    0.00000000
   a3    =     0.00000000    0.00000000   15.91200000
 
   b1    =     0.06284565    0.00000000    0.00000000
   b2    =     0.00000000    0.06284565    0.00000000
   b3    =     0.00000000    0.00000000    0.06284565
   omega =  4028.78703053

    ========================================
    |  CONJUGATE GRADIENT                  |
    ========================================
    | iterations   =           250         |
    | conv_thr     = 0.00000001000 a.u.    |
    | passop       =       0.30000 a.u.    |
    ========================================

   Energy Cut-offs
   ---------------
   Ecutwfc =   20.0 Ryd.,    Ecutrho =  160.0 Ryd.,    Ecuts =   80.0 Ryd.
   Gcutwfc =   11.3     ,    Gcutrho =   32.0          Gcuts =   22.7
   NOTA BENE: refg, mmx =   0.050000  3840
   Orthog. with Gram-Schmidt
   Electron dynamics with newton equations
   Electron dynamics : the temperature is not controlled
   initial random displacement of el. coordinates with  amplitude=  0.020000

   Electronic states
   -----------------
   Number of Electron =   256, of States =   128
   Occupation numbers :
   2.00 2.00 2.00 2.00 2.00 2.00 2.00 2.00 2.00 2.00
   2.00 2.00 2.00 2.00 2.00 2.00 2.00 2.00 2.00 2.00
   2.00 2.00 2.00 2.00 2.00 2.00 2.00 2.00 2.00 2.00
   2.00 2.00 2.00 2.00 2.00 2.00 2.00 2.00 2.00 2.00
   2.00 2.00 2.00 2.00 2.00 2.00 2.00 2.00 2.00 2.00
   2.00 2.00 2.00 2.00 2.00 2.00 2.00 2.00 2.00 2.00
   2.00 2.00 2.00 2.00 2.00 2.00 2.00 2.00 2.00 2.00
   2.00 2.00 2.00 2.00 2.00 2.00 2.00 2.00 2.00 2.00
   2.00 2.00 2.00 2.00 2.00 2.00 2.00 2.00 2.00 2.00
   2.00 2.00 2.00 2.00 2.00 2.00 2.00 2.00 2.00 2.00
   2.00 2.00 2.00 2.00 2.00 2.00 2.00 2.00 2.00 2.00
   2.00 2.00 2.00 2.00 2.00 2.00 2.00 2.00 2.00 2.00
   2.00 2.00 2.00 2.00 2.00 2.00 2.00 2.00


   Exchange and correlations functionals
   -------------------------------------
   Using Local Density Approximation with
     Exchange functional: SLATER                                                      
     Correlation functional: PERDEW AND ZUNGER                                           
     Exchange-correlation      =  SLA  PZ   NOGX NOGC (1100)


   Ions Simulation Parameters
   --------------------------
   Ions are not allowed to move
   Ionic position (from input)
   sorted by specie, and converted to real a.u. coordinates
   Species   1 atoms =   32 mass =     21892.91 (a.u.),        12.01 (amu) rcmax =   0.80 (a.u.)
        0.066300     0.066300     4.044300
        4.044300     4.044300     4.044300
        4.044300     0.066300     8.022300
        0.066300     4.044300     8.022300
        0.066300     0.066300    12.000300
        4.044300     4.044300    12.000300
        4.044300     0.066300    15.978300
        0.066300     4.044300    15.978300
        0.066300     8.022300     4.044300
        4.044300    12.000300     4.044300
        4.044300     8.022300     8.022300
        0.066300    12.000300     8.022300
        0.066300     8.022300    12.000300
        4.044300    12.000300    12.000300
        4.044300     8.022300    15.978300
        0.066300    12.000300    15.978300
        8.022300     0.066300     4.044300
       12.000300     4.044300     4.044300
       12.000300     0.066300     8.022300
        8.022300     4.044300     8.022300
        8.022300     0.066300    12.000300
       12.000300     4.044300    12.000300
       12.000300     0.066300    15.978300
        8.022300     4.044300    15.978300
        8.022300     8.022300     4.044300
       12.000300    12.000300     4.044300
       12.000300     8.022300     8.022300
        8.022300    12.000300     8.022300
        8.022300     8.022300    12.000300
       12.000300    12.000300    12.000300
       12.000300     8.022300    15.978300
        8.022300    12.000300    15.978300
   Species   2 atoms =   32 mass =     44296.23 (a.u.),        24.30 (amu) rcmax =   0.50 (a.u.)
        0.066300     0.066300     0.066300
        4.044300     4.044300     0.066300
        4.044300     0.066300     4.044300
        0.066300     4.044300     4.044300
        0.066300     0.066300     8.022300
        4.044300     4.044300     8.022300
        4.044300     0.066300    12.000300
        0.066300     4.044300    12.000300
        0.066300     8.022300     0.066300
        4.044300    12.000300     0.066300
        4.044300     8.022300     4.044300
        0.066300    12.000300     4.044300
        0.066300     8.022300     8.022300
        4.044300    12.000300     8.022300
        4.044300     8.022300    12.000300
        0.066300    12.000300    12.000300
        8.022300     0.066300     0.066300
       12.000300     4.044300     0.066300
       12.000300     0.066300     4.044300
        8.022300     4.044300     4.044300
        8.022300     0.066300     8.022300
       12.000300     4.044300     8.022300
       12.000300     0.066300    12.000300
        8.022300     4.044300    12.000300
        8.022300     8.022300     0.066300
       12.000300    12.000300     0.066300
       12.000300     8.022300     4.044300
        8.022300    12.000300     4.044300
        8.022300     8.022300     8.022300
       12.000300    12.000300     8.022300
       12.000300     8.022300    12.000300
        8.022300    12.000300    12.000300
   Ionic position read from input file


   Cell Dynamics Parameters (from STDIN)
   -------------------------------------
   internal stress tensor calculated
   Starting cell generated from CELLDM
   Constant VOLUME Molecular dynamics
   cell parameters are not allowed to move

    =====================================
    |  BERRY PHASE ELECTRIC FIELD 1        
    =====================================
    | direction    =         3            
    | intensity    =   0.00000 a.u.     
    =====================================

   Verbosity: iprsta =  1



   Simulation dimensions initialization
   ------------------------------------

   unit vectors of full simulation cell
   in real space:                         in reciprocal space (units 2pi/alat):
   1    15.9120    0.0000    0.0000              1.0000    0.0000    0.0000
   2     0.0000   15.9120    0.0000              0.0000    1.0000    0.0000
   3     0.0000    0.0000   15.9120              0.0000    0.0000    1.0000
 
   Stick Mesh
   ----------
   nst =  1617,  nstw =   203, nsts =   805
        PEs    n.st   n.stw   n.sts    n.g    n.gw   n.gs
          1    3233     405    1609  137929    6043   48693
          0    3233     405    1609  137929    6043   48693
 
 
   Real Mesh
   ---------
   Global Dimensions   Local  Dimensions   Processor Grid
   .X.   .Y.   .Z.     .X.   .Y.   .Z.     .X.   .Y.   .Z.
    72    72    72      72    72    72       1     1     1
   Array leading dimensions ( nr1x, nr2x, nr3x )   =     72    72    72
   Local number of cell to store the grid ( nnrx ) =     373248
   Number of x-y planes for each processors: 
   nr3l =    72
 
   Smooth Real Mesh
   ----------------
   Global Dimensions   Local  Dimensions   Processor Grid
   .X.   .Y.   .Z.     .X.   .Y.   .Z.     .X.   .Y.   .Z.
    45    45    45      45    45    45       1     1     1
   Array leading dimensions ( nr1x, nr2x, nr3x )   =     45    45    45
   Local number of cell to store the grid ( nnrx ) =      91125
   Number of x-y planes for each processors: 
   nr3sl =    45
 
   Small Box Real Mesh
   -------------------
   Global Dimensions   Local  Dimensions   Processor Grid
   .X.   .Y.   .Z.     .X.   .Y.   .Z.     .X.   .Y.   .Z.
    30    30    30      30    30    30       1     1     1
   Array leading dimensions ( nr1x, nr2x, nr3x )   =     30    30    30
   Local number of cell to store the grid ( nnrx ) =      27000
 
   unit vectors of box grid cell
   in real space:                         in reciprocal space:
       6.6300    0.0000    0.0000              1.0000    0.0000    0.0000
       0.0000    6.6300    0.0000              0.0000    1.0000    0.0000
       0.0000    0.0000    6.6300              0.0000    0.0000    1.0000
 
   Reciprocal Space Mesh
   ---------------------
                Large Mesh
   PE   Global(ngmt)     Local(ngm) MaxLocal(ngmx)
    1          68965          68965          68965
                Smooth Mesh
   PE   Global(ngst)     Local(ngs) MaxLocal(ngsx)
    1          24347          24347          24347
                Wave function Mesh
   PE   Global(ngwt)     Local(ngw) MaxLocal(ngwx)
    1           3022           3022           3022

                Small box Mesh
   ngb =         4970 not distributed to processors


   System geometry initialization
   ------------------------------

   Scaled atomic positions                                from standard input
   Species   1 atoms =   32
    O       0.004167     0.004167     0.254167
    O       0.254167     0.254167     0.254167
    O       0.254167     0.004167     0.504167
    O       0.004167     0.254167     0.504167
    O       0.004167     0.004167     0.754167
    O       0.254167     0.254167     0.754167
    O       0.254167     0.004167     1.004167
    O       0.004167     0.254167     1.004167
    O       0.004167     0.504167     0.254167
    O       0.254167     0.754167     0.254167
    O       0.254167     0.504167     0.504167
    O       0.004167     0.754167     0.504167
    O       0.004167     0.504167     0.754167
    O       0.254167     0.754167     0.754167
    O       0.254167     0.504167     1.004167
    O       0.004167     0.754167     1.004167
    O       0.504167     0.004167     0.254167
    O       0.754167     0.254167     0.254167
    O       0.754167     0.004167     0.504167
    O       0.504167     0.254167     0.504167
    O       0.504167     0.004167     0.754167
    O       0.754167     0.254167     0.754167
    O       0.754167     0.004167     1.004167
    O       0.504167     0.254167     1.004167
    O       0.504167     0.504167     0.254167
    O       0.754167     0.754167     0.254167
    O       0.754167     0.504167     0.504167
    O       0.504167     0.754167     0.504167
    O       0.504167     0.504167     0.754167
    O       0.754167     0.754167     0.754167
    O       0.754167     0.504167     1.004167
    O       0.504167     0.754167     1.004167
   Species   2 atoms =   32
    Mg      0.004167     0.004167     0.004167
    Mg      0.254167     0.254167     0.004167
    Mg      0.254167     0.004167     0.254167
    Mg      0.004167     0.254167     0.254167
    Mg      0.004167     0.004167     0.504167
    Mg      0.254167     0.254167     0.504167
    Mg      0.254167     0.004167     0.754167
    Mg      0.004167     0.254167     0.754167
    Mg      0.004167     0.504167     0.004167
    Mg      0.254167     0.754167     0.004167
    Mg      0.254167     0.504167     0.254167
    Mg      0.004167     0.754167     0.254167
    Mg      0.004167     0.504167     0.504167
    Mg      0.254167     0.754167     0.504167
    Mg      0.254167     0.504167     0.754167
    Mg      0.004167     0.754167     0.754167
    Mg      0.504167     0.004167     0.004167
    Mg      0.754167     0.254167     0.004167
    Mg      0.754167     0.004167     0.254167
    Mg      0.504167     0.254167     0.254167
    Mg      0.504167     0.004167     0.504167
    Mg      0.754167     0.254167     0.504167
    Mg      0.754167     0.004167     0.754167
    Mg      0.504167     0.254167     0.754167
    Mg      0.504167     0.504167     0.004167
    Mg      0.754167     0.754167     0.004167
    Mg      0.754167     0.504167     0.254167
    Mg      0.504167     0.754167     0.254167
    Mg      0.504167     0.504167     0.504167
    Mg      0.754167     0.754167     0.504167
    Mg      0.754167     0.504167     0.754167
    Mg      0.504167     0.754167     0.754167


   Pseudopotentials initialization
   -------------------------------
  nlinit  nh(is), ngb, is, kkbeta, lmaxq =            8        4970           1
         865           3
 
                        qqq 
  -0.0987   0.4865   0.0000   0.0000
   0.4865  -2.1787   0.0000   0.0000
   0.0000   0.0000   0.2330   0.2950
   0.0000   0.0000   0.2950   0.3737
 


   Common initialization

   Specie:     1
   1  indv=  1   ang. mom=  0
   2  indv=  2   ang. mom=  0
   3  indv=  3   ang. mom=  1
   4  indv=  3   ang. mom=  1
   5  indv=  3   ang. mom=  1
   6  indv=  4   ang. mom=  1
   7  indv=  4   ang. mom=  1
   8  indv=  4   ang. mom=  1
 
                        dion 
   0.4817  -1.2813   0.0000   0.0000
  -1.2813   2.3075   0.0000   0.0000
   0.0000   0.0000   0.6338   0.8752
   0.0000   0.0000   0.8752   1.2039

   Specie:     2
   1  indv=  1   ang. mom=  0
   2  indv=  2   ang. mom=  1
   3  indv=  2   ang. mom=  1
   4  indv=  2   ang. mom=  1
 
                        dion 
   3.2181   0.0000
   0.0000  12.0575
 
   Short Legend and Physical Units in the Output
   ---------------------------------------------
   NFI    [int]          - step index
   EKINC  [HARTREE A.U.] - kinetic energy of the fictitious electronic dynamics
   TEMPH  [K]            - Temperature of the fictitious cell dynamics
   TEMP   [K]            - Ionic temperature
   ETOT   [HARTREE A.U.] - Scf total energy (Kohn-Sham hamiltonian)
   ENTHAL [HARTREE A.U.] - Enthalpy ( ETOT + P * V )
   ECONS  [HARTREE A.U.] - Enthalpy + kinetic energy of ions and cell
   ECONT  [HARTREE A.U.] - Constant of motion for the CP lagrangian
 


   Wave Initialization: random initial wave-functions
   Occupation number from init
   nbnd =   128
    2.00 2.00 2.00 2.00 2.00 2.00 2.00 2.00 2.00 2.00
    2.00 2.00 2.00 2.00 2.00 2.00 2.00 2.00 2.00 2.00
    2.00 2.00 2.00 2.00 2.00 2.00 2.00 2.00 2.00 2.00
    2.00 2.00 2.00 2.00 2.00 2.00 2.00 2.00 2.00 2.00
    2.00 2.00 2.00 2.00 2.00 2.00 2.00 2.00 2.00 2.00
    2.00 2.00 2.00 2.00 2.00 2.00 2.00 2.00 2.00 2.00
    2.00 2.00 2.00 2.00 2.00 2.00 2.00 2.00 2.00 2.00
    2.00 2.00 2.00 2.00 2.00 2.00 2.00 2.00 2.00 2.00
    2.00 2.00 2.00 2.00 2.00 2.00 2.00 2.00 2.00 2.00
    2.00 2.00 2.00 2.00 2.00 2.00 2.00 2.00 2.00 2.00
    2.00 2.00 2.00 2.00 2.00 2.00 2.00 2.00 2.00 2.00
    2.00 2.00 2.00 2.00 2.00 2.00 2.00 2.00 2.00 2.00
    2.00 2.00 2.00 2.00 2.00 2.00 2.00 2.00

   formf: eself= 676.60611
   formf:     vps(g=0)=  -0.0020774     rhops(g=0)=  -0.0014893
   formf: sum_g vps(g)=  -1.4455266 sum_g rhops(g)=  -1.0530008
   formf:     vps(g=0)=   0.0012432     rhops(g=0)=  -0.0004964
   formf: sum_g vps(g)=   1.6241241 sum_g rhops(g)=  -1.4102948
Initialize Berry phase electric field
 #not found, gtable:    405.000000000000     
 #not found, gtabin:    405.000000000000     

 * Physical Quantities at step:     1
 PERFORMING CONJUGATE GRADIENT MINIMIZATION OF EL. STATES
 


                total energy =     -547.27009 Hartree a.u.
              kinetic energy =      235.43106 Hartree a.u.
        electrostatic energy =     -588.81031 Hartree a.u.
                         esr =        0.00000 Hartree a.u.
                       eself =      676.60611 Hartree a.u.
      pseudopotential energy =     -167.88009 Hartree a.u.
  n-l pseudopotential energy =      108.84076 Hartree a.u.
 exchange-correlation energy =     -134.85150 Hartree a.u.
           average potential =        0.00000 Hartree a.u.



   Eigenvalues (eV), kp =   1 , spin =  1

  -14.79  -14.01  -14.01  -14.01  -14.01  -14.01  -14.01  -13.53  -13.53  -13.53
  -13.53  -13.53  -13.53  -13.53  -13.53  -13.53  -13.53  -13.53  -13.53  -13.47
  -13.47  -13.47  -13.47  -13.14  -13.14  -13.14  -13.11  -13.11  -13.11  -13.11
  -13.11  -13.11   -2.27   -2.27   -2.27   -2.27   -1.83   -1.83   -1.83   -1.15
   -1.15   -1.15   -1.15   -1.15   -1.15   -1.15   -1.15   -1.15   -1.15   -1.15
   -1.15   -0.69   -0.69   -0.69   -0.69   -0.69   -0.69   -0.69   -0.69   -0.69
   -0.69   -0.69   -0.69   -0.21   -0.21   -0.21   -0.21   -0.21   -0.21    0.33
    0.33    0.33    0.33    0.33    0.33    0.33    0.33    0.33    0.33    0.33
    0.33    0.63    0.63    0.63    0.63    0.63    0.63    1.02    1.02    1.02
    1.02    1.02    1.02    1.75    1.75    1.75    1.75    1.75    1.75    1.75
    1.75    1.75    1.75    1.75    1.75    1.87    1.87    1.87    1.87    1.87
    1.87    1.87    1.87    1.87    1.87    1.87    1.87    1.92    1.92    1.92
    1.92    1.92    1.92    1.92    1.92    2.46    2.46    2.46
 
   CELL_PARAMETERS
   15.91200000    0.00000000    0.00000000
    0.00000000   15.91200000    0.00000000
    0.00000000    0.00000000   15.91200000

   System Density [g/cm^3] :     3.2319


   Center of mass square displacement (a.u.):   0.000000

   Total stress (GPa)
      -51.88789966         0.00013157         0.00012837
        0.00013157       -51.88790172         0.00013322
        0.00012837         0.00013322       -51.88789712
   ATOMIC_POSITIONS
   Mg   0.663000E-01  0.663000E-01  0.663000E-01
   Mg   0.404430E+01  0.404430E+01  0.663000E-01
   Mg   0.404430E+01  0.663000E-01  0.404430E+01
   Mg   0.663000E-01  0.404430E+01  0.404430E+01
   Mg   0.663000E-01  0.663000E-01  0.802230E+01
   Mg   0.404430E+01  0.404430E+01  0.802230E+01
   Mg   0.404430E+01  0.663000E-01  0.120003E+02
   Mg   0.663000E-01  0.404430E+01  0.120003E+02
   Mg   0.663000E-01  0.802230E+01  0.663000E-01
   Mg   0.404430E+01  0.120003E+02  0.663000E-01
   Mg   0.404430E+01  0.802230E+01  0.404430E+01
   Mg   0.663000E-01  0.120003E+02  0.404430E+01
   Mg   0.663000E-01  0.802230E+01  0.802230E+01
   Mg   0.404430E+01  0.120003E+02  0.802230E+01
   Mg   0.404430E+01  0.802230E+01  0.120003E+02
   Mg   0.663000E-01  0.120003E+02  0.120003E+02
   Mg   0.802230E+01  0.663000E-01  0.663000E-01
   Mg   0.120003E+02  0.404430E+01  0.663000E-01
   Mg   0.120003E+02  0.663000E-01  0.404430E+01
   Mg   0.802230E+01  0.404430E+01  0.404430E+01
   Mg   0.802230E+01  0.663000E-01  0.802230E+01
   Mg   0.120003E+02  0.404430E+01  0.802230E+01
   Mg   0.120003E+02  0.663000E-01  0.120003E+02
   Mg   0.802230E+01  0.404430E+01  0.120003E+02
   Mg   0.802230E+01  0.802230E+01  0.663000E-01
   Mg   0.120003E+02  0.120003E+02  0.663000E-01
   Mg   0.120003E+02  0.802230E+01  0.404430E+01
   Mg   0.802230E+01  0.120003E+02  0.404430E+01
   Mg   0.802230E+01  0.802230E+01  0.802230E+01
   Mg   0.120003E+02  0.120003E+02  0.802230E+01
   Mg   0.120003E+02  0.802230E+01  0.120003E+02
   Mg   0.802230E+01  0.120003E+02  0.120003E+02
   O    0.663000E-01  0.663000E-01  0.404430E+01
   O    0.404430E+01  0.404430E+01  0.404430E+01
   O    0.404430E+01  0.663000E-01  0.802230E+01
   O    0.663000E-01  0.404430E+01  0.802230E+01
   O    0.663000E-01  0.663000E-01  0.120003E+02
   O    0.404430E+01  0.404430E+01  0.120003E+02
   O    0.404430E+01  0.663000E-01  0.159783E+02
   O    0.663000E-01  0.404430E+01  0.159783E+02
   O    0.663000E-01  0.802230E+01  0.404430E+01
   O    0.404430E+01  0.120003E+02  0.404430E+01
   O    0.404430E+01  0.802230E+01  0.802230E+01
   O    0.663000E-01  0.120003E+02  0.802230E+01
   O    0.663000E-01  0.802230E+01  0.120003E+02
   O    0.404430E+01  0.120003E+02  0.120003E+02
   O    0.404430E+01  0.802230E+01  0.159783E+02
   O    0.663000E-01  0.120003E+02  0.159783E+02
   O    0.802230E+01  0.663000E-01  0.404430E+01
   O    0.120003E+02  0.404430E+01  0.404430E+01
   O    0.120003E+02  0.663000E-01  0.802230E+01
   O    0.802230E+01  0.404430E+01  0.802230E+01
   O    0.802230E+01  0.663000E-01  0.120003E+02
   O    0.120003E+02  0.404430E+01  0.120003E+02
   O    0.120003E+02  0.663000E-01  0.159783E+02
   O    0.802230E+01  0.404430E+01  0.159783E+02
   O    0.802230E+01  0.802230E+01  0.404430E+01
   O    0.120003E+02  0.120003E+02  0.404430E+01
   O    0.120003E+02  0.802230E+01  0.802230E+01
   O    0.802230E+01  0.120003E+02  0.802230E+01
   O    0.802230E+01  0.802230E+01  0.120003E+02
   O    0.120003E+02  0.120003E+02  0.120003E+02
   O    0.120003E+02  0.802230E+01  0.159783E+02
   O    0.802230E+01  0.120003E+02  0.159783E+02
 
   ATOMIC_VELOCITIES
   Mg   0.000000E+00  0.000000E+00  0.000000E+00
   Mg   0.000000E+00  0.000000E+00  0.000000E+00
   Mg   0.000000E+00  0.000000E+00  0.000000E+00
   Mg   0.000000E+00  0.000000E+00  0.000000E+00
   Mg   0.000000E+00  0.000000E+00  0.000000E+00
   Mg   0.000000E+00  0.000000E+00  0.000000E+00
   Mg   0.000000E+00  0.000000E+00  0.000000E+00
   Mg   0.000000E+00  0.000000E+00  0.000000E+00
   Mg   0.000000E+00  0.000000E+00  0.000000E+00
   Mg   0.000000E+00  0.000000E+00  0.000000E+00
   Mg   0.000000E+00  0.000000E+00  0.000000E+00
   Mg   0.000000E+00  0.000000E+00  0.000000E+00
   Mg   0.000000E+00  0.000000E+00  0.000000E+00
   Mg   0.000000E+00  0.000000E+00  0.000000E+00
   Mg   0.000000E+00  0.000000E+00  0.000000E+00
   Mg   0.000000E+00  0.000000E+00  0.000000E+00
   Mg   0.000000E+00  0.000000E+00  0.000000E+00
   Mg   0.000000E+00  0.000000E+00  0.000000E+00
   Mg   0.000000E+00  0.000000E+00  0.000000E+00
   Mg   0.000000E+00  0.000000E+00  0.000000E+00
   Mg   0.000000E+00  0.000000E+00  0.000000E+00
   Mg   0.000000E+00  0.000000E+00  0.000000E+00
   Mg   0.000000E+00  0.000000E+00  0.000000E+00
   Mg   0.000000E+00  0.000000E+00  0.000000E+00
   Mg   0.000000E+00  0.000000E+00  0.000000E+00
   Mg   0.000000E+00  0.000000E+00  0.000000E+00
   Mg   0.000000E+00  0.000000E+00  0.000000E+00
   Mg   0.000000E+00  0.000000E+00  0.000000E+00
   Mg   0.000000E+00  0.000000E+00  0.000000E+00
   Mg   0.000000E+00  0.000000E+00  0.000000E+00
   Mg   0.000000E+00  0.000000E+00  0.000000E+00
   Mg   0.000000E+00  0.000000E+00  0.000000E+00
   O    0.000000E+00  0.000000E+00  0.000000E+00
   O    0.000000E+00  0.000000E+00  0.000000E+00
   O    0.000000E+00  0.000000E+00  0.000000E+00
   O    0.000000E+00  0.000000E+00  0.000000E+00
   O    0.000000E+00  0.000000E+00  0.000000E+00
   O    0.000000E+00  0.000000E+00  0.000000E+00
   O    0.000000E+00  0.000000E+00  0.000000E+00
   O    0.000000E+00  0.000000E+00  0.000000E+00
   O    0.000000E+00  0.000000E+00  0.000000E+00
   O    0.000000E+00  0.000000E+00  0.000000E+00
   O    0.000000E+00  0.000000E+00  0.000000E+00
   O    0.000000E+00  0.000000E+00  0.000000E+00
   O    0.000000E+00  0.000000E+00  0.000000E+00
   O    0.000000E+00  0.000000E+00  0.000000E+00
   O    0.000000E+00  0.000000E+00  0.000000E+00
   O    0.000000E+00  0.000000E+00  0.000000E+00
   O    0.000000E+00  0.000000E+00  0.000000E+00
   O    0.000000E+00  0.000000E+00  0.000000E+00
   O    0.000000E+00  0.000000E+00  0.000000E+00
   O    0.000000E+00  0.000000E+00  0.000000E+00
   O    0.000000E+00  0.000000E+00  0.000000E+00
   O    0.000000E+00  0.000000E+00  0.000000E+00
   O    0.000000E+00  0.000000E+00  0.000000E+00
   O    0.000000E+00  0.000000E+00  0.000000E+00
   O    0.000000E+00  0.000000E+00  0.000000E+00
   O    0.000000E+00  0.000000E+00  0.000000E+00
   O    0.000000E+00  0.000000E+00  0.000000E+00
   O    0.000000E+00  0.000000E+00  0.000000E+00
   O    0.000000E+00  0.000000E+00  0.000000E+00
   O    0.000000E+00  0.000000E+00  0.000000E+00
   O    0.000000E+00  0.000000E+00  0.000000E+00
   O    0.000000E+00  0.000000E+00  0.000000E+00
 
   Forces acting on atoms (au):
   Mg   0.247305E-04  0.246663E-04  0.246639E-04
   Mg   0.247320E-04  0.247111E-04  0.246810E-04
   Mg   0.246993E-04  0.246878E-04  0.247388E-04
   Mg   0.247025E-04  0.247046E-04  0.247055E-04
   Mg   0.247140E-04  0.246837E-04  0.247238E-04
   Mg   0.247044E-04  0.246599E-04  0.246997E-04
   Mg   0.246929E-04  0.246804E-04  0.246966E-04
   Mg   0.247067E-04  0.246767E-04  0.246815E-04
   Mg   0.247138E-04  0.247193E-04  0.246971E-04
   Mg   0.246856E-04  0.247071E-04  0.246929E-04
   Mg   0.247177E-04  0.247022E-04  0.247102E-04
   Mg   0.247366E-04  0.246975E-04  0.247046E-04
   Mg   0.247121E-04  0.246809E-04  0.247017E-04
   Mg   0.246817E-04  0.247067E-04  0.247203E-04
   Mg   0.247028E-04  0.247128E-04  0.246902E-04
   Mg   0.247360E-04  0.247034E-04  0.246943E-04
   Mg   0.246815E-04  0.247060E-04  0.246812E-04
   Mg   0.246956E-04  0.246943E-04  0.246828E-04
   Mg   0.246926E-04  0.246941E-04  0.247348E-04
   Mg   0.246844E-04  0.246768E-04  0.247203E-04
   Mg   0.246826E-04  0.247051E-04  0.247238E-04
   Mg   0.247020E-04  0.246947E-04  0.247219E-04
   Mg   0.246938E-04  0.246910E-04  0.247030E-04
   Mg   0.246857E-04  0.246813E-04  0.246776E-04
   Mg   0.246990E-04  0.246925E-04  0.246884E-04
   Mg   0.247304E-04  0.247030E-04  0.246801E-04
   Mg   0.246909E-04  0.247085E-04  0.247068E-04
   Mg   0.246842E-04  0.246743E-04  0.247103E-04
   Mg   0.246873E-04  0.246738E-04  0.247111E-04
   Mg   0.247247E-04  0.246818E-04  0.246984E-04
   Mg   0.246970E-04  0.246841E-04  0.246741E-04
   Mg   0.246863E-04  0.246758E-04  0.246924E-04
   O   -0.468065E-04 -0.470110E-04 -0.471453E-04
   O   -0.471018E-04 -0.468913E-04 -0.470420E-04
   O   -0.470849E-04 -0.471176E-04 -0.470875E-04
   O   -0.470090E-04 -0.468964E-04 -0.471798E-04
   O   -0.469750E-04 -0.469297E-04 -0.469265E-04
   O   -0.470573E-04 -0.470519E-04 -0.470316E-04
   O   -0.468146E-04 -0.471889E-04 -0.470039E-04
   O   -0.470933E-04 -0.469906E-04 -0.469485E-04
   O   -0.471262E-04 -0.469333E-04 -0.469854E-04
   O   -0.471056E-04 -0.470349E-04 -0.471315E-04
   O   -0.469247E-04 -0.469081E-04 -0.469558E-04
   O   -0.470771E-04 -0.469734E-04 -0.469803E-04
   O   -0.469256E-04 -0.470142E-04 -0.469373E-04
   O   -0.470373E-04 -0.470636E-04 -0.469189E-04
   O   -0.469630E-04 -0.470326E-04 -0.469590E-04
   O   -0.469833E-04 -0.470254E-04 -0.471509E-04
   O   -0.468318E-04 -0.470252E-04 -0.469281E-04
   O   -0.471527E-04 -0.468608E-04 -0.472377E-04
   O   -0.469546E-04 -0.469177E-04 -0.470077E-04
   O   -0.471172E-04 -0.469970E-04 -0.470423E-04
   O   -0.469399E-04 -0.470841E-04 -0.470292E-04
   O   -0.471207E-04 -0.470872E-04 -0.470469E-04
   O   -0.470085E-04 -0.470442E-04 -0.470626E-04
   O   -0.471093E-04 -0.469259E-04 -0.470974E-04
   O   -0.470024E-04 -0.470373E-04 -0.471296E-04
   O   -0.469844E-04 -0.470542E-04 -0.471544E-04
   O   -0.470655E-04 -0.471858E-04 -0.469092E-04
   O   -0.470064E-04 -0.470166E-04 -0.471179E-04
   O   -0.471651E-04 -0.470728E-04 -0.469762E-04
   O   -0.469939E-04 -0.470305E-04 -0.470566E-04
   O   -0.471417E-04 -0.470495E-04 -0.471275E-04
   O   -0.470655E-04 -0.470221E-04 -0.468966E-04
 


   Partial temperatures (for each ionic specie) 
   Species  Temp (K)   Mean Square Displacement (a.u.)
        1       0.00     0.0000
        2       0.00     0.0000
 
  nfi    ekinc  temph  tempp        etot      enthal       econs       econt    vnhh   xnhh0    vnhp   xnhp0
 
       nfi   tempp            E -T.S-mu.nbsp         +K_p #Iter
Step     1       0   -547.27009   -547.27009   -547.27009    40
Elct. dipole 1   14.851609  Ionic dipole 1    1.060800

   writing restart file: .//mgo_50.save
   restart file written in    0.295 sec.



   Averaged Physical Quantities
                      accomulated      this run
   ekinc         :        0.00000       0.00000 (AU)
   ekin          :      235.43106     235.43106 (AU)
   epot          :     -891.54191    -891.54191 (AU)
   totel energy  :     -547.27009    -547.27009 (AU)
   temperature   :        0.00000       0.00000 (K )
   enthalpy      :        0.00000       0.00000 (AU)
   econs         :     -547.27009    -547.27009 (AU)
   pressure      :      -51.88790     -51.88790 (Gpa)
   volume        :     4028.78703    4028.78703 (AU)


     initialize   :     8.75s CPU
     total_time   :  1120.50s CPU
     formf        :     0.53s CPU
     rhoofr       :   498.57s CPU (      80 calls,   6.232 s avg)
     vofrho       :    73.09s CPU (      80 calls,   0.914 s avg)
     dforce       :    66.81s CPU (    2560 calls,   0.026 s avg)
     calphi       :     4.05s CPU (      40 calls,   0.101 s avg)
     gram         :    80.66s CPU (      80 calls,   1.008 s avg)
     newd         :   110.20s CPU (      40 calls,   2.755 s avg)
     calbec       :    50.83s CPU (     277 calls,   0.184 s avg)
     prefor       :     0.66s CPU (      42 calls,   0.016 s avg)
     strucf       :     0.09s CPU (       2 calls,   0.043 s avg)
     nlfl         :     0.02s CPU
     nlfq         :     0.57s CPU
     set_cc       :     7.37s CPU (      80 calls,   0.092 s avg)
     rhov         :    13.99s CPU (      80 calls,   0.175 s avg)
     nlsm1        :    50.83s CPU (     277 calls,   0.183 s avg)
     nlsm2        :     0.55s CPU
     forcecc      :    14.18s CPU (      80 calls,   0.177 s avg)
     fft          :    47.87s CPU (    1200 calls,   0.040 s avg)
     ffts         :     1.51s CPU (     160 calls,   0.009 s avg)
     fftw         :    58.04s CPU (   10240 calls,   0.006 s avg)
     fftb         :   104.64s CPU (   42880 calls,   0.002 s avg)
     runcg_uspp   :  1120.19s CPU
     pc2          :    91.47s CPU (     117 calls,   0.782 s avg)
     pcdaga2      :    26.91s CPU (      39 calls,   0.690 s avg)
     set_x_minus1 :     2.14s CPU (       2 calls,   1.070 s avg)
     xminus1      :    37.18s CPU (      78 calls,   0.477 s avg)
     emass_p_tpa  :     0.00s CPU
 
 
 
     CP           : 18m49.57s CPU time

 
   This run was terminated on:  15:13:30   5May2006            

=------------------------------------------------------------------------------=
   JOB DONE.
=------------------------------------------------------------------------------=
