=------------------------------------------------------------------------------=

     CP: variable-cell Car-Parrinello molecular dynamics
     using norm-conserving and ultrasoft Vanderbilt pseudopotentials

     Version: 3.0 - Tue May 24 14:33:50 EDT 2005                          
     Authors: Alfredo Pasquarello, Kari Laasonen, Andrea Trave, Roberto Car,
       Paolo Giannozzi, Nicola Marzari, Carlo Cavazzoni, Guido Chiarotti,
       Sandro Scandolo, Paolo Focher, Gerardo Ballabio, and others

=------------------------------------------------------------------------------=

   This run was started on:  20:26: 5  24Oct2005               

   Serial Build
Warning: card &CELL ignored
Warning: card   CELL_DYNAMICS = 'NONE', ignored
Warning: card / ignored

   Job Title: MD Simulation


   Atomic Pseudopotentials Parameters
   ----------------------------------

   Reading pseudopotential for specie #  1 from file :
   /home/puma/espresso/pseudo/O.pz-rrkjus.UPF
   file type is 20

   Reading pseudopotential for specie #  2 from file :
   /home/puma/espresso/pseudo/Mg.pz-n-vbc.UPF
   file type is 20


   Main Simulation Parameters (from input)
   ---------------------------------------
   Restart Mode       =      -1   from_scratch   
   Number of MD Steps =       1
   Print out every            1 MD Steps
   Reads from unit    =      50
   Writes to unit     =      50
   MD Simulation time step            =       1.00
   Electronic fictitious mass (emass) =    1000.00
   emass cut-off                      =       4.00

   Simulation Cell Parameters (from input)
   external pressure       =            0.00 [GPa]
   wmass (calculated)      =       160952.68 [AU]
   ibrav =    1
   alat  =    15.91200000
   a1    =    15.91200000    0.00000000    0.00000000
   a2    =     0.00000000   15.91200000    0.00000000
   a3    =     0.00000000    0.00000000   15.91200000
 
   b1    =     0.06284565    0.00000000    0.00000000
   b2    =     0.00000000    0.06284565    0.00000000
   b3    =     0.00000000    0.00000000    0.06284565
   omega =  4028.78703053

    =====================================
    |  CONJUGATE GRADIENT               |
    =====================================
    | iterations   =       250            |
    | etresh       =   0.00000 a.u.     |
    | passop       =   0.30000 a.u.     |
    =====================================

   Energy Cut-offs
   ---------------
   Ecutwfc =   23.0 Ryd.,    Ecutrho =  200.0 Ryd.,    Ecuts =   92.0 Ryd.
   Gcutwfc =   12.1     ,    Gcutrho =   35.8          Gcuts =   24.3
   NOTA BENE: refg, mmx =   0.050000  4800
   Orthog. with Gram-Schmidt
   Electron dynamics with newton equations
   Electron dynamics : the temperature is not controlled
   initial random displacement of el. coordinates with  amplitude=  0.020000

   Electronic states
   -----------------
   Number of Electron =   256, of States =   128
   Occupation numbers :
   2.00 2.00 2.00 2.00 2.00 2.00 2.00 2.00 2.00 2.00
   2.00 2.00 2.00 2.00 2.00 2.00 2.00 2.00 2.00 2.00
   2.00 2.00 2.00 2.00 2.00 2.00 2.00 2.00 2.00 2.00
   2.00 2.00 2.00 2.00 2.00 2.00 2.00 2.00 2.00 2.00
   2.00 2.00 2.00 2.00 2.00 2.00 2.00 2.00 2.00 2.00
   2.00 2.00 2.00 2.00 2.00 2.00 2.00 2.00 2.00 2.00
   2.00 2.00 2.00 2.00 2.00 2.00 2.00 2.00 2.00 2.00
   2.00 2.00 2.00 2.00 2.00 2.00 2.00 2.00 2.00 2.00
   2.00 2.00 2.00 2.00 2.00 2.00 2.00 2.00 2.00 2.00
   2.00 2.00 2.00 2.00 2.00 2.00 2.00 2.00 2.00 2.00
   2.00 2.00 2.00 2.00 2.00 2.00 2.00 2.00 2.00 2.00
   2.00 2.00 2.00 2.00 2.00 2.00 2.00 2.00 2.00 2.00
   2.00 2.00 2.00 2.00 2.00 2.00 2.00 2.00


   Exchange and correlations functionals
   -------------------------------------
   Using Local Density Approximation with
     Exchange functional: SLATER                                                      
     Correlation functional: PERDEW AND ZUNGER                                           
     Exchange-correlation      =  SLA  PZ   NOGX NOGC (1100)


   Ions Simulation Parameters
   --------------------------
   Ions are not allowed to move
   Ionic position (from input)
   sorted by specie, and converted to real a.u. coordinates
   Species   1 atoms =   32 mass =     21892.91 (a.u.),        12.01 (uma) rcmax =   0.80 (a.u.)
        0.066300     0.066300     4.044300
        4.044300     4.044300     4.044300
        4.044300     0.066300     8.022300
        0.066300     4.044300     8.022300
        0.066300     0.066300    12.000300
        4.044300     4.044300    12.000300
        4.044300     0.066300    15.978300
        0.066300     4.044300    15.978300
        0.066300     8.022300     4.044300
        4.044300    12.000300     4.044300
        4.044300     8.022300     8.022300
        0.066300    12.000300     8.022300
        0.066300     8.022300    12.000300
        4.044300    12.000300    12.000300
        4.044300     8.022300    15.978300
        0.066300    12.000300    15.978300
        8.022300     0.066300     4.044300
       12.000300     4.044300     4.044300
       12.000300     0.066300     8.022300
        8.022300     4.044300     8.022300
        8.022300     0.066300    12.000300
       12.000300     4.044300    12.000300
       12.000300     0.066300    15.978300
        8.022300     4.044300    15.978300
        8.022300     8.022300     4.044300
       12.000300    12.000300     4.044300
       12.000300     8.022300     8.022300
        8.022300    12.000300     8.022300
        8.022300     8.022300    12.000300
       12.000300    12.000300    12.000300
       12.000300     8.022300    15.978300
        8.022300    12.000300    15.978300
   Species   2 atoms =   32 mass =     44296.23 (a.u.),        24.30 (uma) rcmax =   0.50 (a.u.)
        0.066300     0.066300     0.066300
        4.044300     4.044300     0.066300
        4.044300     0.066300     4.044300
        0.066300     4.044300     4.044300
        0.066300     0.066300     8.022300
        4.044300     4.044300     8.022300
        4.044300     0.066300    12.000300
        0.066300     4.044300    12.000300
        0.066300     8.022300     0.066300
        4.044300    12.000300     0.066300
        4.044300     8.022300     4.044300
        0.066300    12.000300     4.044300
        0.066300     8.022300     8.022300
        4.044300    12.000300     8.022300
        4.044300     8.022300    12.000300
        0.066300    12.000300    12.000300
        8.022300     0.066300     0.066300
       12.000300     4.044300     0.066300
       12.000300     0.066300     4.044300
        8.022300     4.044300     4.044300
        8.022300     0.066300     8.022300
       12.000300     4.044300     8.022300
       12.000300     0.066300    12.000300
        8.022300     4.044300    12.000300
        8.022300     8.022300     0.066300
       12.000300    12.000300     0.066300
       12.000300     8.022300     4.044300
        8.022300    12.000300     4.044300
        8.022300     8.022300     8.022300
       12.000300    12.000300     8.022300
       12.000300     8.022300    12.000300
        8.022300    12.000300    12.000300
   Ionic position read from input file


   Cell Dynamics Parameters (from STDIN)
   -------------------------------------
   Starting cell generated from CELLDM
   Constant VOLUME Molecular dynamics
   cell parameters are not allowed to move

    =====================================
    |  BERRY PHASE ELECTRIC FIELD        
    =====================================
    | direction    =         3            
    | intensity    =   0.00000 a.u.     
    =====================================

   Verbosity: iprsta =  1



   Simulation dimensions initialization
   ------------------------------------

   unit vectors of full simulation cell
   in real space:                         in reciprocal space (units 2pi/alat):
   1    15.9120    0.0000    0.0000              1.0000    0.0000    0.0000
   2     0.0000   15.9120    0.0000              0.0000    1.0000    0.0000
   3     0.0000    0.0000   15.9120              0.0000    0.0000    1.0000
 
   Stick Mesh
   ----------
   nst =  2013,  nstw =   233, nsts =   931
        PEs    n.st   n.stw   n.sts    n.g    n.gw   n.gs
          1    4025     465    1861  192167    7497   60245
          0    4025     465    1861  192167    7497   60245
 
 
   Real Mesh
   ---------
   Global Dimensions   Local  Dimensions   Processor Grid
   .X.   .Y.   .Z.     .X.   .Y.   .Z.     .X.   .Y.   .Z.
    72    72    72      72    72    72       1     1     1
   Array leading dimensions ( nr1x, nr2x, nr3x )   =     72    72    72
   Local number of cell to store the grid ( nnrx ) =     373248
   Number of x-y planes for each processors: 
   nr3l =    72
 
   Smooth Real Mesh
   ----------------
   Global Dimensions   Local  Dimensions   Processor Grid
   .X.   .Y.   .Z.     .X.   .Y.   .Z.     .X.   .Y.   .Z.
    50    50    50      50    50    50       1     1     1
   Array leading dimensions ( nr1x, nr2x, nr3x )   =     50    50    50
   Local number of cell to store the grid ( nnrx ) =     125000
   Number of x-y planes for each processors: 
   nr3sl =    50
 
   Small Box Real Mesh
   -------------------
   Global Dimensions   Local  Dimensions   Processor Grid
   .X.   .Y.   .Z.     .X.   .Y.   .Z.     .X.   .Y.   .Z.
    30    30    30      30    30    30       1     1     1
   Array leading dimensions ( nr1x, nr2x, nr3x )   =     30    30    30
   Local number of cell to store the grid ( nnrx ) =      27000
 
   unit vectors of box grid cell
   in real space:                         in reciprocal space:
       6.6300    0.0000    0.0000              1.0000    0.0000    0.0000
       0.0000    6.6300    0.0000              0.0000    1.0000    0.0000
       0.0000    0.0000    6.6300              0.0000    0.0000    1.0000
 
   Reciprocal Space Mesh
   ---------------------
                Large Mesh
   PE   Global(ngmt)     Local(ngm) MaxLocal(ngmx)
    1          96084          96084          96084
                Smooth Mesh
   PE   Global(ngst)     Local(ngs) MaxLocal(ngsx)
    1          30123          30123          30123
                Wave function Mesh
   PE   Global(ngwt)     Local(ngw) MaxLocal(ngwx)
    1           3749           3749           3749

                Small box Mesh
   ngb =         6975 not distributed to processors


   System geometry initialization
   ------------------------------

   Scaled atomic positions                                from standard input
   Species   1 atoms =   32
    O       0.004167     0.004167     0.254167
    O       0.254167     0.254167     0.254167
    O       0.254167     0.004167     0.504167
    O       0.004167     0.254167     0.504167
    O       0.004167     0.004167     0.754167
    O       0.254167     0.254167     0.754167
    O       0.254167     0.004167     1.004167
    O       0.004167     0.254167     1.004167
    O       0.004167     0.504167     0.254167
    O       0.254167     0.754167     0.254167
    O       0.254167     0.504167     0.504167
    O       0.004167     0.754167     0.504167
    O       0.004167     0.504167     0.754167
    O       0.254167     0.754167     0.754167
    O       0.254167     0.504167     1.004167
    O       0.004167     0.754167     1.004167
    O       0.504167     0.004167     0.254167
    O       0.754167     0.254167     0.254167
    O       0.754167     0.004167     0.504167
    O       0.504167     0.254167     0.504167
    O       0.504167     0.004167     0.754167
    O       0.754167     0.254167     0.754167
    O       0.754167     0.004167     1.004167
    O       0.504167     0.254167     1.004167
    O       0.504167     0.504167     0.254167
    O       0.754167     0.754167     0.254167
    O       0.754167     0.504167     0.504167
    O       0.504167     0.754167     0.504167
    O       0.504167     0.504167     0.754167
    O       0.754167     0.754167     0.754167
    O       0.754167     0.504167     1.004167
    O       0.504167     0.754167     1.004167
   Species   2 atoms =   32
    Mg      0.004167     0.004167     0.004167
    Mg      0.254167     0.254167     0.004167
    Mg      0.254167     0.004167     0.254167
    Mg      0.004167     0.254167     0.254167
    Mg      0.004167     0.004167     0.504167
    Mg      0.254167     0.254167     0.504167
    Mg      0.254167     0.004167     0.754167
    Mg      0.004167     0.254167     0.754167
    Mg      0.004167     0.504167     0.004167
    Mg      0.254167     0.754167     0.004167
    Mg      0.254167     0.504167     0.254167
    Mg      0.004167     0.754167     0.254167
    Mg      0.004167     0.504167     0.504167
    Mg      0.254167     0.754167     0.504167
    Mg      0.254167     0.504167     0.754167
    Mg      0.004167     0.754167     0.754167
    Mg      0.504167     0.004167     0.004167
    Mg      0.754167     0.254167     0.004167
    Mg      0.754167     0.004167     0.254167
    Mg      0.504167     0.254167     0.254167
    Mg      0.504167     0.004167     0.504167
    Mg      0.754167     0.254167     0.504167
    Mg      0.754167     0.004167     0.754167
    Mg      0.504167     0.254167     0.754167
    Mg      0.504167     0.504167     0.004167
    Mg      0.754167     0.754167     0.004167
    Mg      0.754167     0.504167     0.254167
    Mg      0.504167     0.754167     0.254167
    Mg      0.504167     0.504167     0.504167
    Mg      0.754167     0.754167     0.504167
    Mg      0.754167     0.504167     0.754167
    Mg      0.504167     0.754167     0.754167


   Pseudopotentials initialization
   -------------------------------
  nlinit  nh(is), ngb, is, kkbeta, lmaxq =            8        6975           1
         865           3
 
                        qqq 
  -0.0987   0.4865   0.0000   0.0000
   0.4865  -2.1787   0.0000   0.0000
   0.0000   0.0000   0.2330   0.2950
   0.0000   0.0000   0.2950   0.3737
 


   Common initialization

   Specie:     1
   1  indv=  1   ang. mom=  0
   2  indv=  2   ang. mom=  0
   3  indv=  3   ang. mom=  1
   4  indv=  3   ang. mom=  1
   5  indv=  3   ang. mom=  1
   6  indv=  4   ang. mom=  1
   7  indv=  4   ang. mom=  1
   8  indv=  4   ang. mom=  1
 
                        dion 
   0.4817  -1.2813   0.0000   0.0000
  -1.2813   2.3075   0.0000   0.0000
   0.0000   0.0000   0.6338   0.8752
   0.0000   0.0000   0.8752   1.2039

   Specie:     2
   1  indv=  1   ang. mom=  0
   2  indv=  2   ang. mom=  1
   3  indv=  2   ang. mom=  1
   4  indv=  2   ang. mom=  1
 
                        dion 
   3.2181   0.0000
   0.0000  12.0575
 
   Short Legend and Physical Units in the Output
   ---------------------------------------------
   NFI    [int]  - step index
   EKINC  [A.U.] - kinetic energy of the fictitious electronic dynamics
   TEMPH  [K]    - Temperature of the fictitious cell dynamics
   TEMP   [K]    - Ionic temperature
   ETOT   [A.U.] - Scf total energy (Kohn-Sham hamiltonian)
   ENTHAL [A.U.] - Enthalpy ( ETOT + P * V )
   ECONS  [A.U.] - Enthalpy + kinetic energy of ions and cell
   ECONT  [A.U.] - Constant of motion for the CP lagrangian
 

   formf: eself= 676.60611
   formf:     vps(g=0)=  -0.0020774     rhops(g=0)=  -0.0014893
   formf: sum_g vps(g)=  -1.4508931 sum_g rhops(g)=  -1.0530111
   formf:     vps(g=0)=   0.0012432     rhops(g=0)=  -0.0004964
   formf: sum_g vps(g)=   1.6335782 sum_g rhops(g)=  -1.4237345
Initialize Berry phase electric field
 #not found, gtable:    465.000000000000     
 #not found, gtabin:    465.000000000000     

 * Physical Quantities at step:     1
 PERFORMING CONJUGATE GRADIENT MINIMIZATION OF EL. STATES
 cg_sub: missed minimum, case 3, iteration           5


 eigenvalues at k-point:  0.000 0.000 0.000
  -14.64  -13.84  -13.84  -13.84  -13.84  -13.84  -13.84  -13.36  -13.36  -13.36
  -13.36  -13.36  -13.36  -13.36  -13.36  -13.36  -13.36  -13.36  -13.36  -13.29
  -13.29  -13.29  -13.29  -12.96  -12.96  -12.96  -12.91  -12.91  -12.91  -12.91
  -12.91  -12.91   -2.28   -2.28   -2.28   -2.28   -1.80   -1.80   -1.80   -1.13
   -1.13   -1.13   -1.13   -1.13   -1.13   -1.13   -1.13   -1.13   -1.13   -1.13
   -1.13   -0.61   -0.61   -0.61   -0.61   -0.61   -0.61   -0.61   -0.61   -0.61
   -0.61   -0.61   -0.61   -0.21   -0.21   -0.21   -0.21   -0.21   -0.21    0.38
    0.38    0.38    0.38    0.38    0.38    0.38    0.38    0.38    0.38    0.38
    0.38    0.66    0.66    0.66    0.66    0.66    0.66    1.05    1.05    1.05
    1.05    1.05    1.05    1.67    1.67    1.67    1.67    1.67    1.67    1.67
    1.67    1.67    1.67    1.67    1.67    1.83    1.83    1.83    1.83    1.83
    1.83    1.83    1.83    1.83    1.83    1.83    1.83    1.84    1.84    1.84
    1.84    1.84    1.84    1.84    1.84    2.38    2.38    2.38
 
 


                total energy =     -548.27458 a.u.
              kinetic energy =      233.53528 a.u.
        electrostatic energy =     -589.82043 a.u.
                         esr =        0.00000 a.u.
                       eself =      676.60611 a.u.
      pseudopotential energy =     -170.84008 a.u.
  n-l pseudopotential energy =      114.01185 a.u.
 exchange-correlation energy =     -135.16120 a.u.
           average potential =        0.00000 a.u.


 
   CELL_PARAMETERS
   15.91200000    0.00000000    0.00000000
    0.00000000   15.91200000    0.00000000
    0.00000000    0.00000000   15.91200000
 
   Total stress (GPa)
        0.00000000         0.00000000         0.00000000
        0.00000000         0.00000000         0.00000000
        0.00000000         0.00000000         0.00000000
 
   ATOMIC_POSITIONS
   Mg   0.663000E-01  0.663000E-01  0.663000E-01
   Mg   0.404430E+01  0.404430E+01  0.663000E-01
   Mg   0.404430E+01  0.663000E-01  0.404430E+01
   Mg   0.663000E-01  0.404430E+01  0.404430E+01
   Mg   0.663000E-01  0.663000E-01  0.802230E+01
   Mg   0.404430E+01  0.404430E+01  0.802230E+01
   Mg   0.404430E+01  0.663000E-01  0.120003E+02
   Mg   0.663000E-01  0.404430E+01  0.120003E+02
   Mg   0.663000E-01  0.802230E+01  0.663000E-01
   Mg   0.404430E+01  0.120003E+02  0.663000E-01
   Mg   0.404430E+01  0.802230E+01  0.404430E+01
   Mg   0.663000E-01  0.120003E+02  0.404430E+01
   Mg   0.663000E-01  0.802230E+01  0.802230E+01
   Mg   0.404430E+01  0.120003E+02  0.802230E+01
   Mg   0.404430E+01  0.802230E+01  0.120003E+02
   Mg   0.663000E-01  0.120003E+02  0.120003E+02
   Mg   0.802230E+01  0.663000E-01  0.663000E-01
   Mg   0.120003E+02  0.404430E+01  0.663000E-01
   Mg   0.120003E+02  0.663000E-01  0.404430E+01
   Mg   0.802230E+01  0.404430E+01  0.404430E+01
   Mg   0.802230E+01  0.663000E-01  0.802230E+01
   Mg   0.120003E+02  0.404430E+01  0.802230E+01
   Mg   0.120003E+02  0.663000E-01  0.120003E+02
   Mg   0.802230E+01  0.404430E+01  0.120003E+02
   Mg   0.802230E+01  0.802230E+01  0.663000E-01
   Mg   0.120003E+02  0.120003E+02  0.663000E-01
   Mg   0.120003E+02  0.802230E+01  0.404430E+01
   Mg   0.802230E+01  0.120003E+02  0.404430E+01
   Mg   0.802230E+01  0.802230E+01  0.802230E+01
   Mg   0.120003E+02  0.120003E+02  0.802230E+01
   Mg   0.120003E+02  0.802230E+01  0.120003E+02
   Mg   0.802230E+01  0.120003E+02  0.120003E+02
   O    0.663000E-01  0.663000E-01  0.404430E+01
   O    0.404430E+01  0.404430E+01  0.404430E+01
   O    0.404430E+01  0.663000E-01  0.802230E+01
   O    0.663000E-01  0.404430E+01  0.802230E+01
   O    0.663000E-01  0.663000E-01  0.120003E+02
   O    0.404430E+01  0.404430E+01  0.120003E+02
   O    0.404430E+01  0.663000E-01  0.159783E+02
   O    0.663000E-01  0.404430E+01  0.159783E+02
   O    0.663000E-01  0.802230E+01  0.404430E+01
   O    0.404430E+01  0.120003E+02  0.404430E+01
   O    0.404430E+01  0.802230E+01  0.802230E+01
   O    0.663000E-01  0.120003E+02  0.802230E+01
   O    0.663000E-01  0.802230E+01  0.120003E+02
   O    0.404430E+01  0.120003E+02  0.120003E+02
   O    0.404430E+01  0.802230E+01  0.159783E+02
   O    0.663000E-01  0.120003E+02  0.159783E+02
   O    0.802230E+01  0.663000E-01  0.404430E+01
   O    0.120003E+02  0.404430E+01  0.404430E+01
   O    0.120003E+02  0.663000E-01  0.802230E+01
   O    0.802230E+01  0.404430E+01  0.802230E+01
   O    0.802230E+01  0.663000E-01  0.120003E+02
   O    0.120003E+02  0.404430E+01  0.120003E+02
   O    0.120003E+02  0.663000E-01  0.159783E+02
   O    0.802230E+01  0.404430E+01  0.159783E+02
   O    0.802230E+01  0.802230E+01  0.404430E+01
   O    0.120003E+02  0.120003E+02  0.404430E+01
   O    0.120003E+02  0.802230E+01  0.802230E+01
   O    0.802230E+01  0.120003E+02  0.802230E+01
   O    0.802230E+01  0.802230E+01  0.120003E+02
   O    0.120003E+02  0.120003E+02  0.120003E+02
   O    0.120003E+02  0.802230E+01  0.159783E+02
   O    0.802230E+01  0.120003E+02  0.159783E+02
 
   ATOMIC_VELOCITIES
   Mg   0.000000E+00  0.000000E+00  0.000000E+00
   Mg   0.000000E+00  0.000000E+00  0.000000E+00
   Mg   0.000000E+00  0.000000E+00  0.000000E+00
   Mg   0.000000E+00  0.000000E+00  0.000000E+00
   Mg   0.000000E+00  0.000000E+00  0.000000E+00
   Mg   0.000000E+00  0.000000E+00  0.000000E+00
   Mg   0.000000E+00  0.000000E+00  0.000000E+00
   Mg   0.000000E+00  0.000000E+00  0.000000E+00
   Mg   0.000000E+00  0.000000E+00  0.000000E+00
   Mg   0.000000E+00  0.000000E+00  0.000000E+00
   Mg   0.000000E+00  0.000000E+00  0.000000E+00
   Mg   0.000000E+00  0.000000E+00  0.000000E+00
   Mg   0.000000E+00  0.000000E+00  0.000000E+00
   Mg   0.000000E+00  0.000000E+00  0.000000E+00
   Mg   0.000000E+00  0.000000E+00  0.000000E+00
   Mg   0.000000E+00  0.000000E+00  0.000000E+00
   Mg   0.000000E+00  0.000000E+00  0.000000E+00
   Mg   0.000000E+00  0.000000E+00  0.000000E+00
   Mg   0.000000E+00  0.000000E+00  0.000000E+00
   Mg   0.000000E+00  0.000000E+00  0.000000E+00
   Mg   0.000000E+00  0.000000E+00  0.000000E+00
   Mg   0.000000E+00  0.000000E+00  0.000000E+00
   Mg   0.000000E+00  0.000000E+00  0.000000E+00
   Mg   0.000000E+00  0.000000E+00  0.000000E+00
   Mg   0.000000E+00  0.000000E+00  0.000000E+00
   Mg   0.000000E+00  0.000000E+00  0.000000E+00
   Mg   0.000000E+00  0.000000E+00  0.000000E+00
   Mg   0.000000E+00  0.000000E+00  0.000000E+00
   Mg   0.000000E+00  0.000000E+00  0.000000E+00
   Mg   0.000000E+00  0.000000E+00  0.000000E+00
   Mg   0.000000E+00  0.000000E+00  0.000000E+00
   Mg   0.000000E+00  0.000000E+00  0.000000E+00
   O    0.000000E+00  0.000000E+00  0.000000E+00
   O    0.000000E+00  0.000000E+00  0.000000E+00
   O    0.000000E+00  0.000000E+00  0.000000E+00
   O    0.000000E+00  0.000000E+00  0.000000E+00
   O    0.000000E+00  0.000000E+00  0.000000E+00
   O    0.000000E+00  0.000000E+00  0.000000E+00
   O    0.000000E+00  0.000000E+00  0.000000E+00
   O    0.000000E+00  0.000000E+00  0.000000E+00
   O    0.000000E+00  0.000000E+00  0.000000E+00
   O    0.000000E+00  0.000000E+00  0.000000E+00
   O    0.000000E+00  0.000000E+00  0.000000E+00
   O    0.000000E+00  0.000000E+00  0.000000E+00
   O    0.000000E+00  0.000000E+00  0.000000E+00
   O    0.000000E+00  0.000000E+00  0.000000E+00
   O    0.000000E+00  0.000000E+00  0.000000E+00
   O    0.000000E+00  0.000000E+00  0.000000E+00
   O    0.000000E+00  0.000000E+00  0.000000E+00
   O    0.000000E+00  0.000000E+00  0.000000E+00
   O    0.000000E+00  0.000000E+00  0.000000E+00
   O    0.000000E+00  0.000000E+00  0.000000E+00
   O    0.000000E+00  0.000000E+00  0.000000E+00
   O    0.000000E+00  0.000000E+00  0.000000E+00
   O    0.000000E+00  0.000000E+00  0.000000E+00
   O    0.000000E+00  0.000000E+00  0.000000E+00
   O    0.000000E+00  0.000000E+00  0.000000E+00
   O    0.000000E+00  0.000000E+00  0.000000E+00
   O    0.000000E+00  0.000000E+00  0.000000E+00
   O    0.000000E+00  0.000000E+00  0.000000E+00
   O    0.000000E+00  0.000000E+00  0.000000E+00
   O    0.000000E+00  0.000000E+00  0.000000E+00
   O    0.000000E+00  0.000000E+00  0.000000E+00
   O    0.000000E+00  0.000000E+00  0.000000E+00
 
   Forces acting on atoms (au):
   Mg   0.931778E-05  0.929798E-05  0.931628E-05
   Mg   0.932547E-05  0.932274E-05  0.931699E-05
   Mg   0.932133E-05  0.930556E-05  0.933316E-05
   Mg   0.932995E-05  0.933699E-05  0.929921E-05
   Mg   0.934116E-05  0.931958E-05  0.931149E-05
   Mg   0.931409E-05  0.932965E-05  0.928473E-05
   Mg   0.931324E-05  0.929202E-05  0.929977E-05
   Mg   0.933465E-05  0.931849E-05  0.928963E-05
   Mg   0.930730E-05  0.932319E-05  0.930340E-05
   Mg   0.931558E-05  0.929239E-05  0.931805E-05
   Mg   0.931670E-05  0.933351E-05  0.929468E-05
   Mg   0.933500E-05  0.930359E-05  0.932384E-05
   Mg   0.929484E-05  0.932976E-05  0.928890E-05
   Mg   0.928137E-05  0.934143E-05  0.930530E-05
   Mg   0.930896E-05  0.932892E-05  0.929663E-05
   Mg   0.932648E-05  0.931611E-05  0.930636E-05
   Mg   0.932797E-05  0.930345E-05  0.933649E-05
   Mg   0.930038E-05  0.932988E-05  0.930764E-05
   Mg   0.928930E-05  0.931918E-05  0.933249E-05
   Mg   0.929777E-05  0.933090E-05  0.930521E-05
   Mg   0.931290E-05  0.931007E-05  0.931506E-05
   Mg   0.930235E-05  0.934608E-05  0.928190E-05
   Mg   0.929521E-05  0.929607E-05  0.930560E-05
   Mg   0.928421E-05  0.931992E-05  0.931198E-05
   Mg   0.933007E-05  0.931677E-05  0.930940E-05
   Mg   0.931138E-05  0.931062E-05  0.930953E-05
   Mg   0.929811E-05  0.934003E-05  0.930628E-05
   Mg   0.930573E-05  0.931292E-05  0.932025E-05
   Mg   0.933259E-05  0.931695E-05  0.929568E-05
   Mg   0.931550E-05  0.933860E-05  0.929467E-05
   Mg   0.927559E-05  0.934590E-05  0.927208E-05
   Mg   0.930199E-05  0.930385E-05  0.931571E-05
   O   -0.701887E-04 -0.702490E-04 -0.702396E-04
   O   -0.703271E-04 -0.701362E-04 -0.703599E-04
   O   -0.703693E-04 -0.702373E-04 -0.700442E-04
   O   -0.701300E-04 -0.701467E-04 -0.704145E-04
   O   -0.701944E-04 -0.701532E-04 -0.701260E-04
   O   -0.701677E-04 -0.702562E-04 -0.702841E-04
   O   -0.700305E-04 -0.704791E-04 -0.701950E-04
   O   -0.702463E-04 -0.702550E-04 -0.702975E-04
   O   -0.702803E-04 -0.701800E-04 -0.703466E-04
   O   -0.703680E-04 -0.701197E-04 -0.702897E-04
   O   -0.704904E-04 -0.701171E-04 -0.702181E-04
   O   -0.702296E-04 -0.701097E-04 -0.703375E-04
   O   -0.701917E-04 -0.701570E-04 -0.704525E-04
   O   -0.703138E-04 -0.702513E-04 -0.700751E-04
   O   -0.704452E-04 -0.702788E-04 -0.703707E-04
   O   -0.704753E-04 -0.704424E-04 -0.701910E-04
   O   -0.703511E-04 -0.701768E-04 -0.701167E-04
   O   -0.703581E-04 -0.702965E-04 -0.702566E-04
   O   -0.703618E-04 -0.702060E-04 -0.701648E-04
   O   -0.702699E-04 -0.701636E-04 -0.703568E-04
   O   -0.703376E-04 -0.702256E-04 -0.701771E-04
   O   -0.703588E-04 -0.700888E-04 -0.704794E-04
   O   -0.704030E-04 -0.703029E-04 -0.702220E-04
   O   -0.703010E-04 -0.702680E-04 -0.702735E-04
   O   -0.701532E-04 -0.703454E-04 -0.704401E-04
   O   -0.703090E-04 -0.699448E-04 -0.702776E-04
   O   -0.702335E-04 -0.701409E-04 -0.703626E-04
   O   -0.701326E-04 -0.700374E-04 -0.700425E-04
   O   -0.702446E-04 -0.702662E-04 -0.702996E-04
   O   -0.704101E-04 -0.702071E-04 -0.702607E-04
   O   -0.703108E-04 -0.702522E-04 -0.703820E-04
   O   -0.700523E-04 -0.703094E-04 -0.702858E-04
 
  nfi    ekinc  temph  tempp        etot      enthal       econs       econt    vnhh   xnhh0    vnhp   xnhp0
 
       nfi   tempp            E -T.S-mu.nbsp         +K_p #Iter
Step     1       0   -548.27458   -548.27458   -548.27458    36
  Elct. dipole   14.851652  Ionic dipole    1.060800


              averaged quantities :
         ekinc          ekin          epot          etot     tempp
       0.00000     233.53528    -895.82171    -548.27458       0.0
     initialize   :     8.11s CPU
     total_time   :  1101.51s CPU
     formf        :     0.37s CPU
     rhoofr       :   121.44s CPU (      75 calls,   1.619 s avg)
     vofrho       :   109.09s CPU (      75 calls,   1.455 s avg)
     dforce       :   139.54s CPU (    2304 calls,   0.061 s avg)
     gram         :   135.52s CPU (      75 calls,   1.807 s avg)
     newd         :   220.55s CPU (      36 calls,   6.126 s avg)
     calbec       :   109.28s CPU (     326 calls,   0.335 s avg)
     prefor       :     1.45s CPU (      38 calls,   0.038 s avg)
     strucf       :     0.17s CPU (       2 calls,   0.085 s avg)
     nlfl         :     0.05s CPU
     nlfq         :     0.89s CPU
     set_cc       :    11.86s CPU (      75 calls,   0.158 s avg)
     rhov         :    25.72s CPU (      75 calls,   0.343 s avg)
     nlsm1        :   109.28s CPU (     326 calls,   0.335 s avg)
     nlsm2        :     0.87s CPU
     forcecc      :    26.29s CPU (      75 calls,   0.351 s avg)
     fft          :    34.92s CPU (     375 calls,   0.093 s avg)
     ffts         :     5.69s CPU (     150 calls,   0.038 s avg)
     fftw         :   120.04s CPU (    9408 calls,   0.013 s avg)
     fftb         :   151.38s CPU (   28464 calls,   0.005 s avg)


======================== end cp ========================


 
     CP           : 18m31.68s CPU time

 
   This run was terminated on:  20:45:31  24Oct2005            

=------------------------------------------------------------------------------=
   ELAPSED SECONDS:  1166.0
   JOB DONE.
=------------------------------------------------------------------------------=

   MEMORY STATISTICS FROM PE(1) : 
