
     Program PHONON    v.3.2cvs starts ...
     Today is  8Oct2007 at 18:19:14 

     Parallel version (MPI)

     Number of processors in use:       1

     Ultrasoft (Vanderbilt) Pseudopotentials

     Planes per process (thick) : nr3 = 27 npp =  27 ncplane =  729
     Planes per process (smooth): nr3s= 15 npps=  15 ncplanes=  225
 
     Proc/  planes cols     G    planes cols    G      columns  G
     Pool       (dense grid)       (smooth grid)      (wavefct grid)
       1     27    475     6735   15    163     1459     61      331
 

                                                                                

     bravais-lattice index     =            2
     lattice parameter (a_0)   =       6.7400  a.u.
     unit-cell volume          =      76.5455 (a.u.)^3
     number of atoms/cell      =            2
     number of atomic types    =            1
     kinetic-energy cut-off    =      27.0000  Ry
     charge density cut-off    =     300.0000  Ry
     convergence threshold     =      1.0E-14
     beta                      =       0.7000
     number of iterations used =            4
     Exchange-correlation      =  SLA  PZ   NOGX NOGC (1100)
     Noncollinear calculation without spin-orbit

     celldm(1)=    6.74000  celldm(2)=    0.00000  celldm(3)=    0.00000
     celldm(4)=    0.00000  celldm(5)=    0.00000  celldm(6)=    0.00000

     crystal axes: (cart. coord. in units of a_0)
               a(1) = ( -0.5000  0.0000  0.5000 )  
               a(2) = (  0.0000  0.5000  0.5000 )  
               a(3) = ( -0.5000  0.5000  0.0000 )  

     reciprocal axes: (cart. coord. in units 2 pi/a_0)
               b(1) = ( -1.0000 -1.0000  1.0000 )  
               b(2) = (  1.0000  1.0000  1.0000 )  
               b(3) = ( -1.0000  1.0000 -1.0000 )  


     Atoms inside the unit cell: 

   Cartesian axes

     site n.  atom      mass           positions (a_0 units)
        1        C   12.0107   tau( 1) = (    0.00000    0.00000    0.00000  )
        2        C   12.0107   tau( 2) = (    0.25000    0.25000    0.25000  )

     Computing dynamical matrix for 
                    q = (    0.00000    0.00000    0.00000 )
 
     25 Sym.Ops. (with q -> -q+G )


     G cutoff =  345.2084  (   6735 G-vectors)     FFT grid: ( 27, 27, 27)
     G cutoff =  124.2750  (   1459 G-vectors)  smooth grid: ( 15, 15, 15)
     number of k points=   20
                       cart. coord. in units 2pi/a_0
        k(    1) = (  -0.1250000   0.1250000   0.1250000), wk =   0.0156250
        k(    2) = (  -0.3750000   0.3750000  -0.1250000), wk =   0.0468750
        k(    3) = (   0.3750000  -0.3750000   0.6250000), wk =   0.0468750
        k(    4) = (   0.1250000  -0.1250000   0.3750000), wk =   0.0468750
        k(    5) = (  -0.1250000   0.6250000   0.1250000), wk =   0.0468750
        k(    6) = (   0.6250000  -0.1250000   0.8750000), wk =   0.0937500
        k(    7) = (   0.3750000   0.1250000   0.6250000), wk =   0.0937500
        k(    8) = (  -0.1250000  -0.8750000   0.1250000), wk =   0.0468750
        k(    9) = (  -0.3750000   0.3750000   0.3750000), wk =   0.0156250
        k(   10) = (   0.3750000  -0.3750000   1.1250000), wk =   0.0468750
        k(   11) = (   0.1250000  -0.1250000  -0.1250000), wk =   0.0156250
        k(   12) = (   0.3750000  -0.3750000   0.1250000), wk =   0.0468750
        k(   13) = (  -0.3750000   0.3750000  -0.6250000), wk =   0.0468750
        k(   14) = (  -0.1250000   0.1250000  -0.3750000), wk =   0.0468750
        k(   15) = (   0.6250000  -0.1250000  -0.1250000), wk =   0.0468750
        k(   16) = (  -0.1250000   0.6250000  -0.8750000), wk =   0.0937500
        k(   17) = (   0.1250000   0.3750000  -0.6250000), wk =   0.0937500
        k(   18) = (  -0.8750000  -0.1250000  -0.1250000), wk =   0.0468750
        k(   19) = (   0.3750000  -0.3750000  -0.3750000), wk =   0.0156250
        k(   20) = (  -0.3750000   0.3750000  -1.1250000), wk =   0.0468750

     PseudoPot. # 1 for C  read from file C.pz-rrkjus.UPF
     Pseudo is Ultrasoft, Zval =  4.0
     Generated by new atomic code, or converted to UPF format
     Using radial grid of 1425 points,  4 beta functions with: 
                l(1) =   0
                l(2) =   0
                l(3) =   1
                l(4) =   1
     Q(r) pseudized with 0 coefficients 



     Atomic displacements:
     There are   2 irreducible representations

     Representation     1      3 modes - To be done

     Representation     2      3 modes - To be done
     PHONON       :     1.79s CPU time,    1.87s wall time


     Alpha used in Ewald sum =   2.8000

     Electric Fields Calculation

      iter #   1 total cpu time :     9.2 secs   av.it.:   6.0
      thresh= 0.100E-01 alpha_mix =  0.700 |ddv_scf|^2 =  0.133E-08

      iter #   2 total cpu time :    13.1 secs   av.it.:  12.2
      thresh= 0.365E-05 alpha_mix =  0.700 |ddv_scf|^2 =  0.169E-10

      iter #   3 total cpu time :    17.0 secs   av.it.:  12.4
      thresh= 0.411E-06 alpha_mix =  0.700 |ddv_scf|^2 =  0.783E-12

      iter #   4 total cpu time :    20.9 secs   av.it.:  12.6
      thresh= 0.885E-07 alpha_mix =  0.700 |ddv_scf|^2 =  0.123E-14

     End of electric fields calculation

          Dielectric constant in cartesian axis 

          (       5.755795689       0.000000000       0.000000000 )
          (       0.000000000       5.755795689       0.000000000 )
          (       0.000000000       0.000000000       5.755795689 )

          Effective charges E-U in cartesian axis 

           atom      1
          (        0.04200        0.00000        0.00000 )
          (        0.00000        0.04200        0.00000 )
          (        0.00000        0.00000        0.04200 )
           atom      2
          (        0.04200        0.00000        0.00000 )
          (        0.00000        0.04200        0.00000 )
          (        0.00000        0.00000        0.04200 )


     Representation #  1 modes #   1  2  3

     Self-consistent Calculation

      iter #   1 total cpu time :    25.1 secs   av.it.:   6.9
      thresh= 0.100E-01 alpha_mix =  0.700 |ddv_scf|^2 =  0.207E-07

      iter #   2 total cpu time :    29.1 secs   av.it.:  12.7
      thresh= 0.144E-04 alpha_mix =  0.700 |ddv_scf|^2 =  0.546E-10

      iter #   3 total cpu time :    33.0 secs   av.it.:  12.3
      thresh= 0.739E-06 alpha_mix =  0.700 |ddv_scf|^2 =  0.183E-11

      iter #   4 total cpu time :    36.8 secs   av.it.:  11.7
      thresh= 0.135E-06 alpha_mix =  0.700 |ddv_scf|^2 =  0.418E-13

      iter #   5 total cpu time :    40.5 secs   av.it.:  11.6
      thresh= 0.204E-07 alpha_mix =  0.700 |ddv_scf|^2 =  0.458E-16

     End of self-consistent calculation

     Convergence has been achieved 


     Representation #  2 modes #   4  5  6

     Self-consistent Calculation

      iter #   1 total cpu time :    43.3 secs   av.it.:   7.0
      thresh= 0.100E-01 alpha_mix =  0.700 |ddv_scf|^2 =  0.207E-07

      iter #   2 total cpu time :    47.3 secs   av.it.:  12.8
      thresh= 0.144E-04 alpha_mix =  0.700 |ddv_scf|^2 =  0.555E-10

      iter #   3 total cpu time :    51.3 secs   av.it.:  12.5
      thresh= 0.745E-06 alpha_mix =  0.700 |ddv_scf|^2 =  0.189E-11

      iter #   4 total cpu time :    55.2 secs   av.it.:  11.8
      thresh= 0.138E-06 alpha_mix =  0.700 |ddv_scf|^2 =  0.418E-13

      iter #   5 total cpu time :    59.0 secs   av.it.:  11.8
      thresh= 0.204E-07 alpha_mix =  0.700 |ddv_scf|^2 =  0.455E-16

     End of self-consistent calculation

     Convergence has been achieved 
     warning: symmetry operation #  5 not allowed.   fractional translation:
       0.2500000  0.2500000  0.2500000  in crystal coordinates
     warning: symmetry operation #  6 not allowed.   fractional translation:
       0.2500000  0.2500000  0.2500000  in crystal coordinates
     warning: symmetry operation #  7 not allowed.   fractional translation:
       0.2500000  0.2500000  0.2500000  in crystal coordinates
     warning: symmetry operation #  8 not allowed.   fractional translation:
       0.2500000  0.2500000  0.2500000  in crystal coordinates
     warning: symmetry operation #  9 not allowed.   fractional translation:
       0.2500000  0.2500000  0.2500000  in crystal coordinates
     warning: symmetry operation # 10 not allowed.   fractional translation:
       0.2500000  0.2500000  0.2500000  in crystal coordinates
     warning: symmetry operation # 11 not allowed.   fractional translation:
       0.2500000  0.2500000  0.2500000  in crystal coordinates
     warning: symmetry operation # 12 not allowed.   fractional translation:
       0.2500000  0.2500000  0.2500000  in crystal coordinates
     warning: symmetry operation # 13 not allowed.   fractional translation:
       0.2500000  0.2500000  0.2500000  in crystal coordinates
     warning: symmetry operation # 14 not allowed.   fractional translation:
       0.2500000  0.2500000  0.2500000  in crystal coordinates
     warning: symmetry operation # 15 not allowed.   fractional translation:
       0.2500000  0.2500000  0.2500000  in crystal coordinates
     warning: symmetry operation # 16 not allowed.   fractional translation:
       0.2500000  0.2500000  0.2500000  in crystal coordinates
     warning: symmetry operation # 25 not allowed.   fractional translation:
       0.2500000  0.2500000  0.2500000  in crystal coordinates
     warning: symmetry operation # 26 not allowed.   fractional translation:
       0.2500000  0.2500000  0.2500000  in crystal coordinates
     warning: symmetry operation # 27 not allowed.   fractional translation:
       0.2500000  0.2500000  0.2500000  in crystal coordinates
     warning: symmetry operation # 28 not allowed.   fractional translation:
       0.2500000  0.2500000  0.2500000  in crystal coordinates
     warning: symmetry operation # 41 not allowed.   fractional translation:
       0.2500000  0.2500000  0.2500000  in crystal coordinates
     warning: symmetry operation # 42 not allowed.   fractional translation:
       0.2500000  0.2500000  0.2500000  in crystal coordinates
     warning: symmetry operation # 43 not allowed.   fractional translation:
       0.2500000  0.2500000  0.2500000  in crystal coordinates
     warning: symmetry operation # 44 not allowed.   fractional translation:
       0.2500000  0.2500000  0.2500000  in crystal coordinates
     warning: symmetry operation # 45 not allowed.   fractional translation:
       0.2500000  0.2500000  0.2500000  in crystal coordinates
     warning: symmetry operation # 46 not allowed.   fractional translation:
       0.2500000  0.2500000  0.2500000  in crystal coordinates
     warning: symmetry operation # 47 not allowed.   fractional translation:
       0.2500000  0.2500000  0.2500000  in crystal coordinates
     warning: symmetry operation # 48 not allowed.   fractional translation:
       0.2500000  0.2500000  0.2500000  in crystal coordinates
 
     Number of q in the star =    1
     List of q in the star:
          1   0.000000000   0.000000000   0.000000000

          Dielectric constant in cartesian axis 

          (        5.75580        0.00000        0.00000 )
          (        0.00000        5.75580        0.00000 )
          (        0.00000        0.00000        5.75580 )

          Effective charges E-U in cartesian axis 

           atom     1
          (        0.04200        0.00000        0.00000 )
          (        0.00000        0.04200        0.00000 )
          (        0.00000        0.00000        0.04200 )
           atom     2
          (        0.04200        0.00000        0.00000 )
          (        0.00000        0.04200        0.00000 )
          (        0.00000        0.00000        0.04200 )

     Diagonalizing the dynamical matrix

     q = (    0.000000000   0.000000000   0.000000000 ) 

 **************************************************************************
     omega( 1) =       0.630523 [THz] =      21.032121 [cm-1]
     omega( 2) =       0.630523 [THz] =      21.032121 [cm-1]
     omega( 3) =       0.630523 [THz] =      21.032121 [cm-1]
     omega( 4) =      38.442827 [THz] =    1282.323197 [cm-1]
     omega( 5) =      38.442827 [THz] =    1282.323197 [cm-1]
     omega( 6) =      38.442827 [THz] =    1282.323197 [cm-1]
 **************************************************************************

     Mode symmetry, T_d (-43m)  [T_d (-43m) ] magnetic point group:

     omega(  1 -  3) =         21.0  [cm-1]   --> T_2  G_15 P_4   I+R
     omega(  4 -  6) =       1282.3  [cm-1]   --> T_2  G_15 P_4   I+R

 **************************************************************************
 
     PHONON       :  0m59.00s CPU time,     1m11.03s wall time

     INITIALIZATION: 
     phq_setup    :     0.03s CPU
     phq_init     :     1.29s CPU
 
     phq_init     :     1.29s CPU
     init_vloc    :     0.01s CPU (       2 calls,   0.003 s avg)
     init_us_1    :     0.44s CPU
     newd         :     0.02s CPU
     dvanqq       :     0.18s CPU
     drho         :     0.50s CPU
     cmpt_qdipol  :     0.00s CPU
 
     DIELECTRIC CONSTANT AND EFFECTIVE CHARGES:
     solve_e      :    19.05s CPU
     dielec       :     0.00s CPU
     zstar_eu     :     1.54s CPU
 
     DYNAMICAL MATRIX:
     dynmat0      :     0.06s CPU
     phqscf       :    36.56s CPU
     dynmatrix    :     0.00s CPU
 
     phqscf       :    36.56s CPU
     solve_linter :    36.51s CPU (       2 calls,  18.254 s avg)
     drhodv       :     0.06s CPU (       2 calls,   0.028 s avg)
 
     dynmat0      :     0.06s CPU
     dynmat_us    :     0.05s CPU
     d2ionq       :     0.00s CPU
 
     dynmat_us    :     0.05s CPU
     addusdynmat  :     0.00s CPU
 
     phqscf       :    36.56s CPU
     solve_linter :    36.51s CPU (       2 calls,  18.254 s avg)
 
     solve_linter :    36.51s CPU (       2 calls,  18.254 s avg)
     dvqpsi_us    :     0.80s CPU (     240 calls,   0.003 s avg)
     ortho        :     0.20s CPU (     600 calls,   0.000 s avg)
     cgsolve      :    43.39s CPU (     900 calls,   0.048 s avg)
     incdrhoscf   :     2.79s CPU (     900 calls,   0.003 s avg)
     addusddens   :     0.55s CPU (      12 calls,   0.046 s avg)
     vpsifft      :     1.45s CPU (     480 calls,   0.003 s avg)
     dv_of_drho   :     0.34s CPU (      45 calls,   0.008 s avg)
     mix_pot      :     0.35s CPU (      14 calls,   0.025 s avg)
     psymdvscf    :     0.63s CPU (      10 calls,   0.063 s avg)
     newdq        :     0.78s CPU (      14 calls,   0.055 s avg)
     adddvscf     :     0.09s CPU (     660 calls,   0.000 s avg)
     drhodvus     :     0.02s CPU (       2 calls,   0.010 s avg)
 
     dvqpsi_us    :     0.80s CPU (     240 calls,   0.003 s avg)
     dvqpsi_us_on :     0.12s CPU (     240 calls,   0.000 s avg)
 
     cgsolve      :    43.39s CPU (     900 calls,   0.048 s avg)
     ch_psi       :    42.70s CPU (   12335 calls,   0.003 s avg)
 
     ch_psi       :    42.70s CPU (   12335 calls,   0.003 s avg)
     h_psiq       :    39.07s CPU (   12335 calls,   0.003 s avg)
     last         :     3.46s CPU (   12335 calls,   0.000 s avg)
 
     h_psiq       :    39.07s CPU (   12335 calls,   0.003 s avg)
     firstfft     :    17.07s CPU (   86707 calls,   0.000 s avg)
     secondfft    :    16.13s CPU (   86707 calls,   0.000 s avg)
     add_vuspsi   :     1.02s CPU (   12335 calls,   0.000 s avg)
 
     incdrhoscf   :     2.79s CPU (     900 calls,   0.003 s avg)
 
     drhodvus     :     0.02s CPU (       2 calls,   0.010 s avg)
 
      General routines
     ccalbec      :     2.15s CPU (   30270 calls,   0.000 s avg)
     cft3         :     1.01s CPU (     898 calls,   0.001 s avg)
     cft3s        :    30.42s CPU (  407302 calls,   0.000 s avg)
     cinterpolate :     0.52s CPU (     372 calls,   0.001 s avg)
     davcio       :     0.04s CPU (    4442 calls,   0.000 s avg)
     write_rec    :     0.00s CPU (      10 calls,   0.000 s avg)
 
      Parallel routines
