
     Program PHONON    v.3.2cvs starts ...
     Today is  3Sep2007 at  9:51:27 

     Parallel version (MPI)

     Number of processors in use:       1

     Ultrasoft (Vanderbilt) Pseudopotentials

     Planes per process (thick) : nr3 = 27 npp =  27 ncplane =  729
     Planes per process (smooth): nr3s= 15 npps=  15 ncplanes=  225
 
     Proc/  planes cols     G    planes cols    G      columns  G
     Pool       (dense grid)       (smooth grid)      (wavefct grid)
       1     27    451     6423   15    163     1411     61      331
 

     Check: negative/imaginary core charge=   -0.000003    0.000000
     it, count:    1    0    0
         1.000000    2.000000    3.000000

     Fixed quantization axis for GGA:     0.000000    1.000000    0.000000
     it, count:    1    0    0
         1.000000    2.000000    3.000000

                                                                                

     bravais-lattice index     =            2
     lattice parameter (a_0)   =       6.6500  a.u.
     unit-cell volume          =      73.5199 (a.u.)^3
     number of atoms/cell      =            1
     number of atomic types    =            1
     kinetic-energy cut-off    =      27.0000  Ry
     charge density cut-off    =     300.0000  Ry
     convergence threshold     =      1.0E-16
     beta                      =       0.7000
     number of iterations used =            4
     Exchange-correlation      =  SLA  PW   PBX  PBC (1434)
     Noncollinear calculation without spin-orbit

     celldm(1)=    6.65000  celldm(2)=    0.00000  celldm(3)=    0.00000
     celldm(4)=    0.00000  celldm(5)=    0.00000  celldm(6)=    0.00000

     crystal axes: (cart. coord. in units of a_0)
               a(1) = ( -0.5000  0.0000  0.5000 )  
               a(2) = (  0.0000  0.5000  0.5000 )  
               a(3) = ( -0.5000  0.5000  0.0000 )  

     reciprocal axes: (cart. coord. in units 2 pi/a_0)
               b(1) = ( -1.0000 -1.0000  1.0000 )  
               b(2) = (  1.0000  1.0000  1.0000 )  
               b(3) = ( -1.0000  1.0000 -1.0000 )  


     Atoms inside the unit cell: 

   Cartesian axes

     site n.  atom      mass           positions (a_0 units)
        1        Ni  58.6934   tau( 1) = (    0.00000    0.00000    0.00000  )

     Computing dynamical matrix for 
                    q = (    0.00000    0.00000    0.00000 )
 
     17 Sym.Ops. (with q -> -q+G )


     G cutoff =  336.0507  (   6423 G-vectors)     FFT grid: ( 27, 27, 27)
     G cutoff =  120.9783  (   1411 G-vectors)  smooth grid: ( 15, 15, 15)
     number of k points=   20  gaussian broad. (Ry)=  0.0200     ngauss =   1
                       cart. coord. in units 2pi/a_0
        k(    1) = (  -0.1250000   0.1250000   0.1250000), wk =   0.0312500
        k(    2) = (  -0.3750000   0.3750000  -0.1250000), wk =   0.0625000
        k(    3) = (   0.3750000  -0.3750000   0.6250000), wk =   0.0625000
        k(    4) = (   0.1250000  -0.1250000   0.3750000), wk =   0.0625000
        k(    5) = (  -0.1250000   0.6250000   0.1250000), wk =   0.0312500
        k(    6) = (   0.6250000  -0.1250000   0.8750000), wk =   0.0625000
        k(    7) = (   0.3750000   0.1250000   0.6250000), wk =   0.0625000
        k(    8) = (  -0.1250000  -0.8750000   0.1250000), wk =   0.0312500
        k(    9) = (  -0.3750000   0.3750000   0.3750000), wk =   0.0312500
        k(   10) = (   0.3750000  -0.3750000   1.1250000), wk =   0.0625000
        k(   11) = (   0.3750000  -0.1250000   0.3750000), wk =   0.0312500
        k(   12) = (  -0.3750000   0.6250000  -0.3750000), wk =   0.0312500
        k(   13) = (  -0.1250000   0.3750000  -0.1250000), wk =   0.0312500
        k(   14) = (   0.6250000  -0.1250000  -0.1250000), wk =   0.0625000
        k(   15) = (  -0.1250000   0.6250000  -0.8750000), wk =   0.0625000
        k(   16) = (  -0.6250000   0.8750000  -0.1250000), wk =   0.0625000
        k(   17) = (   0.1250000   0.3750000  -0.6250000), wk =   0.0625000
        k(   18) = (  -0.3750000   0.6250000   0.1250000), wk =   0.0625000
        k(   19) = (  -0.8750000  -0.1250000  -0.1250000), wk =   0.0625000
        k(   20) = (  -0.3750000   1.1250000  -0.3750000), wk =   0.0312500

     PseudoPot. # 1 for Ni read from file NisrPBE.RRKJ3.UPF
     Pseudo is Ultrasoft + core correction, Zval = 10.0
     Using radial grid of 1195 points,  6 beta functions with: 
                l(1) =   0
                l(2) =   0
                l(3) =   1
                l(4) =   1
                l(5) =   2
                l(6) =   2
     Q(r) pseudized with 0 coefficients 



     Atomic displacements:
     There are   2 irreducible representations

     Representation     1      2 modes - To be done

     Representation     2      1 modes - To be done
     PHONON       :     3.84s CPU time,    3.88s wall time


     Alpha used in Ewald sum =   2.8000
     it, count:    1    0    0
         1.000000    2.000000    3.000000


     Representation #  1 modes #   1  2

     Self-consistent Calculation
 
     Pert. #  1: Fermi energy shift (Ry) =    0.0000    0.0000
     Pert. #  2: Fermi energy shift (Ry) =    0.0000    0.0000

      iter #   1 total cpu time :     6.9 secs   av.it.:   3.9
      thresh= 0.100E-01 alpha_mix =  0.700 |ddv_scf|^2 =  0.674E-06
 
     Pert. #  1: Fermi energy shift (Ry) =    0.0000    0.0000
     Pert. #  2: Fermi energy shift (Ry) =    0.0000    0.0000

      iter #   2 total cpu time :     9.6 secs   av.it.:   8.3
      thresh= 0.821E-04 alpha_mix =  0.700 |ddv_scf|^2 =  0.218E-08
 
     Pert. #  1: Fermi energy shift (Ry) =    0.0000    0.0000
     Pert. #  2: Fermi energy shift (Ry) =    0.0000    0.0000

      iter #   3 total cpu time :    12.2 secs   av.it.:   7.8
      thresh= 0.466E-05 alpha_mix =  0.700 |ddv_scf|^2 =  0.204E-09
 
     Pert. #  1: Fermi energy shift (Ry) =    0.0000    0.0000
     Pert. #  2: Fermi energy shift (Ry) =    0.0000    0.0000

      iter #   4 total cpu time :    14.9 secs   av.it.:   7.8
      thresh= 0.143E-05 alpha_mix =  0.700 |ddv_scf|^2 =  0.468E-12
 
     Pert. #  1: Fermi energy shift (Ry) =    0.0000    0.0000
     Pert. #  2: Fermi energy shift (Ry) =    0.0000    0.0000

      iter #   5 total cpu time :    17.5 secs   av.it.:   8.0
      thresh= 0.684E-07 alpha_mix =  0.700 |ddv_scf|^2 =  0.506E-14
 
     Pert. #  1: Fermi energy shift (Ry) =    0.0000    0.0000
     Pert. #  2: Fermi energy shift (Ry) =    0.0000    0.0000

      iter #   6 total cpu time :    20.3 secs   av.it.:   8.4
      thresh= 0.711E-08 alpha_mix =  0.700 |ddv_scf|^2 =  0.273E-15
 
     Pert. #  1: Fermi energy shift (Ry) =    0.0000    0.0000
     Pert. #  2: Fermi energy shift (Ry) =    0.0000    0.0000

      iter #   7 total cpu time :    23.1 secs   av.it.:   8.4
      thresh= 0.165E-08 alpha_mix =  0.700 |ddv_scf|^2 =  0.302E-17

     End of self-consistent calculation

     Convergence has been achieved 


     Representation #  2 mode #   3

     Self-consistent Calculation
 
     Pert. #  1: Fermi energy shift (Ry) =    0.0000    0.0000

      iter #   1 total cpu time :    24.4 secs   av.it.:   3.8
      thresh= 0.100E-01 alpha_mix =  0.700 |ddv_scf|^2 =  0.270E-05
 
     Pert. #  1: Fermi energy shift (Ry) =    0.0000    0.0000

      iter #   2 total cpu time :    25.7 secs   av.it.:   7.5
      thresh= 0.164E-03 alpha_mix =  0.700 |ddv_scf|^2 =  0.870E-08
 
     Pert. #  1: Fermi energy shift (Ry) =    0.0000    0.0000

      iter #   3 total cpu time :    27.0 secs   av.it.:   6.9
      thresh= 0.933E-05 alpha_mix =  0.700 |ddv_scf|^2 =  0.818E-09
 
     Pert. #  1: Fermi energy shift (Ry) =    0.0000    0.0000

      iter #   4 total cpu time :    28.2 secs   av.it.:   7.0
      thresh= 0.286E-05 alpha_mix =  0.700 |ddv_scf|^2 =  0.188E-11
 
     Pert. #  1: Fermi energy shift (Ry) =    0.0000    0.0000

      iter #   5 total cpu time :    29.5 secs   av.it.:   7.2
      thresh= 0.137E-06 alpha_mix =  0.700 |ddv_scf|^2 =  0.204E-13
 
     Pert. #  1: Fermi energy shift (Ry) =    0.0000    0.0000

      iter #   6 total cpu time :    30.8 secs   av.it.:   7.3
      thresh= 0.143E-07 alpha_mix =  0.700 |ddv_scf|^2 =  0.109E-14
 
     Pert. #  1: Fermi energy shift (Ry) =    0.0000    0.0000

      iter #   7 total cpu time :    32.1 secs   av.it.:   7.5
      thresh= 0.331E-08 alpha_mix =  0.700 |ddv_scf|^2 =  0.121E-16

     End of self-consistent calculation

     Convergence has been achieved 
 
     Number of q in the star =    1
     List of q in the star:
          1   0.000000000   0.000000000   0.000000000

     Diagonalizing the dynamical matrix

     q = (    0.000000000   0.000000000   0.000000000 ) 

 **************************************************************************
     omega( 1) =       0.330265 [THz] =      11.016526 [cm-1]
     omega( 2) =       0.330272 [THz] =      11.016766 [cm-1]
     omega( 3) =       0.330272 [THz] =      11.016766 [cm-1]
 **************************************************************************

     Mode symmetry, D_4h(4/mmm) [C_4h (4/m) ] magnetic point group:

     omega(  1 -  3) =         11.0  [cm-1]   --> A_2u X_4' M_4'  I  
     omega(  1 -  3) =         11.0  [cm-1]   --> E_u  X_5' M_5'  I  

 **************************************************************************
 
     PHONON       :    32.25s CPU time,   33.15s wall time

     INITIALIZATION: 
     phq_setup    :     0.37s CPU
     phq_init     :     2.96s CPU
 
     phq_init     :     2.96s CPU
     set_drhoc    :     0.97s CPU (       3 calls,   0.325 s avg)
     init_vloc    :     0.00s CPU (       2 calls,   0.002 s avg)
     init_us_1    :     1.02s CPU
     newd         :     0.04s CPU
     dvanqq       :     0.34s CPU
     drho         :     1.11s CPU
 
     DYNAMICAL MATRIX:
     dynmat0      :     0.89s CPU
     phqscf       :    27.52s CPU
     dynmatrix    :     0.00s CPU
 
     phqscf       :    27.52s CPU
     solve_linter :    27.43s CPU (       2 calls,  13.713 s avg)
     drhodv       :     0.09s CPU (       2 calls,   0.046 s avg)
 
     dynmat0      :     0.89s CPU
     dynmat_us    :     0.15s CPU
     d2ionq       :     0.00s CPU
     dynmatcc     :     0.74s CPU
 
     dynmat_us    :     0.15s CPU
     addusdynmat  :     0.00s CPU
 
     phqscf       :    27.52s CPU
     solve_linter :    27.43s CPU (       2 calls,  13.713 s avg)
 
     solve_linter :    27.43s CPU (       2 calls,  13.713 s avg)
     dvqpsi_us    :     0.52s CPU (      60 calls,   0.009 s avg)
     ortho        :     0.29s CPU (     420 calls,   0.001 s avg)
     cgsolve      :    17.24s CPU (     420 calls,   0.041 s avg)
     incdrhoscf   :     1.75s CPU (     420 calls,   0.004 s avg)
     addusddens   :     1.00s CPU (      16 calls,   0.063 s avg)
     vpsifft      :     1.42s CPU (     360 calls,   0.004 s avg)
     dv_of_drho   :     1.77s CPU (      21 calls,   0.084 s avg)
     mix_pot      :     0.24s CPU (      14 calls,   0.017 s avg)
     ef_shift     :     0.05s CPU (      16 calls,   0.003 s avg)
     localdos     :     0.31s CPU (       2 calls,   0.153 s avg)
     psymdvscf    :     0.31s CPU (      14 calls,   0.022 s avg)
     newdq        :     0.95s CPU (      14 calls,   0.068 s avg)
     adddvscf     :     0.12s CPU (     360 calls,   0.000 s avg)
     drhodvus     :     0.00s CPU (       2 calls,   0.002 s avg)
 
     dvqpsi_us    :     0.52s CPU (      60 calls,   0.009 s avg)
     dvqpsi_us_on :     0.15s CPU (      60 calls,   0.002 s avg)
 
     cgsolve      :    17.24s CPU (     420 calls,   0.041 s avg)
     ch_psi       :    16.95s CPU (    3691 calls,   0.005 s avg)
 
     ch_psi       :    16.95s CPU (    3691 calls,   0.005 s avg)
     h_psiq       :    15.44s CPU (    3691 calls,   0.004 s avg)
     last         :     1.44s CPU (    3691 calls,   0.000 s avg)
 
     h_psiq       :    15.44s CPU (    3691 calls,   0.004 s avg)
     firstfft     :     6.53s CPU (   34742 calls,   0.000 s avg)
     secondfft    :     6.35s CPU (   34742 calls,   0.000 s avg)
     add_vuspsi   :     0.48s CPU (    3691 calls,   0.000 s avg)
 
     incdrhoscf   :     1.75s CPU (     420 calls,   0.004 s avg)
 
     drhodvus     :     0.00s CPU (       2 calls,   0.002 s avg)
 
      General routines
     ccalbec      :     0.94s CPU (    8762 calls,   0.000 s avg)
     cft3         :     1.34s CPU (    1159 calls,   0.001 s avg)
     cft3s        :    13.15s CPU (  180125 calls,   0.000 s avg)
     cinterpolate :     0.26s CPU (     188 calls,   0.001 s avg)
     davcio       :     0.01s CPU (    1930 calls,   0.000 s avg)
     write_rec    :     0.00s CPU (      14 calls,   0.000 s avg)
 
      Parallel routines
