
     Program PHONON    v.3.2cvs starts ...
     Today is  3Sep2007 at  9:50:43 

     Parallel version (MPI)

     Number of processors in use:       1

     Ultrasoft (Vanderbilt) Pseudopotentials

     Planes per process (thick) : nr3 = 30 npp =  30 ncplane =  900
     Planes per process (smooth): nr3s= 20 npps=  20 ncplanes=  400
 
     Proc/  planes cols     G    planes cols    G      columns  G
     Pool       (dense grid)       (smooth grid)      (wavefct grid)
       1     30    583     9409   20    241     2421     91      609
 

                                                                                

     bravais-lattice index     =            2
     lattice parameter (a_0)   =       7.5500  a.u.
     unit-cell volume          =     107.5922 (a.u.)^3
     number of atoms/cell      =            1
     number of atomic types    =            1
     kinetic-energy cut-off    =      30.0000  Ry
     charge density cut-off    =     300.0000  Ry
     convergence threshold     =      1.0E-16
     beta                      =       0.7000
     number of iterations used =            4
     Exchange-correlation      =  SLA  PW   PBX  PBC (1434)
     Non magnetic calculation with spin-orbit

     celldm(1)=    7.55000  celldm(2)=    0.00000  celldm(3)=    0.00000
     celldm(4)=    0.00000  celldm(5)=    0.00000  celldm(6)=    0.00000

     crystal axes: (cart. coord. in units of a_0)
               a(1) = ( -0.5000  0.0000  0.5000 )  
               a(2) = (  0.0000  0.5000  0.5000 )  
               a(3) = ( -0.5000  0.5000  0.0000 )  

     reciprocal axes: (cart. coord. in units 2 pi/a_0)
               b(1) = ( -1.0000 -1.0000  1.0000 )  
               b(2) = (  1.0000  1.0000  1.0000 )  
               b(3) = ( -1.0000  1.0000 -1.0000 )  


     Atoms inside the unit cell: 

   Cartesian axes

     site n.  atom      mass           positions (a_0 units)
        1        Pt 195.0780   tau( 1) = (    0.00000    0.00000    0.00000  )

     Computing dynamical matrix for 
                    q = (    1.00000    0.00000    0.00000 )
 
     17 Sym.Ops. (with q -> -q+G )


     G cutoff =  433.1671  (   9409 G-vectors)     FFT grid: ( 30, 30, 30)
     G cutoff =  173.2668  (   2421 G-vectors)  smooth grid: ( 20, 20, 20)
     number of k points=    6  gaussian broad. (Ry)=  0.0200     ngauss =   1
                       cart. coord. in units 2pi/a_0
        k(    1) = (  -0.2500000   0.2500000   0.2500000), wk =   0.2500000
        k(    2) = (   0.7500000   0.2500000   0.2500000), wk =   0.0000000
        k(    3) = (   0.2500000  -0.2500000   0.7500000), wk =   0.5000000
        k(    4) = (   1.2500000  -0.2500000   0.7500000), wk =   0.0000000
        k(    5) = (   0.7500000   0.2500000   0.2500000), wk =   0.2500000
        k(    6) = (   1.7500000   0.2500000   0.2500000), wk =   0.0000000

     PseudoPot. # 1 for Pt read from file PtrelPBE.RRKJ3.UPF
     Pseudo is Ultrasoft + core correction, Zval = 10.0
     Using radial grid of 1277 points,  6 beta functions with: 
                l(1) =   2
                l(2) =   2
                l(3) =   2
                l(4) =   2
                l(5) =   1
                l(6) =   1
     Q(r) pseudized with 0 coefficients 



     Atomic displacements:
     There are   2 irreducible representations

     Representation     1      2 modes - To be done

     Representation     2      1 modes - To be done
     PHONON       :     4.68s CPU time,    4.72s wall time


     Alpha used in Ewald sum =   2.8000


     Representation #  1 modes #   1  2

     Self-consistent Calculation

      iter #   1 total cpu time :     7.6 secs   av.it.:   7.8
      thresh= 0.100E-01 alpha_mix =  0.700 |ddv_scf|^2 =  0.347E-06

      iter #   2 total cpu time :     9.8 secs   av.it.:  14.5
      thresh= 0.589E-04 alpha_mix =  0.700 |ddv_scf|^2 =  0.455E-07

      iter #   3 total cpu time :    12.0 secs   av.it.:  13.7
      thresh= 0.213E-04 alpha_mix =  0.700 |ddv_scf|^2 =  0.418E-09

      iter #   4 total cpu time :    14.2 secs   av.it.:  13.3
      thresh= 0.205E-05 alpha_mix =  0.700 |ddv_scf|^2 =  0.774E-12

      iter #   5 total cpu time :    16.4 secs   av.it.:  13.5
      thresh= 0.880E-07 alpha_mix =  0.700 |ddv_scf|^2 =  0.677E-14

      iter #   6 total cpu time :    18.5 secs   av.it.:  12.5
      thresh= 0.823E-08 alpha_mix =  0.700 |ddv_scf|^2 =  0.216E-15

      iter #   7 total cpu time :    20.6 secs   av.it.:  13.0
      thresh= 0.147E-08 alpha_mix =  0.700 |ddv_scf|^2 =  0.420E-18

     End of self-consistent calculation

     Convergence has been achieved 


     Representation #  2 mode #   3

     Self-consistent Calculation

      iter #   1 total cpu time :    21.7 secs   av.it.:   8.3
      thresh= 0.100E-01 alpha_mix =  0.700 |ddv_scf|^2 =  0.223E-04

      iter #   2 total cpu time :    22.9 secs   av.it.:  13.0
      thresh= 0.472E-03 alpha_mix =  0.700 |ddv_scf|^2 =  0.240E-04

      iter #   3 total cpu time :    24.0 secs   av.it.:  12.0
      thresh= 0.490E-03 alpha_mix =  0.700 |ddv_scf|^2 =  0.345E-08

      iter #   4 total cpu time :    25.2 secs   av.it.:  12.3
      thresh= 0.588E-05 alpha_mix =  0.700 |ddv_scf|^2 =  0.153E-10

      iter #   5 total cpu time :    26.3 secs   av.it.:  11.3
      thresh= 0.391E-06 alpha_mix =  0.700 |ddv_scf|^2 =  0.663E-12

      iter #   6 total cpu time :    27.5 secs   av.it.:  12.3
      thresh= 0.814E-07 alpha_mix =  0.700 |ddv_scf|^2 =  0.131E-14

      iter #   7 total cpu time :    28.6 secs   av.it.:  12.3
      thresh= 0.362E-08 alpha_mix =  0.700 |ddv_scf|^2 =  0.405E-17

     End of self-consistent calculation

     Convergence has been achieved 
 
     Number of q in the star =    3
     List of q in the star:
          1   1.000000000   0.000000000   0.000000000
          2   0.000000000   1.000000000   0.000000000
          3   0.000000000   0.000000000   1.000000000

     Diagonalizing the dynamical matrix

     q = (    1.000000000   0.000000000   0.000000000 ) 

 **************************************************************************
     omega( 1) =       3.477577 [THz] =     116.000251 [cm-1]
     omega( 2) =       3.477577 [THz] =     116.000251 [cm-1]
     omega( 3) =       5.400174 [THz] =     180.131623 [cm-1]
 **************************************************************************

     Mode symmetry, D_4h(4/mmm) point group:

     omega(  1 -  2) =        116.0  [cm-1]   --> E_u  X_5' M_5'     
     omega(  3 -  3) =        180.1  [cm-1]   --> A_2u X_4' M_4'     

 **************************************************************************
 
     PHONON       :    28.64s CPU time,   31.44s wall time

     INITIALIZATION: 
     phq_setup    :     0.10s CPU
     phq_init     :     4.20s CPU
 
     phq_init     :     4.20s CPU
     set_drhoc    :     1.52s CPU (       3 calls,   0.508 s avg)
     init_vloc    :     0.01s CPU (       2 calls,   0.003 s avg)
     init_us_1    :     1.54s CPU
     newd         :     0.11s CPU
     dvanqq       :     0.70s CPU
     drho         :     1.13s CPU
 
     DYNAMICAL MATRIX:
     dynmat0      :     1.12s CPU
     phqscf       :    22.84s CPU
     dynmatrix    :     0.00s CPU
 
     phqscf       :    22.84s CPU
     solve_linter :    22.80s CPU (       2 calls,  11.400 s avg)
     drhodv       :     0.04s CPU (       2 calls,   0.018 s avg)
 
     dynmat0      :     1.12s CPU
     dynmat_us    :     0.06s CPU
     d2ionq       :     0.00s CPU
     dynmatcc     :     1.05s CPU
 
     dynmat_us    :     0.06s CPU
     addusdynmat  :     0.02s CPU
 
     phqscf       :    22.84s CPU
     solve_linter :    22.80s CPU (       2 calls,  11.400 s avg)
 
     solve_linter :    22.80s CPU (       2 calls,  11.400 s avg)
     dvqpsi_us    :     0.25s CPU (       9 calls,   0.027 s avg)
     ortho        :     0.09s CPU (      63 calls,   0.001 s avg)
     cgsolve      :    11.75s CPU (      63 calls,   0.187 s avg)
     incdrhoscf   :     0.79s CPU (      63 calls,   0.013 s avg)
     addusddens   :     3.45s CPU (      16 calls,   0.216 s avg)
     vpsifft      :     0.66s CPU (      54 calls,   0.012 s avg)
     dv_of_drho   :     0.72s CPU (      21 calls,   0.034 s avg)
     mix_pot      :     0.27s CPU (      14 calls,   0.019 s avg)
     psymdvscf    :     0.45s CPU (      14 calls,   0.032 s avg)
     newdq        :     4.24s CPU (      14 calls,   0.303 s avg)
     adddvscf     :     0.05s CPU (      54 calls,   0.001 s avg)
     drhodvus     :     0.00s CPU (       2 calls,   0.000 s avg)
 
     dvqpsi_us    :     0.25s CPU (       9 calls,   0.027 s avg)
     dvqpsi_us_on :     0.06s CPU (       9 calls,   0.006 s avg)
 
     cgsolve      :    11.75s CPU (      63 calls,   0.187 s avg)
     ch_psi       :    11.63s CPU (    1009 calls,   0.012 s avg)
 
     ch_psi       :    11.63s CPU (    1009 calls,   0.012 s avg)
     h_psiq       :    10.84s CPU (    1009 calls,   0.011 s avg)
     last         :     0.78s CPU (    1009 calls,   0.001 s avg)
 
     h_psiq       :    10.84s CPU (    1009 calls,   0.011 s avg)
     firstfft     :     4.85s CPU (    8580 calls,   0.001 s avg)
     secondfft    :     4.86s CPU (    8580 calls,   0.001 s avg)
     add_vuspsi   :     0.26s CPU (    1009 calls,   0.000 s avg)
 
     incdrhoscf   :     0.79s CPU (      63 calls,   0.013 s avg)
 
     drhodvus     :     0.00s CPU (       2 calls,   0.000 s avg)
 
      General routines
     ccalbec      :     0.50s CPU (    2231 calls,   0.000 s avg)
     cft3         :     0.82s CPU (     539 calls,   0.002 s avg)
     cft3s        :    10.44s CPU (   40453 calls,   0.000 s avg)
     cinterpolate :     0.36s CPU (     171 calls,   0.002 s avg)
     davcio       :     0.00s CPU (     418 calls,   0.000 s avg)
     write_rec    :     0.00s CPU (      14 calls,   0.000 s avg)
 
      Parallel routines
