
     Program PHONON    v.3.2cvs starts ...
     Today is  3Sep2007 at  9:50:17 

     Parallel version (MPI)

     Number of processors in use:       1

     Ultrasoft (Vanderbilt) Pseudopotentials

     Planes per process (thick) : nr3 = 30 npp =  30 ncplane =  900
     Planes per process (smooth): nr3s= 20 npps=  20 ncplanes=  400
 
     Proc/  planes cols     G    planes cols    G      columns  G
     Pool       (dense grid)       (smooth grid)      (wavefct grid)
       1     30    583     9409   20    241     2421     73      411
 

                                                                                

     bravais-lattice index     =            2
     lattice parameter (a_0)   =       7.5500  a.u.
     unit-cell volume          =     107.5922 (a.u.)^3
     number of atoms/cell      =            1
     number of atomic types    =            1
     kinetic-energy cut-off    =      30.0000  Ry
     charge density cut-off    =     300.0000  Ry
     convergence threshold     =      1.0E-16
     beta                      =       0.7000
     number of iterations used =            4
     Exchange-correlation      =  SLA  PW   PBX  PBC (1434)
     Non magnetic calculation with spin-orbit

     celldm(1)=    7.55000  celldm(2)=    0.00000  celldm(3)=    0.00000
     celldm(4)=    0.00000  celldm(5)=    0.00000  celldm(6)=    0.00000

     crystal axes: (cart. coord. in units of a_0)
               a(1) = ( -0.5000  0.0000  0.5000 )  
               a(2) = (  0.0000  0.5000  0.5000 )  
               a(3) = ( -0.5000  0.5000  0.0000 )  

     reciprocal axes: (cart. coord. in units 2 pi/a_0)
               b(1) = ( -1.0000 -1.0000  1.0000 )  
               b(2) = (  1.0000  1.0000  1.0000 )  
               b(3) = ( -1.0000  1.0000 -1.0000 )  


     Atoms inside the unit cell: 

   Cartesian axes

     site n.  atom      mass           positions (a_0 units)
        1        Pt 195.0780   tau( 1) = (    0.00000    0.00000    0.00000  )

     Computing dynamical matrix for 
                    q = (    0.00000    0.00000    0.00000 )
 
     49 Sym.Ops. (with q -> -q+G )


     G cutoff =  433.1671  (   9409 G-vectors)     FFT grid: ( 30, 30, 30)
     G cutoff =  173.2668  (   2421 G-vectors)  smooth grid: ( 20, 20, 20)
     number of k points=    2  gaussian broad. (Ry)=  0.0200     ngauss =   1
                       cart. coord. in units 2pi/a_0
        k(    1) = (  -0.2500000   0.2500000   0.2500000), wk =   0.2500000
        k(    2) = (   0.2500000  -0.2500000   0.7500000), wk =   0.7500000

     PseudoPot. # 1 for Pt read from file PtrelPBE.RRKJ3.UPF
     Pseudo is Ultrasoft + core correction, Zval = 10.0
     Using radial grid of 1277 points,  6 beta functions with: 
                l(1) =   2
                l(2) =   2
                l(3) =   2
                l(4) =   2
                l(5) =   1
                l(6) =   1
     Q(r) pseudized with 0 coefficients 



     Atomic displacements:
     There are   1 irreducible representations

     Representation     1      3 modes - To be done
     PHONON       :     4.07s CPU time,    4.12s wall time


     Alpha used in Ewald sum =   2.8000


     Representation #  1 modes #   1  2  3

     Self-consistent Calculation
 
     Pert. #  1: Fermi energy shift (Ry) =    0.0000    0.0000
     Pert. #  2: Fermi energy shift (Ry) =    0.0000    0.0000
     Pert. #  3: Fermi energy shift (Ry) =    0.0000    0.0000

      iter #   1 total cpu time :     7.1 secs   av.it.:   6.3
      thresh= 0.100E-01 alpha_mix =  0.700 |ddv_scf|^2 =  0.277E-07
 
     Pert. #  1: Fermi energy shift (Ry) =    0.0000    0.0000
     Pert. #  2: Fermi energy shift (Ry) =    0.0000    0.0000
     Pert. #  3: Fermi energy shift (Ry) =    0.0000    0.0000

      iter #   2 total cpu time :     9.4 secs   av.it.:  14.5
      thresh= 0.166E-04 alpha_mix =  0.700 |ddv_scf|^2 =  0.139E-08
 
     Pert. #  1: Fermi energy shift (Ry) =    0.0000    0.0000
     Pert. #  2: Fermi energy shift (Ry) =    0.0000    0.0000
     Pert. #  3: Fermi energy shift (Ry) =    0.0000    0.0000

      iter #   3 total cpu time :    11.6 secs   av.it.:  13.2
      thresh= 0.372E-05 alpha_mix =  0.700 |ddv_scf|^2 =  0.901E-10
 
     Pert. #  1: Fermi energy shift (Ry) =    0.0000    0.0000
     Pert. #  2: Fermi energy shift (Ry) =    0.0000    0.0000
     Pert. #  3: Fermi energy shift (Ry) =    0.0000    0.0000

      iter #   4 total cpu time :    13.9 secs   av.it.:  13.5
      thresh= 0.949E-06 alpha_mix =  0.700 |ddv_scf|^2 =  0.109E-12
 
     Pert. #  1: Fermi energy shift (Ry) =    0.0000    0.0000
     Pert. #  2: Fermi energy shift (Ry) =    0.0000    0.0000
     Pert. #  3: Fermi energy shift (Ry) =    0.0000    0.0000

      iter #   5 total cpu time :    16.1 secs   av.it.:  13.5
      thresh= 0.330E-07 alpha_mix =  0.700 |ddv_scf|^2 =  0.518E-15
 
     Pert. #  1: Fermi energy shift (Ry) =    0.0000    0.0000
     Pert. #  2: Fermi energy shift (Ry) =    0.0000    0.0000
     Pert. #  3: Fermi energy shift (Ry) =    0.0000    0.0000

      iter #   6 total cpu time :    18.3 secs   av.it.:  13.7
      thresh= 0.228E-08 alpha_mix =  0.700 |ddv_scf|^2 =  0.644E-17

     End of self-consistent calculation

     Convergence has been achieved 
 
     Number of q in the star =    1
     List of q in the star:
          1   0.000000000   0.000000000   0.000000000

     Diagonalizing the dynamical matrix

     q = (    0.000000000   0.000000000   0.000000000 ) 

 **************************************************************************
     omega( 1) =       0.034554 [THz] =       1.152594 [cm-1]
     omega( 2) =       0.034554 [THz] =       1.152594 [cm-1]
     omega( 3) =       0.034554 [THz] =       1.152594 [cm-1]
 **************************************************************************

     Mode symmetry, O_h (m-3m)  point group:

     omega(  1 -  3) =          1.2  [cm-1]   --> T_1u G_15  G_4- I  

 **************************************************************************
 
     PHONON       :    18.43s CPU time,   19.93s wall time

     INITIALIZATION: 
     phq_setup    :     0.11s CPU
     phq_init     :     3.47s CPU
 
     phq_init     :     3.47s CPU
     set_drhoc    :     1.53s CPU (       3 calls,   0.511 s avg)
     init_vloc    :     0.01s CPU (       2 calls,   0.003 s avg)
     init_us_1    :     1.49s CPU
     newd         :     0.11s CPU
     dvanqq       :     0.51s CPU
     drho         :     0.65s CPU
 
     DYNAMICAL MATRIX:
     dynmat0      :     1.11s CPU
     phqscf       :    13.25s CPU
     dynmatrix    :     0.00s CPU
 
     phqscf       :    13.25s CPU
     solve_linter :    13.23s CPU
     drhodv       :     0.02s CPU
 
     dynmat0      :     1.11s CPU
     dynmat_us    :     0.05s CPU
     d2ionq       :     0.00s CPU
     dynmatcc     :     1.06s CPU
 
     dynmat_us    :     0.05s CPU
     addusdynmat  :     0.02s CPU
 
     phqscf       :    13.25s CPU
     solve_linter :    13.23s CPU
 
     solve_linter :    13.23s CPU
     dvqpsi_us    :     0.16s CPU (       6 calls,   0.027 s avg)
     ortho        :     0.05s CPU (      36 calls,   0.002 s avg)
     cgsolve      :     6.83s CPU (      36 calls,   0.190 s avg)
     incdrhoscf   :     0.44s CPU (      36 calls,   0.012 s avg)
     addusddens   :     1.01s CPU (       7 calls,   0.145 s avg)
     vpsifft      :     0.36s CPU (      30 calls,   0.012 s avg)
     dv_of_drho   :     0.61s CPU (      18 calls,   0.034 s avg)
     mix_pot      :     0.24s CPU (       6 calls,   0.040 s avg)
     ef_shift     :     0.07s CPU (       7 calls,   0.010 s avg)
     localdos     :     0.27s CPU
     psymdvscf    :     0.94s CPU (       6 calls,   0.156 s avg)
     newdq        :     1.94s CPU (       6 calls,   0.324 s avg)
     adddvscf     :     0.02s CPU (      30 calls,   0.001 s avg)
     drhodvus     :     0.00s CPU
 
     dvqpsi_us    :     0.16s CPU (       6 calls,   0.027 s avg)
     dvqpsi_us_on :     0.04s CPU (       6 calls,   0.007 s avg)
 
     cgsolve      :     6.83s CPU (      36 calls,   0.190 s avg)
     ch_psi       :     6.75s CPU (     613 calls,   0.011 s avg)
 
     ch_psi       :     6.75s CPU (     613 calls,   0.011 s avg)
     h_psiq       :     6.26s CPU (     613 calls,   0.010 s avg)
     last         :     0.48s CPU (     613 calls,   0.001 s avg)
 
     h_psiq       :     6.26s CPU (     613 calls,   0.010 s avg)
     firstfft     :     2.90s CPU (    5120 calls,   0.001 s avg)
     secondfft    :     2.71s CPU (    5120 calls,   0.001 s avg)
     add_vuspsi   :     0.17s CPU (     613 calls,   0.000 s avg)
 
     incdrhoscf   :     0.44s CPU (      36 calls,   0.012 s avg)
 
     drhodvus     :     0.00s CPU
 
      General routines
     ccalbec      :     0.29s CPU (    1350 calls,   0.000 s avg)
     cft3         :     0.77s CPU (     517 calls,   0.001 s avg)
     cft3s        :     6.01s CPU (   24231 calls,   0.000 s avg)
     cinterpolate :     0.30s CPU (     151 calls,   0.002 s avg)
     davcio       :     0.00s CPU (     204 calls,   0.000 s avg)
     write_rec    :     0.00s CPU (       6 calls,   0.000 s avg)
 
      Parallel routines
